102.12.02 12:34 B C:\jakarta-tomcat-3.2.4\webapps\cocoon\exslt\public_html\submissions\math\math\functions\random\math.random.1.xml <-- ftp.exslt.org /www.exslt.org/public_html/submissions/math/math/functions/random math.random.1.xml
102.12.02 12:34 B C:\jakarta-tomcat-3.2.4\webapps\cocoon\exslt\public_html\submissions\math\math\functions\random\math.random.1.xsl <-- ftp.exslt.org /www.exslt.org/public_html/submissions/math/math/functions/random math.random.1.xsl
102.12.02 12:34 B C:\jakarta-tomcat-3.2.4\webapps\cocoon\exslt\public_html\submissions\math\math\functions\random\math.random.javascript.submission.xml <-- ftp.exslt.org /www.exslt.org/public_html/submissions/math/math/functions/random math.random.javascript.submission.xml
102.12.02 12:34 B C:\jakarta-tomcat-3.2.4\webapps\cocoon\exslt\public_html\submissions\math\math\functions\random\math.random.js <-- ftp.exslt.org /www.exslt.org/public_html/submissions/math/math/functions/random math.random.js
102.12.02 12:34 B C:\jakarta-tomcat-3.2.4\webapps\cocoon\exslt\public_html\submissions\math\math\functions\random\math.random.msxslt.submission.xml <-- ftp.exslt.org /www.exslt.org/public_html/submissions/math/math/functions/random math.random.msxslt.submission.xml
102.12.02 12:34 B C:\jakarta-tomcat-3.2.4\webapps\cocoon\exslt\public_html\submissions\math\math\functions\random\math.random.msxslt.xsl <-- ftp.exslt.org /www.exslt.org/public_html/submissions/math/math/functions/random math.random.msxslt.xsl
102.12.02 12:34 B C:\jakarta-tomcat-3.2.4\webapps\cocoon\exslt\public_html\submissions\math\math\functions\random\math.random.submission.xml <-- ftp.exslt.org /www.exslt.org/public_html/submissions/math/math/functions/random math.random.submission.xml
102.12.02 12:34 B C:\jakarta-tomcat-3.2.4\webapps\cocoon\exslt\public_html\submissions\math\math\functions\random\math.random.xsl <-- ftp.exslt.org /www.exslt.org/public_html/submissions/math/math/functions/random math.random.xsl
102.12.03 11:16 B C:\jakarta-tomcat-3.2.4\webapps\cocoon\exslt\submissions\math\math\functions\random\math.random.1.xml --> ftp.exslt.org /www.exslt.org/public_html/submissions/math/math/functions/random math.random.1.xml
102.12.03 11:16 B C:\jakarta-tomcat-3.2.4\webapps\cocoon\exslt\submissions\math\math\functions\random\math.random.1.xsl --> ftp.exslt.org /www.exslt.org/public_html/submissions/math/math/functions/random math.random.1.xsl
102.12.03 11:16 B C:\jakarta-tomcat-3.2.4\webapps\cocoon\exslt\submissions\math\math\functions\random\math.random.javascript.submission.xml --> ftp.exslt.org /www.exslt.org/public_html/submissions/math/math/functions/random math.random.javascript.submission.xml
102.12.03 11:16 B C:\jakarta-tomcat-3.2.4\webapps\cocoon\exslt\submissions\math\math\functions\random\math.random.js --> ftp.exslt.org /www.exslt.org/public_html/submissions/math/math/functions/random math.random.js
102.12.03 11:16 B C:\jakarta-tomcat-3.2.4\webapps\cocoon\exslt\submissions\math\math\functions\random\math.random.msxslt.submission.xml --> ftp.exslt.org /www.exslt.org/public_html/submissions/math/math/functions/random math.random.msxslt.submission.xml
102.12.03 11:16 B C:\jakarta-tomcat-3.2.4\webapps\cocoon\exslt\submissions\math\math\functions\random\math.random.msxslt.xsl --> ftp.exslt.org /www.exslt.org/public_html/submissions/math/math/functions/random math.random.msxslt.xsl
102.12.03 11:16 B C:\jakarta-tomcat-3.2.4\webapps\cocoon\exslt\submissions\math\math\functions\random\math.random.submission.xml --> ftp.exslt.org /www.exslt.org/public_html/submissions/math/math/functions/random math.random.submission.xml
102.12.03 11:16 B C:\jakarta-tomcat-3.2.4\webapps\cocoon\exslt\submissions\math\math\functions\random\math.random.xsl --> ftp.exslt.org /www.exslt.org/public_html/submissions/math/math/functions/random math.random.xsl
102.12.03 11:16 B C:\jakarta-tomcat-3.2.4\webapps\cocoon\exslt\submissions\math\math\functions\random\WS_FTP.LOG --> ftp.exslt.org /www.exslt.org/public_html/submissions/math/math/functions/random WS_FTP.LOG
102.12.11 11:14 B C:\jakarta-tomcat-3.2.4\webapps\cocoon\exslt\submissions\math\math\functions\random\math.random.1.xml --> ftp.exslt.org /www.exslt.org/public_html/submissions/math/math/functions/random math.random.1.xml
102.12.11 11:14 B C:\jakarta-tomcat-3.2.4\webapps\cocoon\exslt\submissions\math\math\functions\random\math.random.1.xsl --> ftp.exslt.org /www.exslt.org/public_html/submissions/math/math/functions/random math.random.1.xsl
102.12.11 11:14 B C:\jakarta-tomcat-3.2.4\webapps\cocoon\exslt\submissions\math\math\functions\random\math.random.javascript.submission.xml --> ftp.exslt.org /www.exslt.org/public_html/submissions/math/math/functions/random math.random.javascript.submission.xml
102.12.11 11:14 B C:\jakarta-tomcat-3.2.4\webapps\cocoon\exslt\submissions\math\math\functions\random\math.random.js --> ftp.exslt.org /www.exslt.org/public_html/submissions/math/math/functions/random math.random.js
102.12.11 11:14 B C:\jakarta-tomcat-3.2.4\webapps\cocoon\exslt\submissions\math\math\functions\random\math.random.msxslt.submission.xml --> ftp.exslt.org /www.exslt.org/public_html/submissions/math/math/functions/random math.random.msxslt.submission.xml
102.12.11 11:14 B C:\jakarta-tomcat-3.2.4\webapps\cocoon\exslt\submissions\math\math\functions\random\math.random.msxslt.xsl --> ftp.exslt.org /www.exslt.org/public_html/submissions/math/math/functions/random math.random.msxslt.xsl
102.12.11 11:14 B C:\jakarta-tomcat-3.2.4\webapps\cocoon\exslt\submissions\math\math\functions\random\math.random.submission.xml --> ftp.exslt.org /www.exslt.org/public_html/submissions/math/math/functions/random math.random.submission.xml
102.12.11 11:14 B C:\jakarta-tomcat-3.2.4\webapps\cocoon\exslt\submissions\math\math\functions\random\math.random.xsl --> ftp.exslt.org /www.exslt.org/public_html/submissions/math/math/functions/random math.random.xsl
