102.08.21 17:33 B C:\jakarta-tomcat-3.2.4\webapps\cocoon\exslt\set\functions\distinct\base.css --> ftp.exslt.org /www.exslt.org/public_html/set/functions/distinct base.css
102.08.21 17:33 B C:\jakarta-tomcat-3.2.4\webapps\cocoon\exslt\set\functions\distinct\index.html --> ftp.exslt.org /www.exslt.org/public_html/set/functions/distinct index.html
102.08.21 17:33 B C:\jakarta-tomcat-3.2.4\webapps\cocoon\exslt\set\functions\distinct\refresh.bat --> ftp.exslt.org /www.exslt.org/public_html/set/functions/distinct refresh.bat
102.08.21 17:33 B C:\jakarta-tomcat-3.2.4\webapps\cocoon\exslt\set\functions\distinct\set.distinct.1.html --> ftp.exslt.org /www.exslt.org/public_html/set/functions/distinct set.distinct.1.html
102.08.21 17:33 B C:\jakarta-tomcat-3.2.4\webapps\cocoon\exslt\set\functions\distinct\set.distinct.1.xsl --> ftp.exslt.org /www.exslt.org/public_html/set/functions/distinct set.distinct.1.xsl
102.08.21 17:33 B C:\jakarta-tomcat-3.2.4\webapps\cocoon\exslt\set\functions\distinct\set.distinct.data.1.xml --> ftp.exslt.org /www.exslt.org/public_html/set/functions/distinct set.distinct.data.1.xml
102.08.21 17:33 B C:\jakarta-tomcat-3.2.4\webapps\cocoon\exslt\set\functions\distinct\set.distinct.function.xsl --> ftp.exslt.org /www.exslt.org/public_html/set/functions/distinct set.distinct.function.xsl
102.08.21 17:33 B C:\jakarta-tomcat-3.2.4\webapps\cocoon\exslt\set\functions\distinct\set.distinct.function.xsl.html --> ftp.exslt.org /www.exslt.org/public_html/set/functions/distinct set.distinct.function.xsl.html
102.08.21 17:33 B C:\jakarta-tomcat-3.2.4\webapps\cocoon\exslt\set\functions\distinct\set.distinct.html --> ftp.exslt.org /www.exslt.org/public_html/set/functions/distinct set.distinct.html
102.08.21 17:33 B C:\jakarta-tomcat-3.2.4\webapps\cocoon\exslt\set\functions\distinct\set.distinct.package.txt --> ftp.exslt.org /www.exslt.org/public_html/set/functions/distinct set.distinct.package.txt
102.08.21 17:33 B C:\jakarta-tomcat-3.2.4\webapps\cocoon\exslt\set\functions\distinct\set.distinct.result.1.xml --> ftp.exslt.org /www.exslt.org/public_html/set/functions/distinct set.distinct.result.1.xml
102.08.21 17:33 B C:\jakarta-tomcat-3.2.4\webapps\cocoon\exslt\set\functions\distinct\set.distinct.template.xsl --> ftp.exslt.org /www.exslt.org/public_html/set/functions/distinct set.distinct.template.xsl
102.08.21 17:33 B C:\jakarta-tomcat-3.2.4\webapps\cocoon\exslt\set\functions\distinct\set.distinct.template.xsl.html --> ftp.exslt.org /www.exslt.org/public_html/set/functions/distinct set.distinct.template.xsl.html
102.08.21 17:33 B C:\jakarta-tomcat-3.2.4\webapps\cocoon\exslt\set\functions\distinct\set.distinct.use-case.1.html --> ftp.exslt.org /www.exslt.org/public_html/set/functions/distinct set.distinct.use-case.1.html
102.08.21 17:33 B C:\jakarta-tomcat-3.2.4\webapps\cocoon\exslt\set\functions\distinct\set.distinct.use-cases.txt --> ftp.exslt.org /www.exslt.org/public_html/set/functions/distinct set.distinct.use-cases.txt
102.08.21 17:33 B C:\jakarta-tomcat-3.2.4\webapps\cocoon\exslt\set\functions\distinct\set.distinct.use-cases.zip --> ftp.exslt.org /www.exslt.org/public_html/set/functions/distinct set.distinct.use-cases.zip
102.08.21 17:33 B C:\jakarta-tomcat-3.2.4\webapps\cocoon\exslt\set\functions\distinct\set.distinct.xml --> ftp.exslt.org /www.exslt.org/public_html/set/functions/distinct set.distinct.xml
102.08.21 17:33 B C:\jakarta-tomcat-3.2.4\webapps\cocoon\exslt\set\functions\distinct\set.distinct.xsl --> ftp.exslt.org /www.exslt.org/public_html/set/functions/distinct set.distinct.xsl
102.08.21 17:33 B C:\jakarta-tomcat-3.2.4\webapps\cocoon\exslt\set\functions\distinct\set.distinct.zip --> ftp.exslt.org /www.exslt.org/public_html/set/functions/distinct set.distinct.zip
102.08.21 17:33 B C:\jakarta-tomcat-3.2.4\webapps\cocoon\exslt\set\functions\distinct\update.bat --> ftp.exslt.org /www.exslt.org/public_html/set/functions/distinct update.bat
102.08.22 12:38 B C:\jakarta-tomcat-3.2.4\webapps\cocoon\exslt\set\functions\distinct\base.css --> ftp.exslt.org /www.exslt.org/public_html/set/functions/distinct base.css
102.08.22 12:38 B C:\jakarta-tomcat-3.2.4\webapps\cocoon\exslt\set\functions\distinct\index.html --> ftp.exslt.org /www.exslt.org/public_html/set/functions/distinct index.html
102.08.22 12:38 B C:\jakarta-tomcat-3.2.4\webapps\cocoon\exslt\set\functions\distinct\refresh.bat --> ftp.exslt.org /www.exslt.org/public_html/set/functions/distinct refresh.bat
102.08.22 12:38 B C:\jakarta-tomcat-3.2.4\webapps\cocoon\exslt\set\functions\distinct\set.distinct.1.html --> ftp.exslt.org /www.exslt.org/public_html/set/functions/distinct set.distinct.1.html
102.08.22 12:38 B C:\jakarta-tomcat-3.2.4\webapps\cocoon\exslt\set\functions\distinct\set.distinct.1.xsl --> ftp.exslt.org /www.exslt.org/public_html/set/functions/distinct set.distinct.1.xsl
102.08.22 12:38 B C:\jakarta-tomcat-3.2.4\webapps\cocoon\exslt\set\functions\distinct\set.distinct.data.1.xml --> ftp.exslt.org /www.exslt.org/public_html/set/functions/distinct set.distinct.data.1.xml
102.08.22 12:38 B C:\jakarta-tomcat-3.2.4\webapps\cocoon\exslt\set\functions\distinct\set.distinct.function.xsl --> ftp.exslt.org /www.exslt.org/public_html/set/functions/distinct set.distinct.function.xsl
102.08.22 12:38 B C:\jakarta-tomcat-3.2.4\webapps\cocoon\exslt\set\functions\distinct\set.distinct.function.xsl.html --> ftp.exslt.org /www.exslt.org/public_html/set/functions/distinct set.distinct.function.xsl.html
102.08.22 12:38 B C:\jakarta-tomcat-3.2.4\webapps\cocoon\exslt\set\functions\distinct\set.distinct.html --> ftp.exslt.org /www.exslt.org/public_html/set/functions/distinct set.distinct.html
102.08.22 12:38 B C:\jakarta-tomcat-3.2.4\webapps\cocoon\exslt\set\functions\distinct\set.distinct.package.txt --> ftp.exslt.org /www.exslt.org/public_html/set/functions/distinct set.distinct.package.txt
102.08.22 12:38 B C:\jakarta-tomcat-3.2.4\webapps\cocoon\exslt\set\functions\distinct\set.distinct.result.1.xml --> ftp.exslt.org /www.exslt.org/public_html/set/functions/distinct set.distinct.result.1.xml
102.08.22 12:38 B C:\jakarta-tomcat-3.2.4\webapps\cocoon\exslt\set\functions\distinct\set.distinct.template.xsl --> ftp.exslt.org /www.exslt.org/public_html/set/functions/distinct set.distinct.template.xsl
102.08.22 12:38 B C:\jakarta-tomcat-3.2.4\webapps\cocoon\exslt\set\functions\distinct\set.distinct.template.xsl.html --> ftp.exslt.org /www.exslt.org/public_html/set/functions/distinct set.distinct.template.xsl.html
102.08.22 12:38 B C:\jakarta-tomcat-3.2.4\webapps\cocoon\exslt\set\functions\distinct\set.distinct.use-case.1.html --> ftp.exslt.org /www.exslt.org/public_html/set/functions/distinct set.distinct.use-case.1.html
102.08.22 12:38 B C:\jakarta-tomcat-3.2.4\webapps\cocoon\exslt\set\functions\distinct\set.distinct.use-cases.txt --> ftp.exslt.org /www.exslt.org/public_html/set/functions/distinct set.distinct.use-cases.txt
102.08.22 12:38 B C:\jakarta-tomcat-3.2.4\webapps\cocoon\exslt\set\functions\distinct\set.distinct.use-cases.zip --> ftp.exslt.org /www.exslt.org/public_html/set/functions/distinct set.distinct.use-cases.zip
102.08.22 12:38 B C:\jakarta-tomcat-3.2.4\webapps\cocoon\exslt\set\functions\distinct\set.distinct.xml --> ftp.exslt.org /www.exslt.org/public_html/set/functions/distinct set.distinct.xml
102.08.22 12:38 B C:\jakarta-tomcat-3.2.4\webapps\cocoon\exslt\set\functions\distinct\set.distinct.xsl --> ftp.exslt.org /www.exslt.org/public_html/set/functions/distinct set.distinct.xsl
102.08.22 12:38 B C:\jakarta-tomcat-3.2.4\webapps\cocoon\exslt\set\functions\distinct\set.distinct.zip --> ftp.exslt.org /www.exslt.org/public_html/set/functions/distinct set.distinct.zip
102.08.22 12:38 B C:\jakarta-tomcat-3.2.4\webapps\cocoon\exslt\set\functions\distinct\update.bat --> ftp.exslt.org /www.exslt.org/public_html/set/functions/distinct update.bat
102.11.19 14:11 B C:\jakarta-tomcat-3.2.4\webapps\cocoon\exslt\set\functions\distinct\base.css --> ftp.exslt.org /www.exslt.org/public_html/set/functions/distinct base.css
102.11.19 14:11 B C:\jakarta-tomcat-3.2.4\webapps\cocoon\exslt\set\functions\distinct\index.html --> ftp.exslt.org /www.exslt.org/public_html/set/functions/distinct index.html
102.11.19 14:11 B C:\jakarta-tomcat-3.2.4\webapps\cocoon\exslt\set\functions\distinct\refresh.bat --> ftp.exslt.org /www.exslt.org/public_html/set/functions/distinct refresh.bat
102.11.19 14:11 B C:\jakarta-tomcat-3.2.4\webapps\cocoon\exslt\set\functions\distinct\set.distinct.1.html --> ftp.exslt.org /www.exslt.org/public_html/set/functions/distinct set.distinct.1.html
102.11.19 14:11 B C:\jakarta-tomcat-3.2.4\webapps\cocoon\exslt\set\functions\distinct\set.distinct.1.xsl --> ftp.exslt.org /www.exslt.org/public_html/set/functions/distinct set.distinct.1.xsl
102.11.19 14:11 B C:\jakarta-tomcat-3.2.4\webapps\cocoon\exslt\set\functions\distinct\set.distinct.data.1.xml --> ftp.exslt.org /www.exslt.org/public_html/set/functions/distinct set.distinct.data.1.xml
102.11.19 14:11 B C:\jakarta-tomcat-3.2.4\webapps\cocoon\exslt\set\functions\distinct\set.distinct.function.xsl --> ftp.exslt.org /www.exslt.org/public_html/set/functions/distinct set.distinct.function.xsl
102.11.19 14:11 B C:\jakarta-tomcat-3.2.4\webapps\cocoon\exslt\set\functions\distinct\set.distinct.function.xsl.html --> ftp.exslt.org /www.exslt.org/public_html/set/functions/distinct set.distinct.function.xsl.html
102.11.19 14:11 B C:\jakarta-tomcat-3.2.4\webapps\cocoon\exslt\set\functions\distinct\set.distinct.html --> ftp.exslt.org /www.exslt.org/public_html/set/functions/distinct set.distinct.html
102.11.19 14:11 B C:\jakarta-tomcat-3.2.4\webapps\cocoon\exslt\set\functions\distinct\set.distinct.package.txt --> ftp.exslt.org /www.exslt.org/public_html/set/functions/distinct set.distinct.package.txt
102.11.19 14:11 B C:\jakarta-tomcat-3.2.4\webapps\cocoon\exslt\set\functions\distinct\set.distinct.result.1.xml --> ftp.exslt.org /www.exslt.org/public_html/set/functions/distinct set.distinct.result.1.xml
102.11.19 14:11 B C:\jakarta-tomcat-3.2.4\webapps\cocoon\exslt\set\functions\distinct\set.distinct.template.xsl --> ftp.exslt.org /www.exslt.org/public_html/set/functions/distinct set.distinct.template.xsl
102.11.19 14:11 B C:\jakarta-tomcat-3.2.4\webapps\cocoon\exslt\set\functions\distinct\set.distinct.template.xsl.html --> ftp.exslt.org /www.exslt.org/public_html/set/functions/distinct set.distinct.template.xsl.html
102.11.19 14:11 B C:\jakarta-tomcat-3.2.4\webapps\cocoon\exslt\set\functions\distinct\set.distinct.use-case.1.html --> ftp.exslt.org /www.exslt.org/public_html/set/functions/distinct set.distinct.use-case.1.html
102.11.19 14:11 B C:\jakarta-tomcat-3.2.4\webapps\cocoon\exslt\set\functions\distinct\set.distinct.use-cases.txt --> ftp.exslt.org /www.exslt.org/public_html/set/functions/distinct set.distinct.use-cases.txt
102.11.19 14:11 B C:\jakarta-tomcat-3.2.4\webapps\cocoon\exslt\set\functions\distinct\set.distinct.use-cases.zip --> ftp.exslt.org /www.exslt.org/public_html/set/functions/distinct set.distinct.use-cases.zip
102.11.19 14:11 B C:\jakarta-tomcat-3.2.4\webapps\cocoon\exslt\set\functions\distinct\set.distinct.xml --> ftp.exslt.org /www.exslt.org/public_html/set/functions/distinct set.distinct.xml
102.11.19 14:11 B C:\jakarta-tomcat-3.2.4\webapps\cocoon\exslt\set\functions\distinct\set.distinct.xsl --> ftp.exslt.org /www.exslt.org/public_html/set/functions/distinct set.distinct.xsl
102.11.19 14:11 B C:\jakarta-tomcat-3.2.4\webapps\cocoon\exslt\set\functions\distinct\set.distinct.zip --> ftp.exslt.org /www.exslt.org/public_html/set/functions/distinct set.distinct.zip
102.11.19 14:11 B C:\jakarta-tomcat-3.2.4\webapps\cocoon\exslt\set\functions\distinct\update.bat --> ftp.exslt.org /www.exslt.org/public_html/set/functions/distinct update.bat
102.12.02 12:33 B C:\jakarta-tomcat-3.2.4\webapps\cocoon\exslt\public_html\set\functions\distinct\WS_FTP.LOG <-- ftp.exslt.org /www.exslt.org/public_html/set/functions/distinct WS_FTP.LOG
102.12.03 11:12 B C:\jakarta-tomcat-3.2.4\webapps\cocoon\exslt\set\functions\distinct\base.css --> ftp.exslt.org /www.exslt.org/public_html/set/functions/distinct base.css
102.12.03 11:12 B C:\jakarta-tomcat-3.2.4\webapps\cocoon\exslt\set\functions\distinct\index.html --> ftp.exslt.org /www.exslt.org/public_html/set/functions/distinct index.html
102.12.03 11:12 B C:\jakarta-tomcat-3.2.4\webapps\cocoon\exslt\set\functions\distinct\refresh.bat --> ftp.exslt.org /www.exslt.org/public_html/set/functions/distinct refresh.bat
102.12.03 11:12 B C:\jakarta-tomcat-3.2.4\webapps\cocoon\exslt\set\functions\distinct\set.distinct.1.html --> ftp.exslt.org /www.exslt.org/public_html/set/functions/distinct set.distinct.1.html
102.12.03 11:12 B C:\jakarta-tomcat-3.2.4\webapps\cocoon\exslt\set\functions\distinct\set.distinct.1.xsl --> ftp.exslt.org /www.exslt.org/public_html/set/functions/distinct set.distinct.1.xsl
102.12.03 11:12 B C:\jakarta-tomcat-3.2.4\webapps\cocoon\exslt\set\functions\distinct\set.distinct.data.1.xml --> ftp.exslt.org /www.exslt.org/public_html/set/functions/distinct set.distinct.data.1.xml
102.12.03 11:12 B C:\jakarta-tomcat-3.2.4\webapps\cocoon\exslt\set\functions\distinct\set.distinct.function.xsl --> ftp.exslt.org /www.exslt.org/public_html/set/functions/distinct set.distinct.function.xsl
102.12.03 11:12 B C:\jakarta-tomcat-3.2.4\webapps\cocoon\exslt\set\functions\distinct\set.distinct.function.xsl.html --> ftp.exslt.org /www.exslt.org/public_html/set/functions/distinct set.distinct.function.xsl.html
102.12.03 11:12 B C:\jakarta-tomcat-3.2.4\webapps\cocoon\exslt\set\functions\distinct\set.distinct.html --> ftp.exslt.org /www.exslt.org/public_html/set/functions/distinct set.distinct.html
102.12.03 11:12 B C:\jakarta-tomcat-3.2.4\webapps\cocoon\exslt\set\functions\distinct\set.distinct.package.txt --> ftp.exslt.org /www.exslt.org/public_html/set/functions/distinct set.distinct.package.txt
102.12.03 11:12 B C:\jakarta-tomcat-3.2.4\webapps\cocoon\exslt\set\functions\distinct\set.distinct.result.1.xml --> ftp.exslt.org /www.exslt.org/public_html/set/functions/distinct set.distinct.result.1.xml
102.12.03 11:12 B C:\jakarta-tomcat-3.2.4\webapps\cocoon\exslt\set\functions\distinct\set.distinct.template.xsl --> ftp.exslt.org /www.exslt.org/public_html/set/functions/distinct set.distinct.template.xsl
102.12.03 11:12 B C:\jakarta-tomcat-3.2.4\webapps\cocoon\exslt\set\functions\distinct\set.distinct.template.xsl.html --> ftp.exslt.org /www.exslt.org/public_html/set/functions/distinct set.distinct.template.xsl.html
102.12.03 11:12 B C:\jakarta-tomcat-3.2.4\webapps\cocoon\exslt\set\functions\distinct\set.distinct.use-case.1.html --> ftp.exslt.org /www.exslt.org/public_html/set/functions/distinct set.distinct.use-case.1.html
102.12.03 11:12 B C:\jakarta-tomcat-3.2.4\webapps\cocoon\exslt\set\functions\distinct\set.distinct.use-cases.txt --> ftp.exslt.org /www.exslt.org/public_html/set/functions/distinct set.distinct.use-cases.txt
102.12.03 11:12 B C:\jakarta-tomcat-3.2.4\webapps\cocoon\exslt\set\functions\distinct\set.distinct.use-cases.zip --> ftp.exslt.org /www.exslt.org/public_html/set/functions/distinct set.distinct.use-cases.zip
102.12.03 11:12 B C:\jakarta-tomcat-3.2.4\webapps\cocoon\exslt\set\functions\distinct\set.distinct.xml --> ftp.exslt.org /www.exslt.org/public_html/set/functions/distinct set.distinct.xml
102.12.03 11:12 B C:\jakarta-tomcat-3.2.4\webapps\cocoon\exslt\set\functions\distinct\set.distinct.xsl --> ftp.exslt.org /www.exslt.org/public_html/set/functions/distinct set.distinct.xsl
102.12.03 11:12 B C:\jakarta-tomcat-3.2.4\webapps\cocoon\exslt\set\functions\distinct\set.distinct.zip --> ftp.exslt.org /www.exslt.org/public_html/set/functions/distinct set.distinct.zip
102.12.03 11:12 B C:\jakarta-tomcat-3.2.4\webapps\cocoon\exslt\set\functions\distinct\update.bat --> ftp.exslt.org /www.exslt.org/public_html/set/functions/distinct update.bat
102.12.03 11:12 B C:\jakarta-tomcat-3.2.4\webapps\cocoon\exslt\set\functions\distinct\WS_FTP.LOG --> ftp.exslt.org /www.exslt.org/public_html/set/functions/distinct WS_FTP.LOG
102.12.03 11:15 B C:\jakarta-tomcat-3.2.4\webapps\cocoon\exslt\set\functions\distinct\base.css --> ftp.exslt.org /www.exslt.org/public_html/set/functions/distinct base.css
102.12.03 11:15 B C:\jakarta-tomcat-3.2.4\webapps\cocoon\exslt\set\functions\distinct\index.html --> ftp.exslt.org /www.exslt.org/public_html/set/functions/distinct index.html
102.12.03 11:15 B C:\jakarta-tomcat-3.2.4\webapps\cocoon\exslt\set\functions\distinct\refresh.bat --> ftp.exslt.org /www.exslt.org/public_html/set/functions/distinct refresh.bat
102.12.03 11:15 B C:\jakarta-tomcat-3.2.4\webapps\cocoon\exslt\set\functions\distinct\set.distinct.1.html --> ftp.exslt.org /www.exslt.org/public_html/set/functions/distinct set.distinct.1.html
102.12.03 11:15 B C:\jakarta-tomcat-3.2.4\webapps\cocoon\exslt\set\functions\distinct\set.distinct.1.xsl --> ftp.exslt.org /www.exslt.org/public_html/set/functions/distinct set.distinct.1.xsl
102.12.03 11:15 B C:\jakarta-tomcat-3.2.4\webapps\cocoon\exslt\set\functions\distinct\set.distinct.data.1.xml --> ftp.exslt.org /www.exslt.org/public_html/set/functions/distinct set.distinct.data.1.xml
102.12.03 11:15 B C:\jakarta-tomcat-3.2.4\webapps\cocoon\exslt\set\functions\distinct\set.distinct.function.xsl --> ftp.exslt.org /www.exslt.org/public_html/set/functions/distinct set.distinct.function.xsl
102.12.03 11:15 B C:\jakarta-tomcat-3.2.4\webapps\cocoon\exslt\set\functions\distinct\set.distinct.function.xsl.html --> ftp.exslt.org /www.exslt.org/public_html/set/functions/distinct set.distinct.function.xsl.html
102.12.03 11:15 B C:\jakarta-tomcat-3.2.4\webapps\cocoon\exslt\set\functions\distinct\set.distinct.html --> ftp.exslt.org /www.exslt.org/public_html/set/functions/distinct set.distinct.html
102.12.03 11:15 B C:\jakarta-tomcat-3.2.4\webapps\cocoon\exslt\set\functions\distinct\set.distinct.package.txt --> ftp.exslt.org /www.exslt.org/public_html/set/functions/distinct set.distinct.package.txt
102.12.03 11:15 B C:\jakarta-tomcat-3.2.4\webapps\cocoon\exslt\set\functions\distinct\set.distinct.result.1.xml --> ftp.exslt.org /www.exslt.org/public_html/set/functions/distinct set.distinct.result.1.xml
102.12.03 11:15 B C:\jakarta-tomcat-3.2.4\webapps\cocoon\exslt\set\functions\distinct\set.distinct.template.xsl --> ftp.exslt.org /www.exslt.org/public_html/set/functions/distinct set.distinct.template.xsl
102.12.03 11:15 B C:\jakarta-tomcat-3.2.4\webapps\cocoon\exslt\set\functions\distinct\set.distinct.template.xsl.html --> ftp.exslt.org /www.exslt.org/public_html/set/functions/distinct set.distinct.template.xsl.html
102.12.03 11:15 B C:\jakarta-tomcat-3.2.4\webapps\cocoon\exslt\set\functions\distinct\set.distinct.use-case.1.html --> ftp.exslt.org /www.exslt.org/public_html/set/functions/distinct set.distinct.use-case.1.html
102.12.03 11:15 B C:\jakarta-tomcat-3.2.4\webapps\cocoon\exslt\set\functions\distinct\set.distinct.use-cases.txt --> ftp.exslt.org /www.exslt.org/public_html/set/functions/distinct set.distinct.use-cases.txt
102.12.03 11:15 B C:\jakarta-tomcat-3.2.4\webapps\cocoon\exslt\set\functions\distinct\set.distinct.use-cases.zip --> ftp.exslt.org /www.exslt.org/public_html/set/functions/distinct set.distinct.use-cases.zip
102.12.03 11:15 B C:\jakarta-tomcat-3.2.4\webapps\cocoon\exslt\set\functions\distinct\set.distinct.xml --> ftp.exslt.org /www.exslt.org/public_html/set/functions/distinct set.distinct.xml
102.12.03 11:15 B C:\jakarta-tomcat-3.2.4\webapps\cocoon\exslt\set\functions\distinct\set.distinct.xsl --> ftp.exslt.org /www.exslt.org/public_html/set/functions/distinct set.distinct.xsl
102.12.03 11:15 B C:\jakarta-tomcat-3.2.4\webapps\cocoon\exslt\set\functions\distinct\set.distinct.zip --> ftp.exslt.org /www.exslt.org/public_html/set/functions/distinct set.distinct.zip
102.12.03 11:15 B C:\jakarta-tomcat-3.2.4\webapps\cocoon\exslt\set\functions\distinct\update.bat --> ftp.exslt.org /www.exslt.org/public_html/set/functions/distinct update.bat
102.12.03 11:15 B C:\jakarta-tomcat-3.2.4\webapps\cocoon\exslt\set\functions\distinct\WS_FTP.LOG --> ftp.exslt.org /www.exslt.org/public_html/set/functions/distinct WS_FTP.LOG
102.12.11 11:07 B C:\jakarta-tomcat-3.2.4\webapps\cocoon\exslt\set\functions\distinct\base.css --> ftp.exslt.org /www.exslt.org/public_html/set/functions/distinct base.css
102.12.11 11:07 B C:\jakarta-tomcat-3.2.4\webapps\cocoon\exslt\set\functions\distinct\index.html --> ftp.exslt.org /www.exslt.org/public_html/set/functions/distinct index.html
102.12.11 11:07 B C:\jakarta-tomcat-3.2.4\webapps\cocoon\exslt\set\functions\distinct\refresh.bat --> ftp.exslt.org /www.exslt.org/public_html/set/functions/distinct refresh.bat
102.12.11 11:07 B C:\jakarta-tomcat-3.2.4\webapps\cocoon\exslt\set\functions\distinct\set.distinct.1.html --> ftp.exslt.org /www.exslt.org/public_html/set/functions/distinct set.distinct.1.html
102.12.11 11:07 B C:\jakarta-tomcat-3.2.4\webapps\cocoon\exslt\set\functions\distinct\set.distinct.1.xsl --> ftp.exslt.org /www.exslt.org/public_html/set/functions/distinct set.distinct.1.xsl
102.12.11 11:07 B C:\jakarta-tomcat-3.2.4\webapps\cocoon\exslt\set\functions\distinct\set.distinct.data.1.xml --> ftp.exslt.org /www.exslt.org/public_html/set/functions/distinct set.distinct.data.1.xml
102.12.11 11:07 B C:\jakarta-tomcat-3.2.4\webapps\cocoon\exslt\set\functions\distinct\set.distinct.function.xsl --> ftp.exslt.org /www.exslt.org/public_html/set/functions/distinct set.distinct.function.xsl
102.12.11 11:07 B C:\jakarta-tomcat-3.2.4\webapps\cocoon\exslt\set\functions\distinct\set.distinct.function.xsl.html --> ftp.exslt.org /www.exslt.org/public_html/set/functions/distinct set.distinct.function.xsl.html
102.12.11 11:07 B C:\jakarta-tomcat-3.2.4\webapps\cocoon\exslt\set\functions\distinct\set.distinct.html --> ftp.exslt.org /www.exslt.org/public_html/set/functions/distinct set.distinct.html
102.12.11 11:07 B C:\jakarta-tomcat-3.2.4\webapps\cocoon\exslt\set\functions\distinct\set.distinct.package.txt --> ftp.exslt.org /www.exslt.org/public_html/set/functions/distinct set.distinct.package.txt
102.12.11 11:07 B C:\jakarta-tomcat-3.2.4\webapps\cocoon\exslt\set\functions\distinct\set.distinct.result.1.xml --> ftp.exslt.org /www.exslt.org/public_html/set/functions/distinct set.distinct.result.1.xml
102.12.11 11:07 B C:\jakarta-tomcat-3.2.4\webapps\cocoon\exslt\set\functions\distinct\set.distinct.template.xsl --> ftp.exslt.org /www.exslt.org/public_html/set/functions/distinct set.distinct.template.xsl
102.12.11 11:07 B C:\jakarta-tomcat-3.2.4\webapps\cocoon\exslt\set\functions\distinct\set.distinct.template.xsl.html --> ftp.exslt.org /www.exslt.org/public_html/set/functions/distinct set.distinct.template.xsl.html
102.12.11 11:07 B C:\jakarta-tomcat-3.2.4\webapps\cocoon\exslt\set\functions\distinct\set.distinct.use-case.1.html --> ftp.exslt.org /www.exslt.org/public_html/set/functions/distinct set.distinct.use-case.1.html
102.12.11 11:07 B C:\jakarta-tomcat-3.2.4\webapps\cocoon\exslt\set\functions\distinct\set.distinct.use-cases.txt --> ftp.exslt.org /www.exslt.org/public_html/set/functions/distinct set.distinct.use-cases.txt
102.12.11 11:07 B C:\jakarta-tomcat-3.2.4\webapps\cocoon\exslt\set\functions\distinct\set.distinct.use-cases.zip --> ftp.exslt.org /www.exslt.org/public_html/set/functions/distinct set.distinct.use-cases.zip
102.12.11 11:07 B C:\jakarta-tomcat-3.2.4\webapps\cocoon\exslt\set\functions\distinct\set.distinct.xml --> ftp.exslt.org /www.exslt.org/public_html/set/functions/distinct set.distinct.xml
102.12.11 11:07 B C:\jakarta-tomcat-3.2.4\webapps\cocoon\exslt\set\functions\distinct\set.distinct.xsl --> ftp.exslt.org /www.exslt.org/public_html/set/functions/distinct set.distinct.xsl
102.12.11 11:07 B C:\jakarta-tomcat-3.2.4\webapps\cocoon\exslt\set\functions\distinct\set.distinct.zip --> ftp.exslt.org /www.exslt.org/public_html/set/functions/distinct set.distinct.zip
102.12.11 11:07 B C:\jakarta-tomcat-3.2.4\webapps\cocoon\exslt\set\functions\distinct\update.bat --> ftp.exslt.org /www.exslt.org/public_html/set/functions/distinct update.bat
102.12.11 11:07 B C:\jakarta-tomcat-3.2.4\webapps\cocoon\exslt\set\functions\distinct\WS_FTP.LOG --> ftp.exslt.org /www.exslt.org/public_html/set/functions/distinct WS_FTP.LOG
102.12.11 11:11 B C:\jakarta-tomcat-3.2.4\webapps\cocoon\exslt\set\functions\distinct\base.css --> ftp.exslt.org /www.exslt.org/public_html/set/functions/distinct base.css
102.12.11 11:11 B C:\jakarta-tomcat-3.2.4\webapps\cocoon\exslt\set\functions\distinct\index.html --> ftp.exslt.org /www.exslt.org/public_html/set/functions/distinct index.html
102.12.11 11:11 B C:\jakarta-tomcat-3.2.4\webapps\cocoon\exslt\set\functions\distinct\refresh.bat --> ftp.exslt.org /www.exslt.org/public_html/set/functions/distinct refresh.bat
102.12.11 11:11 B C:\jakarta-tomcat-3.2.4\webapps\cocoon\exslt\set\functions\distinct\set.distinct.1.html --> ftp.exslt.org /www.exslt.org/public_html/set/functions/distinct set.distinct.1.html
102.12.11 11:11 B C:\jakarta-tomcat-3.2.4\webapps\cocoon\exslt\set\functions\distinct\set.distinct.1.xsl --> ftp.exslt.org /www.exslt.org/public_html/set/functions/distinct set.distinct.1.xsl
102.12.11 11:11 B C:\jakarta-tomcat-3.2.4\webapps\cocoon\exslt\set\functions\distinct\set.distinct.data.1.xml --> ftp.exslt.org /www.exslt.org/public_html/set/functions/distinct set.distinct.data.1.xml
102.12.11 11:11 B C:\jakarta-tomcat-3.2.4\webapps\cocoon\exslt\set\functions\distinct\set.distinct.function.xsl --> ftp.exslt.org /www.exslt.org/public_html/set/functions/distinct set.distinct.function.xsl
102.12.11 11:11 B C:\jakarta-tomcat-3.2.4\webapps\cocoon\exslt\set\functions\distinct\set.distinct.function.xsl.html --> ftp.exslt.org /www.exslt.org/public_html/set/functions/distinct set.distinct.function.xsl.html
102.12.11 11:11 B C:\jakarta-tomcat-3.2.4\webapps\cocoon\exslt\set\functions\distinct\set.distinct.html --> ftp.exslt.org /www.exslt.org/public_html/set/functions/distinct set.distinct.html
102.12.11 11:11 B C:\jakarta-tomcat-3.2.4\webapps\cocoon\exslt\set\functions\distinct\set.distinct.package.txt --> ftp.exslt.org /www.exslt.org/public_html/set/functions/distinct set.distinct.package.txt
102.12.11 11:11 B C:\jakarta-tomcat-3.2.4\webapps\cocoon\exslt\set\functions\distinct\set.distinct.result.1.xml --> ftp.exslt.org /www.exslt.org/public_html/set/functions/distinct set.distinct.result.1.xml
102.12.11 11:11 B C:\jakarta-tomcat-3.2.4\webapps\cocoon\exslt\set\functions\distinct\set.distinct.template.xsl --> ftp.exslt.org /www.exslt.org/public_html/set/functions/distinct set.distinct.template.xsl
102.12.11 11:11 B C:\jakarta-tomcat-3.2.4\webapps\cocoon\exslt\set\functions\distinct\set.distinct.template.xsl.html --> ftp.exslt.org /www.exslt.org/public_html/set/functions/distinct set.distinct.template.xsl.html
102.12.11 11:11 B C:\jakarta-tomcat-3.2.4\webapps\cocoon\exslt\set\functions\distinct\set.distinct.use-case.1.html --> ftp.exslt.org /www.exslt.org/public_html/set/functions/distinct set.distinct.use-case.1.html
102.12.11 11:11 B C:\jakarta-tomcat-3.2.4\webapps\cocoon\exslt\set\functions\distinct\set.distinct.use-cases.txt --> ftp.exslt.org /www.exslt.org/public_html/set/functions/distinct set.distinct.use-cases.txt
102.12.11 11:11 B C:\jakarta-tomcat-3.2.4\webapps\cocoon\exslt\set\functions\distinct\set.distinct.use-cases.zip --> ftp.exslt.org /www.exslt.org/public_html/set/functions/distinct set.distinct.use-cases.zip
102.12.11 11:11 B C:\jakarta-tomcat-3.2.4\webapps\cocoon\exslt\set\functions\distinct\set.distinct.xml --> ftp.exslt.org /www.exslt.org/public_html/set/functions/distinct set.distinct.xml
102.12.11 11:11 B C:\jakarta-tomcat-3.2.4\webapps\cocoon\exslt\set\functions\distinct\set.distinct.xsl --> ftp.exslt.org /www.exslt.org/public_html/set/functions/distinct set.distinct.xsl
102.12.11 11:11 B C:\jakarta-tomcat-3.2.4\webapps\cocoon\exslt\set\functions\distinct\set.distinct.zip --> ftp.exslt.org /www.exslt.org/public_html/set/functions/distinct set.distinct.zip
102.12.11 11:11 B C:\jakarta-tomcat-3.2.4\webapps\cocoon\exslt\set\functions\distinct\update.bat --> ftp.exslt.org /www.exslt.org/public_html/set/functions/distinct update.bat
103.09.29 15:58 B C:\jakarta-tomcat-3.2.4\webapps\cocoon\exslt\set\functions\distinct\WS_FTP.LOG <-- ftp.exslt.org /www.exslt.org/public_html/set/functions/distinct WS_FTP.LOG
103.10.21 13:11 B C:\jakarta-tomcat-3.2.4\webapps\cocoon\exslt\set\functions\distinct\base.css --> marian.cs.nott.ac.uk /stud/pg/cds/exslt/set/functions/distinct base.css
103.10.21 13:11 B C:\jakarta-tomcat-3.2.4\webapps\cocoon\exslt\set\functions\distinct\index.html --> marian.cs.nott.ac.uk /stud/pg/cds/exslt/set/functions/distinct index.html
103.10.21 13:11 B C:\jakarta-tomcat-3.2.4\webapps\cocoon\exslt\set\functions\distinct\refresh.bat --> marian.cs.nott.ac.uk /stud/pg/cds/exslt/set/functions/distinct refresh.bat
103.10.21 13:11 B C:\jakarta-tomcat-3.2.4\webapps\cocoon\exslt\set\functions\distinct\set.distinct.1.html --> marian.cs.nott.ac.uk /stud/pg/cds/exslt/set/functions/distinct set.distinct.1.html
103.10.21 13:11 B C:\jakarta-tomcat-3.2.4\webapps\cocoon\exslt\set\functions\distinct\set.distinct.1.xsl --> marian.cs.nott.ac.uk /stud/pg/cds/exslt/set/functions/distinct set.distinct.1.xsl
103.10.21 13:11 B C:\jakarta-tomcat-3.2.4\webapps\cocoon\exslt\set\functions\distinct\set.distinct.data.1.xml --> marian.cs.nott.ac.uk /stud/pg/cds/exslt/set/functions/distinct set.distinct.data.1.xml
103.10.21 13:11 B C:\jakarta-tomcat-3.2.4\webapps\cocoon\exslt\set\functions\distinct\set.distinct.function.xsl --> marian.cs.nott.ac.uk /stud/pg/cds/exslt/set/functions/distinct set.distinct.function.xsl
103.10.21 13:11 B C:\jakarta-tomcat-3.2.4\webapps\cocoon\exslt\set\functions\distinct\set.distinct.function.xsl.html --> marian.cs.nott.ac.uk /stud/pg/cds/exslt/set/functions/distinct set.distinct.function.xsl.html
103.10.21 13:11 B C:\jakarta-tomcat-3.2.4\webapps\cocoon\exslt\set\functions\distinct\set.distinct.html --> marian.cs.nott.ac.uk /stud/pg/cds/exslt/set/functions/distinct set.distinct.html
103.10.21 13:11 B C:\jakarta-tomcat-3.2.4\webapps\cocoon\exslt\set\functions\distinct\set.distinct.package.txt --> marian.cs.nott.ac.uk /stud/pg/cds/exslt/set/functions/distinct set.distinct.package.txt
103.10.21 13:11 B C:\jakarta-tomcat-3.2.4\webapps\cocoon\exslt\set\functions\distinct\set.distinct.result.1.xml --> marian.cs.nott.ac.uk /stud/pg/cds/exslt/set/functions/distinct set.distinct.result.1.xml
103.10.21 13:11 B C:\jakarta-tomcat-3.2.4\webapps\cocoon\exslt\set\functions\distinct\set.distinct.template.xsl --> marian.cs.nott.ac.uk /stud/pg/cds/exslt/set/functions/distinct set.distinct.template.xsl
103.10.21 13:11 B C:\jakarta-tomcat-3.2.4\webapps\cocoon\exslt\set\functions\distinct\set.distinct.template.xsl.html --> marian.cs.nott.ac.uk /stud/pg/cds/exslt/set/functions/distinct set.distinct.template.xsl.html
103.10.21 13:11 B C:\jakarta-tomcat-3.2.4\webapps\cocoon\exslt\set\functions\distinct\set.distinct.use-case.1.html --> marian.cs.nott.ac.uk /stud/pg/cds/exslt/set/functions/distinct set.distinct.use-case.1.html
103.10.21 13:11 B C:\jakarta-tomcat-3.2.4\webapps\cocoon\exslt\set\functions\distinct\set.distinct.use-cases.txt --> marian.cs.nott.ac.uk /stud/pg/cds/exslt/set/functions/distinct set.distinct.use-cases.txt
103.10.21 13:11 B C:\jakarta-tomcat-3.2.4\webapps\cocoon\exslt\set\functions\distinct\set.distinct.use-cases.zip --> marian.cs.nott.ac.uk /stud/pg/cds/exslt/set/functions/distinct set.distinct.use-cases.zip
103.10.21 13:11 B C:\jakarta-tomcat-3.2.4\webapps\cocoon\exslt\set\functions\distinct\set.distinct.xml --> marian.cs.nott.ac.uk /stud/pg/cds/exslt/set/functions/distinct set.distinct.xml
103.10.21 13:11 B C:\jakarta-tomcat-3.2.4\webapps\cocoon\exslt\set\functions\distinct\set.distinct.xsl --> marian.cs.nott.ac.uk /stud/pg/cds/exslt/set/functions/distinct set.distinct.xsl
103.10.21 13:11 B C:\jakarta-tomcat-3.2.4\webapps\cocoon\exslt\set\functions\distinct\set.distinct.zip --> marian.cs.nott.ac.uk /stud/pg/cds/exslt/set/functions/distinct set.distinct.zip
103.10.21 13:11 B C:\jakarta-tomcat-3.2.4\webapps\cocoon\exslt\set\functions\distinct\update.bat --> marian.cs.nott.ac.uk /stud/pg/cds/exslt/set/functions/distinct update.bat
103.10.21 13:11 B C:\jakarta-tomcat-3.2.4\webapps\cocoon\exslt\set\functions\distinct\WS_FTP.LOG --> marian.cs.nott.ac.uk /stud/pg/cds/exslt/set/functions/distinct WS_FTP.LOG
103.10.24 10:17 B C:\jakarta-tomcat-3.2.4\webapps\cocoon\exslt\set\functions\distinct\base.css --> ftp.exslt.org /www.exslt.org/public_html/set/functions/distinct base.css
103.10.24 10:17 B C:\jakarta-tomcat-3.2.4\webapps\cocoon\exslt\set\functions\distinct\index.html --> ftp.exslt.org /www.exslt.org/public_html/set/functions/distinct index.html
103.10.24 10:17 B C:\jakarta-tomcat-3.2.4\webapps\cocoon\exslt\set\functions\distinct\refresh.bat --> ftp.exslt.org /www.exslt.org/public_html/set/functions/distinct refresh.bat
103.10.24 10:17 B C:\jakarta-tomcat-3.2.4\webapps\cocoon\exslt\set\functions\distinct\set.distinct.1.html --> ftp.exslt.org /www.exslt.org/public_html/set/functions/distinct set.distinct.1.html
103.10.24 10:17 B C:\jakarta-tomcat-3.2.4\webapps\cocoon\exslt\set\functions\distinct\set.distinct.1.xsl --> ftp.exslt.org /www.exslt.org/public_html/set/functions/distinct set.distinct.1.xsl
103.10.24 10:17 B C:\jakarta-tomcat-3.2.4\webapps\cocoon\exslt\set\functions\distinct\set.distinct.data.1.xml --> ftp.exslt.org /www.exslt.org/public_html/set/functions/distinct set.distinct.data.1.xml
103.10.24 10:17 B C:\jakarta-tomcat-3.2.4\webapps\cocoon\exslt\set\functions\distinct\set.distinct.function.xsl --> ftp.exslt.org /www.exslt.org/public_html/set/functions/distinct set.distinct.function.xsl
103.10.24 10:18 B C:\jakarta-tomcat-3.2.4\webapps\cocoon\exslt\set\functions\distinct\set.distinct.function.xsl.html --> ftp.exslt.org /www.exslt.org/public_html/set/functions/distinct set.distinct.function.xsl.html
103.10.24 10:18 B C:\jakarta-tomcat-3.2.4\webapps\cocoon\exslt\set\functions\distinct\set.distinct.html --> ftp.exslt.org /www.exslt.org/public_html/set/functions/distinct set.distinct.html
103.10.24 10:18 B C:\jakarta-tomcat-3.2.4\webapps\cocoon\exslt\set\functions\distinct\set.distinct.package.txt --> ftp.exslt.org /www.exslt.org/public_html/set/functions/distinct set.distinct.package.txt
103.10.24 10:18 B C:\jakarta-tomcat-3.2.4\webapps\cocoon\exslt\set\functions\distinct\set.distinct.result.1.xml --> ftp.exslt.org /www.exslt.org/public_html/set/functions/distinct set.distinct.result.1.xml
103.10.24 10:18 B C:\jakarta-tomcat-3.2.4\webapps\cocoon\exslt\set\functions\distinct\set.distinct.template.xsl --> ftp.exslt.org /www.exslt.org/public_html/set/functions/distinct set.distinct.template.xsl
103.10.24 10:18 B C:\jakarta-tomcat-3.2.4\webapps\cocoon\exslt\set\functions\distinct\set.distinct.template.xsl.html --> ftp.exslt.org /www.exslt.org/public_html/set/functions/distinct set.distinct.template.xsl.html
103.10.24 10:18 B C:\jakarta-tomcat-3.2.4\webapps\cocoon\exslt\set\functions\distinct\set.distinct.use-case.1.html --> ftp.exslt.org /www.exslt.org/public_html/set/functions/distinct set.distinct.use-case.1.html
103.10.24 10:18 B C:\jakarta-tomcat-3.2.4\webapps\cocoon\exslt\set\functions\distinct\set.distinct.use-cases.txt --> ftp.exslt.org /www.exslt.org/public_html/set/functions/distinct set.distinct.use-cases.txt
103.10.24 10:18 B C:\jakarta-tomcat-3.2.4\webapps\cocoon\exslt\set\functions\distinct\set.distinct.use-cases.zip --> ftp.exslt.org /www.exslt.org/public_html/set/functions/distinct set.distinct.use-cases.zip
103.10.24 10:18 B C:\jakarta-tomcat-3.2.4\webapps\cocoon\exslt\set\functions\distinct\set.distinct.xml --> ftp.exslt.org /www.exslt.org/public_html/set/functions/distinct set.distinct.xml
103.10.24 10:18 B C:\jakarta-tomcat-3.2.4\webapps\cocoon\exslt\set\functions\distinct\set.distinct.xsl --> ftp.exslt.org /www.exslt.org/public_html/set/functions/distinct set.distinct.xsl
103.10.24 10:18 B C:\jakarta-tomcat-3.2.4\webapps\cocoon\exslt\set\functions\distinct\set.distinct.zip --> ftp.exslt.org /www.exslt.org/public_html/set/functions/distinct set.distinct.zip
103.10.24 10:18 B C:\jakarta-tomcat-3.2.4\webapps\cocoon\exslt\set\functions\distinct\update.bat --> ftp.exslt.org /www.exslt.org/public_html/set/functions/distinct update.bat
103.10.24 10:18 B C:\jakarta-tomcat-3.2.4\webapps\cocoon\exslt\set\functions\distinct\WS_FTP.LOG --> ftp.exslt.org /www.exslt.org/public_html/set/functions/distinct WS_FTP.LOG
103.10.24 10:30 B C:\jakarta-tomcat-3.2.4\webapps\cocoon\exslt\set\functions\distinct\base.css --> ftp.exslt.org /www.exslt.org/public_html/set/functions/distinct base.css
103.10.24 10:30 B C:\jakarta-tomcat-3.2.4\webapps\cocoon\exslt\set\functions\distinct\index.html --> ftp.exslt.org /www.exslt.org/public_html/set/functions/distinct index.html
103.10.24 10:30 B C:\jakarta-tomcat-3.2.4\webapps\cocoon\exslt\set\functions\distinct\refresh.bat --> ftp.exslt.org /www.exslt.org/public_html/set/functions/distinct refresh.bat
103.10.24 10:30 B C:\jakarta-tomcat-3.2.4\webapps\cocoon\exslt\set\functions\distinct\set.distinct.1.html --> ftp.exslt.org /www.exslt.org/public_html/set/functions/distinct set.distinct.1.html
103.10.24 10:30 B C:\jakarta-tomcat-3.2.4\webapps\cocoon\exslt\set\functions\distinct\set.distinct.1.xsl --> ftp.exslt.org /www.exslt.org/public_html/set/functions/distinct set.distinct.1.xsl
103.10.24 10:31 B C:\jakarta-tomcat-3.2.4\webapps\cocoon\exslt\set\functions\distinct\set.distinct.data.1.xml --> ftp.exslt.org /www.exslt.org/public_html/set/functions/distinct set.distinct.data.1.xml
103.10.24 10:31 B C:\jakarta-tomcat-3.2.4\webapps\cocoon\exslt\set\functions\distinct\set.distinct.function.xsl --> ftp.exslt.org /www.exslt.org/public_html/set/functions/distinct set.distinct.function.xsl
103.10.24 10:31 B C:\jakarta-tomcat-3.2.4\webapps\cocoon\exslt\set\functions\distinct\set.distinct.function.xsl.html --> ftp.exslt.org /www.exslt.org/public_html/set/functions/distinct set.distinct.function.xsl.html
103.10.24 10:31 B C:\jakarta-tomcat-3.2.4\webapps\cocoon\exslt\set\functions\distinct\set.distinct.html --> ftp.exslt.org /www.exslt.org/public_html/set/functions/distinct set.distinct.html
103.10.24 10:31 B C:\jakarta-tomcat-3.2.4\webapps\cocoon\exslt\set\functions\distinct\set.distinct.package.txt --> ftp.exslt.org /www.exslt.org/public_html/set/functions/distinct set.distinct.package.txt
103.10.24 10:31 B C:\jakarta-tomcat-3.2.4\webapps\cocoon\exslt\set\functions\distinct\set.distinct.result.1.xml --> ftp.exslt.org /www.exslt.org/public_html/set/functions/distinct set.distinct.result.1.xml
103.10.24 10:31 B C:\jakarta-tomcat-3.2.4\webapps\cocoon\exslt\set\functions\distinct\set.distinct.template.xsl --> ftp.exslt.org /www.exslt.org/public_html/set/functions/distinct set.distinct.template.xsl
103.10.24 10:31 B C:\jakarta-tomcat-3.2.4\webapps\cocoon\exslt\set\functions\distinct\set.distinct.template.xsl.html --> ftp.exslt.org /www.exslt.org/public_html/set/functions/distinct set.distinct.template.xsl.html
103.10.24 10:31 B C:\jakarta-tomcat-3.2.4\webapps\cocoon\exslt\set\functions\distinct\set.distinct.use-case.1.html --> ftp.exslt.org /www.exslt.org/public_html/set/functions/distinct set.distinct.use-case.1.html
103.10.24 10:31 B C:\jakarta-tomcat-3.2.4\webapps\cocoon\exslt\set\functions\distinct\set.distinct.use-cases.txt --> ftp.exslt.org /www.exslt.org/public_html/set/functions/distinct set.distinct.use-cases.txt
103.10.24 10:31 B C:\jakarta-tomcat-3.2.4\webapps\cocoon\exslt\set\functions\distinct\set.distinct.use-cases.zip --> ftp.exslt.org /www.exslt.org/public_html/set/functions/distinct set.distinct.use-cases.zip
103.10.24 10:31 B C:\jakarta-tomcat-3.2.4\webapps\cocoon\exslt\set\functions\distinct\set.distinct.xml --> ftp.exslt.org /www.exslt.org/public_html/set/functions/distinct set.distinct.xml
103.10.24 10:53 B C:\jakarta-tomcat-3.2.4\webapps\cocoon\exslt\set\functions\distinct\base.css --> ftp.exslt.org /www.exslt.org/public_html/set/functions/distinct base.css
103.10.24 10:53 B C:\jakarta-tomcat-3.2.4\webapps\cocoon\exslt\set\functions\distinct\index.html --> ftp.exslt.org /www.exslt.org/public_html/set/functions/distinct index.html
103.10.24 10:53 B C:\jakarta-tomcat-3.2.4\webapps\cocoon\exslt\set\functions\distinct\refresh.bat --> ftp.exslt.org /www.exslt.org/public_html/set/functions/distinct refresh.bat
103.10.24 10:53 B C:\jakarta-tomcat-3.2.4\webapps\cocoon\exslt\set\functions\distinct\set.distinct.1.html --> ftp.exslt.org /www.exslt.org/public_html/set/functions/distinct set.distinct.1.html
103.10.24 10:53 B C:\jakarta-tomcat-3.2.4\webapps\cocoon\exslt\set\functions\distinct\set.distinct.1.xsl --> ftp.exslt.org /www.exslt.org/public_html/set/functions/distinct set.distinct.1.xsl
103.10.24 10:53 B C:\jakarta-tomcat-3.2.4\webapps\cocoon\exslt\set\functions\distinct\set.distinct.data.1.xml --> ftp.exslt.org /www.exslt.org/public_html/set/functions/distinct set.distinct.data.1.xml
103.10.24 10:53 B C:\jakarta-tomcat-3.2.4\webapps\cocoon\exslt\set\functions\distinct\set.distinct.function.xsl --> ftp.exslt.org /www.exslt.org/public_html/set/functions/distinct set.distinct.function.xsl
103.10.24 10:53 B C:\jakarta-tomcat-3.2.4\webapps\cocoon\exslt\set\functions\distinct\set.distinct.function.xsl.html --> ftp.exslt.org /www.exslt.org/public_html/set/functions/distinct set.distinct.function.xsl.html
103.10.24 10:53 B C:\jakarta-tomcat-3.2.4\webapps\cocoon\exslt\set\functions\distinct\set.distinct.html --> ftp.exslt.org /www.exslt.org/public_html/set/functions/distinct set.distinct.html
103.10.24 10:53 B C:\jakarta-tomcat-3.2.4\webapps\cocoon\exslt\set\functions\distinct\set.distinct.package.txt --> ftp.exslt.org /www.exslt.org/public_html/set/functions/distinct set.distinct.package.txt
103.10.24 10:53 B C:\jakarta-tomcat-3.2.4\webapps\cocoon\exslt\set\functions\distinct\set.distinct.result.1.xml --> ftp.exslt.org /www.exslt.org/public_html/set/functions/distinct set.distinct.result.1.xml
103.10.24 10:53 B C:\jakarta-tomcat-3.2.4\webapps\cocoon\exslt\set\functions\distinct\set.distinct.template.xsl --> ftp.exslt.org /www.exslt.org/public_html/set/functions/distinct set.distinct.template.xsl
103.10.24 10:53 B C:\jakarta-tomcat-3.2.4\webapps\cocoon\exslt\set\functions\distinct\set.distinct.template.xsl.html --> ftp.exslt.org /www.exslt.org/public_html/set/functions/distinct set.distinct.template.xsl.html
103.10.24 10:53 B C:\jakarta-tomcat-3.2.4\webapps\cocoon\exslt\set\functions\distinct\set.distinct.use-case.1.html --> ftp.exslt.org /www.exslt.org/public_html/set/functions/distinct set.distinct.use-case.1.html
103.10.24 10:53 B C:\jakarta-tomcat-3.2.4\webapps\cocoon\exslt\set\functions\distinct\set.distinct.use-cases.txt --> ftp.exslt.org /www.exslt.org/public_html/set/functions/distinct set.distinct.use-cases.txt
103.10.24 10:53 B C:\jakarta-tomcat-3.2.4\webapps\cocoon\exslt\set\functions\distinct\set.distinct.use-cases.zip --> ftp.exslt.org /www.exslt.org/public_html/set/functions/distinct set.distinct.use-cases.zip
103.10.24 10:53 B C:\jakarta-tomcat-3.2.4\webapps\cocoon\exslt\set\functions\distinct\set.distinct.xml --> ftp.exslt.org /www.exslt.org/public_html/set/functions/distinct set.distinct.xml
103.10.24 10:53 B C:\jakarta-tomcat-3.2.4\webapps\cocoon\exslt\set\functions\distinct\set.distinct.xsl --> ftp.exslt.org /www.exslt.org/public_html/set/functions/distinct set.distinct.xsl
103.10.24 10:53 B C:\jakarta-tomcat-3.2.4\webapps\cocoon\exslt\set\functions\distinct\set.distinct.zip --> ftp.exslt.org /www.exslt.org/public_html/set/functions/distinct set.distinct.zip
103.10.24 10:53 B C:\jakarta-tomcat-3.2.4\webapps\cocoon\exslt\set\functions\distinct\update.bat --> ftp.exslt.org /www.exslt.org/public_html/set/functions/distinct update.bat
