102.12.02 12:22 B C:\jakarta-tomcat-3.2.4\webapps\cocoon\exslt\public_html\func\result\func.result.1.html <-- ftp.exslt.org /www.exslt.org/public_html/func/result func.result.1.html
102.12.02 12:22 B C:\jakarta-tomcat-3.2.4\webapps\cocoon\exslt\public_html\func\result\func.result.1.xml <-- ftp.exslt.org /www.exslt.org/public_html/func/result func.result.1.xml
102.12.02 12:22 B C:\jakarta-tomcat-3.2.4\webapps\cocoon\exslt\public_html\func\result\func.result.2.html <-- ftp.exslt.org /www.exslt.org/public_html/func/result func.result.2.html
102.12.02 12:22 B C:\jakarta-tomcat-3.2.4\webapps\cocoon\exslt\public_html\func\result\func.result.2.xml <-- ftp.exslt.org /www.exslt.org/public_html/func/result func.result.2.xml
102.12.02 12:22 B C:\jakarta-tomcat-3.2.4\webapps\cocoon\exslt\public_html\func\result\func.result.3.html <-- ftp.exslt.org /www.exslt.org/public_html/func/result func.result.3.html
102.12.02 12:22 B C:\jakarta-tomcat-3.2.4\webapps\cocoon\exslt\public_html\func\result\func.result.html <-- ftp.exslt.org /www.exslt.org/public_html/func/result func.result.html
102.12.02 12:22 B C:\jakarta-tomcat-3.2.4\webapps\cocoon\exslt\public_html\func\result\func.result.package.txt <-- ftp.exslt.org /www.exslt.org/public_html/func/result func.result.package.txt
102.12.02 12:22 B C:\jakarta-tomcat-3.2.4\webapps\cocoon\exslt\public_html\func\result\func.result.use-cases.txt <-- ftp.exslt.org /www.exslt.org/public_html/func/result func.result.use-cases.txt
102.12.02 12:22 B C:\jakarta-tomcat-3.2.4\webapps\cocoon\exslt\public_html\func\result\func.result.use-cases.zip <-- ftp.exslt.org /www.exslt.org/public_html/func/result func.result.use-cases.zip
102.12.02 12:22 B C:\jakarta-tomcat-3.2.4\webapps\cocoon\exslt\public_html\func\result\func.result.xml <-- ftp.exslt.org /www.exslt.org/public_html/func/result func.result.xml
102.12.02 12:22 B C:\jakarta-tomcat-3.2.4\webapps\cocoon\exslt\public_html\func\result\func.result.zip <-- ftp.exslt.org /www.exslt.org/public_html/func/result func.result.zip
102.12.02 12:22 B C:\jakarta-tomcat-3.2.4\webapps\cocoon\exslt\public_html\func\result\index.html <-- ftp.exslt.org /www.exslt.org/public_html/func/result index.html
102.12.02 12:22 B C:\jakarta-tomcat-3.2.4\webapps\cocoon\exslt\public_html\func\result\out.html <-- ftp.exslt.org /www.exslt.org/public_html/func/result out.html
102.12.02 12:22 B C:\jakarta-tomcat-3.2.4\webapps\cocoon\exslt\public_html\func\result\update.bat <-- ftp.exslt.org /www.exslt.org/public_html/func/result update.bat
102.12.03 11:11 B C:\jakarta-tomcat-3.2.4\webapps\cocoon\exslt\func\result\func.result.1.html --> ftp.exslt.org /www.exslt.org/public_html/func/result func.result.1.html
102.12.03 11:11 B C:\jakarta-tomcat-3.2.4\webapps\cocoon\exslt\func\result\func.result.1.xml --> ftp.exslt.org /www.exslt.org/public_html/func/result func.result.1.xml
102.12.03 11:11 B C:\jakarta-tomcat-3.2.4\webapps\cocoon\exslt\func\result\func.result.2.html --> ftp.exslt.org /www.exslt.org/public_html/func/result func.result.2.html
102.12.03 11:11 B C:\jakarta-tomcat-3.2.4\webapps\cocoon\exslt\func\result\func.result.2.xml --> ftp.exslt.org /www.exslt.org/public_html/func/result func.result.2.xml
102.12.03 11:11 B C:\jakarta-tomcat-3.2.4\webapps\cocoon\exslt\func\result\func.result.3.html --> ftp.exslt.org /www.exslt.org/public_html/func/result func.result.3.html
102.12.03 11:11 B C:\jakarta-tomcat-3.2.4\webapps\cocoon\exslt\func\result\func.result.html --> ftp.exslt.org /www.exslt.org/public_html/func/result func.result.html
102.12.03 11:11 B C:\jakarta-tomcat-3.2.4\webapps\cocoon\exslt\func\result\func.result.package.txt --> ftp.exslt.org /www.exslt.org/public_html/func/result func.result.package.txt
102.12.03 11:11 B C:\jakarta-tomcat-3.2.4\webapps\cocoon\exslt\func\result\func.result.use-cases.txt --> ftp.exslt.org /www.exslt.org/public_html/func/result func.result.use-cases.txt
102.12.03 11:11 B C:\jakarta-tomcat-3.2.4\webapps\cocoon\exslt\func\result\func.result.use-cases.zip --> ftp.exslt.org /www.exslt.org/public_html/func/result func.result.use-cases.zip
102.12.03 11:11 B C:\jakarta-tomcat-3.2.4\webapps\cocoon\exslt\func\result\func.result.xml --> ftp.exslt.org /www.exslt.org/public_html/func/result func.result.xml
102.12.03 11:11 B C:\jakarta-tomcat-3.2.4\webapps\cocoon\exslt\func\result\func.result.zip --> ftp.exslt.org /www.exslt.org/public_html/func/result func.result.zip
102.12.03 11:11 B C:\jakarta-tomcat-3.2.4\webapps\cocoon\exslt\func\result\index.html --> ftp.exslt.org /www.exslt.org/public_html/func/result index.html
102.12.03 11:11 B C:\jakarta-tomcat-3.2.4\webapps\cocoon\exslt\func\result\out.html --> ftp.exslt.org /www.exslt.org/public_html/func/result out.html
102.12.03 11:11 B C:\jakarta-tomcat-3.2.4\webapps\cocoon\exslt\func\result\update.bat --> ftp.exslt.org /www.exslt.org/public_html/func/result update.bat
102.12.03 11:11 B C:\jakarta-tomcat-3.2.4\webapps\cocoon\exslt\func\result\WS_FTP.LOG --> ftp.exslt.org /www.exslt.org/public_html/func/result WS_FTP.LOG
102.12.11 11:05 B C:\jakarta-tomcat-3.2.4\webapps\cocoon\exslt\func\result\func.result.1.html --> ftp.exslt.org /www.exslt.org/public_html/func/result func.result.1.html
102.12.11 11:05 B C:\jakarta-tomcat-3.2.4\webapps\cocoon\exslt\func\result\func.result.1.xml --> ftp.exslt.org /www.exslt.org/public_html/func/result func.result.1.xml
102.12.11 11:05 B C:\jakarta-tomcat-3.2.4\webapps\cocoon\exslt\func\result\func.result.2.html --> ftp.exslt.org /www.exslt.org/public_html/func/result func.result.2.html
102.12.11 11:05 B C:\jakarta-tomcat-3.2.4\webapps\cocoon\exslt\func\result\func.result.2.xml --> ftp.exslt.org /www.exslt.org/public_html/func/result func.result.2.xml
102.12.11 11:05 B C:\jakarta-tomcat-3.2.4\webapps\cocoon\exslt\func\result\func.result.3.html --> ftp.exslt.org /www.exslt.org/public_html/func/result func.result.3.html
102.12.11 11:05 B C:\jakarta-tomcat-3.2.4\webapps\cocoon\exslt\func\result\func.result.html --> ftp.exslt.org /www.exslt.org/public_html/func/result func.result.html
102.12.11 11:05 B C:\jakarta-tomcat-3.2.4\webapps\cocoon\exslt\func\result\func.result.package.txt --> ftp.exslt.org /www.exslt.org/public_html/func/result func.result.package.txt
102.12.11 11:05 B C:\jakarta-tomcat-3.2.4\webapps\cocoon\exslt\func\result\func.result.use-cases.txt --> ftp.exslt.org /www.exslt.org/public_html/func/result func.result.use-cases.txt
102.12.11 11:05 B C:\jakarta-tomcat-3.2.4\webapps\cocoon\exslt\func\result\func.result.use-cases.zip --> ftp.exslt.org /www.exslt.org/public_html/func/result func.result.use-cases.zip
102.12.11 11:05 B C:\jakarta-tomcat-3.2.4\webapps\cocoon\exslt\func\result\func.result.xml --> ftp.exslt.org /www.exslt.org/public_html/func/result func.result.xml
102.12.11 11:05 B C:\jakarta-tomcat-3.2.4\webapps\cocoon\exslt\func\result\func.result.zip --> ftp.exslt.org /www.exslt.org/public_html/func/result func.result.zip
102.12.11 11:05 B C:\jakarta-tomcat-3.2.4\webapps\cocoon\exslt\func\result\index.html --> ftp.exslt.org /www.exslt.org/public_html/func/result index.html
102.12.11 11:05 B C:\jakarta-tomcat-3.2.4\webapps\cocoon\exslt\func\result\out.html --> ftp.exslt.org /www.exslt.org/public_html/func/result out.html
102.12.11 11:05 B C:\jakarta-tomcat-3.2.4\webapps\cocoon\exslt\func\result\update.bat --> ftp.exslt.org /www.exslt.org/public_html/func/result update.bat
103.09.29 15:37 B C:\jakarta-tomcat-3.2.4\webapps\cocoon\exslt\func\result\WS_FTP.LOG <-- ftp.exslt.org /www.exslt.org/public_html/func/result WS_FTP.LOG
103.10.21 13:07 B C:\jakarta-tomcat-3.2.4\webapps\cocoon\exslt\func\result\func.result.1.html --> marian.cs.nott.ac.uk /stud/pg/cds/exslt/func/result func.result.1.html
103.10.21 13:07 B C:\jakarta-tomcat-3.2.4\webapps\cocoon\exslt\func\result\func.result.1.xml --> marian.cs.nott.ac.uk /stud/pg/cds/exslt/func/result func.result.1.xml
103.10.21 13:07 B C:\jakarta-tomcat-3.2.4\webapps\cocoon\exslt\func\result\func.result.2.html --> marian.cs.nott.ac.uk /stud/pg/cds/exslt/func/result func.result.2.html
103.10.21 13:07 B C:\jakarta-tomcat-3.2.4\webapps\cocoon\exslt\func\result\func.result.2.xml --> marian.cs.nott.ac.uk /stud/pg/cds/exslt/func/result func.result.2.xml
103.10.21 13:07 B C:\jakarta-tomcat-3.2.4\webapps\cocoon\exslt\func\result\func.result.3.html --> marian.cs.nott.ac.uk /stud/pg/cds/exslt/func/result func.result.3.html
103.10.21 13:07 B C:\jakarta-tomcat-3.2.4\webapps\cocoon\exslt\func\result\func.result.html --> marian.cs.nott.ac.uk /stud/pg/cds/exslt/func/result func.result.html
103.10.21 13:07 B C:\jakarta-tomcat-3.2.4\webapps\cocoon\exslt\func\result\func.result.package.txt --> marian.cs.nott.ac.uk /stud/pg/cds/exslt/func/result func.result.package.txt
103.10.21 13:07 B C:\jakarta-tomcat-3.2.4\webapps\cocoon\exslt\func\result\func.result.use-cases.txt --> marian.cs.nott.ac.uk /stud/pg/cds/exslt/func/result func.result.use-cases.txt
103.10.21 13:07 B C:\jakarta-tomcat-3.2.4\webapps\cocoon\exslt\func\result\func.result.use-cases.zip --> marian.cs.nott.ac.uk /stud/pg/cds/exslt/func/result func.result.use-cases.zip
103.10.21 13:07 B C:\jakarta-tomcat-3.2.4\webapps\cocoon\exslt\func\result\func.result.xml --> marian.cs.nott.ac.uk /stud/pg/cds/exslt/func/result func.result.xml
103.10.21 13:07 B C:\jakarta-tomcat-3.2.4\webapps\cocoon\exslt\func\result\func.result.zip --> marian.cs.nott.ac.uk /stud/pg/cds/exslt/func/result func.result.zip
103.10.21 13:07 B C:\jakarta-tomcat-3.2.4\webapps\cocoon\exslt\func\result\index.html --> marian.cs.nott.ac.uk /stud/pg/cds/exslt/func/result index.html
103.10.21 13:07 B C:\jakarta-tomcat-3.2.4\webapps\cocoon\exslt\func\result\out.html --> marian.cs.nott.ac.uk /stud/pg/cds/exslt/func/result out.html
103.10.21 13:07 B C:\jakarta-tomcat-3.2.4\webapps\cocoon\exslt\func\result\update.bat --> marian.cs.nott.ac.uk /stud/pg/cds/exslt/func/result update.bat
103.10.21 13:07 B C:\jakarta-tomcat-3.2.4\webapps\cocoon\exslt\func\result\WS_FTP.LOG --> marian.cs.nott.ac.uk /stud/pg/cds/exslt/func/result WS_FTP.LOG
103.10.23 15:54 B C:\jakarta-tomcat-3.2.4\webapps\cocoon\exslt\func\result\func.result.1.html --> ftp.exslt.org /www.exslt.org/public_html/func/result func.result.1.html
103.10.23 15:54 B C:\jakarta-tomcat-3.2.4\webapps\cocoon\exslt\func\result\func.result.1.xml --> ftp.exslt.org /www.exslt.org/public_html/func/result func.result.1.xml
103.10.23 15:54 B C:\jakarta-tomcat-3.2.4\webapps\cocoon\exslt\func\result\func.result.2.html --> ftp.exslt.org /www.exslt.org/public_html/func/result func.result.2.html
103.10.23 15:54 B C:\jakarta-tomcat-3.2.4\webapps\cocoon\exslt\func\result\func.result.2.xml --> ftp.exslt.org /www.exslt.org/public_html/func/result func.result.2.xml
103.10.23 15:54 B C:\jakarta-tomcat-3.2.4\webapps\cocoon\exslt\func\result\func.result.3.html --> ftp.exslt.org /www.exslt.org/public_html/func/result func.result.3.html
103.10.23 15:54 B C:\jakarta-tomcat-3.2.4\webapps\cocoon\exslt\func\result\func.result.html --> ftp.exslt.org /www.exslt.org/public_html/func/result func.result.html
103.10.23 15:54 B C:\jakarta-tomcat-3.2.4\webapps\cocoon\exslt\func\result\func.result.package.txt --> ftp.exslt.org /www.exslt.org/public_html/func/result func.result.package.txt
103.10.23 15:54 B C:\jakarta-tomcat-3.2.4\webapps\cocoon\exslt\func\result\func.result.use-cases.txt --> ftp.exslt.org /www.exslt.org/public_html/func/result func.result.use-cases.txt
103.10.23 15:54 B C:\jakarta-tomcat-3.2.4\webapps\cocoon\exslt\func\result\func.result.use-cases.zip --> ftp.exslt.org /www.exslt.org/public_html/func/result func.result.use-cases.zip
103.10.23 15:54 B C:\jakarta-tomcat-3.2.4\webapps\cocoon\exslt\func\result\func.result.xml --> ftp.exslt.org /www.exslt.org/public_html/func/result func.result.xml
103.10.23 15:54 B C:\jakarta-tomcat-3.2.4\webapps\cocoon\exslt\func\result\func.result.zip --> ftp.exslt.org /www.exslt.org/public_html/func/result func.result.zip
103.10.23 15:54 B C:\jakarta-tomcat-3.2.4\webapps\cocoon\exslt\func\result\index.html --> ftp.exslt.org /www.exslt.org/public_html/func/result index.html
103.10.23 15:54 B C:\jakarta-tomcat-3.2.4\webapps\cocoon\exslt\func\result\out.html --> ftp.exslt.org /www.exslt.org/public_html/func/result out.html
103.10.23 15:55 B C:\jakarta-tomcat-3.2.4\webapps\cocoon\exslt\func\result\update.bat --> ftp.exslt.org /www.exslt.org/public_html/func/result update.bat
103.10.23 16:14 B C:\jakarta-tomcat-3.2.4\webapps\cocoon\exslt\func\result\func.result.1.html --> ftp.exslt.org /www.exslt.org/public_html/func/result func.result.1.html
103.10.23 16:14 B C:\jakarta-tomcat-3.2.4\webapps\cocoon\exslt\func\result\func.result.1.xml --> ftp.exslt.org /www.exslt.org/public_html/func/result func.result.1.xml
103.10.23 16:14 B C:\jakarta-tomcat-3.2.4\webapps\cocoon\exslt\func\result\func.result.2.html --> ftp.exslt.org /www.exslt.org/public_html/func/result func.result.2.html
103.10.23 16:14 B C:\jakarta-tomcat-3.2.4\webapps\cocoon\exslt\func\result\func.result.2.xml --> ftp.exslt.org /www.exslt.org/public_html/func/result func.result.2.xml
103.10.23 16:14 B C:\jakarta-tomcat-3.2.4\webapps\cocoon\exslt\func\result\func.result.3.html --> ftp.exslt.org /www.exslt.org/public_html/func/result func.result.3.html
103.10.23 16:14 B C:\jakarta-tomcat-3.2.4\webapps\cocoon\exslt\func\result\func.result.html --> ftp.exslt.org /www.exslt.org/public_html/func/result func.result.html
103.10.23 16:14 B C:\jakarta-tomcat-3.2.4\webapps\cocoon\exslt\func\result\func.result.package.txt --> ftp.exslt.org /www.exslt.org/public_html/func/result func.result.package.txt
103.10.23 16:14 B C:\jakarta-tomcat-3.2.4\webapps\cocoon\exslt\func\result\func.result.use-cases.txt --> ftp.exslt.org /www.exslt.org/public_html/func/result func.result.use-cases.txt
103.10.23 16:14 B C:\jakarta-tomcat-3.2.4\webapps\cocoon\exslt\func\result\func.result.use-cases.zip --> ftp.exslt.org /www.exslt.org/public_html/func/result func.result.use-cases.zip
103.10.23 16:14 B C:\jakarta-tomcat-3.2.4\webapps\cocoon\exslt\func\result\func.result.xml --> ftp.exslt.org /www.exslt.org/public_html/func/result func.result.xml
103.10.23 16:14 B C:\jakarta-tomcat-3.2.4\webapps\cocoon\exslt\func\result\func.result.zip --> ftp.exslt.org /www.exslt.org/public_html/func/result func.result.zip
103.10.23 16:15 B C:\jakarta-tomcat-3.2.4\webapps\cocoon\exslt\func\result\index.html --> ftp.exslt.org /www.exslt.org/public_html/func/result index.html
103.10.23 16:15 B C:\jakarta-tomcat-3.2.4\webapps\cocoon\exslt\func\result\out.html --> ftp.exslt.org /www.exslt.org/public_html/func/result out.html
103.10.23 16:15 B C:\jakarta-tomcat-3.2.4\webapps\cocoon\exslt\func\result\update.bat --> ftp.exslt.org /www.exslt.org/public_html/func/result update.bat
