102.08.21 17:33 B C:\jakarta-tomcat-3.2.4\webapps\cocoon\exslt\set\functions\difference\base.css --> ftp.exslt.org /www.exslt.org/public_html/set/functions/difference base.css
102.08.21 17:33 B C:\jakarta-tomcat-3.2.4\webapps\cocoon\exslt\set\functions\difference\index.html --> ftp.exslt.org /www.exslt.org/public_html/set/functions/difference index.html
102.08.21 17:33 B C:\jakarta-tomcat-3.2.4\webapps\cocoon\exslt\set\functions\difference\refresh.bat --> ftp.exslt.org /www.exslt.org/public_html/set/functions/difference refresh.bat
102.08.21 17:33 B C:\jakarta-tomcat-3.2.4\webapps\cocoon\exslt\set\functions\difference\set.difference.1.html --> ftp.exslt.org /www.exslt.org/public_html/set/functions/difference set.difference.1.html
102.08.21 17:33 B C:\jakarta-tomcat-3.2.4\webapps\cocoon\exslt\set\functions\difference\set.difference.1.xsl --> ftp.exslt.org /www.exslt.org/public_html/set/functions/difference set.difference.1.xsl
102.08.21 17:33 B C:\jakarta-tomcat-3.2.4\webapps\cocoon\exslt\set\functions\difference\set.difference.data.1.xml --> ftp.exslt.org /www.exslt.org/public_html/set/functions/difference set.difference.data.1.xml
102.08.21 17:33 B C:\jakarta-tomcat-3.2.4\webapps\cocoon\exslt\set\functions\difference\set.difference.function.xsl --> ftp.exslt.org /www.exslt.org/public_html/set/functions/difference set.difference.function.xsl
102.08.21 17:33 B C:\jakarta-tomcat-3.2.4\webapps\cocoon\exslt\set\functions\difference\set.difference.function.xsl.html --> ftp.exslt.org /www.exslt.org/public_html/set/functions/difference set.difference.function.xsl.html
102.08.21 17:33 B C:\jakarta-tomcat-3.2.4\webapps\cocoon\exslt\set\functions\difference\set.difference.html --> ftp.exslt.org /www.exslt.org/public_html/set/functions/difference set.difference.html
102.08.21 17:33 B C:\jakarta-tomcat-3.2.4\webapps\cocoon\exslt\set\functions\difference\set.difference.package.txt --> ftp.exslt.org /www.exslt.org/public_html/set/functions/difference set.difference.package.txt
102.08.21 17:33 B C:\jakarta-tomcat-3.2.4\webapps\cocoon\exslt\set\functions\difference\set.difference.result.1.xml --> ftp.exslt.org /www.exslt.org/public_html/set/functions/difference set.difference.result.1.xml
102.08.21 17:33 B C:\jakarta-tomcat-3.2.4\webapps\cocoon\exslt\set\functions\difference\set.difference.template.xsl --> ftp.exslt.org /www.exslt.org/public_html/set/functions/difference set.difference.template.xsl
102.08.21 17:33 B C:\jakarta-tomcat-3.2.4\webapps\cocoon\exslt\set\functions\difference\set.difference.template.xsl.html --> ftp.exslt.org /www.exslt.org/public_html/set/functions/difference set.difference.template.xsl.html
102.08.21 17:33 B C:\jakarta-tomcat-3.2.4\webapps\cocoon\exslt\set\functions\difference\set.difference.use-case.1.html --> ftp.exslt.org /www.exslt.org/public_html/set/functions/difference set.difference.use-case.1.html
102.08.21 17:33 B C:\jakarta-tomcat-3.2.4\webapps\cocoon\exslt\set\functions\difference\set.difference.use-cases.txt --> ftp.exslt.org /www.exslt.org/public_html/set/functions/difference set.difference.use-cases.txt
102.08.21 17:33 B C:\jakarta-tomcat-3.2.4\webapps\cocoon\exslt\set\functions\difference\set.difference.use-cases.zip --> ftp.exslt.org /www.exslt.org/public_html/set/functions/difference set.difference.use-cases.zip
102.08.21 17:33 B C:\jakarta-tomcat-3.2.4\webapps\cocoon\exslt\set\functions\difference\set.difference.xml --> ftp.exslt.org /www.exslt.org/public_html/set/functions/difference set.difference.xml
102.08.21 17:33 B C:\jakarta-tomcat-3.2.4\webapps\cocoon\exslt\set\functions\difference\set.difference.xsl --> ftp.exslt.org /www.exslt.org/public_html/set/functions/difference set.difference.xsl
102.08.21 17:33 B C:\jakarta-tomcat-3.2.4\webapps\cocoon\exslt\set\functions\difference\set.difference.zip --> ftp.exslt.org /www.exslt.org/public_html/set/functions/difference set.difference.zip
102.08.21 17:33 B C:\jakarta-tomcat-3.2.4\webapps\cocoon\exslt\set\functions\difference\update.bat --> ftp.exslt.org /www.exslt.org/public_html/set/functions/difference update.bat
102.11.19 14:11 B C:\jakarta-tomcat-3.2.4\webapps\cocoon\exslt\set\functions\difference\base.css --> ftp.exslt.org /www.exslt.org/public_html/set/functions/difference base.css
102.11.19 14:11 B C:\jakarta-tomcat-3.2.4\webapps\cocoon\exslt\set\functions\difference\index.html --> ftp.exslt.org /www.exslt.org/public_html/set/functions/difference index.html
102.11.19 14:11 B C:\jakarta-tomcat-3.2.4\webapps\cocoon\exslt\set\functions\difference\refresh.bat --> ftp.exslt.org /www.exslt.org/public_html/set/functions/difference refresh.bat
102.11.19 14:11 B C:\jakarta-tomcat-3.2.4\webapps\cocoon\exslt\set\functions\difference\set.difference.1.html --> ftp.exslt.org /www.exslt.org/public_html/set/functions/difference set.difference.1.html
102.11.19 14:11 B C:\jakarta-tomcat-3.2.4\webapps\cocoon\exslt\set\functions\difference\set.difference.1.xsl --> ftp.exslt.org /www.exslt.org/public_html/set/functions/difference set.difference.1.xsl
102.11.19 14:11 B C:\jakarta-tomcat-3.2.4\webapps\cocoon\exslt\set\functions\difference\set.difference.data.1.xml --> ftp.exslt.org /www.exslt.org/public_html/set/functions/difference set.difference.data.1.xml
102.11.19 14:11 B C:\jakarta-tomcat-3.2.4\webapps\cocoon\exslt\set\functions\difference\set.difference.function.xsl --> ftp.exslt.org /www.exslt.org/public_html/set/functions/difference set.difference.function.xsl
102.11.19 14:11 B C:\jakarta-tomcat-3.2.4\webapps\cocoon\exslt\set\functions\difference\set.difference.function.xsl.html --> ftp.exslt.org /www.exslt.org/public_html/set/functions/difference set.difference.function.xsl.html
102.11.19 14:11 B C:\jakarta-tomcat-3.2.4\webapps\cocoon\exslt\set\functions\difference\set.difference.html --> ftp.exslt.org /www.exslt.org/public_html/set/functions/difference set.difference.html
102.11.19 14:11 B C:\jakarta-tomcat-3.2.4\webapps\cocoon\exslt\set\functions\difference\set.difference.package.txt --> ftp.exslt.org /www.exslt.org/public_html/set/functions/difference set.difference.package.txt
102.11.19 14:11 B C:\jakarta-tomcat-3.2.4\webapps\cocoon\exslt\set\functions\difference\set.difference.result.1.xml --> ftp.exslt.org /www.exslt.org/public_html/set/functions/difference set.difference.result.1.xml
102.11.19 14:11 B C:\jakarta-tomcat-3.2.4\webapps\cocoon\exslt\set\functions\difference\set.difference.template.xsl --> ftp.exslt.org /www.exslt.org/public_html/set/functions/difference set.difference.template.xsl
102.11.19 14:11 B C:\jakarta-tomcat-3.2.4\webapps\cocoon\exslt\set\functions\difference\set.difference.template.xsl.html --> ftp.exslt.org /www.exslt.org/public_html/set/functions/difference set.difference.template.xsl.html
102.11.19 14:11 B C:\jakarta-tomcat-3.2.4\webapps\cocoon\exslt\set\functions\difference\set.difference.use-case.1.html --> ftp.exslt.org /www.exslt.org/public_html/set/functions/difference set.difference.use-case.1.html
102.11.19 14:11 B C:\jakarta-tomcat-3.2.4\webapps\cocoon\exslt\set\functions\difference\set.difference.use-cases.txt --> ftp.exslt.org /www.exslt.org/public_html/set/functions/difference set.difference.use-cases.txt
102.11.19 14:11 B C:\jakarta-tomcat-3.2.4\webapps\cocoon\exslt\set\functions\difference\set.difference.use-cases.zip --> ftp.exslt.org /www.exslt.org/public_html/set/functions/difference set.difference.use-cases.zip
102.11.19 14:11 B C:\jakarta-tomcat-3.2.4\webapps\cocoon\exslt\set\functions\difference\set.difference.xml --> ftp.exslt.org /www.exslt.org/public_html/set/functions/difference set.difference.xml
102.11.19 14:11 B C:\jakarta-tomcat-3.2.4\webapps\cocoon\exslt\set\functions\difference\set.difference.xsl --> ftp.exslt.org /www.exslt.org/public_html/set/functions/difference set.difference.xsl
102.11.19 14:11 B C:\jakarta-tomcat-3.2.4\webapps\cocoon\exslt\set\functions\difference\set.difference.zip --> ftp.exslt.org /www.exslt.org/public_html/set/functions/difference set.difference.zip
102.11.19 14:11 B C:\jakarta-tomcat-3.2.4\webapps\cocoon\exslt\set\functions\difference\update.bat --> ftp.exslt.org /www.exslt.org/public_html/set/functions/difference update.bat
102.12.02 12:33 B C:\jakarta-tomcat-3.2.4\webapps\cocoon\exslt\public_html\set\functions\difference\WS_FTP.LOG <-- ftp.exslt.org /www.exslt.org/public_html/set/functions/difference WS_FTP.LOG
102.12.03 11:12 B C:\jakarta-tomcat-3.2.4\webapps\cocoon\exslt\set\functions\difference\base.css --> ftp.exslt.org /www.exslt.org/public_html/set/functions/difference base.css
102.12.03 11:12 B C:\jakarta-tomcat-3.2.4\webapps\cocoon\exslt\set\functions\difference\index.html --> ftp.exslt.org /www.exslt.org/public_html/set/functions/difference index.html
102.12.03 11:12 B C:\jakarta-tomcat-3.2.4\webapps\cocoon\exslt\set\functions\difference\refresh.bat --> ftp.exslt.org /www.exslt.org/public_html/set/functions/difference refresh.bat
102.12.03 11:12 B C:\jakarta-tomcat-3.2.4\webapps\cocoon\exslt\set\functions\difference\set.difference.1.html --> ftp.exslt.org /www.exslt.org/public_html/set/functions/difference set.difference.1.html
102.12.03 11:12 B C:\jakarta-tomcat-3.2.4\webapps\cocoon\exslt\set\functions\difference\set.difference.1.xsl --> ftp.exslt.org /www.exslt.org/public_html/set/functions/difference set.difference.1.xsl
102.12.03 11:12 B C:\jakarta-tomcat-3.2.4\webapps\cocoon\exslt\set\functions\difference\set.difference.data.1.xml --> ftp.exslt.org /www.exslt.org/public_html/set/functions/difference set.difference.data.1.xml
102.12.03 11:12 B C:\jakarta-tomcat-3.2.4\webapps\cocoon\exslt\set\functions\difference\set.difference.function.xsl --> ftp.exslt.org /www.exslt.org/public_html/set/functions/difference set.difference.function.xsl
102.12.03 11:12 B C:\jakarta-tomcat-3.2.4\webapps\cocoon\exslt\set\functions\difference\set.difference.function.xsl.html --> ftp.exslt.org /www.exslt.org/public_html/set/functions/difference set.difference.function.xsl.html
102.12.03 11:12 B C:\jakarta-tomcat-3.2.4\webapps\cocoon\exslt\set\functions\difference\set.difference.html --> ftp.exslt.org /www.exslt.org/public_html/set/functions/difference set.difference.html
102.12.03 11:12 B C:\jakarta-tomcat-3.2.4\webapps\cocoon\exslt\set\functions\difference\set.difference.package.txt --> ftp.exslt.org /www.exslt.org/public_html/set/functions/difference set.difference.package.txt
102.12.03 11:12 B C:\jakarta-tomcat-3.2.4\webapps\cocoon\exslt\set\functions\difference\set.difference.result.1.xml --> ftp.exslt.org /www.exslt.org/public_html/set/functions/difference set.difference.result.1.xml
102.12.03 11:12 B C:\jakarta-tomcat-3.2.4\webapps\cocoon\exslt\set\functions\difference\set.difference.template.xsl --> ftp.exslt.org /www.exslt.org/public_html/set/functions/difference set.difference.template.xsl
102.12.03 11:12 B C:\jakarta-tomcat-3.2.4\webapps\cocoon\exslt\set\functions\difference\set.difference.template.xsl.html --> ftp.exslt.org /www.exslt.org/public_html/set/functions/difference set.difference.template.xsl.html
102.12.03 11:12 B C:\jakarta-tomcat-3.2.4\webapps\cocoon\exslt\set\functions\difference\set.difference.use-case.1.html --> ftp.exslt.org /www.exslt.org/public_html/set/functions/difference set.difference.use-case.1.html
102.12.03 11:12 B C:\jakarta-tomcat-3.2.4\webapps\cocoon\exslt\set\functions\difference\set.difference.use-cases.txt --> ftp.exslt.org /www.exslt.org/public_html/set/functions/difference set.difference.use-cases.txt
102.12.03 11:12 B C:\jakarta-tomcat-3.2.4\webapps\cocoon\exslt\set\functions\difference\set.difference.use-cases.zip --> ftp.exslt.org /www.exslt.org/public_html/set/functions/difference set.difference.use-cases.zip
102.12.03 11:12 B C:\jakarta-tomcat-3.2.4\webapps\cocoon\exslt\set\functions\difference\set.difference.xml --> ftp.exslt.org /www.exslt.org/public_html/set/functions/difference set.difference.xml
102.12.03 11:12 B C:\jakarta-tomcat-3.2.4\webapps\cocoon\exslt\set\functions\difference\set.difference.xsl --> ftp.exslt.org /www.exslt.org/public_html/set/functions/difference set.difference.xsl
102.12.03 11:12 B C:\jakarta-tomcat-3.2.4\webapps\cocoon\exslt\set\functions\difference\set.difference.zip --> ftp.exslt.org /www.exslt.org/public_html/set/functions/difference set.difference.zip
102.12.03 11:12 B C:\jakarta-tomcat-3.2.4\webapps\cocoon\exslt\set\functions\difference\update.bat --> ftp.exslt.org /www.exslt.org/public_html/set/functions/difference update.bat
102.12.03 11:12 B C:\jakarta-tomcat-3.2.4\webapps\cocoon\exslt\set\functions\difference\WS_FTP.LOG --> ftp.exslt.org /www.exslt.org/public_html/set/functions/difference WS_FTP.LOG
102.12.03 11:15 B C:\jakarta-tomcat-3.2.4\webapps\cocoon\exslt\set\functions\difference\base.css --> ftp.exslt.org /www.exslt.org/public_html/set/functions/difference base.css
102.12.03 11:15 B C:\jakarta-tomcat-3.2.4\webapps\cocoon\exslt\set\functions\difference\index.html --> ftp.exslt.org /www.exslt.org/public_html/set/functions/difference index.html
102.12.03 11:15 B C:\jakarta-tomcat-3.2.4\webapps\cocoon\exslt\set\functions\difference\refresh.bat --> ftp.exslt.org /www.exslt.org/public_html/set/functions/difference refresh.bat
102.12.03 11:15 B C:\jakarta-tomcat-3.2.4\webapps\cocoon\exslt\set\functions\difference\set.difference.1.html --> ftp.exslt.org /www.exslt.org/public_html/set/functions/difference set.difference.1.html
102.12.03 11:15 B C:\jakarta-tomcat-3.2.4\webapps\cocoon\exslt\set\functions\difference\set.difference.1.xsl --> ftp.exslt.org /www.exslt.org/public_html/set/functions/difference set.difference.1.xsl
102.12.03 11:15 B C:\jakarta-tomcat-3.2.4\webapps\cocoon\exslt\set\functions\difference\set.difference.data.1.xml --> ftp.exslt.org /www.exslt.org/public_html/set/functions/difference set.difference.data.1.xml
102.12.03 11:15 B C:\jakarta-tomcat-3.2.4\webapps\cocoon\exslt\set\functions\difference\set.difference.function.xsl --> ftp.exslt.org /www.exslt.org/public_html/set/functions/difference set.difference.function.xsl
102.12.03 11:15 B C:\jakarta-tomcat-3.2.4\webapps\cocoon\exslt\set\functions\difference\set.difference.function.xsl.html --> ftp.exslt.org /www.exslt.org/public_html/set/functions/difference set.difference.function.xsl.html
102.12.03 11:15 B C:\jakarta-tomcat-3.2.4\webapps\cocoon\exslt\set\functions\difference\set.difference.html --> ftp.exslt.org /www.exslt.org/public_html/set/functions/difference set.difference.html
102.12.03 11:15 B C:\jakarta-tomcat-3.2.4\webapps\cocoon\exslt\set\functions\difference\set.difference.package.txt --> ftp.exslt.org /www.exslt.org/public_html/set/functions/difference set.difference.package.txt
102.12.03 11:15 B C:\jakarta-tomcat-3.2.4\webapps\cocoon\exslt\set\functions\difference\set.difference.result.1.xml --> ftp.exslt.org /www.exslt.org/public_html/set/functions/difference set.difference.result.1.xml
102.12.03 11:15 B C:\jakarta-tomcat-3.2.4\webapps\cocoon\exslt\set\functions\difference\set.difference.template.xsl --> ftp.exslt.org /www.exslt.org/public_html/set/functions/difference set.difference.template.xsl
102.12.03 11:15 B C:\jakarta-tomcat-3.2.4\webapps\cocoon\exslt\set\functions\difference\set.difference.template.xsl.html --> ftp.exslt.org /www.exslt.org/public_html/set/functions/difference set.difference.template.xsl.html
102.12.03 11:15 B C:\jakarta-tomcat-3.2.4\webapps\cocoon\exslt\set\functions\difference\set.difference.use-case.1.html --> ftp.exslt.org /www.exslt.org/public_html/set/functions/difference set.difference.use-case.1.html
102.12.03 11:15 B C:\jakarta-tomcat-3.2.4\webapps\cocoon\exslt\set\functions\difference\set.difference.use-cases.txt --> ftp.exslt.org /www.exslt.org/public_html/set/functions/difference set.difference.use-cases.txt
102.12.03 11:15 B C:\jakarta-tomcat-3.2.4\webapps\cocoon\exslt\set\functions\difference\set.difference.use-cases.zip --> ftp.exslt.org /www.exslt.org/public_html/set/functions/difference set.difference.use-cases.zip
102.12.03 11:15 B C:\jakarta-tomcat-3.2.4\webapps\cocoon\exslt\set\functions\difference\set.difference.xml --> ftp.exslt.org /www.exslt.org/public_html/set/functions/difference set.difference.xml
102.12.03 11:15 B C:\jakarta-tomcat-3.2.4\webapps\cocoon\exslt\set\functions\difference\set.difference.xsl --> ftp.exslt.org /www.exslt.org/public_html/set/functions/difference set.difference.xsl
102.12.03 11:15 B C:\jakarta-tomcat-3.2.4\webapps\cocoon\exslt\set\functions\difference\set.difference.zip --> ftp.exslt.org /www.exslt.org/public_html/set/functions/difference set.difference.zip
102.12.03 11:15 B C:\jakarta-tomcat-3.2.4\webapps\cocoon\exslt\set\functions\difference\update.bat --> ftp.exslt.org /www.exslt.org/public_html/set/functions/difference update.bat
102.12.03 11:15 B C:\jakarta-tomcat-3.2.4\webapps\cocoon\exslt\set\functions\difference\WS_FTP.LOG --> ftp.exslt.org /www.exslt.org/public_html/set/functions/difference WS_FTP.LOG
102.12.11 11:07 B C:\jakarta-tomcat-3.2.4\webapps\cocoon\exslt\set\functions\difference\base.css --> ftp.exslt.org /www.exslt.org/public_html/set/functions/difference base.css
102.12.11 11:07 B C:\jakarta-tomcat-3.2.4\webapps\cocoon\exslt\set\functions\difference\index.html --> ftp.exslt.org /www.exslt.org/public_html/set/functions/difference index.html
102.12.11 11:07 B C:\jakarta-tomcat-3.2.4\webapps\cocoon\exslt\set\functions\difference\refresh.bat --> ftp.exslt.org /www.exslt.org/public_html/set/functions/difference refresh.bat
102.12.11 11:07 B C:\jakarta-tomcat-3.2.4\webapps\cocoon\exslt\set\functions\difference\set.difference.1.html --> ftp.exslt.org /www.exslt.org/public_html/set/functions/difference set.difference.1.html
102.12.11 11:07 B C:\jakarta-tomcat-3.2.4\webapps\cocoon\exslt\set\functions\difference\set.difference.1.xsl --> ftp.exslt.org /www.exslt.org/public_html/set/functions/difference set.difference.1.xsl
102.12.11 11:07 B C:\jakarta-tomcat-3.2.4\webapps\cocoon\exslt\set\functions\difference\set.difference.data.1.xml --> ftp.exslt.org /www.exslt.org/public_html/set/functions/difference set.difference.data.1.xml
102.12.11 11:07 B C:\jakarta-tomcat-3.2.4\webapps\cocoon\exslt\set\functions\difference\set.difference.function.xsl --> ftp.exslt.org /www.exslt.org/public_html/set/functions/difference set.difference.function.xsl
102.12.11 11:07 B C:\jakarta-tomcat-3.2.4\webapps\cocoon\exslt\set\functions\difference\set.difference.function.xsl.html --> ftp.exslt.org /www.exslt.org/public_html/set/functions/difference set.difference.function.xsl.html
102.12.11 11:07 B C:\jakarta-tomcat-3.2.4\webapps\cocoon\exslt\set\functions\difference\set.difference.html --> ftp.exslt.org /www.exslt.org/public_html/set/functions/difference set.difference.html
102.12.11 11:07 B C:\jakarta-tomcat-3.2.4\webapps\cocoon\exslt\set\functions\difference\set.difference.package.txt --> ftp.exslt.org /www.exslt.org/public_html/set/functions/difference set.difference.package.txt
102.12.11 11:07 B C:\jakarta-tomcat-3.2.4\webapps\cocoon\exslt\set\functions\difference\set.difference.result.1.xml --> ftp.exslt.org /www.exslt.org/public_html/set/functions/difference set.difference.result.1.xml
102.12.11 11:07 B C:\jakarta-tomcat-3.2.4\webapps\cocoon\exslt\set\functions\difference\set.difference.template.xsl --> ftp.exslt.org /www.exslt.org/public_html/set/functions/difference set.difference.template.xsl
102.12.11 11:07 B C:\jakarta-tomcat-3.2.4\webapps\cocoon\exslt\set\functions\difference\set.difference.template.xsl.html --> ftp.exslt.org /www.exslt.org/public_html/set/functions/difference set.difference.template.xsl.html
102.12.11 11:07 B C:\jakarta-tomcat-3.2.4\webapps\cocoon\exslt\set\functions\difference\set.difference.use-case.1.html --> ftp.exslt.org /www.exslt.org/public_html/set/functions/difference set.difference.use-case.1.html
102.12.11 11:07 B C:\jakarta-tomcat-3.2.4\webapps\cocoon\exslt\set\functions\difference\set.difference.use-cases.txt --> ftp.exslt.org /www.exslt.org/public_html/set/functions/difference set.difference.use-cases.txt
102.12.11 11:07 B C:\jakarta-tomcat-3.2.4\webapps\cocoon\exslt\set\functions\difference\set.difference.use-cases.zip --> ftp.exslt.org /www.exslt.org/public_html/set/functions/difference set.difference.use-cases.zip
102.12.11 11:07 B C:\jakarta-tomcat-3.2.4\webapps\cocoon\exslt\set\functions\difference\set.difference.xml --> ftp.exslt.org /www.exslt.org/public_html/set/functions/difference set.difference.xml
102.12.11 11:07 B C:\jakarta-tomcat-3.2.4\webapps\cocoon\exslt\set\functions\difference\set.difference.xsl --> ftp.exslt.org /www.exslt.org/public_html/set/functions/difference set.difference.xsl
102.12.11 11:07 B C:\jakarta-tomcat-3.2.4\webapps\cocoon\exslt\set\functions\difference\set.difference.zip --> ftp.exslt.org /www.exslt.org/public_html/set/functions/difference set.difference.zip
102.12.11 11:07 B C:\jakarta-tomcat-3.2.4\webapps\cocoon\exslt\set\functions\difference\update.bat --> ftp.exslt.org /www.exslt.org/public_html/set/functions/difference update.bat
102.12.11 11:07 B C:\jakarta-tomcat-3.2.4\webapps\cocoon\exslt\set\functions\difference\WS_FTP.LOG --> ftp.exslt.org /www.exslt.org/public_html/set/functions/difference WS_FTP.LOG
102.12.11 11:11 B C:\jakarta-tomcat-3.2.4\webapps\cocoon\exslt\set\functions\difference\base.css --> ftp.exslt.org /www.exslt.org/public_html/set/functions/difference base.css
102.12.11 11:11 B C:\jakarta-tomcat-3.2.4\webapps\cocoon\exslt\set\functions\difference\index.html --> ftp.exslt.org /www.exslt.org/public_html/set/functions/difference index.html
102.12.11 11:11 B C:\jakarta-tomcat-3.2.4\webapps\cocoon\exslt\set\functions\difference\refresh.bat --> ftp.exslt.org /www.exslt.org/public_html/set/functions/difference refresh.bat
102.12.11 11:11 B C:\jakarta-tomcat-3.2.4\webapps\cocoon\exslt\set\functions\difference\set.difference.1.html --> ftp.exslt.org /www.exslt.org/public_html/set/functions/difference set.difference.1.html
102.12.11 11:11 B C:\jakarta-tomcat-3.2.4\webapps\cocoon\exslt\set\functions\difference\set.difference.1.xsl --> ftp.exslt.org /www.exslt.org/public_html/set/functions/difference set.difference.1.xsl
102.12.11 11:11 B C:\jakarta-tomcat-3.2.4\webapps\cocoon\exslt\set\functions\difference\set.difference.data.1.xml --> ftp.exslt.org /www.exslt.org/public_html/set/functions/difference set.difference.data.1.xml
102.12.11 11:11 B C:\jakarta-tomcat-3.2.4\webapps\cocoon\exslt\set\functions\difference\set.difference.function.xsl --> ftp.exslt.org /www.exslt.org/public_html/set/functions/difference set.difference.function.xsl
102.12.11 11:11 B C:\jakarta-tomcat-3.2.4\webapps\cocoon\exslt\set\functions\difference\set.difference.function.xsl.html --> ftp.exslt.org /www.exslt.org/public_html/set/functions/difference set.difference.function.xsl.html
102.12.11 11:11 B C:\jakarta-tomcat-3.2.4\webapps\cocoon\exslt\set\functions\difference\set.difference.html --> ftp.exslt.org /www.exslt.org/public_html/set/functions/difference set.difference.html
102.12.11 11:11 B C:\jakarta-tomcat-3.2.4\webapps\cocoon\exslt\set\functions\difference\set.difference.package.txt --> ftp.exslt.org /www.exslt.org/public_html/set/functions/difference set.difference.package.txt
102.12.11 11:11 B C:\jakarta-tomcat-3.2.4\webapps\cocoon\exslt\set\functions\difference\set.difference.result.1.xml --> ftp.exslt.org /www.exslt.org/public_html/set/functions/difference set.difference.result.1.xml
102.12.11 11:11 B C:\jakarta-tomcat-3.2.4\webapps\cocoon\exslt\set\functions\difference\set.difference.template.xsl --> ftp.exslt.org /www.exslt.org/public_html/set/functions/difference set.difference.template.xsl
102.12.11 11:11 B C:\jakarta-tomcat-3.2.4\webapps\cocoon\exslt\set\functions\difference\set.difference.template.xsl.html --> ftp.exslt.org /www.exslt.org/public_html/set/functions/difference set.difference.template.xsl.html
102.12.11 11:11 B C:\jakarta-tomcat-3.2.4\webapps\cocoon\exslt\set\functions\difference\set.difference.use-case.1.html --> ftp.exslt.org /www.exslt.org/public_html/set/functions/difference set.difference.use-case.1.html
102.12.11 11:11 B C:\jakarta-tomcat-3.2.4\webapps\cocoon\exslt\set\functions\difference\set.difference.use-cases.txt --> ftp.exslt.org /www.exslt.org/public_html/set/functions/difference set.difference.use-cases.txt
102.12.11 11:11 B C:\jakarta-tomcat-3.2.4\webapps\cocoon\exslt\set\functions\difference\set.difference.use-cases.zip --> ftp.exslt.org /www.exslt.org/public_html/set/functions/difference set.difference.use-cases.zip
102.12.11 11:11 B C:\jakarta-tomcat-3.2.4\webapps\cocoon\exslt\set\functions\difference\set.difference.xml --> ftp.exslt.org /www.exslt.org/public_html/set/functions/difference set.difference.xml
102.12.11 11:11 B C:\jakarta-tomcat-3.2.4\webapps\cocoon\exslt\set\functions\difference\set.difference.xsl --> ftp.exslt.org /www.exslt.org/public_html/set/functions/difference set.difference.xsl
102.12.11 11:11 B C:\jakarta-tomcat-3.2.4\webapps\cocoon\exslt\set\functions\difference\set.difference.zip --> ftp.exslt.org /www.exslt.org/public_html/set/functions/difference set.difference.zip
102.12.11 11:11 B C:\jakarta-tomcat-3.2.4\webapps\cocoon\exslt\set\functions\difference\update.bat --> ftp.exslt.org /www.exslt.org/public_html/set/functions/difference update.bat
103.09.29 15:57 B C:\jakarta-tomcat-3.2.4\webapps\cocoon\exslt\set\functions\difference\WS_FTP.LOG <-- ftp.exslt.org /www.exslt.org/public_html/set/functions/difference WS_FTP.LOG
103.10.21 13:10 B C:\jakarta-tomcat-3.2.4\webapps\cocoon\exslt\set\functions\difference\base.css --> marian.cs.nott.ac.uk /stud/pg/cds/exslt/set/functions/difference base.css
103.10.21 13:10 B C:\jakarta-tomcat-3.2.4\webapps\cocoon\exslt\set\functions\difference\index.html --> marian.cs.nott.ac.uk /stud/pg/cds/exslt/set/functions/difference index.html
103.10.21 13:10 B C:\jakarta-tomcat-3.2.4\webapps\cocoon\exslt\set\functions\difference\refresh.bat --> marian.cs.nott.ac.uk /stud/pg/cds/exslt/set/functions/difference refresh.bat
103.10.21 13:10 B C:\jakarta-tomcat-3.2.4\webapps\cocoon\exslt\set\functions\difference\set.difference.1.html --> marian.cs.nott.ac.uk /stud/pg/cds/exslt/set/functions/difference set.difference.1.html
103.10.21 13:10 B C:\jakarta-tomcat-3.2.4\webapps\cocoon\exslt\set\functions\difference\set.difference.1.xsl --> marian.cs.nott.ac.uk /stud/pg/cds/exslt/set/functions/difference set.difference.1.xsl
103.10.21 13:10 B C:\jakarta-tomcat-3.2.4\webapps\cocoon\exslt\set\functions\difference\set.difference.data.1.xml --> marian.cs.nott.ac.uk /stud/pg/cds/exslt/set/functions/difference set.difference.data.1.xml
103.10.21 13:10 B C:\jakarta-tomcat-3.2.4\webapps\cocoon\exslt\set\functions\difference\set.difference.function.xsl --> marian.cs.nott.ac.uk /stud/pg/cds/exslt/set/functions/difference set.difference.function.xsl
103.10.21 13:10 B C:\jakarta-tomcat-3.2.4\webapps\cocoon\exslt\set\functions\difference\set.difference.function.xsl.html --> marian.cs.nott.ac.uk /stud/pg/cds/exslt/set/functions/difference set.difference.function.xsl.html
103.10.21 13:10 B C:\jakarta-tomcat-3.2.4\webapps\cocoon\exslt\set\functions\difference\set.difference.html --> marian.cs.nott.ac.uk /stud/pg/cds/exslt/set/functions/difference set.difference.html
103.10.21 13:10 B C:\jakarta-tomcat-3.2.4\webapps\cocoon\exslt\set\functions\difference\set.difference.package.txt --> marian.cs.nott.ac.uk /stud/pg/cds/exslt/set/functions/difference set.difference.package.txt
103.10.21 13:10 B C:\jakarta-tomcat-3.2.4\webapps\cocoon\exslt\set\functions\difference\set.difference.result.1.xml --> marian.cs.nott.ac.uk /stud/pg/cds/exslt/set/functions/difference set.difference.result.1.xml
103.10.21 13:10 B C:\jakarta-tomcat-3.2.4\webapps\cocoon\exslt\set\functions\difference\set.difference.template.xsl --> marian.cs.nott.ac.uk /stud/pg/cds/exslt/set/functions/difference set.difference.template.xsl
103.10.21 13:10 B C:\jakarta-tomcat-3.2.4\webapps\cocoon\exslt\set\functions\difference\set.difference.template.xsl.html --> marian.cs.nott.ac.uk /stud/pg/cds/exslt/set/functions/difference set.difference.template.xsl.html
103.10.21 13:10 B C:\jakarta-tomcat-3.2.4\webapps\cocoon\exslt\set\functions\difference\set.difference.use-case.1.html --> marian.cs.nott.ac.uk /stud/pg/cds/exslt/set/functions/difference set.difference.use-case.1.html
103.10.21 13:11 B C:\jakarta-tomcat-3.2.4\webapps\cocoon\exslt\set\functions\difference\set.difference.use-cases.txt --> marian.cs.nott.ac.uk /stud/pg/cds/exslt/set/functions/difference set.difference.use-cases.txt
103.10.21 13:11 B C:\jakarta-tomcat-3.2.4\webapps\cocoon\exslt\set\functions\difference\set.difference.use-cases.zip --> marian.cs.nott.ac.uk /stud/pg/cds/exslt/set/functions/difference set.difference.use-cases.zip
103.10.21 13:11 B C:\jakarta-tomcat-3.2.4\webapps\cocoon\exslt\set\functions\difference\set.difference.xml --> marian.cs.nott.ac.uk /stud/pg/cds/exslt/set/functions/difference set.difference.xml
103.10.21 13:11 B C:\jakarta-tomcat-3.2.4\webapps\cocoon\exslt\set\functions\difference\set.difference.xsl --> marian.cs.nott.ac.uk /stud/pg/cds/exslt/set/functions/difference set.difference.xsl
103.10.21 13:11 B C:\jakarta-tomcat-3.2.4\webapps\cocoon\exslt\set\functions\difference\set.difference.zip --> marian.cs.nott.ac.uk /stud/pg/cds/exslt/set/functions/difference set.difference.zip
103.10.21 13:11 B C:\jakarta-tomcat-3.2.4\webapps\cocoon\exslt\set\functions\difference\update.bat --> marian.cs.nott.ac.uk /stud/pg/cds/exslt/set/functions/difference update.bat
103.10.21 13:11 B C:\jakarta-tomcat-3.2.4\webapps\cocoon\exslt\set\functions\difference\WS_FTP.LOG --> marian.cs.nott.ac.uk /stud/pg/cds/exslt/set/functions/difference WS_FTP.LOG
103.10.24 10:16 B C:\jakarta-tomcat-3.2.4\webapps\cocoon\exslt\set\functions\difference\base.css --> ftp.exslt.org /www.exslt.org/public_html/set/functions/difference base.css
103.10.24 10:16 B C:\jakarta-tomcat-3.2.4\webapps\cocoon\exslt\set\functions\difference\index.html --> ftp.exslt.org /www.exslt.org/public_html/set/functions/difference index.html
103.10.24 10:16 B C:\jakarta-tomcat-3.2.4\webapps\cocoon\exslt\set\functions\difference\refresh.bat --> ftp.exslt.org /www.exslt.org/public_html/set/functions/difference refresh.bat
103.10.24 10:17 B C:\jakarta-tomcat-3.2.4\webapps\cocoon\exslt\set\functions\difference\set.difference.1.html --> ftp.exslt.org /www.exslt.org/public_html/set/functions/difference set.difference.1.html
103.10.24 10:17 B C:\jakarta-tomcat-3.2.4\webapps\cocoon\exslt\set\functions\difference\set.difference.1.xsl --> ftp.exslt.org /www.exslt.org/public_html/set/functions/difference set.difference.1.xsl
103.10.24 10:17 B C:\jakarta-tomcat-3.2.4\webapps\cocoon\exslt\set\functions\difference\set.difference.data.1.xml --> ftp.exslt.org /www.exslt.org/public_html/set/functions/difference set.difference.data.1.xml
103.10.24 10:17 B C:\jakarta-tomcat-3.2.4\webapps\cocoon\exslt\set\functions\difference\set.difference.function.xsl --> ftp.exslt.org /www.exslt.org/public_html/set/functions/difference set.difference.function.xsl
103.10.24 10:17 B C:\jakarta-tomcat-3.2.4\webapps\cocoon\exslt\set\functions\difference\set.difference.function.xsl.html --> ftp.exslt.org /www.exslt.org/public_html/set/functions/difference set.difference.function.xsl.html
103.10.24 10:17 B C:\jakarta-tomcat-3.2.4\webapps\cocoon\exslt\set\functions\difference\set.difference.html --> ftp.exslt.org /www.exslt.org/public_html/set/functions/difference set.difference.html
103.10.24 10:17 B C:\jakarta-tomcat-3.2.4\webapps\cocoon\exslt\set\functions\difference\set.difference.package.txt --> ftp.exslt.org /www.exslt.org/public_html/set/functions/difference set.difference.package.txt
103.10.24 10:17 B C:\jakarta-tomcat-3.2.4\webapps\cocoon\exslt\set\functions\difference\set.difference.result.1.xml --> ftp.exslt.org /www.exslt.org/public_html/set/functions/difference set.difference.result.1.xml
103.10.24 10:17 B C:\jakarta-tomcat-3.2.4\webapps\cocoon\exslt\set\functions\difference\set.difference.template.xsl --> ftp.exslt.org /www.exslt.org/public_html/set/functions/difference set.difference.template.xsl
103.10.24 10:17 B C:\jakarta-tomcat-3.2.4\webapps\cocoon\exslt\set\functions\difference\set.difference.template.xsl.html --> ftp.exslt.org /www.exslt.org/public_html/set/functions/difference set.difference.template.xsl.html
103.10.24 10:17 B C:\jakarta-tomcat-3.2.4\webapps\cocoon\exslt\set\functions\difference\set.difference.use-case.1.html --> ftp.exslt.org /www.exslt.org/public_html/set/functions/difference set.difference.use-case.1.html
103.10.24 10:17 B C:\jakarta-tomcat-3.2.4\webapps\cocoon\exslt\set\functions\difference\set.difference.use-cases.txt --> ftp.exslt.org /www.exslt.org/public_html/set/functions/difference set.difference.use-cases.txt
103.10.24 10:17 B C:\jakarta-tomcat-3.2.4\webapps\cocoon\exslt\set\functions\difference\set.difference.use-cases.zip --> ftp.exslt.org /www.exslt.org/public_html/set/functions/difference set.difference.use-cases.zip
103.10.24 10:17 B C:\jakarta-tomcat-3.2.4\webapps\cocoon\exslt\set\functions\difference\set.difference.xml --> ftp.exslt.org /www.exslt.org/public_html/set/functions/difference set.difference.xml
103.10.24 10:17 B C:\jakarta-tomcat-3.2.4\webapps\cocoon\exslt\set\functions\difference\set.difference.xsl --> ftp.exslt.org /www.exslt.org/public_html/set/functions/difference set.difference.xsl
103.10.24 10:17 B C:\jakarta-tomcat-3.2.4\webapps\cocoon\exslt\set\functions\difference\set.difference.zip --> ftp.exslt.org /www.exslt.org/public_html/set/functions/difference set.difference.zip
103.10.24 10:17 B C:\jakarta-tomcat-3.2.4\webapps\cocoon\exslt\set\functions\difference\update.bat --> ftp.exslt.org /www.exslt.org/public_html/set/functions/difference update.bat
103.10.24 10:17 B C:\jakarta-tomcat-3.2.4\webapps\cocoon\exslt\set\functions\difference\WS_FTP.LOG --> ftp.exslt.org /www.exslt.org/public_html/set/functions/difference WS_FTP.LOG
103.10.24 10:29 B C:\jakarta-tomcat-3.2.4\webapps\cocoon\exslt\set\functions\difference\base.css --> ftp.exslt.org /www.exslt.org/public_html/set/functions/difference base.css
103.10.24 10:29 B C:\jakarta-tomcat-3.2.4\webapps\cocoon\exslt\set\functions\difference\index.html --> ftp.exslt.org /www.exslt.org/public_html/set/functions/difference index.html
103.10.24 10:29 B C:\jakarta-tomcat-3.2.4\webapps\cocoon\exslt\set\functions\difference\refresh.bat --> ftp.exslt.org /www.exslt.org/public_html/set/functions/difference refresh.bat
103.10.24 10:29 B C:\jakarta-tomcat-3.2.4\webapps\cocoon\exslt\set\functions\difference\set.difference.1.html --> ftp.exslt.org /www.exslt.org/public_html/set/functions/difference set.difference.1.html
103.10.24 10:29 B C:\jakarta-tomcat-3.2.4\webapps\cocoon\exslt\set\functions\difference\set.difference.1.xsl --> ftp.exslt.org /www.exslt.org/public_html/set/functions/difference set.difference.1.xsl
103.10.24 10:29 B C:\jakarta-tomcat-3.2.4\webapps\cocoon\exslt\set\functions\difference\set.difference.data.1.xml --> ftp.exslt.org /www.exslt.org/public_html/set/functions/difference set.difference.data.1.xml
103.10.24 10:29 B C:\jakarta-tomcat-3.2.4\webapps\cocoon\exslt\set\functions\difference\set.difference.function.xsl --> ftp.exslt.org /www.exslt.org/public_html/set/functions/difference set.difference.function.xsl
103.10.24 10:30 B C:\jakarta-tomcat-3.2.4\webapps\cocoon\exslt\set\functions\difference\set.difference.function.xsl.html --> ftp.exslt.org /www.exslt.org/public_html/set/functions/difference set.difference.function.xsl.html
103.10.24 10:30 B C:\jakarta-tomcat-3.2.4\webapps\cocoon\exslt\set\functions\difference\set.difference.html --> ftp.exslt.org /www.exslt.org/public_html/set/functions/difference set.difference.html
103.10.24 10:30 B C:\jakarta-tomcat-3.2.4\webapps\cocoon\exslt\set\functions\difference\set.difference.package.txt --> ftp.exslt.org /www.exslt.org/public_html/set/functions/difference set.difference.package.txt
103.10.24 10:30 B C:\jakarta-tomcat-3.2.4\webapps\cocoon\exslt\set\functions\difference\set.difference.result.1.xml --> ftp.exslt.org /www.exslt.org/public_html/set/functions/difference set.difference.result.1.xml
103.10.24 10:30 B C:\jakarta-tomcat-3.2.4\webapps\cocoon\exslt\set\functions\difference\set.difference.template.xsl --> ftp.exslt.org /www.exslt.org/public_html/set/functions/difference set.difference.template.xsl
103.10.24 10:30 B C:\jakarta-tomcat-3.2.4\webapps\cocoon\exslt\set\functions\difference\set.difference.template.xsl.html --> ftp.exslt.org /www.exslt.org/public_html/set/functions/difference set.difference.template.xsl.html
103.10.24 10:30 B C:\jakarta-tomcat-3.2.4\webapps\cocoon\exslt\set\functions\difference\set.difference.use-case.1.html --> ftp.exslt.org /www.exslt.org/public_html/set/functions/difference set.difference.use-case.1.html
103.10.24 10:30 B C:\jakarta-tomcat-3.2.4\webapps\cocoon\exslt\set\functions\difference\set.difference.use-cases.txt --> ftp.exslt.org /www.exslt.org/public_html/set/functions/difference set.difference.use-cases.txt
103.10.24 10:30 B C:\jakarta-tomcat-3.2.4\webapps\cocoon\exslt\set\functions\difference\set.difference.use-cases.zip --> ftp.exslt.org /www.exslt.org/public_html/set/functions/difference set.difference.use-cases.zip
103.10.24 10:30 B C:\jakarta-tomcat-3.2.4\webapps\cocoon\exslt\set\functions\difference\set.difference.xml --> ftp.exslt.org /www.exslt.org/public_html/set/functions/difference set.difference.xml
103.10.24 10:30 B C:\jakarta-tomcat-3.2.4\webapps\cocoon\exslt\set\functions\difference\set.difference.xsl --> ftp.exslt.org /www.exslt.org/public_html/set/functions/difference set.difference.xsl
103.10.24 10:30 B C:\jakarta-tomcat-3.2.4\webapps\cocoon\exslt\set\functions\difference\set.difference.zip --> ftp.exslt.org /www.exslt.org/public_html/set/functions/difference set.difference.zip
103.10.24 10:30 B C:\jakarta-tomcat-3.2.4\webapps\cocoon\exslt\set\functions\difference\update.bat --> ftp.exslt.org /www.exslt.org/public_html/set/functions/difference update.bat
103.10.24 10:30 B C:\jakarta-tomcat-3.2.4\webapps\cocoon\exslt\set\functions\difference\WS_FTP.LOG --> ftp.exslt.org /www.exslt.org/public_html/set/functions/difference WS_FTP.LOG
103.10.24 10:54 B C:\jakarta-tomcat-3.2.4\webapps\cocoon\exslt\set\functions\difference\base.css --> ftp.exslt.org /www.exslt.org/public_html/set/functions/difference base.css
103.10.24 10:54 B C:\jakarta-tomcat-3.2.4\webapps\cocoon\exslt\set\functions\difference\index.html --> ftp.exslt.org /www.exslt.org/public_html/set/functions/difference index.html
103.10.24 10:54 B C:\jakarta-tomcat-3.2.4\webapps\cocoon\exslt\set\functions\difference\refresh.bat --> ftp.exslt.org /www.exslt.org/public_html/set/functions/difference refresh.bat
103.10.24 10:54 B C:\jakarta-tomcat-3.2.4\webapps\cocoon\exslt\set\functions\difference\set.difference.1.html --> ftp.exslt.org /www.exslt.org/public_html/set/functions/difference set.difference.1.html
103.10.24 10:54 B C:\jakarta-tomcat-3.2.4\webapps\cocoon\exslt\set\functions\difference\set.difference.1.xsl --> ftp.exslt.org /www.exslt.org/public_html/set/functions/difference set.difference.1.xsl
103.10.24 10:54 B C:\jakarta-tomcat-3.2.4\webapps\cocoon\exslt\set\functions\difference\set.difference.data.1.xml --> ftp.exslt.org /www.exslt.org/public_html/set/functions/difference set.difference.data.1.xml
103.10.24 10:54 B C:\jakarta-tomcat-3.2.4\webapps\cocoon\exslt\set\functions\difference\set.difference.function.xsl --> ftp.exslt.org /www.exslt.org/public_html/set/functions/difference set.difference.function.xsl
103.10.24 10:54 B C:\jakarta-tomcat-3.2.4\webapps\cocoon\exslt\set\functions\difference\set.difference.function.xsl.html --> ftp.exslt.org /www.exslt.org/public_html/set/functions/difference set.difference.function.xsl.html
103.10.24 10:54 B C:\jakarta-tomcat-3.2.4\webapps\cocoon\exslt\set\functions\difference\set.difference.html --> ftp.exslt.org /www.exslt.org/public_html/set/functions/difference set.difference.html
103.10.24 10:54 B C:\jakarta-tomcat-3.2.4\webapps\cocoon\exslt\set\functions\difference\set.difference.package.txt --> ftp.exslt.org /www.exslt.org/public_html/set/functions/difference set.difference.package.txt
103.10.24 10:54 B C:\jakarta-tomcat-3.2.4\webapps\cocoon\exslt\set\functions\difference\set.difference.result.1.xml --> ftp.exslt.org /www.exslt.org/public_html/set/functions/difference set.difference.result.1.xml
103.10.24 10:54 B C:\jakarta-tomcat-3.2.4\webapps\cocoon\exslt\set\functions\difference\set.difference.template.xsl --> ftp.exslt.org /www.exslt.org/public_html/set/functions/difference set.difference.template.xsl
103.10.24 10:54 B C:\jakarta-tomcat-3.2.4\webapps\cocoon\exslt\set\functions\difference\set.difference.template.xsl.html --> ftp.exslt.org /www.exslt.org/public_html/set/functions/difference set.difference.template.xsl.html
103.10.24 10:54 B C:\jakarta-tomcat-3.2.4\webapps\cocoon\exslt\set\functions\difference\set.difference.use-case.1.html --> ftp.exslt.org /www.exslt.org/public_html/set/functions/difference set.difference.use-case.1.html
103.10.24 10:54 B C:\jakarta-tomcat-3.2.4\webapps\cocoon\exslt\set\functions\difference\set.difference.use-cases.txt --> ftp.exslt.org /www.exslt.org/public_html/set/functions/difference set.difference.use-cases.txt
103.10.24 10:54 B C:\jakarta-tomcat-3.2.4\webapps\cocoon\exslt\set\functions\difference\set.difference.use-cases.zip --> ftp.exslt.org /www.exslt.org/public_html/set/functions/difference set.difference.use-cases.zip
103.10.24 10:54 B C:\jakarta-tomcat-3.2.4\webapps\cocoon\exslt\set\functions\difference\set.difference.xml --> ftp.exslt.org /www.exslt.org/public_html/set/functions/difference set.difference.xml
103.10.24 10:54 B C:\jakarta-tomcat-3.2.4\webapps\cocoon\exslt\set\functions\difference\set.difference.xsl --> ftp.exslt.org /www.exslt.org/public_html/set/functions/difference set.difference.xsl
103.10.24 10:54 B C:\jakarta-tomcat-3.2.4\webapps\cocoon\exslt\set\functions\difference\set.difference.zip --> ftp.exslt.org /www.exslt.org/public_html/set/functions/difference set.difference.zip
103.10.24 10:54 B C:\jakarta-tomcat-3.2.4\webapps\cocoon\exslt\set\functions\difference\update.bat --> ftp.exslt.org /www.exslt.org/public_html/set/functions/difference update.bat
