102.08.21 17:25 B C:\jakarta-tomcat-3.2.4\webapps\cocoon\exslt\date\functions\hour-in-day\base.css --> ftp.exslt.org /www.exslt.org/public_html/date/functions/hour-in-day base.css
102.08.21 17:25 B C:\jakarta-tomcat-3.2.4\webapps\cocoon\exslt\date\functions\hour-in-day\date.hour-in-day.2.html --> ftp.exslt.org /www.exslt.org/public_html/date/functions/hour-in-day date.hour-in-day.2.html
102.08.21 17:25 B C:\jakarta-tomcat-3.2.4\webapps\cocoon\exslt\date\functions\hour-in-day\date.hour-in-day.function.xsl --> ftp.exslt.org /www.exslt.org/public_html/date/functions/hour-in-day date.hour-in-day.function.xsl
102.08.21 17:25 B C:\jakarta-tomcat-3.2.4\webapps\cocoon\exslt\date\functions\hour-in-day\date.hour-in-day.function.xsl.html --> ftp.exslt.org /www.exslt.org/public_html/date/functions/hour-in-day date.hour-in-day.function.xsl.html
102.08.21 17:25 B C:\jakarta-tomcat-3.2.4\webapps\cocoon\exslt\date\functions\hour-in-day\date.hour-in-day.html --> ftp.exslt.org /www.exslt.org/public_html/date/functions/hour-in-day date.hour-in-day.html
102.08.21 17:25 B C:\jakarta-tomcat-3.2.4\webapps\cocoon\exslt\date\functions\hour-in-day\date.hour-in-day.package.txt --> ftp.exslt.org /www.exslt.org/public_html/date/functions/hour-in-day date.hour-in-day.package.txt
102.08.21 17:25 B C:\jakarta-tomcat-3.2.4\webapps\cocoon\exslt\date\functions\hour-in-day\date.hour-in-day.template.xsl --> ftp.exslt.org /www.exslt.org/public_html/date/functions/hour-in-day date.hour-in-day.template.xsl
102.08.21 17:25 B C:\jakarta-tomcat-3.2.4\webapps\cocoon\exslt\date\functions\hour-in-day\date.hour-in-day.template.xsl.html --> ftp.exslt.org /www.exslt.org/public_html/date/functions/hour-in-day date.hour-in-day.template.xsl.html
102.08.21 17:25 B C:\jakarta-tomcat-3.2.4\webapps\cocoon\exslt\date\functions\hour-in-day\date.hour-in-day.use-cases.txt --> ftp.exslt.org /www.exslt.org/public_html/date/functions/hour-in-day date.hour-in-day.use-cases.txt
102.08.21 17:25 B C:\jakarta-tomcat-3.2.4\webapps\cocoon\exslt\date\functions\hour-in-day\date.hour-in-day.use-cases.zip --> ftp.exslt.org /www.exslt.org/public_html/date/functions/hour-in-day date.hour-in-day.use-cases.zip
102.08.21 17:25 B C:\jakarta-tomcat-3.2.4\webapps\cocoon\exslt\date\functions\hour-in-day\date.hour-in-day.xml --> ftp.exslt.org /www.exslt.org/public_html/date/functions/hour-in-day date.hour-in-day.xml
102.08.21 17:25 B C:\jakarta-tomcat-3.2.4\webapps\cocoon\exslt\date\functions\hour-in-day\date.hour-in-day.xsl --> ftp.exslt.org /www.exslt.org/public_html/date/functions/hour-in-day date.hour-in-day.xsl
102.08.21 17:25 B C:\jakarta-tomcat-3.2.4\webapps\cocoon\exslt\date\functions\hour-in-day\date.hour-in-day.zip --> ftp.exslt.org /www.exslt.org/public_html/date/functions/hour-in-day date.hour-in-day.zip
102.08.21 17:25 B C:\jakarta-tomcat-3.2.4\webapps\cocoon\exslt\date\functions\hour-in-day\date.js --> ftp.exslt.org /www.exslt.org/public_html/date/functions/hour-in-day date.js
102.08.21 17:25 B C:\jakarta-tomcat-3.2.4\webapps\cocoon\exslt\date\functions\hour-in-day\date.js.html --> ftp.exslt.org /www.exslt.org/public_html/date/functions/hour-in-day date.js.html
102.08.21 17:25 B C:\jakarta-tomcat-3.2.4\webapps\cocoon\exslt\date\functions\hour-in-day\date.msxsl.xsl --> ftp.exslt.org /www.exslt.org/public_html/date/functions/hour-in-day date.msxsl.xsl
102.08.21 17:25 B C:\jakarta-tomcat-3.2.4\webapps\cocoon\exslt\date\functions\hour-in-day\date.msxsl.xsl.html --> ftp.exslt.org /www.exslt.org/public_html/date/functions/hour-in-day date.msxsl.xsl.html
102.08.21 17:25 B C:\jakarta-tomcat-3.2.4\webapps\cocoon\exslt\date\functions\hour-in-day\index.html --> ftp.exslt.org /www.exslt.org/public_html/date/functions/hour-in-day index.html
102.08.21 17:25 B C:\jakarta-tomcat-3.2.4\webapps\cocoon\exslt\date\functions\hour-in-day\refresh.bat --> ftp.exslt.org /www.exslt.org/public_html/date/functions/hour-in-day refresh.bat
102.08.21 17:25 B C:\jakarta-tomcat-3.2.4\webapps\cocoon\exslt\date\functions\hour-in-day\update.bat --> ftp.exslt.org /www.exslt.org/public_html/date/functions/hour-in-day update.bat
102.08.21 17:31 B C:\jakarta-tomcat-3.2.4\webapps\cocoon\exslt\date\functions\hour-in-day\base.css --> ftp.exslt.org /www.exslt.org/public_html/date/functions/hour-in-day base.css
102.08.21 17:31 B C:\jakarta-tomcat-3.2.4\webapps\cocoon\exslt\date\functions\hour-in-day\date.hour-in-day.2.html --> ftp.exslt.org /www.exslt.org/public_html/date/functions/hour-in-day date.hour-in-day.2.html
102.08.21 17:31 B C:\jakarta-tomcat-3.2.4\webapps\cocoon\exslt\date\functions\hour-in-day\date.hour-in-day.function.xsl --> ftp.exslt.org /www.exslt.org/public_html/date/functions/hour-in-day date.hour-in-day.function.xsl
102.08.21 17:31 B C:\jakarta-tomcat-3.2.4\webapps\cocoon\exslt\date\functions\hour-in-day\date.hour-in-day.function.xsl.html --> ftp.exslt.org /www.exslt.org/public_html/date/functions/hour-in-day date.hour-in-day.function.xsl.html
102.08.21 17:31 B C:\jakarta-tomcat-3.2.4\webapps\cocoon\exslt\date\functions\hour-in-day\date.hour-in-day.html --> ftp.exslt.org /www.exslt.org/public_html/date/functions/hour-in-day date.hour-in-day.html
102.08.21 17:31 B C:\jakarta-tomcat-3.2.4\webapps\cocoon\exslt\date\functions\hour-in-day\date.hour-in-day.package.txt --> ftp.exslt.org /www.exslt.org/public_html/date/functions/hour-in-day date.hour-in-day.package.txt
102.08.21 17:31 B C:\jakarta-tomcat-3.2.4\webapps\cocoon\exslt\date\functions\hour-in-day\date.hour-in-day.template.xsl --> ftp.exslt.org /www.exslt.org/public_html/date/functions/hour-in-day date.hour-in-day.template.xsl
102.08.21 17:31 B C:\jakarta-tomcat-3.2.4\webapps\cocoon\exslt\date\functions\hour-in-day\date.hour-in-day.template.xsl.html --> ftp.exslt.org /www.exslt.org/public_html/date/functions/hour-in-day date.hour-in-day.template.xsl.html
102.08.21 17:31 B C:\jakarta-tomcat-3.2.4\webapps\cocoon\exslt\date\functions\hour-in-day\date.hour-in-day.use-cases.txt --> ftp.exslt.org /www.exslt.org/public_html/date/functions/hour-in-day date.hour-in-day.use-cases.txt
102.08.21 17:31 B C:\jakarta-tomcat-3.2.4\webapps\cocoon\exslt\date\functions\hour-in-day\date.hour-in-day.use-cases.zip --> ftp.exslt.org /www.exslt.org/public_html/date/functions/hour-in-day date.hour-in-day.use-cases.zip
102.08.21 17:31 B C:\jakarta-tomcat-3.2.4\webapps\cocoon\exslt\date\functions\hour-in-day\date.hour-in-day.xml --> ftp.exslt.org /www.exslt.org/public_html/date/functions/hour-in-day date.hour-in-day.xml
102.08.21 17:31 B C:\jakarta-tomcat-3.2.4\webapps\cocoon\exslt\date\functions\hour-in-day\date.hour-in-day.xsl --> ftp.exslt.org /www.exslt.org/public_html/date/functions/hour-in-day date.hour-in-day.xsl
102.08.21 17:31 B C:\jakarta-tomcat-3.2.4\webapps\cocoon\exslt\date\functions\hour-in-day\date.hour-in-day.zip --> ftp.exslt.org /www.exslt.org/public_html/date/functions/hour-in-day date.hour-in-day.zip
102.08.21 17:31 B C:\jakarta-tomcat-3.2.4\webapps\cocoon\exslt\date\functions\hour-in-day\date.js --> ftp.exslt.org /www.exslt.org/public_html/date/functions/hour-in-day date.js
102.08.21 17:31 B C:\jakarta-tomcat-3.2.4\webapps\cocoon\exslt\date\functions\hour-in-day\date.js.html --> ftp.exslt.org /www.exslt.org/public_html/date/functions/hour-in-day date.js.html
102.08.21 17:31 B C:\jakarta-tomcat-3.2.4\webapps\cocoon\exslt\date\functions\hour-in-day\date.msxsl.xsl --> ftp.exslt.org /www.exslt.org/public_html/date/functions/hour-in-day date.msxsl.xsl
102.08.21 17:31 B C:\jakarta-tomcat-3.2.4\webapps\cocoon\exslt\date\functions\hour-in-day\date.msxsl.xsl.html --> ftp.exslt.org /www.exslt.org/public_html/date/functions/hour-in-day date.msxsl.xsl.html
102.08.21 17:31 B C:\jakarta-tomcat-3.2.4\webapps\cocoon\exslt\date\functions\hour-in-day\index.html --> ftp.exslt.org /www.exslt.org/public_html/date/functions/hour-in-day index.html
102.08.21 17:31 B C:\jakarta-tomcat-3.2.4\webapps\cocoon\exslt\date\functions\hour-in-day\refresh.bat --> ftp.exslt.org /www.exslt.org/public_html/date/functions/hour-in-day refresh.bat
102.08.21 17:31 B C:\jakarta-tomcat-3.2.4\webapps\cocoon\exslt\date\functions\hour-in-day\update.bat --> ftp.exslt.org /www.exslt.org/public_html/date/functions/hour-in-day update.bat
102.08.21 17:31 B C:\jakarta-tomcat-3.2.4\webapps\cocoon\exslt\date\functions\hour-in-day\WS_FTP.LOG --> ftp.exslt.org /www.exslt.org/public_html/date/functions/hour-in-day WS_FTP.LOG
102.11.19 13:14 B C:\jakarta-tomcat-3.2.4\webapps\cocoon\exslt\date\functions\hour-in-day\base.css --> ftp.exslt.org /www.exslt.org/public_html/date/functions/hour-in-day base.css
102.11.19 13:14 B C:\jakarta-tomcat-3.2.4\webapps\cocoon\exslt\date\functions\hour-in-day\date.hour-in-day.2.html --> ftp.exslt.org /www.exslt.org/public_html/date/functions/hour-in-day date.hour-in-day.2.html
102.11.19 13:14 B C:\jakarta-tomcat-3.2.4\webapps\cocoon\exslt\date\functions\hour-in-day\date.hour-in-day.function.xsl --> ftp.exslt.org /www.exslt.org/public_html/date/functions/hour-in-day date.hour-in-day.function.xsl
102.11.19 13:14 B C:\jakarta-tomcat-3.2.4\webapps\cocoon\exslt\date\functions\hour-in-day\date.hour-in-day.function.xsl.html --> ftp.exslt.org /www.exslt.org/public_html/date/functions/hour-in-day date.hour-in-day.function.xsl.html
102.11.19 13:14 B C:\jakarta-tomcat-3.2.4\webapps\cocoon\exslt\date\functions\hour-in-day\date.hour-in-day.html --> ftp.exslt.org /www.exslt.org/public_html/date/functions/hour-in-day date.hour-in-day.html
102.11.19 13:14 B C:\jakarta-tomcat-3.2.4\webapps\cocoon\exslt\date\functions\hour-in-day\date.hour-in-day.package.txt --> ftp.exslt.org /www.exslt.org/public_html/date/functions/hour-in-day date.hour-in-day.package.txt
102.11.19 13:14 B C:\jakarta-tomcat-3.2.4\webapps\cocoon\exslt\date\functions\hour-in-day\date.hour-in-day.template.xsl --> ftp.exslt.org /www.exslt.org/public_html/date/functions/hour-in-day date.hour-in-day.template.xsl
102.11.19 13:14 B C:\jakarta-tomcat-3.2.4\webapps\cocoon\exslt\date\functions\hour-in-day\date.hour-in-day.template.xsl.html --> ftp.exslt.org /www.exslt.org/public_html/date/functions/hour-in-day date.hour-in-day.template.xsl.html
102.11.19 13:14 B C:\jakarta-tomcat-3.2.4\webapps\cocoon\exslt\date\functions\hour-in-day\date.hour-in-day.use-cases.txt --> ftp.exslt.org /www.exslt.org/public_html/date/functions/hour-in-day date.hour-in-day.use-cases.txt
102.11.19 13:14 B C:\jakarta-tomcat-3.2.4\webapps\cocoon\exslt\date\functions\hour-in-day\date.hour-in-day.use-cases.zip --> ftp.exslt.org /www.exslt.org/public_html/date/functions/hour-in-day date.hour-in-day.use-cases.zip
102.11.19 13:14 B C:\jakarta-tomcat-3.2.4\webapps\cocoon\exslt\date\functions\hour-in-day\date.hour-in-day.xml --> ftp.exslt.org /www.exslt.org/public_html/date/functions/hour-in-day date.hour-in-day.xml
102.11.19 13:14 B C:\jakarta-tomcat-3.2.4\webapps\cocoon\exslt\date\functions\hour-in-day\date.hour-in-day.xsl --> ftp.exslt.org /www.exslt.org/public_html/date/functions/hour-in-day date.hour-in-day.xsl
102.11.19 13:14 B C:\jakarta-tomcat-3.2.4\webapps\cocoon\exslt\date\functions\hour-in-day\date.hour-in-day.zip --> ftp.exslt.org /www.exslt.org/public_html/date/functions/hour-in-day date.hour-in-day.zip
102.11.19 13:14 B C:\jakarta-tomcat-3.2.4\webapps\cocoon\exslt\date\functions\hour-in-day\date.js --> ftp.exslt.org /www.exslt.org/public_html/date/functions/hour-in-day date.js
102.11.19 13:14 B C:\jakarta-tomcat-3.2.4\webapps\cocoon\exslt\date\functions\hour-in-day\date.js.html --> ftp.exslt.org /www.exslt.org/public_html/date/functions/hour-in-day date.js.html
102.11.19 13:14 B C:\jakarta-tomcat-3.2.4\webapps\cocoon\exslt\date\functions\hour-in-day\date.msxsl.xsl --> ftp.exslt.org /www.exslt.org/public_html/date/functions/hour-in-day date.msxsl.xsl
102.11.19 13:14 B C:\jakarta-tomcat-3.2.4\webapps\cocoon\exslt\date\functions\hour-in-day\date.msxsl.xsl.html --> ftp.exslt.org /www.exslt.org/public_html/date/functions/hour-in-day date.msxsl.xsl.html
102.11.19 13:14 B C:\jakarta-tomcat-3.2.4\webapps\cocoon\exslt\date\functions\hour-in-day\index.html --> ftp.exslt.org /www.exslt.org/public_html/date/functions/hour-in-day index.html
102.11.19 13:14 B C:\jakarta-tomcat-3.2.4\webapps\cocoon\exslt\date\functions\hour-in-day\refresh.bat --> ftp.exslt.org /www.exslt.org/public_html/date/functions/hour-in-day refresh.bat
102.11.19 13:14 B C:\jakarta-tomcat-3.2.4\webapps\cocoon\exslt\date\functions\hour-in-day\update.bat --> ftp.exslt.org /www.exslt.org/public_html/date/functions/hour-in-day update.bat
102.11.19 13:14 B C:\jakarta-tomcat-3.2.4\webapps\cocoon\exslt\date\functions\hour-in-day\WS_FTP.LOG --> ftp.exslt.org /www.exslt.org/public_html/date/functions/hour-in-day WS_FTP.LOG
102.11.19 13:21 B C:\jakarta-tomcat-3.2.4\webapps\cocoon\exslt\date\functions\hour-in-day\base.css --> ftp.exslt.org /www.exslt.org/public_html/date/functions/hour-in-day base.css
102.11.19 13:21 B C:\jakarta-tomcat-3.2.4\webapps\cocoon\exslt\date\functions\hour-in-day\date.hour-in-day.2.html --> ftp.exslt.org /www.exslt.org/public_html/date/functions/hour-in-day date.hour-in-day.2.html
102.11.19 13:21 B C:\jakarta-tomcat-3.2.4\webapps\cocoon\exslt\date\functions\hour-in-day\date.hour-in-day.function.xsl --> ftp.exslt.org /www.exslt.org/public_html/date/functions/hour-in-day date.hour-in-day.function.xsl
102.11.19 13:21 B C:\jakarta-tomcat-3.2.4\webapps\cocoon\exslt\date\functions\hour-in-day\date.hour-in-day.function.xsl.html --> ftp.exslt.org /www.exslt.org/public_html/date/functions/hour-in-day date.hour-in-day.function.xsl.html
102.11.19 13:21 B C:\jakarta-tomcat-3.2.4\webapps\cocoon\exslt\date\functions\hour-in-day\date.hour-in-day.html --> ftp.exslt.org /www.exslt.org/public_html/date/functions/hour-in-day date.hour-in-day.html
102.11.19 13:21 B C:\jakarta-tomcat-3.2.4\webapps\cocoon\exslt\date\functions\hour-in-day\date.hour-in-day.package.txt --> ftp.exslt.org /www.exslt.org/public_html/date/functions/hour-in-day date.hour-in-day.package.txt
102.11.19 13:21 B C:\jakarta-tomcat-3.2.4\webapps\cocoon\exslt\date\functions\hour-in-day\date.hour-in-day.template.xsl --> ftp.exslt.org /www.exslt.org/public_html/date/functions/hour-in-day date.hour-in-day.template.xsl
102.11.19 13:21 B C:\jakarta-tomcat-3.2.4\webapps\cocoon\exslt\date\functions\hour-in-day\date.hour-in-day.template.xsl.html --> ftp.exslt.org /www.exslt.org/public_html/date/functions/hour-in-day date.hour-in-day.template.xsl.html
102.11.19 13:21 B C:\jakarta-tomcat-3.2.4\webapps\cocoon\exslt\date\functions\hour-in-day\date.hour-in-day.use-cases.txt --> ftp.exslt.org /www.exslt.org/public_html/date/functions/hour-in-day date.hour-in-day.use-cases.txt
102.11.19 13:21 B C:\jakarta-tomcat-3.2.4\webapps\cocoon\exslt\date\functions\hour-in-day\date.hour-in-day.use-cases.zip --> ftp.exslt.org /www.exslt.org/public_html/date/functions/hour-in-day date.hour-in-day.use-cases.zip
102.11.19 13:21 B C:\jakarta-tomcat-3.2.4\webapps\cocoon\exslt\date\functions\hour-in-day\date.hour-in-day.xml --> ftp.exslt.org /www.exslt.org/public_html/date/functions/hour-in-day date.hour-in-day.xml
102.11.19 13:21 B C:\jakarta-tomcat-3.2.4\webapps\cocoon\exslt\date\functions\hour-in-day\date.hour-in-day.xsl --> ftp.exslt.org /www.exslt.org/public_html/date/functions/hour-in-day date.hour-in-day.xsl
102.11.19 13:21 B C:\jakarta-tomcat-3.2.4\webapps\cocoon\exslt\date\functions\hour-in-day\date.hour-in-day.zip --> ftp.exslt.org /www.exslt.org/public_html/date/functions/hour-in-day date.hour-in-day.zip
102.11.19 13:21 B C:\jakarta-tomcat-3.2.4\webapps\cocoon\exslt\date\functions\hour-in-day\date.js --> ftp.exslt.org /www.exslt.org/public_html/date/functions/hour-in-day date.js
102.11.19 13:21 B C:\jakarta-tomcat-3.2.4\webapps\cocoon\exslt\date\functions\hour-in-day\date.js.html --> ftp.exslt.org /www.exslt.org/public_html/date/functions/hour-in-day date.js.html
102.11.19 13:21 B C:\jakarta-tomcat-3.2.4\webapps\cocoon\exslt\date\functions\hour-in-day\date.msxsl.xsl --> ftp.exslt.org /www.exslt.org/public_html/date/functions/hour-in-day date.msxsl.xsl
102.11.19 13:21 B C:\jakarta-tomcat-3.2.4\webapps\cocoon\exslt\date\functions\hour-in-day\date.msxsl.xsl.html --> ftp.exslt.org /www.exslt.org/public_html/date/functions/hour-in-day date.msxsl.xsl.html
102.11.19 13:21 B C:\jakarta-tomcat-3.2.4\webapps\cocoon\exslt\date\functions\hour-in-day\index.html --> ftp.exslt.org /www.exslt.org/public_html/date/functions/hour-in-day index.html
102.11.19 13:21 B C:\jakarta-tomcat-3.2.4\webapps\cocoon\exslt\date\functions\hour-in-day\refresh.bat --> ftp.exslt.org /www.exslt.org/public_html/date/functions/hour-in-day refresh.bat
102.11.19 13:21 B C:\jakarta-tomcat-3.2.4\webapps\cocoon\exslt\date\functions\hour-in-day\update.bat --> ftp.exslt.org /www.exslt.org/public_html/date/functions/hour-in-day update.bat
102.12.02 12:21 B C:\jakarta-tomcat-3.2.4\webapps\cocoon\exslt\public_html\date\functions\hour-in-day\WS_FTP.LOG <-- ftp.exslt.org /www.exslt.org/public_html/date/functions/hour-in-day WS_FTP.LOG
102.12.03 11:10 B C:\jakarta-tomcat-3.2.4\webapps\cocoon\exslt\date\functions\hour-in-day\base.css --> ftp.exslt.org /www.exslt.org/public_html/date/functions/hour-in-day base.css
102.12.03 11:10 B C:\jakarta-tomcat-3.2.4\webapps\cocoon\exslt\date\functions\hour-in-day\date.hour-in-day.1.html --> ftp.exslt.org /www.exslt.org/public_html/date/functions/hour-in-day date.hour-in-day.1.html
102.12.03 11:10 B C:\jakarta-tomcat-3.2.4\webapps\cocoon\exslt\date\functions\hour-in-day\date.hour-in-day.1.xml --> ftp.exslt.org /www.exslt.org/public_html/date/functions/hour-in-day date.hour-in-day.1.xml
102.12.03 11:10 B C:\jakarta-tomcat-3.2.4\webapps\cocoon\exslt\date\functions\hour-in-day\date.hour-in-day.2.html --> ftp.exslt.org /www.exslt.org/public_html/date/functions/hour-in-day date.hour-in-day.2.html
102.12.03 11:10 B C:\jakarta-tomcat-3.2.4\webapps\cocoon\exslt\date\functions\hour-in-day\date.hour-in-day.function.xsl --> ftp.exslt.org /www.exslt.org/public_html/date/functions/hour-in-day date.hour-in-day.function.xsl
102.12.03 11:10 B C:\jakarta-tomcat-3.2.4\webapps\cocoon\exslt\date\functions\hour-in-day\date.hour-in-day.function.xsl.html --> ftp.exslt.org /www.exslt.org/public_html/date/functions/hour-in-day date.hour-in-day.function.xsl.html
102.12.03 11:10 B C:\jakarta-tomcat-3.2.4\webapps\cocoon\exslt\date\functions\hour-in-day\date.hour-in-day.html --> ftp.exslt.org /www.exslt.org/public_html/date/functions/hour-in-day date.hour-in-day.html
102.12.03 11:10 B C:\jakarta-tomcat-3.2.4\webapps\cocoon\exslt\date\functions\hour-in-day\date.hour-in-day.package.txt --> ftp.exslt.org /www.exslt.org/public_html/date/functions/hour-in-day date.hour-in-day.package.txt
102.12.03 11:10 B C:\jakarta-tomcat-3.2.4\webapps\cocoon\exslt\date\functions\hour-in-day\date.hour-in-day.template.xsl --> ftp.exslt.org /www.exslt.org/public_html/date/functions/hour-in-day date.hour-in-day.template.xsl
102.12.03 11:10 B C:\jakarta-tomcat-3.2.4\webapps\cocoon\exslt\date\functions\hour-in-day\date.hour-in-day.template.xsl.html --> ftp.exslt.org /www.exslt.org/public_html/date/functions/hour-in-day date.hour-in-day.template.xsl.html
102.12.03 11:10 B C:\jakarta-tomcat-3.2.4\webapps\cocoon\exslt\date\functions\hour-in-day\date.hour-in-day.use-cases.txt --> ftp.exslt.org /www.exslt.org/public_html/date/functions/hour-in-day date.hour-in-day.use-cases.txt
102.12.03 11:10 B C:\jakarta-tomcat-3.2.4\webapps\cocoon\exslt\date\functions\hour-in-day\date.hour-in-day.use-cases.zip --> ftp.exslt.org /www.exslt.org/public_html/date/functions/hour-in-day date.hour-in-day.use-cases.zip
102.12.03 11:10 B C:\jakarta-tomcat-3.2.4\webapps\cocoon\exslt\date\functions\hour-in-day\date.hour-in-day.xml --> ftp.exslt.org /www.exslt.org/public_html/date/functions/hour-in-day date.hour-in-day.xml
102.12.03 11:10 B C:\jakarta-tomcat-3.2.4\webapps\cocoon\exslt\date\functions\hour-in-day\date.hour-in-day.xsl --> ftp.exslt.org /www.exslt.org/public_html/date/functions/hour-in-day date.hour-in-day.xsl
102.12.03 11:10 B C:\jakarta-tomcat-3.2.4\webapps\cocoon\exslt\date\functions\hour-in-day\date.hour-in-day.zip --> ftp.exslt.org /www.exslt.org/public_html/date/functions/hour-in-day date.hour-in-day.zip
102.12.03 11:10 B C:\jakarta-tomcat-3.2.4\webapps\cocoon\exslt\date\functions\hour-in-day\date.js --> ftp.exslt.org /www.exslt.org/public_html/date/functions/hour-in-day date.js
102.12.03 11:10 B C:\jakarta-tomcat-3.2.4\webapps\cocoon\exslt\date\functions\hour-in-day\date.js.html --> ftp.exslt.org /www.exslt.org/public_html/date/functions/hour-in-day date.js.html
102.12.03 11:10 B C:\jakarta-tomcat-3.2.4\webapps\cocoon\exslt\date\functions\hour-in-day\date.msxsl.xsl --> ftp.exslt.org /www.exslt.org/public_html/date/functions/hour-in-day date.msxsl.xsl
102.12.03 11:10 B C:\jakarta-tomcat-3.2.4\webapps\cocoon\exslt\date\functions\hour-in-day\date.msxsl.xsl.html --> ftp.exslt.org /www.exslt.org/public_html/date/functions/hour-in-day date.msxsl.xsl.html
102.12.03 11:10 B C:\jakarta-tomcat-3.2.4\webapps\cocoon\exslt\date\functions\hour-in-day\index.html --> ftp.exslt.org /www.exslt.org/public_html/date/functions/hour-in-day index.html
102.12.03 11:10 B C:\jakarta-tomcat-3.2.4\webapps\cocoon\exslt\date\functions\hour-in-day\refresh.bat --> ftp.exslt.org /www.exslt.org/public_html/date/functions/hour-in-day refresh.bat
102.12.03 11:10 B C:\jakarta-tomcat-3.2.4\webapps\cocoon\exslt\date\functions\hour-in-day\update.bat --> ftp.exslt.org /www.exslt.org/public_html/date/functions/hour-in-day update.bat
102.12.03 11:10 B C:\jakarta-tomcat-3.2.4\webapps\cocoon\exslt\date\functions\hour-in-day\WS_FTP.LOG --> ftp.exslt.org /www.exslt.org/public_html/date/functions/hour-in-day WS_FTP.LOG
102.12.11 11:01 B C:\jakarta-tomcat-3.2.4\webapps\cocoon\exslt\date\functions\hour-in-day\base.css --> ftp.exslt.org /www.exslt.org/public_html/date/functions/hour-in-day base.css
102.12.11 11:01 B C:\jakarta-tomcat-3.2.4\webapps\cocoon\exslt\date\functions\hour-in-day\date.hour-in-day.1.html --> ftp.exslt.org /www.exslt.org/public_html/date/functions/hour-in-day date.hour-in-day.1.html
102.12.11 11:01 B C:\jakarta-tomcat-3.2.4\webapps\cocoon\exslt\date\functions\hour-in-day\date.hour-in-day.1.xml --> ftp.exslt.org /www.exslt.org/public_html/date/functions/hour-in-day date.hour-in-day.1.xml
102.12.11 11:01 B C:\jakarta-tomcat-3.2.4\webapps\cocoon\exslt\date\functions\hour-in-day\date.hour-in-day.2.html --> ftp.exslt.org /www.exslt.org/public_html/date/functions/hour-in-day date.hour-in-day.2.html
102.12.11 11:01 B C:\jakarta-tomcat-3.2.4\webapps\cocoon\exslt\date\functions\hour-in-day\date.hour-in-day.function.xsl --> ftp.exslt.org /www.exslt.org/public_html/date/functions/hour-in-day date.hour-in-day.function.xsl
102.12.11 11:01 B C:\jakarta-tomcat-3.2.4\webapps\cocoon\exslt\date\functions\hour-in-day\date.hour-in-day.function.xsl.html --> ftp.exslt.org /www.exslt.org/public_html/date/functions/hour-in-day date.hour-in-day.function.xsl.html
102.12.11 11:01 B C:\jakarta-tomcat-3.2.4\webapps\cocoon\exslt\date\functions\hour-in-day\date.hour-in-day.html --> ftp.exslt.org /www.exslt.org/public_html/date/functions/hour-in-day date.hour-in-day.html
102.12.11 11:01 B C:\jakarta-tomcat-3.2.4\webapps\cocoon\exslt\date\functions\hour-in-day\date.hour-in-day.package.txt --> ftp.exslt.org /www.exslt.org/public_html/date/functions/hour-in-day date.hour-in-day.package.txt
102.12.11 11:01 B C:\jakarta-tomcat-3.2.4\webapps\cocoon\exslt\date\functions\hour-in-day\date.hour-in-day.template.xsl --> ftp.exslt.org /www.exslt.org/public_html/date/functions/hour-in-day date.hour-in-day.template.xsl
102.12.11 11:01 B C:\jakarta-tomcat-3.2.4\webapps\cocoon\exslt\date\functions\hour-in-day\date.hour-in-day.template.xsl.html --> ftp.exslt.org /www.exslt.org/public_html/date/functions/hour-in-day date.hour-in-day.template.xsl.html
102.12.11 11:01 B C:\jakarta-tomcat-3.2.4\webapps\cocoon\exslt\date\functions\hour-in-day\date.hour-in-day.use-cases.txt --> ftp.exslt.org /www.exslt.org/public_html/date/functions/hour-in-day date.hour-in-day.use-cases.txt
102.12.11 11:01 B C:\jakarta-tomcat-3.2.4\webapps\cocoon\exslt\date\functions\hour-in-day\date.hour-in-day.use-cases.zip --> ftp.exslt.org /www.exslt.org/public_html/date/functions/hour-in-day date.hour-in-day.use-cases.zip
102.12.11 11:01 B C:\jakarta-tomcat-3.2.4\webapps\cocoon\exslt\date\functions\hour-in-day\date.hour-in-day.xml --> ftp.exslt.org /www.exslt.org/public_html/date/functions/hour-in-day date.hour-in-day.xml
102.12.11 11:01 B C:\jakarta-tomcat-3.2.4\webapps\cocoon\exslt\date\functions\hour-in-day\date.hour-in-day.xsl --> ftp.exslt.org /www.exslt.org/public_html/date/functions/hour-in-day date.hour-in-day.xsl
102.12.11 11:01 B C:\jakarta-tomcat-3.2.4\webapps\cocoon\exslt\date\functions\hour-in-day\date.hour-in-day.zip --> ftp.exslt.org /www.exslt.org/public_html/date/functions/hour-in-day date.hour-in-day.zip
102.12.11 11:01 B C:\jakarta-tomcat-3.2.4\webapps\cocoon\exslt\date\functions\hour-in-day\date.js --> ftp.exslt.org /www.exslt.org/public_html/date/functions/hour-in-day date.js
102.12.11 11:01 B C:\jakarta-tomcat-3.2.4\webapps\cocoon\exslt\date\functions\hour-in-day\date.js.html --> ftp.exslt.org /www.exslt.org/public_html/date/functions/hour-in-day date.js.html
102.12.11 11:01 B C:\jakarta-tomcat-3.2.4\webapps\cocoon\exslt\date\functions\hour-in-day\date.msxsl.xsl --> ftp.exslt.org /www.exslt.org/public_html/date/functions/hour-in-day date.msxsl.xsl
102.12.11 11:01 B C:\jakarta-tomcat-3.2.4\webapps\cocoon\exslt\date\functions\hour-in-day\date.msxsl.xsl.html --> ftp.exslt.org /www.exslt.org/public_html/date/functions/hour-in-day date.msxsl.xsl.html
102.12.11 11:01 B C:\jakarta-tomcat-3.2.4\webapps\cocoon\exslt\date\functions\hour-in-day\index.html --> ftp.exslt.org /www.exslt.org/public_html/date/functions/hour-in-day index.html
102.12.11 11:01 B C:\jakarta-tomcat-3.2.4\webapps\cocoon\exslt\date\functions\hour-in-day\refresh.bat --> ftp.exslt.org /www.exslt.org/public_html/date/functions/hour-in-day refresh.bat
102.12.11 11:01 B C:\jakarta-tomcat-3.2.4\webapps\cocoon\exslt\date\functions\hour-in-day\update.bat --> ftp.exslt.org /www.exslt.org/public_html/date/functions/hour-in-day update.bat
102.12.11 11:01 B C:\jakarta-tomcat-3.2.4\webapps\cocoon\exslt\date\functions\hour-in-day\WS_FTP.LOG --> ftp.exslt.org /www.exslt.org/public_html/date/functions/hour-in-day WS_FTP.LOG
102.12.11 11:03 B C:\jakarta-tomcat-3.2.4\webapps\cocoon\exslt\date\functions\hour-in-day\base.css --> ftp.exslt.org /www.exslt.org/public_html/date/functions/hour-in-day base.css
102.12.11 11:03 B C:\jakarta-tomcat-3.2.4\webapps\cocoon\exslt\date\functions\hour-in-day\date.hour-in-day.1.html --> ftp.exslt.org /www.exslt.org/public_html/date/functions/hour-in-day date.hour-in-day.1.html
102.12.11 11:03 B C:\jakarta-tomcat-3.2.4\webapps\cocoon\exslt\date\functions\hour-in-day\date.hour-in-day.1.xml --> ftp.exslt.org /www.exslt.org/public_html/date/functions/hour-in-day date.hour-in-day.1.xml
102.12.11 11:03 B C:\jakarta-tomcat-3.2.4\webapps\cocoon\exslt\date\functions\hour-in-day\date.hour-in-day.2.html --> ftp.exslt.org /www.exslt.org/public_html/date/functions/hour-in-day date.hour-in-day.2.html
102.12.11 11:03 B C:\jakarta-tomcat-3.2.4\webapps\cocoon\exslt\date\functions\hour-in-day\date.hour-in-day.function.xsl --> ftp.exslt.org /www.exslt.org/public_html/date/functions/hour-in-day date.hour-in-day.function.xsl
102.12.11 11:03 B C:\jakarta-tomcat-3.2.4\webapps\cocoon\exslt\date\functions\hour-in-day\date.hour-in-day.function.xsl.html --> ftp.exslt.org /www.exslt.org/public_html/date/functions/hour-in-day date.hour-in-day.function.xsl.html
102.12.11 11:03 B C:\jakarta-tomcat-3.2.4\webapps\cocoon\exslt\date\functions\hour-in-day\date.hour-in-day.html --> ftp.exslt.org /www.exslt.org/public_html/date/functions/hour-in-day date.hour-in-day.html
102.12.11 11:03 B C:\jakarta-tomcat-3.2.4\webapps\cocoon\exslt\date\functions\hour-in-day\date.hour-in-day.package.txt --> ftp.exslt.org /www.exslt.org/public_html/date/functions/hour-in-day date.hour-in-day.package.txt
102.12.11 11:03 B C:\jakarta-tomcat-3.2.4\webapps\cocoon\exslt\date\functions\hour-in-day\date.hour-in-day.template.xsl --> ftp.exslt.org /www.exslt.org/public_html/date/functions/hour-in-day date.hour-in-day.template.xsl
102.12.11 11:03 B C:\jakarta-tomcat-3.2.4\webapps\cocoon\exslt\date\functions\hour-in-day\date.hour-in-day.template.xsl.html --> ftp.exslt.org /www.exslt.org/public_html/date/functions/hour-in-day date.hour-in-day.template.xsl.html
102.12.11 11:03 B C:\jakarta-tomcat-3.2.4\webapps\cocoon\exslt\date\functions\hour-in-day\date.hour-in-day.use-cases.txt --> ftp.exslt.org /www.exslt.org/public_html/date/functions/hour-in-day date.hour-in-day.use-cases.txt
102.12.11 11:03 B C:\jakarta-tomcat-3.2.4\webapps\cocoon\exslt\date\functions\hour-in-day\date.hour-in-day.use-cases.zip --> ftp.exslt.org /www.exslt.org/public_html/date/functions/hour-in-day date.hour-in-day.use-cases.zip
102.12.11 11:03 B C:\jakarta-tomcat-3.2.4\webapps\cocoon\exslt\date\functions\hour-in-day\date.hour-in-day.xml --> ftp.exslt.org /www.exslt.org/public_html/date/functions/hour-in-day date.hour-in-day.xml
102.12.11 11:03 B C:\jakarta-tomcat-3.2.4\webapps\cocoon\exslt\date\functions\hour-in-day\date.hour-in-day.xsl --> ftp.exslt.org /www.exslt.org/public_html/date/functions/hour-in-day date.hour-in-day.xsl
102.12.11 11:03 B C:\jakarta-tomcat-3.2.4\webapps\cocoon\exslt\date\functions\hour-in-day\date.hour-in-day.zip --> ftp.exslt.org /www.exslt.org/public_html/date/functions/hour-in-day date.hour-in-day.zip
102.12.11 11:03 B C:\jakarta-tomcat-3.2.4\webapps\cocoon\exslt\date\functions\hour-in-day\date.js --> ftp.exslt.org /www.exslt.org/public_html/date/functions/hour-in-day date.js
102.12.11 11:03 B C:\jakarta-tomcat-3.2.4\webapps\cocoon\exslt\date\functions\hour-in-day\date.js.html --> ftp.exslt.org /www.exslt.org/public_html/date/functions/hour-in-day date.js.html
102.12.11 11:03 B C:\jakarta-tomcat-3.2.4\webapps\cocoon\exslt\date\functions\hour-in-day\date.msxsl.xsl --> ftp.exslt.org /www.exslt.org/public_html/date/functions/hour-in-day date.msxsl.xsl
102.12.11 11:03 B C:\jakarta-tomcat-3.2.4\webapps\cocoon\exslt\date\functions\hour-in-day\date.msxsl.xsl.html --> ftp.exslt.org /www.exslt.org/public_html/date/functions/hour-in-day date.msxsl.xsl.html
102.12.11 11:03 B C:\jakarta-tomcat-3.2.4\webapps\cocoon\exslt\date\functions\hour-in-day\index.html --> ftp.exslt.org /www.exslt.org/public_html/date/functions/hour-in-day index.html
102.12.11 11:03 B C:\jakarta-tomcat-3.2.4\webapps\cocoon\exslt\date\functions\hour-in-day\refresh.bat --> ftp.exslt.org /www.exslt.org/public_html/date/functions/hour-in-day refresh.bat
102.12.11 11:03 B C:\jakarta-tomcat-3.2.4\webapps\cocoon\exslt\date\functions\hour-in-day\update.bat --> ftp.exslt.org /www.exslt.org/public_html/date/functions/hour-in-day update.bat
103.09.29 15:06 B C:\jakarta-tomcat-3.2.4\webapps\cocoon\exslt\date\functions\hour-in-day\WS_FTP.LOG <-- ftp.exslt.org /www.exslt.org/public_html/date/functions/hour-in-day WS_FTP.LOG
103.10.21 13:05 B C:\jakarta-tomcat-3.2.4\webapps\cocoon\exslt\date\functions\hour-in-day\base.css --> marian.cs.nott.ac.uk /stud/pg/cds/exslt/date/functions/hour-in-day base.css
103.10.21 13:05 B C:\jakarta-tomcat-3.2.4\webapps\cocoon\exslt\date\functions\hour-in-day\date.hour-in-day.1.html --> marian.cs.nott.ac.uk /stud/pg/cds/exslt/date/functions/hour-in-day date.hour-in-day.1.html
103.10.21 13:05 B C:\jakarta-tomcat-3.2.4\webapps\cocoon\exslt\date\functions\hour-in-day\date.hour-in-day.1.xml --> marian.cs.nott.ac.uk /stud/pg/cds/exslt/date/functions/hour-in-day date.hour-in-day.1.xml
103.10.21 13:05 B C:\jakarta-tomcat-3.2.4\webapps\cocoon\exslt\date\functions\hour-in-day\date.hour-in-day.2.html --> marian.cs.nott.ac.uk /stud/pg/cds/exslt/date/functions/hour-in-day date.hour-in-day.2.html
103.10.21 13:05 B C:\jakarta-tomcat-3.2.4\webapps\cocoon\exslt\date\functions\hour-in-day\date.hour-in-day.function.xsl --> marian.cs.nott.ac.uk /stud/pg/cds/exslt/date/functions/hour-in-day date.hour-in-day.function.xsl
103.10.21 13:05 B C:\jakarta-tomcat-3.2.4\webapps\cocoon\exslt\date\functions\hour-in-day\date.hour-in-day.function.xsl.html --> marian.cs.nott.ac.uk /stud/pg/cds/exslt/date/functions/hour-in-day date.hour-in-day.function.xsl.html
103.10.21 13:05 B C:\jakarta-tomcat-3.2.4\webapps\cocoon\exslt\date\functions\hour-in-day\date.hour-in-day.html --> marian.cs.nott.ac.uk /stud/pg/cds/exslt/date/functions/hour-in-day date.hour-in-day.html
103.10.21 13:05 B C:\jakarta-tomcat-3.2.4\webapps\cocoon\exslt\date\functions\hour-in-day\date.hour-in-day.package.txt --> marian.cs.nott.ac.uk /stud/pg/cds/exslt/date/functions/hour-in-day date.hour-in-day.package.txt
103.10.21 13:05 B C:\jakarta-tomcat-3.2.4\webapps\cocoon\exslt\date\functions\hour-in-day\date.hour-in-day.template.xsl --> marian.cs.nott.ac.uk /stud/pg/cds/exslt/date/functions/hour-in-day date.hour-in-day.template.xsl
103.10.21 13:05 B C:\jakarta-tomcat-3.2.4\webapps\cocoon\exslt\date\functions\hour-in-day\date.hour-in-day.template.xsl.html --> marian.cs.nott.ac.uk /stud/pg/cds/exslt/date/functions/hour-in-day date.hour-in-day.template.xsl.html
103.10.21 13:05 B C:\jakarta-tomcat-3.2.4\webapps\cocoon\exslt\date\functions\hour-in-day\date.hour-in-day.use-cases.txt --> marian.cs.nott.ac.uk /stud/pg/cds/exslt/date/functions/hour-in-day date.hour-in-day.use-cases.txt
103.10.21 13:05 B C:\jakarta-tomcat-3.2.4\webapps\cocoon\exslt\date\functions\hour-in-day\date.hour-in-day.use-cases.zip --> marian.cs.nott.ac.uk /stud/pg/cds/exslt/date/functions/hour-in-day date.hour-in-day.use-cases.zip
103.10.21 13:05 B C:\jakarta-tomcat-3.2.4\webapps\cocoon\exslt\date\functions\hour-in-day\date.hour-in-day.xml --> marian.cs.nott.ac.uk /stud/pg/cds/exslt/date/functions/hour-in-day date.hour-in-day.xml
103.10.21 13:05 B C:\jakarta-tomcat-3.2.4\webapps\cocoon\exslt\date\functions\hour-in-day\date.hour-in-day.xsl --> marian.cs.nott.ac.uk /stud/pg/cds/exslt/date/functions/hour-in-day date.hour-in-day.xsl
103.10.21 13:05 B C:\jakarta-tomcat-3.2.4\webapps\cocoon\exslt\date\functions\hour-in-day\date.hour-in-day.zip --> marian.cs.nott.ac.uk /stud/pg/cds/exslt/date/functions/hour-in-day date.hour-in-day.zip
103.10.21 13:05 B C:\jakarta-tomcat-3.2.4\webapps\cocoon\exslt\date\functions\hour-in-day\date.js --> marian.cs.nott.ac.uk /stud/pg/cds/exslt/date/functions/hour-in-day date.js
103.10.21 13:05 B C:\jakarta-tomcat-3.2.4\webapps\cocoon\exslt\date\functions\hour-in-day\date.js.html --> marian.cs.nott.ac.uk /stud/pg/cds/exslt/date/functions/hour-in-day date.js.html
103.10.21 13:05 B C:\jakarta-tomcat-3.2.4\webapps\cocoon\exslt\date\functions\hour-in-day\date.msxsl.xsl --> marian.cs.nott.ac.uk /stud/pg/cds/exslt/date/functions/hour-in-day date.msxsl.xsl
103.10.21 13:05 B C:\jakarta-tomcat-3.2.4\webapps\cocoon\exslt\date\functions\hour-in-day\date.msxsl.xsl.html --> marian.cs.nott.ac.uk /stud/pg/cds/exslt/date/functions/hour-in-day date.msxsl.xsl.html
103.10.21 13:05 B C:\jakarta-tomcat-3.2.4\webapps\cocoon\exslt\date\functions\hour-in-day\index.html --> marian.cs.nott.ac.uk /stud/pg/cds/exslt/date/functions/hour-in-day index.html
103.10.21 13:05 B C:\jakarta-tomcat-3.2.4\webapps\cocoon\exslt\date\functions\hour-in-day\refresh.bat --> marian.cs.nott.ac.uk /stud/pg/cds/exslt/date/functions/hour-in-day refresh.bat
103.10.21 13:05 B C:\jakarta-tomcat-3.2.4\webapps\cocoon\exslt\date\functions\hour-in-day\update.bat --> marian.cs.nott.ac.uk /stud/pg/cds/exslt/date/functions/hour-in-day update.bat
103.10.21 13:05 B C:\jakarta-tomcat-3.2.4\webapps\cocoon\exslt\date\functions\hour-in-day\WS_FTP.LOG --> marian.cs.nott.ac.uk /stud/pg/cds/exslt/date/functions/hour-in-day WS_FTP.LOG
103.10.23 13:12 B C:\jakarta-tomcat-3.2.4\webapps\cocoon\exslt\date\functions\hour-in-day\base.css --> ftp.exslt.org /www.exslt.org/public_html/date/functions/hour-in-day base.css
103.10.23 13:12 B C:\jakarta-tomcat-3.2.4\webapps\cocoon\exslt\date\functions\hour-in-day\date.hour-in-day.1.html --> ftp.exslt.org /www.exslt.org/public_html/date/functions/hour-in-day date.hour-in-day.1.html
103.10.23 13:12 B C:\jakarta-tomcat-3.2.4\webapps\cocoon\exslt\date\functions\hour-in-day\date.hour-in-day.1.xml --> ftp.exslt.org /www.exslt.org/public_html/date/functions/hour-in-day date.hour-in-day.1.xml
103.10.23 13:12 B C:\jakarta-tomcat-3.2.4\webapps\cocoon\exslt\date\functions\hour-in-day\date.hour-in-day.2.html --> ftp.exslt.org /www.exslt.org/public_html/date/functions/hour-in-day date.hour-in-day.2.html
103.10.23 13:12 B C:\jakarta-tomcat-3.2.4\webapps\cocoon\exslt\date\functions\hour-in-day\date.hour-in-day.function.xsl --> ftp.exslt.org /www.exslt.org/public_html/date/functions/hour-in-day date.hour-in-day.function.xsl
103.10.23 13:13 B C:\jakarta-tomcat-3.2.4\webapps\cocoon\exslt\date\functions\hour-in-day\date.hour-in-day.function.xsl.html --> ftp.exslt.org /www.exslt.org/public_html/date/functions/hour-in-day date.hour-in-day.function.xsl.html
103.10.23 13:13 B C:\jakarta-tomcat-3.2.4\webapps\cocoon\exslt\date\functions\hour-in-day\date.hour-in-day.html --> ftp.exslt.org /www.exslt.org/public_html/date/functions/hour-in-day date.hour-in-day.html
103.10.23 13:13 B C:\jakarta-tomcat-3.2.4\webapps\cocoon\exslt\date\functions\hour-in-day\date.hour-in-day.package.txt --> ftp.exslt.org /www.exslt.org/public_html/date/functions/hour-in-day date.hour-in-day.package.txt
103.10.23 13:13 B C:\jakarta-tomcat-3.2.4\webapps\cocoon\exslt\date\functions\hour-in-day\date.hour-in-day.template.xsl --> ftp.exslt.org /www.exslt.org/public_html/date/functions/hour-in-day date.hour-in-day.template.xsl
103.10.23 13:13 B C:\jakarta-tomcat-3.2.4\webapps\cocoon\exslt\date\functions\hour-in-day\date.hour-in-day.template.xsl.html --> ftp.exslt.org /www.exslt.org/public_html/date/functions/hour-in-day date.hour-in-day.template.xsl.html
103.10.23 13:13 B C:\jakarta-tomcat-3.2.4\webapps\cocoon\exslt\date\functions\hour-in-day\date.hour-in-day.use-cases.txt --> ftp.exslt.org /www.exslt.org/public_html/date/functions/hour-in-day date.hour-in-day.use-cases.txt
103.10.23 13:13 B C:\jakarta-tomcat-3.2.4\webapps\cocoon\exslt\date\functions\hour-in-day\date.hour-in-day.use-cases.zip --> ftp.exslt.org /www.exslt.org/public_html/date/functions/hour-in-day date.hour-in-day.use-cases.zip
103.10.23 13:13 B C:\jakarta-tomcat-3.2.4\webapps\cocoon\exslt\date\functions\hour-in-day\date.hour-in-day.xml --> ftp.exslt.org /www.exslt.org/public_html/date/functions/hour-in-day date.hour-in-day.xml
103.10.23 13:13 B C:\jakarta-tomcat-3.2.4\webapps\cocoon\exslt\date\functions\hour-in-day\date.hour-in-day.xsl --> ftp.exslt.org /www.exslt.org/public_html/date/functions/hour-in-day date.hour-in-day.xsl
103.10.23 13:13 B C:\jakarta-tomcat-3.2.4\webapps\cocoon\exslt\date\functions\hour-in-day\date.hour-in-day.zip --> ftp.exslt.org /www.exslt.org/public_html/date/functions/hour-in-day date.hour-in-day.zip
103.10.23 13:13 B C:\jakarta-tomcat-3.2.4\webapps\cocoon\exslt\date\functions\hour-in-day\date.js --> ftp.exslt.org /www.exslt.org/public_html/date/functions/hour-in-day date.js
103.10.23 13:13 B C:\jakarta-tomcat-3.2.4\webapps\cocoon\exslt\date\functions\hour-in-day\date.js.html --> ftp.exslt.org /www.exslt.org/public_html/date/functions/hour-in-day date.js.html
103.10.23 13:14 B C:\jakarta-tomcat-3.2.4\webapps\cocoon\exslt\date\functions\hour-in-day\date.msxsl.xsl --> ftp.exslt.org /www.exslt.org/public_html/date/functions/hour-in-day date.msxsl.xsl
103.10.23 13:14 B C:\jakarta-tomcat-3.2.4\webapps\cocoon\exslt\date\functions\hour-in-day\date.msxsl.xsl.html --> ftp.exslt.org /www.exslt.org/public_html/date/functions/hour-in-day date.msxsl.xsl.html
103.10.23 13:14 B C:\jakarta-tomcat-3.2.4\webapps\cocoon\exslt\date\functions\hour-in-day\index.html --> ftp.exslt.org /www.exslt.org/public_html/date/functions/hour-in-day index.html
103.10.23 13:14 B C:\jakarta-tomcat-3.2.4\webapps\cocoon\exslt\date\functions\hour-in-day\refresh.bat --> ftp.exslt.org /www.exslt.org/public_html/date/functions/hour-in-day refresh.bat
103.10.23 13:14 B C:\jakarta-tomcat-3.2.4\webapps\cocoon\exslt\date\functions\hour-in-day\update.bat --> ftp.exslt.org /www.exslt.org/public_html/date/functions/hour-in-day update.bat
