102.08.21 17:32 B C:\jakarta-tomcat-3.2.4\webapps\cocoon\exslt\func\elements\function\base.css --> ftp.exslt.org /www.exslt.org/public_html/func/elements/function base.css
102.08.21 17:32 B C:\jakarta-tomcat-3.2.4\webapps\cocoon\exslt\func\elements\function\func.function.1.xml --> ftp.exslt.org /www.exslt.org/public_html/func/elements/function func.function.1.xml
102.08.21 17:32 B C:\jakarta-tomcat-3.2.4\webapps\cocoon\exslt\func\elements\function\func.function.1.xsl --> ftp.exslt.org /www.exslt.org/public_html/func/elements/function func.function.1.xsl
102.08.21 17:32 B C:\jakarta-tomcat-3.2.4\webapps\cocoon\exslt\func\elements\function\func.function.2.xml --> ftp.exslt.org /www.exslt.org/public_html/func/elements/function func.function.2.xml
102.08.21 17:32 B C:\jakarta-tomcat-3.2.4\webapps\cocoon\exslt\func\elements\function\func.function.2.xsl --> ftp.exslt.org /www.exslt.org/public_html/func/elements/function func.function.2.xsl
102.08.21 17:32 B C:\jakarta-tomcat-3.2.4\webapps\cocoon\exslt\func\elements\function\func.function.3.html --> ftp.exslt.org /www.exslt.org/public_html/func/elements/function func.function.3.html
102.08.21 17:32 B C:\jakarta-tomcat-3.2.4\webapps\cocoon\exslt\func\elements\function\func.function.3.xsl --> ftp.exslt.org /www.exslt.org/public_html/func/elements/function func.function.3.xsl
102.08.21 17:32 B C:\jakarta-tomcat-3.2.4\webapps\cocoon\exslt\func\elements\function\func.function.4.xsl --> ftp.exslt.org /www.exslt.org/public_html/func/elements/function func.function.4.xsl
102.08.21 17:32 B C:\jakarta-tomcat-3.2.4\webapps\cocoon\exslt\func\elements\function\func.function.5.xsl --> ftp.exslt.org /www.exslt.org/public_html/func/elements/function func.function.5.xsl
102.08.21 17:32 B C:\jakarta-tomcat-3.2.4\webapps\cocoon\exslt\func\elements\function\func.function.6.xsl --> ftp.exslt.org /www.exslt.org/public_html/func/elements/function func.function.6.xsl
102.08.21 17:32 B C:\jakarta-tomcat-3.2.4\webapps\cocoon\exslt\func\elements\function\func.function.data.1.xml --> ftp.exslt.org /www.exslt.org/public_html/func/elements/function func.function.data.1.xml
102.08.21 17:32 B C:\jakarta-tomcat-3.2.4\webapps\cocoon\exslt\func\elements\function\func.function.data.2.xml --> ftp.exslt.org /www.exslt.org/public_html/func/elements/function func.function.data.2.xml
102.08.21 17:32 B C:\jakarta-tomcat-3.2.4\webapps\cocoon\exslt\func\elements\function\func.function.data.3.xml --> ftp.exslt.org /www.exslt.org/public_html/func/elements/function func.function.data.3.xml
102.08.21 17:32 B C:\jakarta-tomcat-3.2.4\webapps\cocoon\exslt\func\elements\function\func.function.data.4.xml --> ftp.exslt.org /www.exslt.org/public_html/func/elements/function func.function.data.4.xml
102.08.21 17:32 B C:\jakarta-tomcat-3.2.4\webapps\cocoon\exslt\func\elements\function\func.function.data.5.xml --> ftp.exslt.org /www.exslt.org/public_html/func/elements/function func.function.data.5.xml
102.08.21 17:32 B C:\jakarta-tomcat-3.2.4\webapps\cocoon\exslt\func\elements\function\func.function.data.6.xml --> ftp.exslt.org /www.exslt.org/public_html/func/elements/function func.function.data.6.xml
102.08.21 17:32 B C:\jakarta-tomcat-3.2.4\webapps\cocoon\exslt\func\elements\function\func.function.html --> ftp.exslt.org /www.exslt.org/public_html/func/elements/function func.function.html
102.08.21 17:32 B C:\jakarta-tomcat-3.2.4\webapps\cocoon\exslt\func\elements\function\func.function.package.txt --> ftp.exslt.org /www.exslt.org/public_html/func/elements/function func.function.package.txt
102.08.21 17:32 B C:\jakarta-tomcat-3.2.4\webapps\cocoon\exslt\func\elements\function\func.function.result.1.xml --> ftp.exslt.org /www.exslt.org/public_html/func/elements/function func.function.result.1.xml
102.08.21 17:32 B C:\jakarta-tomcat-3.2.4\webapps\cocoon\exslt\func\elements\function\func.function.result.2.xml --> ftp.exslt.org /www.exslt.org/public_html/func/elements/function func.function.result.2.xml
102.08.21 17:32 B C:\jakarta-tomcat-3.2.4\webapps\cocoon\exslt\func\elements\function\func.function.result.3.xml --> ftp.exslt.org /www.exslt.org/public_html/func/elements/function func.function.result.3.xml
102.08.21 17:32 B C:\jakarta-tomcat-3.2.4\webapps\cocoon\exslt\func\elements\function\func.function.result.4.xml --> ftp.exslt.org /www.exslt.org/public_html/func/elements/function func.function.result.4.xml
102.08.21 17:32 B C:\jakarta-tomcat-3.2.4\webapps\cocoon\exslt\func\elements\function\func.function.result.5.xml --> ftp.exslt.org /www.exslt.org/public_html/func/elements/function func.function.result.5.xml
102.08.21 17:32 B C:\jakarta-tomcat-3.2.4\webapps\cocoon\exslt\func\elements\function\func.function.result.6.xml --> ftp.exslt.org /www.exslt.org/public_html/func/elements/function func.function.result.6.xml
102.08.21 17:32 B C:\jakarta-tomcat-3.2.4\webapps\cocoon\exslt\func\elements\function\func.function.use-case.1.html --> ftp.exslt.org /www.exslt.org/public_html/func/elements/function func.function.use-case.1.html
102.08.21 17:32 B C:\jakarta-tomcat-3.2.4\webapps\cocoon\exslt\func\elements\function\func.function.use-case.2.html --> ftp.exslt.org /www.exslt.org/public_html/func/elements/function func.function.use-case.2.html
102.08.21 17:32 B C:\jakarta-tomcat-3.2.4\webapps\cocoon\exslt\func\elements\function\func.function.use-case.3.html --> ftp.exslt.org /www.exslt.org/public_html/func/elements/function func.function.use-case.3.html
102.08.21 17:32 B C:\jakarta-tomcat-3.2.4\webapps\cocoon\exslt\func\elements\function\func.function.use-case.4.html --> ftp.exslt.org /www.exslt.org/public_html/func/elements/function func.function.use-case.4.html
102.08.21 17:32 B C:\jakarta-tomcat-3.2.4\webapps\cocoon\exslt\func\elements\function\func.function.use-case.5.html --> ftp.exslt.org /www.exslt.org/public_html/func/elements/function func.function.use-case.5.html
102.08.21 17:32 B C:\jakarta-tomcat-3.2.4\webapps\cocoon\exslt\func\elements\function\func.function.use-case.6.html --> ftp.exslt.org /www.exslt.org/public_html/func/elements/function func.function.use-case.6.html
102.08.21 17:32 B C:\jakarta-tomcat-3.2.4\webapps\cocoon\exslt\func\elements\function\func.function.use-cases.txt --> ftp.exslt.org /www.exslt.org/public_html/func/elements/function func.function.use-cases.txt
102.08.21 17:32 B C:\jakarta-tomcat-3.2.4\webapps\cocoon\exslt\func\elements\function\func.function.use-cases.zip --> ftp.exslt.org /www.exslt.org/public_html/func/elements/function func.function.use-cases.zip
102.08.21 17:32 B C:\jakarta-tomcat-3.2.4\webapps\cocoon\exslt\func\elements\function\func.function.xml --> ftp.exslt.org /www.exslt.org/public_html/func/elements/function func.function.xml
102.08.21 17:32 B C:\jakarta-tomcat-3.2.4\webapps\cocoon\exslt\func\elements\function\func.function.zip --> ftp.exslt.org /www.exslt.org/public_html/func/elements/function func.function.zip
102.08.21 17:32 B C:\jakarta-tomcat-3.2.4\webapps\cocoon\exslt\func\elements\function\index.html --> ftp.exslt.org /www.exslt.org/public_html/func/elements/function index.html
102.08.21 17:32 B C:\jakarta-tomcat-3.2.4\webapps\cocoon\exslt\func\elements\function\refresh.bat --> ftp.exslt.org /www.exslt.org/public_html/func/elements/function refresh.bat
102.08.21 17:32 B C:\jakarta-tomcat-3.2.4\webapps\cocoon\exslt\func\elements\function\update.bat --> ftp.exslt.org /www.exslt.org/public_html/func/elements/function update.bat
102.11.19 13:15 B C:\jakarta-tomcat-3.2.4\webapps\cocoon\exslt\func\elements\function\base.css --> ftp.exslt.org /www.exslt.org/public_html/func/elements/function base.css
102.11.19 13:15 B C:\jakarta-tomcat-3.2.4\webapps\cocoon\exslt\func\elements\function\func.function.1.xml --> ftp.exslt.org /www.exslt.org/public_html/func/elements/function func.function.1.xml
102.11.19 13:15 B C:\jakarta-tomcat-3.2.4\webapps\cocoon\exslt\func\elements\function\func.function.1.xsl --> ftp.exslt.org /www.exslt.org/public_html/func/elements/function func.function.1.xsl
102.11.19 13:15 B C:\jakarta-tomcat-3.2.4\webapps\cocoon\exslt\func\elements\function\func.function.2.xml --> ftp.exslt.org /www.exslt.org/public_html/func/elements/function func.function.2.xml
102.11.19 13:15 B C:\jakarta-tomcat-3.2.4\webapps\cocoon\exslt\func\elements\function\func.function.2.xsl --> ftp.exslt.org /www.exslt.org/public_html/func/elements/function func.function.2.xsl
102.11.19 13:15 B C:\jakarta-tomcat-3.2.4\webapps\cocoon\exslt\func\elements\function\func.function.3.html --> ftp.exslt.org /www.exslt.org/public_html/func/elements/function func.function.3.html
102.11.19 13:15 B C:\jakarta-tomcat-3.2.4\webapps\cocoon\exslt\func\elements\function\func.function.3.xsl --> ftp.exslt.org /www.exslt.org/public_html/func/elements/function func.function.3.xsl
102.11.19 13:15 B C:\jakarta-tomcat-3.2.4\webapps\cocoon\exslt\func\elements\function\func.function.4.xsl --> ftp.exslt.org /www.exslt.org/public_html/func/elements/function func.function.4.xsl
102.11.19 13:15 B C:\jakarta-tomcat-3.2.4\webapps\cocoon\exslt\func\elements\function\func.function.5.xsl --> ftp.exslt.org /www.exslt.org/public_html/func/elements/function func.function.5.xsl
102.11.19 13:15 B C:\jakarta-tomcat-3.2.4\webapps\cocoon\exslt\func\elements\function\func.function.6.xsl --> ftp.exslt.org /www.exslt.org/public_html/func/elements/function func.function.6.xsl
102.11.19 13:15 B C:\jakarta-tomcat-3.2.4\webapps\cocoon\exslt\func\elements\function\func.function.data.1.xml --> ftp.exslt.org /www.exslt.org/public_html/func/elements/function func.function.data.1.xml
102.11.19 13:15 B C:\jakarta-tomcat-3.2.4\webapps\cocoon\exslt\func\elements\function\func.function.data.2.xml --> ftp.exslt.org /www.exslt.org/public_html/func/elements/function func.function.data.2.xml
102.11.19 13:15 B C:\jakarta-tomcat-3.2.4\webapps\cocoon\exslt\func\elements\function\func.function.data.3.xml --> ftp.exslt.org /www.exslt.org/public_html/func/elements/function func.function.data.3.xml
102.11.19 13:15 B C:\jakarta-tomcat-3.2.4\webapps\cocoon\exslt\func\elements\function\func.function.data.4.xml --> ftp.exslt.org /www.exslt.org/public_html/func/elements/function func.function.data.4.xml
102.11.19 13:15 B C:\jakarta-tomcat-3.2.4\webapps\cocoon\exslt\func\elements\function\func.function.data.5.xml --> ftp.exslt.org /www.exslt.org/public_html/func/elements/function func.function.data.5.xml
102.11.19 13:15 B C:\jakarta-tomcat-3.2.4\webapps\cocoon\exslt\func\elements\function\func.function.data.6.xml --> ftp.exslt.org /www.exslt.org/public_html/func/elements/function func.function.data.6.xml
102.11.19 13:15 B C:\jakarta-tomcat-3.2.4\webapps\cocoon\exslt\func\elements\function\func.function.html --> ftp.exslt.org /www.exslt.org/public_html/func/elements/function func.function.html
102.11.19 13:15 B C:\jakarta-tomcat-3.2.4\webapps\cocoon\exslt\func\elements\function\func.function.package.txt --> ftp.exslt.org /www.exslt.org/public_html/func/elements/function func.function.package.txt
102.11.19 13:15 B C:\jakarta-tomcat-3.2.4\webapps\cocoon\exslt\func\elements\function\func.function.result.1.xml --> ftp.exslt.org /www.exslt.org/public_html/func/elements/function func.function.result.1.xml
102.11.19 13:15 B C:\jakarta-tomcat-3.2.4\webapps\cocoon\exslt\func\elements\function\func.function.result.2.xml --> ftp.exslt.org /www.exslt.org/public_html/func/elements/function func.function.result.2.xml
102.11.19 13:15 B C:\jakarta-tomcat-3.2.4\webapps\cocoon\exslt\func\elements\function\func.function.result.3.xml --> ftp.exslt.org /www.exslt.org/public_html/func/elements/function func.function.result.3.xml
102.11.19 13:15 B C:\jakarta-tomcat-3.2.4\webapps\cocoon\exslt\func\elements\function\func.function.result.4.xml --> ftp.exslt.org /www.exslt.org/public_html/func/elements/function func.function.result.4.xml
102.11.19 13:15 B C:\jakarta-tomcat-3.2.4\webapps\cocoon\exslt\func\elements\function\func.function.result.5.xml --> ftp.exslt.org /www.exslt.org/public_html/func/elements/function func.function.result.5.xml
102.11.19 13:15 B C:\jakarta-tomcat-3.2.4\webapps\cocoon\exslt\func\elements\function\func.function.result.6.xml --> ftp.exslt.org /www.exslt.org/public_html/func/elements/function func.function.result.6.xml
102.11.19 13:15 B C:\jakarta-tomcat-3.2.4\webapps\cocoon\exslt\func\elements\function\func.function.use-case.1.html --> ftp.exslt.org /www.exslt.org/public_html/func/elements/function func.function.use-case.1.html
102.11.19 13:15 B C:\jakarta-tomcat-3.2.4\webapps\cocoon\exslt\func\elements\function\func.function.use-case.2.html --> ftp.exslt.org /www.exslt.org/public_html/func/elements/function func.function.use-case.2.html
102.11.19 13:15 B C:\jakarta-tomcat-3.2.4\webapps\cocoon\exslt\func\elements\function\func.function.use-case.3.html --> ftp.exslt.org /www.exslt.org/public_html/func/elements/function func.function.use-case.3.html
102.11.19 13:15 B C:\jakarta-tomcat-3.2.4\webapps\cocoon\exslt\func\elements\function\func.function.use-case.4.html --> ftp.exslt.org /www.exslt.org/public_html/func/elements/function func.function.use-case.4.html
102.11.19 13:15 B C:\jakarta-tomcat-3.2.4\webapps\cocoon\exslt\func\elements\function\func.function.use-case.5.html --> ftp.exslt.org /www.exslt.org/public_html/func/elements/function func.function.use-case.5.html
102.11.19 13:15 B C:\jakarta-tomcat-3.2.4\webapps\cocoon\exslt\func\elements\function\func.function.use-case.6.html --> ftp.exslt.org /www.exslt.org/public_html/func/elements/function func.function.use-case.6.html
102.11.19 13:15 B C:\jakarta-tomcat-3.2.4\webapps\cocoon\exslt\func\elements\function\func.function.use-cases.txt --> ftp.exslt.org /www.exslt.org/public_html/func/elements/function func.function.use-cases.txt
102.11.19 13:15 B C:\jakarta-tomcat-3.2.4\webapps\cocoon\exslt\func\elements\function\func.function.use-cases.zip --> ftp.exslt.org /www.exslt.org/public_html/func/elements/function func.function.use-cases.zip
102.11.19 13:15 B C:\jakarta-tomcat-3.2.4\webapps\cocoon\exslt\func\elements\function\func.function.xml --> ftp.exslt.org /www.exslt.org/public_html/func/elements/function func.function.xml
102.11.19 13:15 B C:\jakarta-tomcat-3.2.4\webapps\cocoon\exslt\func\elements\function\func.function.zip --> ftp.exslt.org /www.exslt.org/public_html/func/elements/function func.function.zip
102.11.19 13:15 B C:\jakarta-tomcat-3.2.4\webapps\cocoon\exslt\func\elements\function\index.html --> ftp.exslt.org /www.exslt.org/public_html/func/elements/function index.html
102.11.19 13:15 B C:\jakarta-tomcat-3.2.4\webapps\cocoon\exslt\func\elements\function\refresh.bat --> ftp.exslt.org /www.exslt.org/public_html/func/elements/function refresh.bat
102.11.19 13:15 B C:\jakarta-tomcat-3.2.4\webapps\cocoon\exslt\func\elements\function\update.bat --> ftp.exslt.org /www.exslt.org/public_html/func/elements/function update.bat
102.11.19 13:15 B C:\jakarta-tomcat-3.2.4\webapps\cocoon\exslt\func\elements\function\WS_FTP.LOG --> ftp.exslt.org /www.exslt.org/public_html/func/elements/function WS_FTP.LOG
102.11.19 13:22 B C:\jakarta-tomcat-3.2.4\webapps\cocoon\exslt\func\elements\function\base.css --> ftp.exslt.org /www.exslt.org/public_html/func/elements/function base.css
102.11.19 13:22 B C:\jakarta-tomcat-3.2.4\webapps\cocoon\exslt\func\elements\function\func.function.1.xml --> ftp.exslt.org /www.exslt.org/public_html/func/elements/function func.function.1.xml
102.11.19 13:22 B C:\jakarta-tomcat-3.2.4\webapps\cocoon\exslt\func\elements\function\func.function.1.xsl --> ftp.exslt.org /www.exslt.org/public_html/func/elements/function func.function.1.xsl
102.11.19 13:22 B C:\jakarta-tomcat-3.2.4\webapps\cocoon\exslt\func\elements\function\func.function.2.xml --> ftp.exslt.org /www.exslt.org/public_html/func/elements/function func.function.2.xml
102.11.19 13:22 B C:\jakarta-tomcat-3.2.4\webapps\cocoon\exslt\func\elements\function\func.function.2.xsl --> ftp.exslt.org /www.exslt.org/public_html/func/elements/function func.function.2.xsl
102.11.19 13:22 B C:\jakarta-tomcat-3.2.4\webapps\cocoon\exslt\func\elements\function\func.function.3.html --> ftp.exslt.org /www.exslt.org/public_html/func/elements/function func.function.3.html
102.11.19 13:22 B C:\jakarta-tomcat-3.2.4\webapps\cocoon\exslt\func\elements\function\func.function.3.xsl --> ftp.exslt.org /www.exslt.org/public_html/func/elements/function func.function.3.xsl
102.11.19 13:22 B C:\jakarta-tomcat-3.2.4\webapps\cocoon\exslt\func\elements\function\func.function.4.xsl --> ftp.exslt.org /www.exslt.org/public_html/func/elements/function func.function.4.xsl
102.11.19 13:22 B C:\jakarta-tomcat-3.2.4\webapps\cocoon\exslt\func\elements\function\func.function.5.xsl --> ftp.exslt.org /www.exslt.org/public_html/func/elements/function func.function.5.xsl
102.11.19 13:22 B C:\jakarta-tomcat-3.2.4\webapps\cocoon\exslt\func\elements\function\func.function.6.xsl --> ftp.exslt.org /www.exslt.org/public_html/func/elements/function func.function.6.xsl
102.11.19 13:22 B C:\jakarta-tomcat-3.2.4\webapps\cocoon\exslt\func\elements\function\func.function.data.1.xml --> ftp.exslt.org /www.exslt.org/public_html/func/elements/function func.function.data.1.xml
102.11.19 13:22 B C:\jakarta-tomcat-3.2.4\webapps\cocoon\exslt\func\elements\function\func.function.data.2.xml --> ftp.exslt.org /www.exslt.org/public_html/func/elements/function func.function.data.2.xml
102.11.19 13:22 B C:\jakarta-tomcat-3.2.4\webapps\cocoon\exslt\func\elements\function\func.function.data.3.xml --> ftp.exslt.org /www.exslt.org/public_html/func/elements/function func.function.data.3.xml
102.11.19 13:22 B C:\jakarta-tomcat-3.2.4\webapps\cocoon\exslt\func\elements\function\func.function.data.4.xml --> ftp.exslt.org /www.exslt.org/public_html/func/elements/function func.function.data.4.xml
102.11.19 13:22 B C:\jakarta-tomcat-3.2.4\webapps\cocoon\exslt\func\elements\function\func.function.data.5.xml --> ftp.exslt.org /www.exslt.org/public_html/func/elements/function func.function.data.5.xml
102.11.19 13:22 B C:\jakarta-tomcat-3.2.4\webapps\cocoon\exslt\func\elements\function\func.function.data.6.xml --> ftp.exslt.org /www.exslt.org/public_html/func/elements/function func.function.data.6.xml
102.11.19 13:22 B C:\jakarta-tomcat-3.2.4\webapps\cocoon\exslt\func\elements\function\func.function.html --> ftp.exslt.org /www.exslt.org/public_html/func/elements/function func.function.html
102.11.19 13:22 B C:\jakarta-tomcat-3.2.4\webapps\cocoon\exslt\func\elements\function\func.function.package.txt --> ftp.exslt.org /www.exslt.org/public_html/func/elements/function func.function.package.txt
102.11.19 13:22 B C:\jakarta-tomcat-3.2.4\webapps\cocoon\exslt\func\elements\function\func.function.result.1.xml --> ftp.exslt.org /www.exslt.org/public_html/func/elements/function func.function.result.1.xml
102.11.19 13:22 B C:\jakarta-tomcat-3.2.4\webapps\cocoon\exslt\func\elements\function\func.function.result.2.xml --> ftp.exslt.org /www.exslt.org/public_html/func/elements/function func.function.result.2.xml
102.11.19 13:22 B C:\jakarta-tomcat-3.2.4\webapps\cocoon\exslt\func\elements\function\func.function.result.3.xml --> ftp.exslt.org /www.exslt.org/public_html/func/elements/function func.function.result.3.xml
102.11.19 13:22 B C:\jakarta-tomcat-3.2.4\webapps\cocoon\exslt\func\elements\function\func.function.result.4.xml --> ftp.exslt.org /www.exslt.org/public_html/func/elements/function func.function.result.4.xml
102.11.19 13:22 B C:\jakarta-tomcat-3.2.4\webapps\cocoon\exslt\func\elements\function\func.function.result.5.xml --> ftp.exslt.org /www.exslt.org/public_html/func/elements/function func.function.result.5.xml
102.11.19 13:22 B C:\jakarta-tomcat-3.2.4\webapps\cocoon\exslt\func\elements\function\func.function.result.6.xml --> ftp.exslt.org /www.exslt.org/public_html/func/elements/function func.function.result.6.xml
102.11.19 13:22 B C:\jakarta-tomcat-3.2.4\webapps\cocoon\exslt\func\elements\function\func.function.use-case.1.html --> ftp.exslt.org /www.exslt.org/public_html/func/elements/function func.function.use-case.1.html
102.11.19 13:22 B C:\jakarta-tomcat-3.2.4\webapps\cocoon\exslt\func\elements\function\func.function.use-case.2.html --> ftp.exslt.org /www.exslt.org/public_html/func/elements/function func.function.use-case.2.html
102.11.19 13:22 B C:\jakarta-tomcat-3.2.4\webapps\cocoon\exslt\func\elements\function\func.function.use-case.3.html --> ftp.exslt.org /www.exslt.org/public_html/func/elements/function func.function.use-case.3.html
102.11.19 13:22 B C:\jakarta-tomcat-3.2.4\webapps\cocoon\exslt\func\elements\function\func.function.use-case.4.html --> ftp.exslt.org /www.exslt.org/public_html/func/elements/function func.function.use-case.4.html
102.11.19 13:22 B C:\jakarta-tomcat-3.2.4\webapps\cocoon\exslt\func\elements\function\func.function.use-case.5.html --> ftp.exslt.org /www.exslt.org/public_html/func/elements/function func.function.use-case.5.html
102.11.19 13:22 B C:\jakarta-tomcat-3.2.4\webapps\cocoon\exslt\func\elements\function\func.function.use-case.6.html --> ftp.exslt.org /www.exslt.org/public_html/func/elements/function func.function.use-case.6.html
102.11.19 13:22 B C:\jakarta-tomcat-3.2.4\webapps\cocoon\exslt\func\elements\function\func.function.use-cases.txt --> ftp.exslt.org /www.exslt.org/public_html/func/elements/function func.function.use-cases.txt
102.11.19 13:22 B C:\jakarta-tomcat-3.2.4\webapps\cocoon\exslt\func\elements\function\func.function.use-cases.zip --> ftp.exslt.org /www.exslt.org/public_html/func/elements/function func.function.use-cases.zip
102.11.19 13:22 B C:\jakarta-tomcat-3.2.4\webapps\cocoon\exslt\func\elements\function\func.function.xml --> ftp.exslt.org /www.exslt.org/public_html/func/elements/function func.function.xml
102.11.19 13:22 B C:\jakarta-tomcat-3.2.4\webapps\cocoon\exslt\func\elements\function\func.function.zip --> ftp.exslt.org /www.exslt.org/public_html/func/elements/function func.function.zip
102.11.19 13:22 B C:\jakarta-tomcat-3.2.4\webapps\cocoon\exslt\func\elements\function\index.html --> ftp.exslt.org /www.exslt.org/public_html/func/elements/function index.html
102.11.19 13:22 B C:\jakarta-tomcat-3.2.4\webapps\cocoon\exslt\func\elements\function\refresh.bat --> ftp.exslt.org /www.exslt.org/public_html/func/elements/function refresh.bat
102.11.19 13:22 B C:\jakarta-tomcat-3.2.4\webapps\cocoon\exslt\func\elements\function\update.bat --> ftp.exslt.org /www.exslt.org/public_html/func/elements/function update.bat
102.12.02 12:22 B C:\jakarta-tomcat-3.2.4\webapps\cocoon\exslt\public_html\func\elements\function\WS_FTP.LOG <-- ftp.exslt.org /www.exslt.org/public_html/func/elements/function WS_FTP.LOG
102.12.03 11:11 B C:\jakarta-tomcat-3.2.4\webapps\cocoon\exslt\func\elements\function\base.css --> ftp.exslt.org /www.exslt.org/public_html/func/elements/function base.css
102.12.03 11:11 B C:\jakarta-tomcat-3.2.4\webapps\cocoon\exslt\func\elements\function\func.function.1.xml --> ftp.exslt.org /www.exslt.org/public_html/func/elements/function func.function.1.xml
102.12.03 11:11 B C:\jakarta-tomcat-3.2.4\webapps\cocoon\exslt\func\elements\function\func.function.1.xsl --> ftp.exslt.org /www.exslt.org/public_html/func/elements/function func.function.1.xsl
102.12.03 11:11 B C:\jakarta-tomcat-3.2.4\webapps\cocoon\exslt\func\elements\function\func.function.2.xml --> ftp.exslt.org /www.exslt.org/public_html/func/elements/function func.function.2.xml
102.12.03 11:11 B C:\jakarta-tomcat-3.2.4\webapps\cocoon\exslt\func\elements\function\func.function.2.xsl --> ftp.exslt.org /www.exslt.org/public_html/func/elements/function func.function.2.xsl
102.12.03 11:11 B C:\jakarta-tomcat-3.2.4\webapps\cocoon\exslt\func\elements\function\func.function.3.html --> ftp.exslt.org /www.exslt.org/public_html/func/elements/function func.function.3.html
102.12.03 11:11 B C:\jakarta-tomcat-3.2.4\webapps\cocoon\exslt\func\elements\function\func.function.3.xsl --> ftp.exslt.org /www.exslt.org/public_html/func/elements/function func.function.3.xsl
102.12.03 11:11 B C:\jakarta-tomcat-3.2.4\webapps\cocoon\exslt\func\elements\function\func.function.4.xsl --> ftp.exslt.org /www.exslt.org/public_html/func/elements/function func.function.4.xsl
102.12.03 11:11 B C:\jakarta-tomcat-3.2.4\webapps\cocoon\exslt\func\elements\function\func.function.5.xsl --> ftp.exslt.org /www.exslt.org/public_html/func/elements/function func.function.5.xsl
102.12.03 11:11 B C:\jakarta-tomcat-3.2.4\webapps\cocoon\exslt\func\elements\function\func.function.6.xsl --> ftp.exslt.org /www.exslt.org/public_html/func/elements/function func.function.6.xsl
102.12.03 11:11 B C:\jakarta-tomcat-3.2.4\webapps\cocoon\exslt\func\elements\function\func.function.data.1.xml --> ftp.exslt.org /www.exslt.org/public_html/func/elements/function func.function.data.1.xml
102.12.03 11:11 B C:\jakarta-tomcat-3.2.4\webapps\cocoon\exslt\func\elements\function\func.function.data.2.xml --> ftp.exslt.org /www.exslt.org/public_html/func/elements/function func.function.data.2.xml
102.12.03 11:11 B C:\jakarta-tomcat-3.2.4\webapps\cocoon\exslt\func\elements\function\func.function.data.3.xml --> ftp.exslt.org /www.exslt.org/public_html/func/elements/function func.function.data.3.xml
102.12.03 11:11 B C:\jakarta-tomcat-3.2.4\webapps\cocoon\exslt\func\elements\function\func.function.data.4.xml --> ftp.exslt.org /www.exslt.org/public_html/func/elements/function func.function.data.4.xml
102.12.03 11:11 B C:\jakarta-tomcat-3.2.4\webapps\cocoon\exslt\func\elements\function\func.function.data.5.xml --> ftp.exslt.org /www.exslt.org/public_html/func/elements/function func.function.data.5.xml
102.12.03 11:11 B C:\jakarta-tomcat-3.2.4\webapps\cocoon\exslt\func\elements\function\func.function.data.6.xml --> ftp.exslt.org /www.exslt.org/public_html/func/elements/function func.function.data.6.xml
102.12.03 11:11 B C:\jakarta-tomcat-3.2.4\webapps\cocoon\exslt\func\elements\function\func.function.html --> ftp.exslt.org /www.exslt.org/public_html/func/elements/function func.function.html
102.12.03 11:11 B C:\jakarta-tomcat-3.2.4\webapps\cocoon\exslt\func\elements\function\func.function.package.txt --> ftp.exslt.org /www.exslt.org/public_html/func/elements/function func.function.package.txt
102.12.03 11:11 B C:\jakarta-tomcat-3.2.4\webapps\cocoon\exslt\func\elements\function\func.function.result.1.xml --> ftp.exslt.org /www.exslt.org/public_html/func/elements/function func.function.result.1.xml
102.12.03 11:11 B C:\jakarta-tomcat-3.2.4\webapps\cocoon\exslt\func\elements\function\func.function.result.2.xml --> ftp.exslt.org /www.exslt.org/public_html/func/elements/function func.function.result.2.xml
102.12.03 11:11 B C:\jakarta-tomcat-3.2.4\webapps\cocoon\exslt\func\elements\function\func.function.result.3.xml --> ftp.exslt.org /www.exslt.org/public_html/func/elements/function func.function.result.3.xml
102.12.03 11:11 B C:\jakarta-tomcat-3.2.4\webapps\cocoon\exslt\func\elements\function\func.function.result.4.xml --> ftp.exslt.org /www.exslt.org/public_html/func/elements/function func.function.result.4.xml
102.12.03 11:11 B C:\jakarta-tomcat-3.2.4\webapps\cocoon\exslt\func\elements\function\func.function.result.5.xml --> ftp.exslt.org /www.exslt.org/public_html/func/elements/function func.function.result.5.xml
102.12.03 11:11 B C:\jakarta-tomcat-3.2.4\webapps\cocoon\exslt\func\elements\function\func.function.result.6.xml --> ftp.exslt.org /www.exslt.org/public_html/func/elements/function func.function.result.6.xml
102.12.03 11:11 B C:\jakarta-tomcat-3.2.4\webapps\cocoon\exslt\func\elements\function\func.function.use-case.1.html --> ftp.exslt.org /www.exslt.org/public_html/func/elements/function func.function.use-case.1.html
102.12.03 11:11 B C:\jakarta-tomcat-3.2.4\webapps\cocoon\exslt\func\elements\function\func.function.use-case.2.html --> ftp.exslt.org /www.exslt.org/public_html/func/elements/function func.function.use-case.2.html
102.12.03 11:11 B C:\jakarta-tomcat-3.2.4\webapps\cocoon\exslt\func\elements\function\func.function.use-case.3.html --> ftp.exslt.org /www.exslt.org/public_html/func/elements/function func.function.use-case.3.html
102.12.03 11:11 B C:\jakarta-tomcat-3.2.4\webapps\cocoon\exslt\func\elements\function\func.function.use-case.4.html --> ftp.exslt.org /www.exslt.org/public_html/func/elements/function func.function.use-case.4.html
102.12.03 11:11 B C:\jakarta-tomcat-3.2.4\webapps\cocoon\exslt\func\elements\function\func.function.use-case.5.html --> ftp.exslt.org /www.exslt.org/public_html/func/elements/function func.function.use-case.5.html
102.12.03 11:11 B C:\jakarta-tomcat-3.2.4\webapps\cocoon\exslt\func\elements\function\func.function.use-case.6.html --> ftp.exslt.org /www.exslt.org/public_html/func/elements/function func.function.use-case.6.html
102.12.03 11:11 B C:\jakarta-tomcat-3.2.4\webapps\cocoon\exslt\func\elements\function\func.function.use-cases.txt --> ftp.exslt.org /www.exslt.org/public_html/func/elements/function func.function.use-cases.txt
102.12.03 11:11 B C:\jakarta-tomcat-3.2.4\webapps\cocoon\exslt\func\elements\function\func.function.use-cases.zip --> ftp.exslt.org /www.exslt.org/public_html/func/elements/function func.function.use-cases.zip
102.12.03 11:11 B C:\jakarta-tomcat-3.2.4\webapps\cocoon\exslt\func\elements\function\func.function.xml --> ftp.exslt.org /www.exslt.org/public_html/func/elements/function func.function.xml
102.12.03 11:11 B C:\jakarta-tomcat-3.2.4\webapps\cocoon\exslt\func\elements\function\func.function.zip --> ftp.exslt.org /www.exslt.org/public_html/func/elements/function func.function.zip
102.12.03 11:11 B C:\jakarta-tomcat-3.2.4\webapps\cocoon\exslt\func\elements\function\index.html --> ftp.exslt.org /www.exslt.org/public_html/func/elements/function index.html
102.12.03 11:11 B C:\jakarta-tomcat-3.2.4\webapps\cocoon\exslt\func\elements\function\refresh.bat --> ftp.exslt.org /www.exslt.org/public_html/func/elements/function refresh.bat
102.12.03 11:11 B C:\jakarta-tomcat-3.2.4\webapps\cocoon\exslt\func\elements\function\update.bat --> ftp.exslt.org /www.exslt.org/public_html/func/elements/function update.bat
102.12.03 11:11 B C:\jakarta-tomcat-3.2.4\webapps\cocoon\exslt\func\elements\function\WS_FTP.LOG --> ftp.exslt.org /www.exslt.org/public_html/func/elements/function WS_FTP.LOG
102.12.11 11:05 B C:\jakarta-tomcat-3.2.4\webapps\cocoon\exslt\func\elements\function\base.css --> ftp.exslt.org /www.exslt.org/public_html/func/elements/function base.css
102.12.11 11:05 B C:\jakarta-tomcat-3.2.4\webapps\cocoon\exslt\func\elements\function\func.function.1.xml --> ftp.exslt.org /www.exslt.org/public_html/func/elements/function func.function.1.xml
102.12.11 11:05 B C:\jakarta-tomcat-3.2.4\webapps\cocoon\exslt\func\elements\function\func.function.1.xsl --> ftp.exslt.org /www.exslt.org/public_html/func/elements/function func.function.1.xsl
102.12.11 11:05 B C:\jakarta-tomcat-3.2.4\webapps\cocoon\exslt\func\elements\function\func.function.2.xml --> ftp.exslt.org /www.exslt.org/public_html/func/elements/function func.function.2.xml
102.12.11 11:05 B C:\jakarta-tomcat-3.2.4\webapps\cocoon\exslt\func\elements\function\func.function.2.xsl --> ftp.exslt.org /www.exslt.org/public_html/func/elements/function func.function.2.xsl
102.12.11 11:05 B C:\jakarta-tomcat-3.2.4\webapps\cocoon\exslt\func\elements\function\func.function.3.html --> ftp.exslt.org /www.exslt.org/public_html/func/elements/function func.function.3.html
102.12.11 11:05 B C:\jakarta-tomcat-3.2.4\webapps\cocoon\exslt\func\elements\function\func.function.3.xsl --> ftp.exslt.org /www.exslt.org/public_html/func/elements/function func.function.3.xsl
102.12.11 11:05 B C:\jakarta-tomcat-3.2.4\webapps\cocoon\exslt\func\elements\function\func.function.4.xsl --> ftp.exslt.org /www.exslt.org/public_html/func/elements/function func.function.4.xsl
102.12.11 11:05 B C:\jakarta-tomcat-3.2.4\webapps\cocoon\exslt\func\elements\function\func.function.5.xsl --> ftp.exslt.org /www.exslt.org/public_html/func/elements/function func.function.5.xsl
102.12.11 11:05 B C:\jakarta-tomcat-3.2.4\webapps\cocoon\exslt\func\elements\function\func.function.6.xsl --> ftp.exslt.org /www.exslt.org/public_html/func/elements/function func.function.6.xsl
102.12.11 11:05 B C:\jakarta-tomcat-3.2.4\webapps\cocoon\exslt\func\elements\function\func.function.data.1.xml --> ftp.exslt.org /www.exslt.org/public_html/func/elements/function func.function.data.1.xml
102.12.11 11:05 B C:\jakarta-tomcat-3.2.4\webapps\cocoon\exslt\func\elements\function\func.function.data.2.xml --> ftp.exslt.org /www.exslt.org/public_html/func/elements/function func.function.data.2.xml
102.12.11 11:05 B C:\jakarta-tomcat-3.2.4\webapps\cocoon\exslt\func\elements\function\func.function.data.3.xml --> ftp.exslt.org /www.exslt.org/public_html/func/elements/function func.function.data.3.xml
102.12.11 11:05 B C:\jakarta-tomcat-3.2.4\webapps\cocoon\exslt\func\elements\function\func.function.data.4.xml --> ftp.exslt.org /www.exslt.org/public_html/func/elements/function func.function.data.4.xml
102.12.11 11:05 B C:\jakarta-tomcat-3.2.4\webapps\cocoon\exslt\func\elements\function\func.function.data.5.xml --> ftp.exslt.org /www.exslt.org/public_html/func/elements/function func.function.data.5.xml
102.12.11 11:05 B C:\jakarta-tomcat-3.2.4\webapps\cocoon\exslt\func\elements\function\func.function.data.6.xml --> ftp.exslt.org /www.exslt.org/public_html/func/elements/function func.function.data.6.xml
102.12.11 11:05 B C:\jakarta-tomcat-3.2.4\webapps\cocoon\exslt\func\elements\function\func.function.html --> ftp.exslt.org /www.exslt.org/public_html/func/elements/function func.function.html
102.12.11 11:05 B C:\jakarta-tomcat-3.2.4\webapps\cocoon\exslt\func\elements\function\func.function.package.txt --> ftp.exslt.org /www.exslt.org/public_html/func/elements/function func.function.package.txt
102.12.11 11:05 B C:\jakarta-tomcat-3.2.4\webapps\cocoon\exslt\func\elements\function\func.function.result.1.xml --> ftp.exslt.org /www.exslt.org/public_html/func/elements/function func.function.result.1.xml
102.12.11 11:05 B C:\jakarta-tomcat-3.2.4\webapps\cocoon\exslt\func\elements\function\func.function.result.2.xml --> ftp.exslt.org /www.exslt.org/public_html/func/elements/function func.function.result.2.xml
102.12.11 11:05 B C:\jakarta-tomcat-3.2.4\webapps\cocoon\exslt\func\elements\function\func.function.result.3.xml --> ftp.exslt.org /www.exslt.org/public_html/func/elements/function func.function.result.3.xml
102.12.11 11:05 B C:\jakarta-tomcat-3.2.4\webapps\cocoon\exslt\func\elements\function\func.function.result.4.xml --> ftp.exslt.org /www.exslt.org/public_html/func/elements/function func.function.result.4.xml
102.12.11 11:05 B C:\jakarta-tomcat-3.2.4\webapps\cocoon\exslt\func\elements\function\func.function.result.5.xml --> ftp.exslt.org /www.exslt.org/public_html/func/elements/function func.function.result.5.xml
102.12.11 11:05 B C:\jakarta-tomcat-3.2.4\webapps\cocoon\exslt\func\elements\function\func.function.result.6.xml --> ftp.exslt.org /www.exslt.org/public_html/func/elements/function func.function.result.6.xml
102.12.11 11:05 B C:\jakarta-tomcat-3.2.4\webapps\cocoon\exslt\func\elements\function\func.function.use-case.1.html --> ftp.exslt.org /www.exslt.org/public_html/func/elements/function func.function.use-case.1.html
102.12.11 11:05 B C:\jakarta-tomcat-3.2.4\webapps\cocoon\exslt\func\elements\function\func.function.use-case.2.html --> ftp.exslt.org /www.exslt.org/public_html/func/elements/function func.function.use-case.2.html
102.12.11 11:05 B C:\jakarta-tomcat-3.2.4\webapps\cocoon\exslt\func\elements\function\func.function.use-case.3.html --> ftp.exslt.org /www.exslt.org/public_html/func/elements/function func.function.use-case.3.html
102.12.11 11:05 B C:\jakarta-tomcat-3.2.4\webapps\cocoon\exslt\func\elements\function\func.function.use-case.4.html --> ftp.exslt.org /www.exslt.org/public_html/func/elements/function func.function.use-case.4.html
102.12.11 11:05 B C:\jakarta-tomcat-3.2.4\webapps\cocoon\exslt\func\elements\function\func.function.use-case.5.html --> ftp.exslt.org /www.exslt.org/public_html/func/elements/function func.function.use-case.5.html
102.12.11 11:05 B C:\jakarta-tomcat-3.2.4\webapps\cocoon\exslt\func\elements\function\func.function.use-case.6.html --> ftp.exslt.org /www.exslt.org/public_html/func/elements/function func.function.use-case.6.html
102.12.11 11:05 B C:\jakarta-tomcat-3.2.4\webapps\cocoon\exslt\func\elements\function\func.function.use-cases.txt --> ftp.exslt.org /www.exslt.org/public_html/func/elements/function func.function.use-cases.txt
102.12.11 11:05 B C:\jakarta-tomcat-3.2.4\webapps\cocoon\exslt\func\elements\function\func.function.use-cases.zip --> ftp.exslt.org /www.exslt.org/public_html/func/elements/function func.function.use-cases.zip
102.12.11 11:05 B C:\jakarta-tomcat-3.2.4\webapps\cocoon\exslt\func\elements\function\func.function.xml --> ftp.exslt.org /www.exslt.org/public_html/func/elements/function func.function.xml
102.12.11 11:05 B C:\jakarta-tomcat-3.2.4\webapps\cocoon\exslt\func\elements\function\func.function.zip --> ftp.exslt.org /www.exslt.org/public_html/func/elements/function func.function.zip
102.12.11 11:05 B C:\jakarta-tomcat-3.2.4\webapps\cocoon\exslt\func\elements\function\index.html --> ftp.exslt.org /www.exslt.org/public_html/func/elements/function index.html
102.12.11 11:05 B C:\jakarta-tomcat-3.2.4\webapps\cocoon\exslt\func\elements\function\refresh.bat --> ftp.exslt.org /www.exslt.org/public_html/func/elements/function refresh.bat
102.12.11 11:05 B C:\jakarta-tomcat-3.2.4\webapps\cocoon\exslt\func\elements\function\update.bat --> ftp.exslt.org /www.exslt.org/public_html/func/elements/function update.bat
103.09.29 15:36 B C:\jakarta-tomcat-3.2.4\webapps\cocoon\exslt\func\elements\function\WS_FTP.LOG <-- ftp.exslt.org /www.exslt.org/public_html/func/elements/function WS_FTP.LOG
103.10.21 13:07 B C:\jakarta-tomcat-3.2.4\webapps\cocoon\exslt\func\elements\function\base.css --> marian.cs.nott.ac.uk /stud/pg/cds/exslt/func/elements/function base.css
103.10.21 13:07 B C:\jakarta-tomcat-3.2.4\webapps\cocoon\exslt\func\elements\function\func.function.1.xml --> marian.cs.nott.ac.uk /stud/pg/cds/exslt/func/elements/function func.function.1.xml
103.10.21 13:07 B C:\jakarta-tomcat-3.2.4\webapps\cocoon\exslt\func\elements\function\func.function.1.xsl --> marian.cs.nott.ac.uk /stud/pg/cds/exslt/func/elements/function func.function.1.xsl
103.10.21 13:07 B C:\jakarta-tomcat-3.2.4\webapps\cocoon\exslt\func\elements\function\func.function.2.xml --> marian.cs.nott.ac.uk /stud/pg/cds/exslt/func/elements/function func.function.2.xml
103.10.21 13:07 B C:\jakarta-tomcat-3.2.4\webapps\cocoon\exslt\func\elements\function\func.function.2.xsl --> marian.cs.nott.ac.uk /stud/pg/cds/exslt/func/elements/function func.function.2.xsl
103.10.21 13:07 B C:\jakarta-tomcat-3.2.4\webapps\cocoon\exslt\func\elements\function\func.function.3.html --> marian.cs.nott.ac.uk /stud/pg/cds/exslt/func/elements/function func.function.3.html
103.10.21 13:07 B C:\jakarta-tomcat-3.2.4\webapps\cocoon\exslt\func\elements\function\func.function.3.xsl --> marian.cs.nott.ac.uk /stud/pg/cds/exslt/func/elements/function func.function.3.xsl
103.10.21 13:07 B C:\jakarta-tomcat-3.2.4\webapps\cocoon\exslt\func\elements\function\func.function.4.xsl --> marian.cs.nott.ac.uk /stud/pg/cds/exslt/func/elements/function func.function.4.xsl
103.10.21 13:07 B C:\jakarta-tomcat-3.2.4\webapps\cocoon\exslt\func\elements\function\func.function.5.xsl --> marian.cs.nott.ac.uk /stud/pg/cds/exslt/func/elements/function func.function.5.xsl
103.10.21 13:07 B C:\jakarta-tomcat-3.2.4\webapps\cocoon\exslt\func\elements\function\func.function.6.xsl --> marian.cs.nott.ac.uk /stud/pg/cds/exslt/func/elements/function func.function.6.xsl
103.10.21 13:07 B C:\jakarta-tomcat-3.2.4\webapps\cocoon\exslt\func\elements\function\func.function.data.1.xml --> marian.cs.nott.ac.uk /stud/pg/cds/exslt/func/elements/function func.function.data.1.xml
103.10.21 13:07 B C:\jakarta-tomcat-3.2.4\webapps\cocoon\exslt\func\elements\function\func.function.data.2.xml --> marian.cs.nott.ac.uk /stud/pg/cds/exslt/func/elements/function func.function.data.2.xml
103.10.21 13:07 B C:\jakarta-tomcat-3.2.4\webapps\cocoon\exslt\func\elements\function\func.function.data.3.xml --> marian.cs.nott.ac.uk /stud/pg/cds/exslt/func/elements/function func.function.data.3.xml
103.10.21 13:07 B C:\jakarta-tomcat-3.2.4\webapps\cocoon\exslt\func\elements\function\func.function.data.4.xml --> marian.cs.nott.ac.uk /stud/pg/cds/exslt/func/elements/function func.function.data.4.xml
103.10.21 13:07 B C:\jakarta-tomcat-3.2.4\webapps\cocoon\exslt\func\elements\function\func.function.data.5.xml --> marian.cs.nott.ac.uk /stud/pg/cds/exslt/func/elements/function func.function.data.5.xml
103.10.21 13:07 B C:\jakarta-tomcat-3.2.4\webapps\cocoon\exslt\func\elements\function\func.function.data.6.xml --> marian.cs.nott.ac.uk /stud/pg/cds/exslt/func/elements/function func.function.data.6.xml
103.10.21 13:07 B C:\jakarta-tomcat-3.2.4\webapps\cocoon\exslt\func\elements\function\func.function.html --> marian.cs.nott.ac.uk /stud/pg/cds/exslt/func/elements/function func.function.html
103.10.21 13:07 B C:\jakarta-tomcat-3.2.4\webapps\cocoon\exslt\func\elements\function\func.function.package.txt --> marian.cs.nott.ac.uk /stud/pg/cds/exslt/func/elements/function func.function.package.txt
103.10.21 13:07 B C:\jakarta-tomcat-3.2.4\webapps\cocoon\exslt\func\elements\function\func.function.result.1.xml --> marian.cs.nott.ac.uk /stud/pg/cds/exslt/func/elements/function func.function.result.1.xml
103.10.21 13:07 B C:\jakarta-tomcat-3.2.4\webapps\cocoon\exslt\func\elements\function\func.function.result.2.xml --> marian.cs.nott.ac.uk /stud/pg/cds/exslt/func/elements/function func.function.result.2.xml
103.10.21 13:07 B C:\jakarta-tomcat-3.2.4\webapps\cocoon\exslt\func\elements\function\func.function.result.3.xml --> marian.cs.nott.ac.uk /stud/pg/cds/exslt/func/elements/function func.function.result.3.xml
103.10.21 13:07 B C:\jakarta-tomcat-3.2.4\webapps\cocoon\exslt\func\elements\function\func.function.result.4.xml --> marian.cs.nott.ac.uk /stud/pg/cds/exslt/func/elements/function func.function.result.4.xml
103.10.21 13:07 B C:\jakarta-tomcat-3.2.4\webapps\cocoon\exslt\func\elements\function\func.function.result.5.xml --> marian.cs.nott.ac.uk /stud/pg/cds/exslt/func/elements/function func.function.result.5.xml
103.10.21 13:07 B C:\jakarta-tomcat-3.2.4\webapps\cocoon\exslt\func\elements\function\func.function.result.6.xml --> marian.cs.nott.ac.uk /stud/pg/cds/exslt/func/elements/function func.function.result.6.xml
103.10.21 13:07 B C:\jakarta-tomcat-3.2.4\webapps\cocoon\exslt\func\elements\function\func.function.use-case.1.html --> marian.cs.nott.ac.uk /stud/pg/cds/exslt/func/elements/function func.function.use-case.1.html
103.10.21 13:07 B C:\jakarta-tomcat-3.2.4\webapps\cocoon\exslt\func\elements\function\func.function.use-case.2.html --> marian.cs.nott.ac.uk /stud/pg/cds/exslt/func/elements/function func.function.use-case.2.html
103.10.21 13:07 B C:\jakarta-tomcat-3.2.4\webapps\cocoon\exslt\func\elements\function\func.function.use-case.3.html --> marian.cs.nott.ac.uk /stud/pg/cds/exslt/func/elements/function func.function.use-case.3.html
103.10.21 13:07 B C:\jakarta-tomcat-3.2.4\webapps\cocoon\exslt\func\elements\function\func.function.use-case.4.html --> marian.cs.nott.ac.uk /stud/pg/cds/exslt/func/elements/function func.function.use-case.4.html
103.10.21 13:07 B C:\jakarta-tomcat-3.2.4\webapps\cocoon\exslt\func\elements\function\func.function.use-case.5.html --> marian.cs.nott.ac.uk /stud/pg/cds/exslt/func/elements/function func.function.use-case.5.html
103.10.21 13:07 B C:\jakarta-tomcat-3.2.4\webapps\cocoon\exslt\func\elements\function\func.function.use-case.6.html --> marian.cs.nott.ac.uk /stud/pg/cds/exslt/func/elements/function func.function.use-case.6.html
103.10.21 13:07 B C:\jakarta-tomcat-3.2.4\webapps\cocoon\exslt\func\elements\function\func.function.use-cases.txt --> marian.cs.nott.ac.uk /stud/pg/cds/exslt/func/elements/function func.function.use-cases.txt
103.10.21 13:07 B C:\jakarta-tomcat-3.2.4\webapps\cocoon\exslt\func\elements\function\func.function.use-cases.zip --> marian.cs.nott.ac.uk /stud/pg/cds/exslt/func/elements/function func.function.use-cases.zip
103.10.21 13:07 B C:\jakarta-tomcat-3.2.4\webapps\cocoon\exslt\func\elements\function\func.function.xml --> marian.cs.nott.ac.uk /stud/pg/cds/exslt/func/elements/function func.function.xml
103.10.21 13:07 B C:\jakarta-tomcat-3.2.4\webapps\cocoon\exslt\func\elements\function\func.function.zip --> marian.cs.nott.ac.uk /stud/pg/cds/exslt/func/elements/function func.function.zip
103.10.21 13:07 B C:\jakarta-tomcat-3.2.4\webapps\cocoon\exslt\func\elements\function\index.html --> marian.cs.nott.ac.uk /stud/pg/cds/exslt/func/elements/function index.html
103.10.21 13:07 B C:\jakarta-tomcat-3.2.4\webapps\cocoon\exslt\func\elements\function\refresh.bat --> marian.cs.nott.ac.uk /stud/pg/cds/exslt/func/elements/function refresh.bat
103.10.21 13:07 B C:\jakarta-tomcat-3.2.4\webapps\cocoon\exslt\func\elements\function\update.bat --> marian.cs.nott.ac.uk /stud/pg/cds/exslt/func/elements/function update.bat
103.10.21 13:07 B C:\jakarta-tomcat-3.2.4\webapps\cocoon\exslt\func\elements\function\WS_FTP.LOG --> marian.cs.nott.ac.uk /stud/pg/cds/exslt/func/elements/function WS_FTP.LOG
103.10.23 15:50 B C:\jakarta-tomcat-3.2.4\webapps\cocoon\exslt\func\elements\function\base.css --> ftp.exslt.org /www.exslt.org/public_html/func/elements/function base.css
103.10.23 15:50 B C:\jakarta-tomcat-3.2.4\webapps\cocoon\exslt\func\elements\function\func.function.1.xml --> ftp.exslt.org /www.exslt.org/public_html/func/elements/function func.function.1.xml
103.10.23 15:50 B C:\jakarta-tomcat-3.2.4\webapps\cocoon\exslt\func\elements\function\func.function.1.xsl --> ftp.exslt.org /www.exslt.org/public_html/func/elements/function func.function.1.xsl
103.10.23 15:50 B C:\jakarta-tomcat-3.2.4\webapps\cocoon\exslt\func\elements\function\func.function.2.xml --> ftp.exslt.org /www.exslt.org/public_html/func/elements/function func.function.2.xml
103.10.23 15:50 B C:\jakarta-tomcat-3.2.4\webapps\cocoon\exslt\func\elements\function\func.function.2.xsl --> ftp.exslt.org /www.exslt.org/public_html/func/elements/function func.function.2.xsl
103.10.23 15:50 B C:\jakarta-tomcat-3.2.4\webapps\cocoon\exslt\func\elements\function\func.function.3.html --> ftp.exslt.org /www.exslt.org/public_html/func/elements/function func.function.3.html
103.10.23 15:50 B C:\jakarta-tomcat-3.2.4\webapps\cocoon\exslt\func\elements\function\func.function.3.xsl --> ftp.exslt.org /www.exslt.org/public_html/func/elements/function func.function.3.xsl
103.10.23 15:50 B C:\jakarta-tomcat-3.2.4\webapps\cocoon\exslt\func\elements\function\func.function.4.xsl --> ftp.exslt.org /www.exslt.org/public_html/func/elements/function func.function.4.xsl
103.10.23 15:50 B C:\jakarta-tomcat-3.2.4\webapps\cocoon\exslt\func\elements\function\func.function.5.xsl --> ftp.exslt.org /www.exslt.org/public_html/func/elements/function func.function.5.xsl
103.10.23 15:50 B C:\jakarta-tomcat-3.2.4\webapps\cocoon\exslt\func\elements\function\func.function.6.xsl --> ftp.exslt.org /www.exslt.org/public_html/func/elements/function func.function.6.xsl
103.10.23 15:50 B C:\jakarta-tomcat-3.2.4\webapps\cocoon\exslt\func\elements\function\func.function.data.1.xml --> ftp.exslt.org /www.exslt.org/public_html/func/elements/function func.function.data.1.xml
103.10.23 15:50 B C:\jakarta-tomcat-3.2.4\webapps\cocoon\exslt\func\elements\function\func.function.data.2.xml --> ftp.exslt.org /www.exslt.org/public_html/func/elements/function func.function.data.2.xml
103.10.23 15:50 B C:\jakarta-tomcat-3.2.4\webapps\cocoon\exslt\func\elements\function\func.function.data.3.xml --> ftp.exslt.org /www.exslt.org/public_html/func/elements/function func.function.data.3.xml
103.10.23 15:50 B C:\jakarta-tomcat-3.2.4\webapps\cocoon\exslt\func\elements\function\func.function.data.4.xml --> ftp.exslt.org /www.exslt.org/public_html/func/elements/function func.function.data.4.xml
103.10.23 15:50 B C:\jakarta-tomcat-3.2.4\webapps\cocoon\exslt\func\elements\function\func.function.data.5.xml --> ftp.exslt.org /www.exslt.org/public_html/func/elements/function func.function.data.5.xml
103.10.23 15:50 B C:\jakarta-tomcat-3.2.4\webapps\cocoon\exslt\func\elements\function\func.function.data.6.xml --> ftp.exslt.org /www.exslt.org/public_html/func/elements/function func.function.data.6.xml
103.10.23 15:50 B C:\jakarta-tomcat-3.2.4\webapps\cocoon\exslt\func\elements\function\func.function.html --> ftp.exslt.org /www.exslt.org/public_html/func/elements/function func.function.html
103.10.23 15:50 B C:\jakarta-tomcat-3.2.4\webapps\cocoon\exslt\func\elements\function\func.function.package.txt --> ftp.exslt.org /www.exslt.org/public_html/func/elements/function func.function.package.txt
103.10.23 15:50 B C:\jakarta-tomcat-3.2.4\webapps\cocoon\exslt\func\elements\function\func.function.result.1.xml --> ftp.exslt.org /www.exslt.org/public_html/func/elements/function func.function.result.1.xml
103.10.23 15:50 B C:\jakarta-tomcat-3.2.4\webapps\cocoon\exslt\func\elements\function\func.function.result.2.xml --> ftp.exslt.org /www.exslt.org/public_html/func/elements/function func.function.result.2.xml
103.10.23 15:50 B C:\jakarta-tomcat-3.2.4\webapps\cocoon\exslt\func\elements\function\func.function.result.3.xml --> ftp.exslt.org /www.exslt.org/public_html/func/elements/function func.function.result.3.xml
103.10.23 15:50 B C:\jakarta-tomcat-3.2.4\webapps\cocoon\exslt\func\elements\function\func.function.result.4.xml --> ftp.exslt.org /www.exslt.org/public_html/func/elements/function func.function.result.4.xml
103.10.23 15:50 B C:\jakarta-tomcat-3.2.4\webapps\cocoon\exslt\func\elements\function\func.function.result.5.xml --> ftp.exslt.org /www.exslt.org/public_html/func/elements/function func.function.result.5.xml
103.10.23 15:50 B C:\jakarta-tomcat-3.2.4\webapps\cocoon\exslt\func\elements\function\func.function.result.6.xml --> ftp.exslt.org /www.exslt.org/public_html/func/elements/function func.function.result.6.xml
103.10.23 15:50 B C:\jakarta-tomcat-3.2.4\webapps\cocoon\exslt\func\elements\function\func.function.use-case.1.html --> ftp.exslt.org /www.exslt.org/public_html/func/elements/function func.function.use-case.1.html
103.10.23 15:50 B C:\jakarta-tomcat-3.2.4\webapps\cocoon\exslt\func\elements\function\func.function.use-case.2.html --> ftp.exslt.org /www.exslt.org/public_html/func/elements/function func.function.use-case.2.html
103.10.23 15:50 B C:\jakarta-tomcat-3.2.4\webapps\cocoon\exslt\func\elements\function\func.function.use-case.3.html --> ftp.exslt.org /www.exslt.org/public_html/func/elements/function func.function.use-case.3.html
103.10.23 15:50 B C:\jakarta-tomcat-3.2.4\webapps\cocoon\exslt\func\elements\function\func.function.use-case.4.html --> ftp.exslt.org /www.exslt.org/public_html/func/elements/function func.function.use-case.4.html
103.10.23 15:50 B C:\jakarta-tomcat-3.2.4\webapps\cocoon\exslt\func\elements\function\func.function.use-case.5.html --> ftp.exslt.org /www.exslt.org/public_html/func/elements/function func.function.use-case.5.html
103.10.23 15:50 B C:\jakarta-tomcat-3.2.4\webapps\cocoon\exslt\func\elements\function\func.function.use-case.6.html --> ftp.exslt.org /www.exslt.org/public_html/func/elements/function func.function.use-case.6.html
103.10.23 15:50 B C:\jakarta-tomcat-3.2.4\webapps\cocoon\exslt\func\elements\function\func.function.use-cases.txt --> ftp.exslt.org /www.exslt.org/public_html/func/elements/function func.function.use-cases.txt
103.10.23 15:50 B C:\jakarta-tomcat-3.2.4\webapps\cocoon\exslt\func\elements\function\func.function.use-cases.zip --> ftp.exslt.org /www.exslt.org/public_html/func/elements/function func.function.use-cases.zip
103.10.23 15:51 B C:\jakarta-tomcat-3.2.4\webapps\cocoon\exslt\func\elements\function\func.function.xml --> ftp.exslt.org /www.exslt.org/public_html/func/elements/function func.function.xml
103.10.23 15:51 B C:\jakarta-tomcat-3.2.4\webapps\cocoon\exslt\func\elements\function\func.function.zip --> ftp.exslt.org /www.exslt.org/public_html/func/elements/function func.function.zip
103.10.23 15:51 B C:\jakarta-tomcat-3.2.4\webapps\cocoon\exslt\func\elements\function\index.html --> ftp.exslt.org /www.exslt.org/public_html/func/elements/function index.html
103.10.23 15:51 B C:\jakarta-tomcat-3.2.4\webapps\cocoon\exslt\func\elements\function\refresh.bat --> ftp.exslt.org /www.exslt.org/public_html/func/elements/function refresh.bat
103.10.23 15:51 B C:\jakarta-tomcat-3.2.4\webapps\cocoon\exslt\func\elements\function\update.bat --> ftp.exslt.org /www.exslt.org/public_html/func/elements/function update.bat
103.10.23 15:51 B C:\jakarta-tomcat-3.2.4\webapps\cocoon\exslt\func\elements\function\WS_FTP.LOG --> ftp.exslt.org /www.exslt.org/public_html/func/elements/function WS_FTP.LOG
103.10.23 16:02 B C:\jakarta-tomcat-3.2.4\webapps\cocoon\exslt\func\elements\function\base.css --> ftp.exslt.org /www.exslt.org/public_html/func/elements/function base.css
103.10.23 16:02 B C:\jakarta-tomcat-3.2.4\webapps\cocoon\exslt\func\elements\function\func.function.1.xml --> ftp.exslt.org /www.exslt.org/public_html/func/elements/function func.function.1.xml
103.10.23 16:03 B C:\jakarta-tomcat-3.2.4\webapps\cocoon\exslt\func\elements\function\func.function.1.xsl --> ftp.exslt.org /www.exslt.org/public_html/func/elements/function func.function.1.xsl
103.10.23 16:03 B C:\jakarta-tomcat-3.2.4\webapps\cocoon\exslt\func\elements\function\func.function.2.xml --> ftp.exslt.org /www.exslt.org/public_html/func/elements/function func.function.2.xml
103.10.23 16:03 B C:\jakarta-tomcat-3.2.4\webapps\cocoon\exslt\func\elements\function\func.function.2.xsl --> ftp.exslt.org /www.exslt.org/public_html/func/elements/function func.function.2.xsl
103.10.23 16:03 B C:\jakarta-tomcat-3.2.4\webapps\cocoon\exslt\func\elements\function\func.function.3.html --> ftp.exslt.org /www.exslt.org/public_html/func/elements/function func.function.3.html
103.10.23 16:03 B C:\jakarta-tomcat-3.2.4\webapps\cocoon\exslt\func\elements\function\func.function.3.xsl --> ftp.exslt.org /www.exslt.org/public_html/func/elements/function func.function.3.xsl
103.10.23 16:03 B C:\jakarta-tomcat-3.2.4\webapps\cocoon\exslt\func\elements\function\func.function.4.xsl --> ftp.exslt.org /www.exslt.org/public_html/func/elements/function func.function.4.xsl
103.10.23 16:03 B C:\jakarta-tomcat-3.2.4\webapps\cocoon\exslt\func\elements\function\func.function.5.xsl --> ftp.exslt.org /www.exslt.org/public_html/func/elements/function func.function.5.xsl
103.10.23 16:03 B C:\jakarta-tomcat-3.2.4\webapps\cocoon\exslt\func\elements\function\func.function.6.xsl --> ftp.exslt.org /www.exslt.org/public_html/func/elements/function func.function.6.xsl
103.10.23 16:03 B C:\jakarta-tomcat-3.2.4\webapps\cocoon\exslt\func\elements\function\func.function.data.1.xml --> ftp.exslt.org /www.exslt.org/public_html/func/elements/function func.function.data.1.xml
103.10.23 16:03 B C:\jakarta-tomcat-3.2.4\webapps\cocoon\exslt\func\elements\function\func.function.data.2.xml --> ftp.exslt.org /www.exslt.org/public_html/func/elements/function func.function.data.2.xml
103.10.23 16:03 B C:\jakarta-tomcat-3.2.4\webapps\cocoon\exslt\func\elements\function\func.function.data.3.xml --> ftp.exslt.org /www.exslt.org/public_html/func/elements/function func.function.data.3.xml
103.10.23 16:03 B C:\jakarta-tomcat-3.2.4\webapps\cocoon\exslt\func\elements\function\func.function.data.4.xml --> ftp.exslt.org /www.exslt.org/public_html/func/elements/function func.function.data.4.xml
103.10.23 16:03 B C:\jakarta-tomcat-3.2.4\webapps\cocoon\exslt\func\elements\function\func.function.data.5.xml --> ftp.exslt.org /www.exslt.org/public_html/func/elements/function func.function.data.5.xml
103.10.23 16:03 B C:\jakarta-tomcat-3.2.4\webapps\cocoon\exslt\func\elements\function\func.function.data.6.xml --> ftp.exslt.org /www.exslt.org/public_html/func/elements/function func.function.data.6.xml
103.10.23 16:03 B C:\jakarta-tomcat-3.2.4\webapps\cocoon\exslt\func\elements\function\func.function.html --> ftp.exslt.org /www.exslt.org/public_html/func/elements/function func.function.html
103.10.23 16:03 B C:\jakarta-tomcat-3.2.4\webapps\cocoon\exslt\func\elements\function\func.function.package.txt --> ftp.exslt.org /www.exslt.org/public_html/func/elements/function func.function.package.txt
103.10.23 16:03 B C:\jakarta-tomcat-3.2.4\webapps\cocoon\exslt\func\elements\function\func.function.result.1.xml --> ftp.exslt.org /www.exslt.org/public_html/func/elements/function func.function.result.1.xml
103.10.23 16:03 B C:\jakarta-tomcat-3.2.4\webapps\cocoon\exslt\func\elements\function\func.function.result.2.xml --> ftp.exslt.org /www.exslt.org/public_html/func/elements/function func.function.result.2.xml
103.10.23 16:03 B C:\jakarta-tomcat-3.2.4\webapps\cocoon\exslt\func\elements\function\func.function.result.3.xml --> ftp.exslt.org /www.exslt.org/public_html/func/elements/function func.function.result.3.xml
103.10.23 16:03 B C:\jakarta-tomcat-3.2.4\webapps\cocoon\exslt\func\elements\function\func.function.result.4.xml --> ftp.exslt.org /www.exslt.org/public_html/func/elements/function func.function.result.4.xml
103.10.23 16:03 B C:\jakarta-tomcat-3.2.4\webapps\cocoon\exslt\func\elements\function\func.function.result.5.xml --> ftp.exslt.org /www.exslt.org/public_html/func/elements/function func.function.result.5.xml
103.10.23 16:04 B C:\jakarta-tomcat-3.2.4\webapps\cocoon\exslt\func\elements\function\func.function.result.6.xml --> ftp.exslt.org /www.exslt.org/public_html/func/elements/function func.function.result.6.xml
103.10.23 16:09 B C:\jakarta-tomcat-3.2.4\webapps\cocoon\exslt\func\elements\function\base.css --> ftp.exslt.org /www.exslt.org/public_html/func/elements/function base.css
103.10.23 16:09 B C:\jakarta-tomcat-3.2.4\webapps\cocoon\exslt\func\elements\function\func.function.1.xml --> ftp.exslt.org /www.exslt.org/public_html/func/elements/function func.function.1.xml
103.10.23 16:09 B C:\jakarta-tomcat-3.2.4\webapps\cocoon\exslt\func\elements\function\func.function.1.xsl --> ftp.exslt.org /www.exslt.org/public_html/func/elements/function func.function.1.xsl
103.10.23 16:09 B C:\jakarta-tomcat-3.2.4\webapps\cocoon\exslt\func\elements\function\func.function.2.xml --> ftp.exslt.org /www.exslt.org/public_html/func/elements/function func.function.2.xml
103.10.23 16:09 B C:\jakarta-tomcat-3.2.4\webapps\cocoon\exslt\func\elements\function\func.function.2.xsl --> ftp.exslt.org /www.exslt.org/public_html/func/elements/function func.function.2.xsl
103.10.23 16:09 B C:\jakarta-tomcat-3.2.4\webapps\cocoon\exslt\func\elements\function\func.function.3.html --> ftp.exslt.org /www.exslt.org/public_html/func/elements/function func.function.3.html
103.10.23 16:09 B C:\jakarta-tomcat-3.2.4\webapps\cocoon\exslt\func\elements\function\func.function.3.xsl --> ftp.exslt.org /www.exslt.org/public_html/func/elements/function func.function.3.xsl
103.10.23 16:09 B C:\jakarta-tomcat-3.2.4\webapps\cocoon\exslt\func\elements\function\func.function.4.xsl --> ftp.exslt.org /www.exslt.org/public_html/func/elements/function func.function.4.xsl
103.10.23 16:09 B C:\jakarta-tomcat-3.2.4\webapps\cocoon\exslt\func\elements\function\func.function.5.xsl --> ftp.exslt.org /www.exslt.org/public_html/func/elements/function func.function.5.xsl
103.10.23 16:09 B C:\jakarta-tomcat-3.2.4\webapps\cocoon\exslt\func\elements\function\func.function.6.xsl --> ftp.exslt.org /www.exslt.org/public_html/func/elements/function func.function.6.xsl
103.10.23 16:09 B C:\jakarta-tomcat-3.2.4\webapps\cocoon\exslt\func\elements\function\func.function.data.1.xml --> ftp.exslt.org /www.exslt.org/public_html/func/elements/function func.function.data.1.xml
103.10.23 16:09 B C:\jakarta-tomcat-3.2.4\webapps\cocoon\exslt\func\elements\function\func.function.data.2.xml --> ftp.exslt.org /www.exslt.org/public_html/func/elements/function func.function.data.2.xml
103.10.23 16:09 B C:\jakarta-tomcat-3.2.4\webapps\cocoon\exslt\func\elements\function\func.function.data.3.xml --> ftp.exslt.org /www.exslt.org/public_html/func/elements/function func.function.data.3.xml
103.10.23 16:09 B C:\jakarta-tomcat-3.2.4\webapps\cocoon\exslt\func\elements\function\func.function.data.4.xml --> ftp.exslt.org /www.exslt.org/public_html/func/elements/function func.function.data.4.xml
103.10.23 16:09 B C:\jakarta-tomcat-3.2.4\webapps\cocoon\exslt\func\elements\function\func.function.data.5.xml --> ftp.exslt.org /www.exslt.org/public_html/func/elements/function func.function.data.5.xml
103.10.23 16:09 B C:\jakarta-tomcat-3.2.4\webapps\cocoon\exslt\func\elements\function\func.function.data.6.xml --> ftp.exslt.org /www.exslt.org/public_html/func/elements/function func.function.data.6.xml
103.10.23 16:10 B C:\jakarta-tomcat-3.2.4\webapps\cocoon\exslt\func\elements\function\func.function.html --> ftp.exslt.org /www.exslt.org/public_html/func/elements/function func.function.html
103.10.23 16:10 B C:\jakarta-tomcat-3.2.4\webapps\cocoon\exslt\func\elements\function\func.function.package.txt --> ftp.exslt.org /www.exslt.org/public_html/func/elements/function func.function.package.txt
103.10.23 16:10 B C:\jakarta-tomcat-3.2.4\webapps\cocoon\exslt\func\elements\function\func.function.result.1.xml --> ftp.exslt.org /www.exslt.org/public_html/func/elements/function func.function.result.1.xml
103.10.23 16:10 B C:\jakarta-tomcat-3.2.4\webapps\cocoon\exslt\func\elements\function\func.function.result.2.xml --> ftp.exslt.org /www.exslt.org/public_html/func/elements/function func.function.result.2.xml
103.10.23 16:10 B C:\jakarta-tomcat-3.2.4\webapps\cocoon\exslt\func\elements\function\func.function.result.3.xml --> ftp.exslt.org /www.exslt.org/public_html/func/elements/function func.function.result.3.xml
103.10.23 16:10 B C:\jakarta-tomcat-3.2.4\webapps\cocoon\exslt\func\elements\function\func.function.result.4.xml --> ftp.exslt.org /www.exslt.org/public_html/func/elements/function func.function.result.4.xml
103.10.23 16:10 B C:\jakarta-tomcat-3.2.4\webapps\cocoon\exslt\func\elements\function\func.function.result.5.xml --> ftp.exslt.org /www.exslt.org/public_html/func/elements/function func.function.result.5.xml
103.10.23 16:10 B C:\jakarta-tomcat-3.2.4\webapps\cocoon\exslt\func\elements\function\func.function.result.6.xml --> ftp.exslt.org /www.exslt.org/public_html/func/elements/function func.function.result.6.xml
103.10.23 16:10 B C:\jakarta-tomcat-3.2.4\webapps\cocoon\exslt\func\elements\function\func.function.use-case.1.html --> ftp.exslt.org /www.exslt.org/public_html/func/elements/function func.function.use-case.1.html
103.10.23 16:10 B C:\jakarta-tomcat-3.2.4\webapps\cocoon\exslt\func\elements\function\func.function.use-case.2.html --> ftp.exslt.org /www.exslt.org/public_html/func/elements/function func.function.use-case.2.html
103.10.23 16:10 B C:\jakarta-tomcat-3.2.4\webapps\cocoon\exslt\func\elements\function\func.function.use-case.3.html --> ftp.exslt.org /www.exslt.org/public_html/func/elements/function func.function.use-case.3.html
103.10.23 16:10 B C:\jakarta-tomcat-3.2.4\webapps\cocoon\exslt\func\elements\function\func.function.use-case.4.html --> ftp.exslt.org /www.exslt.org/public_html/func/elements/function func.function.use-case.4.html
103.10.23 16:10 B C:\jakarta-tomcat-3.2.4\webapps\cocoon\exslt\func\elements\function\func.function.use-case.5.html --> ftp.exslt.org /www.exslt.org/public_html/func/elements/function func.function.use-case.5.html
103.10.23 16:10 B C:\jakarta-tomcat-3.2.4\webapps\cocoon\exslt\func\elements\function\func.function.use-case.6.html --> ftp.exslt.org /www.exslt.org/public_html/func/elements/function func.function.use-case.6.html
103.10.23 16:10 B C:\jakarta-tomcat-3.2.4\webapps\cocoon\exslt\func\elements\function\func.function.use-cases.txt --> ftp.exslt.org /www.exslt.org/public_html/func/elements/function func.function.use-cases.txt
103.10.23 16:10 B C:\jakarta-tomcat-3.2.4\webapps\cocoon\exslt\func\elements\function\func.function.use-cases.zip --> ftp.exslt.org /www.exslt.org/public_html/func/elements/function func.function.use-cases.zip
103.10.23 16:10 B C:\jakarta-tomcat-3.2.4\webapps\cocoon\exslt\func\elements\function\func.function.xml --> ftp.exslt.org /www.exslt.org/public_html/func/elements/function func.function.xml
103.10.23 16:10 B C:\jakarta-tomcat-3.2.4\webapps\cocoon\exslt\func\elements\function\func.function.zip --> ftp.exslt.org /www.exslt.org/public_html/func/elements/function func.function.zip
103.10.23 16:10 B C:\jakarta-tomcat-3.2.4\webapps\cocoon\exslt\func\elements\function\index.html --> ftp.exslt.org /www.exslt.org/public_html/func/elements/function index.html
103.10.23 16:11 B C:\jakarta-tomcat-3.2.4\webapps\cocoon\exslt\func\elements\function\refresh.bat --> ftp.exslt.org /www.exslt.org/public_html/func/elements/function refresh.bat
103.10.23 16:11 B C:\jakarta-tomcat-3.2.4\webapps\cocoon\exslt\func\elements\function\update.bat --> ftp.exslt.org /www.exslt.org/public_html/func/elements/function update.bat
