102.08.21 17:33 B C:\jakarta-tomcat-3.2.4\webapps\cocoon\exslt\str\functions\padding\base.css --> ftp.exslt.org /www.exslt.org/public_html/str/functions/padding base.css
102.08.21 17:33 B C:\jakarta-tomcat-3.2.4\webapps\cocoon\exslt\str\functions\padding\index.html --> ftp.exslt.org /www.exslt.org/public_html/str/functions/padding index.html
102.08.21 17:33 B C:\jakarta-tomcat-3.2.4\webapps\cocoon\exslt\str\functions\padding\refresh.bat --> ftp.exslt.org /www.exslt.org/public_html/str/functions/padding refresh.bat
102.08.21 17:33 B C:\jakarta-tomcat-3.2.4\webapps\cocoon\exslt\str\functions\padding\str.padding.1.html --> ftp.exslt.org /www.exslt.org/public_html/str/functions/padding str.padding.1.html
102.08.21 17:33 B C:\jakarta-tomcat-3.2.4\webapps\cocoon\exslt\str\functions\padding\str.padding.1.xsl --> ftp.exslt.org /www.exslt.org/public_html/str/functions/padding str.padding.1.xsl
102.08.21 17:33 B C:\jakarta-tomcat-3.2.4\webapps\cocoon\exslt\str\functions\padding\str.padding.data.1.xml --> ftp.exslt.org /www.exslt.org/public_html/str/functions/padding str.padding.data.1.xml
102.08.21 17:33 B C:\jakarta-tomcat-3.2.4\webapps\cocoon\exslt\str\functions\padding\str.padding.function.xsl --> ftp.exslt.org /www.exslt.org/public_html/str/functions/padding str.padding.function.xsl
102.08.21 17:33 B C:\jakarta-tomcat-3.2.4\webapps\cocoon\exslt\str\functions\padding\str.padding.function.xsl.html --> ftp.exslt.org /www.exslt.org/public_html/str/functions/padding str.padding.function.xsl.html
102.08.21 17:33 B C:\jakarta-tomcat-3.2.4\webapps\cocoon\exslt\str\functions\padding\str.padding.html --> ftp.exslt.org /www.exslt.org/public_html/str/functions/padding str.padding.html
102.08.21 17:33 B C:\jakarta-tomcat-3.2.4\webapps\cocoon\exslt\str\functions\padding\str.padding.js --> ftp.exslt.org /www.exslt.org/public_html/str/functions/padding str.padding.js
102.08.21 17:33 B C:\jakarta-tomcat-3.2.4\webapps\cocoon\exslt\str\functions\padding\str.padding.js.html --> ftp.exslt.org /www.exslt.org/public_html/str/functions/padding str.padding.js.html
102.08.21 17:33 B C:\jakarta-tomcat-3.2.4\webapps\cocoon\exslt\str\functions\padding\str.padding.msxsl.xsl --> ftp.exslt.org /www.exslt.org/public_html/str/functions/padding str.padding.msxsl.xsl
102.08.21 17:33 B C:\jakarta-tomcat-3.2.4\webapps\cocoon\exslt\str\functions\padding\str.padding.msxsl.xsl.html --> ftp.exslt.org /www.exslt.org/public_html/str/functions/padding str.padding.msxsl.xsl.html
102.08.21 17:33 B C:\jakarta-tomcat-3.2.4\webapps\cocoon\exslt\str\functions\padding\str.padding.package.txt --> ftp.exslt.org /www.exslt.org/public_html/str/functions/padding str.padding.package.txt
102.08.21 17:33 B C:\jakarta-tomcat-3.2.4\webapps\cocoon\exslt\str\functions\padding\str.padding.template.xsl --> ftp.exslt.org /www.exslt.org/public_html/str/functions/padding str.padding.template.xsl
102.08.21 17:33 B C:\jakarta-tomcat-3.2.4\webapps\cocoon\exslt\str\functions\padding\str.padding.template.xsl.html --> ftp.exslt.org /www.exslt.org/public_html/str/functions/padding str.padding.template.xsl.html
102.08.21 17:33 B C:\jakarta-tomcat-3.2.4\webapps\cocoon\exslt\str\functions\padding\str.padding.use-case.1.html --> ftp.exslt.org /www.exslt.org/public_html/str/functions/padding str.padding.use-case.1.html
102.08.21 17:33 B C:\jakarta-tomcat-3.2.4\webapps\cocoon\exslt\str\functions\padding\str.padding.use-cases.txt --> ftp.exslt.org /www.exslt.org/public_html/str/functions/padding str.padding.use-cases.txt
102.08.21 17:33 B C:\jakarta-tomcat-3.2.4\webapps\cocoon\exslt\str\functions\padding\str.padding.use-cases.zip --> ftp.exslt.org /www.exslt.org/public_html/str/functions/padding str.padding.use-cases.zip
102.08.21 17:33 B C:\jakarta-tomcat-3.2.4\webapps\cocoon\exslt\str\functions\padding\str.padding.xml --> ftp.exslt.org /www.exslt.org/public_html/str/functions/padding str.padding.xml
102.08.21 17:33 B C:\jakarta-tomcat-3.2.4\webapps\cocoon\exslt\str\functions\padding\str.padding.xsl --> ftp.exslt.org /www.exslt.org/public_html/str/functions/padding str.padding.xsl
102.08.21 17:33 B C:\jakarta-tomcat-3.2.4\webapps\cocoon\exslt\str\functions\padding\str.padding.zip --> ftp.exslt.org /www.exslt.org/public_html/str/functions/padding str.padding.zip
102.08.21 17:33 B C:\jakarta-tomcat-3.2.4\webapps\cocoon\exslt\str\functions\padding\update.bat --> ftp.exslt.org /www.exslt.org/public_html/str/functions/padding update.bat
102.11.19 14:12 B C:\jakarta-tomcat-3.2.4\webapps\cocoon\exslt\str\functions\padding\base.css --> ftp.exslt.org /www.exslt.org/public_html/str/functions/padding base.css
102.11.19 14:12 B C:\jakarta-tomcat-3.2.4\webapps\cocoon\exslt\str\functions\padding\index.html --> ftp.exslt.org /www.exslt.org/public_html/str/functions/padding index.html
102.11.19 14:12 B C:\jakarta-tomcat-3.2.4\webapps\cocoon\exslt\str\functions\padding\refresh.bat --> ftp.exslt.org /www.exslt.org/public_html/str/functions/padding refresh.bat
102.11.19 14:12 B C:\jakarta-tomcat-3.2.4\webapps\cocoon\exslt\str\functions\padding\str.padding.1.html --> ftp.exslt.org /www.exslt.org/public_html/str/functions/padding str.padding.1.html
102.11.19 14:12 B C:\jakarta-tomcat-3.2.4\webapps\cocoon\exslt\str\functions\padding\str.padding.1.xsl --> ftp.exslt.org /www.exslt.org/public_html/str/functions/padding str.padding.1.xsl
102.11.19 14:12 B C:\jakarta-tomcat-3.2.4\webapps\cocoon\exslt\str\functions\padding\str.padding.data.1.xml --> ftp.exslt.org /www.exslt.org/public_html/str/functions/padding str.padding.data.1.xml
102.11.19 14:12 B C:\jakarta-tomcat-3.2.4\webapps\cocoon\exslt\str\functions\padding\str.padding.function.xsl --> ftp.exslt.org /www.exslt.org/public_html/str/functions/padding str.padding.function.xsl
102.11.19 14:12 B C:\jakarta-tomcat-3.2.4\webapps\cocoon\exslt\str\functions\padding\str.padding.function.xsl.html --> ftp.exslt.org /www.exslt.org/public_html/str/functions/padding str.padding.function.xsl.html
102.11.19 14:12 B C:\jakarta-tomcat-3.2.4\webapps\cocoon\exslt\str\functions\padding\str.padding.html --> ftp.exslt.org /www.exslt.org/public_html/str/functions/padding str.padding.html
102.11.19 14:12 B C:\jakarta-tomcat-3.2.4\webapps\cocoon\exslt\str\functions\padding\str.padding.js --> ftp.exslt.org /www.exslt.org/public_html/str/functions/padding str.padding.js
102.11.19 14:12 B C:\jakarta-tomcat-3.2.4\webapps\cocoon\exslt\str\functions\padding\str.padding.js.html --> ftp.exslt.org /www.exslt.org/public_html/str/functions/padding str.padding.js.html
102.11.19 14:12 B C:\jakarta-tomcat-3.2.4\webapps\cocoon\exslt\str\functions\padding\str.padding.msxsl.xsl --> ftp.exslt.org /www.exslt.org/public_html/str/functions/padding str.padding.msxsl.xsl
102.11.19 14:12 B C:\jakarta-tomcat-3.2.4\webapps\cocoon\exslt\str\functions\padding\str.padding.msxsl.xsl.html --> ftp.exslt.org /www.exslt.org/public_html/str/functions/padding str.padding.msxsl.xsl.html
102.11.19 14:12 B C:\jakarta-tomcat-3.2.4\webapps\cocoon\exslt\str\functions\padding\str.padding.package.txt --> ftp.exslt.org /www.exslt.org/public_html/str/functions/padding str.padding.package.txt
102.11.19 14:12 B C:\jakarta-tomcat-3.2.4\webapps\cocoon\exslt\str\functions\padding\str.padding.template.xsl --> ftp.exslt.org /www.exslt.org/public_html/str/functions/padding str.padding.template.xsl
102.11.19 14:12 B C:\jakarta-tomcat-3.2.4\webapps\cocoon\exslt\str\functions\padding\str.padding.template.xsl.html --> ftp.exslt.org /www.exslt.org/public_html/str/functions/padding str.padding.template.xsl.html
102.11.19 14:12 B C:\jakarta-tomcat-3.2.4\webapps\cocoon\exslt\str\functions\padding\str.padding.use-case.1.html --> ftp.exslt.org /www.exslt.org/public_html/str/functions/padding str.padding.use-case.1.html
102.11.19 14:12 B C:\jakarta-tomcat-3.2.4\webapps\cocoon\exslt\str\functions\padding\str.padding.use-cases.txt --> ftp.exslt.org /www.exslt.org/public_html/str/functions/padding str.padding.use-cases.txt
102.11.19 14:12 B C:\jakarta-tomcat-3.2.4\webapps\cocoon\exslt\str\functions\padding\str.padding.use-cases.zip --> ftp.exslt.org /www.exslt.org/public_html/str/functions/padding str.padding.use-cases.zip
102.11.19 14:12 B C:\jakarta-tomcat-3.2.4\webapps\cocoon\exslt\str\functions\padding\str.padding.xml --> ftp.exslt.org /www.exslt.org/public_html/str/functions/padding str.padding.xml
102.11.19 14:12 B C:\jakarta-tomcat-3.2.4\webapps\cocoon\exslt\str\functions\padding\str.padding.xsl --> ftp.exslt.org /www.exslt.org/public_html/str/functions/padding str.padding.xsl
102.11.19 14:12 B C:\jakarta-tomcat-3.2.4\webapps\cocoon\exslt\str\functions\padding\str.padding.zip --> ftp.exslt.org /www.exslt.org/public_html/str/functions/padding str.padding.zip
102.11.19 14:12 B C:\jakarta-tomcat-3.2.4\webapps\cocoon\exslt\str\functions\padding\update.bat --> ftp.exslt.org /www.exslt.org/public_html/str/functions/padding update.bat
102.12.02 12:34 B C:\jakarta-tomcat-3.2.4\webapps\cocoon\exslt\public_html\str\functions\padding\WS_FTP.LOG <-- ftp.exslt.org /www.exslt.org/public_html/str/functions/padding WS_FTP.LOG
102.12.03 11:15 B C:\jakarta-tomcat-3.2.4\webapps\cocoon\exslt\str\functions\padding\base.css --> ftp.exslt.org /www.exslt.org/public_html/str/functions/padding base.css
102.12.03 11:15 B C:\jakarta-tomcat-3.2.4\webapps\cocoon\exslt\str\functions\padding\index.html --> ftp.exslt.org /www.exslt.org/public_html/str/functions/padding index.html
102.12.03 11:15 B C:\jakarta-tomcat-3.2.4\webapps\cocoon\exslt\str\functions\padding\out.html --> ftp.exslt.org /www.exslt.org/public_html/str/functions/padding out.html
102.12.03 11:15 B C:\jakarta-tomcat-3.2.4\webapps\cocoon\exslt\str\functions\padding\refresh.bat --> ftp.exslt.org /www.exslt.org/public_html/str/functions/padding refresh.bat
102.12.03 11:15 B C:\jakarta-tomcat-3.2.4\webapps\cocoon\exslt\str\functions\padding\str.padding.1.html --> ftp.exslt.org /www.exslt.org/public_html/str/functions/padding str.padding.1.html
102.12.03 11:15 B C:\jakarta-tomcat-3.2.4\webapps\cocoon\exslt\str\functions\padding\str.padding.1.xsl --> ftp.exslt.org /www.exslt.org/public_html/str/functions/padding str.padding.1.xsl
102.12.03 11:15 B C:\jakarta-tomcat-3.2.4\webapps\cocoon\exslt\str\functions\padding\str.padding.data.1.xml --> ftp.exslt.org /www.exslt.org/public_html/str/functions/padding str.padding.data.1.xml
102.12.03 11:15 B C:\jakarta-tomcat-3.2.4\webapps\cocoon\exslt\str\functions\padding\str.padding.function.xsl --> ftp.exslt.org /www.exslt.org/public_html/str/functions/padding str.padding.function.xsl
102.12.03 11:15 B C:\jakarta-tomcat-3.2.4\webapps\cocoon\exslt\str\functions\padding\str.padding.function.xsl.html --> ftp.exslt.org /www.exslt.org/public_html/str/functions/padding str.padding.function.xsl.html
102.12.03 11:15 B C:\jakarta-tomcat-3.2.4\webapps\cocoon\exslt\str\functions\padding\str.padding.html --> ftp.exslt.org /www.exslt.org/public_html/str/functions/padding str.padding.html
102.12.03 11:15 B C:\jakarta-tomcat-3.2.4\webapps\cocoon\exslt\str\functions\padding\str.padding.js --> ftp.exslt.org /www.exslt.org/public_html/str/functions/padding str.padding.js
102.12.03 11:15 B C:\jakarta-tomcat-3.2.4\webapps\cocoon\exslt\str\functions\padding\str.padding.js.html --> ftp.exslt.org /www.exslt.org/public_html/str/functions/padding str.padding.js.html
102.12.03 11:15 B C:\jakarta-tomcat-3.2.4\webapps\cocoon\exslt\str\functions\padding\str.padding.msxsl.xsl --> ftp.exslt.org /www.exslt.org/public_html/str/functions/padding str.padding.msxsl.xsl
102.12.03 11:15 B C:\jakarta-tomcat-3.2.4\webapps\cocoon\exslt\str\functions\padding\str.padding.msxsl.xsl.html --> ftp.exslt.org /www.exslt.org/public_html/str/functions/padding str.padding.msxsl.xsl.html
102.12.03 11:15 B C:\jakarta-tomcat-3.2.4\webapps\cocoon\exslt\str\functions\padding\str.padding.package.txt --> ftp.exslt.org /www.exslt.org/public_html/str/functions/padding str.padding.package.txt
102.12.03 11:15 B C:\jakarta-tomcat-3.2.4\webapps\cocoon\exslt\str\functions\padding\str.padding.template.xsl --> ftp.exslt.org /www.exslt.org/public_html/str/functions/padding str.padding.template.xsl
102.12.03 11:15 B C:\jakarta-tomcat-3.2.4\webapps\cocoon\exslt\str\functions\padding\str.padding.template.xsl.html --> ftp.exslt.org /www.exslt.org/public_html/str/functions/padding str.padding.template.xsl.html
102.12.03 11:15 B C:\jakarta-tomcat-3.2.4\webapps\cocoon\exslt\str\functions\padding\str.padding.use-case.1.html --> ftp.exslt.org /www.exslt.org/public_html/str/functions/padding str.padding.use-case.1.html
102.12.03 11:15 B C:\jakarta-tomcat-3.2.4\webapps\cocoon\exslt\str\functions\padding\str.padding.use-cases.txt --> ftp.exslt.org /www.exslt.org/public_html/str/functions/padding str.padding.use-cases.txt
102.12.03 11:15 B C:\jakarta-tomcat-3.2.4\webapps\cocoon\exslt\str\functions\padding\str.padding.use-cases.zip --> ftp.exslt.org /www.exslt.org/public_html/str/functions/padding str.padding.use-cases.zip
102.12.03 11:15 B C:\jakarta-tomcat-3.2.4\webapps\cocoon\exslt\str\functions\padding\str.padding.xml --> ftp.exslt.org /www.exslt.org/public_html/str/functions/padding str.padding.xml
102.12.03 11:15 B C:\jakarta-tomcat-3.2.4\webapps\cocoon\exslt\str\functions\padding\str.padding.xsl --> ftp.exslt.org /www.exslt.org/public_html/str/functions/padding str.padding.xsl
102.12.03 11:15 B C:\jakarta-tomcat-3.2.4\webapps\cocoon\exslt\str\functions\padding\str.padding.zip --> ftp.exslt.org /www.exslt.org/public_html/str/functions/padding str.padding.zip
102.12.03 11:15 B C:\jakarta-tomcat-3.2.4\webapps\cocoon\exslt\str\functions\padding\update.bat --> ftp.exslt.org /www.exslt.org/public_html/str/functions/padding update.bat
103.09.29 16:33 B C:\jakarta-tomcat-3.2.4\webapps\cocoon\exslt\str\functions\padding\WS_FTP.LOG <-- ftp.exslt.org /www.exslt.org/public_html/str/functions/padding WS_FTP.LOG
103.10.21 13:11 B C:\jakarta-tomcat-3.2.4\webapps\cocoon\exslt\str\functions\padding\base.css --> marian.cs.nott.ac.uk /stud/pg/cds/exslt/str/functions/padding base.css
103.10.21 13:11 B C:\jakarta-tomcat-3.2.4\webapps\cocoon\exslt\str\functions\padding\index.html --> marian.cs.nott.ac.uk /stud/pg/cds/exslt/str/functions/padding index.html
103.10.21 13:11 B C:\jakarta-tomcat-3.2.4\webapps\cocoon\exslt\str\functions\padding\out.html --> marian.cs.nott.ac.uk /stud/pg/cds/exslt/str/functions/padding out.html
103.10.21 13:11 B C:\jakarta-tomcat-3.2.4\webapps\cocoon\exslt\str\functions\padding\refresh.bat --> marian.cs.nott.ac.uk /stud/pg/cds/exslt/str/functions/padding refresh.bat
103.10.21 13:11 B C:\jakarta-tomcat-3.2.4\webapps\cocoon\exslt\str\functions\padding\str.padding.1.html --> marian.cs.nott.ac.uk /stud/pg/cds/exslt/str/functions/padding str.padding.1.html
103.10.21 13:11 B C:\jakarta-tomcat-3.2.4\webapps\cocoon\exslt\str\functions\padding\str.padding.1.xsl --> marian.cs.nott.ac.uk /stud/pg/cds/exslt/str/functions/padding str.padding.1.xsl
103.10.21 13:11 B C:\jakarta-tomcat-3.2.4\webapps\cocoon\exslt\str\functions\padding\str.padding.data.1.xml --> marian.cs.nott.ac.uk /stud/pg/cds/exslt/str/functions/padding str.padding.data.1.xml
103.10.21 13:11 B C:\jakarta-tomcat-3.2.4\webapps\cocoon\exslt\str\functions\padding\str.padding.function.xsl --> marian.cs.nott.ac.uk /stud/pg/cds/exslt/str/functions/padding str.padding.function.xsl
103.10.21 13:11 B C:\jakarta-tomcat-3.2.4\webapps\cocoon\exslt\str\functions\padding\str.padding.function.xsl.html --> marian.cs.nott.ac.uk /stud/pg/cds/exslt/str/functions/padding str.padding.function.xsl.html
103.10.21 13:11 B C:\jakarta-tomcat-3.2.4\webapps\cocoon\exslt\str\functions\padding\str.padding.html --> marian.cs.nott.ac.uk /stud/pg/cds/exslt/str/functions/padding str.padding.html
103.10.21 13:11 B C:\jakarta-tomcat-3.2.4\webapps\cocoon\exslt\str\functions\padding\str.padding.js --> marian.cs.nott.ac.uk /stud/pg/cds/exslt/str/functions/padding str.padding.js
103.10.21 13:11 B C:\jakarta-tomcat-3.2.4\webapps\cocoon\exslt\str\functions\padding\str.padding.js.html --> marian.cs.nott.ac.uk /stud/pg/cds/exslt/str/functions/padding str.padding.js.html
103.10.21 13:11 B C:\jakarta-tomcat-3.2.4\webapps\cocoon\exslt\str\functions\padding\str.padding.msxsl.xsl --> marian.cs.nott.ac.uk /stud/pg/cds/exslt/str/functions/padding str.padding.msxsl.xsl
103.10.21 13:11 B C:\jakarta-tomcat-3.2.4\webapps\cocoon\exslt\str\functions\padding\str.padding.msxsl.xsl.html --> marian.cs.nott.ac.uk /stud/pg/cds/exslt/str/functions/padding str.padding.msxsl.xsl.html
103.10.21 13:11 B C:\jakarta-tomcat-3.2.4\webapps\cocoon\exslt\str\functions\padding\str.padding.package.txt --> marian.cs.nott.ac.uk /stud/pg/cds/exslt/str/functions/padding str.padding.package.txt
103.10.21 13:11 B C:\jakarta-tomcat-3.2.4\webapps\cocoon\exslt\str\functions\padding\str.padding.template.xsl --> marian.cs.nott.ac.uk /stud/pg/cds/exslt/str/functions/padding str.padding.template.xsl
103.10.21 13:11 B C:\jakarta-tomcat-3.2.4\webapps\cocoon\exslt\str\functions\padding\str.padding.template.xsl.html --> marian.cs.nott.ac.uk /stud/pg/cds/exslt/str/functions/padding str.padding.template.xsl.html
103.10.21 13:11 B C:\jakarta-tomcat-3.2.4\webapps\cocoon\exslt\str\functions\padding\str.padding.use-case.1.html --> marian.cs.nott.ac.uk /stud/pg/cds/exslt/str/functions/padding str.padding.use-case.1.html
103.10.21 13:11 B C:\jakarta-tomcat-3.2.4\webapps\cocoon\exslt\str\functions\padding\str.padding.use-cases.txt --> marian.cs.nott.ac.uk /stud/pg/cds/exslt/str/functions/padding str.padding.use-cases.txt
103.10.21 13:11 B C:\jakarta-tomcat-3.2.4\webapps\cocoon\exslt\str\functions\padding\str.padding.use-cases.zip --> marian.cs.nott.ac.uk /stud/pg/cds/exslt/str/functions/padding str.padding.use-cases.zip
103.10.21 13:11 B C:\jakarta-tomcat-3.2.4\webapps\cocoon\exslt\str\functions\padding\str.padding.xml --> marian.cs.nott.ac.uk /stud/pg/cds/exslt/str/functions/padding str.padding.xml
103.10.21 13:11 B C:\jakarta-tomcat-3.2.4\webapps\cocoon\exslt\str\functions\padding\str.padding.xsl --> marian.cs.nott.ac.uk /stud/pg/cds/exslt/str/functions/padding str.padding.xsl
103.10.21 13:11 B C:\jakarta-tomcat-3.2.4\webapps\cocoon\exslt\str\functions\padding\str.padding.zip --> marian.cs.nott.ac.uk /stud/pg/cds/exslt/str/functions/padding str.padding.zip
103.10.21 13:11 B C:\jakarta-tomcat-3.2.4\webapps\cocoon\exslt\str\functions\padding\update.bat --> marian.cs.nott.ac.uk /stud/pg/cds/exslt/str/functions/padding update.bat
103.10.21 13:11 B C:\jakarta-tomcat-3.2.4\webapps\cocoon\exslt\str\functions\padding\WS_FTP.LOG --> marian.cs.nott.ac.uk /stud/pg/cds/exslt/str/functions/padding WS_FTP.LOG
103.10.24 11:11 B C:\jakarta-tomcat-3.2.4\webapps\cocoon\exslt\str\functions\padding\base.css --> ftp.exslt.org /www.exslt.org/public_html/str/functions/padding base.css
103.10.24 11:11 B C:\jakarta-tomcat-3.2.4\webapps\cocoon\exslt\str\functions\padding\index.html --> ftp.exslt.org /www.exslt.org/public_html/str/functions/padding index.html
103.10.24 11:11 B C:\jakarta-tomcat-3.2.4\webapps\cocoon\exslt\str\functions\padding\out.html --> ftp.exslt.org /www.exslt.org/public_html/str/functions/padding out.html
103.10.24 11:11 B C:\jakarta-tomcat-3.2.4\webapps\cocoon\exslt\str\functions\padding\refresh.bat --> ftp.exslt.org /www.exslt.org/public_html/str/functions/padding refresh.bat
103.10.24 11:11 B C:\jakarta-tomcat-3.2.4\webapps\cocoon\exslt\str\functions\padding\str.padding.1.html --> ftp.exslt.org /www.exslt.org/public_html/str/functions/padding str.padding.1.html
103.10.24 11:11 B C:\jakarta-tomcat-3.2.4\webapps\cocoon\exslt\str\functions\padding\str.padding.1.xsl --> ftp.exslt.org /www.exslt.org/public_html/str/functions/padding str.padding.1.xsl
103.10.24 11:11 B C:\jakarta-tomcat-3.2.4\webapps\cocoon\exslt\str\functions\padding\str.padding.data.1.xml --> ftp.exslt.org /www.exslt.org/public_html/str/functions/padding str.padding.data.1.xml
103.10.24 11:11 B C:\jakarta-tomcat-3.2.4\webapps\cocoon\exslt\str\functions\padding\str.padding.function.xsl --> ftp.exslt.org /www.exslt.org/public_html/str/functions/padding str.padding.function.xsl
103.10.24 11:11 B C:\jakarta-tomcat-3.2.4\webapps\cocoon\exslt\str\functions\padding\str.padding.function.xsl.html --> ftp.exslt.org /www.exslt.org/public_html/str/functions/padding str.padding.function.xsl.html
103.10.24 11:12 B C:\jakarta-tomcat-3.2.4\webapps\cocoon\exslt\str\functions\padding\str.padding.html --> ftp.exslt.org /www.exslt.org/public_html/str/functions/padding str.padding.html
103.10.24 11:12 B C:\jakarta-tomcat-3.2.4\webapps\cocoon\exslt\str\functions\padding\str.padding.js --> ftp.exslt.org /www.exslt.org/public_html/str/functions/padding str.padding.js
103.10.24 11:12 B C:\jakarta-tomcat-3.2.4\webapps\cocoon\exslt\str\functions\padding\str.padding.js.html --> ftp.exslt.org /www.exslt.org/public_html/str/functions/padding str.padding.js.html
103.10.24 11:12 B C:\jakarta-tomcat-3.2.4\webapps\cocoon\exslt\str\functions\padding\str.padding.msxsl.xsl --> ftp.exslt.org /www.exslt.org/public_html/str/functions/padding str.padding.msxsl.xsl
103.10.24 11:12 B C:\jakarta-tomcat-3.2.4\webapps\cocoon\exslt\str\functions\padding\str.padding.msxsl.xsl.html --> ftp.exslt.org /www.exslt.org/public_html/str/functions/padding str.padding.msxsl.xsl.html
103.10.24 11:12 B C:\jakarta-tomcat-3.2.4\webapps\cocoon\exslt\str\functions\padding\str.padding.package.txt --> ftp.exslt.org /www.exslt.org/public_html/str/functions/padding str.padding.package.txt
103.10.24 11:12 B C:\jakarta-tomcat-3.2.4\webapps\cocoon\exslt\str\functions\padding\str.padding.template.xsl --> ftp.exslt.org /www.exslt.org/public_html/str/functions/padding str.padding.template.xsl
103.10.24 11:12 B C:\jakarta-tomcat-3.2.4\webapps\cocoon\exslt\str\functions\padding\str.padding.template.xsl.html --> ftp.exslt.org /www.exslt.org/public_html/str/functions/padding str.padding.template.xsl.html
103.10.24 11:12 B C:\jakarta-tomcat-3.2.4\webapps\cocoon\exslt\str\functions\padding\str.padding.use-case.1.html --> ftp.exslt.org /www.exslt.org/public_html/str/functions/padding str.padding.use-case.1.html
103.10.24 11:12 B C:\jakarta-tomcat-3.2.4\webapps\cocoon\exslt\str\functions\padding\str.padding.use-cases.txt --> ftp.exslt.org /www.exslt.org/public_html/str/functions/padding str.padding.use-cases.txt
103.10.24 11:14 B C:\jakarta-tomcat-3.2.4\webapps\cocoon\exslt\str\functions\padding\base.css --> ftp.exslt.org /www.exslt.org/public_html/str/functions/padding base.css
103.10.24 11:14 B C:\jakarta-tomcat-3.2.4\webapps\cocoon\exslt\str\functions\padding\index.html --> ftp.exslt.org /www.exslt.org/public_html/str/functions/padding index.html
103.10.24 11:14 B C:\jakarta-tomcat-3.2.4\webapps\cocoon\exslt\str\functions\padding\out.html --> ftp.exslt.org /www.exslt.org/public_html/str/functions/padding out.html
103.10.24 11:14 B C:\jakarta-tomcat-3.2.4\webapps\cocoon\exslt\str\functions\padding\refresh.bat --> ftp.exslt.org /www.exslt.org/public_html/str/functions/padding refresh.bat
103.10.24 11:14 B C:\jakarta-tomcat-3.2.4\webapps\cocoon\exslt\str\functions\padding\str.padding.1.html --> ftp.exslt.org /www.exslt.org/public_html/str/functions/padding str.padding.1.html
103.10.24 11:14 B C:\jakarta-tomcat-3.2.4\webapps\cocoon\exslt\str\functions\padding\str.padding.1.xsl --> ftp.exslt.org /www.exslt.org/public_html/str/functions/padding str.padding.1.xsl
103.10.24 11:14 B C:\jakarta-tomcat-3.2.4\webapps\cocoon\exslt\str\functions\padding\str.padding.data.1.xml --> ftp.exslt.org /www.exslt.org/public_html/str/functions/padding str.padding.data.1.xml
103.10.24 11:14 B C:\jakarta-tomcat-3.2.4\webapps\cocoon\exslt\str\functions\padding\str.padding.function.xsl --> ftp.exslt.org /www.exslt.org/public_html/str/functions/padding str.padding.function.xsl
103.10.24 11:14 B C:\jakarta-tomcat-3.2.4\webapps\cocoon\exslt\str\functions\padding\str.padding.function.xsl.html --> ftp.exslt.org /www.exslt.org/public_html/str/functions/padding str.padding.function.xsl.html
103.10.24 11:14 B C:\jakarta-tomcat-3.2.4\webapps\cocoon\exslt\str\functions\padding\str.padding.html --> ftp.exslt.org /www.exslt.org/public_html/str/functions/padding str.padding.html
103.10.24 11:14 B C:\jakarta-tomcat-3.2.4\webapps\cocoon\exslt\str\functions\padding\str.padding.js --> ftp.exslt.org /www.exslt.org/public_html/str/functions/padding str.padding.js
103.10.24 11:14 B C:\jakarta-tomcat-3.2.4\webapps\cocoon\exslt\str\functions\padding\str.padding.js.html --> ftp.exslt.org /www.exslt.org/public_html/str/functions/padding str.padding.js.html
103.10.24 11:14 B C:\jakarta-tomcat-3.2.4\webapps\cocoon\exslt\str\functions\padding\str.padding.msxsl.xsl --> ftp.exslt.org /www.exslt.org/public_html/str/functions/padding str.padding.msxsl.xsl
103.10.24 11:14 B C:\jakarta-tomcat-3.2.4\webapps\cocoon\exslt\str\functions\padding\str.padding.msxsl.xsl.html --> ftp.exslt.org /www.exslt.org/public_html/str/functions/padding str.padding.msxsl.xsl.html
103.10.24 11:14 B C:\jakarta-tomcat-3.2.4\webapps\cocoon\exslt\str\functions\padding\str.padding.package.txt --> ftp.exslt.org /www.exslt.org/public_html/str/functions/padding str.padding.package.txt
103.10.24 11:14 B C:\jakarta-tomcat-3.2.4\webapps\cocoon\exslt\str\functions\padding\str.padding.template.xsl --> ftp.exslt.org /www.exslt.org/public_html/str/functions/padding str.padding.template.xsl
103.10.24 11:14 B C:\jakarta-tomcat-3.2.4\webapps\cocoon\exslt\str\functions\padding\str.padding.template.xsl.html --> ftp.exslt.org /www.exslt.org/public_html/str/functions/padding str.padding.template.xsl.html
103.10.24 11:14 B C:\jakarta-tomcat-3.2.4\webapps\cocoon\exslt\str\functions\padding\str.padding.use-case.1.html --> ftp.exslt.org /www.exslt.org/public_html/str/functions/padding str.padding.use-case.1.html
103.10.24 11:14 B C:\jakarta-tomcat-3.2.4\webapps\cocoon\exslt\str\functions\padding\str.padding.use-cases.txt --> ftp.exslt.org /www.exslt.org/public_html/str/functions/padding str.padding.use-cases.txt
103.10.24 11:15 B C:\jakarta-tomcat-3.2.4\webapps\cocoon\exslt\str\functions\padding\str.padding.use-cases.zip --> ftp.exslt.org /www.exslt.org/public_html/str/functions/padding str.padding.use-cases.zip
103.10.24 11:15 B C:\jakarta-tomcat-3.2.4\webapps\cocoon\exslt\str\functions\padding\str.padding.xml --> ftp.exslt.org /www.exslt.org/public_html/str/functions/padding str.padding.xml
103.10.24 11:15 B C:\jakarta-tomcat-3.2.4\webapps\cocoon\exslt\str\functions\padding\str.padding.xsl --> ftp.exslt.org /www.exslt.org/public_html/str/functions/padding str.padding.xsl
103.10.24 11:15 B C:\jakarta-tomcat-3.2.4\webapps\cocoon\exslt\str\functions\padding\str.padding.zip --> ftp.exslt.org /www.exslt.org/public_html/str/functions/padding str.padding.zip
103.10.24 11:15 B C:\jakarta-tomcat-3.2.4\webapps\cocoon\exslt\str\functions\padding\update.bat --> ftp.exslt.org /www.exslt.org/public_html/str/functions/padding update.bat
