102.08.21 17:32 B C:\jakarta-tomcat-3.2.4\webapps\cocoon\exslt\math\functions\sin\base.css --> ftp.exslt.org /www.exslt.org/public_html/math/functions/sin base.css
102.08.21 17:32 B C:\jakarta-tomcat-3.2.4\webapps\cocoon\exslt\math\functions\sin\index.html --> ftp.exslt.org /www.exslt.org/public_html/math/functions/sin index.html
102.08.21 17:32 B C:\jakarta-tomcat-3.2.4\webapps\cocoon\exslt\math\functions\sin\math.sin.1.html --> ftp.exslt.org /www.exslt.org/public_html/math/functions/sin math.sin.1.html
102.08.21 17:32 B C:\jakarta-tomcat-3.2.4\webapps\cocoon\exslt\math\functions\sin\math.sin.html --> ftp.exslt.org /www.exslt.org/public_html/math/functions/sin math.sin.html
102.08.21 17:32 B C:\jakarta-tomcat-3.2.4\webapps\cocoon\exslt\math\functions\sin\math.sin.js --> ftp.exslt.org /www.exslt.org/public_html/math/functions/sin math.sin.js
102.08.21 17:32 B C:\jakarta-tomcat-3.2.4\webapps\cocoon\exslt\math\functions\sin\math.sin.js.html --> ftp.exslt.org /www.exslt.org/public_html/math/functions/sin math.sin.js.html
102.08.21 17:32 B C:\jakarta-tomcat-3.2.4\webapps\cocoon\exslt\math\functions\sin\math.sin.msxsl.xsl --> ftp.exslt.org /www.exslt.org/public_html/math/functions/sin math.sin.msxsl.xsl
102.08.21 17:32 B C:\jakarta-tomcat-3.2.4\webapps\cocoon\exslt\math\functions\sin\math.sin.msxsl.xsl.html --> ftp.exslt.org /www.exslt.org/public_html/math/functions/sin math.sin.msxsl.xsl.html
102.08.21 17:32 B C:\jakarta-tomcat-3.2.4\webapps\cocoon\exslt\math\functions\sin\math.sin.package.txt --> ftp.exslt.org /www.exslt.org/public_html/math/functions/sin math.sin.package.txt
102.08.21 17:32 B C:\jakarta-tomcat-3.2.4\webapps\cocoon\exslt\math\functions\sin\math.sin.use-cases.txt --> ftp.exslt.org /www.exslt.org/public_html/math/functions/sin math.sin.use-cases.txt
102.08.21 17:32 B C:\jakarta-tomcat-3.2.4\webapps\cocoon\exslt\math\functions\sin\math.sin.use-cases.zip --> ftp.exslt.org /www.exslt.org/public_html/math/functions/sin math.sin.use-cases.zip
102.08.21 17:32 B C:\jakarta-tomcat-3.2.4\webapps\cocoon\exslt\math\functions\sin\math.sin.xml --> ftp.exslt.org /www.exslt.org/public_html/math/functions/sin math.sin.xml
102.08.21 17:32 B C:\jakarta-tomcat-3.2.4\webapps\cocoon\exslt\math\functions\sin\math.sin.xsl --> ftp.exslt.org /www.exslt.org/public_html/math/functions/sin math.sin.xsl
102.08.21 17:32 B C:\jakarta-tomcat-3.2.4\webapps\cocoon\exslt\math\functions\sin\math.sin.zip --> ftp.exslt.org /www.exslt.org/public_html/math/functions/sin math.sin.zip
102.08.21 17:32 B C:\jakarta-tomcat-3.2.4\webapps\cocoon\exslt\math\functions\sin\refresh.bat --> ftp.exslt.org /www.exslt.org/public_html/math/functions/sin refresh.bat
102.08.21 17:32 B C:\jakarta-tomcat-3.2.4\webapps\cocoon\exslt\math\functions\sin\update.bat --> ftp.exslt.org /www.exslt.org/public_html/math/functions/sin update.bat
102.11.19 13:22 B C:\jakarta-tomcat-3.2.4\webapps\cocoon\exslt\math\functions\sin\base.css --> ftp.exslt.org /www.exslt.org/public_html/math/functions/sin base.css
102.11.19 13:22 B C:\jakarta-tomcat-3.2.4\webapps\cocoon\exslt\math\functions\sin\index.html --> ftp.exslt.org /www.exslt.org/public_html/math/functions/sin index.html
102.11.19 13:22 B C:\jakarta-tomcat-3.2.4\webapps\cocoon\exslt\math\functions\sin\math.sin.1.html --> ftp.exslt.org /www.exslt.org/public_html/math/functions/sin math.sin.1.html
102.11.19 13:22 B C:\jakarta-tomcat-3.2.4\webapps\cocoon\exslt\math\functions\sin\math.sin.html --> ftp.exslt.org /www.exslt.org/public_html/math/functions/sin math.sin.html
102.11.19 13:22 B C:\jakarta-tomcat-3.2.4\webapps\cocoon\exslt\math\functions\sin\math.sin.js --> ftp.exslt.org /www.exslt.org/public_html/math/functions/sin math.sin.js
102.11.19 13:22 B C:\jakarta-tomcat-3.2.4\webapps\cocoon\exslt\math\functions\sin\math.sin.js.html --> ftp.exslt.org /www.exslt.org/public_html/math/functions/sin math.sin.js.html
102.11.19 13:22 B C:\jakarta-tomcat-3.2.4\webapps\cocoon\exslt\math\functions\sin\math.sin.msxsl.xsl --> ftp.exslt.org /www.exslt.org/public_html/math/functions/sin math.sin.msxsl.xsl
102.11.19 13:22 B C:\jakarta-tomcat-3.2.4\webapps\cocoon\exslt\math\functions\sin\math.sin.msxsl.xsl.html --> ftp.exslt.org /www.exslt.org/public_html/math/functions/sin math.sin.msxsl.xsl.html
102.11.19 13:22 B C:\jakarta-tomcat-3.2.4\webapps\cocoon\exslt\math\functions\sin\math.sin.package.txt --> ftp.exslt.org /www.exslt.org/public_html/math/functions/sin math.sin.package.txt
102.11.19 13:22 B C:\jakarta-tomcat-3.2.4\webapps\cocoon\exslt\math\functions\sin\math.sin.use-cases.txt --> ftp.exslt.org /www.exslt.org/public_html/math/functions/sin math.sin.use-cases.txt
102.11.19 13:22 B C:\jakarta-tomcat-3.2.4\webapps\cocoon\exslt\math\functions\sin\math.sin.use-cases.zip --> ftp.exslt.org /www.exslt.org/public_html/math/functions/sin math.sin.use-cases.zip
102.11.19 13:22 B C:\jakarta-tomcat-3.2.4\webapps\cocoon\exslt\math\functions\sin\math.sin.xml --> ftp.exslt.org /www.exslt.org/public_html/math/functions/sin math.sin.xml
102.11.19 13:22 B C:\jakarta-tomcat-3.2.4\webapps\cocoon\exslt\math\functions\sin\math.sin.xsl --> ftp.exslt.org /www.exslt.org/public_html/math/functions/sin math.sin.xsl
102.11.19 13:22 B C:\jakarta-tomcat-3.2.4\webapps\cocoon\exslt\math\functions\sin\math.sin.zip --> ftp.exslt.org /www.exslt.org/public_html/math/functions/sin math.sin.zip
102.11.19 13:22 B C:\jakarta-tomcat-3.2.4\webapps\cocoon\exslt\math\functions\sin\refresh.bat --> ftp.exslt.org /www.exslt.org/public_html/math/functions/sin refresh.bat
102.11.19 13:22 B C:\jakarta-tomcat-3.2.4\webapps\cocoon\exslt\math\functions\sin\update.bat --> ftp.exslt.org /www.exslt.org/public_html/math/functions/sin update.bat
102.11.19 13:22 B C:\jakarta-tomcat-3.2.4\webapps\cocoon\exslt\math\functions\sin\WS_FTP.LOG --> ftp.exslt.org /www.exslt.org/public_html/math/functions/sin WS_FTP.LOG
102.11.19 13:27 B C:\jakarta-tomcat-3.2.4\webapps\cocoon\exslt\math\functions\sin\base.css --> ftp.exslt.org /www.exslt.org/public_html/math/functions/sin base.css
102.11.19 13:27 B C:\jakarta-tomcat-3.2.4\webapps\cocoon\exslt\math\functions\sin\index.html --> ftp.exslt.org /www.exslt.org/public_html/math/functions/sin index.html
102.11.19 13:27 B C:\jakarta-tomcat-3.2.4\webapps\cocoon\exslt\math\functions\sin\math.sin.1.html --> ftp.exslt.org /www.exslt.org/public_html/math/functions/sin math.sin.1.html
102.11.19 13:27 B C:\jakarta-tomcat-3.2.4\webapps\cocoon\exslt\math\functions\sin\math.sin.html --> ftp.exslt.org /www.exslt.org/public_html/math/functions/sin math.sin.html
102.11.19 13:27 B C:\jakarta-tomcat-3.2.4\webapps\cocoon\exslt\math\functions\sin\math.sin.js --> ftp.exslt.org /www.exslt.org/public_html/math/functions/sin math.sin.js
102.11.19 13:27 B C:\jakarta-tomcat-3.2.4\webapps\cocoon\exslt\math\functions\sin\math.sin.js.html --> ftp.exslt.org /www.exslt.org/public_html/math/functions/sin math.sin.js.html
102.11.19 13:27 B C:\jakarta-tomcat-3.2.4\webapps\cocoon\exslt\math\functions\sin\math.sin.msxsl.xsl --> ftp.exslt.org /www.exslt.org/public_html/math/functions/sin math.sin.msxsl.xsl
102.11.19 13:27 B C:\jakarta-tomcat-3.2.4\webapps\cocoon\exslt\math\functions\sin\math.sin.msxsl.xsl.html --> ftp.exslt.org /www.exslt.org/public_html/math/functions/sin math.sin.msxsl.xsl.html
102.11.19 13:27 B C:\jakarta-tomcat-3.2.4\webapps\cocoon\exslt\math\functions\sin\math.sin.package.txt --> ftp.exslt.org /www.exslt.org/public_html/math/functions/sin math.sin.package.txt
102.11.19 13:27 B C:\jakarta-tomcat-3.2.4\webapps\cocoon\exslt\math\functions\sin\math.sin.use-cases.txt --> ftp.exslt.org /www.exslt.org/public_html/math/functions/sin math.sin.use-cases.txt
102.11.19 13:27 B C:\jakarta-tomcat-3.2.4\webapps\cocoon\exslt\math\functions\sin\math.sin.use-cases.zip --> ftp.exslt.org /www.exslt.org/public_html/math/functions/sin math.sin.use-cases.zip
102.11.19 13:27 B C:\jakarta-tomcat-3.2.4\webapps\cocoon\exslt\math\functions\sin\math.sin.xml --> ftp.exslt.org /www.exslt.org/public_html/math/functions/sin math.sin.xml
102.11.19 13:27 B C:\jakarta-tomcat-3.2.4\webapps\cocoon\exslt\math\functions\sin\math.sin.xsl --> ftp.exslt.org /www.exslt.org/public_html/math/functions/sin math.sin.xsl
102.11.19 13:27 B C:\jakarta-tomcat-3.2.4\webapps\cocoon\exslt\math\functions\sin\math.sin.zip --> ftp.exslt.org /www.exslt.org/public_html/math/functions/sin math.sin.zip
102.11.19 13:27 B C:\jakarta-tomcat-3.2.4\webapps\cocoon\exslt\math\functions\sin\refresh.bat --> ftp.exslt.org /www.exslt.org/public_html/math/functions/sin refresh.bat
102.11.19 13:27 B C:\jakarta-tomcat-3.2.4\webapps\cocoon\exslt\math\functions\sin\update.bat --> ftp.exslt.org /www.exslt.org/public_html/math/functions/sin update.bat
102.12.02 12:32 B C:\jakarta-tomcat-3.2.4\webapps\cocoon\exslt\public_html\math\functions\sin\WS_FTP.LOG <-- ftp.exslt.org /www.exslt.org/public_html/math/functions/sin WS_FTP.LOG
102.12.03 11:12 B C:\jakarta-tomcat-3.2.4\webapps\cocoon\exslt\math\functions\sin\base.css --> ftp.exslt.org /www.exslt.org/public_html/math/functions/sin base.css
102.12.03 11:12 B C:\jakarta-tomcat-3.2.4\webapps\cocoon\exslt\math\functions\sin\index.html --> ftp.exslt.org /www.exslt.org/public_html/math/functions/sin index.html
102.12.03 11:12 B C:\jakarta-tomcat-3.2.4\webapps\cocoon\exslt\math\functions\sin\math.sin.1.html --> ftp.exslt.org /www.exslt.org/public_html/math/functions/sin math.sin.1.html
102.12.03 11:12 B C:\jakarta-tomcat-3.2.4\webapps\cocoon\exslt\math\functions\sin\math.sin.1.xml --> ftp.exslt.org /www.exslt.org/public_html/math/functions/sin math.sin.1.xml
102.12.03 11:12 B C:\jakarta-tomcat-3.2.4\webapps\cocoon\exslt\math\functions\sin\math.sin.1.xsl --> ftp.exslt.org /www.exslt.org/public_html/math/functions/sin math.sin.1.xsl
102.12.03 11:12 B C:\jakarta-tomcat-3.2.4\webapps\cocoon\exslt\math\functions\sin\math.sin.html --> ftp.exslt.org /www.exslt.org/public_html/math/functions/sin math.sin.html
102.12.03 11:12 B C:\jakarta-tomcat-3.2.4\webapps\cocoon\exslt\math\functions\sin\math.sin.js --> ftp.exslt.org /www.exslt.org/public_html/math/functions/sin math.sin.js
102.12.03 11:12 B C:\jakarta-tomcat-3.2.4\webapps\cocoon\exslt\math\functions\sin\math.sin.js.html --> ftp.exslt.org /www.exslt.org/public_html/math/functions/sin math.sin.js.html
102.12.03 11:12 B C:\jakarta-tomcat-3.2.4\webapps\cocoon\exslt\math\functions\sin\math.sin.msxsl.xsl --> ftp.exslt.org /www.exslt.org/public_html/math/functions/sin math.sin.msxsl.xsl
102.12.03 11:12 B C:\jakarta-tomcat-3.2.4\webapps\cocoon\exslt\math\functions\sin\math.sin.msxsl.xsl.html --> ftp.exslt.org /www.exslt.org/public_html/math/functions/sin math.sin.msxsl.xsl.html
102.12.03 11:12 B C:\jakarta-tomcat-3.2.4\webapps\cocoon\exslt\math\functions\sin\math.sin.package.txt --> ftp.exslt.org /www.exslt.org/public_html/math/functions/sin math.sin.package.txt
102.12.03 11:12 B C:\jakarta-tomcat-3.2.4\webapps\cocoon\exslt\math\functions\sin\math.sin.use-cases.txt --> ftp.exslt.org /www.exslt.org/public_html/math/functions/sin math.sin.use-cases.txt
102.12.03 11:12 B C:\jakarta-tomcat-3.2.4\webapps\cocoon\exslt\math\functions\sin\math.sin.use-cases.zip --> ftp.exslt.org /www.exslt.org/public_html/math/functions/sin math.sin.use-cases.zip
102.12.03 11:12 B C:\jakarta-tomcat-3.2.4\webapps\cocoon\exslt\math\functions\sin\math.sin.xml --> ftp.exslt.org /www.exslt.org/public_html/math/functions/sin math.sin.xml
102.12.03 11:12 B C:\jakarta-tomcat-3.2.4\webapps\cocoon\exslt\math\functions\sin\math.sin.xsl --> ftp.exslt.org /www.exslt.org/public_html/math/functions/sin math.sin.xsl
102.12.03 11:12 B C:\jakarta-tomcat-3.2.4\webapps\cocoon\exslt\math\functions\sin\math.sin.zip --> ftp.exslt.org /www.exslt.org/public_html/math/functions/sin math.sin.zip
102.12.03 11:12 B C:\jakarta-tomcat-3.2.4\webapps\cocoon\exslt\math\functions\sin\refresh.bat --> ftp.exslt.org /www.exslt.org/public_html/math/functions/sin refresh.bat
102.12.03 11:12 B C:\jakarta-tomcat-3.2.4\webapps\cocoon\exslt\math\functions\sin\update.bat --> ftp.exslt.org /www.exslt.org/public_html/math/functions/sin update.bat
102.12.03 11:12 B C:\jakarta-tomcat-3.2.4\webapps\cocoon\exslt\math\functions\sin\WS_FTP.LOG --> ftp.exslt.org /www.exslt.org/public_html/math/functions/sin WS_FTP.LOG
102.12.11 11:06 B C:\jakarta-tomcat-3.2.4\webapps\cocoon\exslt\math\functions\sin\base.css --> ftp.exslt.org /www.exslt.org/public_html/math/functions/sin base.css
102.12.11 11:06 B C:\jakarta-tomcat-3.2.4\webapps\cocoon\exslt\math\functions\sin\index.html --> ftp.exslt.org /www.exslt.org/public_html/math/functions/sin index.html
102.12.11 11:06 B C:\jakarta-tomcat-3.2.4\webapps\cocoon\exslt\math\functions\sin\math.sin.1.html --> ftp.exslt.org /www.exslt.org/public_html/math/functions/sin math.sin.1.html
102.12.11 11:06 B C:\jakarta-tomcat-3.2.4\webapps\cocoon\exslt\math\functions\sin\math.sin.1.xml --> ftp.exslt.org /www.exslt.org/public_html/math/functions/sin math.sin.1.xml
102.12.11 11:06 B C:\jakarta-tomcat-3.2.4\webapps\cocoon\exslt\math\functions\sin\math.sin.1.xsl --> ftp.exslt.org /www.exslt.org/public_html/math/functions/sin math.sin.1.xsl
102.12.11 11:06 B C:\jakarta-tomcat-3.2.4\webapps\cocoon\exslt\math\functions\sin\math.sin.html --> ftp.exslt.org /www.exslt.org/public_html/math/functions/sin math.sin.html
102.12.11 11:06 B C:\jakarta-tomcat-3.2.4\webapps\cocoon\exslt\math\functions\sin\math.sin.js --> ftp.exslt.org /www.exslt.org/public_html/math/functions/sin math.sin.js
102.12.11 11:06 B C:\jakarta-tomcat-3.2.4\webapps\cocoon\exslt\math\functions\sin\math.sin.js.html --> ftp.exslt.org /www.exslt.org/public_html/math/functions/sin math.sin.js.html
102.12.11 11:06 B C:\jakarta-tomcat-3.2.4\webapps\cocoon\exslt\math\functions\sin\math.sin.msxsl.xsl --> ftp.exslt.org /www.exslt.org/public_html/math/functions/sin math.sin.msxsl.xsl
102.12.11 11:06 B C:\jakarta-tomcat-3.2.4\webapps\cocoon\exslt\math\functions\sin\math.sin.msxsl.xsl.html --> ftp.exslt.org /www.exslt.org/public_html/math/functions/sin math.sin.msxsl.xsl.html
102.12.11 11:06 B C:\jakarta-tomcat-3.2.4\webapps\cocoon\exslt\math\functions\sin\math.sin.package.txt --> ftp.exslt.org /www.exslt.org/public_html/math/functions/sin math.sin.package.txt
102.12.11 11:06 B C:\jakarta-tomcat-3.2.4\webapps\cocoon\exslt\math\functions\sin\math.sin.use-cases.txt --> ftp.exslt.org /www.exslt.org/public_html/math/functions/sin math.sin.use-cases.txt
102.12.11 11:06 B C:\jakarta-tomcat-3.2.4\webapps\cocoon\exslt\math\functions\sin\math.sin.use-cases.zip --> ftp.exslt.org /www.exslt.org/public_html/math/functions/sin math.sin.use-cases.zip
102.12.11 11:06 B C:\jakarta-tomcat-3.2.4\webapps\cocoon\exslt\math\functions\sin\math.sin.xml --> ftp.exslt.org /www.exslt.org/public_html/math/functions/sin math.sin.xml
102.12.11 11:06 B C:\jakarta-tomcat-3.2.4\webapps\cocoon\exslt\math\functions\sin\math.sin.xsl --> ftp.exslt.org /www.exslt.org/public_html/math/functions/sin math.sin.xsl
102.12.11 11:06 B C:\jakarta-tomcat-3.2.4\webapps\cocoon\exslt\math\functions\sin\math.sin.zip --> ftp.exslt.org /www.exslt.org/public_html/math/functions/sin math.sin.zip
102.12.11 11:06 B C:\jakarta-tomcat-3.2.4\webapps\cocoon\exslt\math\functions\sin\refresh.bat --> ftp.exslt.org /www.exslt.org/public_html/math/functions/sin refresh.bat
102.12.11 11:06 B C:\jakarta-tomcat-3.2.4\webapps\cocoon\exslt\math\functions\sin\update.bat --> ftp.exslt.org /www.exslt.org/public_html/math/functions/sin update.bat
103.03.03 16:49 B C:\jakarta-tomcat-3.2.4\webapps\cocoon\exslt\math\functions\sin\WS_FTP.LOG <-- ftp.exslt.org /www.exslt.org/public_html/math/functions/sin WS_FTP.LOG
103.03.03 17:12 B C:\jakarta-tomcat-3.2.4\webapps\cocoon\exslt\math\functions\sin\base.css --> ftp.exslt.org /www.exslt.org/public_html/math/functions/sin base.css
103.03.03 17:12 B C:\jakarta-tomcat-3.2.4\webapps\cocoon\exslt\math\functions\sin\index.html --> ftp.exslt.org /www.exslt.org/public_html/math/functions/sin index.html
103.03.03 17:12 B C:\jakarta-tomcat-3.2.4\webapps\cocoon\exslt\math\functions\sin\math.sin.1.html --> ftp.exslt.org /www.exslt.org/public_html/math/functions/sin math.sin.1.html
103.03.03 17:12 B C:\jakarta-tomcat-3.2.4\webapps\cocoon\exslt\math\functions\sin\math.sin.1.xml --> ftp.exslt.org /www.exslt.org/public_html/math/functions/sin math.sin.1.xml
103.03.03 17:12 B C:\jakarta-tomcat-3.2.4\webapps\cocoon\exslt\math\functions\sin\math.sin.1.xsl --> ftp.exslt.org /www.exslt.org/public_html/math/functions/sin math.sin.1.xsl
103.03.03 17:12 B C:\jakarta-tomcat-3.2.4\webapps\cocoon\exslt\math\functions\sin\math.sin.html --> ftp.exslt.org /www.exslt.org/public_html/math/functions/sin math.sin.html
103.03.03 17:12 B C:\jakarta-tomcat-3.2.4\webapps\cocoon\exslt\math\functions\sin\math.sin.js --> ftp.exslt.org /www.exslt.org/public_html/math/functions/sin math.sin.js
103.03.03 17:12 B C:\jakarta-tomcat-3.2.4\webapps\cocoon\exslt\math\functions\sin\math.sin.js.html --> ftp.exslt.org /www.exslt.org/public_html/math/functions/sin math.sin.js.html
103.03.03 17:12 B C:\jakarta-tomcat-3.2.4\webapps\cocoon\exslt\math\functions\sin\math.sin.msxsl.xsl --> ftp.exslt.org /www.exslt.org/public_html/math/functions/sin math.sin.msxsl.xsl
103.03.03 17:12 B C:\jakarta-tomcat-3.2.4\webapps\cocoon\exslt\math\functions\sin\math.sin.msxsl.xsl.html --> ftp.exslt.org /www.exslt.org/public_html/math/functions/sin math.sin.msxsl.xsl.html
103.03.03 17:12 B C:\jakarta-tomcat-3.2.4\webapps\cocoon\exslt\math\functions\sin\math.sin.package.txt --> ftp.exslt.org /www.exslt.org/public_html/math/functions/sin math.sin.package.txt
103.03.03 17:12 B C:\jakarta-tomcat-3.2.4\webapps\cocoon\exslt\math\functions\sin\math.sin.use-cases.txt --> ftp.exslt.org /www.exslt.org/public_html/math/functions/sin math.sin.use-cases.txt
103.03.03 17:12 B C:\jakarta-tomcat-3.2.4\webapps\cocoon\exslt\math\functions\sin\math.sin.use-cases.zip --> ftp.exslt.org /www.exslt.org/public_html/math/functions/sin math.sin.use-cases.zip
103.03.03 17:12 B C:\jakarta-tomcat-3.2.4\webapps\cocoon\exslt\math\functions\sin\math.sin.xml --> ftp.exslt.org /www.exslt.org/public_html/math/functions/sin math.sin.xml
103.03.03 17:12 B C:\jakarta-tomcat-3.2.4\webapps\cocoon\exslt\math\functions\sin\math.sin.xsl --> ftp.exslt.org /www.exslt.org/public_html/math/functions/sin math.sin.xsl
103.03.03 17:12 B C:\jakarta-tomcat-3.2.4\webapps\cocoon\exslt\math\functions\sin\math.sin.zip --> ftp.exslt.org /www.exslt.org/public_html/math/functions/sin math.sin.zip
103.03.03 17:12 B C:\jakarta-tomcat-3.2.4\webapps\cocoon\exslt\math\functions\sin\refresh.bat --> ftp.exslt.org /www.exslt.org/public_html/math/functions/sin refresh.bat
103.03.03 17:12 B C:\jakarta-tomcat-3.2.4\webapps\cocoon\exslt\math\functions\sin\update.bat --> ftp.exslt.org /www.exslt.org/public_html/math/functions/sin update.bat
103.09.29 15:48 B C:\jakarta-tomcat-3.2.4\webapps\cocoon\exslt\math\functions\sin\WS_FTP.LOG <-- ftp.exslt.org /www.exslt.org/public_html/math/functions/sin WS_FTP.LOG
103.10.21 13:09 B C:\jakarta-tomcat-3.2.4\webapps\cocoon\exslt\math\functions\sin\base.css --> marian.cs.nott.ac.uk /stud/pg/cds/exslt/math/functions/sin base.css
103.10.21 13:09 B C:\jakarta-tomcat-3.2.4\webapps\cocoon\exslt\math\functions\sin\index.html --> marian.cs.nott.ac.uk /stud/pg/cds/exslt/math/functions/sin index.html
103.10.21 13:09 B C:\jakarta-tomcat-3.2.4\webapps\cocoon\exslt\math\functions\sin\math.sin.1.html --> marian.cs.nott.ac.uk /stud/pg/cds/exslt/math/functions/sin math.sin.1.html
103.10.21 13:09 B C:\jakarta-tomcat-3.2.4\webapps\cocoon\exslt\math\functions\sin\math.sin.1.xml --> marian.cs.nott.ac.uk /stud/pg/cds/exslt/math/functions/sin math.sin.1.xml
103.10.21 13:09 B C:\jakarta-tomcat-3.2.4\webapps\cocoon\exslt\math\functions\sin\math.sin.1.xsl --> marian.cs.nott.ac.uk /stud/pg/cds/exslt/math/functions/sin math.sin.1.xsl
103.10.21 13:09 B C:\jakarta-tomcat-3.2.4\webapps\cocoon\exslt\math\functions\sin\math.sin.html --> marian.cs.nott.ac.uk /stud/pg/cds/exslt/math/functions/sin math.sin.html
103.10.21 13:09 B C:\jakarta-tomcat-3.2.4\webapps\cocoon\exslt\math\functions\sin\math.sin.js --> marian.cs.nott.ac.uk /stud/pg/cds/exslt/math/functions/sin math.sin.js
103.10.21 13:09 B C:\jakarta-tomcat-3.2.4\webapps\cocoon\exslt\math\functions\sin\math.sin.js.html --> marian.cs.nott.ac.uk /stud/pg/cds/exslt/math/functions/sin math.sin.js.html
103.10.21 13:09 B C:\jakarta-tomcat-3.2.4\webapps\cocoon\exslt\math\functions\sin\math.sin.msxsl.xsl --> marian.cs.nott.ac.uk /stud/pg/cds/exslt/math/functions/sin math.sin.msxsl.xsl
103.10.21 13:09 B C:\jakarta-tomcat-3.2.4\webapps\cocoon\exslt\math\functions\sin\math.sin.msxsl.xsl.html --> marian.cs.nott.ac.uk /stud/pg/cds/exslt/math/functions/sin math.sin.msxsl.xsl.html
103.10.21 13:09 B C:\jakarta-tomcat-3.2.4\webapps\cocoon\exslt\math\functions\sin\math.sin.package.txt --> marian.cs.nott.ac.uk /stud/pg/cds/exslt/math/functions/sin math.sin.package.txt
103.10.21 13:09 B C:\jakarta-tomcat-3.2.4\webapps\cocoon\exslt\math\functions\sin\math.sin.use-cases.txt --> marian.cs.nott.ac.uk /stud/pg/cds/exslt/math/functions/sin math.sin.use-cases.txt
103.10.21 13:09 B C:\jakarta-tomcat-3.2.4\webapps\cocoon\exslt\math\functions\sin\math.sin.use-cases.zip --> marian.cs.nott.ac.uk /stud/pg/cds/exslt/math/functions/sin math.sin.use-cases.zip
103.10.21 13:09 B C:\jakarta-tomcat-3.2.4\webapps\cocoon\exslt\math\functions\sin\math.sin.xml --> marian.cs.nott.ac.uk /stud/pg/cds/exslt/math/functions/sin math.sin.xml
103.10.21 13:09 B C:\jakarta-tomcat-3.2.4\webapps\cocoon\exslt\math\functions\sin\math.sin.xsl --> marian.cs.nott.ac.uk /stud/pg/cds/exslt/math/functions/sin math.sin.xsl
103.10.21 13:09 B C:\jakarta-tomcat-3.2.4\webapps\cocoon\exslt\math\functions\sin\math.sin.zip --> marian.cs.nott.ac.uk /stud/pg/cds/exslt/math/functions/sin math.sin.zip
103.10.21 13:09 B C:\jakarta-tomcat-3.2.4\webapps\cocoon\exslt\math\functions\sin\refresh.bat --> marian.cs.nott.ac.uk /stud/pg/cds/exslt/math/functions/sin refresh.bat
103.10.21 13:09 B C:\jakarta-tomcat-3.2.4\webapps\cocoon\exslt\math\functions\sin\update.bat --> marian.cs.nott.ac.uk /stud/pg/cds/exslt/math/functions/sin update.bat
103.10.21 13:09 B C:\jakarta-tomcat-3.2.4\webapps\cocoon\exslt\math\functions\sin\WS_FTP.LOG --> marian.cs.nott.ac.uk /stud/pg/cds/exslt/math/functions/sin WS_FTP.LOG
103.10.23 16:46 B C:\jakarta-tomcat-3.2.4\webapps\cocoon\exslt\math\functions\sin\base.css --> ftp.exslt.org /www.exslt.org/public_html/math/functions/sin base.css
103.10.23 16:46 B C:\jakarta-tomcat-3.2.4\webapps\cocoon\exslt\math\functions\sin\index.html --> ftp.exslt.org /www.exslt.org/public_html/math/functions/sin index.html
103.10.23 16:46 B C:\jakarta-tomcat-3.2.4\webapps\cocoon\exslt\math\functions\sin\math.sin.1.html --> ftp.exslt.org /www.exslt.org/public_html/math/functions/sin math.sin.1.html
103.10.23 16:46 B C:\jakarta-tomcat-3.2.4\webapps\cocoon\exslt\math\functions\sin\math.sin.1.xml --> ftp.exslt.org /www.exslt.org/public_html/math/functions/sin math.sin.1.xml
103.10.23 16:46 B C:\jakarta-tomcat-3.2.4\webapps\cocoon\exslt\math\functions\sin\math.sin.1.xsl --> ftp.exslt.org /www.exslt.org/public_html/math/functions/sin math.sin.1.xsl
103.10.23 16:46 B C:\jakarta-tomcat-3.2.4\webapps\cocoon\exslt\math\functions\sin\math.sin.html --> ftp.exslt.org /www.exslt.org/public_html/math/functions/sin math.sin.html
103.10.23 16:46 B C:\jakarta-tomcat-3.2.4\webapps\cocoon\exslt\math\functions\sin\math.sin.js --> ftp.exslt.org /www.exslt.org/public_html/math/functions/sin math.sin.js
103.10.23 16:46 B C:\jakarta-tomcat-3.2.4\webapps\cocoon\exslt\math\functions\sin\math.sin.js.html --> ftp.exslt.org /www.exslt.org/public_html/math/functions/sin math.sin.js.html
103.10.23 16:46 B C:\jakarta-tomcat-3.2.4\webapps\cocoon\exslt\math\functions\sin\math.sin.msxsl.xsl --> ftp.exslt.org /www.exslt.org/public_html/math/functions/sin math.sin.msxsl.xsl
103.10.23 16:46 B C:\jakarta-tomcat-3.2.4\webapps\cocoon\exslt\math\functions\sin\math.sin.msxsl.xsl.html --> ftp.exslt.org /www.exslt.org/public_html/math/functions/sin math.sin.msxsl.xsl.html
103.10.23 16:46 B C:\jakarta-tomcat-3.2.4\webapps\cocoon\exslt\math\functions\sin\math.sin.package.txt --> ftp.exslt.org /www.exslt.org/public_html/math/functions/sin math.sin.package.txt
103.10.23 16:46 B C:\jakarta-tomcat-3.2.4\webapps\cocoon\exslt\math\functions\sin\math.sin.use-cases.txt --> ftp.exslt.org /www.exslt.org/public_html/math/functions/sin math.sin.use-cases.txt
103.10.23 16:47 B C:\jakarta-tomcat-3.2.4\webapps\cocoon\exslt\math\functions\sin\math.sin.use-cases.zip --> ftp.exslt.org /www.exslt.org/public_html/math/functions/sin math.sin.use-cases.zip
103.10.23 16:47 B C:\jakarta-tomcat-3.2.4\webapps\cocoon\exslt\math\functions\sin\math.sin.xml --> ftp.exslt.org /www.exslt.org/public_html/math/functions/sin math.sin.xml
103.10.23 16:47 B C:\jakarta-tomcat-3.2.4\webapps\cocoon\exslt\math\functions\sin\math.sin.xsl --> ftp.exslt.org /www.exslt.org/public_html/math/functions/sin math.sin.xsl
103.10.23 16:47 B C:\jakarta-tomcat-3.2.4\webapps\cocoon\exslt\math\functions\sin\math.sin.zip --> ftp.exslt.org /www.exslt.org/public_html/math/functions/sin math.sin.zip
103.10.23 16:47 B C:\jakarta-tomcat-3.2.4\webapps\cocoon\exslt\math\functions\sin\refresh.bat --> ftp.exslt.org /www.exslt.org/public_html/math/functions/sin refresh.bat
103.10.23 16:47 B C:\jakarta-tomcat-3.2.4\webapps\cocoon\exslt\math\functions\sin\update.bat --> ftp.exslt.org /www.exslt.org/public_html/math/functions/sin update.bat
