102.08.21 17:25 B C:\jakarta-tomcat-3.2.4\webapps\cocoon\exslt\date\functions\duration\base.css --> ftp.exslt.org /www.exslt.org/public_html/date/functions/duration base.css
102.08.21 17:25 B C:\jakarta-tomcat-3.2.4\webapps\cocoon\exslt\date\functions\duration\date.duration.1.html --> ftp.exslt.org /www.exslt.org/public_html/date/functions/duration date.duration.1.html
102.08.21 17:25 B C:\jakarta-tomcat-3.2.4\webapps\cocoon\exslt\date\functions\duration\date.duration.function.xsl --> ftp.exslt.org /www.exslt.org/public_html/date/functions/duration date.duration.function.xsl
102.08.21 17:25 B C:\jakarta-tomcat-3.2.4\webapps\cocoon\exslt\date\functions\duration\date.duration.function.xsl.html --> ftp.exslt.org /www.exslt.org/public_html/date/functions/duration date.duration.function.xsl.html
102.08.21 17:25 B C:\jakarta-tomcat-3.2.4\webapps\cocoon\exslt\date\functions\duration\date.duration.html --> ftp.exslt.org /www.exslt.org/public_html/date/functions/duration date.duration.html
102.08.21 17:25 B C:\jakarta-tomcat-3.2.4\webapps\cocoon\exslt\date\functions\duration\date.duration.package.txt --> ftp.exslt.org /www.exslt.org/public_html/date/functions/duration date.duration.package.txt
102.08.21 17:25 B C:\jakarta-tomcat-3.2.4\webapps\cocoon\exslt\date\functions\duration\date.duration.template.xsl --> ftp.exslt.org /www.exslt.org/public_html/date/functions/duration date.duration.template.xsl
102.08.21 17:25 B C:\jakarta-tomcat-3.2.4\webapps\cocoon\exslt\date\functions\duration\date.duration.template.xsl.html --> ftp.exslt.org /www.exslt.org/public_html/date/functions/duration date.duration.template.xsl.html
102.08.21 17:25 B C:\jakarta-tomcat-3.2.4\webapps\cocoon\exslt\date\functions\duration\date.duration.use-cases.txt --> ftp.exslt.org /www.exslt.org/public_html/date/functions/duration date.duration.use-cases.txt
102.08.21 17:25 B C:\jakarta-tomcat-3.2.4\webapps\cocoon\exslt\date\functions\duration\date.duration.use-cases.zip --> ftp.exslt.org /www.exslt.org/public_html/date/functions/duration date.duration.use-cases.zip
102.08.21 17:25 B C:\jakarta-tomcat-3.2.4\webapps\cocoon\exslt\date\functions\duration\date.duration.xml --> ftp.exslt.org /www.exslt.org/public_html/date/functions/duration date.duration.xml
102.08.21 17:25 B C:\jakarta-tomcat-3.2.4\webapps\cocoon\exslt\date\functions\duration\date.duration.xsl --> ftp.exslt.org /www.exslt.org/public_html/date/functions/duration date.duration.xsl
102.08.21 17:25 B C:\jakarta-tomcat-3.2.4\webapps\cocoon\exslt\date\functions\duration\date.duration.zip --> ftp.exslt.org /www.exslt.org/public_html/date/functions/duration date.duration.zip
102.08.21 17:25 B C:\jakarta-tomcat-3.2.4\webapps\cocoon\exslt\date\functions\duration\date.js --> ftp.exslt.org /www.exslt.org/public_html/date/functions/duration date.js
102.08.21 17:25 B C:\jakarta-tomcat-3.2.4\webapps\cocoon\exslt\date\functions\duration\date.js.html --> ftp.exslt.org /www.exslt.org/public_html/date/functions/duration date.js.html
102.08.21 17:25 B C:\jakarta-tomcat-3.2.4\webapps\cocoon\exslt\date\functions\duration\date.msxsl.xsl --> ftp.exslt.org /www.exslt.org/public_html/date/functions/duration date.msxsl.xsl
102.08.21 17:25 B C:\jakarta-tomcat-3.2.4\webapps\cocoon\exslt\date\functions\duration\date.msxsl.xsl.html --> ftp.exslt.org /www.exslt.org/public_html/date/functions/duration date.msxsl.xsl.html
102.08.21 17:25 B C:\jakarta-tomcat-3.2.4\webapps\cocoon\exslt\date\functions\duration\index.html --> ftp.exslt.org /www.exslt.org/public_html/date/functions/duration index.html
102.08.21 17:25 B C:\jakarta-tomcat-3.2.4\webapps\cocoon\exslt\date\functions\duration\refresh.bat --> ftp.exslt.org /www.exslt.org/public_html/date/functions/duration refresh.bat
102.08.21 17:25 B C:\jakarta-tomcat-3.2.4\webapps\cocoon\exslt\date\functions\duration\update.bat --> ftp.exslt.org /www.exslt.org/public_html/date/functions/duration update.bat
102.08.21 17:31 B C:\jakarta-tomcat-3.2.4\webapps\cocoon\exslt\date\functions\duration\base.css --> ftp.exslt.org /www.exslt.org/public_html/date/functions/duration base.css
102.08.21 17:31 B C:\jakarta-tomcat-3.2.4\webapps\cocoon\exslt\date\functions\duration\date.duration.1.html --> ftp.exslt.org /www.exslt.org/public_html/date/functions/duration date.duration.1.html
102.08.21 17:31 B C:\jakarta-tomcat-3.2.4\webapps\cocoon\exslt\date\functions\duration\date.duration.function.xsl --> ftp.exslt.org /www.exslt.org/public_html/date/functions/duration date.duration.function.xsl
102.08.21 17:31 B C:\jakarta-tomcat-3.2.4\webapps\cocoon\exslt\date\functions\duration\date.duration.function.xsl.html --> ftp.exslt.org /www.exslt.org/public_html/date/functions/duration date.duration.function.xsl.html
102.08.21 17:31 B C:\jakarta-tomcat-3.2.4\webapps\cocoon\exslt\date\functions\duration\date.duration.html --> ftp.exslt.org /www.exslt.org/public_html/date/functions/duration date.duration.html
102.08.21 17:31 B C:\jakarta-tomcat-3.2.4\webapps\cocoon\exslt\date\functions\duration\date.duration.package.txt --> ftp.exslt.org /www.exslt.org/public_html/date/functions/duration date.duration.package.txt
102.08.21 17:31 B C:\jakarta-tomcat-3.2.4\webapps\cocoon\exslt\date\functions\duration\date.duration.template.xsl --> ftp.exslt.org /www.exslt.org/public_html/date/functions/duration date.duration.template.xsl
102.08.21 17:31 B C:\jakarta-tomcat-3.2.4\webapps\cocoon\exslt\date\functions\duration\date.duration.template.xsl.html --> ftp.exslt.org /www.exslt.org/public_html/date/functions/duration date.duration.template.xsl.html
102.08.21 17:31 B C:\jakarta-tomcat-3.2.4\webapps\cocoon\exslt\date\functions\duration\date.duration.use-cases.txt --> ftp.exslt.org /www.exslt.org/public_html/date/functions/duration date.duration.use-cases.txt
102.08.21 17:31 B C:\jakarta-tomcat-3.2.4\webapps\cocoon\exslt\date\functions\duration\date.duration.use-cases.zip --> ftp.exslt.org /www.exslt.org/public_html/date/functions/duration date.duration.use-cases.zip
102.08.21 17:31 B C:\jakarta-tomcat-3.2.4\webapps\cocoon\exslt\date\functions\duration\date.duration.xml --> ftp.exslt.org /www.exslt.org/public_html/date/functions/duration date.duration.xml
102.08.21 17:31 B C:\jakarta-tomcat-3.2.4\webapps\cocoon\exslt\date\functions\duration\date.duration.xsl --> ftp.exslt.org /www.exslt.org/public_html/date/functions/duration date.duration.xsl
102.08.21 17:31 B C:\jakarta-tomcat-3.2.4\webapps\cocoon\exslt\date\functions\duration\date.duration.zip --> ftp.exslt.org /www.exslt.org/public_html/date/functions/duration date.duration.zip
102.08.21 17:31 B C:\jakarta-tomcat-3.2.4\webapps\cocoon\exslt\date\functions\duration\date.js --> ftp.exslt.org /www.exslt.org/public_html/date/functions/duration date.js
102.08.21 17:31 B C:\jakarta-tomcat-3.2.4\webapps\cocoon\exslt\date\functions\duration\date.js.html --> ftp.exslt.org /www.exslt.org/public_html/date/functions/duration date.js.html
102.08.21 17:31 B C:\jakarta-tomcat-3.2.4\webapps\cocoon\exslt\date\functions\duration\date.msxsl.xsl --> ftp.exslt.org /www.exslt.org/public_html/date/functions/duration date.msxsl.xsl
102.08.21 17:31 B C:\jakarta-tomcat-3.2.4\webapps\cocoon\exslt\date\functions\duration\date.msxsl.xsl.html --> ftp.exslt.org /www.exslt.org/public_html/date/functions/duration date.msxsl.xsl.html
102.08.21 17:31 B C:\jakarta-tomcat-3.2.4\webapps\cocoon\exslt\date\functions\duration\index.html --> ftp.exslt.org /www.exslt.org/public_html/date/functions/duration index.html
102.08.21 17:31 B C:\jakarta-tomcat-3.2.4\webapps\cocoon\exslt\date\functions\duration\refresh.bat --> ftp.exslt.org /www.exslt.org/public_html/date/functions/duration refresh.bat
102.08.21 17:31 B C:\jakarta-tomcat-3.2.4\webapps\cocoon\exslt\date\functions\duration\update.bat --> ftp.exslt.org /www.exslt.org/public_html/date/functions/duration update.bat
102.08.21 17:31 B C:\jakarta-tomcat-3.2.4\webapps\cocoon\exslt\date\functions\duration\WS_FTP.LOG --> ftp.exslt.org /www.exslt.org/public_html/date/functions/duration WS_FTP.LOG
102.11.19 13:14 B C:\jakarta-tomcat-3.2.4\webapps\cocoon\exslt\date\functions\duration\base.css --> ftp.exslt.org /www.exslt.org/public_html/date/functions/duration base.css
102.11.19 13:14 B C:\jakarta-tomcat-3.2.4\webapps\cocoon\exslt\date\functions\duration\date.duration.1.html --> ftp.exslt.org /www.exslt.org/public_html/date/functions/duration date.duration.1.html
102.11.19 13:14 B C:\jakarta-tomcat-3.2.4\webapps\cocoon\exslt\date\functions\duration\date.duration.function.xsl --> ftp.exslt.org /www.exslt.org/public_html/date/functions/duration date.duration.function.xsl
102.11.19 13:14 B C:\jakarta-tomcat-3.2.4\webapps\cocoon\exslt\date\functions\duration\date.duration.function.xsl.html --> ftp.exslt.org /www.exslt.org/public_html/date/functions/duration date.duration.function.xsl.html
102.11.19 13:14 B C:\jakarta-tomcat-3.2.4\webapps\cocoon\exslt\date\functions\duration\date.duration.html --> ftp.exslt.org /www.exslt.org/public_html/date/functions/duration date.duration.html
102.11.19 13:14 B C:\jakarta-tomcat-3.2.4\webapps\cocoon\exslt\date\functions\duration\date.duration.package.txt --> ftp.exslt.org /www.exslt.org/public_html/date/functions/duration date.duration.package.txt
102.11.19 13:14 B C:\jakarta-tomcat-3.2.4\webapps\cocoon\exslt\date\functions\duration\date.duration.template.xsl --> ftp.exslt.org /www.exslt.org/public_html/date/functions/duration date.duration.template.xsl
102.11.19 13:14 B C:\jakarta-tomcat-3.2.4\webapps\cocoon\exslt\date\functions\duration\date.duration.template.xsl.html --> ftp.exslt.org /www.exslt.org/public_html/date/functions/duration date.duration.template.xsl.html
102.11.19 13:14 B C:\jakarta-tomcat-3.2.4\webapps\cocoon\exslt\date\functions\duration\date.duration.use-cases.txt --> ftp.exslt.org /www.exslt.org/public_html/date/functions/duration date.duration.use-cases.txt
102.11.19 13:14 B C:\jakarta-tomcat-3.2.4\webapps\cocoon\exslt\date\functions\duration\date.duration.use-cases.zip --> ftp.exslt.org /www.exslt.org/public_html/date/functions/duration date.duration.use-cases.zip
102.11.19 13:14 B C:\jakarta-tomcat-3.2.4\webapps\cocoon\exslt\date\functions\duration\date.duration.xml --> ftp.exslt.org /www.exslt.org/public_html/date/functions/duration date.duration.xml
102.11.19 13:14 B C:\jakarta-tomcat-3.2.4\webapps\cocoon\exslt\date\functions\duration\date.duration.xsl --> ftp.exslt.org /www.exslt.org/public_html/date/functions/duration date.duration.xsl
102.11.19 13:14 B C:\jakarta-tomcat-3.2.4\webapps\cocoon\exslt\date\functions\duration\date.duration.zip --> ftp.exslt.org /www.exslt.org/public_html/date/functions/duration date.duration.zip
102.11.19 13:14 B C:\jakarta-tomcat-3.2.4\webapps\cocoon\exslt\date\functions\duration\date.js --> ftp.exslt.org /www.exslt.org/public_html/date/functions/duration date.js
102.11.19 13:14 B C:\jakarta-tomcat-3.2.4\webapps\cocoon\exslt\date\functions\duration\date.js.html --> ftp.exslt.org /www.exslt.org/public_html/date/functions/duration date.js.html
102.11.19 13:14 B C:\jakarta-tomcat-3.2.4\webapps\cocoon\exslt\date\functions\duration\date.msxsl.xsl --> ftp.exslt.org /www.exslt.org/public_html/date/functions/duration date.msxsl.xsl
102.11.19 13:14 B C:\jakarta-tomcat-3.2.4\webapps\cocoon\exslt\date\functions\duration\date.msxsl.xsl.html --> ftp.exslt.org /www.exslt.org/public_html/date/functions/duration date.msxsl.xsl.html
102.11.19 13:14 B C:\jakarta-tomcat-3.2.4\webapps\cocoon\exslt\date\functions\duration\index.html --> ftp.exslt.org /www.exslt.org/public_html/date/functions/duration index.html
102.11.19 13:14 B C:\jakarta-tomcat-3.2.4\webapps\cocoon\exslt\date\functions\duration\refresh.bat --> ftp.exslt.org /www.exslt.org/public_html/date/functions/duration refresh.bat
102.11.19 13:14 B C:\jakarta-tomcat-3.2.4\webapps\cocoon\exslt\date\functions\duration\update.bat --> ftp.exslt.org /www.exslt.org/public_html/date/functions/duration update.bat
102.11.19 13:14 B C:\jakarta-tomcat-3.2.4\webapps\cocoon\exslt\date\functions\duration\WS_FTP.LOG --> ftp.exslt.org /www.exslt.org/public_html/date/functions/duration WS_FTP.LOG
102.11.19 13:21 B C:\jakarta-tomcat-3.2.4\webapps\cocoon\exslt\date\functions\duration\base.css --> ftp.exslt.org /www.exslt.org/public_html/date/functions/duration base.css
102.11.19 13:21 B C:\jakarta-tomcat-3.2.4\webapps\cocoon\exslt\date\functions\duration\date.duration.1.html --> ftp.exslt.org /www.exslt.org/public_html/date/functions/duration date.duration.1.html
102.11.19 13:21 B C:\jakarta-tomcat-3.2.4\webapps\cocoon\exslt\date\functions\duration\date.duration.function.xsl --> ftp.exslt.org /www.exslt.org/public_html/date/functions/duration date.duration.function.xsl
102.11.19 13:21 B C:\jakarta-tomcat-3.2.4\webapps\cocoon\exslt\date\functions\duration\date.duration.function.xsl.html --> ftp.exslt.org /www.exslt.org/public_html/date/functions/duration date.duration.function.xsl.html
102.11.19 13:21 B C:\jakarta-tomcat-3.2.4\webapps\cocoon\exslt\date\functions\duration\date.duration.html --> ftp.exslt.org /www.exslt.org/public_html/date/functions/duration date.duration.html
102.11.19 13:21 B C:\jakarta-tomcat-3.2.4\webapps\cocoon\exslt\date\functions\duration\date.duration.package.txt --> ftp.exslt.org /www.exslt.org/public_html/date/functions/duration date.duration.package.txt
102.11.19 13:21 B C:\jakarta-tomcat-3.2.4\webapps\cocoon\exslt\date\functions\duration\date.duration.template.xsl --> ftp.exslt.org /www.exslt.org/public_html/date/functions/duration date.duration.template.xsl
102.11.19 13:21 B C:\jakarta-tomcat-3.2.4\webapps\cocoon\exslt\date\functions\duration\date.duration.template.xsl.html --> ftp.exslt.org /www.exslt.org/public_html/date/functions/duration date.duration.template.xsl.html
102.11.19 13:21 B C:\jakarta-tomcat-3.2.4\webapps\cocoon\exslt\date\functions\duration\date.duration.use-cases.txt --> ftp.exslt.org /www.exslt.org/public_html/date/functions/duration date.duration.use-cases.txt
102.11.19 13:21 B C:\jakarta-tomcat-3.2.4\webapps\cocoon\exslt\date\functions\duration\date.duration.use-cases.zip --> ftp.exslt.org /www.exslt.org/public_html/date/functions/duration date.duration.use-cases.zip
102.11.19 13:21 B C:\jakarta-tomcat-3.2.4\webapps\cocoon\exslt\date\functions\duration\date.duration.xml --> ftp.exslt.org /www.exslt.org/public_html/date/functions/duration date.duration.xml
102.11.19 13:21 B C:\jakarta-tomcat-3.2.4\webapps\cocoon\exslt\date\functions\duration\date.duration.xsl --> ftp.exslt.org /www.exslt.org/public_html/date/functions/duration date.duration.xsl
102.11.19 13:21 B C:\jakarta-tomcat-3.2.4\webapps\cocoon\exslt\date\functions\duration\date.duration.zip --> ftp.exslt.org /www.exslt.org/public_html/date/functions/duration date.duration.zip
102.11.19 13:21 B C:\jakarta-tomcat-3.2.4\webapps\cocoon\exslt\date\functions\duration\date.js --> ftp.exslt.org /www.exslt.org/public_html/date/functions/duration date.js
102.11.19 13:21 B C:\jakarta-tomcat-3.2.4\webapps\cocoon\exslt\date\functions\duration\date.js.html --> ftp.exslt.org /www.exslt.org/public_html/date/functions/duration date.js.html
102.11.19 13:21 B C:\jakarta-tomcat-3.2.4\webapps\cocoon\exslt\date\functions\duration\date.msxsl.xsl --> ftp.exslt.org /www.exslt.org/public_html/date/functions/duration date.msxsl.xsl
102.11.19 13:21 B C:\jakarta-tomcat-3.2.4\webapps\cocoon\exslt\date\functions\duration\date.msxsl.xsl.html --> ftp.exslt.org /www.exslt.org/public_html/date/functions/duration date.msxsl.xsl.html
102.11.19 13:21 B C:\jakarta-tomcat-3.2.4\webapps\cocoon\exslt\date\functions\duration\index.html --> ftp.exslt.org /www.exslt.org/public_html/date/functions/duration index.html
102.11.19 13:21 B C:\jakarta-tomcat-3.2.4\webapps\cocoon\exslt\date\functions\duration\refresh.bat --> ftp.exslt.org /www.exslt.org/public_html/date/functions/duration refresh.bat
102.11.19 13:21 B C:\jakarta-tomcat-3.2.4\webapps\cocoon\exslt\date\functions\duration\update.bat --> ftp.exslt.org /www.exslt.org/public_html/date/functions/duration update.bat
102.12.02 12:21 B C:\jakarta-tomcat-3.2.4\webapps\cocoon\exslt\public_html\date\functions\duration\WS_FTP.LOG <-- ftp.exslt.org /www.exslt.org/public_html/date/functions/duration WS_FTP.LOG
102.12.03 11:09 B C:\jakarta-tomcat-3.2.4\webapps\cocoon\exslt\date\functions\duration\base.css --> ftp.exslt.org /www.exslt.org/public_html/date/functions/duration base.css
102.12.03 11:09 B C:\jakarta-tomcat-3.2.4\webapps\cocoon\exslt\date\functions\duration\date.duration.1.html --> ftp.exslt.org /www.exslt.org/public_html/date/functions/duration date.duration.1.html
102.12.03 11:09 B C:\jakarta-tomcat-3.2.4\webapps\cocoon\exslt\date\functions\duration\date.duration.function.xsl --> ftp.exslt.org /www.exslt.org/public_html/date/functions/duration date.duration.function.xsl
102.12.03 11:09 B C:\jakarta-tomcat-3.2.4\webapps\cocoon\exslt\date\functions\duration\date.duration.function.xsl.html --> ftp.exslt.org /www.exslt.org/public_html/date/functions/duration date.duration.function.xsl.html
102.12.03 11:09 B C:\jakarta-tomcat-3.2.4\webapps\cocoon\exslt\date\functions\duration\date.duration.html --> ftp.exslt.org /www.exslt.org/public_html/date/functions/duration date.duration.html
102.12.03 11:09 B C:\jakarta-tomcat-3.2.4\webapps\cocoon\exslt\date\functions\duration\date.duration.package.txt --> ftp.exslt.org /www.exslt.org/public_html/date/functions/duration date.duration.package.txt
102.12.03 11:09 B C:\jakarta-tomcat-3.2.4\webapps\cocoon\exslt\date\functions\duration\date.duration.template.xsl --> ftp.exslt.org /www.exslt.org/public_html/date/functions/duration date.duration.template.xsl
102.12.03 11:09 B C:\jakarta-tomcat-3.2.4\webapps\cocoon\exslt\date\functions\duration\date.duration.template.xsl.html --> ftp.exslt.org /www.exslt.org/public_html/date/functions/duration date.duration.template.xsl.html
102.12.03 11:09 B C:\jakarta-tomcat-3.2.4\webapps\cocoon\exslt\date\functions\duration\date.duration.use-cases.txt --> ftp.exslt.org /www.exslt.org/public_html/date/functions/duration date.duration.use-cases.txt
102.12.03 11:09 B C:\jakarta-tomcat-3.2.4\webapps\cocoon\exslt\date\functions\duration\date.duration.use-cases.zip --> ftp.exslt.org /www.exslt.org/public_html/date/functions/duration date.duration.use-cases.zip
102.12.03 11:09 B C:\jakarta-tomcat-3.2.4\webapps\cocoon\exslt\date\functions\duration\date.duration.xml --> ftp.exslt.org /www.exslt.org/public_html/date/functions/duration date.duration.xml
102.12.03 11:09 B C:\jakarta-tomcat-3.2.4\webapps\cocoon\exslt\date\functions\duration\date.duration.xsl --> ftp.exslt.org /www.exslt.org/public_html/date/functions/duration date.duration.xsl
102.12.03 11:09 B C:\jakarta-tomcat-3.2.4\webapps\cocoon\exslt\date\functions\duration\date.duration.zip --> ftp.exslt.org /www.exslt.org/public_html/date/functions/duration date.duration.zip
102.12.03 11:09 B C:\jakarta-tomcat-3.2.4\webapps\cocoon\exslt\date\functions\duration\date.js --> ftp.exslt.org /www.exslt.org/public_html/date/functions/duration date.js
102.12.03 11:09 B C:\jakarta-tomcat-3.2.4\webapps\cocoon\exslt\date\functions\duration\date.js.html --> ftp.exslt.org /www.exslt.org/public_html/date/functions/duration date.js.html
102.12.03 11:09 B C:\jakarta-tomcat-3.2.4\webapps\cocoon\exslt\date\functions\duration\date.msxsl.xsl --> ftp.exslt.org /www.exslt.org/public_html/date/functions/duration date.msxsl.xsl
102.12.03 11:09 B C:\jakarta-tomcat-3.2.4\webapps\cocoon\exslt\date\functions\duration\date.msxsl.xsl.html --> ftp.exslt.org /www.exslt.org/public_html/date/functions/duration date.msxsl.xsl.html
102.12.03 11:09 B C:\jakarta-tomcat-3.2.4\webapps\cocoon\exslt\date\functions\duration\index.html --> ftp.exslt.org /www.exslt.org/public_html/date/functions/duration index.html
102.12.03 11:09 B C:\jakarta-tomcat-3.2.4\webapps\cocoon\exslt\date\functions\duration\out.html --> ftp.exslt.org /www.exslt.org/public_html/date/functions/duration out.html
102.12.03 11:09 B C:\jakarta-tomcat-3.2.4\webapps\cocoon\exslt\date\functions\duration\refresh.bat --> ftp.exslt.org /www.exslt.org/public_html/date/functions/duration refresh.bat
102.12.03 11:09 B C:\jakarta-tomcat-3.2.4\webapps\cocoon\exslt\date\functions\duration\update.bat --> ftp.exslt.org /www.exslt.org/public_html/date/functions/duration update.bat
102.12.03 11:09 B C:\jakarta-tomcat-3.2.4\webapps\cocoon\exslt\date\functions\duration\WS_FTP.LOG --> ftp.exslt.org /www.exslt.org/public_html/date/functions/duration WS_FTP.LOG
102.12.11 11:01 B C:\jakarta-tomcat-3.2.4\webapps\cocoon\exslt\date\functions\duration\base.css --> ftp.exslt.org /www.exslt.org/public_html/date/functions/duration base.css
102.12.11 11:01 B C:\jakarta-tomcat-3.2.4\webapps\cocoon\exslt\date\functions\duration\date.duration.1.html --> ftp.exslt.org /www.exslt.org/public_html/date/functions/duration date.duration.1.html
102.12.11 11:01 B C:\jakarta-tomcat-3.2.4\webapps\cocoon\exslt\date\functions\duration\date.duration.function.xsl --> ftp.exslt.org /www.exslt.org/public_html/date/functions/duration date.duration.function.xsl
102.12.11 11:01 B C:\jakarta-tomcat-3.2.4\webapps\cocoon\exslt\date\functions\duration\date.duration.function.xsl.html --> ftp.exslt.org /www.exslt.org/public_html/date/functions/duration date.duration.function.xsl.html
102.12.11 11:01 B C:\jakarta-tomcat-3.2.4\webapps\cocoon\exslt\date\functions\duration\date.duration.html --> ftp.exslt.org /www.exslt.org/public_html/date/functions/duration date.duration.html
102.12.11 11:01 B C:\jakarta-tomcat-3.2.4\webapps\cocoon\exslt\date\functions\duration\date.duration.package.txt --> ftp.exslt.org /www.exslt.org/public_html/date/functions/duration date.duration.package.txt
102.12.11 11:01 B C:\jakarta-tomcat-3.2.4\webapps\cocoon\exslt\date\functions\duration\date.duration.template.xsl --> ftp.exslt.org /www.exslt.org/public_html/date/functions/duration date.duration.template.xsl
102.12.11 11:01 B C:\jakarta-tomcat-3.2.4\webapps\cocoon\exslt\date\functions\duration\date.duration.template.xsl.html --> ftp.exslt.org /www.exslt.org/public_html/date/functions/duration date.duration.template.xsl.html
102.12.11 11:01 B C:\jakarta-tomcat-3.2.4\webapps\cocoon\exslt\date\functions\duration\date.duration.use-cases.txt --> ftp.exslt.org /www.exslt.org/public_html/date/functions/duration date.duration.use-cases.txt
102.12.11 11:01 B C:\jakarta-tomcat-3.2.4\webapps\cocoon\exslt\date\functions\duration\date.duration.use-cases.zip --> ftp.exslt.org /www.exslt.org/public_html/date/functions/duration date.duration.use-cases.zip
102.12.11 11:01 B C:\jakarta-tomcat-3.2.4\webapps\cocoon\exslt\date\functions\duration\date.duration.xml --> ftp.exslt.org /www.exslt.org/public_html/date/functions/duration date.duration.xml
102.12.11 11:01 B C:\jakarta-tomcat-3.2.4\webapps\cocoon\exslt\date\functions\duration\date.duration.xsl --> ftp.exslt.org /www.exslt.org/public_html/date/functions/duration date.duration.xsl
102.12.11 11:01 B C:\jakarta-tomcat-3.2.4\webapps\cocoon\exslt\date\functions\duration\date.duration.zip --> ftp.exslt.org /www.exslt.org/public_html/date/functions/duration date.duration.zip
102.12.11 11:01 B C:\jakarta-tomcat-3.2.4\webapps\cocoon\exslt\date\functions\duration\date.js --> ftp.exslt.org /www.exslt.org/public_html/date/functions/duration date.js
102.12.11 11:01 B C:\jakarta-tomcat-3.2.4\webapps\cocoon\exslt\date\functions\duration\date.js.html --> ftp.exslt.org /www.exslt.org/public_html/date/functions/duration date.js.html
102.12.11 11:01 B C:\jakarta-tomcat-3.2.4\webapps\cocoon\exslt\date\functions\duration\date.msxsl.xsl --> ftp.exslt.org /www.exslt.org/public_html/date/functions/duration date.msxsl.xsl
102.12.11 11:01 B C:\jakarta-tomcat-3.2.4\webapps\cocoon\exslt\date\functions\duration\date.msxsl.xsl.html --> ftp.exslt.org /www.exslt.org/public_html/date/functions/duration date.msxsl.xsl.html
102.12.11 11:01 B C:\jakarta-tomcat-3.2.4\webapps\cocoon\exslt\date\functions\duration\index.html --> ftp.exslt.org /www.exslt.org/public_html/date/functions/duration index.html
102.12.11 11:01 B C:\jakarta-tomcat-3.2.4\webapps\cocoon\exslt\date\functions\duration\out.html --> ftp.exslt.org /www.exslt.org/public_html/date/functions/duration out.html
102.12.11 11:01 B C:\jakarta-tomcat-3.2.4\webapps\cocoon\exslt\date\functions\duration\refresh.bat --> ftp.exslt.org /www.exslt.org/public_html/date/functions/duration refresh.bat
102.12.11 11:01 B C:\jakarta-tomcat-3.2.4\webapps\cocoon\exslt\date\functions\duration\update.bat --> ftp.exslt.org /www.exslt.org/public_html/date/functions/duration update.bat
102.12.11 11:01 B C:\jakarta-tomcat-3.2.4\webapps\cocoon\exslt\date\functions\duration\WS_FTP.LOG --> ftp.exslt.org /www.exslt.org/public_html/date/functions/duration WS_FTP.LOG
102.12.11 11:03 B C:\jakarta-tomcat-3.2.4\webapps\cocoon\exslt\date\functions\duration\base.css --> ftp.exslt.org /www.exslt.org/public_html/date/functions/duration base.css
102.12.11 11:03 B C:\jakarta-tomcat-3.2.4\webapps\cocoon\exslt\date\functions\duration\date.duration.1.html --> ftp.exslt.org /www.exslt.org/public_html/date/functions/duration date.duration.1.html
102.12.11 11:03 B C:\jakarta-tomcat-3.2.4\webapps\cocoon\exslt\date\functions\duration\date.duration.function.xsl --> ftp.exslt.org /www.exslt.org/public_html/date/functions/duration date.duration.function.xsl
102.12.11 11:03 B C:\jakarta-tomcat-3.2.4\webapps\cocoon\exslt\date\functions\duration\date.duration.function.xsl.html --> ftp.exslt.org /www.exslt.org/public_html/date/functions/duration date.duration.function.xsl.html
102.12.11 11:03 B C:\jakarta-tomcat-3.2.4\webapps\cocoon\exslt\date\functions\duration\date.duration.html --> ftp.exslt.org /www.exslt.org/public_html/date/functions/duration date.duration.html
102.12.11 11:03 B C:\jakarta-tomcat-3.2.4\webapps\cocoon\exslt\date\functions\duration\date.duration.package.txt --> ftp.exslt.org /www.exslt.org/public_html/date/functions/duration date.duration.package.txt
102.12.11 11:03 B C:\jakarta-tomcat-3.2.4\webapps\cocoon\exslt\date\functions\duration\date.duration.template.xsl --> ftp.exslt.org /www.exslt.org/public_html/date/functions/duration date.duration.template.xsl
102.12.11 11:03 B C:\jakarta-tomcat-3.2.4\webapps\cocoon\exslt\date\functions\duration\date.duration.template.xsl.html --> ftp.exslt.org /www.exslt.org/public_html/date/functions/duration date.duration.template.xsl.html
102.12.11 11:03 B C:\jakarta-tomcat-3.2.4\webapps\cocoon\exslt\date\functions\duration\date.duration.use-cases.txt --> ftp.exslt.org /www.exslt.org/public_html/date/functions/duration date.duration.use-cases.txt
102.12.11 11:03 B C:\jakarta-tomcat-3.2.4\webapps\cocoon\exslt\date\functions\duration\date.duration.use-cases.zip --> ftp.exslt.org /www.exslt.org/public_html/date/functions/duration date.duration.use-cases.zip
102.12.11 11:03 B C:\jakarta-tomcat-3.2.4\webapps\cocoon\exslt\date\functions\duration\date.duration.xml --> ftp.exslt.org /www.exslt.org/public_html/date/functions/duration date.duration.xml
102.12.11 11:03 B C:\jakarta-tomcat-3.2.4\webapps\cocoon\exslt\date\functions\duration\date.duration.xsl --> ftp.exslt.org /www.exslt.org/public_html/date/functions/duration date.duration.xsl
102.12.11 11:03 B C:\jakarta-tomcat-3.2.4\webapps\cocoon\exslt\date\functions\duration\date.duration.zip --> ftp.exslt.org /www.exslt.org/public_html/date/functions/duration date.duration.zip
102.12.11 11:03 B C:\jakarta-tomcat-3.2.4\webapps\cocoon\exslt\date\functions\duration\date.js --> ftp.exslt.org /www.exslt.org/public_html/date/functions/duration date.js
102.12.11 11:03 B C:\jakarta-tomcat-3.2.4\webapps\cocoon\exslt\date\functions\duration\date.js.html --> ftp.exslt.org /www.exslt.org/public_html/date/functions/duration date.js.html
102.12.11 11:03 B C:\jakarta-tomcat-3.2.4\webapps\cocoon\exslt\date\functions\duration\date.msxsl.xsl --> ftp.exslt.org /www.exslt.org/public_html/date/functions/duration date.msxsl.xsl
102.12.11 11:03 B C:\jakarta-tomcat-3.2.4\webapps\cocoon\exslt\date\functions\duration\date.msxsl.xsl.html --> ftp.exslt.org /www.exslt.org/public_html/date/functions/duration date.msxsl.xsl.html
102.12.11 11:03 B C:\jakarta-tomcat-3.2.4\webapps\cocoon\exslt\date\functions\duration\index.html --> ftp.exslt.org /www.exslt.org/public_html/date/functions/duration index.html
102.12.11 11:03 B C:\jakarta-tomcat-3.2.4\webapps\cocoon\exslt\date\functions\duration\out.html --> ftp.exslt.org /www.exslt.org/public_html/date/functions/duration out.html
102.12.11 11:03 B C:\jakarta-tomcat-3.2.4\webapps\cocoon\exslt\date\functions\duration\refresh.bat --> ftp.exslt.org /www.exslt.org/public_html/date/functions/duration refresh.bat
102.12.11 11:03 B C:\jakarta-tomcat-3.2.4\webapps\cocoon\exslt\date\functions\duration\update.bat --> ftp.exslt.org /www.exslt.org/public_html/date/functions/duration update.bat
103.09.29 15:03 B C:\jakarta-tomcat-3.2.4\webapps\cocoon\exslt\date\functions\duration\WS_FTP.LOG <-- ftp.exslt.org /www.exslt.org/public_html/date/functions/duration WS_FTP.LOG
103.10.21 13:05 B C:\jakarta-tomcat-3.2.4\webapps\cocoon\exslt\date\functions\duration\base.css --> marian.cs.nott.ac.uk /stud/pg/cds/exslt/date/functions/duration base.css
103.10.21 13:05 B C:\jakarta-tomcat-3.2.4\webapps\cocoon\exslt\date\functions\duration\date.duration.1.html --> marian.cs.nott.ac.uk /stud/pg/cds/exslt/date/functions/duration date.duration.1.html
103.10.21 13:05 B C:\jakarta-tomcat-3.2.4\webapps\cocoon\exslt\date\functions\duration\date.duration.function.xsl --> marian.cs.nott.ac.uk /stud/pg/cds/exslt/date/functions/duration date.duration.function.xsl
103.10.21 13:05 B C:\jakarta-tomcat-3.2.4\webapps\cocoon\exslt\date\functions\duration\date.duration.function.xsl.html --> marian.cs.nott.ac.uk /stud/pg/cds/exslt/date/functions/duration date.duration.function.xsl.html
103.10.21 13:05 B C:\jakarta-tomcat-3.2.4\webapps\cocoon\exslt\date\functions\duration\date.duration.html --> marian.cs.nott.ac.uk /stud/pg/cds/exslt/date/functions/duration date.duration.html
103.10.21 13:05 B C:\jakarta-tomcat-3.2.4\webapps\cocoon\exslt\date\functions\duration\date.duration.package.txt --> marian.cs.nott.ac.uk /stud/pg/cds/exslt/date/functions/duration date.duration.package.txt
103.10.21 13:05 B C:\jakarta-tomcat-3.2.4\webapps\cocoon\exslt\date\functions\duration\date.duration.template.xsl --> marian.cs.nott.ac.uk /stud/pg/cds/exslt/date/functions/duration date.duration.template.xsl
103.10.21 13:05 B C:\jakarta-tomcat-3.2.4\webapps\cocoon\exslt\date\functions\duration\date.duration.template.xsl.html --> marian.cs.nott.ac.uk /stud/pg/cds/exslt/date/functions/duration date.duration.template.xsl.html
103.10.21 13:05 B C:\jakarta-tomcat-3.2.4\webapps\cocoon\exslt\date\functions\duration\date.duration.use-cases.txt --> marian.cs.nott.ac.uk /stud/pg/cds/exslt/date/functions/duration date.duration.use-cases.txt
103.10.21 13:05 B C:\jakarta-tomcat-3.2.4\webapps\cocoon\exslt\date\functions\duration\date.duration.use-cases.zip --> marian.cs.nott.ac.uk /stud/pg/cds/exslt/date/functions/duration date.duration.use-cases.zip
103.10.21 13:05 B C:\jakarta-tomcat-3.2.4\webapps\cocoon\exslt\date\functions\duration\date.duration.xml --> marian.cs.nott.ac.uk /stud/pg/cds/exslt/date/functions/duration date.duration.xml
103.10.21 13:05 B C:\jakarta-tomcat-3.2.4\webapps\cocoon\exslt\date\functions\duration\date.duration.xsl --> marian.cs.nott.ac.uk /stud/pg/cds/exslt/date/functions/duration date.duration.xsl
103.10.21 13:05 B C:\jakarta-tomcat-3.2.4\webapps\cocoon\exslt\date\functions\duration\date.duration.zip --> marian.cs.nott.ac.uk /stud/pg/cds/exslt/date/functions/duration date.duration.zip
103.10.21 13:05 B C:\jakarta-tomcat-3.2.4\webapps\cocoon\exslt\date\functions\duration\date.js --> marian.cs.nott.ac.uk /stud/pg/cds/exslt/date/functions/duration date.js
103.10.21 13:05 B C:\jakarta-tomcat-3.2.4\webapps\cocoon\exslt\date\functions\duration\date.js.html --> marian.cs.nott.ac.uk /stud/pg/cds/exslt/date/functions/duration date.js.html
103.10.21 13:05 B C:\jakarta-tomcat-3.2.4\webapps\cocoon\exslt\date\functions\duration\date.msxsl.xsl --> marian.cs.nott.ac.uk /stud/pg/cds/exslt/date/functions/duration date.msxsl.xsl
103.10.21 13:05 B C:\jakarta-tomcat-3.2.4\webapps\cocoon\exslt\date\functions\duration\date.msxsl.xsl.html --> marian.cs.nott.ac.uk /stud/pg/cds/exslt/date/functions/duration date.msxsl.xsl.html
103.10.21 13:05 B C:\jakarta-tomcat-3.2.4\webapps\cocoon\exslt\date\functions\duration\index.html --> marian.cs.nott.ac.uk /stud/pg/cds/exslt/date/functions/duration index.html
103.10.21 13:05 B C:\jakarta-tomcat-3.2.4\webapps\cocoon\exslt\date\functions\duration\out.html --> marian.cs.nott.ac.uk /stud/pg/cds/exslt/date/functions/duration out.html
103.10.21 13:05 B C:\jakarta-tomcat-3.2.4\webapps\cocoon\exslt\date\functions\duration\refresh.bat --> marian.cs.nott.ac.uk /stud/pg/cds/exslt/date/functions/duration refresh.bat
103.10.21 13:05 B C:\jakarta-tomcat-3.2.4\webapps\cocoon\exslt\date\functions\duration\update.bat --> marian.cs.nott.ac.uk /stud/pg/cds/exslt/date/functions/duration update.bat
103.10.21 13:05 B C:\jakarta-tomcat-3.2.4\webapps\cocoon\exslt\date\functions\duration\WS_FTP.LOG --> marian.cs.nott.ac.uk /stud/pg/cds/exslt/date/functions/duration WS_FTP.LOG
103.10.23 13:09 B C:\jakarta-tomcat-3.2.4\webapps\cocoon\exslt\date\functions\duration\base.css --> ftp.exslt.org /www.exslt.org/public_html/date/functions/duration base.css
103.10.23 13:09 B C:\jakarta-tomcat-3.2.4\webapps\cocoon\exslt\date\functions\duration\date.duration.1.html --> ftp.exslt.org /www.exslt.org/public_html/date/functions/duration date.duration.1.html
103.10.23 13:09 B C:\jakarta-tomcat-3.2.4\webapps\cocoon\exslt\date\functions\duration\date.duration.function.xsl --> ftp.exslt.org /www.exslt.org/public_html/date/functions/duration date.duration.function.xsl
103.10.23 13:09 B C:\jakarta-tomcat-3.2.4\webapps\cocoon\exslt\date\functions\duration\date.duration.function.xsl.html --> ftp.exslt.org /www.exslt.org/public_html/date/functions/duration date.duration.function.xsl.html
103.10.23 13:09 B C:\jakarta-tomcat-3.2.4\webapps\cocoon\exslt\date\functions\duration\date.duration.html --> ftp.exslt.org /www.exslt.org/public_html/date/functions/duration date.duration.html
103.10.23 13:09 B C:\jakarta-tomcat-3.2.4\webapps\cocoon\exslt\date\functions\duration\date.duration.package.txt --> ftp.exslt.org /www.exslt.org/public_html/date/functions/duration date.duration.package.txt
103.10.23 13:09 B C:\jakarta-tomcat-3.2.4\webapps\cocoon\exslt\date\functions\duration\date.duration.template.xsl --> ftp.exslt.org /www.exslt.org/public_html/date/functions/duration date.duration.template.xsl
103.10.23 13:09 B C:\jakarta-tomcat-3.2.4\webapps\cocoon\exslt\date\functions\duration\date.duration.template.xsl.html --> ftp.exslt.org /www.exslt.org/public_html/date/functions/duration date.duration.template.xsl.html
103.10.23 13:09 B C:\jakarta-tomcat-3.2.4\webapps\cocoon\exslt\date\functions\duration\date.duration.use-cases.txt --> ftp.exslt.org /www.exslt.org/public_html/date/functions/duration date.duration.use-cases.txt
103.10.23 13:09 B C:\jakarta-tomcat-3.2.4\webapps\cocoon\exslt\date\functions\duration\date.duration.use-cases.zip --> ftp.exslt.org /www.exslt.org/public_html/date/functions/duration date.duration.use-cases.zip
103.10.23 13:09 B C:\jakarta-tomcat-3.2.4\webapps\cocoon\exslt\date\functions\duration\date.duration.xml --> ftp.exslt.org /www.exslt.org/public_html/date/functions/duration date.duration.xml
103.10.23 13:09 B C:\jakarta-tomcat-3.2.4\webapps\cocoon\exslt\date\functions\duration\date.duration.xsl --> ftp.exslt.org /www.exslt.org/public_html/date/functions/duration date.duration.xsl
103.10.23 13:10 B C:\jakarta-tomcat-3.2.4\webapps\cocoon\exslt\date\functions\duration\date.duration.zip --> ftp.exslt.org /www.exslt.org/public_html/date/functions/duration date.duration.zip
103.10.23 13:10 B C:\jakarta-tomcat-3.2.4\webapps\cocoon\exslt\date\functions\duration\date.js --> ftp.exslt.org /www.exslt.org/public_html/date/functions/duration date.js
103.10.23 13:10 B C:\jakarta-tomcat-3.2.4\webapps\cocoon\exslt\date\functions\duration\date.js.html --> ftp.exslt.org /www.exslt.org/public_html/date/functions/duration date.js.html
103.10.23 13:10 B C:\jakarta-tomcat-3.2.4\webapps\cocoon\exslt\date\functions\duration\date.msxsl.xsl --> ftp.exslt.org /www.exslt.org/public_html/date/functions/duration date.msxsl.xsl
103.10.23 13:10 B C:\jakarta-tomcat-3.2.4\webapps\cocoon\exslt\date\functions\duration\date.msxsl.xsl.html --> ftp.exslt.org /www.exslt.org/public_html/date/functions/duration date.msxsl.xsl.html
103.10.23 13:10 B C:\jakarta-tomcat-3.2.4\webapps\cocoon\exslt\date\functions\duration\index.html --> ftp.exslt.org /www.exslt.org/public_html/date/functions/duration index.html
103.10.23 13:10 B C:\jakarta-tomcat-3.2.4\webapps\cocoon\exslt\date\functions\duration\out.html --> ftp.exslt.org /www.exslt.org/public_html/date/functions/duration out.html
103.10.23 13:10 B C:\jakarta-tomcat-3.2.4\webapps\cocoon\exslt\date\functions\duration\refresh.bat --> ftp.exslt.org /www.exslt.org/public_html/date/functions/duration refresh.bat
103.10.23 13:10 B C:\jakarta-tomcat-3.2.4\webapps\cocoon\exslt\date\functions\duration\update.bat --> ftp.exslt.org /www.exslt.org/public_html/date/functions/duration update.bat
