102.08.21 17:25 B C:\jakarta-tomcat-3.2.4\webapps\cocoon\exslt\date\functions\format-date\base.css --> ftp.exslt.org /www.exslt.org/public_html/date/functions/format-date base.css
102.08.21 17:25 B C:\jakarta-tomcat-3.2.4\webapps\cocoon\exslt\date\functions\format-date\date.format-date.2.html --> ftp.exslt.org /www.exslt.org/public_html/date/functions/format-date date.format-date.2.html
102.08.21 17:25 B C:\jakarta-tomcat-3.2.4\webapps\cocoon\exslt\date\functions\format-date\date.format-date.function.xsl --> ftp.exslt.org /www.exslt.org/public_html/date/functions/format-date date.format-date.function.xsl
102.08.21 17:25 B C:\jakarta-tomcat-3.2.4\webapps\cocoon\exslt\date\functions\format-date\date.format-date.function.xsl.html --> ftp.exslt.org /www.exslt.org/public_html/date/functions/format-date date.format-date.function.xsl.html
102.08.21 17:25 B C:\jakarta-tomcat-3.2.4\webapps\cocoon\exslt\date\functions\format-date\date.format-date.html --> ftp.exslt.org /www.exslt.org/public_html/date/functions/format-date date.format-date.html
102.08.21 17:25 B C:\jakarta-tomcat-3.2.4\webapps\cocoon\exslt\date\functions\format-date\date.format-date.package.txt --> ftp.exslt.org /www.exslt.org/public_html/date/functions/format-date date.format-date.package.txt
102.08.21 17:25 B C:\jakarta-tomcat-3.2.4\webapps\cocoon\exslt\date\functions\format-date\date.format-date.template.xsl --> ftp.exslt.org /www.exslt.org/public_html/date/functions/format-date date.format-date.template.xsl
102.08.21 17:25 B C:\jakarta-tomcat-3.2.4\webapps\cocoon\exslt\date\functions\format-date\date.format-date.template.xsl.html --> ftp.exslt.org /www.exslt.org/public_html/date/functions/format-date date.format-date.template.xsl.html
102.08.21 17:25 B C:\jakarta-tomcat-3.2.4\webapps\cocoon\exslt\date\functions\format-date\date.format-date.use-cases.txt --> ftp.exslt.org /www.exslt.org/public_html/date/functions/format-date date.format-date.use-cases.txt
102.08.21 17:25 B C:\jakarta-tomcat-3.2.4\webapps\cocoon\exslt\date\functions\format-date\date.format-date.use-cases.zip --> ftp.exslt.org /www.exslt.org/public_html/date/functions/format-date date.format-date.use-cases.zip
102.08.21 17:25 B C:\jakarta-tomcat-3.2.4\webapps\cocoon\exslt\date\functions\format-date\date.format-date.xml --> ftp.exslt.org /www.exslt.org/public_html/date/functions/format-date date.format-date.xml
102.08.21 17:25 B C:\jakarta-tomcat-3.2.4\webapps\cocoon\exslt\date\functions\format-date\date.format-date.xsl --> ftp.exslt.org /www.exslt.org/public_html/date/functions/format-date date.format-date.xsl
102.08.21 17:25 B C:\jakarta-tomcat-3.2.4\webapps\cocoon\exslt\date\functions\format-date\date.format-date.zip --> ftp.exslt.org /www.exslt.org/public_html/date/functions/format-date date.format-date.zip
102.08.21 17:25 B C:\jakarta-tomcat-3.2.4\webapps\cocoon\exslt\date\functions\format-date\date.js --> ftp.exslt.org /www.exslt.org/public_html/date/functions/format-date date.js
102.08.21 17:25 B C:\jakarta-tomcat-3.2.4\webapps\cocoon\exslt\date\functions\format-date\date.js.html --> ftp.exslt.org /www.exslt.org/public_html/date/functions/format-date date.js.html
102.08.21 17:25 B C:\jakarta-tomcat-3.2.4\webapps\cocoon\exslt\date\functions\format-date\date.msxsl.xsl --> ftp.exslt.org /www.exslt.org/public_html/date/functions/format-date date.msxsl.xsl
102.08.21 17:25 B C:\jakarta-tomcat-3.2.4\webapps\cocoon\exslt\date\functions\format-date\date.msxsl.xsl.html --> ftp.exslt.org /www.exslt.org/public_html/date/functions/format-date date.msxsl.xsl.html
102.08.21 17:25 B C:\jakarta-tomcat-3.2.4\webapps\cocoon\exslt\date\functions\format-date\index.html --> ftp.exslt.org /www.exslt.org/public_html/date/functions/format-date index.html
102.08.21 17:25 B C:\jakarta-tomcat-3.2.4\webapps\cocoon\exslt\date\functions\format-date\refresh.bat --> ftp.exslt.org /www.exslt.org/public_html/date/functions/format-date refresh.bat
102.08.21 17:25 B C:\jakarta-tomcat-3.2.4\webapps\cocoon\exslt\date\functions\format-date\update.bat --> ftp.exslt.org /www.exslt.org/public_html/date/functions/format-date update.bat
102.08.21 17:31 B C:\jakarta-tomcat-3.2.4\webapps\cocoon\exslt\date\functions\format-date\base.css --> ftp.exslt.org /www.exslt.org/public_html/date/functions/format-date base.css
102.08.21 17:31 B C:\jakarta-tomcat-3.2.4\webapps\cocoon\exslt\date\functions\format-date\date.format-date.2.html --> ftp.exslt.org /www.exslt.org/public_html/date/functions/format-date date.format-date.2.html
102.08.21 17:31 B C:\jakarta-tomcat-3.2.4\webapps\cocoon\exslt\date\functions\format-date\date.format-date.function.xsl --> ftp.exslt.org /www.exslt.org/public_html/date/functions/format-date date.format-date.function.xsl
102.08.21 17:31 B C:\jakarta-tomcat-3.2.4\webapps\cocoon\exslt\date\functions\format-date\date.format-date.function.xsl.html --> ftp.exslt.org /www.exslt.org/public_html/date/functions/format-date date.format-date.function.xsl.html
102.08.21 17:31 B C:\jakarta-tomcat-3.2.4\webapps\cocoon\exslt\date\functions\format-date\date.format-date.html --> ftp.exslt.org /www.exslt.org/public_html/date/functions/format-date date.format-date.html
102.08.21 17:31 B C:\jakarta-tomcat-3.2.4\webapps\cocoon\exslt\date\functions\format-date\date.format-date.package.txt --> ftp.exslt.org /www.exslt.org/public_html/date/functions/format-date date.format-date.package.txt
102.08.21 17:31 B C:\jakarta-tomcat-3.2.4\webapps\cocoon\exslt\date\functions\format-date\date.format-date.template.xsl --> ftp.exslt.org /www.exslt.org/public_html/date/functions/format-date date.format-date.template.xsl
102.08.21 17:31 B C:\jakarta-tomcat-3.2.4\webapps\cocoon\exslt\date\functions\format-date\date.format-date.template.xsl.html --> ftp.exslt.org /www.exslt.org/public_html/date/functions/format-date date.format-date.template.xsl.html
102.08.21 17:31 B C:\jakarta-tomcat-3.2.4\webapps\cocoon\exslt\date\functions\format-date\date.format-date.use-cases.txt --> ftp.exslt.org /www.exslt.org/public_html/date/functions/format-date date.format-date.use-cases.txt
102.08.21 17:31 B C:\jakarta-tomcat-3.2.4\webapps\cocoon\exslt\date\functions\format-date\date.format-date.use-cases.zip --> ftp.exslt.org /www.exslt.org/public_html/date/functions/format-date date.format-date.use-cases.zip
102.08.21 17:31 B C:\jakarta-tomcat-3.2.4\webapps\cocoon\exslt\date\functions\format-date\date.format-date.xml --> ftp.exslt.org /www.exslt.org/public_html/date/functions/format-date date.format-date.xml
102.08.21 17:31 B C:\jakarta-tomcat-3.2.4\webapps\cocoon\exslt\date\functions\format-date\date.format-date.xsl --> ftp.exslt.org /www.exslt.org/public_html/date/functions/format-date date.format-date.xsl
102.08.21 17:31 B C:\jakarta-tomcat-3.2.4\webapps\cocoon\exslt\date\functions\format-date\date.format-date.zip --> ftp.exslt.org /www.exslt.org/public_html/date/functions/format-date date.format-date.zip
102.08.21 17:31 B C:\jakarta-tomcat-3.2.4\webapps\cocoon\exslt\date\functions\format-date\date.js --> ftp.exslt.org /www.exslt.org/public_html/date/functions/format-date date.js
102.08.21 17:31 B C:\jakarta-tomcat-3.2.4\webapps\cocoon\exslt\date\functions\format-date\date.js.html --> ftp.exslt.org /www.exslt.org/public_html/date/functions/format-date date.js.html
102.08.21 17:31 B C:\jakarta-tomcat-3.2.4\webapps\cocoon\exslt\date\functions\format-date\date.msxsl.xsl --> ftp.exslt.org /www.exslt.org/public_html/date/functions/format-date date.msxsl.xsl
102.08.21 17:31 B C:\jakarta-tomcat-3.2.4\webapps\cocoon\exslt\date\functions\format-date\date.msxsl.xsl.html --> ftp.exslt.org /www.exslt.org/public_html/date/functions/format-date date.msxsl.xsl.html
102.08.21 17:31 B C:\jakarta-tomcat-3.2.4\webapps\cocoon\exslt\date\functions\format-date\index.html --> ftp.exslt.org /www.exslt.org/public_html/date/functions/format-date index.html
102.08.21 17:31 B C:\jakarta-tomcat-3.2.4\webapps\cocoon\exslt\date\functions\format-date\refresh.bat --> ftp.exslt.org /www.exslt.org/public_html/date/functions/format-date refresh.bat
102.08.21 17:31 B C:\jakarta-tomcat-3.2.4\webapps\cocoon\exslt\date\functions\format-date\update.bat --> ftp.exslt.org /www.exslt.org/public_html/date/functions/format-date update.bat
102.08.21 17:31 B C:\jakarta-tomcat-3.2.4\webapps\cocoon\exslt\date\functions\format-date\WS_FTP.LOG --> ftp.exslt.org /www.exslt.org/public_html/date/functions/format-date WS_FTP.LOG
102.11.19 13:14 B C:\jakarta-tomcat-3.2.4\webapps\cocoon\exslt\date\functions\format-date\base.css --> ftp.exslt.org /www.exslt.org/public_html/date/functions/format-date base.css
102.11.19 13:14 B C:\jakarta-tomcat-3.2.4\webapps\cocoon\exslt\date\functions\format-date\date.format-date.2.html --> ftp.exslt.org /www.exslt.org/public_html/date/functions/format-date date.format-date.2.html
102.11.19 13:14 B C:\jakarta-tomcat-3.2.4\webapps\cocoon\exslt\date\functions\format-date\date.format-date.function.xsl --> ftp.exslt.org /www.exslt.org/public_html/date/functions/format-date date.format-date.function.xsl
102.11.19 13:14 B C:\jakarta-tomcat-3.2.4\webapps\cocoon\exslt\date\functions\format-date\date.format-date.function.xsl.html --> ftp.exslt.org /www.exslt.org/public_html/date/functions/format-date date.format-date.function.xsl.html
102.11.19 13:14 B C:\jakarta-tomcat-3.2.4\webapps\cocoon\exslt\date\functions\format-date\date.format-date.html --> ftp.exslt.org /www.exslt.org/public_html/date/functions/format-date date.format-date.html
102.11.19 13:14 B C:\jakarta-tomcat-3.2.4\webapps\cocoon\exslt\date\functions\format-date\date.format-date.package.txt --> ftp.exslt.org /www.exslt.org/public_html/date/functions/format-date date.format-date.package.txt
102.11.19 13:14 B C:\jakarta-tomcat-3.2.4\webapps\cocoon\exslt\date\functions\format-date\date.format-date.template.xsl --> ftp.exslt.org /www.exslt.org/public_html/date/functions/format-date date.format-date.template.xsl
102.11.19 13:14 B C:\jakarta-tomcat-3.2.4\webapps\cocoon\exslt\date\functions\format-date\date.format-date.template.xsl.html --> ftp.exslt.org /www.exslt.org/public_html/date/functions/format-date date.format-date.template.xsl.html
102.11.19 13:14 B C:\jakarta-tomcat-3.2.4\webapps\cocoon\exslt\date\functions\format-date\date.format-date.use-cases.txt --> ftp.exslt.org /www.exslt.org/public_html/date/functions/format-date date.format-date.use-cases.txt
102.11.19 13:14 B C:\jakarta-tomcat-3.2.4\webapps\cocoon\exslt\date\functions\format-date\date.format-date.use-cases.zip --> ftp.exslt.org /www.exslt.org/public_html/date/functions/format-date date.format-date.use-cases.zip
102.11.19 13:14 B C:\jakarta-tomcat-3.2.4\webapps\cocoon\exslt\date\functions\format-date\date.format-date.xml --> ftp.exslt.org /www.exslt.org/public_html/date/functions/format-date date.format-date.xml
102.11.19 13:14 B C:\jakarta-tomcat-3.2.4\webapps\cocoon\exslt\date\functions\format-date\date.format-date.xsl --> ftp.exslt.org /www.exslt.org/public_html/date/functions/format-date date.format-date.xsl
102.11.19 13:14 B C:\jakarta-tomcat-3.2.4\webapps\cocoon\exslt\date\functions\format-date\date.format-date.zip --> ftp.exslt.org /www.exslt.org/public_html/date/functions/format-date date.format-date.zip
102.11.19 13:14 B C:\jakarta-tomcat-3.2.4\webapps\cocoon\exslt\date\functions\format-date\date.js --> ftp.exslt.org /www.exslt.org/public_html/date/functions/format-date date.js
102.11.19 13:14 B C:\jakarta-tomcat-3.2.4\webapps\cocoon\exslt\date\functions\format-date\date.js.html --> ftp.exslt.org /www.exslt.org/public_html/date/functions/format-date date.js.html
102.11.19 13:14 B C:\jakarta-tomcat-3.2.4\webapps\cocoon\exslt\date\functions\format-date\date.msxsl.xsl --> ftp.exslt.org /www.exslt.org/public_html/date/functions/format-date date.msxsl.xsl
102.11.19 13:14 B C:\jakarta-tomcat-3.2.4\webapps\cocoon\exslt\date\functions\format-date\date.msxsl.xsl.html --> ftp.exslt.org /www.exslt.org/public_html/date/functions/format-date date.msxsl.xsl.html
102.11.19 13:14 B C:\jakarta-tomcat-3.2.4\webapps\cocoon\exslt\date\functions\format-date\index.html --> ftp.exslt.org /www.exslt.org/public_html/date/functions/format-date index.html
102.11.19 13:14 B C:\jakarta-tomcat-3.2.4\webapps\cocoon\exslt\date\functions\format-date\refresh.bat --> ftp.exslt.org /www.exslt.org/public_html/date/functions/format-date refresh.bat
102.11.19 13:14 B C:\jakarta-tomcat-3.2.4\webapps\cocoon\exslt\date\functions\format-date\update.bat --> ftp.exslt.org /www.exslt.org/public_html/date/functions/format-date update.bat
102.11.19 13:14 B C:\jakarta-tomcat-3.2.4\webapps\cocoon\exslt\date\functions\format-date\WS_FTP.LOG --> ftp.exslt.org /www.exslt.org/public_html/date/functions/format-date WS_FTP.LOG
102.11.19 13:21 B C:\jakarta-tomcat-3.2.4\webapps\cocoon\exslt\date\functions\format-date\base.css --> ftp.exslt.org /www.exslt.org/public_html/date/functions/format-date base.css
102.11.19 13:21 B C:\jakarta-tomcat-3.2.4\webapps\cocoon\exslt\date\functions\format-date\date.format-date.2.html --> ftp.exslt.org /www.exslt.org/public_html/date/functions/format-date date.format-date.2.html
102.11.19 13:21 B C:\jakarta-tomcat-3.2.4\webapps\cocoon\exslt\date\functions\format-date\date.format-date.function.xsl --> ftp.exslt.org /www.exslt.org/public_html/date/functions/format-date date.format-date.function.xsl
102.11.19 13:21 B C:\jakarta-tomcat-3.2.4\webapps\cocoon\exslt\date\functions\format-date\date.format-date.function.xsl.html --> ftp.exslt.org /www.exslt.org/public_html/date/functions/format-date date.format-date.function.xsl.html
102.11.19 13:21 B C:\jakarta-tomcat-3.2.4\webapps\cocoon\exslt\date\functions\format-date\date.format-date.html --> ftp.exslt.org /www.exslt.org/public_html/date/functions/format-date date.format-date.html
102.11.19 13:21 B C:\jakarta-tomcat-3.2.4\webapps\cocoon\exslt\date\functions\format-date\date.format-date.package.txt --> ftp.exslt.org /www.exslt.org/public_html/date/functions/format-date date.format-date.package.txt
102.11.19 13:21 B C:\jakarta-tomcat-3.2.4\webapps\cocoon\exslt\date\functions\format-date\date.format-date.template.xsl --> ftp.exslt.org /www.exslt.org/public_html/date/functions/format-date date.format-date.template.xsl
102.11.19 13:21 B C:\jakarta-tomcat-3.2.4\webapps\cocoon\exslt\date\functions\format-date\date.format-date.template.xsl.html --> ftp.exslt.org /www.exslt.org/public_html/date/functions/format-date date.format-date.template.xsl.html
102.11.19 13:21 B C:\jakarta-tomcat-3.2.4\webapps\cocoon\exslt\date\functions\format-date\date.format-date.use-cases.txt --> ftp.exslt.org /www.exslt.org/public_html/date/functions/format-date date.format-date.use-cases.txt
102.11.19 13:21 B C:\jakarta-tomcat-3.2.4\webapps\cocoon\exslt\date\functions\format-date\date.format-date.use-cases.zip --> ftp.exslt.org /www.exslt.org/public_html/date/functions/format-date date.format-date.use-cases.zip
102.11.19 13:21 B C:\jakarta-tomcat-3.2.4\webapps\cocoon\exslt\date\functions\format-date\date.format-date.xml --> ftp.exslt.org /www.exslt.org/public_html/date/functions/format-date date.format-date.xml
102.11.19 13:21 B C:\jakarta-tomcat-3.2.4\webapps\cocoon\exslt\date\functions\format-date\date.format-date.xsl --> ftp.exslt.org /www.exslt.org/public_html/date/functions/format-date date.format-date.xsl
102.11.19 13:21 B C:\jakarta-tomcat-3.2.4\webapps\cocoon\exslt\date\functions\format-date\date.format-date.zip --> ftp.exslt.org /www.exslt.org/public_html/date/functions/format-date date.format-date.zip
102.11.19 13:21 B C:\jakarta-tomcat-3.2.4\webapps\cocoon\exslt\date\functions\format-date\date.js --> ftp.exslt.org /www.exslt.org/public_html/date/functions/format-date date.js
102.11.19 13:21 B C:\jakarta-tomcat-3.2.4\webapps\cocoon\exslt\date\functions\format-date\date.js.html --> ftp.exslt.org /www.exslt.org/public_html/date/functions/format-date date.js.html
102.11.19 13:21 B C:\jakarta-tomcat-3.2.4\webapps\cocoon\exslt\date\functions\format-date\date.msxsl.xsl --> ftp.exslt.org /www.exslt.org/public_html/date/functions/format-date date.msxsl.xsl
102.11.19 13:21 B C:\jakarta-tomcat-3.2.4\webapps\cocoon\exslt\date\functions\format-date\date.msxsl.xsl.html --> ftp.exslt.org /www.exslt.org/public_html/date/functions/format-date date.msxsl.xsl.html
102.11.19 13:21 B C:\jakarta-tomcat-3.2.4\webapps\cocoon\exslt\date\functions\format-date\index.html --> ftp.exslt.org /www.exslt.org/public_html/date/functions/format-date index.html
102.11.19 13:21 B C:\jakarta-tomcat-3.2.4\webapps\cocoon\exslt\date\functions\format-date\refresh.bat --> ftp.exslt.org /www.exslt.org/public_html/date/functions/format-date refresh.bat
102.11.19 13:21 B C:\jakarta-tomcat-3.2.4\webapps\cocoon\exslt\date\functions\format-date\update.bat --> ftp.exslt.org /www.exslt.org/public_html/date/functions/format-date update.bat
102.12.02 12:21 B C:\jakarta-tomcat-3.2.4\webapps\cocoon\exslt\public_html\date\functions\format-date\WS_FTP.LOG <-- ftp.exslt.org /www.exslt.org/public_html/date/functions/format-date WS_FTP.LOG
102.12.03 11:09 B C:\jakarta-tomcat-3.2.4\webapps\cocoon\exslt\date\functions\format-date\base.css --> ftp.exslt.org /www.exslt.org/public_html/date/functions/format-date base.css
102.12.03 11:09 B C:\jakarta-tomcat-3.2.4\webapps\cocoon\exslt\date\functions\format-date\date.fo --> ftp.exslt.org /www.exslt.org/public_html/date/functions/format-date date.fo
102.12.03 11:09 B C:\jakarta-tomcat-3.2.4\webapps\cocoon\exslt\date\functions\format-date\date.format-date.1.html --> ftp.exslt.org /www.exslt.org/public_html/date/functions/format-date date.format-date.1.html
102.12.03 11:09 B C:\jakarta-tomcat-3.2.4\webapps\cocoon\exslt\date\functions\format-date\date.format-date.1.xml --> ftp.exslt.org /www.exslt.org/public_html/date/functions/format-date date.format-date.1.xml
102.12.03 11:09 B C:\jakarta-tomcat-3.2.4\webapps\cocoon\exslt\date\functions\format-date\date.format-date.2.html --> ftp.exslt.org /www.exslt.org/public_html/date/functions/format-date date.format-date.2.html
102.12.03 11:09 B C:\jakarta-tomcat-3.2.4\webapps\cocoon\exslt\date\functions\format-date\date.format-date.function.xsl --> ftp.exslt.org /www.exslt.org/public_html/date/functions/format-date date.format-date.function.xsl
102.12.03 11:09 B C:\jakarta-tomcat-3.2.4\webapps\cocoon\exslt\date\functions\format-date\date.format-date.function.xsl.html --> ftp.exslt.org /www.exslt.org/public_html/date/functions/format-date date.format-date.function.xsl.html
102.12.03 11:09 B C:\jakarta-tomcat-3.2.4\webapps\cocoon\exslt\date\functions\format-date\date.format-date.html --> ftp.exslt.org /www.exslt.org/public_html/date/functions/format-date date.format-date.html
102.12.03 11:09 B C:\jakarta-tomcat-3.2.4\webapps\cocoon\exslt\date\functions\format-date\date.format-date.package.txt --> ftp.exslt.org /www.exslt.org/public_html/date/functions/format-date date.format-date.package.txt
102.12.03 11:09 B C:\jakarta-tomcat-3.2.4\webapps\cocoon\exslt\date\functions\format-date\date.format-date.template.xsl --> ftp.exslt.org /www.exslt.org/public_html/date/functions/format-date date.format-date.template.xsl
102.12.03 11:09 B C:\jakarta-tomcat-3.2.4\webapps\cocoon\exslt\date\functions\format-date\date.format-date.template.xsl.html --> ftp.exslt.org /www.exslt.org/public_html/date/functions/format-date date.format-date.template.xsl.html
102.12.03 11:09 B C:\jakarta-tomcat-3.2.4\webapps\cocoon\exslt\date\functions\format-date\date.format-date.use-cases.txt --> ftp.exslt.org /www.exslt.org/public_html/date/functions/format-date date.format-date.use-cases.txt
102.12.03 11:09 B C:\jakarta-tomcat-3.2.4\webapps\cocoon\exslt\date\functions\format-date\date.format-date.use-cases.zip --> ftp.exslt.org /www.exslt.org/public_html/date/functions/format-date date.format-date.use-cases.zip
102.12.03 11:09 B C:\jakarta-tomcat-3.2.4\webapps\cocoon\exslt\date\functions\format-date\date.format-date.xml --> ftp.exslt.org /www.exslt.org/public_html/date/functions/format-date date.format-date.xml
102.12.03 11:09 B C:\jakarta-tomcat-3.2.4\webapps\cocoon\exslt\date\functions\format-date\date.format-date.xsl --> ftp.exslt.org /www.exslt.org/public_html/date/functions/format-date date.format-date.xsl
102.12.03 11:09 B C:\jakarta-tomcat-3.2.4\webapps\cocoon\exslt\date\functions\format-date\date.format-date.zip --> ftp.exslt.org /www.exslt.org/public_html/date/functions/format-date date.format-date.zip
102.12.03 11:09 B C:\jakarta-tomcat-3.2.4\webapps\cocoon\exslt\date\functions\format-date\date.js --> ftp.exslt.org /www.exslt.org/public_html/date/functions/format-date date.js
102.12.03 11:09 B C:\jakarta-tomcat-3.2.4\webapps\cocoon\exslt\date\functions\format-date\date.js.html --> ftp.exslt.org /www.exslt.org/public_html/date/functions/format-date date.js.html
102.12.03 11:09 B C:\jakarta-tomcat-3.2.4\webapps\cocoon\exslt\date\functions\format-date\date.msxsl.xsl --> ftp.exslt.org /www.exslt.org/public_html/date/functions/format-date date.msxsl.xsl
102.12.03 11:09 B C:\jakarta-tomcat-3.2.4\webapps\cocoon\exslt\date\functions\format-date\date.msxsl.xsl.html --> ftp.exslt.org /www.exslt.org/public_html/date/functions/format-date date.msxsl.xsl.html
102.12.03 11:09 B C:\jakarta-tomcat-3.2.4\webapps\cocoon\exslt\date\functions\format-date\date.out.xml --> ftp.exslt.org /www.exslt.org/public_html/date/functions/format-date date.out.xml
102.12.03 11:09 B C:\jakarta-tomcat-3.2.4\webapps\cocoon\exslt\date\functions\format-date\index.html --> ftp.exslt.org /www.exslt.org/public_html/date/functions/format-date index.html
102.12.03 11:10 B C:\jakarta-tomcat-3.2.4\webapps\cocoon\exslt\date\functions\format-date\out.html --> ftp.exslt.org /www.exslt.org/public_html/date/functions/format-date out.html
102.12.03 11:10 B C:\jakarta-tomcat-3.2.4\webapps\cocoon\exslt\date\functions\format-date\refresh.bat --> ftp.exslt.org /www.exslt.org/public_html/date/functions/format-date refresh.bat
102.12.03 11:10 B C:\jakarta-tomcat-3.2.4\webapps\cocoon\exslt\date\functions\format-date\str.padding.function.xsl --> ftp.exslt.org /www.exslt.org/public_html/date/functions/format-date str.padding.function.xsl
102.12.03 11:10 B C:\jakarta-tomcat-3.2.4\webapps\cocoon\exslt\date\functions\format-date\str.padding.template.xsl --> ftp.exslt.org /www.exslt.org/public_html/date/functions/format-date str.padding.template.xsl
102.12.03 11:10 B C:\jakarta-tomcat-3.2.4\webapps\cocoon\exslt\date\functions\format-date\update.bat --> ftp.exslt.org /www.exslt.org/public_html/date/functions/format-date update.bat
102.12.03 11:10 B C:\jakarta-tomcat-3.2.4\webapps\cocoon\exslt\date\functions\format-date\WS_FTP.LOG --> ftp.exslt.org /www.exslt.org/public_html/date/functions/format-date WS_FTP.LOG
102.12.11 11:01 B C:\jakarta-tomcat-3.2.4\webapps\cocoon\exslt\date\functions\format-date\base.css --> ftp.exslt.org /www.exslt.org/public_html/date/functions/format-date base.css
102.12.11 11:01 B C:\jakarta-tomcat-3.2.4\webapps\cocoon\exslt\date\functions\format-date\date.fo --> ftp.exslt.org /www.exslt.org/public_html/date/functions/format-date date.fo
102.12.11 11:01 B C:\jakarta-tomcat-3.2.4\webapps\cocoon\exslt\date\functions\format-date\date.format-date.1.html --> ftp.exslt.org /www.exslt.org/public_html/date/functions/format-date date.format-date.1.html
102.12.11 11:01 B C:\jakarta-tomcat-3.2.4\webapps\cocoon\exslt\date\functions\format-date\date.format-date.1.xml --> ftp.exslt.org /www.exslt.org/public_html/date/functions/format-date date.format-date.1.xml
102.12.11 11:01 B C:\jakarta-tomcat-3.2.4\webapps\cocoon\exslt\date\functions\format-date\date.format-date.2.html --> ftp.exslt.org /www.exslt.org/public_html/date/functions/format-date date.format-date.2.html
102.12.11 11:01 B C:\jakarta-tomcat-3.2.4\webapps\cocoon\exslt\date\functions\format-date\date.format-date.function.xsl --> ftp.exslt.org /www.exslt.org/public_html/date/functions/format-date date.format-date.function.xsl
102.12.11 11:01 B C:\jakarta-tomcat-3.2.4\webapps\cocoon\exslt\date\functions\format-date\date.format-date.function.xsl.html --> ftp.exslt.org /www.exslt.org/public_html/date/functions/format-date date.format-date.function.xsl.html
102.12.11 11:01 B C:\jakarta-tomcat-3.2.4\webapps\cocoon\exslt\date\functions\format-date\date.format-date.html --> ftp.exslt.org /www.exslt.org/public_html/date/functions/format-date date.format-date.html
102.12.11 11:01 B C:\jakarta-tomcat-3.2.4\webapps\cocoon\exslt\date\functions\format-date\date.format-date.package.txt --> ftp.exslt.org /www.exslt.org/public_html/date/functions/format-date date.format-date.package.txt
102.12.11 11:01 B C:\jakarta-tomcat-3.2.4\webapps\cocoon\exslt\date\functions\format-date\date.format-date.template.xsl --> ftp.exslt.org /www.exslt.org/public_html/date/functions/format-date date.format-date.template.xsl
102.12.11 11:01 B C:\jakarta-tomcat-3.2.4\webapps\cocoon\exslt\date\functions\format-date\date.format-date.template.xsl.html --> ftp.exslt.org /www.exslt.org/public_html/date/functions/format-date date.format-date.template.xsl.html
102.12.11 11:01 B C:\jakarta-tomcat-3.2.4\webapps\cocoon\exslt\date\functions\format-date\date.format-date.use-cases.txt --> ftp.exslt.org /www.exslt.org/public_html/date/functions/format-date date.format-date.use-cases.txt
102.12.11 11:01 B C:\jakarta-tomcat-3.2.4\webapps\cocoon\exslt\date\functions\format-date\date.format-date.use-cases.zip --> ftp.exslt.org /www.exslt.org/public_html/date/functions/format-date date.format-date.use-cases.zip
102.12.11 11:01 B C:\jakarta-tomcat-3.2.4\webapps\cocoon\exslt\date\functions\format-date\date.format-date.xml --> ftp.exslt.org /www.exslt.org/public_html/date/functions/format-date date.format-date.xml
102.12.11 11:01 B C:\jakarta-tomcat-3.2.4\webapps\cocoon\exslt\date\functions\format-date\date.format-date.xsl --> ftp.exslt.org /www.exslt.org/public_html/date/functions/format-date date.format-date.xsl
102.12.11 11:01 B C:\jakarta-tomcat-3.2.4\webapps\cocoon\exslt\date\functions\format-date\date.format-date.zip --> ftp.exslt.org /www.exslt.org/public_html/date/functions/format-date date.format-date.zip
102.12.11 11:01 B C:\jakarta-tomcat-3.2.4\webapps\cocoon\exslt\date\functions\format-date\date.js --> ftp.exslt.org /www.exslt.org/public_html/date/functions/format-date date.js
102.12.11 11:01 B C:\jakarta-tomcat-3.2.4\webapps\cocoon\exslt\date\functions\format-date\date.js.html --> ftp.exslt.org /www.exslt.org/public_html/date/functions/format-date date.js.html
102.12.11 11:01 B C:\jakarta-tomcat-3.2.4\webapps\cocoon\exslt\date\functions\format-date\date.msxsl.xsl --> ftp.exslt.org /www.exslt.org/public_html/date/functions/format-date date.msxsl.xsl
102.12.11 11:01 B C:\jakarta-tomcat-3.2.4\webapps\cocoon\exslt\date\functions\format-date\date.msxsl.xsl.html --> ftp.exslt.org /www.exslt.org/public_html/date/functions/format-date date.msxsl.xsl.html
102.12.11 11:01 B C:\jakarta-tomcat-3.2.4\webapps\cocoon\exslt\date\functions\format-date\date.out.xml --> ftp.exslt.org /www.exslt.org/public_html/date/functions/format-date date.out.xml
102.12.11 11:01 B C:\jakarta-tomcat-3.2.4\webapps\cocoon\exslt\date\functions\format-date\index.html --> ftp.exslt.org /www.exslt.org/public_html/date/functions/format-date index.html
102.12.11 11:01 B C:\jakarta-tomcat-3.2.4\webapps\cocoon\exslt\date\functions\format-date\out.html --> ftp.exslt.org /www.exslt.org/public_html/date/functions/format-date out.html
102.12.11 11:01 B C:\jakarta-tomcat-3.2.4\webapps\cocoon\exslt\date\functions\format-date\refresh.bat --> ftp.exslt.org /www.exslt.org/public_html/date/functions/format-date refresh.bat
102.12.11 11:01 B C:\jakarta-tomcat-3.2.4\webapps\cocoon\exslt\date\functions\format-date\str.padding.function.xsl --> ftp.exslt.org /www.exslt.org/public_html/date/functions/format-date str.padding.function.xsl
102.12.11 11:01 B C:\jakarta-tomcat-3.2.4\webapps\cocoon\exslt\date\functions\format-date\str.padding.template.xsl --> ftp.exslt.org /www.exslt.org/public_html/date/functions/format-date str.padding.template.xsl
102.12.11 11:01 B C:\jakarta-tomcat-3.2.4\webapps\cocoon\exslt\date\functions\format-date\update.bat --> ftp.exslt.org /www.exslt.org/public_html/date/functions/format-date update.bat
102.12.11 11:01 B C:\jakarta-tomcat-3.2.4\webapps\cocoon\exslt\date\functions\format-date\WS_FTP.LOG --> ftp.exslt.org /www.exslt.org/public_html/date/functions/format-date WS_FTP.LOG
102.12.11 11:03 B C:\jakarta-tomcat-3.2.4\webapps\cocoon\exslt\date\functions\format-date\base.css --> ftp.exslt.org /www.exslt.org/public_html/date/functions/format-date base.css
102.12.11 11:03 B C:\jakarta-tomcat-3.2.4\webapps\cocoon\exslt\date\functions\format-date\date.fo --> ftp.exslt.org /www.exslt.org/public_html/date/functions/format-date date.fo
102.12.11 11:03 B C:\jakarta-tomcat-3.2.4\webapps\cocoon\exslt\date\functions\format-date\date.format-date.1.html --> ftp.exslt.org /www.exslt.org/public_html/date/functions/format-date date.format-date.1.html
102.12.11 11:03 B C:\jakarta-tomcat-3.2.4\webapps\cocoon\exslt\date\functions\format-date\date.format-date.1.xml --> ftp.exslt.org /www.exslt.org/public_html/date/functions/format-date date.format-date.1.xml
102.12.11 11:03 B C:\jakarta-tomcat-3.2.4\webapps\cocoon\exslt\date\functions\format-date\date.format-date.2.html --> ftp.exslt.org /www.exslt.org/public_html/date/functions/format-date date.format-date.2.html
102.12.11 11:03 B C:\jakarta-tomcat-3.2.4\webapps\cocoon\exslt\date\functions\format-date\date.format-date.function.xsl --> ftp.exslt.org /www.exslt.org/public_html/date/functions/format-date date.format-date.function.xsl
102.12.11 11:03 B C:\jakarta-tomcat-3.2.4\webapps\cocoon\exslt\date\functions\format-date\date.format-date.function.xsl.html --> ftp.exslt.org /www.exslt.org/public_html/date/functions/format-date date.format-date.function.xsl.html
102.12.11 11:03 B C:\jakarta-tomcat-3.2.4\webapps\cocoon\exslt\date\functions\format-date\date.format-date.html --> ftp.exslt.org /www.exslt.org/public_html/date/functions/format-date date.format-date.html
102.12.11 11:03 B C:\jakarta-tomcat-3.2.4\webapps\cocoon\exslt\date\functions\format-date\date.format-date.package.txt --> ftp.exslt.org /www.exslt.org/public_html/date/functions/format-date date.format-date.package.txt
102.12.11 11:03 B C:\jakarta-tomcat-3.2.4\webapps\cocoon\exslt\date\functions\format-date\date.format-date.template.xsl --> ftp.exslt.org /www.exslt.org/public_html/date/functions/format-date date.format-date.template.xsl
102.12.11 11:03 B C:\jakarta-tomcat-3.2.4\webapps\cocoon\exslt\date\functions\format-date\date.format-date.template.xsl.html --> ftp.exslt.org /www.exslt.org/public_html/date/functions/format-date date.format-date.template.xsl.html
102.12.11 11:03 B C:\jakarta-tomcat-3.2.4\webapps\cocoon\exslt\date\functions\format-date\date.format-date.use-cases.txt --> ftp.exslt.org /www.exslt.org/public_html/date/functions/format-date date.format-date.use-cases.txt
102.12.11 11:03 B C:\jakarta-tomcat-3.2.4\webapps\cocoon\exslt\date\functions\format-date\date.format-date.use-cases.zip --> ftp.exslt.org /www.exslt.org/public_html/date/functions/format-date date.format-date.use-cases.zip
102.12.11 11:03 B C:\jakarta-tomcat-3.2.4\webapps\cocoon\exslt\date\functions\format-date\date.format-date.xml --> ftp.exslt.org /www.exslt.org/public_html/date/functions/format-date date.format-date.xml
102.12.11 11:03 B C:\jakarta-tomcat-3.2.4\webapps\cocoon\exslt\date\functions\format-date\date.format-date.xsl --> ftp.exslt.org /www.exslt.org/public_html/date/functions/format-date date.format-date.xsl
102.12.11 11:03 B C:\jakarta-tomcat-3.2.4\webapps\cocoon\exslt\date\functions\format-date\date.format-date.zip --> ftp.exslt.org /www.exslt.org/public_html/date/functions/format-date date.format-date.zip
102.12.11 11:03 B C:\jakarta-tomcat-3.2.4\webapps\cocoon\exslt\date\functions\format-date\date.js --> ftp.exslt.org /www.exslt.org/public_html/date/functions/format-date date.js
102.12.11 11:03 B C:\jakarta-tomcat-3.2.4\webapps\cocoon\exslt\date\functions\format-date\date.js.html --> ftp.exslt.org /www.exslt.org/public_html/date/functions/format-date date.js.html
102.12.11 11:03 B C:\jakarta-tomcat-3.2.4\webapps\cocoon\exslt\date\functions\format-date\date.msxsl.xsl --> ftp.exslt.org /www.exslt.org/public_html/date/functions/format-date date.msxsl.xsl
102.12.11 11:03 B C:\jakarta-tomcat-3.2.4\webapps\cocoon\exslt\date\functions\format-date\date.msxsl.xsl.html --> ftp.exslt.org /www.exslt.org/public_html/date/functions/format-date date.msxsl.xsl.html
102.12.11 11:03 B C:\jakarta-tomcat-3.2.4\webapps\cocoon\exslt\date\functions\format-date\date.out.xml --> ftp.exslt.org /www.exslt.org/public_html/date/functions/format-date date.out.xml
102.12.11 11:03 B C:\jakarta-tomcat-3.2.4\webapps\cocoon\exslt\date\functions\format-date\index.html --> ftp.exslt.org /www.exslt.org/public_html/date/functions/format-date index.html
102.12.11 11:03 B C:\jakarta-tomcat-3.2.4\webapps\cocoon\exslt\date\functions\format-date\out.html --> ftp.exslt.org /www.exslt.org/public_html/date/functions/format-date out.html
102.12.11 11:03 B C:\jakarta-tomcat-3.2.4\webapps\cocoon\exslt\date\functions\format-date\refresh.bat --> ftp.exslt.org /www.exslt.org/public_html/date/functions/format-date refresh.bat
102.12.11 11:03 B C:\jakarta-tomcat-3.2.4\webapps\cocoon\exslt\date\functions\format-date\str.padding.function.xsl --> ftp.exslt.org /www.exslt.org/public_html/date/functions/format-date str.padding.function.xsl
102.12.11 11:03 B C:\jakarta-tomcat-3.2.4\webapps\cocoon\exslt\date\functions\format-date\str.padding.template.xsl --> ftp.exslt.org /www.exslt.org/public_html/date/functions/format-date str.padding.template.xsl
102.12.11 11:03 B C:\jakarta-tomcat-3.2.4\webapps\cocoon\exslt\date\functions\format-date\update.bat --> ftp.exslt.org /www.exslt.org/public_html/date/functions/format-date update.bat
103.09.29 15:04 B C:\jakarta-tomcat-3.2.4\webapps\cocoon\exslt\date\functions\format-date\WS_FTP.LOG <-- ftp.exslt.org /www.exslt.org/public_html/date/functions/format-date WS_FTP.LOG
103.10.21 13:05 B C:\jakarta-tomcat-3.2.4\webapps\cocoon\exslt\date\functions\format-date\base.css --> marian.cs.nott.ac.uk /stud/pg/cds/exslt/date/functions/format-date base.css
103.10.21 13:05 B C:\jakarta-tomcat-3.2.4\webapps\cocoon\exslt\date\functions\format-date\date.fo --> marian.cs.nott.ac.uk /stud/pg/cds/exslt/date/functions/format-date date.fo
103.10.21 13:05 B C:\jakarta-tomcat-3.2.4\webapps\cocoon\exslt\date\functions\format-date\date.format-date.1.html --> marian.cs.nott.ac.uk /stud/pg/cds/exslt/date/functions/format-date date.format-date.1.html
103.10.21 13:05 B C:\jakarta-tomcat-3.2.4\webapps\cocoon\exslt\date\functions\format-date\date.format-date.1.xml --> marian.cs.nott.ac.uk /stud/pg/cds/exslt/date/functions/format-date date.format-date.1.xml
103.10.21 13:05 B C:\jakarta-tomcat-3.2.4\webapps\cocoon\exslt\date\functions\format-date\date.format-date.2.html --> marian.cs.nott.ac.uk /stud/pg/cds/exslt/date/functions/format-date date.format-date.2.html
103.10.21 13:05 B C:\jakarta-tomcat-3.2.4\webapps\cocoon\exslt\date\functions\format-date\date.format-date.function.xsl --> marian.cs.nott.ac.uk /stud/pg/cds/exslt/date/functions/format-date date.format-date.function.xsl
103.10.21 13:05 B C:\jakarta-tomcat-3.2.4\webapps\cocoon\exslt\date\functions\format-date\date.format-date.function.xsl.html --> marian.cs.nott.ac.uk /stud/pg/cds/exslt/date/functions/format-date date.format-date.function.xsl.html
103.10.21 13:05 B C:\jakarta-tomcat-3.2.4\webapps\cocoon\exslt\date\functions\format-date\date.format-date.html --> marian.cs.nott.ac.uk /stud/pg/cds/exslt/date/functions/format-date date.format-date.html
103.10.21 13:05 B C:\jakarta-tomcat-3.2.4\webapps\cocoon\exslt\date\functions\format-date\date.format-date.package.txt --> marian.cs.nott.ac.uk /stud/pg/cds/exslt/date/functions/format-date date.format-date.package.txt
103.10.21 13:05 B C:\jakarta-tomcat-3.2.4\webapps\cocoon\exslt\date\functions\format-date\date.format-date.template.xsl --> marian.cs.nott.ac.uk /stud/pg/cds/exslt/date/functions/format-date date.format-date.template.xsl
103.10.21 13:05 B C:\jakarta-tomcat-3.2.4\webapps\cocoon\exslt\date\functions\format-date\date.format-date.template.xsl.html --> marian.cs.nott.ac.uk /stud/pg/cds/exslt/date/functions/format-date date.format-date.template.xsl.html
103.10.21 13:05 B C:\jakarta-tomcat-3.2.4\webapps\cocoon\exslt\date\functions\format-date\date.format-date.use-cases.txt --> marian.cs.nott.ac.uk /stud/pg/cds/exslt/date/functions/format-date date.format-date.use-cases.txt
103.10.21 13:05 B C:\jakarta-tomcat-3.2.4\webapps\cocoon\exslt\date\functions\format-date\date.format-date.use-cases.zip --> marian.cs.nott.ac.uk /stud/pg/cds/exslt/date/functions/format-date date.format-date.use-cases.zip
103.10.21 13:05 B C:\jakarta-tomcat-3.2.4\webapps\cocoon\exslt\date\functions\format-date\date.format-date.xml --> marian.cs.nott.ac.uk /stud/pg/cds/exslt/date/functions/format-date date.format-date.xml
103.10.21 13:05 B C:\jakarta-tomcat-3.2.4\webapps\cocoon\exslt\date\functions\format-date\date.format-date.xsl --> marian.cs.nott.ac.uk /stud/pg/cds/exslt/date/functions/format-date date.format-date.xsl
103.10.21 13:05 B C:\jakarta-tomcat-3.2.4\webapps\cocoon\exslt\date\functions\format-date\date.format-date.zip --> marian.cs.nott.ac.uk /stud/pg/cds/exslt/date/functions/format-date date.format-date.zip
103.10.21 13:05 B C:\jakarta-tomcat-3.2.4\webapps\cocoon\exslt\date\functions\format-date\date.js --> marian.cs.nott.ac.uk /stud/pg/cds/exslt/date/functions/format-date date.js
103.10.21 13:05 B C:\jakarta-tomcat-3.2.4\webapps\cocoon\exslt\date\functions\format-date\date.js.html --> marian.cs.nott.ac.uk /stud/pg/cds/exslt/date/functions/format-date date.js.html
103.10.21 13:05 B C:\jakarta-tomcat-3.2.4\webapps\cocoon\exslt\date\functions\format-date\date.msxsl.xsl --> marian.cs.nott.ac.uk /stud/pg/cds/exslt/date/functions/format-date date.msxsl.xsl
103.10.21 13:05 B C:\jakarta-tomcat-3.2.4\webapps\cocoon\exslt\date\functions\format-date\date.msxsl.xsl.html --> marian.cs.nott.ac.uk /stud/pg/cds/exslt/date/functions/format-date date.msxsl.xsl.html
103.10.21 13:05 B C:\jakarta-tomcat-3.2.4\webapps\cocoon\exslt\date\functions\format-date\date.out.xml --> marian.cs.nott.ac.uk /stud/pg/cds/exslt/date/functions/format-date date.out.xml
103.10.21 13:05 B C:\jakarta-tomcat-3.2.4\webapps\cocoon\exslt\date\functions\format-date\index.html --> marian.cs.nott.ac.uk /stud/pg/cds/exslt/date/functions/format-date index.html
103.10.21 13:05 B C:\jakarta-tomcat-3.2.4\webapps\cocoon\exslt\date\functions\format-date\out.html --> marian.cs.nott.ac.uk /stud/pg/cds/exslt/date/functions/format-date out.html
103.10.21 13:05 B C:\jakarta-tomcat-3.2.4\webapps\cocoon\exslt\date\functions\format-date\refresh.bat --> marian.cs.nott.ac.uk /stud/pg/cds/exslt/date/functions/format-date refresh.bat
103.10.21 13:05 B C:\jakarta-tomcat-3.2.4\webapps\cocoon\exslt\date\functions\format-date\str.padding.function.xsl --> marian.cs.nott.ac.uk /stud/pg/cds/exslt/date/functions/format-date str.padding.function.xsl
103.10.21 13:05 B C:\jakarta-tomcat-3.2.4\webapps\cocoon\exslt\date\functions\format-date\str.padding.template.xsl --> marian.cs.nott.ac.uk /stud/pg/cds/exslt/date/functions/format-date str.padding.template.xsl
103.10.21 13:05 B C:\jakarta-tomcat-3.2.4\webapps\cocoon\exslt\date\functions\format-date\update.bat --> marian.cs.nott.ac.uk /stud/pg/cds/exslt/date/functions/format-date update.bat
103.10.21 13:05 B C:\jakarta-tomcat-3.2.4\webapps\cocoon\exslt\date\functions\format-date\WS_FTP.LOG --> marian.cs.nott.ac.uk /stud/pg/cds/exslt/date/functions/format-date WS_FTP.LOG
103.10.23 13:10 B C:\jakarta-tomcat-3.2.4\webapps\cocoon\exslt\date\functions\format-date\base.css --> ftp.exslt.org /www.exslt.org/public_html/date/functions/format-date base.css
103.10.23 13:10 B C:\jakarta-tomcat-3.2.4\webapps\cocoon\exslt\date\functions\format-date\date.fo --> ftp.exslt.org /www.exslt.org/public_html/date/functions/format-date date.fo
103.10.23 13:10 B C:\jakarta-tomcat-3.2.4\webapps\cocoon\exslt\date\functions\format-date\date.format-date.1.html --> ftp.exslt.org /www.exslt.org/public_html/date/functions/format-date date.format-date.1.html
103.10.23 13:11 B C:\jakarta-tomcat-3.2.4\webapps\cocoon\exslt\date\functions\format-date\date.format-date.1.xml --> ftp.exslt.org /www.exslt.org/public_html/date/functions/format-date date.format-date.1.xml
103.10.23 13:11 B C:\jakarta-tomcat-3.2.4\webapps\cocoon\exslt\date\functions\format-date\date.format-date.2.html --> ftp.exslt.org /www.exslt.org/public_html/date/functions/format-date date.format-date.2.html
103.10.23 13:11 B C:\jakarta-tomcat-3.2.4\webapps\cocoon\exslt\date\functions\format-date\date.format-date.function.xsl --> ftp.exslt.org /www.exslt.org/public_html/date/functions/format-date date.format-date.function.xsl
103.10.23 13:11 B C:\jakarta-tomcat-3.2.4\webapps\cocoon\exslt\date\functions\format-date\date.format-date.function.xsl.html --> ftp.exslt.org /www.exslt.org/public_html/date/functions/format-date date.format-date.function.xsl.html
103.10.23 13:11 B C:\jakarta-tomcat-3.2.4\webapps\cocoon\exslt\date\functions\format-date\date.format-date.html --> ftp.exslt.org /www.exslt.org/public_html/date/functions/format-date date.format-date.html
103.10.23 13:11 B C:\jakarta-tomcat-3.2.4\webapps\cocoon\exslt\date\functions\format-date\date.format-date.package.txt --> ftp.exslt.org /www.exslt.org/public_html/date/functions/format-date date.format-date.package.txt
103.10.23 13:11 B C:\jakarta-tomcat-3.2.4\webapps\cocoon\exslt\date\functions\format-date\date.format-date.template.xsl --> ftp.exslt.org /www.exslt.org/public_html/date/functions/format-date date.format-date.template.xsl
103.10.23 13:11 B C:\jakarta-tomcat-3.2.4\webapps\cocoon\exslt\date\functions\format-date\date.format-date.template.xsl.html --> ftp.exslt.org /www.exslt.org/public_html/date/functions/format-date date.format-date.template.xsl.html
103.10.23 13:11 B C:\jakarta-tomcat-3.2.4\webapps\cocoon\exslt\date\functions\format-date\date.format-date.use-cases.txt --> ftp.exslt.org /www.exslt.org/public_html/date/functions/format-date date.format-date.use-cases.txt
103.10.23 13:11 B C:\jakarta-tomcat-3.2.4\webapps\cocoon\exslt\date\functions\format-date\date.format-date.use-cases.zip --> ftp.exslt.org /www.exslt.org/public_html/date/functions/format-date date.format-date.use-cases.zip
103.10.23 13:11 B C:\jakarta-tomcat-3.2.4\webapps\cocoon\exslt\date\functions\format-date\date.format-date.xml --> ftp.exslt.org /www.exslt.org/public_html/date/functions/format-date date.format-date.xml
103.10.23 13:11 B C:\jakarta-tomcat-3.2.4\webapps\cocoon\exslt\date\functions\format-date\date.format-date.xsl --> ftp.exslt.org /www.exslt.org/public_html/date/functions/format-date date.format-date.xsl
103.10.23 13:11 B C:\jakarta-tomcat-3.2.4\webapps\cocoon\exslt\date\functions\format-date\date.format-date.zip --> ftp.exslt.org /www.exslt.org/public_html/date/functions/format-date date.format-date.zip
103.10.23 13:11 B C:\jakarta-tomcat-3.2.4\webapps\cocoon\exslt\date\functions\format-date\date.js --> ftp.exslt.org /www.exslt.org/public_html/date/functions/format-date date.js
103.10.23 13:11 B C:\jakarta-tomcat-3.2.4\webapps\cocoon\exslt\date\functions\format-date\date.js.html --> ftp.exslt.org /www.exslt.org/public_html/date/functions/format-date date.js.html
103.10.23 13:12 B C:\jakarta-tomcat-3.2.4\webapps\cocoon\exslt\date\functions\format-date\date.msxsl.xsl --> ftp.exslt.org /www.exslt.org/public_html/date/functions/format-date date.msxsl.xsl
103.10.23 13:12 B C:\jakarta-tomcat-3.2.4\webapps\cocoon\exslt\date\functions\format-date\date.msxsl.xsl.html --> ftp.exslt.org /www.exslt.org/public_html/date/functions/format-date date.msxsl.xsl.html
103.10.23 13:12 B C:\jakarta-tomcat-3.2.4\webapps\cocoon\exslt\date\functions\format-date\date.out.xml --> ftp.exslt.org /www.exslt.org/public_html/date/functions/format-date date.out.xml
103.10.23 13:12 B C:\jakarta-tomcat-3.2.4\webapps\cocoon\exslt\date\functions\format-date\index.html --> ftp.exslt.org /www.exslt.org/public_html/date/functions/format-date index.html
103.10.23 13:12 B C:\jakarta-tomcat-3.2.4\webapps\cocoon\exslt\date\functions\format-date\out.html --> ftp.exslt.org /www.exslt.org/public_html/date/functions/format-date out.html
103.10.23 13:12 B C:\jakarta-tomcat-3.2.4\webapps\cocoon\exslt\date\functions\format-date\refresh.bat --> ftp.exslt.org /www.exslt.org/public_html/date/functions/format-date refresh.bat
103.10.23 13:12 B C:\jakarta-tomcat-3.2.4\webapps\cocoon\exslt\date\functions\format-date\str.padding.function.xsl --> ftp.exslt.org /www.exslt.org/public_html/date/functions/format-date str.padding.function.xsl
103.10.23 13:12 B C:\jakarta-tomcat-3.2.4\webapps\cocoon\exslt\date\functions\format-date\str.padding.template.xsl --> ftp.exslt.org /www.exslt.org/public_html/date/functions/format-date str.padding.template.xsl
103.10.23 13:12 B C:\jakarta-tomcat-3.2.4\webapps\cocoon\exslt\date\functions\format-date\update.bat --> ftp.exslt.org /www.exslt.org/public_html/date/functions/format-date update.bat
