102.08.21 17:32 B C:\jakarta-tomcat-3.2.4\webapps\cocoon\exslt\math\functions\atan\base.css --> ftp.exslt.org /www.exslt.org/public_html/math/functions/atan base.css
102.08.21 17:32 B C:\jakarta-tomcat-3.2.4\webapps\cocoon\exslt\math\functions\atan\index.html --> ftp.exslt.org /www.exslt.org/public_html/math/functions/atan index.html
102.08.21 17:32 B C:\jakarta-tomcat-3.2.4\webapps\cocoon\exslt\math\functions\atan\math.atan.1.html --> ftp.exslt.org /www.exslt.org/public_html/math/functions/atan math.atan.1.html
102.08.21 17:32 B C:\jakarta-tomcat-3.2.4\webapps\cocoon\exslt\math\functions\atan\math.atan.html --> ftp.exslt.org /www.exslt.org/public_html/math/functions/atan math.atan.html
102.08.21 17:32 B C:\jakarta-tomcat-3.2.4\webapps\cocoon\exslt\math\functions\atan\math.atan.js --> ftp.exslt.org /www.exslt.org/public_html/math/functions/atan math.atan.js
102.08.21 17:32 B C:\jakarta-tomcat-3.2.4\webapps\cocoon\exslt\math\functions\atan\math.atan.js.html --> ftp.exslt.org /www.exslt.org/public_html/math/functions/atan math.atan.js.html
102.08.21 17:32 B C:\jakarta-tomcat-3.2.4\webapps\cocoon\exslt\math\functions\atan\math.atan.msxsl.xsl --> ftp.exslt.org /www.exslt.org/public_html/math/functions/atan math.atan.msxsl.xsl
102.08.21 17:32 B C:\jakarta-tomcat-3.2.4\webapps\cocoon\exslt\math\functions\atan\math.atan.msxsl.xsl.html --> ftp.exslt.org /www.exslt.org/public_html/math/functions/atan math.atan.msxsl.xsl.html
102.08.21 17:32 B C:\jakarta-tomcat-3.2.4\webapps\cocoon\exslt\math\functions\atan\math.atan.package.txt --> ftp.exslt.org /www.exslt.org/public_html/math/functions/atan math.atan.package.txt
102.08.21 17:32 B C:\jakarta-tomcat-3.2.4\webapps\cocoon\exslt\math\functions\atan\math.atan.use-cases.txt --> ftp.exslt.org /www.exslt.org/public_html/math/functions/atan math.atan.use-cases.txt
102.08.21 17:32 B C:\jakarta-tomcat-3.2.4\webapps\cocoon\exslt\math\functions\atan\math.atan.use-cases.zip --> ftp.exslt.org /www.exslt.org/public_html/math/functions/atan math.atan.use-cases.zip
102.08.21 17:32 B C:\jakarta-tomcat-3.2.4\webapps\cocoon\exslt\math\functions\atan\math.atan.xml --> ftp.exslt.org /www.exslt.org/public_html/math/functions/atan math.atan.xml
102.08.21 17:32 B C:\jakarta-tomcat-3.2.4\webapps\cocoon\exslt\math\functions\atan\math.atan.xsl --> ftp.exslt.org /www.exslt.org/public_html/math/functions/atan math.atan.xsl
102.08.21 17:32 B C:\jakarta-tomcat-3.2.4\webapps\cocoon\exslt\math\functions\atan\math.atan.zip --> ftp.exslt.org /www.exslt.org/public_html/math/functions/atan math.atan.zip
102.08.21 17:32 B C:\jakarta-tomcat-3.2.4\webapps\cocoon\exslt\math\functions\atan\refresh.bat --> ftp.exslt.org /www.exslt.org/public_html/math/functions/atan refresh.bat
102.08.21 17:32 B C:\jakarta-tomcat-3.2.4\webapps\cocoon\exslt\math\functions\atan\update.bat --> ftp.exslt.org /www.exslt.org/public_html/math/functions/atan update.bat
102.11.19 13:16 B C:\jakarta-tomcat-3.2.4\webapps\cocoon\exslt\math\functions\atan\base.css --> ftp.exslt.org /www.exslt.org/public_html/math/functions/atan base.css
102.11.19 13:16 B C:\jakarta-tomcat-3.2.4\webapps\cocoon\exslt\math\functions\atan\index.html --> ftp.exslt.org /www.exslt.org/public_html/math/functions/atan index.html
102.11.19 13:16 B C:\jakarta-tomcat-3.2.4\webapps\cocoon\exslt\math\functions\atan\math.atan.1.html --> ftp.exslt.org /www.exslt.org/public_html/math/functions/atan math.atan.1.html
102.11.19 13:16 B C:\jakarta-tomcat-3.2.4\webapps\cocoon\exslt\math\functions\atan\math.atan.html --> ftp.exslt.org /www.exslt.org/public_html/math/functions/atan math.atan.html
102.11.19 13:16 B C:\jakarta-tomcat-3.2.4\webapps\cocoon\exslt\math\functions\atan\math.atan.js --> ftp.exslt.org /www.exslt.org/public_html/math/functions/atan math.atan.js
102.11.19 13:16 B C:\jakarta-tomcat-3.2.4\webapps\cocoon\exslt\math\functions\atan\math.atan.js.html --> ftp.exslt.org /www.exslt.org/public_html/math/functions/atan math.atan.js.html
102.11.19 13:16 B C:\jakarta-tomcat-3.2.4\webapps\cocoon\exslt\math\functions\atan\math.atan.msxsl.xsl --> ftp.exslt.org /www.exslt.org/public_html/math/functions/atan math.atan.msxsl.xsl
102.11.19 13:16 B C:\jakarta-tomcat-3.2.4\webapps\cocoon\exslt\math\functions\atan\math.atan.msxsl.xsl.html --> ftp.exslt.org /www.exslt.org/public_html/math/functions/atan math.atan.msxsl.xsl.html
102.11.19 13:16 B C:\jakarta-tomcat-3.2.4\webapps\cocoon\exslt\math\functions\atan\math.atan.package.txt --> ftp.exslt.org /www.exslt.org/public_html/math/functions/atan math.atan.package.txt
102.11.19 13:16 B C:\jakarta-tomcat-3.2.4\webapps\cocoon\exslt\math\functions\atan\math.atan.use-cases.txt --> ftp.exslt.org /www.exslt.org/public_html/math/functions/atan math.atan.use-cases.txt
102.11.19 13:16 B C:\jakarta-tomcat-3.2.4\webapps\cocoon\exslt\math\functions\atan\math.atan.use-cases.zip --> ftp.exslt.org /www.exslt.org/public_html/math/functions/atan math.atan.use-cases.zip
102.11.19 13:16 B C:\jakarta-tomcat-3.2.4\webapps\cocoon\exslt\math\functions\atan\math.atan.xml --> ftp.exslt.org /www.exslt.org/public_html/math/functions/atan math.atan.xml
102.11.19 13:16 B C:\jakarta-tomcat-3.2.4\webapps\cocoon\exslt\math\functions\atan\math.atan.xsl --> ftp.exslt.org /www.exslt.org/public_html/math/functions/atan math.atan.xsl
102.11.19 13:16 B C:\jakarta-tomcat-3.2.4\webapps\cocoon\exslt\math\functions\atan\math.atan.zip --> ftp.exslt.org /www.exslt.org/public_html/math/functions/atan math.atan.zip
102.11.19 13:16 B C:\jakarta-tomcat-3.2.4\webapps\cocoon\exslt\math\functions\atan\refresh.bat --> ftp.exslt.org /www.exslt.org/public_html/math/functions/atan refresh.bat
102.11.19 13:16 B C:\jakarta-tomcat-3.2.4\webapps\cocoon\exslt\math\functions\atan\update.bat --> ftp.exslt.org /www.exslt.org/public_html/math/functions/atan update.bat
102.11.19 13:16 B C:\jakarta-tomcat-3.2.4\webapps\cocoon\exslt\math\functions\atan\WS_FTP.LOG --> ftp.exslt.org /www.exslt.org/public_html/math/functions/atan WS_FTP.LOG
102.11.19 13:22 B C:\jakarta-tomcat-3.2.4\webapps\cocoon\exslt\math\functions\atan\base.css --> ftp.exslt.org /www.exslt.org/public_html/math/functions/atan base.css
102.11.19 13:22 B C:\jakarta-tomcat-3.2.4\webapps\cocoon\exslt\math\functions\atan\index.html --> ftp.exslt.org /www.exslt.org/public_html/math/functions/atan index.html
102.11.19 13:22 B C:\jakarta-tomcat-3.2.4\webapps\cocoon\exslt\math\functions\atan\math.atan.1.html --> ftp.exslt.org /www.exslt.org/public_html/math/functions/atan math.atan.1.html
102.11.19 13:22 B C:\jakarta-tomcat-3.2.4\webapps\cocoon\exslt\math\functions\atan\math.atan.html --> ftp.exslt.org /www.exslt.org/public_html/math/functions/atan math.atan.html
102.11.19 13:22 B C:\jakarta-tomcat-3.2.4\webapps\cocoon\exslt\math\functions\atan\math.atan.js --> ftp.exslt.org /www.exslt.org/public_html/math/functions/atan math.atan.js
102.11.19 13:22 B C:\jakarta-tomcat-3.2.4\webapps\cocoon\exslt\math\functions\atan\math.atan.js.html --> ftp.exslt.org /www.exslt.org/public_html/math/functions/atan math.atan.js.html
102.11.19 13:22 B C:\jakarta-tomcat-3.2.4\webapps\cocoon\exslt\math\functions\atan\math.atan.msxsl.xsl --> ftp.exslt.org /www.exslt.org/public_html/math/functions/atan math.atan.msxsl.xsl
102.11.19 13:22 B C:\jakarta-tomcat-3.2.4\webapps\cocoon\exslt\math\functions\atan\math.atan.msxsl.xsl.html --> ftp.exslt.org /www.exslt.org/public_html/math/functions/atan math.atan.msxsl.xsl.html
102.11.19 13:22 B C:\jakarta-tomcat-3.2.4\webapps\cocoon\exslt\math\functions\atan\math.atan.package.txt --> ftp.exslt.org /www.exslt.org/public_html/math/functions/atan math.atan.package.txt
102.11.19 13:22 B C:\jakarta-tomcat-3.2.4\webapps\cocoon\exslt\math\functions\atan\math.atan.use-cases.txt --> ftp.exslt.org /www.exslt.org/public_html/math/functions/atan math.atan.use-cases.txt
102.11.19 13:22 B C:\jakarta-tomcat-3.2.4\webapps\cocoon\exslt\math\functions\atan\math.atan.use-cases.zip --> ftp.exslt.org /www.exslt.org/public_html/math/functions/atan math.atan.use-cases.zip
102.11.19 13:22 B C:\jakarta-tomcat-3.2.4\webapps\cocoon\exslt\math\functions\atan\math.atan.xml --> ftp.exslt.org /www.exslt.org/public_html/math/functions/atan math.atan.xml
102.11.19 13:22 B C:\jakarta-tomcat-3.2.4\webapps\cocoon\exslt\math\functions\atan\math.atan.xsl --> ftp.exslt.org /www.exslt.org/public_html/math/functions/atan math.atan.xsl
102.11.19 13:22 B C:\jakarta-tomcat-3.2.4\webapps\cocoon\exslt\math\functions\atan\math.atan.zip --> ftp.exslt.org /www.exslt.org/public_html/math/functions/atan math.atan.zip
102.11.19 13:22 B C:\jakarta-tomcat-3.2.4\webapps\cocoon\exslt\math\functions\atan\refresh.bat --> ftp.exslt.org /www.exslt.org/public_html/math/functions/atan refresh.bat
102.11.19 13:22 B C:\jakarta-tomcat-3.2.4\webapps\cocoon\exslt\math\functions\atan\update.bat --> ftp.exslt.org /www.exslt.org/public_html/math/functions/atan update.bat
102.11.19 13:22 B C:\jakarta-tomcat-3.2.4\webapps\cocoon\exslt\math\functions\atan\WS_FTP.LOG --> ftp.exslt.org /www.exslt.org/public_html/math/functions/atan WS_FTP.LOG
102.11.19 13:27 B C:\jakarta-tomcat-3.2.4\webapps\cocoon\exslt\math\functions\atan\base.css --> ftp.exslt.org /www.exslt.org/public_html/math/functions/atan base.css
102.11.19 13:27 B C:\jakarta-tomcat-3.2.4\webapps\cocoon\exslt\math\functions\atan\index.html --> ftp.exslt.org /www.exslt.org/public_html/math/functions/atan index.html
102.11.19 13:27 B C:\jakarta-tomcat-3.2.4\webapps\cocoon\exslt\math\functions\atan\math.atan.1.html --> ftp.exslt.org /www.exslt.org/public_html/math/functions/atan math.atan.1.html
102.11.19 13:27 B C:\jakarta-tomcat-3.2.4\webapps\cocoon\exslt\math\functions\atan\math.atan.html --> ftp.exslt.org /www.exslt.org/public_html/math/functions/atan math.atan.html
102.11.19 13:27 B C:\jakarta-tomcat-3.2.4\webapps\cocoon\exslt\math\functions\atan\math.atan.js --> ftp.exslt.org /www.exslt.org/public_html/math/functions/atan math.atan.js
102.11.19 13:27 B C:\jakarta-tomcat-3.2.4\webapps\cocoon\exslt\math\functions\atan\math.atan.js.html --> ftp.exslt.org /www.exslt.org/public_html/math/functions/atan math.atan.js.html
102.11.19 13:27 B C:\jakarta-tomcat-3.2.4\webapps\cocoon\exslt\math\functions\atan\math.atan.msxsl.xsl --> ftp.exslt.org /www.exslt.org/public_html/math/functions/atan math.atan.msxsl.xsl
102.11.19 13:27 B C:\jakarta-tomcat-3.2.4\webapps\cocoon\exslt\math\functions\atan\math.atan.msxsl.xsl.html --> ftp.exslt.org /www.exslt.org/public_html/math/functions/atan math.atan.msxsl.xsl.html
102.11.19 13:27 B C:\jakarta-tomcat-3.2.4\webapps\cocoon\exslt\math\functions\atan\math.atan.package.txt --> ftp.exslt.org /www.exslt.org/public_html/math/functions/atan math.atan.package.txt
102.11.19 13:27 B C:\jakarta-tomcat-3.2.4\webapps\cocoon\exslt\math\functions\atan\math.atan.use-cases.txt --> ftp.exslt.org /www.exslt.org/public_html/math/functions/atan math.atan.use-cases.txt
102.11.19 13:27 B C:\jakarta-tomcat-3.2.4\webapps\cocoon\exslt\math\functions\atan\math.atan.use-cases.zip --> ftp.exslt.org /www.exslt.org/public_html/math/functions/atan math.atan.use-cases.zip
102.11.19 13:27 B C:\jakarta-tomcat-3.2.4\webapps\cocoon\exslt\math\functions\atan\math.atan.xml --> ftp.exslt.org /www.exslt.org/public_html/math/functions/atan math.atan.xml
102.11.19 13:27 B C:\jakarta-tomcat-3.2.4\webapps\cocoon\exslt\math\functions\atan\math.atan.xsl --> ftp.exslt.org /www.exslt.org/public_html/math/functions/atan math.atan.xsl
102.11.19 13:27 B C:\jakarta-tomcat-3.2.4\webapps\cocoon\exslt\math\functions\atan\math.atan.zip --> ftp.exslt.org /www.exslt.org/public_html/math/functions/atan math.atan.zip
102.11.19 13:27 B C:\jakarta-tomcat-3.2.4\webapps\cocoon\exslt\math\functions\atan\refresh.bat --> ftp.exslt.org /www.exslt.org/public_html/math/functions/atan refresh.bat
102.11.19 13:27 B C:\jakarta-tomcat-3.2.4\webapps\cocoon\exslt\math\functions\atan\update.bat --> ftp.exslt.org /www.exslt.org/public_html/math/functions/atan update.bat
102.12.02 12:32 B C:\jakarta-tomcat-3.2.4\webapps\cocoon\exslt\public_html\math\functions\atan\WS_FTP.LOG <-- ftp.exslt.org /www.exslt.org/public_html/math/functions/atan WS_FTP.LOG
102.12.03 11:11 B C:\jakarta-tomcat-3.2.4\webapps\cocoon\exslt\math\functions\atan\base.css --> ftp.exslt.org /www.exslt.org/public_html/math/functions/atan base.css
102.12.03 11:11 B C:\jakarta-tomcat-3.2.4\webapps\cocoon\exslt\math\functions\atan\index.html --> ftp.exslt.org /www.exslt.org/public_html/math/functions/atan index.html
102.12.03 11:11 B C:\jakarta-tomcat-3.2.4\webapps\cocoon\exslt\math\functions\atan\math.atan.1.html --> ftp.exslt.org /www.exslt.org/public_html/math/functions/atan math.atan.1.html
102.12.03 11:11 B C:\jakarta-tomcat-3.2.4\webapps\cocoon\exslt\math\functions\atan\math.atan.1.xml --> ftp.exslt.org /www.exslt.org/public_html/math/functions/atan math.atan.1.xml
102.12.03 11:11 B C:\jakarta-tomcat-3.2.4\webapps\cocoon\exslt\math\functions\atan\math.atan.1.xsl --> ftp.exslt.org /www.exslt.org/public_html/math/functions/atan math.atan.1.xsl
102.12.03 11:11 B C:\jakarta-tomcat-3.2.4\webapps\cocoon\exslt\math\functions\atan\math.atan.html --> ftp.exslt.org /www.exslt.org/public_html/math/functions/atan math.atan.html
102.12.03 11:11 B C:\jakarta-tomcat-3.2.4\webapps\cocoon\exslt\math\functions\atan\math.atan.js --> ftp.exslt.org /www.exslt.org/public_html/math/functions/atan math.atan.js
102.12.03 11:11 B C:\jakarta-tomcat-3.2.4\webapps\cocoon\exslt\math\functions\atan\math.atan.js.html --> ftp.exslt.org /www.exslt.org/public_html/math/functions/atan math.atan.js.html
102.12.03 11:11 B C:\jakarta-tomcat-3.2.4\webapps\cocoon\exslt\math\functions\atan\math.atan.msxsl.xsl --> ftp.exslt.org /www.exslt.org/public_html/math/functions/atan math.atan.msxsl.xsl
102.12.03 11:11 B C:\jakarta-tomcat-3.2.4\webapps\cocoon\exslt\math\functions\atan\math.atan.msxsl.xsl.html --> ftp.exslt.org /www.exslt.org/public_html/math/functions/atan math.atan.msxsl.xsl.html
102.12.03 11:11 B C:\jakarta-tomcat-3.2.4\webapps\cocoon\exslt\math\functions\atan\math.atan.package.txt --> ftp.exslt.org /www.exslt.org/public_html/math/functions/atan math.atan.package.txt
102.12.03 11:11 B C:\jakarta-tomcat-3.2.4\webapps\cocoon\exslt\math\functions\atan\math.atan.use-cases.txt --> ftp.exslt.org /www.exslt.org/public_html/math/functions/atan math.atan.use-cases.txt
102.12.03 11:11 B C:\jakarta-tomcat-3.2.4\webapps\cocoon\exslt\math\functions\atan\math.atan.use-cases.zip --> ftp.exslt.org /www.exslt.org/public_html/math/functions/atan math.atan.use-cases.zip
102.12.03 11:11 B C:\jakarta-tomcat-3.2.4\webapps\cocoon\exslt\math\functions\atan\math.atan.xml --> ftp.exslt.org /www.exslt.org/public_html/math/functions/atan math.atan.xml
102.12.03 11:11 B C:\jakarta-tomcat-3.2.4\webapps\cocoon\exslt\math\functions\atan\math.atan.xsl --> ftp.exslt.org /www.exslt.org/public_html/math/functions/atan math.atan.xsl
102.12.03 11:11 B C:\jakarta-tomcat-3.2.4\webapps\cocoon\exslt\math\functions\atan\math.atan.zip --> ftp.exslt.org /www.exslt.org/public_html/math/functions/atan math.atan.zip
102.12.03 11:11 B C:\jakarta-tomcat-3.2.4\webapps\cocoon\exslt\math\functions\atan\refresh.bat --> ftp.exslt.org /www.exslt.org/public_html/math/functions/atan refresh.bat
102.12.03 11:11 B C:\jakarta-tomcat-3.2.4\webapps\cocoon\exslt\math\functions\atan\update.bat --> ftp.exslt.org /www.exslt.org/public_html/math/functions/atan update.bat
102.12.03 11:11 B C:\jakarta-tomcat-3.2.4\webapps\cocoon\exslt\math\functions\atan\WS_FTP.LOG --> ftp.exslt.org /www.exslt.org/public_html/math/functions/atan WS_FTP.LOG
102.12.11 11:05 B C:\jakarta-tomcat-3.2.4\webapps\cocoon\exslt\math\functions\atan\base.css --> ftp.exslt.org /www.exslt.org/public_html/math/functions/atan base.css
102.12.11 11:05 B C:\jakarta-tomcat-3.2.4\webapps\cocoon\exslt\math\functions\atan\index.html --> ftp.exslt.org /www.exslt.org/public_html/math/functions/atan index.html
102.12.11 11:05 B C:\jakarta-tomcat-3.2.4\webapps\cocoon\exslt\math\functions\atan\math.atan.1.html --> ftp.exslt.org /www.exslt.org/public_html/math/functions/atan math.atan.1.html
102.12.11 11:05 B C:\jakarta-tomcat-3.2.4\webapps\cocoon\exslt\math\functions\atan\math.atan.1.xml --> ftp.exslt.org /www.exslt.org/public_html/math/functions/atan math.atan.1.xml
102.12.11 11:05 B C:\jakarta-tomcat-3.2.4\webapps\cocoon\exslt\math\functions\atan\math.atan.1.xsl --> ftp.exslt.org /www.exslt.org/public_html/math/functions/atan math.atan.1.xsl
102.12.11 11:05 B C:\jakarta-tomcat-3.2.4\webapps\cocoon\exslt\math\functions\atan\math.atan.html --> ftp.exslt.org /www.exslt.org/public_html/math/functions/atan math.atan.html
102.12.11 11:05 B C:\jakarta-tomcat-3.2.4\webapps\cocoon\exslt\math\functions\atan\math.atan.js --> ftp.exslt.org /www.exslt.org/public_html/math/functions/atan math.atan.js
102.12.11 11:05 B C:\jakarta-tomcat-3.2.4\webapps\cocoon\exslt\math\functions\atan\math.atan.js.html --> ftp.exslt.org /www.exslt.org/public_html/math/functions/atan math.atan.js.html
102.12.11 11:05 B C:\jakarta-tomcat-3.2.4\webapps\cocoon\exslt\math\functions\atan\math.atan.msxsl.xsl --> ftp.exslt.org /www.exslt.org/public_html/math/functions/atan math.atan.msxsl.xsl
102.12.11 11:05 B C:\jakarta-tomcat-3.2.4\webapps\cocoon\exslt\math\functions\atan\math.atan.msxsl.xsl.html --> ftp.exslt.org /www.exslt.org/public_html/math/functions/atan math.atan.msxsl.xsl.html
102.12.11 11:05 B C:\jakarta-tomcat-3.2.4\webapps\cocoon\exslt\math\functions\atan\math.atan.package.txt --> ftp.exslt.org /www.exslt.org/public_html/math/functions/atan math.atan.package.txt
102.12.11 11:05 B C:\jakarta-tomcat-3.2.4\webapps\cocoon\exslt\math\functions\atan\math.atan.use-cases.txt --> ftp.exslt.org /www.exslt.org/public_html/math/functions/atan math.atan.use-cases.txt
102.12.11 11:05 B C:\jakarta-tomcat-3.2.4\webapps\cocoon\exslt\math\functions\atan\math.atan.use-cases.zip --> ftp.exslt.org /www.exslt.org/public_html/math/functions/atan math.atan.use-cases.zip
102.12.11 11:05 B C:\jakarta-tomcat-3.2.4\webapps\cocoon\exslt\math\functions\atan\math.atan.xml --> ftp.exslt.org /www.exslt.org/public_html/math/functions/atan math.atan.xml
102.12.11 11:05 B C:\jakarta-tomcat-3.2.4\webapps\cocoon\exslt\math\functions\atan\math.atan.xsl --> ftp.exslt.org /www.exslt.org/public_html/math/functions/atan math.atan.xsl
102.12.11 11:05 B C:\jakarta-tomcat-3.2.4\webapps\cocoon\exslt\math\functions\atan\math.atan.zip --> ftp.exslt.org /www.exslt.org/public_html/math/functions/atan math.atan.zip
102.12.11 11:05 B C:\jakarta-tomcat-3.2.4\webapps\cocoon\exslt\math\functions\atan\refresh.bat --> ftp.exslt.org /www.exslt.org/public_html/math/functions/atan refresh.bat
102.12.11 11:05 B C:\jakarta-tomcat-3.2.4\webapps\cocoon\exslt\math\functions\atan\update.bat --> ftp.exslt.org /www.exslt.org/public_html/math/functions/atan update.bat
103.03.03 16:49 B C:\jakarta-tomcat-3.2.4\webapps\cocoon\exslt\math\functions\atan\WS_FTP.LOG <-- ftp.exslt.org /www.exslt.org/public_html/math/functions/atan WS_FTP.LOG
103.03.03 17:12 B C:\jakarta-tomcat-3.2.4\webapps\cocoon\exslt\math\functions\atan\base.css --> ftp.exslt.org /www.exslt.org/public_html/math/functions/atan base.css
103.03.03 17:12 B C:\jakarta-tomcat-3.2.4\webapps\cocoon\exslt\math\functions\atan\index.html --> ftp.exslt.org /www.exslt.org/public_html/math/functions/atan index.html
103.03.03 17:12 B C:\jakarta-tomcat-3.2.4\webapps\cocoon\exslt\math\functions\atan\math.atan.1.html --> ftp.exslt.org /www.exslt.org/public_html/math/functions/atan math.atan.1.html
103.03.03 17:12 B C:\jakarta-tomcat-3.2.4\webapps\cocoon\exslt\math\functions\atan\math.atan.1.xml --> ftp.exslt.org /www.exslt.org/public_html/math/functions/atan math.atan.1.xml
103.03.03 17:12 B C:\jakarta-tomcat-3.2.4\webapps\cocoon\exslt\math\functions\atan\math.atan.1.xsl --> ftp.exslt.org /www.exslt.org/public_html/math/functions/atan math.atan.1.xsl
103.03.03 17:12 B C:\jakarta-tomcat-3.2.4\webapps\cocoon\exslt\math\functions\atan\math.atan.html --> ftp.exslt.org /www.exslt.org/public_html/math/functions/atan math.atan.html
103.03.03 17:12 B C:\jakarta-tomcat-3.2.4\webapps\cocoon\exslt\math\functions\atan\math.atan.js --> ftp.exslt.org /www.exslt.org/public_html/math/functions/atan math.atan.js
103.03.03 17:12 B C:\jakarta-tomcat-3.2.4\webapps\cocoon\exslt\math\functions\atan\math.atan.js.html --> ftp.exslt.org /www.exslt.org/public_html/math/functions/atan math.atan.js.html
103.03.03 17:12 B C:\jakarta-tomcat-3.2.4\webapps\cocoon\exslt\math\functions\atan\math.atan.msxsl.xsl --> ftp.exslt.org /www.exslt.org/public_html/math/functions/atan math.atan.msxsl.xsl
103.03.03 17:12 B C:\jakarta-tomcat-3.2.4\webapps\cocoon\exslt\math\functions\atan\math.atan.msxsl.xsl.html --> ftp.exslt.org /www.exslt.org/public_html/math/functions/atan math.atan.msxsl.xsl.html
103.03.03 17:12 B C:\jakarta-tomcat-3.2.4\webapps\cocoon\exslt\math\functions\atan\math.atan.package.txt --> ftp.exslt.org /www.exslt.org/public_html/math/functions/atan math.atan.package.txt
103.03.03 17:12 B C:\jakarta-tomcat-3.2.4\webapps\cocoon\exslt\math\functions\atan\math.atan.use-cases.txt --> ftp.exslt.org /www.exslt.org/public_html/math/functions/atan math.atan.use-cases.txt
103.03.03 17:12 B C:\jakarta-tomcat-3.2.4\webapps\cocoon\exslt\math\functions\atan\math.atan.use-cases.zip --> ftp.exslt.org /www.exslt.org/public_html/math/functions/atan math.atan.use-cases.zip
103.03.03 17:12 B C:\jakarta-tomcat-3.2.4\webapps\cocoon\exslt\math\functions\atan\math.atan.xml --> ftp.exslt.org /www.exslt.org/public_html/math/functions/atan math.atan.xml
103.03.03 17:12 B C:\jakarta-tomcat-3.2.4\webapps\cocoon\exslt\math\functions\atan\math.atan.xsl --> ftp.exslt.org /www.exslt.org/public_html/math/functions/atan math.atan.xsl
103.03.03 17:12 B C:\jakarta-tomcat-3.2.4\webapps\cocoon\exslt\math\functions\atan\math.atan.zip --> ftp.exslt.org /www.exslt.org/public_html/math/functions/atan math.atan.zip
103.03.03 17:12 B C:\jakarta-tomcat-3.2.4\webapps\cocoon\exslt\math\functions\atan\refresh.bat --> ftp.exslt.org /www.exslt.org/public_html/math/functions/atan refresh.bat
103.03.03 17:12 B C:\jakarta-tomcat-3.2.4\webapps\cocoon\exslt\math\functions\atan\update.bat --> ftp.exslt.org /www.exslt.org/public_html/math/functions/atan update.bat
103.09.29 15:40 B C:\jakarta-tomcat-3.2.4\webapps\cocoon\exslt\math\functions\atan\WS_FTP.LOG <-- ftp.exslt.org /www.exslt.org/public_html/math/functions/atan WS_FTP.LOG
103.10.21 13:08 B C:\jakarta-tomcat-3.2.4\webapps\cocoon\exslt\math\functions\atan\base.css --> marian.cs.nott.ac.uk /stud/pg/cds/exslt/math/functions/atan base.css
103.10.21 13:08 B C:\jakarta-tomcat-3.2.4\webapps\cocoon\exslt\math\functions\atan\index.html --> marian.cs.nott.ac.uk /stud/pg/cds/exslt/math/functions/atan index.html
103.10.21 13:08 B C:\jakarta-tomcat-3.2.4\webapps\cocoon\exslt\math\functions\atan\math.atan.1.html --> marian.cs.nott.ac.uk /stud/pg/cds/exslt/math/functions/atan math.atan.1.html
103.10.21 13:08 B C:\jakarta-tomcat-3.2.4\webapps\cocoon\exslt\math\functions\atan\math.atan.1.xml --> marian.cs.nott.ac.uk /stud/pg/cds/exslt/math/functions/atan math.atan.1.xml
103.10.21 13:08 B C:\jakarta-tomcat-3.2.4\webapps\cocoon\exslt\math\functions\atan\math.atan.1.xsl --> marian.cs.nott.ac.uk /stud/pg/cds/exslt/math/functions/atan math.atan.1.xsl
103.10.21 13:08 B C:\jakarta-tomcat-3.2.4\webapps\cocoon\exslt\math\functions\atan\math.atan.html --> marian.cs.nott.ac.uk /stud/pg/cds/exslt/math/functions/atan math.atan.html
103.10.21 13:08 B C:\jakarta-tomcat-3.2.4\webapps\cocoon\exslt\math\functions\atan\math.atan.js --> marian.cs.nott.ac.uk /stud/pg/cds/exslt/math/functions/atan math.atan.js
103.10.21 13:08 B C:\jakarta-tomcat-3.2.4\webapps\cocoon\exslt\math\functions\atan\math.atan.js.html --> marian.cs.nott.ac.uk /stud/pg/cds/exslt/math/functions/atan math.atan.js.html
103.10.21 13:08 B C:\jakarta-tomcat-3.2.4\webapps\cocoon\exslt\math\functions\atan\math.atan.msxsl.xsl --> marian.cs.nott.ac.uk /stud/pg/cds/exslt/math/functions/atan math.atan.msxsl.xsl
103.10.21 13:08 B C:\jakarta-tomcat-3.2.4\webapps\cocoon\exslt\math\functions\atan\math.atan.msxsl.xsl.html --> marian.cs.nott.ac.uk /stud/pg/cds/exslt/math/functions/atan math.atan.msxsl.xsl.html
103.10.21 13:08 B C:\jakarta-tomcat-3.2.4\webapps\cocoon\exslt\math\functions\atan\math.atan.package.txt --> marian.cs.nott.ac.uk /stud/pg/cds/exslt/math/functions/atan math.atan.package.txt
103.10.21 13:08 B C:\jakarta-tomcat-3.2.4\webapps\cocoon\exslt\math\functions\atan\math.atan.use-cases.txt --> marian.cs.nott.ac.uk /stud/pg/cds/exslt/math/functions/atan math.atan.use-cases.txt
103.10.21 13:08 B C:\jakarta-tomcat-3.2.4\webapps\cocoon\exslt\math\functions\atan\math.atan.use-cases.zip --> marian.cs.nott.ac.uk /stud/pg/cds/exslt/math/functions/atan math.atan.use-cases.zip
103.10.21 13:08 B C:\jakarta-tomcat-3.2.4\webapps\cocoon\exslt\math\functions\atan\math.atan.xml --> marian.cs.nott.ac.uk /stud/pg/cds/exslt/math/functions/atan math.atan.xml
103.10.21 13:08 B C:\jakarta-tomcat-3.2.4\webapps\cocoon\exslt\math\functions\atan\math.atan.xsl --> marian.cs.nott.ac.uk /stud/pg/cds/exslt/math/functions/atan math.atan.xsl
103.10.21 13:08 B C:\jakarta-tomcat-3.2.4\webapps\cocoon\exslt\math\functions\atan\math.atan.zip --> marian.cs.nott.ac.uk /stud/pg/cds/exslt/math/functions/atan math.atan.zip
103.10.21 13:08 B C:\jakarta-tomcat-3.2.4\webapps\cocoon\exslt\math\functions\atan\refresh.bat --> marian.cs.nott.ac.uk /stud/pg/cds/exslt/math/functions/atan refresh.bat
103.10.21 13:08 B C:\jakarta-tomcat-3.2.4\webapps\cocoon\exslt\math\functions\atan\update.bat --> marian.cs.nott.ac.uk /stud/pg/cds/exslt/math/functions/atan update.bat
103.10.21 13:08 B C:\jakarta-tomcat-3.2.4\webapps\cocoon\exslt\math\functions\atan\WS_FTP.LOG --> marian.cs.nott.ac.uk /stud/pg/cds/exslt/math/functions/atan WS_FTP.LOG
103.10.23 16:28 B C:\jakarta-tomcat-3.2.4\webapps\cocoon\exslt\math\functions\atan\base.css --> ftp.exslt.org /www.exslt.org/public_html/math/functions/atan base.css
103.10.23 16:28 B C:\jakarta-tomcat-3.2.4\webapps\cocoon\exslt\math\functions\atan\index.html --> ftp.exslt.org /www.exslt.org/public_html/math/functions/atan index.html
103.10.23 16:28 B C:\jakarta-tomcat-3.2.4\webapps\cocoon\exslt\math\functions\atan\math.atan.1.html --> ftp.exslt.org /www.exslt.org/public_html/math/functions/atan math.atan.1.html
103.10.23 16:28 B C:\jakarta-tomcat-3.2.4\webapps\cocoon\exslt\math\functions\atan\math.atan.1.xml --> ftp.exslt.org /www.exslt.org/public_html/math/functions/atan math.atan.1.xml
103.10.23 16:28 B C:\jakarta-tomcat-3.2.4\webapps\cocoon\exslt\math\functions\atan\math.atan.1.xsl --> ftp.exslt.org /www.exslt.org/public_html/math/functions/atan math.atan.1.xsl
103.10.23 16:28 B C:\jakarta-tomcat-3.2.4\webapps\cocoon\exslt\math\functions\atan\math.atan.html --> ftp.exslt.org /www.exslt.org/public_html/math/functions/atan math.atan.html
103.10.23 16:28 B C:\jakarta-tomcat-3.2.4\webapps\cocoon\exslt\math\functions\atan\math.atan.js --> ftp.exslt.org /www.exslt.org/public_html/math/functions/atan math.atan.js
103.10.23 16:28 B C:\jakarta-tomcat-3.2.4\webapps\cocoon\exslt\math\functions\atan\math.atan.js.html --> ftp.exslt.org /www.exslt.org/public_html/math/functions/atan math.atan.js.html
103.10.23 16:28 B C:\jakarta-tomcat-3.2.4\webapps\cocoon\exslt\math\functions\atan\math.atan.msxsl.xsl --> ftp.exslt.org /www.exslt.org/public_html/math/functions/atan math.atan.msxsl.xsl
103.10.23 16:28 B C:\jakarta-tomcat-3.2.4\webapps\cocoon\exslt\math\functions\atan\math.atan.msxsl.xsl.html --> ftp.exslt.org /www.exslt.org/public_html/math/functions/atan math.atan.msxsl.xsl.html
103.10.23 16:28 B C:\jakarta-tomcat-3.2.4\webapps\cocoon\exslt\math\functions\atan\math.atan.package.txt --> ftp.exslt.org /www.exslt.org/public_html/math/functions/atan math.atan.package.txt
103.10.23 16:28 B C:\jakarta-tomcat-3.2.4\webapps\cocoon\exslt\math\functions\atan\math.atan.use-cases.txt --> ftp.exslt.org /www.exslt.org/public_html/math/functions/atan math.atan.use-cases.txt
103.10.23 16:28 B C:\jakarta-tomcat-3.2.4\webapps\cocoon\exslt\math\functions\atan\math.atan.use-cases.zip --> ftp.exslt.org /www.exslt.org/public_html/math/functions/atan math.atan.use-cases.zip
103.10.23 16:28 B C:\jakarta-tomcat-3.2.4\webapps\cocoon\exslt\math\functions\atan\math.atan.xml --> ftp.exslt.org /www.exslt.org/public_html/math/functions/atan math.atan.xml
103.10.23 16:28 B C:\jakarta-tomcat-3.2.4\webapps\cocoon\exslt\math\functions\atan\math.atan.xsl --> ftp.exslt.org /www.exslt.org/public_html/math/functions/atan math.atan.xsl
103.10.23 16:28 B C:\jakarta-tomcat-3.2.4\webapps\cocoon\exslt\math\functions\atan\math.atan.zip --> ftp.exslt.org /www.exslt.org/public_html/math/functions/atan math.atan.zip
103.10.23 16:28 B C:\jakarta-tomcat-3.2.4\webapps\cocoon\exslt\math\functions\atan\refresh.bat --> ftp.exslt.org /www.exslt.org/public_html/math/functions/atan refresh.bat
103.10.23 16:28 B C:\jakarta-tomcat-3.2.4\webapps\cocoon\exslt\math\functions\atan\update.bat --> ftp.exslt.org /www.exslt.org/public_html/math/functions/atan update.bat
