102.12.02 12:34 B C:\jakarta-tomcat-3.2.4\webapps\cocoon\exslt\public_html\submissions\math\math\functions\atan\math.atan.1.xml <-- ftp.exslt.org /www.exslt.org/public_html/submissions/math/math/functions/atan math.atan.1.xml
102.12.02 12:34 B C:\jakarta-tomcat-3.2.4\webapps\cocoon\exslt\public_html\submissions\math\math\functions\atan\math.atan.1.xsl <-- ftp.exslt.org /www.exslt.org/public_html/submissions/math/math/functions/atan math.atan.1.xsl
102.12.02 12:34 B C:\jakarta-tomcat-3.2.4\webapps\cocoon\exslt\public_html\submissions\math\math\functions\atan\math.atan.javascript.submission.xml <-- ftp.exslt.org /www.exslt.org/public_html/submissions/math/math/functions/atan math.atan.javascript.submission.xml
102.12.02 12:34 B C:\jakarta-tomcat-3.2.4\webapps\cocoon\exslt\public_html\submissions\math\math\functions\atan\math.atan.js <-- ftp.exslt.org /www.exslt.org/public_html/submissions/math/math/functions/atan math.atan.js
102.12.02 12:34 B C:\jakarta-tomcat-3.2.4\webapps\cocoon\exslt\public_html\submissions\math\math\functions\atan\math.atan.msxslt.submission.xml <-- ftp.exslt.org /www.exslt.org/public_html/submissions/math/math/functions/atan math.atan.msxslt.submission.xml
102.12.02 12:34 B C:\jakarta-tomcat-3.2.4\webapps\cocoon\exslt\public_html\submissions\math\math\functions\atan\math.atan.msxslt.xsl <-- ftp.exslt.org /www.exslt.org/public_html/submissions/math/math/functions/atan math.atan.msxslt.xsl
102.12.02 12:34 B C:\jakarta-tomcat-3.2.4\webapps\cocoon\exslt\public_html\submissions\math\math\functions\atan\math.atan.submission.xml <-- ftp.exslt.org /www.exslt.org/public_html/submissions/math/math/functions/atan math.atan.submission.xml
102.12.02 12:34 B C:\jakarta-tomcat-3.2.4\webapps\cocoon\exslt\public_html\submissions\math\math\functions\atan\math.atan.xsl <-- ftp.exslt.org /www.exslt.org/public_html/submissions/math/math/functions/atan math.atan.xsl
102.12.03 11:16 B C:\jakarta-tomcat-3.2.4\webapps\cocoon\exslt\submissions\math\math\functions\atan\math.atan.1.xml --> ftp.exslt.org /www.exslt.org/public_html/submissions/math/math/functions/atan math.atan.1.xml
102.12.03 11:16 B C:\jakarta-tomcat-3.2.4\webapps\cocoon\exslt\submissions\math\math\functions\atan\math.atan.1.xsl --> ftp.exslt.org /www.exslt.org/public_html/submissions/math/math/functions/atan math.atan.1.xsl
102.12.03 11:16 B C:\jakarta-tomcat-3.2.4\webapps\cocoon\exslt\submissions\math\math\functions\atan\math.atan.javascript.submission.xml --> ftp.exslt.org /www.exslt.org/public_html/submissions/math/math/functions/atan math.atan.javascript.submission.xml
102.12.03 11:16 B C:\jakarta-tomcat-3.2.4\webapps\cocoon\exslt\submissions\math\math\functions\atan\math.atan.js --> ftp.exslt.org /www.exslt.org/public_html/submissions/math/math/functions/atan math.atan.js
102.12.03 11:16 B C:\jakarta-tomcat-3.2.4\webapps\cocoon\exslt\submissions\math\math\functions\atan\math.atan.msxslt.submission.xml --> ftp.exslt.org /www.exslt.org/public_html/submissions/math/math/functions/atan math.atan.msxslt.submission.xml
102.12.03 11:16 B C:\jakarta-tomcat-3.2.4\webapps\cocoon\exslt\submissions\math\math\functions\atan\math.atan.msxslt.xsl --> ftp.exslt.org /www.exslt.org/public_html/submissions/math/math/functions/atan math.atan.msxslt.xsl
102.12.03 11:16 B C:\jakarta-tomcat-3.2.4\webapps\cocoon\exslt\submissions\math\math\functions\atan\math.atan.submission.xml --> ftp.exslt.org /www.exslt.org/public_html/submissions/math/math/functions/atan math.atan.submission.xml
102.12.03 11:16 B C:\jakarta-tomcat-3.2.4\webapps\cocoon\exslt\submissions\math\math\functions\atan\math.atan.xsl --> ftp.exslt.org /www.exslt.org/public_html/submissions/math/math/functions/atan math.atan.xsl
102.12.03 11:16 B C:\jakarta-tomcat-3.2.4\webapps\cocoon\exslt\submissions\math\math\functions\atan\WS_FTP.LOG --> ftp.exslt.org /www.exslt.org/public_html/submissions/math/math/functions/atan WS_FTP.LOG
102.12.11 11:13 B C:\jakarta-tomcat-3.2.4\webapps\cocoon\exslt\submissions\math\math\functions\atan\math.atan.1.xml --> ftp.exslt.org /www.exslt.org/public_html/submissions/math/math/functions/atan math.atan.1.xml
102.12.11 11:13 B C:\jakarta-tomcat-3.2.4\webapps\cocoon\exslt\submissions\math\math\functions\atan\math.atan.1.xsl --> ftp.exslt.org /www.exslt.org/public_html/submissions/math/math/functions/atan math.atan.1.xsl
102.12.11 11:13 B C:\jakarta-tomcat-3.2.4\webapps\cocoon\exslt\submissions\math\math\functions\atan\math.atan.javascript.submission.xml --> ftp.exslt.org /www.exslt.org/public_html/submissions/math/math/functions/atan math.atan.javascript.submission.xml
102.12.11 11:13 B C:\jakarta-tomcat-3.2.4\webapps\cocoon\exslt\submissions\math\math\functions\atan\math.atan.js --> ftp.exslt.org /www.exslt.org/public_html/submissions/math/math/functions/atan math.atan.js
102.12.11 11:13 B C:\jakarta-tomcat-3.2.4\webapps\cocoon\exslt\submissions\math\math\functions\atan\math.atan.msxslt.submission.xml --> ftp.exslt.org /www.exslt.org/public_html/submissions/math/math/functions/atan math.atan.msxslt.submission.xml
102.12.11 11:13 B C:\jakarta-tomcat-3.2.4\webapps\cocoon\exslt\submissions\math\math\functions\atan\math.atan.msxslt.xsl --> ftp.exslt.org /www.exslt.org/public_html/submissions/math/math/functions/atan math.atan.msxslt.xsl
102.12.11 11:13 B C:\jakarta-tomcat-3.2.4\webapps\cocoon\exslt\submissions\math\math\functions\atan\math.atan.submission.xml --> ftp.exslt.org /www.exslt.org/public_html/submissions/math/math/functions/atan math.atan.submission.xml
102.12.11 11:13 B C:\jakarta-tomcat-3.2.4\webapps\cocoon\exslt\submissions\math\math\functions\atan\math.atan.xsl --> ftp.exslt.org /www.exslt.org/public_html/submissions/math/math/functions/atan math.atan.xsl
