102.08.21 17:32 B C:\jakarta-tomcat-3.2.4\webapps\cocoon\exslt\math\functions\log\base.css --> ftp.exslt.org /www.exslt.org/public_html/math/functions/log base.css
102.08.21 17:32 B C:\jakarta-tomcat-3.2.4\webapps\cocoon\exslt\math\functions\log\index.html --> ftp.exslt.org /www.exslt.org/public_html/math/functions/log index.html
102.08.21 17:32 B C:\jakarta-tomcat-3.2.4\webapps\cocoon\exslt\math\functions\log\math.log.1.html --> ftp.exslt.org /www.exslt.org/public_html/math/functions/log math.log.1.html
102.08.21 17:32 B C:\jakarta-tomcat-3.2.4\webapps\cocoon\exslt\math\functions\log\math.log.html --> ftp.exslt.org /www.exslt.org/public_html/math/functions/log math.log.html
102.08.21 17:32 B C:\jakarta-tomcat-3.2.4\webapps\cocoon\exslt\math\functions\log\math.log.js --> ftp.exslt.org /www.exslt.org/public_html/math/functions/log math.log.js
102.08.21 17:32 B C:\jakarta-tomcat-3.2.4\webapps\cocoon\exslt\math\functions\log\math.log.js.html --> ftp.exslt.org /www.exslt.org/public_html/math/functions/log math.log.js.html
102.08.21 17:32 B C:\jakarta-tomcat-3.2.4\webapps\cocoon\exslt\math\functions\log\math.log.msxsl.xsl --> ftp.exslt.org /www.exslt.org/public_html/math/functions/log math.log.msxsl.xsl
102.08.21 17:32 B C:\jakarta-tomcat-3.2.4\webapps\cocoon\exslt\math\functions\log\math.log.msxsl.xsl.html --> ftp.exslt.org /www.exslt.org/public_html/math/functions/log math.log.msxsl.xsl.html
102.08.21 17:32 B C:\jakarta-tomcat-3.2.4\webapps\cocoon\exslt\math\functions\log\math.log.package.txt --> ftp.exslt.org /www.exslt.org/public_html/math/functions/log math.log.package.txt
102.08.21 17:32 B C:\jakarta-tomcat-3.2.4\webapps\cocoon\exslt\math\functions\log\math.log.use-cases.txt --> ftp.exslt.org /www.exslt.org/public_html/math/functions/log math.log.use-cases.txt
102.08.21 17:32 B C:\jakarta-tomcat-3.2.4\webapps\cocoon\exslt\math\functions\log\math.log.use-cases.zip --> ftp.exslt.org /www.exslt.org/public_html/math/functions/log math.log.use-cases.zip
102.08.21 17:32 B C:\jakarta-tomcat-3.2.4\webapps\cocoon\exslt\math\functions\log\math.log.xml --> ftp.exslt.org /www.exslt.org/public_html/math/functions/log math.log.xml
102.08.21 17:32 B C:\jakarta-tomcat-3.2.4\webapps\cocoon\exslt\math\functions\log\math.log.xsl --> ftp.exslt.org /www.exslt.org/public_html/math/functions/log math.log.xsl
102.08.21 17:32 B C:\jakarta-tomcat-3.2.4\webapps\cocoon\exslt\math\functions\log\math.log.zip --> ftp.exslt.org /www.exslt.org/public_html/math/functions/log math.log.zip
102.08.21 17:32 B C:\jakarta-tomcat-3.2.4\webapps\cocoon\exslt\math\functions\log\refresh.bat --> ftp.exslt.org /www.exslt.org/public_html/math/functions/log refresh.bat
102.08.21 17:32 B C:\jakarta-tomcat-3.2.4\webapps\cocoon\exslt\math\functions\log\update.bat --> ftp.exslt.org /www.exslt.org/public_html/math/functions/log update.bat
102.11.19 13:22 B C:\jakarta-tomcat-3.2.4\webapps\cocoon\exslt\math\functions\log\base.css --> ftp.exslt.org /www.exslt.org/public_html/math/functions/log base.css
102.11.19 13:22 B C:\jakarta-tomcat-3.2.4\webapps\cocoon\exslt\math\functions\log\index.html --> ftp.exslt.org /www.exslt.org/public_html/math/functions/log index.html
102.11.19 13:22 B C:\jakarta-tomcat-3.2.4\webapps\cocoon\exslt\math\functions\log\math.log.1.html --> ftp.exslt.org /www.exslt.org/public_html/math/functions/log math.log.1.html
102.11.19 13:22 B C:\jakarta-tomcat-3.2.4\webapps\cocoon\exslt\math\functions\log\math.log.html --> ftp.exslt.org /www.exslt.org/public_html/math/functions/log math.log.html
102.11.19 13:22 B C:\jakarta-tomcat-3.2.4\webapps\cocoon\exslt\math\functions\log\math.log.js --> ftp.exslt.org /www.exslt.org/public_html/math/functions/log math.log.js
102.11.19 13:22 B C:\jakarta-tomcat-3.2.4\webapps\cocoon\exslt\math\functions\log\math.log.js.html --> ftp.exslt.org /www.exslt.org/public_html/math/functions/log math.log.js.html
102.11.19 13:22 B C:\jakarta-tomcat-3.2.4\webapps\cocoon\exslt\math\functions\log\math.log.msxsl.xsl --> ftp.exslt.org /www.exslt.org/public_html/math/functions/log math.log.msxsl.xsl
102.11.19 13:22 B C:\jakarta-tomcat-3.2.4\webapps\cocoon\exslt\math\functions\log\math.log.msxsl.xsl.html --> ftp.exslt.org /www.exslt.org/public_html/math/functions/log math.log.msxsl.xsl.html
102.11.19 13:22 B C:\jakarta-tomcat-3.2.4\webapps\cocoon\exslt\math\functions\log\math.log.package.txt --> ftp.exslt.org /www.exslt.org/public_html/math/functions/log math.log.package.txt
102.11.19 13:22 B C:\jakarta-tomcat-3.2.4\webapps\cocoon\exslt\math\functions\log\math.log.use-cases.txt --> ftp.exslt.org /www.exslt.org/public_html/math/functions/log math.log.use-cases.txt
102.11.19 13:22 B C:\jakarta-tomcat-3.2.4\webapps\cocoon\exslt\math\functions\log\math.log.use-cases.zip --> ftp.exslt.org /www.exslt.org/public_html/math/functions/log math.log.use-cases.zip
102.11.19 13:22 B C:\jakarta-tomcat-3.2.4\webapps\cocoon\exslt\math\functions\log\math.log.xml --> ftp.exslt.org /www.exslt.org/public_html/math/functions/log math.log.xml
102.11.19 13:22 B C:\jakarta-tomcat-3.2.4\webapps\cocoon\exslt\math\functions\log\math.log.xsl --> ftp.exslt.org /www.exslt.org/public_html/math/functions/log math.log.xsl
102.11.19 13:22 B C:\jakarta-tomcat-3.2.4\webapps\cocoon\exslt\math\functions\log\math.log.zip --> ftp.exslt.org /www.exslt.org/public_html/math/functions/log math.log.zip
102.11.19 13:22 B C:\jakarta-tomcat-3.2.4\webapps\cocoon\exslt\math\functions\log\refresh.bat --> ftp.exslt.org /www.exslt.org/public_html/math/functions/log refresh.bat
102.11.19 13:22 B C:\jakarta-tomcat-3.2.4\webapps\cocoon\exslt\math\functions\log\update.bat --> ftp.exslt.org /www.exslt.org/public_html/math/functions/log update.bat
102.11.19 13:22 B C:\jakarta-tomcat-3.2.4\webapps\cocoon\exslt\math\functions\log\WS_FTP.LOG --> ftp.exslt.org /www.exslt.org/public_html/math/functions/log WS_FTP.LOG
102.11.19 13:27 B C:\jakarta-tomcat-3.2.4\webapps\cocoon\exslt\math\functions\log\base.css --> ftp.exslt.org /www.exslt.org/public_html/math/functions/log base.css
102.11.19 13:27 B C:\jakarta-tomcat-3.2.4\webapps\cocoon\exslt\math\functions\log\index.html --> ftp.exslt.org /www.exslt.org/public_html/math/functions/log index.html
102.11.19 13:27 B C:\jakarta-tomcat-3.2.4\webapps\cocoon\exslt\math\functions\log\math.log.1.html --> ftp.exslt.org /www.exslt.org/public_html/math/functions/log math.log.1.html
102.11.19 13:27 B C:\jakarta-tomcat-3.2.4\webapps\cocoon\exslt\math\functions\log\math.log.html --> ftp.exslt.org /www.exslt.org/public_html/math/functions/log math.log.html
102.11.19 13:27 B C:\jakarta-tomcat-3.2.4\webapps\cocoon\exslt\math\functions\log\math.log.js --> ftp.exslt.org /www.exslt.org/public_html/math/functions/log math.log.js
102.11.19 13:27 B C:\jakarta-tomcat-3.2.4\webapps\cocoon\exslt\math\functions\log\math.log.js.html --> ftp.exslt.org /www.exslt.org/public_html/math/functions/log math.log.js.html
102.11.19 13:27 B C:\jakarta-tomcat-3.2.4\webapps\cocoon\exslt\math\functions\log\math.log.msxsl.xsl --> ftp.exslt.org /www.exslt.org/public_html/math/functions/log math.log.msxsl.xsl
102.11.19 13:27 B C:\jakarta-tomcat-3.2.4\webapps\cocoon\exslt\math\functions\log\math.log.msxsl.xsl.html --> ftp.exslt.org /www.exslt.org/public_html/math/functions/log math.log.msxsl.xsl.html
102.11.19 13:27 B C:\jakarta-tomcat-3.2.4\webapps\cocoon\exslt\math\functions\log\math.log.package.txt --> ftp.exslt.org /www.exslt.org/public_html/math/functions/log math.log.package.txt
102.11.19 13:27 B C:\jakarta-tomcat-3.2.4\webapps\cocoon\exslt\math\functions\log\math.log.use-cases.txt --> ftp.exslt.org /www.exslt.org/public_html/math/functions/log math.log.use-cases.txt
102.11.19 13:27 B C:\jakarta-tomcat-3.2.4\webapps\cocoon\exslt\math\functions\log\math.log.use-cases.zip --> ftp.exslt.org /www.exslt.org/public_html/math/functions/log math.log.use-cases.zip
102.11.19 13:27 B C:\jakarta-tomcat-3.2.4\webapps\cocoon\exslt\math\functions\log\math.log.xml --> ftp.exslt.org /www.exslt.org/public_html/math/functions/log math.log.xml
102.11.19 13:27 B C:\jakarta-tomcat-3.2.4\webapps\cocoon\exslt\math\functions\log\math.log.xsl --> ftp.exslt.org /www.exslt.org/public_html/math/functions/log math.log.xsl
102.11.19 13:27 B C:\jakarta-tomcat-3.2.4\webapps\cocoon\exslt\math\functions\log\math.log.zip --> ftp.exslt.org /www.exslt.org/public_html/math/functions/log math.log.zip
102.11.19 13:27 B C:\jakarta-tomcat-3.2.4\webapps\cocoon\exslt\math\functions\log\refresh.bat --> ftp.exslt.org /www.exslt.org/public_html/math/functions/log refresh.bat
102.11.19 13:27 B C:\jakarta-tomcat-3.2.4\webapps\cocoon\exslt\math\functions\log\update.bat --> ftp.exslt.org /www.exslt.org/public_html/math/functions/log update.bat
102.12.02 12:32 B C:\jakarta-tomcat-3.2.4\webapps\cocoon\exslt\public_html\math\functions\log\WS_FTP.LOG <-- ftp.exslt.org /www.exslt.org/public_html/math/functions/log WS_FTP.LOG
102.12.03 11:11 B C:\jakarta-tomcat-3.2.4\webapps\cocoon\exslt\math\functions\log\base.css --> ftp.exslt.org /www.exslt.org/public_html/math/functions/log base.css
102.12.03 11:11 B C:\jakarta-tomcat-3.2.4\webapps\cocoon\exslt\math\functions\log\index.html --> ftp.exslt.org /www.exslt.org/public_html/math/functions/log index.html
102.12.03 11:11 B C:\jakarta-tomcat-3.2.4\webapps\cocoon\exslt\math\functions\log\math.log.1.html --> ftp.exslt.org /www.exslt.org/public_html/math/functions/log math.log.1.html
102.12.03 11:11 B C:\jakarta-tomcat-3.2.4\webapps\cocoon\exslt\math\functions\log\math.log.1.xml --> ftp.exslt.org /www.exslt.org/public_html/math/functions/log math.log.1.xml
102.12.03 11:11 B C:\jakarta-tomcat-3.2.4\webapps\cocoon\exslt\math\functions\log\math.log.1.xsl --> ftp.exslt.org /www.exslt.org/public_html/math/functions/log math.log.1.xsl
102.12.03 11:11 B C:\jakarta-tomcat-3.2.4\webapps\cocoon\exslt\math\functions\log\math.log.html --> ftp.exslt.org /www.exslt.org/public_html/math/functions/log math.log.html
102.12.03 11:11 B C:\jakarta-tomcat-3.2.4\webapps\cocoon\exslt\math\functions\log\math.log.js --> ftp.exslt.org /www.exslt.org/public_html/math/functions/log math.log.js
102.12.03 11:11 B C:\jakarta-tomcat-3.2.4\webapps\cocoon\exslt\math\functions\log\math.log.js.html --> ftp.exslt.org /www.exslt.org/public_html/math/functions/log math.log.js.html
102.12.03 11:11 B C:\jakarta-tomcat-3.2.4\webapps\cocoon\exslt\math\functions\log\math.log.msxsl.xsl --> ftp.exslt.org /www.exslt.org/public_html/math/functions/log math.log.msxsl.xsl
102.12.03 11:11 B C:\jakarta-tomcat-3.2.4\webapps\cocoon\exslt\math\functions\log\math.log.msxsl.xsl.html --> ftp.exslt.org /www.exslt.org/public_html/math/functions/log math.log.msxsl.xsl.html
102.12.03 11:11 B C:\jakarta-tomcat-3.2.4\webapps\cocoon\exslt\math\functions\log\math.log.package.txt --> ftp.exslt.org /www.exslt.org/public_html/math/functions/log math.log.package.txt
102.12.03 11:11 B C:\jakarta-tomcat-3.2.4\webapps\cocoon\exslt\math\functions\log\math.log.use-cases.txt --> ftp.exslt.org /www.exslt.org/public_html/math/functions/log math.log.use-cases.txt
102.12.03 11:11 B C:\jakarta-tomcat-3.2.4\webapps\cocoon\exslt\math\functions\log\math.log.use-cases.zip --> ftp.exslt.org /www.exslt.org/public_html/math/functions/log math.log.use-cases.zip
102.12.03 11:11 B C:\jakarta-tomcat-3.2.4\webapps\cocoon\exslt\math\functions\log\math.log.xml --> ftp.exslt.org /www.exslt.org/public_html/math/functions/log math.log.xml
102.12.03 11:11 B C:\jakarta-tomcat-3.2.4\webapps\cocoon\exslt\math\functions\log\math.log.xsl --> ftp.exslt.org /www.exslt.org/public_html/math/functions/log math.log.xsl
102.12.03 11:11 B C:\jakarta-tomcat-3.2.4\webapps\cocoon\exslt\math\functions\log\math.log.zip --> ftp.exslt.org /www.exslt.org/public_html/math/functions/log math.log.zip
102.12.03 11:11 B C:\jakarta-tomcat-3.2.4\webapps\cocoon\exslt\math\functions\log\refresh.bat --> ftp.exslt.org /www.exslt.org/public_html/math/functions/log refresh.bat
102.12.03 11:11 B C:\jakarta-tomcat-3.2.4\webapps\cocoon\exslt\math\functions\log\update.bat --> ftp.exslt.org /www.exslt.org/public_html/math/functions/log update.bat
102.12.03 11:11 B C:\jakarta-tomcat-3.2.4\webapps\cocoon\exslt\math\functions\log\WS_FTP.LOG --> ftp.exslt.org /www.exslt.org/public_html/math/functions/log WS_FTP.LOG
102.12.11 11:06 B C:\jakarta-tomcat-3.2.4\webapps\cocoon\exslt\math\functions\log\base.css --> ftp.exslt.org /www.exslt.org/public_html/math/functions/log base.css
102.12.11 11:06 B C:\jakarta-tomcat-3.2.4\webapps\cocoon\exslt\math\functions\log\index.html --> ftp.exslt.org /www.exslt.org/public_html/math/functions/log index.html
102.12.11 11:06 B C:\jakarta-tomcat-3.2.4\webapps\cocoon\exslt\math\functions\log\math.log.1.html --> ftp.exslt.org /www.exslt.org/public_html/math/functions/log math.log.1.html
102.12.11 11:06 B C:\jakarta-tomcat-3.2.4\webapps\cocoon\exslt\math\functions\log\math.log.1.xml --> ftp.exslt.org /www.exslt.org/public_html/math/functions/log math.log.1.xml
102.12.11 11:06 B C:\jakarta-tomcat-3.2.4\webapps\cocoon\exslt\math\functions\log\math.log.1.xsl --> ftp.exslt.org /www.exslt.org/public_html/math/functions/log math.log.1.xsl
102.12.11 11:06 B C:\jakarta-tomcat-3.2.4\webapps\cocoon\exslt\math\functions\log\math.log.html --> ftp.exslt.org /www.exslt.org/public_html/math/functions/log math.log.html
102.12.11 11:06 B C:\jakarta-tomcat-3.2.4\webapps\cocoon\exslt\math\functions\log\math.log.js --> ftp.exslt.org /www.exslt.org/public_html/math/functions/log math.log.js
102.12.11 11:06 B C:\jakarta-tomcat-3.2.4\webapps\cocoon\exslt\math\functions\log\math.log.js.html --> ftp.exslt.org /www.exslt.org/public_html/math/functions/log math.log.js.html
102.12.11 11:06 B C:\jakarta-tomcat-3.2.4\webapps\cocoon\exslt\math\functions\log\math.log.msxsl.xsl --> ftp.exslt.org /www.exslt.org/public_html/math/functions/log math.log.msxsl.xsl
102.12.11 11:06 B C:\jakarta-tomcat-3.2.4\webapps\cocoon\exslt\math\functions\log\math.log.msxsl.xsl.html --> ftp.exslt.org /www.exslt.org/public_html/math/functions/log math.log.msxsl.xsl.html
102.12.11 11:06 B C:\jakarta-tomcat-3.2.4\webapps\cocoon\exslt\math\functions\log\math.log.package.txt --> ftp.exslt.org /www.exslt.org/public_html/math/functions/log math.log.package.txt
102.12.11 11:06 B C:\jakarta-tomcat-3.2.4\webapps\cocoon\exslt\math\functions\log\math.log.use-cases.txt --> ftp.exslt.org /www.exslt.org/public_html/math/functions/log math.log.use-cases.txt
102.12.11 11:06 B C:\jakarta-tomcat-3.2.4\webapps\cocoon\exslt\math\functions\log\math.log.use-cases.zip --> ftp.exslt.org /www.exslt.org/public_html/math/functions/log math.log.use-cases.zip
102.12.11 11:06 B C:\jakarta-tomcat-3.2.4\webapps\cocoon\exslt\math\functions\log\math.log.xml --> ftp.exslt.org /www.exslt.org/public_html/math/functions/log math.log.xml
102.12.11 11:06 B C:\jakarta-tomcat-3.2.4\webapps\cocoon\exslt\math\functions\log\math.log.xsl --> ftp.exslt.org /www.exslt.org/public_html/math/functions/log math.log.xsl
102.12.11 11:06 B C:\jakarta-tomcat-3.2.4\webapps\cocoon\exslt\math\functions\log\math.log.zip --> ftp.exslt.org /www.exslt.org/public_html/math/functions/log math.log.zip
102.12.11 11:06 B C:\jakarta-tomcat-3.2.4\webapps\cocoon\exslt\math\functions\log\refresh.bat --> ftp.exslt.org /www.exslt.org/public_html/math/functions/log refresh.bat
102.12.11 11:06 B C:\jakarta-tomcat-3.2.4\webapps\cocoon\exslt\math\functions\log\update.bat --> ftp.exslt.org /www.exslt.org/public_html/math/functions/log update.bat
103.03.03 16:49 B C:\jakarta-tomcat-3.2.4\webapps\cocoon\exslt\math\functions\log\WS_FTP.LOG <-- ftp.exslt.org /www.exslt.org/public_html/math/functions/log WS_FTP.LOG
103.03.03 17:12 B C:\jakarta-tomcat-3.2.4\webapps\cocoon\exslt\math\functions\log\base.css --> ftp.exslt.org /www.exslt.org/public_html/math/functions/log base.css
103.03.03 17:12 B C:\jakarta-tomcat-3.2.4\webapps\cocoon\exslt\math\functions\log\index.html --> ftp.exslt.org /www.exslt.org/public_html/math/functions/log index.html
103.03.03 17:12 B C:\jakarta-tomcat-3.2.4\webapps\cocoon\exslt\math\functions\log\math.log.1.html --> ftp.exslt.org /www.exslt.org/public_html/math/functions/log math.log.1.html
103.03.03 17:12 B C:\jakarta-tomcat-3.2.4\webapps\cocoon\exslt\math\functions\log\math.log.1.xml --> ftp.exslt.org /www.exslt.org/public_html/math/functions/log math.log.1.xml
103.03.03 17:12 B C:\jakarta-tomcat-3.2.4\webapps\cocoon\exslt\math\functions\log\math.log.1.xsl --> ftp.exslt.org /www.exslt.org/public_html/math/functions/log math.log.1.xsl
103.03.03 17:12 B C:\jakarta-tomcat-3.2.4\webapps\cocoon\exslt\math\functions\log\math.log.html --> ftp.exslt.org /www.exslt.org/public_html/math/functions/log math.log.html
103.03.03 17:12 B C:\jakarta-tomcat-3.2.4\webapps\cocoon\exslt\math\functions\log\math.log.js --> ftp.exslt.org /www.exslt.org/public_html/math/functions/log math.log.js
103.03.03 17:12 B C:\jakarta-tomcat-3.2.4\webapps\cocoon\exslt\math\functions\log\math.log.js.html --> ftp.exslt.org /www.exslt.org/public_html/math/functions/log math.log.js.html
103.03.03 17:12 B C:\jakarta-tomcat-3.2.4\webapps\cocoon\exslt\math\functions\log\math.log.msxsl.xsl --> ftp.exslt.org /www.exslt.org/public_html/math/functions/log math.log.msxsl.xsl
103.03.03 17:12 B C:\jakarta-tomcat-3.2.4\webapps\cocoon\exslt\math\functions\log\math.log.msxsl.xsl.html --> ftp.exslt.org /www.exslt.org/public_html/math/functions/log math.log.msxsl.xsl.html
103.03.03 17:12 B C:\jakarta-tomcat-3.2.4\webapps\cocoon\exslt\math\functions\log\math.log.package.txt --> ftp.exslt.org /www.exslt.org/public_html/math/functions/log math.log.package.txt
103.03.03 17:12 B C:\jakarta-tomcat-3.2.4\webapps\cocoon\exslt\math\functions\log\math.log.use-cases.txt --> ftp.exslt.org /www.exslt.org/public_html/math/functions/log math.log.use-cases.txt
103.03.03 17:12 B C:\jakarta-tomcat-3.2.4\webapps\cocoon\exslt\math\functions\log\math.log.use-cases.zip --> ftp.exslt.org /www.exslt.org/public_html/math/functions/log math.log.use-cases.zip
103.03.03 17:12 B C:\jakarta-tomcat-3.2.4\webapps\cocoon\exslt\math\functions\log\math.log.xml --> ftp.exslt.org /www.exslt.org/public_html/math/functions/log math.log.xml
103.03.03 17:12 B C:\jakarta-tomcat-3.2.4\webapps\cocoon\exslt\math\functions\log\math.log.xsl --> ftp.exslt.org /www.exslt.org/public_html/math/functions/log math.log.xsl
103.03.03 17:12 B C:\jakarta-tomcat-3.2.4\webapps\cocoon\exslt\math\functions\log\math.log.zip --> ftp.exslt.org /www.exslt.org/public_html/math/functions/log math.log.zip
103.03.03 17:12 B C:\jakarta-tomcat-3.2.4\webapps\cocoon\exslt\math\functions\log\refresh.bat --> ftp.exslt.org /www.exslt.org/public_html/math/functions/log refresh.bat
103.03.03 17:12 B C:\jakarta-tomcat-3.2.4\webapps\cocoon\exslt\math\functions\log\update.bat --> ftp.exslt.org /www.exslt.org/public_html/math/functions/log update.bat
103.09.29 15:43 B C:\jakarta-tomcat-3.2.4\webapps\cocoon\exslt\math\functions\log\WS_FTP.LOG <-- ftp.exslt.org /www.exslt.org/public_html/math/functions/log WS_FTP.LOG
103.10.21 13:08 B C:\jakarta-tomcat-3.2.4\webapps\cocoon\exslt\math\functions\log\base.css --> marian.cs.nott.ac.uk /stud/pg/cds/exslt/math/functions/log base.css
103.10.21 13:08 B C:\jakarta-tomcat-3.2.4\webapps\cocoon\exslt\math\functions\log\index.html --> marian.cs.nott.ac.uk /stud/pg/cds/exslt/math/functions/log index.html
103.10.21 13:08 B C:\jakarta-tomcat-3.2.4\webapps\cocoon\exslt\math\functions\log\math.log.1.html --> marian.cs.nott.ac.uk /stud/pg/cds/exslt/math/functions/log math.log.1.html
103.10.21 13:08 B C:\jakarta-tomcat-3.2.4\webapps\cocoon\exslt\math\functions\log\math.log.1.xml --> marian.cs.nott.ac.uk /stud/pg/cds/exslt/math/functions/log math.log.1.xml
103.10.21 13:08 B C:\jakarta-tomcat-3.2.4\webapps\cocoon\exslt\math\functions\log\math.log.1.xsl --> marian.cs.nott.ac.uk /stud/pg/cds/exslt/math/functions/log math.log.1.xsl
103.10.21 13:08 B C:\jakarta-tomcat-3.2.4\webapps\cocoon\exslt\math\functions\log\math.log.html --> marian.cs.nott.ac.uk /stud/pg/cds/exslt/math/functions/log math.log.html
103.10.21 13:08 B C:\jakarta-tomcat-3.2.4\webapps\cocoon\exslt\math\functions\log\math.log.js --> marian.cs.nott.ac.uk /stud/pg/cds/exslt/math/functions/log math.log.js
103.10.21 13:08 B C:\jakarta-tomcat-3.2.4\webapps\cocoon\exslt\math\functions\log\math.log.js.html --> marian.cs.nott.ac.uk /stud/pg/cds/exslt/math/functions/log math.log.js.html
103.10.21 13:08 B C:\jakarta-tomcat-3.2.4\webapps\cocoon\exslt\math\functions\log\math.log.msxsl.xsl --> marian.cs.nott.ac.uk /stud/pg/cds/exslt/math/functions/log math.log.msxsl.xsl
103.10.21 13:08 B C:\jakarta-tomcat-3.2.4\webapps\cocoon\exslt\math\functions\log\math.log.msxsl.xsl.html --> marian.cs.nott.ac.uk /stud/pg/cds/exslt/math/functions/log math.log.msxsl.xsl.html
103.10.21 13:08 B C:\jakarta-tomcat-3.2.4\webapps\cocoon\exslt\math\functions\log\math.log.package.txt --> marian.cs.nott.ac.uk /stud/pg/cds/exslt/math/functions/log math.log.package.txt
103.10.21 13:08 B C:\jakarta-tomcat-3.2.4\webapps\cocoon\exslt\math\functions\log\math.log.use-cases.txt --> marian.cs.nott.ac.uk /stud/pg/cds/exslt/math/functions/log math.log.use-cases.txt
103.10.21 13:08 B C:\jakarta-tomcat-3.2.4\webapps\cocoon\exslt\math\functions\log\math.log.use-cases.zip --> marian.cs.nott.ac.uk /stud/pg/cds/exslt/math/functions/log math.log.use-cases.zip
103.10.21 13:08 B C:\jakarta-tomcat-3.2.4\webapps\cocoon\exslt\math\functions\log\math.log.xml --> marian.cs.nott.ac.uk /stud/pg/cds/exslt/math/functions/log math.log.xml
103.10.21 13:08 B C:\jakarta-tomcat-3.2.4\webapps\cocoon\exslt\math\functions\log\math.log.xsl --> marian.cs.nott.ac.uk /stud/pg/cds/exslt/math/functions/log math.log.xsl
103.10.21 13:08 B C:\jakarta-tomcat-3.2.4\webapps\cocoon\exslt\math\functions\log\math.log.zip --> marian.cs.nott.ac.uk /stud/pg/cds/exslt/math/functions/log math.log.zip
103.10.21 13:08 B C:\jakarta-tomcat-3.2.4\webapps\cocoon\exslt\math\functions\log\refresh.bat --> marian.cs.nott.ac.uk /stud/pg/cds/exslt/math/functions/log refresh.bat
103.10.21 13:08 B C:\jakarta-tomcat-3.2.4\webapps\cocoon\exslt\math\functions\log\update.bat --> marian.cs.nott.ac.uk /stud/pg/cds/exslt/math/functions/log update.bat
103.10.21 13:08 B C:\jakarta-tomcat-3.2.4\webapps\cocoon\exslt\math\functions\log\WS_FTP.LOG --> marian.cs.nott.ac.uk /stud/pg/cds/exslt/math/functions/log WS_FTP.LOG
103.10.23 16:37 B C:\jakarta-tomcat-3.2.4\webapps\cocoon\exslt\math\functions\log\base.css --> ftp.exslt.org /www.exslt.org/public_html/math/functions/log base.css
103.10.23 16:37 B C:\jakarta-tomcat-3.2.4\webapps\cocoon\exslt\math\functions\log\index.html --> ftp.exslt.org /www.exslt.org/public_html/math/functions/log index.html
103.10.23 16:37 B C:\jakarta-tomcat-3.2.4\webapps\cocoon\exslt\math\functions\log\math.log.1.html --> ftp.exslt.org /www.exslt.org/public_html/math/functions/log math.log.1.html
103.10.23 16:37 B C:\jakarta-tomcat-3.2.4\webapps\cocoon\exslt\math\functions\log\math.log.1.xml --> ftp.exslt.org /www.exslt.org/public_html/math/functions/log math.log.1.xml
103.10.23 16:37 B C:\jakarta-tomcat-3.2.4\webapps\cocoon\exslt\math\functions\log\math.log.1.xsl --> ftp.exslt.org /www.exslt.org/public_html/math/functions/log math.log.1.xsl
103.10.23 16:37 B C:\jakarta-tomcat-3.2.4\webapps\cocoon\exslt\math\functions\log\math.log.html --> ftp.exslt.org /www.exslt.org/public_html/math/functions/log math.log.html
103.10.23 16:37 B C:\jakarta-tomcat-3.2.4\webapps\cocoon\exslt\math\functions\log\math.log.js --> ftp.exslt.org /www.exslt.org/public_html/math/functions/log math.log.js
103.10.23 16:37 B C:\jakarta-tomcat-3.2.4\webapps\cocoon\exslt\math\functions\log\math.log.js.html --> ftp.exslt.org /www.exslt.org/public_html/math/functions/log math.log.js.html
103.10.23 16:38 B C:\jakarta-tomcat-3.2.4\webapps\cocoon\exslt\math\functions\log\math.log.msxsl.xsl --> ftp.exslt.org /www.exslt.org/public_html/math/functions/log math.log.msxsl.xsl
103.10.23 16:38 B C:\jakarta-tomcat-3.2.4\webapps\cocoon\exslt\math\functions\log\math.log.msxsl.xsl.html --> ftp.exslt.org /www.exslt.org/public_html/math/functions/log math.log.msxsl.xsl.html
103.10.23 16:38 B C:\jakarta-tomcat-3.2.4\webapps\cocoon\exslt\math\functions\log\math.log.package.txt --> ftp.exslt.org /www.exslt.org/public_html/math/functions/log math.log.package.txt
103.10.23 16:38 B C:\jakarta-tomcat-3.2.4\webapps\cocoon\exslt\math\functions\log\math.log.use-cases.txt --> ftp.exslt.org /www.exslt.org/public_html/math/functions/log math.log.use-cases.txt
103.10.23 16:38 B C:\jakarta-tomcat-3.2.4\webapps\cocoon\exslt\math\functions\log\math.log.use-cases.zip --> ftp.exslt.org /www.exslt.org/public_html/math/functions/log math.log.use-cases.zip
103.10.23 16:38 B C:\jakarta-tomcat-3.2.4\webapps\cocoon\exslt\math\functions\log\math.log.xml --> ftp.exslt.org /www.exslt.org/public_html/math/functions/log math.log.xml
103.10.23 16:38 B C:\jakarta-tomcat-3.2.4\webapps\cocoon\exslt\math\functions\log\math.log.xsl --> ftp.exslt.org /www.exslt.org/public_html/math/functions/log math.log.xsl
103.10.23 16:38 B C:\jakarta-tomcat-3.2.4\webapps\cocoon\exslt\math\functions\log\math.log.zip --> ftp.exslt.org /www.exslt.org/public_html/math/functions/log math.log.zip
103.10.23 16:38 B C:\jakarta-tomcat-3.2.4\webapps\cocoon\exslt\math\functions\log\refresh.bat --> ftp.exslt.org /www.exslt.org/public_html/math/functions/log refresh.bat
103.10.23 16:38 B C:\jakarta-tomcat-3.2.4\webapps\cocoon\exslt\math\functions\log\update.bat --> ftp.exslt.org /www.exslt.org/public_html/math/functions/log update.bat
