102.12.02 12:34 B C:\jakarta-tomcat-3.2.4\webapps\cocoon\exslt\public_html\submissions\math\math\functions\sqrt\math.sqrt.1.xml <-- ftp.exslt.org /www.exslt.org/public_html/submissions/math/math/functions/sqrt math.sqrt.1.xml
102.12.02 12:34 B C:\jakarta-tomcat-3.2.4\webapps\cocoon\exslt\public_html\submissions\math\math\functions\sqrt\math.sqrt.1.xsl <-- ftp.exslt.org /www.exslt.org/public_html/submissions/math/math/functions/sqrt math.sqrt.1.xsl
102.12.02 12:34 B C:\jakarta-tomcat-3.2.4\webapps\cocoon\exslt\public_html\submissions\math\math\functions\sqrt\math.sqrt.javascript.submission.xml <-- ftp.exslt.org /www.exslt.org/public_html/submissions/math/math/functions/sqrt math.sqrt.javascript.submission.xml
102.12.02 12:34 B C:\jakarta-tomcat-3.2.4\webapps\cocoon\exslt\public_html\submissions\math\math\functions\sqrt\math.sqrt.js <-- ftp.exslt.org /www.exslt.org/public_html/submissions/math/math/functions/sqrt math.sqrt.js
102.12.02 12:34 B C:\jakarta-tomcat-3.2.4\webapps\cocoon\exslt\public_html\submissions\math\math\functions\sqrt\math.sqrt.msxslt.submission.xml <-- ftp.exslt.org /www.exslt.org/public_html/submissions/math/math/functions/sqrt math.sqrt.msxslt.submission.xml
102.12.02 12:34 B C:\jakarta-tomcat-3.2.4\webapps\cocoon\exslt\public_html\submissions\math\math\functions\sqrt\math.sqrt.msxslt.xsl <-- ftp.exslt.org /www.exslt.org/public_html/submissions/math/math/functions/sqrt math.sqrt.msxslt.xsl
102.12.02 12:34 B C:\jakarta-tomcat-3.2.4\webapps\cocoon\exslt\public_html\submissions\math\math\functions\sqrt\math.sqrt.submission.xml <-- ftp.exslt.org /www.exslt.org/public_html/submissions/math/math/functions/sqrt math.sqrt.submission.xml
102.12.02 12:34 B C:\jakarta-tomcat-3.2.4\webapps\cocoon\exslt\public_html\submissions\math\math\functions\sqrt\math.sqrt.xsl <-- ftp.exslt.org /www.exslt.org/public_html/submissions/math/math/functions/sqrt math.sqrt.xsl
102.12.03 11:16 B C:\jakarta-tomcat-3.2.4\webapps\cocoon\exslt\submissions\math\math\functions\sqrt\math.sqrt.1.xml --> ftp.exslt.org /www.exslt.org/public_html/submissions/math/math/functions/sqrt math.sqrt.1.xml
102.12.03 11:16 B C:\jakarta-tomcat-3.2.4\webapps\cocoon\exslt\submissions\math\math\functions\sqrt\math.sqrt.1.xsl --> ftp.exslt.org /www.exslt.org/public_html/submissions/math/math/functions/sqrt math.sqrt.1.xsl
102.12.03 11:16 B C:\jakarta-tomcat-3.2.4\webapps\cocoon\exslt\submissions\math\math\functions\sqrt\math.sqrt.javascript.submission.xml --> ftp.exslt.org /www.exslt.org/public_html/submissions/math/math/functions/sqrt math.sqrt.javascript.submission.xml
102.12.03 11:16 B C:\jakarta-tomcat-3.2.4\webapps\cocoon\exslt\submissions\math\math\functions\sqrt\math.sqrt.js --> ftp.exslt.org /www.exslt.org/public_html/submissions/math/math/functions/sqrt math.sqrt.js
102.12.03 11:16 B C:\jakarta-tomcat-3.2.4\webapps\cocoon\exslt\submissions\math\math\functions\sqrt\math.sqrt.msxslt.submission.xml --> ftp.exslt.org /www.exslt.org/public_html/submissions/math/math/functions/sqrt math.sqrt.msxslt.submission.xml
102.12.03 11:16 B C:\jakarta-tomcat-3.2.4\webapps\cocoon\exslt\submissions\math\math\functions\sqrt\math.sqrt.msxslt.xsl --> ftp.exslt.org /www.exslt.org/public_html/submissions/math/math/functions/sqrt math.sqrt.msxslt.xsl
102.12.03 11:16 B C:\jakarta-tomcat-3.2.4\webapps\cocoon\exslt\submissions\math\math\functions\sqrt\math.sqrt.submission.xml --> ftp.exslt.org /www.exslt.org/public_html/submissions/math/math/functions/sqrt math.sqrt.submission.xml
102.12.03 11:16 B C:\jakarta-tomcat-3.2.4\webapps\cocoon\exslt\submissions\math\math\functions\sqrt\math.sqrt.xsl --> ftp.exslt.org /www.exslt.org/public_html/submissions/math/math/functions/sqrt math.sqrt.xsl
102.12.03 11:16 B C:\jakarta-tomcat-3.2.4\webapps\cocoon\exslt\submissions\math\math\functions\sqrt\WS_FTP.LOG --> ftp.exslt.org /www.exslt.org/public_html/submissions/math/math/functions/sqrt WS_FTP.LOG
102.12.11 11:14 B C:\jakarta-tomcat-3.2.4\webapps\cocoon\exslt\submissions\math\math\functions\sqrt\math.sqrt.1.xml --> ftp.exslt.org /www.exslt.org/public_html/submissions/math/math/functions/sqrt math.sqrt.1.xml
102.12.11 11:14 B C:\jakarta-tomcat-3.2.4\webapps\cocoon\exslt\submissions\math\math\functions\sqrt\math.sqrt.1.xsl --> ftp.exslt.org /www.exslt.org/public_html/submissions/math/math/functions/sqrt math.sqrt.1.xsl
102.12.11 11:14 B C:\jakarta-tomcat-3.2.4\webapps\cocoon\exslt\submissions\math\math\functions\sqrt\math.sqrt.javascript.submission.xml --> ftp.exslt.org /www.exslt.org/public_html/submissions/math/math/functions/sqrt math.sqrt.javascript.submission.xml
102.12.11 11:14 B C:\jakarta-tomcat-3.2.4\webapps\cocoon\exslt\submissions\math\math\functions\sqrt\math.sqrt.js --> ftp.exslt.org /www.exslt.org/public_html/submissions/math/math/functions/sqrt math.sqrt.js
102.12.11 11:14 B C:\jakarta-tomcat-3.2.4\webapps\cocoon\exslt\submissions\math\math\functions\sqrt\math.sqrt.msxslt.submission.xml --> ftp.exslt.org /www.exslt.org/public_html/submissions/math/math/functions/sqrt math.sqrt.msxslt.submission.xml
102.12.11 11:14 B C:\jakarta-tomcat-3.2.4\webapps\cocoon\exslt\submissions\math\math\functions\sqrt\math.sqrt.msxslt.xsl --> ftp.exslt.org /www.exslt.org/public_html/submissions/math/math/functions/sqrt math.sqrt.msxslt.xsl
102.12.11 11:14 B C:\jakarta-tomcat-3.2.4\webapps\cocoon\exslt\submissions\math\math\functions\sqrt\math.sqrt.submission.xml --> ftp.exslt.org /www.exslt.org/public_html/submissions/math/math/functions/sqrt math.sqrt.submission.xml
102.12.11 11:14 B C:\jakarta-tomcat-3.2.4\webapps\cocoon\exslt\submissions\math\math\functions\sqrt\math.sqrt.xsl --> ftp.exslt.org /www.exslt.org/public_html/submissions/math/math/functions/sqrt math.sqrt.xsl
