102.12.02 12:34 B C:\jakarta-tomcat-3.2.4\webapps\cocoon\exslt\public_html\submissions\math\math\functions\floor\math.floor.1.xml <-- ftp.exslt.org /www.exslt.org/public_html/submissions/math/math/functions/floor math.floor.1.xml
102.12.02 12:34 B C:\jakarta-tomcat-3.2.4\webapps\cocoon\exslt\public_html\submissions\math\math\functions\floor\math.floor.1.xsl <-- ftp.exslt.org /www.exslt.org/public_html/submissions/math/math/functions/floor math.floor.1.xsl
102.12.02 12:34 B C:\jakarta-tomcat-3.2.4\webapps\cocoon\exslt\public_html\submissions\math\math\functions\floor\math.floor.javascript.submission.xml <-- ftp.exslt.org /www.exslt.org/public_html/submissions/math/math/functions/floor math.floor.javascript.submission.xml
102.12.02 12:34 B C:\jakarta-tomcat-3.2.4\webapps\cocoon\exslt\public_html\submissions\math\math\functions\floor\math.floor.js <-- ftp.exslt.org /www.exslt.org/public_html/submissions/math/math/functions/floor math.floor.js
102.12.02 12:34 B C:\jakarta-tomcat-3.2.4\webapps\cocoon\exslt\public_html\submissions\math\math\functions\floor\math.floor.msxslt.submission.xml <-- ftp.exslt.org /www.exslt.org/public_html/submissions/math/math/functions/floor math.floor.msxslt.submission.xml
102.12.02 12:34 B C:\jakarta-tomcat-3.2.4\webapps\cocoon\exslt\public_html\submissions\math\math\functions\floor\math.floor.msxslt.xsl <-- ftp.exslt.org /www.exslt.org/public_html/submissions/math/math/functions/floor math.floor.msxslt.xsl
102.12.02 12:34 B C:\jakarta-tomcat-3.2.4\webapps\cocoon\exslt\public_html\submissions\math\math\functions\floor\math.floor.submission.xml <-- ftp.exslt.org /www.exslt.org/public_html/submissions/math/math/functions/floor math.floor.submission.xml
102.12.02 12:34 B C:\jakarta-tomcat-3.2.4\webapps\cocoon\exslt\public_html\submissions\math\math\functions\floor\math.floor.xsl <-- ftp.exslt.org /www.exslt.org/public_html/submissions/math/math/functions/floor math.floor.xsl
102.12.03 11:16 B C:\jakarta-tomcat-3.2.4\webapps\cocoon\exslt\submissions\math\math\functions\floor\math.floor.1.xml --> ftp.exslt.org /www.exslt.org/public_html/submissions/math/math/functions/floor math.floor.1.xml
102.12.03 11:16 B C:\jakarta-tomcat-3.2.4\webapps\cocoon\exslt\submissions\math\math\functions\floor\math.floor.1.xsl --> ftp.exslt.org /www.exslt.org/public_html/submissions/math/math/functions/floor math.floor.1.xsl
102.12.03 11:16 B C:\jakarta-tomcat-3.2.4\webapps\cocoon\exslt\submissions\math\math\functions\floor\math.floor.javascript.submission.xml --> ftp.exslt.org /www.exslt.org/public_html/submissions/math/math/functions/floor math.floor.javascript.submission.xml
102.12.03 11:16 B C:\jakarta-tomcat-3.2.4\webapps\cocoon\exslt\submissions\math\math\functions\floor\math.floor.js --> ftp.exslt.org /www.exslt.org/public_html/submissions/math/math/functions/floor math.floor.js
102.12.03 11:16 B C:\jakarta-tomcat-3.2.4\webapps\cocoon\exslt\submissions\math\math\functions\floor\math.floor.msxslt.submission.xml --> ftp.exslt.org /www.exslt.org/public_html/submissions/math/math/functions/floor math.floor.msxslt.submission.xml
102.12.03 11:16 B C:\jakarta-tomcat-3.2.4\webapps\cocoon\exslt\submissions\math\math\functions\floor\math.floor.msxslt.xsl --> ftp.exslt.org /www.exslt.org/public_html/submissions/math/math/functions/floor math.floor.msxslt.xsl
102.12.03 11:16 B C:\jakarta-tomcat-3.2.4\webapps\cocoon\exslt\submissions\math\math\functions\floor\math.floor.submission.xml --> ftp.exslt.org /www.exslt.org/public_html/submissions/math/math/functions/floor math.floor.submission.xml
102.12.03 11:16 B C:\jakarta-tomcat-3.2.4\webapps\cocoon\exslt\submissions\math\math\functions\floor\math.floor.xsl --> ftp.exslt.org /www.exslt.org/public_html/submissions/math/math/functions/floor math.floor.xsl
102.12.03 11:16 B C:\jakarta-tomcat-3.2.4\webapps\cocoon\exslt\submissions\math\math\functions\floor\WS_FTP.LOG --> ftp.exslt.org /www.exslt.org/public_html/submissions/math/math/functions/floor WS_FTP.LOG
102.12.11 11:14 B C:\jakarta-tomcat-3.2.4\webapps\cocoon\exslt\submissions\math\math\functions\floor\math.floor.1.xml --> ftp.exslt.org /www.exslt.org/public_html/submissions/math/math/functions/floor math.floor.1.xml
102.12.11 11:14 B C:\jakarta-tomcat-3.2.4\webapps\cocoon\exslt\submissions\math\math\functions\floor\math.floor.1.xsl --> ftp.exslt.org /www.exslt.org/public_html/submissions/math/math/functions/floor math.floor.1.xsl
102.12.11 11:14 B C:\jakarta-tomcat-3.2.4\webapps\cocoon\exslt\submissions\math\math\functions\floor\math.floor.javascript.submission.xml --> ftp.exslt.org /www.exslt.org/public_html/submissions/math/math/functions/floor math.floor.javascript.submission.xml
102.12.11 11:14 B C:\jakarta-tomcat-3.2.4\webapps\cocoon\exslt\submissions\math\math\functions\floor\math.floor.js --> ftp.exslt.org /www.exslt.org/public_html/submissions/math/math/functions/floor math.floor.js
102.12.11 11:14 B C:\jakarta-tomcat-3.2.4\webapps\cocoon\exslt\submissions\math\math\functions\floor\math.floor.msxslt.submission.xml --> ftp.exslt.org /www.exslt.org/public_html/submissions/math/math/functions/floor math.floor.msxslt.submission.xml
102.12.11 11:14 B C:\jakarta-tomcat-3.2.4\webapps\cocoon\exslt\submissions\math\math\functions\floor\math.floor.msxslt.xsl --> ftp.exslt.org /www.exslt.org/public_html/submissions/math/math/functions/floor math.floor.msxslt.xsl
102.12.11 11:14 B C:\jakarta-tomcat-3.2.4\webapps\cocoon\exslt\submissions\math\math\functions\floor\math.floor.submission.xml --> ftp.exslt.org /www.exslt.org/public_html/submissions/math/math/functions/floor math.floor.submission.xml
102.12.11 11:14 B C:\jakarta-tomcat-3.2.4\webapps\cocoon\exslt\submissions\math\math\functions\floor\math.floor.xsl --> ftp.exslt.org /www.exslt.org/public_html/submissions/math/math/functions/floor math.floor.xsl
