103.09.29 16:34 B C:\jakarta-tomcat-3.2.4\webapps\cocoon\exslt\str\base.css <-- ftp.exslt.org /www.exslt.org/public_html/str base.css
103.09.29 16:34 B C:\jakarta-tomcat-3.2.4\webapps\cocoon\exslt\str\index.html <-- ftp.exslt.org /www.exslt.org/public_html/str index.html
103.09.29 16:34 B C:\jakarta-tomcat-3.2.4\webapps\cocoon\exslt\str\refresh.bat <-- ftp.exslt.org /www.exslt.org/public_html/str refresh.bat
103.09.29 16:34 B C:\jakarta-tomcat-3.2.4\webapps\cocoon\exslt\str\str.1.html <-- ftp.exslt.org /www.exslt.org/public_html/str str.1.html
103.09.29 16:34 B C:\jakarta-tomcat-3.2.4\webapps\cocoon\exslt\str\str.html <-- ftp.exslt.org /www.exslt.org/public_html/str str.html
103.09.29 16:34 B C:\jakarta-tomcat-3.2.4\webapps\cocoon\exslt\str\str.out.xml <-- ftp.exslt.org /www.exslt.org/public_html/str str.out.xml
103.09.29 16:34 B C:\jakarta-tomcat-3.2.4\webapps\cocoon\exslt\str\str.package.txt <-- ftp.exslt.org /www.exslt.org/public_html/str str.package.txt
103.09.29 16:34 B C:\jakarta-tomcat-3.2.4\webapps\cocoon\exslt\str\str.xml <-- ftp.exslt.org /www.exslt.org/public_html/str str.xml
103.09.29 16:34 B C:\jakarta-tomcat-3.2.4\webapps\cocoon\exslt\str\str.xsl <-- ftp.exslt.org /www.exslt.org/public_html/str str.xsl
103.09.29 16:34 B C:\jakarta-tomcat-3.2.4\webapps\cocoon\exslt\str\str.zip <-- ftp.exslt.org /www.exslt.org/public_html/str str.zip
103.09.29 16:34 B C:\jakarta-tomcat-3.2.4\webapps\cocoon\exslt\str\testcase.xml <-- ftp.exslt.org /www.exslt.org/public_html/str testcase.xml
103.09.29 16:34 B C:\jakarta-tomcat-3.2.4\webapps\cocoon\exslt\str\testcase.xsl <-- ftp.exslt.org /www.exslt.org/public_html/str testcase.xsl
103.09.29 16:34 B C:\jakarta-tomcat-3.2.4\webapps\cocoon\exslt\str\update.bat <-- ftp.exslt.org /www.exslt.org/public_html/str update.bat
103.10.21 13:12 B C:\jakarta-tomcat-3.2.4\webapps\cocoon\exslt\str\base.css --> marian.cs.nott.ac.uk /stud/pg/cds/exslt/str base.css
103.10.21 13:12 B C:\jakarta-tomcat-3.2.4\webapps\cocoon\exslt\str\index.html --> marian.cs.nott.ac.uk /stud/pg/cds/exslt/str index.html
103.10.21 13:12 B C:\jakarta-tomcat-3.2.4\webapps\cocoon\exslt\str\refresh.bat --> marian.cs.nott.ac.uk /stud/pg/cds/exslt/str refresh.bat
103.10.21 13:12 B C:\jakarta-tomcat-3.2.4\webapps\cocoon\exslt\str\str.1.html --> marian.cs.nott.ac.uk /stud/pg/cds/exslt/str str.1.html
103.10.21 13:12 B C:\jakarta-tomcat-3.2.4\webapps\cocoon\exslt\str\str.html --> marian.cs.nott.ac.uk /stud/pg/cds/exslt/str str.html
103.10.21 13:12 B C:\jakarta-tomcat-3.2.4\webapps\cocoon\exslt\str\str.out.xml --> marian.cs.nott.ac.uk /stud/pg/cds/exslt/str str.out.xml
103.10.21 13:12 B C:\jakarta-tomcat-3.2.4\webapps\cocoon\exslt\str\str.package.txt --> marian.cs.nott.ac.uk /stud/pg/cds/exslt/str str.package.txt
103.10.21 13:12 B C:\jakarta-tomcat-3.2.4\webapps\cocoon\exslt\str\str.xml --> marian.cs.nott.ac.uk /stud/pg/cds/exslt/str str.xml
103.10.21 13:12 B C:\jakarta-tomcat-3.2.4\webapps\cocoon\exslt\str\str.xsl --> marian.cs.nott.ac.uk /stud/pg/cds/exslt/str str.xsl
103.10.21 13:12 B C:\jakarta-tomcat-3.2.4\webapps\cocoon\exslt\str\str.zip --> marian.cs.nott.ac.uk /stud/pg/cds/exslt/str str.zip
103.10.21 13:12 B C:\jakarta-tomcat-3.2.4\webapps\cocoon\exslt\str\testcase.xml --> marian.cs.nott.ac.uk /stud/pg/cds/exslt/str testcase.xml
103.10.21 13:12 B C:\jakarta-tomcat-3.2.4\webapps\cocoon\exslt\str\testcase.xsl --> marian.cs.nott.ac.uk /stud/pg/cds/exslt/str testcase.xsl
103.10.21 13:12 B C:\jakarta-tomcat-3.2.4\webapps\cocoon\exslt\str\update.bat --> marian.cs.nott.ac.uk /stud/pg/cds/exslt/str update.bat
103.10.21 13:12 B C:\jakarta-tomcat-3.2.4\webapps\cocoon\exslt\str\WS_FTP.LOG --> marian.cs.nott.ac.uk /stud/pg/cds/exslt/str WS_FTP.LOG
103.10.24 11:19 B C:\jakarta-tomcat-3.2.4\webapps\cocoon\exslt\str\base.css --> ftp.exslt.org /www.exslt.org/public_html/str base.css
103.10.24 11:24 B C:\jakarta-tomcat-3.2.4\webapps\cocoon\exslt\str\base.css --> ftp.exslt.org /www.exslt.org/public_html/str base.css
103.10.24 11:24 B C:\jakarta-tomcat-3.2.4\webapps\cocoon\exslt\str\index.html --> ftp.exslt.org /www.exslt.org/public_html/str index.html
103.10.24 11:24 B C:\jakarta-tomcat-3.2.4\webapps\cocoon\exslt\str\refresh.bat --> ftp.exslt.org /www.exslt.org/public_html/str refresh.bat
103.10.24 11:24 B C:\jakarta-tomcat-3.2.4\webapps\cocoon\exslt\str\str.1.html --> ftp.exslt.org /www.exslt.org/public_html/str str.1.html
103.10.24 11:24 B C:\jakarta-tomcat-3.2.4\webapps\cocoon\exslt\str\str.html --> ftp.exslt.org /www.exslt.org/public_html/str str.html
103.10.24 11:24 B C:\jakarta-tomcat-3.2.4\webapps\cocoon\exslt\str\str.out.xml --> ftp.exslt.org /www.exslt.org/public_html/str str.out.xml
103.10.24 11:24 B C:\jakarta-tomcat-3.2.4\webapps\cocoon\exslt\str\str.package.txt --> ftp.exslt.org /www.exslt.org/public_html/str str.package.txt
103.10.24 11:24 B C:\jakarta-tomcat-3.2.4\webapps\cocoon\exslt\str\str.xml --> ftp.exslt.org /www.exslt.org/public_html/str str.xml
103.10.24 11:24 B C:\jakarta-tomcat-3.2.4\webapps\cocoon\exslt\str\str.xsl --> ftp.exslt.org /www.exslt.org/public_html/str str.xsl
103.10.24 11:25 B C:\jakarta-tomcat-3.2.4\webapps\cocoon\exslt\str\str.zip --> ftp.exslt.org /www.exslt.org/public_html/str str.zip
103.10.24 11:28 B C:\jakarta-tomcat-3.2.4\webapps\cocoon\exslt\str\base.css --> ftp.exslt.org /www.exslt.org/public_html/str base.css
103.10.24 11:28 B C:\jakarta-tomcat-3.2.4\webapps\cocoon\exslt\str\index.html --> ftp.exslt.org /www.exslt.org/public_html/str index.html
103.10.24 11:28 B C:\jakarta-tomcat-3.2.4\webapps\cocoon\exslt\str\refresh.bat --> ftp.exslt.org /www.exslt.org/public_html/str refresh.bat
103.10.24 11:28 B C:\jakarta-tomcat-3.2.4\webapps\cocoon\exslt\str\str.1.html --> ftp.exslt.org /www.exslt.org/public_html/str str.1.html
103.10.24 11:28 B C:\jakarta-tomcat-3.2.4\webapps\cocoon\exslt\str\str.html --> ftp.exslt.org /www.exslt.org/public_html/str str.html
103.10.24 11:28 B C:\jakarta-tomcat-3.2.4\webapps\cocoon\exslt\str\str.out.xml --> ftp.exslt.org /www.exslt.org/public_html/str str.out.xml
103.10.24 11:28 B C:\jakarta-tomcat-3.2.4\webapps\cocoon\exslt\str\str.package.txt --> ftp.exslt.org /www.exslt.org/public_html/str str.package.txt
103.10.24 11:28 B C:\jakarta-tomcat-3.2.4\webapps\cocoon\exslt\str\str.xml --> ftp.exslt.org /www.exslt.org/public_html/str str.xml
103.10.24 11:28 B C:\jakarta-tomcat-3.2.4\webapps\cocoon\exslt\str\str.xsl --> ftp.exslt.org /www.exslt.org/public_html/str str.xsl
103.10.24 11:28 B C:\jakarta-tomcat-3.2.4\webapps\cocoon\exslt\str\str.zip --> ftp.exslt.org /www.exslt.org/public_html/str str.zip
103.10.24 11:28 B C:\jakarta-tomcat-3.2.4\webapps\cocoon\exslt\str\testcase.xml --> ftp.exslt.org /www.exslt.org/public_html/str testcase.xml
103.10.24 11:29 B C:\jakarta-tomcat-3.2.4\webapps\cocoon\exslt\str\testcase.xsl --> ftp.exslt.org /www.exslt.org/public_html/str testcase.xsl
103.10.24 11:29 B C:\jakarta-tomcat-3.2.4\webapps\cocoon\exslt\str\update.bat --> ftp.exslt.org /www.exslt.org/public_html/str update.bat
