102.08.21 17:33 B C:\jakarta-tomcat-3.2.4\webapps\cocoon\exslt\style\element.xsl --> ftp.exslt.org /www.exslt.org/public_html/style element.xsl
102.08.21 17:33 B C:\jakarta-tomcat-3.2.4\webapps\cocoon\exslt\style\extension.package.xsl --> ftp.exslt.org /www.exslt.org/public_html/style extension.package.xsl
102.08.21 17:33 B C:\jakarta-tomcat-3.2.4\webapps\cocoon\exslt\style\extension.use-cases.xsl --> ftp.exslt.org /www.exslt.org/public_html/style extension.use-cases.xsl
102.08.21 17:33 B C:\jakarta-tomcat-3.2.4\webapps\cocoon\exslt\style\extension.xsl --> ftp.exslt.org /www.exslt.org/public_html/style extension.xsl
102.08.21 17:33 B C:\jakarta-tomcat-3.2.4\webapps\cocoon\exslt\style\function.stylesheet.xsl --> ftp.exslt.org /www.exslt.org/public_html/style function.stylesheet.xsl
102.08.21 17:33 B C:\jakarta-tomcat-3.2.4\webapps\cocoon\exslt\style\function.xsl --> ftp.exslt.org /www.exslt.org/public_html/style function.xsl
102.08.21 17:33 B C:\jakarta-tomcat-3.2.4\webapps\cocoon\exslt\style\home.xsl --> ftp.exslt.org /www.exslt.org/public_html/style home.xsl
102.08.21 17:33 B C:\jakarta-tomcat-3.2.4\webapps\cocoon\exslt\style\module.package.xsl --> ftp.exslt.org /www.exslt.org/public_html/style module.package.xsl
102.08.21 17:33 B C:\jakarta-tomcat-3.2.4\webapps\cocoon\exslt\style\module.stylesheet.xsl --> ftp.exslt.org /www.exslt.org/public_html/style module.stylesheet.xsl
102.08.21 17:33 B C:\jakarta-tomcat-3.2.4\webapps\cocoon\exslt\style\module.xsl --> ftp.exslt.org /www.exslt.org/public_html/style module.xsl
102.08.21 17:33 B C:\jakarta-tomcat-3.2.4\webapps\cocoon\exslt\style\options.xml --> ftp.exslt.org /www.exslt.org/public_html/style options.xml
102.08.21 17:33 B C:\jakarta-tomcat-3.2.4\webapps\cocoon\exslt\style\package.xsl --> ftp.exslt.org /www.exslt.org/public_html/style package.xsl
102.08.21 17:33 B C:\jakarta-tomcat-3.2.4\webapps\cocoon\exslt\style\submissions.xsl --> ftp.exslt.org /www.exslt.org/public_html/style submissions.xsl
102.08.21 17:33 B C:\jakarta-tomcat-3.2.4\webapps\cocoon\exslt\style\utils.xsl --> ftp.exslt.org /www.exslt.org/public_html/style utils.xsl
102.08.21 17:33 B C:\jakarta-tomcat-3.2.4\webapps\cocoon\exslt\style\xml-package.xsl --> ftp.exslt.org /www.exslt.org/public_html/style xml-package.xsl
102.11.19 14:12 B C:\jakarta-tomcat-3.2.4\webapps\cocoon\exslt\style\element.xsl --> ftp.exslt.org /www.exslt.org/public_html/style element.xsl
102.11.19 14:12 B C:\jakarta-tomcat-3.2.4\webapps\cocoon\exslt\style\extension.package.xsl --> ftp.exslt.org /www.exslt.org/public_html/style extension.package.xsl
102.11.19 14:12 B C:\jakarta-tomcat-3.2.4\webapps\cocoon\exslt\style\extension.use-cases.xsl --> ftp.exslt.org /www.exslt.org/public_html/style extension.use-cases.xsl
102.11.19 14:12 B C:\jakarta-tomcat-3.2.4\webapps\cocoon\exslt\style\extension.xsl --> ftp.exslt.org /www.exslt.org/public_html/style extension.xsl
102.11.19 14:12 B C:\jakarta-tomcat-3.2.4\webapps\cocoon\exslt\style\function.stylesheet.xsl --> ftp.exslt.org /www.exslt.org/public_html/style function.stylesheet.xsl
102.11.19 14:12 B C:\jakarta-tomcat-3.2.4\webapps\cocoon\exslt\style\function.xsl --> ftp.exslt.org /www.exslt.org/public_html/style function.xsl
102.11.19 14:12 B C:\jakarta-tomcat-3.2.4\webapps\cocoon\exslt\style\home.xsl --> ftp.exslt.org /www.exslt.org/public_html/style home.xsl
102.11.19 14:12 B C:\jakarta-tomcat-3.2.4\webapps\cocoon\exslt\style\module.package.xsl --> ftp.exslt.org /www.exslt.org/public_html/style module.package.xsl
102.11.19 14:12 B C:\jakarta-tomcat-3.2.4\webapps\cocoon\exslt\style\module.stylesheet.xsl --> ftp.exslt.org /www.exslt.org/public_html/style module.stylesheet.xsl
102.11.19 14:12 B C:\jakarta-tomcat-3.2.4\webapps\cocoon\exslt\style\module.xsl --> ftp.exslt.org /www.exslt.org/public_html/style module.xsl
102.11.19 14:12 B C:\jakarta-tomcat-3.2.4\webapps\cocoon\exslt\style\options.xml --> ftp.exslt.org /www.exslt.org/public_html/style options.xml
102.11.19 14:12 B C:\jakarta-tomcat-3.2.4\webapps\cocoon\exslt\style\package.xsl --> ftp.exslt.org /www.exslt.org/public_html/style package.xsl
102.11.19 14:12 B C:\jakarta-tomcat-3.2.4\webapps\cocoon\exslt\style\submissions.xsl --> ftp.exslt.org /www.exslt.org/public_html/style submissions.xsl
102.11.19 14:12 B C:\jakarta-tomcat-3.2.4\webapps\cocoon\exslt\style\utils.xsl --> ftp.exslt.org /www.exslt.org/public_html/style utils.xsl
102.12.02 12:34 B C:\jakarta-tomcat-3.2.4\webapps\cocoon\exslt\public_html\style\WS_FTP.LOG <-- ftp.exslt.org /www.exslt.org/public_html/style WS_FTP.LOG
102.12.02 12:34 B C:\jakarta-tomcat-3.2.4\webapps\cocoon\exslt\public_html\style\xml-package.xsl <-- ftp.exslt.org /www.exslt.org/public_html/style xml-package.xsl
102.12.03 11:16 B C:\jakarta-tomcat-3.2.4\webapps\cocoon\exslt\style\base.css --> ftp.exslt.org /www.exslt.org/public_html/style base.css
102.12.03 11:16 B C:\jakarta-tomcat-3.2.4\webapps\cocoon\exslt\style\element.xsl --> ftp.exslt.org /www.exslt.org/public_html/style element.xsl
102.12.03 11:16 B C:\jakarta-tomcat-3.2.4\webapps\cocoon\exslt\style\extension.package.xsl --> ftp.exslt.org /www.exslt.org/public_html/style extension.package.xsl
102.12.03 11:16 B C:\jakarta-tomcat-3.2.4\webapps\cocoon\exslt\style\extension.use-case.xsl --> ftp.exslt.org /www.exslt.org/public_html/style extension.use-case.xsl
102.12.03 11:16 B C:\jakarta-tomcat-3.2.4\webapps\cocoon\exslt\style\extension.use-cases.xsl --> ftp.exslt.org /www.exslt.org/public_html/style extension.use-cases.xsl
102.12.03 11:16 B C:\jakarta-tomcat-3.2.4\webapps\cocoon\exslt\style\extension.xsl --> ftp.exslt.org /www.exslt.org/public_html/style extension.xsl
102.12.03 11:16 B C:\jakarta-tomcat-3.2.4\webapps\cocoon\exslt\style\function.package.xsl --> ftp.exslt.org /www.exslt.org/public_html/style function.package.xsl
102.12.03 11:16 B C:\jakarta-tomcat-3.2.4\webapps\cocoon\exslt\style\function.stylesheet.xsl --> ftp.exslt.org /www.exslt.org/public_html/style function.stylesheet.xsl
102.12.03 11:16 B C:\jakarta-tomcat-3.2.4\webapps\cocoon\exslt\style\function.use-cases.xsl --> ftp.exslt.org /www.exslt.org/public_html/style function.use-cases.xsl
102.12.03 11:16 B C:\jakarta-tomcat-3.2.4\webapps\cocoon\exslt\style\function.xsl --> ftp.exslt.org /www.exslt.org/public_html/style function.xsl
102.12.03 11:16 B C:\jakarta-tomcat-3.2.4\webapps\cocoon\exslt\style\home.xsl --> ftp.exslt.org /www.exslt.org/public_html/style home.xsl
102.12.03 11:16 B C:\jakarta-tomcat-3.2.4\webapps\cocoon\exslt\style\module.package.xsl --> ftp.exslt.org /www.exslt.org/public_html/style module.package.xsl
102.12.03 11:16 B C:\jakarta-tomcat-3.2.4\webapps\cocoon\exslt\style\module.stylesheet.xsl --> ftp.exslt.org /www.exslt.org/public_html/style module.stylesheet.xsl
102.12.03 11:16 B C:\jakarta-tomcat-3.2.4\webapps\cocoon\exslt\style\module.xsl --> ftp.exslt.org /www.exslt.org/public_html/style module.xsl
102.12.03 11:16 B C:\jakarta-tomcat-3.2.4\webapps\cocoon\exslt\style\options.xml --> ftp.exslt.org /www.exslt.org/public_html/style options.xml
102.12.03 11:16 B C:\jakarta-tomcat-3.2.4\webapps\cocoon\exslt\style\package.xsl --> ftp.exslt.org /www.exslt.org/public_html/style package.xsl
102.12.03 11:16 B C:\jakarta-tomcat-3.2.4\webapps\cocoon\exslt\style\style.zip --> ftp.exslt.org /www.exslt.org/public_html/style style.zip
102.12.03 11:16 B C:\jakarta-tomcat-3.2.4\webapps\cocoon\exslt\style\submissions.xsl --> ftp.exslt.org /www.exslt.org/public_html/style submissions.xsl
102.12.03 11:16 B C:\jakarta-tomcat-3.2.4\webapps\cocoon\exslt\style\utils.xsl --> ftp.exslt.org /www.exslt.org/public_html/style utils.xsl
102.12.03 11:16 B C:\jakarta-tomcat-3.2.4\webapps\cocoon\exslt\style\WS_FTP.LOG --> ftp.exslt.org /www.exslt.org/public_html/style WS_FTP.LOG
102.12.03 11:16 B C:\jakarta-tomcat-3.2.4\webapps\cocoon\exslt\style\xml-package.xsl --> ftp.exslt.org /www.exslt.org/public_html/style xml-package.xsl
102.12.11 11:13 B C:\jakarta-tomcat-3.2.4\webapps\cocoon\exslt\style\base.css --> ftp.exslt.org /www.exslt.org/public_html/style base.css
102.12.11 11:13 B C:\jakarta-tomcat-3.2.4\webapps\cocoon\exslt\style\element.xsl --> ftp.exslt.org /www.exslt.org/public_html/style element.xsl
102.12.11 11:13 B C:\jakarta-tomcat-3.2.4\webapps\cocoon\exslt\style\extension.package.xsl --> ftp.exslt.org /www.exslt.org/public_html/style extension.package.xsl
102.12.11 11:13 B C:\jakarta-tomcat-3.2.4\webapps\cocoon\exslt\style\extension.use-case.xsl --> ftp.exslt.org /www.exslt.org/public_html/style extension.use-case.xsl
102.12.11 11:13 B C:\jakarta-tomcat-3.2.4\webapps\cocoon\exslt\style\extension.use-cases.xsl --> ftp.exslt.org /www.exslt.org/public_html/style extension.use-cases.xsl
102.12.11 11:13 B C:\jakarta-tomcat-3.2.4\webapps\cocoon\exslt\style\extension.xsl --> ftp.exslt.org /www.exslt.org/public_html/style extension.xsl
102.12.11 11:13 B C:\jakarta-tomcat-3.2.4\webapps\cocoon\exslt\style\function.package.xsl --> ftp.exslt.org /www.exslt.org/public_html/style function.package.xsl
102.12.11 11:13 B C:\jakarta-tomcat-3.2.4\webapps\cocoon\exslt\style\function.stylesheet.xsl --> ftp.exslt.org /www.exslt.org/public_html/style function.stylesheet.xsl
102.12.11 11:13 B C:\jakarta-tomcat-3.2.4\webapps\cocoon\exslt\style\function.use-cases.xsl --> ftp.exslt.org /www.exslt.org/public_html/style function.use-cases.xsl
102.12.11 11:13 B C:\jakarta-tomcat-3.2.4\webapps\cocoon\exslt\style\function.xsl --> ftp.exslt.org /www.exslt.org/public_html/style function.xsl
102.12.11 11:13 B C:\jakarta-tomcat-3.2.4\webapps\cocoon\exslt\style\home.xsl --> ftp.exslt.org /www.exslt.org/public_html/style home.xsl
102.12.11 11:13 B C:\jakarta-tomcat-3.2.4\webapps\cocoon\exslt\style\module.package.xsl --> ftp.exslt.org /www.exslt.org/public_html/style module.package.xsl
102.12.11 11:13 B C:\jakarta-tomcat-3.2.4\webapps\cocoon\exslt\style\module.stylesheet.xsl --> ftp.exslt.org /www.exslt.org/public_html/style module.stylesheet.xsl
102.12.11 11:13 B C:\jakarta-tomcat-3.2.4\webapps\cocoon\exslt\style\module.xsl --> ftp.exslt.org /www.exslt.org/public_html/style module.xsl
102.12.11 11:13 B C:\jakarta-tomcat-3.2.4\webapps\cocoon\exslt\style\options.xml --> ftp.exslt.org /www.exslt.org/public_html/style options.xml
102.12.11 11:13 B C:\jakarta-tomcat-3.2.4\webapps\cocoon\exslt\style\package.xsl --> ftp.exslt.org /www.exslt.org/public_html/style package.xsl
102.12.11 11:13 B C:\jakarta-tomcat-3.2.4\webapps\cocoon\exslt\style\style.zip --> ftp.exslt.org /www.exslt.org/public_html/style style.zip
102.12.11 11:13 B C:\jakarta-tomcat-3.2.4\webapps\cocoon\exslt\style\submissions.xsl --> ftp.exslt.org /www.exslt.org/public_html/style submissions.xsl
102.12.11 11:13 B C:\jakarta-tomcat-3.2.4\webapps\cocoon\exslt\style\utils.xsl --> ftp.exslt.org /www.exslt.org/public_html/style utils.xsl
103.09.29 16:36 B C:\jakarta-tomcat-3.2.4\webapps\cocoon\exslt\style\WS_FTP.LOG <-- ftp.exslt.org /www.exslt.org/public_html/style WS_FTP.LOG
103.09.29 16:36 B C:\jakarta-tomcat-3.2.4\webapps\cocoon\exslt\style\xml-package.xsl <-- ftp.exslt.org /www.exslt.org/public_html/style xml-package.xsl
103.10.21 13:12 B C:\jakarta-tomcat-3.2.4\webapps\cocoon\exslt\style\base.css --> marian.cs.nott.ac.uk /stud/pg/cds/exslt/style base.css
103.10.21 13:12 B C:\jakarta-tomcat-3.2.4\webapps\cocoon\exslt\style\element.xsl --> marian.cs.nott.ac.uk /stud/pg/cds/exslt/style element.xsl
103.10.21 13:12 B C:\jakarta-tomcat-3.2.4\webapps\cocoon\exslt\style\extension.package.xsl --> marian.cs.nott.ac.uk /stud/pg/cds/exslt/style extension.package.xsl
103.10.21 13:12 B C:\jakarta-tomcat-3.2.4\webapps\cocoon\exslt\style\extension.use-case.xsl --> marian.cs.nott.ac.uk /stud/pg/cds/exslt/style extension.use-case.xsl
103.10.21 13:12 B C:\jakarta-tomcat-3.2.4\webapps\cocoon\exslt\style\extension.use-cases.xsl --> marian.cs.nott.ac.uk /stud/pg/cds/exslt/style extension.use-cases.xsl
103.10.21 13:12 B C:\jakarta-tomcat-3.2.4\webapps\cocoon\exslt\style\extension.xsl --> marian.cs.nott.ac.uk /stud/pg/cds/exslt/style extension.xsl
103.10.21 13:12 B C:\jakarta-tomcat-3.2.4\webapps\cocoon\exslt\style\function.package.xsl --> marian.cs.nott.ac.uk /stud/pg/cds/exslt/style function.package.xsl
103.10.21 13:12 B C:\jakarta-tomcat-3.2.4\webapps\cocoon\exslt\style\function.stylesheet.xsl --> marian.cs.nott.ac.uk /stud/pg/cds/exslt/style function.stylesheet.xsl
103.10.21 13:12 B C:\jakarta-tomcat-3.2.4\webapps\cocoon\exslt\style\function.use-cases.xsl --> marian.cs.nott.ac.uk /stud/pg/cds/exslt/style function.use-cases.xsl
103.10.21 13:12 B C:\jakarta-tomcat-3.2.4\webapps\cocoon\exslt\style\function.xsl --> marian.cs.nott.ac.uk /stud/pg/cds/exslt/style function.xsl
103.10.21 13:12 B C:\jakarta-tomcat-3.2.4\webapps\cocoon\exslt\style\home.xsl --> marian.cs.nott.ac.uk /stud/pg/cds/exslt/style home.xsl
103.10.21 13:12 B C:\jakarta-tomcat-3.2.4\webapps\cocoon\exslt\style\module.package.xsl --> marian.cs.nott.ac.uk /stud/pg/cds/exslt/style module.package.xsl
103.10.21 13:12 B C:\jakarta-tomcat-3.2.4\webapps\cocoon\exslt\style\module.stylesheet.xsl --> marian.cs.nott.ac.uk /stud/pg/cds/exslt/style module.stylesheet.xsl
103.10.21 13:12 B C:\jakarta-tomcat-3.2.4\webapps\cocoon\exslt\style\module.xsl --> marian.cs.nott.ac.uk /stud/pg/cds/exslt/style module.xsl
103.10.21 13:12 B C:\jakarta-tomcat-3.2.4\webapps\cocoon\exslt\style\options.xml --> marian.cs.nott.ac.uk /stud/pg/cds/exslt/style options.xml
103.10.21 13:12 B C:\jakarta-tomcat-3.2.4\webapps\cocoon\exslt\style\package.xsl --> marian.cs.nott.ac.uk /stud/pg/cds/exslt/style package.xsl
103.10.21 13:12 B C:\jakarta-tomcat-3.2.4\webapps\cocoon\exslt\style\style.zip --> marian.cs.nott.ac.uk /stud/pg/cds/exslt/style style.zip
103.10.21 13:12 B C:\jakarta-tomcat-3.2.4\webapps\cocoon\exslt\style\submissions.xsl --> marian.cs.nott.ac.uk /stud/pg/cds/exslt/style submissions.xsl
103.10.21 13:12 B C:\jakarta-tomcat-3.2.4\webapps\cocoon\exslt\style\utils.xsl --> marian.cs.nott.ac.uk /stud/pg/cds/exslt/style utils.xsl
103.10.21 13:12 B C:\jakarta-tomcat-3.2.4\webapps\cocoon\exslt\style\WS_FTP.LOG --> marian.cs.nott.ac.uk /stud/pg/cds/exslt/style WS_FTP.LOG
103.10.21 13:12 B C:\jakarta-tomcat-3.2.4\webapps\cocoon\exslt\style\xml-package.xsl --> marian.cs.nott.ac.uk /stud/pg/cds/exslt/style xml-package.xsl
103.10.24 11:30 B C:\jakarta-tomcat-3.2.4\webapps\cocoon\exslt\style\base.css --> ftp.exslt.org /www.exslt.org/public_html/style base.css
103.10.24 11:30 B C:\jakarta-tomcat-3.2.4\webapps\cocoon\exslt\style\element.xsl --> ftp.exslt.org /www.exslt.org/public_html/style element.xsl
103.10.24 11:30 B C:\jakarta-tomcat-3.2.4\webapps\cocoon\exslt\style\extension.package.xsl --> ftp.exslt.org /www.exslt.org/public_html/style extension.package.xsl
103.10.24 11:30 B C:\jakarta-tomcat-3.2.4\webapps\cocoon\exslt\style\extension.use-case.xsl --> ftp.exslt.org /www.exslt.org/public_html/style extension.use-case.xsl
103.10.24 11:30 B C:\jakarta-tomcat-3.2.4\webapps\cocoon\exslt\style\extension.use-cases.xsl --> ftp.exslt.org /www.exslt.org/public_html/style extension.use-cases.xsl
103.10.24 11:30 B C:\jakarta-tomcat-3.2.4\webapps\cocoon\exslt\style\extension.xsl --> ftp.exslt.org /www.exslt.org/public_html/style extension.xsl
103.10.24 11:30 B C:\jakarta-tomcat-3.2.4\webapps\cocoon\exslt\style\function.package.xsl --> ftp.exslt.org /www.exslt.org/public_html/style function.package.xsl
103.10.24 11:30 B C:\jakarta-tomcat-3.2.4\webapps\cocoon\exslt\style\function.stylesheet.xsl --> ftp.exslt.org /www.exslt.org/public_html/style function.stylesheet.xsl
103.10.24 11:30 B C:\jakarta-tomcat-3.2.4\webapps\cocoon\exslt\style\function.use-cases.xsl --> ftp.exslt.org /www.exslt.org/public_html/style function.use-cases.xsl
103.10.24 11:30 B C:\jakarta-tomcat-3.2.4\webapps\cocoon\exslt\style\function.xsl --> ftp.exslt.org /www.exslt.org/public_html/style function.xsl
103.10.24 11:30 B C:\jakarta-tomcat-3.2.4\webapps\cocoon\exslt\style\home.xsl --> ftp.exslt.org /www.exslt.org/public_html/style home.xsl
103.10.24 11:30 B C:\jakarta-tomcat-3.2.4\webapps\cocoon\exslt\style\module.package.xsl --> ftp.exslt.org /www.exslt.org/public_html/style module.package.xsl
103.10.24 11:30 B C:\jakarta-tomcat-3.2.4\webapps\cocoon\exslt\style\module.stylesheet.xsl --> ftp.exslt.org /www.exslt.org/public_html/style module.stylesheet.xsl
103.10.24 11:30 B C:\jakarta-tomcat-3.2.4\webapps\cocoon\exslt\style\module.xsl --> ftp.exslt.org /www.exslt.org/public_html/style module.xsl
103.10.24 11:30 B C:\jakarta-tomcat-3.2.4\webapps\cocoon\exslt\style\options.xml --> ftp.exslt.org /www.exslt.org/public_html/style options.xml
103.10.24 11:30 B C:\jakarta-tomcat-3.2.4\webapps\cocoon\exslt\style\package.xsl --> ftp.exslt.org /www.exslt.org/public_html/style package.xsl
103.10.24 11:30 B C:\jakarta-tomcat-3.2.4\webapps\cocoon\exslt\style\style.zip --> ftp.exslt.org /www.exslt.org/public_html/style style.zip
103.10.24 11:31 B C:\jakarta-tomcat-3.2.4\webapps\cocoon\exslt\style\submissions.xsl --> ftp.exslt.org /www.exslt.org/public_html/style submissions.xsl
103.10.24 11:31 B C:\jakarta-tomcat-3.2.4\webapps\cocoon\exslt\style\utils.xsl --> ftp.exslt.org /www.exslt.org/public_html/style utils.xsl
