102.08.21 17:32 B C:\jakarta-tomcat-3.2.4\webapps\cocoon\exslt\math\functions\cos\base.css --> ftp.exslt.org /www.exslt.org/public_html/math/functions/cos base.css
102.08.21 17:32 B C:\jakarta-tomcat-3.2.4\webapps\cocoon\exslt\math\functions\cos\index.html --> ftp.exslt.org /www.exslt.org/public_html/math/functions/cos index.html
102.08.21 17:32 B C:\jakarta-tomcat-3.2.4\webapps\cocoon\exslt\math\functions\cos\math.cos.1.html --> ftp.exslt.org /www.exslt.org/public_html/math/functions/cos math.cos.1.html
102.08.21 17:32 B C:\jakarta-tomcat-3.2.4\webapps\cocoon\exslt\math\functions\cos\math.cos.html --> ftp.exslt.org /www.exslt.org/public_html/math/functions/cos math.cos.html
102.08.21 17:32 B C:\jakarta-tomcat-3.2.4\webapps\cocoon\exslt\math\functions\cos\math.cos.js --> ftp.exslt.org /www.exslt.org/public_html/math/functions/cos math.cos.js
102.08.21 17:32 B C:\jakarta-tomcat-3.2.4\webapps\cocoon\exslt\math\functions\cos\math.cos.js.html --> ftp.exslt.org /www.exslt.org/public_html/math/functions/cos math.cos.js.html
102.08.21 17:32 B C:\jakarta-tomcat-3.2.4\webapps\cocoon\exslt\math\functions\cos\math.cos.msxsl.xsl --> ftp.exslt.org /www.exslt.org/public_html/math/functions/cos math.cos.msxsl.xsl
102.08.21 17:32 B C:\jakarta-tomcat-3.2.4\webapps\cocoon\exslt\math\functions\cos\math.cos.msxsl.xsl.html --> ftp.exslt.org /www.exslt.org/public_html/math/functions/cos math.cos.msxsl.xsl.html
102.08.21 17:32 B C:\jakarta-tomcat-3.2.4\webapps\cocoon\exslt\math\functions\cos\math.cos.package.txt --> ftp.exslt.org /www.exslt.org/public_html/math/functions/cos math.cos.package.txt
102.08.21 17:32 B C:\jakarta-tomcat-3.2.4\webapps\cocoon\exslt\math\functions\cos\math.cos.use-cases.txt --> ftp.exslt.org /www.exslt.org/public_html/math/functions/cos math.cos.use-cases.txt
102.08.21 17:32 B C:\jakarta-tomcat-3.2.4\webapps\cocoon\exslt\math\functions\cos\math.cos.use-cases.zip --> ftp.exslt.org /www.exslt.org/public_html/math/functions/cos math.cos.use-cases.zip
102.08.21 17:32 B C:\jakarta-tomcat-3.2.4\webapps\cocoon\exslt\math\functions\cos\math.cos.xml --> ftp.exslt.org /www.exslt.org/public_html/math/functions/cos math.cos.xml
102.08.21 17:32 B C:\jakarta-tomcat-3.2.4\webapps\cocoon\exslt\math\functions\cos\math.cos.xsl --> ftp.exslt.org /www.exslt.org/public_html/math/functions/cos math.cos.xsl
102.08.21 17:32 B C:\jakarta-tomcat-3.2.4\webapps\cocoon\exslt\math\functions\cos\math.cos.zip --> ftp.exslt.org /www.exslt.org/public_html/math/functions/cos math.cos.zip
102.08.21 17:32 B C:\jakarta-tomcat-3.2.4\webapps\cocoon\exslt\math\functions\cos\refresh.bat --> ftp.exslt.org /www.exslt.org/public_html/math/functions/cos refresh.bat
102.08.21 17:32 B C:\jakarta-tomcat-3.2.4\webapps\cocoon\exslt\math\functions\cos\update.bat --> ftp.exslt.org /www.exslt.org/public_html/math/functions/cos update.bat
102.11.19 13:22 B C:\jakarta-tomcat-3.2.4\webapps\cocoon\exslt\math\functions\cos\base.css --> ftp.exslt.org /www.exslt.org/public_html/math/functions/cos base.css
102.11.19 13:22 B C:\jakarta-tomcat-3.2.4\webapps\cocoon\exslt\math\functions\cos\index.html --> ftp.exslt.org /www.exslt.org/public_html/math/functions/cos index.html
102.11.19 13:22 B C:\jakarta-tomcat-3.2.4\webapps\cocoon\exslt\math\functions\cos\math.cos.1.html --> ftp.exslt.org /www.exslt.org/public_html/math/functions/cos math.cos.1.html
102.11.19 13:22 B C:\jakarta-tomcat-3.2.4\webapps\cocoon\exslt\math\functions\cos\math.cos.html --> ftp.exslt.org /www.exslt.org/public_html/math/functions/cos math.cos.html
102.11.19 13:22 B C:\jakarta-tomcat-3.2.4\webapps\cocoon\exslt\math\functions\cos\math.cos.js --> ftp.exslt.org /www.exslt.org/public_html/math/functions/cos math.cos.js
102.11.19 13:22 B C:\jakarta-tomcat-3.2.4\webapps\cocoon\exslt\math\functions\cos\math.cos.js.html --> ftp.exslt.org /www.exslt.org/public_html/math/functions/cos math.cos.js.html
102.11.19 13:22 B C:\jakarta-tomcat-3.2.4\webapps\cocoon\exslt\math\functions\cos\math.cos.msxsl.xsl --> ftp.exslt.org /www.exslt.org/public_html/math/functions/cos math.cos.msxsl.xsl
102.11.19 13:22 B C:\jakarta-tomcat-3.2.4\webapps\cocoon\exslt\math\functions\cos\math.cos.msxsl.xsl.html --> ftp.exslt.org /www.exslt.org/public_html/math/functions/cos math.cos.msxsl.xsl.html
102.11.19 13:22 B C:\jakarta-tomcat-3.2.4\webapps\cocoon\exslt\math\functions\cos\math.cos.package.txt --> ftp.exslt.org /www.exslt.org/public_html/math/functions/cos math.cos.package.txt
102.11.19 13:22 B C:\jakarta-tomcat-3.2.4\webapps\cocoon\exslt\math\functions\cos\math.cos.use-cases.txt --> ftp.exslt.org /www.exslt.org/public_html/math/functions/cos math.cos.use-cases.txt
102.11.19 13:22 B C:\jakarta-tomcat-3.2.4\webapps\cocoon\exslt\math\functions\cos\math.cos.use-cases.zip --> ftp.exslt.org /www.exslt.org/public_html/math/functions/cos math.cos.use-cases.zip
102.11.19 13:22 B C:\jakarta-tomcat-3.2.4\webapps\cocoon\exslt\math\functions\cos\math.cos.xml --> ftp.exslt.org /www.exslt.org/public_html/math/functions/cos math.cos.xml
102.11.19 13:22 B C:\jakarta-tomcat-3.2.4\webapps\cocoon\exslt\math\functions\cos\math.cos.xsl --> ftp.exslt.org /www.exslt.org/public_html/math/functions/cos math.cos.xsl
102.11.19 13:22 B C:\jakarta-tomcat-3.2.4\webapps\cocoon\exslt\math\functions\cos\math.cos.zip --> ftp.exslt.org /www.exslt.org/public_html/math/functions/cos math.cos.zip
102.11.19 13:22 B C:\jakarta-tomcat-3.2.4\webapps\cocoon\exslt\math\functions\cos\refresh.bat --> ftp.exslt.org /www.exslt.org/public_html/math/functions/cos refresh.bat
102.11.19 13:22 B C:\jakarta-tomcat-3.2.4\webapps\cocoon\exslt\math\functions\cos\update.bat --> ftp.exslt.org /www.exslt.org/public_html/math/functions/cos update.bat
102.11.19 13:22 B C:\jakarta-tomcat-3.2.4\webapps\cocoon\exslt\math\functions\cos\WS_FTP.LOG --> ftp.exslt.org /www.exslt.org/public_html/math/functions/cos WS_FTP.LOG
102.11.19 13:27 B C:\jakarta-tomcat-3.2.4\webapps\cocoon\exslt\math\functions\cos\base.css --> ftp.exslt.org /www.exslt.org/public_html/math/functions/cos base.css
102.11.19 13:27 B C:\jakarta-tomcat-3.2.4\webapps\cocoon\exslt\math\functions\cos\index.html --> ftp.exslt.org /www.exslt.org/public_html/math/functions/cos index.html
102.11.19 13:27 B C:\jakarta-tomcat-3.2.4\webapps\cocoon\exslt\math\functions\cos\math.cos.1.html --> ftp.exslt.org /www.exslt.org/public_html/math/functions/cos math.cos.1.html
102.11.19 13:27 B C:\jakarta-tomcat-3.2.4\webapps\cocoon\exslt\math\functions\cos\math.cos.html --> ftp.exslt.org /www.exslt.org/public_html/math/functions/cos math.cos.html
102.11.19 13:27 B C:\jakarta-tomcat-3.2.4\webapps\cocoon\exslt\math\functions\cos\math.cos.js --> ftp.exslt.org /www.exslt.org/public_html/math/functions/cos math.cos.js
102.11.19 13:27 B C:\jakarta-tomcat-3.2.4\webapps\cocoon\exslt\math\functions\cos\math.cos.js.html --> ftp.exslt.org /www.exslt.org/public_html/math/functions/cos math.cos.js.html
102.11.19 13:27 B C:\jakarta-tomcat-3.2.4\webapps\cocoon\exslt\math\functions\cos\math.cos.msxsl.xsl --> ftp.exslt.org /www.exslt.org/public_html/math/functions/cos math.cos.msxsl.xsl
102.11.19 13:27 B C:\jakarta-tomcat-3.2.4\webapps\cocoon\exslt\math\functions\cos\math.cos.msxsl.xsl.html --> ftp.exslt.org /www.exslt.org/public_html/math/functions/cos math.cos.msxsl.xsl.html
102.11.19 13:27 B C:\jakarta-tomcat-3.2.4\webapps\cocoon\exslt\math\functions\cos\math.cos.package.txt --> ftp.exslt.org /www.exslt.org/public_html/math/functions/cos math.cos.package.txt
102.11.19 13:27 B C:\jakarta-tomcat-3.2.4\webapps\cocoon\exslt\math\functions\cos\math.cos.use-cases.txt --> ftp.exslt.org /www.exslt.org/public_html/math/functions/cos math.cos.use-cases.txt
102.11.19 13:27 B C:\jakarta-tomcat-3.2.4\webapps\cocoon\exslt\math\functions\cos\math.cos.use-cases.zip --> ftp.exslt.org /www.exslt.org/public_html/math/functions/cos math.cos.use-cases.zip
102.11.19 13:27 B C:\jakarta-tomcat-3.2.4\webapps\cocoon\exslt\math\functions\cos\math.cos.xml --> ftp.exslt.org /www.exslt.org/public_html/math/functions/cos math.cos.xml
102.11.19 13:27 B C:\jakarta-tomcat-3.2.4\webapps\cocoon\exslt\math\functions\cos\math.cos.xsl --> ftp.exslt.org /www.exslt.org/public_html/math/functions/cos math.cos.xsl
102.11.19 13:27 B C:\jakarta-tomcat-3.2.4\webapps\cocoon\exslt\math\functions\cos\math.cos.zip --> ftp.exslt.org /www.exslt.org/public_html/math/functions/cos math.cos.zip
102.11.19 13:27 B C:\jakarta-tomcat-3.2.4\webapps\cocoon\exslt\math\functions\cos\refresh.bat --> ftp.exslt.org /www.exslt.org/public_html/math/functions/cos refresh.bat
102.11.19 13:27 B C:\jakarta-tomcat-3.2.4\webapps\cocoon\exslt\math\functions\cos\update.bat --> ftp.exslt.org /www.exslt.org/public_html/math/functions/cos update.bat
102.12.02 12:32 B C:\jakarta-tomcat-3.2.4\webapps\cocoon\exslt\public_html\math\functions\cos\WS_FTP.LOG <-- ftp.exslt.org /www.exslt.org/public_html/math/functions/cos WS_FTP.LOG
102.12.03 11:11 B C:\jakarta-tomcat-3.2.4\webapps\cocoon\exslt\math\functions\cos\base.css --> ftp.exslt.org /www.exslt.org/public_html/math/functions/cos base.css
102.12.03 11:11 B C:\jakarta-tomcat-3.2.4\webapps\cocoon\exslt\math\functions\cos\index.html --> ftp.exslt.org /www.exslt.org/public_html/math/functions/cos index.html
102.12.03 11:11 B C:\jakarta-tomcat-3.2.4\webapps\cocoon\exslt\math\functions\cos\math.cos.1.html --> ftp.exslt.org /www.exslt.org/public_html/math/functions/cos math.cos.1.html
102.12.03 11:11 B C:\jakarta-tomcat-3.2.4\webapps\cocoon\exslt\math\functions\cos\math.cos.1.xml --> ftp.exslt.org /www.exslt.org/public_html/math/functions/cos math.cos.1.xml
102.12.03 11:11 B C:\jakarta-tomcat-3.2.4\webapps\cocoon\exslt\math\functions\cos\math.cos.1.xsl --> ftp.exslt.org /www.exslt.org/public_html/math/functions/cos math.cos.1.xsl
102.12.03 11:11 B C:\jakarta-tomcat-3.2.4\webapps\cocoon\exslt\math\functions\cos\math.cos.html --> ftp.exslt.org /www.exslt.org/public_html/math/functions/cos math.cos.html
102.12.03 11:11 B C:\jakarta-tomcat-3.2.4\webapps\cocoon\exslt\math\functions\cos\math.cos.js --> ftp.exslt.org /www.exslt.org/public_html/math/functions/cos math.cos.js
102.12.03 11:11 B C:\jakarta-tomcat-3.2.4\webapps\cocoon\exslt\math\functions\cos\math.cos.js.html --> ftp.exslt.org /www.exslt.org/public_html/math/functions/cos math.cos.js.html
102.12.03 11:11 B C:\jakarta-tomcat-3.2.4\webapps\cocoon\exslt\math\functions\cos\math.cos.msxsl.xsl --> ftp.exslt.org /www.exslt.org/public_html/math/functions/cos math.cos.msxsl.xsl
102.12.03 11:11 B C:\jakarta-tomcat-3.2.4\webapps\cocoon\exslt\math\functions\cos\math.cos.msxsl.xsl.html --> ftp.exslt.org /www.exslt.org/public_html/math/functions/cos math.cos.msxsl.xsl.html
102.12.03 11:11 B C:\jakarta-tomcat-3.2.4\webapps\cocoon\exslt\math\functions\cos\math.cos.package.txt --> ftp.exslt.org /www.exslt.org/public_html/math/functions/cos math.cos.package.txt
102.12.03 11:11 B C:\jakarta-tomcat-3.2.4\webapps\cocoon\exslt\math\functions\cos\math.cos.use-cases.txt --> ftp.exslt.org /www.exslt.org/public_html/math/functions/cos math.cos.use-cases.txt
102.12.03 11:11 B C:\jakarta-tomcat-3.2.4\webapps\cocoon\exslt\math\functions\cos\math.cos.use-cases.zip --> ftp.exslt.org /www.exslt.org/public_html/math/functions/cos math.cos.use-cases.zip
102.12.03 11:11 B C:\jakarta-tomcat-3.2.4\webapps\cocoon\exslt\math\functions\cos\math.cos.xml --> ftp.exslt.org /www.exslt.org/public_html/math/functions/cos math.cos.xml
102.12.03 11:11 B C:\jakarta-tomcat-3.2.4\webapps\cocoon\exslt\math\functions\cos\math.cos.xsl --> ftp.exslt.org /www.exslt.org/public_html/math/functions/cos math.cos.xsl
102.12.03 11:11 B C:\jakarta-tomcat-3.2.4\webapps\cocoon\exslt\math\functions\cos\math.cos.zip --> ftp.exslt.org /www.exslt.org/public_html/math/functions/cos math.cos.zip
102.12.03 11:11 B C:\jakarta-tomcat-3.2.4\webapps\cocoon\exslt\math\functions\cos\refresh.bat --> ftp.exslt.org /www.exslt.org/public_html/math/functions/cos refresh.bat
102.12.03 11:11 B C:\jakarta-tomcat-3.2.4\webapps\cocoon\exslt\math\functions\cos\update.bat --> ftp.exslt.org /www.exslt.org/public_html/math/functions/cos update.bat
102.12.03 11:11 B C:\jakarta-tomcat-3.2.4\webapps\cocoon\exslt\math\functions\cos\WS_FTP.LOG --> ftp.exslt.org /www.exslt.org/public_html/math/functions/cos WS_FTP.LOG
102.12.11 11:05 B C:\jakarta-tomcat-3.2.4\webapps\cocoon\exslt\math\functions\cos\base.css --> ftp.exslt.org /www.exslt.org/public_html/math/functions/cos base.css
102.12.11 11:05 B C:\jakarta-tomcat-3.2.4\webapps\cocoon\exslt\math\functions\cos\index.html --> ftp.exslt.org /www.exslt.org/public_html/math/functions/cos index.html
102.12.11 11:05 B C:\jakarta-tomcat-3.2.4\webapps\cocoon\exslt\math\functions\cos\math.cos.1.html --> ftp.exslt.org /www.exslt.org/public_html/math/functions/cos math.cos.1.html
102.12.11 11:05 B C:\jakarta-tomcat-3.2.4\webapps\cocoon\exslt\math\functions\cos\math.cos.1.xml --> ftp.exslt.org /www.exslt.org/public_html/math/functions/cos math.cos.1.xml
102.12.11 11:05 B C:\jakarta-tomcat-3.2.4\webapps\cocoon\exslt\math\functions\cos\math.cos.1.xsl --> ftp.exslt.org /www.exslt.org/public_html/math/functions/cos math.cos.1.xsl
102.12.11 11:05 B C:\jakarta-tomcat-3.2.4\webapps\cocoon\exslt\math\functions\cos\math.cos.html --> ftp.exslt.org /www.exslt.org/public_html/math/functions/cos math.cos.html
102.12.11 11:05 B C:\jakarta-tomcat-3.2.4\webapps\cocoon\exslt\math\functions\cos\math.cos.js --> ftp.exslt.org /www.exslt.org/public_html/math/functions/cos math.cos.js
102.12.11 11:05 B C:\jakarta-tomcat-3.2.4\webapps\cocoon\exslt\math\functions\cos\math.cos.js.html --> ftp.exslt.org /www.exslt.org/public_html/math/functions/cos math.cos.js.html
102.12.11 11:05 B C:\jakarta-tomcat-3.2.4\webapps\cocoon\exslt\math\functions\cos\math.cos.msxsl.xsl --> ftp.exslt.org /www.exslt.org/public_html/math/functions/cos math.cos.msxsl.xsl
102.12.11 11:05 B C:\jakarta-tomcat-3.2.4\webapps\cocoon\exslt\math\functions\cos\math.cos.msxsl.xsl.html --> ftp.exslt.org /www.exslt.org/public_html/math/functions/cos math.cos.msxsl.xsl.html
102.12.11 11:05 B C:\jakarta-tomcat-3.2.4\webapps\cocoon\exslt\math\functions\cos\math.cos.package.txt --> ftp.exslt.org /www.exslt.org/public_html/math/functions/cos math.cos.package.txt
102.12.11 11:05 B C:\jakarta-tomcat-3.2.4\webapps\cocoon\exslt\math\functions\cos\math.cos.use-cases.txt --> ftp.exslt.org /www.exslt.org/public_html/math/functions/cos math.cos.use-cases.txt
102.12.11 11:05 B C:\jakarta-tomcat-3.2.4\webapps\cocoon\exslt\math\functions\cos\math.cos.use-cases.zip --> ftp.exslt.org /www.exslt.org/public_html/math/functions/cos math.cos.use-cases.zip
102.12.11 11:05 B C:\jakarta-tomcat-3.2.4\webapps\cocoon\exslt\math\functions\cos\math.cos.xml --> ftp.exslt.org /www.exslt.org/public_html/math/functions/cos math.cos.xml
102.12.11 11:05 B C:\jakarta-tomcat-3.2.4\webapps\cocoon\exslt\math\functions\cos\math.cos.xsl --> ftp.exslt.org /www.exslt.org/public_html/math/functions/cos math.cos.xsl
102.12.11 11:05 B C:\jakarta-tomcat-3.2.4\webapps\cocoon\exslt\math\functions\cos\math.cos.zip --> ftp.exslt.org /www.exslt.org/public_html/math/functions/cos math.cos.zip
102.12.11 11:05 B C:\jakarta-tomcat-3.2.4\webapps\cocoon\exslt\math\functions\cos\refresh.bat --> ftp.exslt.org /www.exslt.org/public_html/math/functions/cos refresh.bat
102.12.11 11:05 B C:\jakarta-tomcat-3.2.4\webapps\cocoon\exslt\math\functions\cos\update.bat --> ftp.exslt.org /www.exslt.org/public_html/math/functions/cos update.bat
103.03.03 16:49 B C:\jakarta-tomcat-3.2.4\webapps\cocoon\exslt\math\functions\cos\WS_FTP.LOG <-- ftp.exslt.org /www.exslt.org/public_html/math/functions/cos WS_FTP.LOG
103.03.03 17:12 B C:\jakarta-tomcat-3.2.4\webapps\cocoon\exslt\math\functions\cos\base.css --> ftp.exslt.org /www.exslt.org/public_html/math/functions/cos base.css
103.03.03 17:12 B C:\jakarta-tomcat-3.2.4\webapps\cocoon\exslt\math\functions\cos\index.html --> ftp.exslt.org /www.exslt.org/public_html/math/functions/cos index.html
103.03.03 17:12 B C:\jakarta-tomcat-3.2.4\webapps\cocoon\exslt\math\functions\cos\math.cos.1.html --> ftp.exslt.org /www.exslt.org/public_html/math/functions/cos math.cos.1.html
103.03.03 17:12 B C:\jakarta-tomcat-3.2.4\webapps\cocoon\exslt\math\functions\cos\math.cos.1.xml --> ftp.exslt.org /www.exslt.org/public_html/math/functions/cos math.cos.1.xml
103.03.03 17:12 B C:\jakarta-tomcat-3.2.4\webapps\cocoon\exslt\math\functions\cos\math.cos.1.xsl --> ftp.exslt.org /www.exslt.org/public_html/math/functions/cos math.cos.1.xsl
103.03.03 17:12 B C:\jakarta-tomcat-3.2.4\webapps\cocoon\exslt\math\functions\cos\math.cos.html --> ftp.exslt.org /www.exslt.org/public_html/math/functions/cos math.cos.html
103.03.03 17:12 B C:\jakarta-tomcat-3.2.4\webapps\cocoon\exslt\math\functions\cos\math.cos.js --> ftp.exslt.org /www.exslt.org/public_html/math/functions/cos math.cos.js
103.03.03 17:12 B C:\jakarta-tomcat-3.2.4\webapps\cocoon\exslt\math\functions\cos\math.cos.js.html --> ftp.exslt.org /www.exslt.org/public_html/math/functions/cos math.cos.js.html
103.03.03 17:12 B C:\jakarta-tomcat-3.2.4\webapps\cocoon\exslt\math\functions\cos\math.cos.msxsl.xsl --> ftp.exslt.org /www.exslt.org/public_html/math/functions/cos math.cos.msxsl.xsl
103.03.03 17:12 B C:\jakarta-tomcat-3.2.4\webapps\cocoon\exslt\math\functions\cos\math.cos.msxsl.xsl.html --> ftp.exslt.org /www.exslt.org/public_html/math/functions/cos math.cos.msxsl.xsl.html
103.03.03 17:12 B C:\jakarta-tomcat-3.2.4\webapps\cocoon\exslt\math\functions\cos\math.cos.package.txt --> ftp.exslt.org /www.exslt.org/public_html/math/functions/cos math.cos.package.txt
103.03.03 17:12 B C:\jakarta-tomcat-3.2.4\webapps\cocoon\exslt\math\functions\cos\math.cos.use-cases.txt --> ftp.exslt.org /www.exslt.org/public_html/math/functions/cos math.cos.use-cases.txt
103.03.03 17:12 B C:\jakarta-tomcat-3.2.4\webapps\cocoon\exslt\math\functions\cos\math.cos.use-cases.zip --> ftp.exslt.org /www.exslt.org/public_html/math/functions/cos math.cos.use-cases.zip
103.03.03 17:12 B C:\jakarta-tomcat-3.2.4\webapps\cocoon\exslt\math\functions\cos\math.cos.xml --> ftp.exslt.org /www.exslt.org/public_html/math/functions/cos math.cos.xml
103.03.03 17:12 B C:\jakarta-tomcat-3.2.4\webapps\cocoon\exslt\math\functions\cos\math.cos.xsl --> ftp.exslt.org /www.exslt.org/public_html/math/functions/cos math.cos.xsl
103.03.03 17:12 B C:\jakarta-tomcat-3.2.4\webapps\cocoon\exslt\math\functions\cos\math.cos.zip --> ftp.exslt.org /www.exslt.org/public_html/math/functions/cos math.cos.zip
103.03.03 17:12 B C:\jakarta-tomcat-3.2.4\webapps\cocoon\exslt\math\functions\cos\refresh.bat --> ftp.exslt.org /www.exslt.org/public_html/math/functions/cos refresh.bat
103.03.03 17:12 B C:\jakarta-tomcat-3.2.4\webapps\cocoon\exslt\math\functions\cos\update.bat --> ftp.exslt.org /www.exslt.org/public_html/math/functions/cos update.bat
103.09.29 15:41 B C:\jakarta-tomcat-3.2.4\webapps\cocoon\exslt\math\functions\cos\WS_FTP.LOG <-- ftp.exslt.org /www.exslt.org/public_html/math/functions/cos WS_FTP.LOG
103.10.21 13:08 B C:\jakarta-tomcat-3.2.4\webapps\cocoon\exslt\math\functions\cos\base.css --> marian.cs.nott.ac.uk /stud/pg/cds/exslt/math/functions/cos base.css
103.10.21 13:08 B C:\jakarta-tomcat-3.2.4\webapps\cocoon\exslt\math\functions\cos\index.html --> marian.cs.nott.ac.uk /stud/pg/cds/exslt/math/functions/cos index.html
103.10.21 13:08 B C:\jakarta-tomcat-3.2.4\webapps\cocoon\exslt\math\functions\cos\math.cos.1.html --> marian.cs.nott.ac.uk /stud/pg/cds/exslt/math/functions/cos math.cos.1.html
103.10.21 13:08 B C:\jakarta-tomcat-3.2.4\webapps\cocoon\exslt\math\functions\cos\math.cos.1.xml --> marian.cs.nott.ac.uk /stud/pg/cds/exslt/math/functions/cos math.cos.1.xml
103.10.21 13:08 B C:\jakarta-tomcat-3.2.4\webapps\cocoon\exslt\math\functions\cos\math.cos.1.xsl --> marian.cs.nott.ac.uk /stud/pg/cds/exslt/math/functions/cos math.cos.1.xsl
103.10.21 13:08 B C:\jakarta-tomcat-3.2.4\webapps\cocoon\exslt\math\functions\cos\math.cos.html --> marian.cs.nott.ac.uk /stud/pg/cds/exslt/math/functions/cos math.cos.html
103.10.21 13:08 B C:\jakarta-tomcat-3.2.4\webapps\cocoon\exslt\math\functions\cos\math.cos.js --> marian.cs.nott.ac.uk /stud/pg/cds/exslt/math/functions/cos math.cos.js
103.10.21 13:08 B C:\jakarta-tomcat-3.2.4\webapps\cocoon\exslt\math\functions\cos\math.cos.js.html --> marian.cs.nott.ac.uk /stud/pg/cds/exslt/math/functions/cos math.cos.js.html
103.10.21 13:08 B C:\jakarta-tomcat-3.2.4\webapps\cocoon\exslt\math\functions\cos\math.cos.msxsl.xsl --> marian.cs.nott.ac.uk /stud/pg/cds/exslt/math/functions/cos math.cos.msxsl.xsl
103.10.21 13:08 B C:\jakarta-tomcat-3.2.4\webapps\cocoon\exslt\math\functions\cos\math.cos.msxsl.xsl.html --> marian.cs.nott.ac.uk /stud/pg/cds/exslt/math/functions/cos math.cos.msxsl.xsl.html
103.10.21 13:08 B C:\jakarta-tomcat-3.2.4\webapps\cocoon\exslt\math\functions\cos\math.cos.package.txt --> marian.cs.nott.ac.uk /stud/pg/cds/exslt/math/functions/cos math.cos.package.txt
103.10.21 13:08 B C:\jakarta-tomcat-3.2.4\webapps\cocoon\exslt\math\functions\cos\math.cos.use-cases.txt --> marian.cs.nott.ac.uk /stud/pg/cds/exslt/math/functions/cos math.cos.use-cases.txt
103.10.21 13:08 B C:\jakarta-tomcat-3.2.4\webapps\cocoon\exslt\math\functions\cos\math.cos.use-cases.zip --> marian.cs.nott.ac.uk /stud/pg/cds/exslt/math/functions/cos math.cos.use-cases.zip
103.10.21 13:08 B C:\jakarta-tomcat-3.2.4\webapps\cocoon\exslt\math\functions\cos\math.cos.xml --> marian.cs.nott.ac.uk /stud/pg/cds/exslt/math/functions/cos math.cos.xml
103.10.21 13:08 B C:\jakarta-tomcat-3.2.4\webapps\cocoon\exslt\math\functions\cos\math.cos.xsl --> marian.cs.nott.ac.uk /stud/pg/cds/exslt/math/functions/cos math.cos.xsl
103.10.21 13:08 B C:\jakarta-tomcat-3.2.4\webapps\cocoon\exslt\math\functions\cos\math.cos.zip --> marian.cs.nott.ac.uk /stud/pg/cds/exslt/math/functions/cos math.cos.zip
103.10.21 13:08 B C:\jakarta-tomcat-3.2.4\webapps\cocoon\exslt\math\functions\cos\refresh.bat --> marian.cs.nott.ac.uk /stud/pg/cds/exslt/math/functions/cos refresh.bat
103.10.21 13:08 B C:\jakarta-tomcat-3.2.4\webapps\cocoon\exslt\math\functions\cos\update.bat --> marian.cs.nott.ac.uk /stud/pg/cds/exslt/math/functions/cos update.bat
103.10.21 13:08 B C:\jakarta-tomcat-3.2.4\webapps\cocoon\exslt\math\functions\cos\WS_FTP.LOG --> marian.cs.nott.ac.uk /stud/pg/cds/exslt/math/functions/cos WS_FTP.LOG
103.10.23 16:31 B C:\jakarta-tomcat-3.2.4\webapps\cocoon\exslt\math\functions\cos\base.css --> ftp.exslt.org /www.exslt.org/public_html/math/functions/cos base.css
103.10.23 16:31 B C:\jakarta-tomcat-3.2.4\webapps\cocoon\exslt\math\functions\cos\index.html --> ftp.exslt.org /www.exslt.org/public_html/math/functions/cos index.html
103.10.23 16:31 B C:\jakarta-tomcat-3.2.4\webapps\cocoon\exslt\math\functions\cos\math.cos.1.html --> ftp.exslt.org /www.exslt.org/public_html/math/functions/cos math.cos.1.html
103.10.23 16:31 B C:\jakarta-tomcat-3.2.4\webapps\cocoon\exslt\math\functions\cos\math.cos.1.xml --> ftp.exslt.org /www.exslt.org/public_html/math/functions/cos math.cos.1.xml
103.10.23 16:31 B C:\jakarta-tomcat-3.2.4\webapps\cocoon\exslt\math\functions\cos\math.cos.1.xsl --> ftp.exslt.org /www.exslt.org/public_html/math/functions/cos math.cos.1.xsl
103.10.23 16:32 B C:\jakarta-tomcat-3.2.4\webapps\cocoon\exslt\math\functions\cos\math.cos.html --> ftp.exslt.org /www.exslt.org/public_html/math/functions/cos math.cos.html
103.10.23 16:32 B C:\jakarta-tomcat-3.2.4\webapps\cocoon\exslt\math\functions\cos\math.cos.js --> ftp.exslt.org /www.exslt.org/public_html/math/functions/cos math.cos.js
103.10.23 16:32 B C:\jakarta-tomcat-3.2.4\webapps\cocoon\exslt\math\functions\cos\math.cos.js.html --> ftp.exslt.org /www.exslt.org/public_html/math/functions/cos math.cos.js.html
103.10.23 16:32 B C:\jakarta-tomcat-3.2.4\webapps\cocoon\exslt\math\functions\cos\math.cos.msxsl.xsl --> ftp.exslt.org /www.exslt.org/public_html/math/functions/cos math.cos.msxsl.xsl
103.10.23 16:32 B C:\jakarta-tomcat-3.2.4\webapps\cocoon\exslt\math\functions\cos\math.cos.msxsl.xsl.html --> ftp.exslt.org /www.exslt.org/public_html/math/functions/cos math.cos.msxsl.xsl.html
103.10.23 16:32 B C:\jakarta-tomcat-3.2.4\webapps\cocoon\exslt\math\functions\cos\math.cos.package.txt --> ftp.exslt.org /www.exslt.org/public_html/math/functions/cos math.cos.package.txt
103.10.23 16:32 B C:\jakarta-tomcat-3.2.4\webapps\cocoon\exslt\math\functions\cos\math.cos.use-cases.txt --> ftp.exslt.org /www.exslt.org/public_html/math/functions/cos math.cos.use-cases.txt
103.10.23 16:32 B C:\jakarta-tomcat-3.2.4\webapps\cocoon\exslt\math\functions\cos\math.cos.use-cases.zip --> ftp.exslt.org /www.exslt.org/public_html/math/functions/cos math.cos.use-cases.zip
103.10.23 16:32 B C:\jakarta-tomcat-3.2.4\webapps\cocoon\exslt\math\functions\cos\math.cos.xml --> ftp.exslt.org /www.exslt.org/public_html/math/functions/cos math.cos.xml
103.10.23 16:32 B C:\jakarta-tomcat-3.2.4\webapps\cocoon\exslt\math\functions\cos\math.cos.xsl --> ftp.exslt.org /www.exslt.org/public_html/math/functions/cos math.cos.xsl
103.10.23 16:32 B C:\jakarta-tomcat-3.2.4\webapps\cocoon\exslt\math\functions\cos\math.cos.zip --> ftp.exslt.org /www.exslt.org/public_html/math/functions/cos math.cos.zip
103.10.23 16:32 B C:\jakarta-tomcat-3.2.4\webapps\cocoon\exslt\math\functions\cos\refresh.bat --> ftp.exslt.org /www.exslt.org/public_html/math/functions/cos refresh.bat
103.10.23 16:32 B C:\jakarta-tomcat-3.2.4\webapps\cocoon\exslt\math\functions\cos\update.bat --> ftp.exslt.org /www.exslt.org/public_html/math/functions/cos update.bat
