102.08.21 17:32 B C:\jakarta-tomcat-3.2.4\webapps\cocoon\exslt\func\elements\result\base.css --> ftp.exslt.org /www.exslt.org/public_html/func/elements/result base.css
102.08.21 17:32 B C:\jakarta-tomcat-3.2.4\webapps\cocoon\exslt\func\elements\result\func.result.1.xml --> ftp.exslt.org /www.exslt.org/public_html/func/elements/result func.result.1.xml
102.08.21 17:32 B C:\jakarta-tomcat-3.2.4\webapps\cocoon\exslt\func\elements\result\func.result.2.xml --> ftp.exslt.org /www.exslt.org/public_html/func/elements/result func.result.2.xml
102.08.21 17:32 B C:\jakarta-tomcat-3.2.4\webapps\cocoon\exslt\func\elements\result\func.result.3.html --> ftp.exslt.org /www.exslt.org/public_html/func/elements/result func.result.3.html
102.08.21 17:32 B C:\jakarta-tomcat-3.2.4\webapps\cocoon\exslt\func\elements\result\func.result.html --> ftp.exslt.org /www.exslt.org/public_html/func/elements/result func.result.html
102.08.21 17:32 B C:\jakarta-tomcat-3.2.4\webapps\cocoon\exslt\func\elements\result\func.result.package.txt --> ftp.exslt.org /www.exslt.org/public_html/func/elements/result func.result.package.txt
102.08.21 17:32 B C:\jakarta-tomcat-3.2.4\webapps\cocoon\exslt\func\elements\result\func.result.use-cases.txt --> ftp.exslt.org /www.exslt.org/public_html/func/elements/result func.result.use-cases.txt
102.08.21 17:32 B C:\jakarta-tomcat-3.2.4\webapps\cocoon\exslt\func\elements\result\func.result.use-cases.zip --> ftp.exslt.org /www.exslt.org/public_html/func/elements/result func.result.use-cases.zip
102.08.21 17:32 B C:\jakarta-tomcat-3.2.4\webapps\cocoon\exslt\func\elements\result\func.result.xml --> ftp.exslt.org /www.exslt.org/public_html/func/elements/result func.result.xml
102.08.21 17:32 B C:\jakarta-tomcat-3.2.4\webapps\cocoon\exslt\func\elements\result\func.result.zip --> ftp.exslt.org /www.exslt.org/public_html/func/elements/result func.result.zip
102.08.21 17:32 B C:\jakarta-tomcat-3.2.4\webapps\cocoon\exslt\func\elements\result\index.html --> ftp.exslt.org /www.exslt.org/public_html/func/elements/result index.html
102.08.21 17:32 B C:\jakarta-tomcat-3.2.4\webapps\cocoon\exslt\func\elements\result\refresh.bat --> ftp.exslt.org /www.exslt.org/public_html/func/elements/result refresh.bat
102.08.21 17:32 B C:\jakarta-tomcat-3.2.4\webapps\cocoon\exslt\func\elements\result\update.bat --> ftp.exslt.org /www.exslt.org/public_html/func/elements/result update.bat
102.11.19 13:15 B C:\jakarta-tomcat-3.2.4\webapps\cocoon\exslt\func\elements\result\base.css --> ftp.exslt.org /www.exslt.org/public_html/func/elements/result base.css
102.11.19 13:15 B C:\jakarta-tomcat-3.2.4\webapps\cocoon\exslt\func\elements\result\func.result.1.xml --> ftp.exslt.org /www.exslt.org/public_html/func/elements/result func.result.1.xml
102.11.19 13:15 B C:\jakarta-tomcat-3.2.4\webapps\cocoon\exslt\func\elements\result\func.result.2.xml --> ftp.exslt.org /www.exslt.org/public_html/func/elements/result func.result.2.xml
102.11.19 13:15 B C:\jakarta-tomcat-3.2.4\webapps\cocoon\exslt\func\elements\result\func.result.3.html --> ftp.exslt.org /www.exslt.org/public_html/func/elements/result func.result.3.html
102.11.19 13:15 B C:\jakarta-tomcat-3.2.4\webapps\cocoon\exslt\func\elements\result\func.result.html --> ftp.exslt.org /www.exslt.org/public_html/func/elements/result func.result.html
102.11.19 13:15 B C:\jakarta-tomcat-3.2.4\webapps\cocoon\exslt\func\elements\result\func.result.package.txt --> ftp.exslt.org /www.exslt.org/public_html/func/elements/result func.result.package.txt
102.11.19 13:15 B C:\jakarta-tomcat-3.2.4\webapps\cocoon\exslt\func\elements\result\func.result.use-cases.txt --> ftp.exslt.org /www.exslt.org/public_html/func/elements/result func.result.use-cases.txt
102.11.19 13:15 B C:\jakarta-tomcat-3.2.4\webapps\cocoon\exslt\func\elements\result\func.result.use-cases.zip --> ftp.exslt.org /www.exslt.org/public_html/func/elements/result func.result.use-cases.zip
102.11.19 13:15 B C:\jakarta-tomcat-3.2.4\webapps\cocoon\exslt\func\elements\result\func.result.xml --> ftp.exslt.org /www.exslt.org/public_html/func/elements/result func.result.xml
102.11.19 13:15 B C:\jakarta-tomcat-3.2.4\webapps\cocoon\exslt\func\elements\result\func.result.zip --> ftp.exslt.org /www.exslt.org/public_html/func/elements/result func.result.zip
102.11.19 13:15 B C:\jakarta-tomcat-3.2.4\webapps\cocoon\exslt\func\elements\result\index.html --> ftp.exslt.org /www.exslt.org/public_html/func/elements/result index.html
102.11.19 13:15 B C:\jakarta-tomcat-3.2.4\webapps\cocoon\exslt\func\elements\result\refresh.bat --> ftp.exslt.org /www.exslt.org/public_html/func/elements/result refresh.bat
102.11.19 13:15 B C:\jakarta-tomcat-3.2.4\webapps\cocoon\exslt\func\elements\result\update.bat --> ftp.exslt.org /www.exslt.org/public_html/func/elements/result update.bat
102.11.19 13:15 B C:\jakarta-tomcat-3.2.4\webapps\cocoon\exslt\func\elements\result\WS_FTP.LOG --> ftp.exslt.org /www.exslt.org/public_html/func/elements/result WS_FTP.LOG
102.11.19 13:22 B C:\jakarta-tomcat-3.2.4\webapps\cocoon\exslt\func\elements\result\base.css --> ftp.exslt.org /www.exslt.org/public_html/func/elements/result base.css
102.11.19 13:22 B C:\jakarta-tomcat-3.2.4\webapps\cocoon\exslt\func\elements\result\func.result.1.xml --> ftp.exslt.org /www.exslt.org/public_html/func/elements/result func.result.1.xml
102.11.19 13:22 B C:\jakarta-tomcat-3.2.4\webapps\cocoon\exslt\func\elements\result\func.result.2.xml --> ftp.exslt.org /www.exslt.org/public_html/func/elements/result func.result.2.xml
102.11.19 13:22 B C:\jakarta-tomcat-3.2.4\webapps\cocoon\exslt\func\elements\result\func.result.3.html --> ftp.exslt.org /www.exslt.org/public_html/func/elements/result func.result.3.html
102.11.19 13:22 B C:\jakarta-tomcat-3.2.4\webapps\cocoon\exslt\func\elements\result\func.result.html --> ftp.exslt.org /www.exslt.org/public_html/func/elements/result func.result.html
102.11.19 13:22 B C:\jakarta-tomcat-3.2.4\webapps\cocoon\exslt\func\elements\result\func.result.package.txt --> ftp.exslt.org /www.exslt.org/public_html/func/elements/result func.result.package.txt
102.11.19 13:22 B C:\jakarta-tomcat-3.2.4\webapps\cocoon\exslt\func\elements\result\func.result.use-cases.txt --> ftp.exslt.org /www.exslt.org/public_html/func/elements/result func.result.use-cases.txt
102.11.19 13:22 B C:\jakarta-tomcat-3.2.4\webapps\cocoon\exslt\func\elements\result\func.result.use-cases.zip --> ftp.exslt.org /www.exslt.org/public_html/func/elements/result func.result.use-cases.zip
102.11.19 13:22 B C:\jakarta-tomcat-3.2.4\webapps\cocoon\exslt\func\elements\result\func.result.xml --> ftp.exslt.org /www.exslt.org/public_html/func/elements/result func.result.xml
102.11.19 13:22 B C:\jakarta-tomcat-3.2.4\webapps\cocoon\exslt\func\elements\result\func.result.zip --> ftp.exslt.org /www.exslt.org/public_html/func/elements/result func.result.zip
102.11.19 13:22 B C:\jakarta-tomcat-3.2.4\webapps\cocoon\exslt\func\elements\result\index.html --> ftp.exslt.org /www.exslt.org/public_html/func/elements/result index.html
102.11.19 13:22 B C:\jakarta-tomcat-3.2.4\webapps\cocoon\exslt\func\elements\result\refresh.bat --> ftp.exslt.org /www.exslt.org/public_html/func/elements/result refresh.bat
102.11.19 13:22 B C:\jakarta-tomcat-3.2.4\webapps\cocoon\exslt\func\elements\result\update.bat --> ftp.exslt.org /www.exslt.org/public_html/func/elements/result update.bat
102.12.02 12:22 B C:\jakarta-tomcat-3.2.4\webapps\cocoon\exslt\public_html\func\elements\result\WS_FTP.LOG <-- ftp.exslt.org /www.exslt.org/public_html/func/elements/result WS_FTP.LOG
102.12.03 11:11 B C:\jakarta-tomcat-3.2.4\webapps\cocoon\exslt\func\elements\result\base.css --> ftp.exslt.org /www.exslt.org/public_html/func/elements/result base.css
102.12.03 11:11 B C:\jakarta-tomcat-3.2.4\webapps\cocoon\exslt\func\elements\result\func.result.1.xml --> ftp.exslt.org /www.exslt.org/public_html/func/elements/result func.result.1.xml
102.12.03 11:11 B C:\jakarta-tomcat-3.2.4\webapps\cocoon\exslt\func\elements\result\func.result.2.xml --> ftp.exslt.org /www.exslt.org/public_html/func/elements/result func.result.2.xml
102.12.03 11:11 B C:\jakarta-tomcat-3.2.4\webapps\cocoon\exslt\func\elements\result\func.result.3.html --> ftp.exslt.org /www.exslt.org/public_html/func/elements/result func.result.3.html
102.12.03 11:11 B C:\jakarta-tomcat-3.2.4\webapps\cocoon\exslt\func\elements\result\func.result.html --> ftp.exslt.org /www.exslt.org/public_html/func/elements/result func.result.html
102.12.03 11:11 B C:\jakarta-tomcat-3.2.4\webapps\cocoon\exslt\func\elements\result\func.result.package.txt --> ftp.exslt.org /www.exslt.org/public_html/func/elements/result func.result.package.txt
102.12.03 11:11 B C:\jakarta-tomcat-3.2.4\webapps\cocoon\exslt\func\elements\result\func.result.use-cases.txt --> ftp.exslt.org /www.exslt.org/public_html/func/elements/result func.result.use-cases.txt
102.12.03 11:11 B C:\jakarta-tomcat-3.2.4\webapps\cocoon\exslt\func\elements\result\func.result.use-cases.zip --> ftp.exslt.org /www.exslt.org/public_html/func/elements/result func.result.use-cases.zip
102.12.03 11:11 B C:\jakarta-tomcat-3.2.4\webapps\cocoon\exslt\func\elements\result\func.result.xml --> ftp.exslt.org /www.exslt.org/public_html/func/elements/result func.result.xml
102.12.03 11:11 B C:\jakarta-tomcat-3.2.4\webapps\cocoon\exslt\func\elements\result\func.result.zip --> ftp.exslt.org /www.exslt.org/public_html/func/elements/result func.result.zip
102.12.03 11:11 B C:\jakarta-tomcat-3.2.4\webapps\cocoon\exslt\func\elements\result\index.html --> ftp.exslt.org /www.exslt.org/public_html/func/elements/result index.html
102.12.03 11:11 B C:\jakarta-tomcat-3.2.4\webapps\cocoon\exslt\func\elements\result\refresh.bat --> ftp.exslt.org /www.exslt.org/public_html/func/elements/result refresh.bat
102.12.03 11:11 B C:\jakarta-tomcat-3.2.4\webapps\cocoon\exslt\func\elements\result\update.bat --> ftp.exslt.org /www.exslt.org/public_html/func/elements/result update.bat
102.12.03 11:11 B C:\jakarta-tomcat-3.2.4\webapps\cocoon\exslt\func\elements\result\WS_FTP.LOG --> ftp.exslt.org /www.exslt.org/public_html/func/elements/result WS_FTP.LOG
102.12.11 11:05 B C:\jakarta-tomcat-3.2.4\webapps\cocoon\exslt\func\elements\result\base.css --> ftp.exslt.org /www.exslt.org/public_html/func/elements/result base.css
102.12.11 11:05 B C:\jakarta-tomcat-3.2.4\webapps\cocoon\exslt\func\elements\result\func.result.1.xml --> ftp.exslt.org /www.exslt.org/public_html/func/elements/result func.result.1.xml
102.12.11 11:05 B C:\jakarta-tomcat-3.2.4\webapps\cocoon\exslt\func\elements\result\func.result.2.xml --> ftp.exslt.org /www.exslt.org/public_html/func/elements/result func.result.2.xml
102.12.11 11:05 B C:\jakarta-tomcat-3.2.4\webapps\cocoon\exslt\func\elements\result\func.result.3.html --> ftp.exslt.org /www.exslt.org/public_html/func/elements/result func.result.3.html
102.12.11 11:05 B C:\jakarta-tomcat-3.2.4\webapps\cocoon\exslt\func\elements\result\func.result.html --> ftp.exslt.org /www.exslt.org/public_html/func/elements/result func.result.html
102.12.11 11:05 B C:\jakarta-tomcat-3.2.4\webapps\cocoon\exslt\func\elements\result\func.result.package.txt --> ftp.exslt.org /www.exslt.org/public_html/func/elements/result func.result.package.txt
102.12.11 11:05 B C:\jakarta-tomcat-3.2.4\webapps\cocoon\exslt\func\elements\result\func.result.use-cases.txt --> ftp.exslt.org /www.exslt.org/public_html/func/elements/result func.result.use-cases.txt
102.12.11 11:05 B C:\jakarta-tomcat-3.2.4\webapps\cocoon\exslt\func\elements\result\func.result.use-cases.zip --> ftp.exslt.org /www.exslt.org/public_html/func/elements/result func.result.use-cases.zip
102.12.11 11:05 B C:\jakarta-tomcat-3.2.4\webapps\cocoon\exslt\func\elements\result\func.result.xml --> ftp.exslt.org /www.exslt.org/public_html/func/elements/result func.result.xml
102.12.11 11:05 B C:\jakarta-tomcat-3.2.4\webapps\cocoon\exslt\func\elements\result\func.result.zip --> ftp.exslt.org /www.exslt.org/public_html/func/elements/result func.result.zip
102.12.11 11:05 B C:\jakarta-tomcat-3.2.4\webapps\cocoon\exslt\func\elements\result\index.html --> ftp.exslt.org /www.exslt.org/public_html/func/elements/result index.html
102.12.11 11:05 B C:\jakarta-tomcat-3.2.4\webapps\cocoon\exslt\func\elements\result\refresh.bat --> ftp.exslt.org /www.exslt.org/public_html/func/elements/result refresh.bat
102.12.11 11:05 B C:\jakarta-tomcat-3.2.4\webapps\cocoon\exslt\func\elements\result\update.bat --> ftp.exslt.org /www.exslt.org/public_html/func/elements/result update.bat
103.09.29 15:36 B C:\jakarta-tomcat-3.2.4\webapps\cocoon\exslt\func\elements\result\WS_FTP.LOG <-- ftp.exslt.org /www.exslt.org/public_html/func/elements/result WS_FTP.LOG
103.10.21 13:07 B C:\jakarta-tomcat-3.2.4\webapps\cocoon\exslt\func\elements\result\base.css --> marian.cs.nott.ac.uk /stud/pg/cds/exslt/func/elements/result base.css
103.10.21 13:07 B C:\jakarta-tomcat-3.2.4\webapps\cocoon\exslt\func\elements\result\func.result.1.xml --> marian.cs.nott.ac.uk /stud/pg/cds/exslt/func/elements/result func.result.1.xml
103.10.21 13:07 B C:\jakarta-tomcat-3.2.4\webapps\cocoon\exslt\func\elements\result\func.result.2.xml --> marian.cs.nott.ac.uk /stud/pg/cds/exslt/func/elements/result func.result.2.xml
103.10.21 13:07 B C:\jakarta-tomcat-3.2.4\webapps\cocoon\exslt\func\elements\result\func.result.3.html --> marian.cs.nott.ac.uk /stud/pg/cds/exslt/func/elements/result func.result.3.html
103.10.21 13:07 B C:\jakarta-tomcat-3.2.4\webapps\cocoon\exslt\func\elements\result\func.result.html --> marian.cs.nott.ac.uk /stud/pg/cds/exslt/func/elements/result func.result.html
103.10.21 13:07 B C:\jakarta-tomcat-3.2.4\webapps\cocoon\exslt\func\elements\result\func.result.package.txt --> marian.cs.nott.ac.uk /stud/pg/cds/exslt/func/elements/result func.result.package.txt
103.10.21 13:07 B C:\jakarta-tomcat-3.2.4\webapps\cocoon\exslt\func\elements\result\func.result.use-cases.txt --> marian.cs.nott.ac.uk /stud/pg/cds/exslt/func/elements/result func.result.use-cases.txt
103.10.21 13:07 B C:\jakarta-tomcat-3.2.4\webapps\cocoon\exslt\func\elements\result\func.result.use-cases.zip --> marian.cs.nott.ac.uk /stud/pg/cds/exslt/func/elements/result func.result.use-cases.zip
103.10.21 13:07 B C:\jakarta-tomcat-3.2.4\webapps\cocoon\exslt\func\elements\result\func.result.xml --> marian.cs.nott.ac.uk /stud/pg/cds/exslt/func/elements/result func.result.xml
103.10.21 13:07 B C:\jakarta-tomcat-3.2.4\webapps\cocoon\exslt\func\elements\result\func.result.zip --> marian.cs.nott.ac.uk /stud/pg/cds/exslt/func/elements/result func.result.zip
103.10.21 13:07 B C:\jakarta-tomcat-3.2.4\webapps\cocoon\exslt\func\elements\result\index.html --> marian.cs.nott.ac.uk /stud/pg/cds/exslt/func/elements/result index.html
103.10.21 13:07 B C:\jakarta-tomcat-3.2.4\webapps\cocoon\exslt\func\elements\result\refresh.bat --> marian.cs.nott.ac.uk /stud/pg/cds/exslt/func/elements/result refresh.bat
103.10.21 13:07 B C:\jakarta-tomcat-3.2.4\webapps\cocoon\exslt\func\elements\result\update.bat --> marian.cs.nott.ac.uk /stud/pg/cds/exslt/func/elements/result update.bat
103.10.21 13:07 B C:\jakarta-tomcat-3.2.4\webapps\cocoon\exslt\func\elements\result\WS_FTP.LOG --> marian.cs.nott.ac.uk /stud/pg/cds/exslt/func/elements/result WS_FTP.LOG
103.10.23 15:51 B C:\jakarta-tomcat-3.2.4\webapps\cocoon\exslt\func\elements\result\base.css --> ftp.exslt.org /www.exslt.org/public_html/func/elements/result base.css
103.10.23 15:51 B C:\jakarta-tomcat-3.2.4\webapps\cocoon\exslt\func\elements\result\func.result.1.xml --> ftp.exslt.org /www.exslt.org/public_html/func/elements/result func.result.1.xml
103.10.23 15:51 B C:\jakarta-tomcat-3.2.4\webapps\cocoon\exslt\func\elements\result\func.result.2.xml --> ftp.exslt.org /www.exslt.org/public_html/func/elements/result func.result.2.xml
103.10.23 15:51 B C:\jakarta-tomcat-3.2.4\webapps\cocoon\exslt\func\elements\result\func.result.3.html --> ftp.exslt.org /www.exslt.org/public_html/func/elements/result func.result.3.html
103.10.23 15:51 B C:\jakarta-tomcat-3.2.4\webapps\cocoon\exslt\func\elements\result\func.result.html --> ftp.exslt.org /www.exslt.org/public_html/func/elements/result func.result.html
103.10.23 15:51 B C:\jakarta-tomcat-3.2.4\webapps\cocoon\exslt\func\elements\result\func.result.package.txt --> ftp.exslt.org /www.exslt.org/public_html/func/elements/result func.result.package.txt
103.10.23 15:51 B C:\jakarta-tomcat-3.2.4\webapps\cocoon\exslt\func\elements\result\func.result.use-cases.txt --> ftp.exslt.org /www.exslt.org/public_html/func/elements/result func.result.use-cases.txt
103.10.23 15:51 B C:\jakarta-tomcat-3.2.4\webapps\cocoon\exslt\func\elements\result\func.result.use-cases.zip --> ftp.exslt.org /www.exslt.org/public_html/func/elements/result func.result.use-cases.zip
103.10.23 15:51 B C:\jakarta-tomcat-3.2.4\webapps\cocoon\exslt\func\elements\result\func.result.xml --> ftp.exslt.org /www.exslt.org/public_html/func/elements/result func.result.xml
103.10.23 15:51 B C:\jakarta-tomcat-3.2.4\webapps\cocoon\exslt\func\elements\result\func.result.zip --> ftp.exslt.org /www.exslt.org/public_html/func/elements/result func.result.zip
103.10.23 15:52 B C:\jakarta-tomcat-3.2.4\webapps\cocoon\exslt\func\elements\result\index.html --> ftp.exslt.org /www.exslt.org/public_html/func/elements/result index.html
103.10.23 15:52 B C:\jakarta-tomcat-3.2.4\webapps\cocoon\exslt\func\elements\result\refresh.bat --> ftp.exslt.org /www.exslt.org/public_html/func/elements/result refresh.bat
103.10.23 15:52 B C:\jakarta-tomcat-3.2.4\webapps\cocoon\exslt\func\elements\result\update.bat --> ftp.exslt.org /www.exslt.org/public_html/func/elements/result update.bat
103.10.23 15:52 B C:\jakarta-tomcat-3.2.4\webapps\cocoon\exslt\func\elements\result\WS_FTP.LOG --> ftp.exslt.org /www.exslt.org/public_html/func/elements/result WS_FTP.LOG
103.10.23 16:11 B C:\jakarta-tomcat-3.2.4\webapps\cocoon\exslt\func\elements\result\base.css --> ftp.exslt.org /www.exslt.org/public_html/func/elements/result base.css
103.10.23 16:11 B C:\jakarta-tomcat-3.2.4\webapps\cocoon\exslt\func\elements\result\func.result.1.xml --> ftp.exslt.org /www.exslt.org/public_html/func/elements/result func.result.1.xml
103.10.23 16:11 B C:\jakarta-tomcat-3.2.4\webapps\cocoon\exslt\func\elements\result\func.result.2.xml --> ftp.exslt.org /www.exslt.org/public_html/func/elements/result func.result.2.xml
103.10.23 16:11 B C:\jakarta-tomcat-3.2.4\webapps\cocoon\exslt\func\elements\result\func.result.3.html --> ftp.exslt.org /www.exslt.org/public_html/func/elements/result func.result.3.html
103.10.23 16:11 B C:\jakarta-tomcat-3.2.4\webapps\cocoon\exslt\func\elements\result\func.result.html --> ftp.exslt.org /www.exslt.org/public_html/func/elements/result func.result.html
103.10.23 16:11 B C:\jakarta-tomcat-3.2.4\webapps\cocoon\exslt\func\elements\result\func.result.package.txt --> ftp.exslt.org /www.exslt.org/public_html/func/elements/result func.result.package.txt
103.10.23 16:11 B C:\jakarta-tomcat-3.2.4\webapps\cocoon\exslt\func\elements\result\func.result.use-cases.txt --> ftp.exslt.org /www.exslt.org/public_html/func/elements/result func.result.use-cases.txt
103.10.23 16:11 B C:\jakarta-tomcat-3.2.4\webapps\cocoon\exslt\func\elements\result\func.result.use-cases.zip --> ftp.exslt.org /www.exslt.org/public_html/func/elements/result func.result.use-cases.zip
103.10.23 16:11 B C:\jakarta-tomcat-3.2.4\webapps\cocoon\exslt\func\elements\result\func.result.xml --> ftp.exslt.org /www.exslt.org/public_html/func/elements/result func.result.xml
103.10.23 16:11 B C:\jakarta-tomcat-3.2.4\webapps\cocoon\exslt\func\elements\result\func.result.zip --> ftp.exslt.org /www.exslt.org/public_html/func/elements/result func.result.zip
103.10.23 16:11 B C:\jakarta-tomcat-3.2.4\webapps\cocoon\exslt\func\elements\result\index.html --> ftp.exslt.org /www.exslt.org/public_html/func/elements/result index.html
103.10.23 16:12 B C:\jakarta-tomcat-3.2.4\webapps\cocoon\exslt\func\elements\result\refresh.bat --> ftp.exslt.org /www.exslt.org/public_html/func/elements/result refresh.bat
103.10.23 16:12 B C:\jakarta-tomcat-3.2.4\webapps\cocoon\exslt\func\elements\result\update.bat --> ftp.exslt.org /www.exslt.org/public_html/func/elements/result update.bat
