102.08.21 17:25 B C:\jakarta-tomcat-3.2.4\webapps\cocoon\exslt\date\functions\week-in-month\base.css --> ftp.exslt.org /www.exslt.org/public_html/date/functions/week-in-month base.css
102.08.21 17:25 B C:\jakarta-tomcat-3.2.4\webapps\cocoon\exslt\date\functions\week-in-month\date.js --> ftp.exslt.org /www.exslt.org/public_html/date/functions/week-in-month date.js
102.08.21 17:25 B C:\jakarta-tomcat-3.2.4\webapps\cocoon\exslt\date\functions\week-in-month\date.js.html --> ftp.exslt.org /www.exslt.org/public_html/date/functions/week-in-month date.js.html
102.08.21 17:25 B C:\jakarta-tomcat-3.2.4\webapps\cocoon\exslt\date\functions\week-in-month\date.msxsl.xsl --> ftp.exslt.org /www.exslt.org/public_html/date/functions/week-in-month date.msxsl.xsl
102.08.21 17:25 B C:\jakarta-tomcat-3.2.4\webapps\cocoon\exslt\date\functions\week-in-month\date.msxsl.xsl.html --> ftp.exslt.org /www.exslt.org/public_html/date/functions/week-in-month date.msxsl.xsl.html
102.08.21 17:25 B C:\jakarta-tomcat-3.2.4\webapps\cocoon\exslt\date\functions\week-in-month\date.week-in-month.3.html --> ftp.exslt.org /www.exslt.org/public_html/date/functions/week-in-month date.week-in-month.3.html
102.08.21 17:25 B C:\jakarta-tomcat-3.2.4\webapps\cocoon\exslt\date\functions\week-in-month\date.week-in-month.function.xsl --> ftp.exslt.org /www.exslt.org/public_html/date/functions/week-in-month date.week-in-month.function.xsl
102.08.21 17:25 B C:\jakarta-tomcat-3.2.4\webapps\cocoon\exslt\date\functions\week-in-month\date.week-in-month.function.xsl.html --> ftp.exslt.org /www.exslt.org/public_html/date/functions/week-in-month date.week-in-month.function.xsl.html
102.08.21 17:25 B C:\jakarta-tomcat-3.2.4\webapps\cocoon\exslt\date\functions\week-in-month\date.week-in-month.html --> ftp.exslt.org /www.exslt.org/public_html/date/functions/week-in-month date.week-in-month.html
102.08.21 17:25 B C:\jakarta-tomcat-3.2.4\webapps\cocoon\exslt\date\functions\week-in-month\date.week-in-month.package.txt --> ftp.exslt.org /www.exslt.org/public_html/date/functions/week-in-month date.week-in-month.package.txt
102.08.21 17:25 B C:\jakarta-tomcat-3.2.4\webapps\cocoon\exslt\date\functions\week-in-month\date.week-in-month.template.xsl --> ftp.exslt.org /www.exslt.org/public_html/date/functions/week-in-month date.week-in-month.template.xsl
102.08.21 17:25 B C:\jakarta-tomcat-3.2.4\webapps\cocoon\exslt\date\functions\week-in-month\date.week-in-month.template.xsl.html --> ftp.exslt.org /www.exslt.org/public_html/date/functions/week-in-month date.week-in-month.template.xsl.html
102.08.21 17:25 B C:\jakarta-tomcat-3.2.4\webapps\cocoon\exslt\date\functions\week-in-month\date.week-in-month.use-cases.txt --> ftp.exslt.org /www.exslt.org/public_html/date/functions/week-in-month date.week-in-month.use-cases.txt
102.08.21 17:25 B C:\jakarta-tomcat-3.2.4\webapps\cocoon\exslt\date\functions\week-in-month\date.week-in-month.use-cases.zip --> ftp.exslt.org /www.exslt.org/public_html/date/functions/week-in-month date.week-in-month.use-cases.zip
102.08.21 17:25 B C:\jakarta-tomcat-3.2.4\webapps\cocoon\exslt\date\functions\week-in-month\date.week-in-month.xml --> ftp.exslt.org /www.exslt.org/public_html/date/functions/week-in-month date.week-in-month.xml
102.08.21 17:25 B C:\jakarta-tomcat-3.2.4\webapps\cocoon\exslt\date\functions\week-in-month\date.week-in-month.xsl --> ftp.exslt.org /www.exslt.org/public_html/date/functions/week-in-month date.week-in-month.xsl
102.08.21 17:25 B C:\jakarta-tomcat-3.2.4\webapps\cocoon\exslt\date\functions\week-in-month\date.week-in-month.zip --> ftp.exslt.org /www.exslt.org/public_html/date/functions/week-in-month date.week-in-month.zip
102.08.21 17:25 B C:\jakarta-tomcat-3.2.4\webapps\cocoon\exslt\date\functions\week-in-month\index.html --> ftp.exslt.org /www.exslt.org/public_html/date/functions/week-in-month index.html
102.08.21 17:25 B C:\jakarta-tomcat-3.2.4\webapps\cocoon\exslt\date\functions\week-in-month\refresh.bat --> ftp.exslt.org /www.exslt.org/public_html/date/functions/week-in-month refresh.bat
102.08.21 17:25 B C:\jakarta-tomcat-3.2.4\webapps\cocoon\exslt\date\functions\week-in-month\update.bat --> ftp.exslt.org /www.exslt.org/public_html/date/functions/week-in-month update.bat
102.08.21 17:31 B C:\jakarta-tomcat-3.2.4\webapps\cocoon\exslt\date\functions\week-in-month\base.css --> ftp.exslt.org /www.exslt.org/public_html/date/functions/week-in-month base.css
102.08.21 17:31 B C:\jakarta-tomcat-3.2.4\webapps\cocoon\exslt\date\functions\week-in-month\date.js --> ftp.exslt.org /www.exslt.org/public_html/date/functions/week-in-month date.js
102.08.21 17:31 B C:\jakarta-tomcat-3.2.4\webapps\cocoon\exslt\date\functions\week-in-month\date.js.html --> ftp.exslt.org /www.exslt.org/public_html/date/functions/week-in-month date.js.html
102.08.21 17:31 B C:\jakarta-tomcat-3.2.4\webapps\cocoon\exslt\date\functions\week-in-month\date.msxsl.xsl --> ftp.exslt.org /www.exslt.org/public_html/date/functions/week-in-month date.msxsl.xsl
102.08.21 17:31 B C:\jakarta-tomcat-3.2.4\webapps\cocoon\exslt\date\functions\week-in-month\date.msxsl.xsl.html --> ftp.exslt.org /www.exslt.org/public_html/date/functions/week-in-month date.msxsl.xsl.html
102.08.21 17:31 B C:\jakarta-tomcat-3.2.4\webapps\cocoon\exslt\date\functions\week-in-month\date.week-in-month.3.html --> ftp.exslt.org /www.exslt.org/public_html/date/functions/week-in-month date.week-in-month.3.html
102.08.21 17:31 B C:\jakarta-tomcat-3.2.4\webapps\cocoon\exslt\date\functions\week-in-month\date.week-in-month.function.xsl --> ftp.exslt.org /www.exslt.org/public_html/date/functions/week-in-month date.week-in-month.function.xsl
102.08.21 17:31 B C:\jakarta-tomcat-3.2.4\webapps\cocoon\exslt\date\functions\week-in-month\date.week-in-month.function.xsl.html --> ftp.exslt.org /www.exslt.org/public_html/date/functions/week-in-month date.week-in-month.function.xsl.html
102.08.21 17:31 B C:\jakarta-tomcat-3.2.4\webapps\cocoon\exslt\date\functions\week-in-month\date.week-in-month.html --> ftp.exslt.org /www.exslt.org/public_html/date/functions/week-in-month date.week-in-month.html
102.08.21 17:31 B C:\jakarta-tomcat-3.2.4\webapps\cocoon\exslt\date\functions\week-in-month\date.week-in-month.package.txt --> ftp.exslt.org /www.exslt.org/public_html/date/functions/week-in-month date.week-in-month.package.txt
102.08.21 17:31 B C:\jakarta-tomcat-3.2.4\webapps\cocoon\exslt\date\functions\week-in-month\date.week-in-month.template.xsl --> ftp.exslt.org /www.exslt.org/public_html/date/functions/week-in-month date.week-in-month.template.xsl
102.08.21 17:31 B C:\jakarta-tomcat-3.2.4\webapps\cocoon\exslt\date\functions\week-in-month\date.week-in-month.template.xsl.html --> ftp.exslt.org /www.exslt.org/public_html/date/functions/week-in-month date.week-in-month.template.xsl.html
102.08.21 17:31 B C:\jakarta-tomcat-3.2.4\webapps\cocoon\exslt\date\functions\week-in-month\date.week-in-month.use-cases.txt --> ftp.exslt.org /www.exslt.org/public_html/date/functions/week-in-month date.week-in-month.use-cases.txt
102.08.21 17:31 B C:\jakarta-tomcat-3.2.4\webapps\cocoon\exslt\date\functions\week-in-month\date.week-in-month.use-cases.zip --> ftp.exslt.org /www.exslt.org/public_html/date/functions/week-in-month date.week-in-month.use-cases.zip
102.08.21 17:31 B C:\jakarta-tomcat-3.2.4\webapps\cocoon\exslt\date\functions\week-in-month\date.week-in-month.xml --> ftp.exslt.org /www.exslt.org/public_html/date/functions/week-in-month date.week-in-month.xml
102.08.21 17:31 B C:\jakarta-tomcat-3.2.4\webapps\cocoon\exslt\date\functions\week-in-month\date.week-in-month.xsl --> ftp.exslt.org /www.exslt.org/public_html/date/functions/week-in-month date.week-in-month.xsl
102.08.21 17:31 B C:\jakarta-tomcat-3.2.4\webapps\cocoon\exslt\date\functions\week-in-month\date.week-in-month.zip --> ftp.exslt.org /www.exslt.org/public_html/date/functions/week-in-month date.week-in-month.zip
102.08.21 17:31 B C:\jakarta-tomcat-3.2.4\webapps\cocoon\exslt\date\functions\week-in-month\index.html --> ftp.exslt.org /www.exslt.org/public_html/date/functions/week-in-month index.html
102.08.21 17:31 B C:\jakarta-tomcat-3.2.4\webapps\cocoon\exslt\date\functions\week-in-month\refresh.bat --> ftp.exslt.org /www.exslt.org/public_html/date/functions/week-in-month refresh.bat
102.08.21 17:31 B C:\jakarta-tomcat-3.2.4\webapps\cocoon\exslt\date\functions\week-in-month\update.bat --> ftp.exslt.org /www.exslt.org/public_html/date/functions/week-in-month update.bat
102.08.21 17:31 B C:\jakarta-tomcat-3.2.4\webapps\cocoon\exslt\date\functions\week-in-month\WS_FTP.LOG --> ftp.exslt.org /www.exslt.org/public_html/date/functions/week-in-month WS_FTP.LOG
102.11.19 13:15 B C:\jakarta-tomcat-3.2.4\webapps\cocoon\exslt\date\functions\week-in-month\base.css --> ftp.exslt.org /www.exslt.org/public_html/date/functions/week-in-month base.css
102.11.19 13:15 B C:\jakarta-tomcat-3.2.4\webapps\cocoon\exslt\date\functions\week-in-month\date.js --> ftp.exslt.org /www.exslt.org/public_html/date/functions/week-in-month date.js
102.11.19 13:15 B C:\jakarta-tomcat-3.2.4\webapps\cocoon\exslt\date\functions\week-in-month\date.js.html --> ftp.exslt.org /www.exslt.org/public_html/date/functions/week-in-month date.js.html
102.11.19 13:15 B C:\jakarta-tomcat-3.2.4\webapps\cocoon\exslt\date\functions\week-in-month\date.msxsl.xsl --> ftp.exslt.org /www.exslt.org/public_html/date/functions/week-in-month date.msxsl.xsl
102.11.19 13:15 B C:\jakarta-tomcat-3.2.4\webapps\cocoon\exslt\date\functions\week-in-month\date.msxsl.xsl.html --> ftp.exslt.org /www.exslt.org/public_html/date/functions/week-in-month date.msxsl.xsl.html
102.11.19 13:15 B C:\jakarta-tomcat-3.2.4\webapps\cocoon\exslt\date\functions\week-in-month\date.week-in-month.3.html --> ftp.exslt.org /www.exslt.org/public_html/date/functions/week-in-month date.week-in-month.3.html
102.11.19 13:15 B C:\jakarta-tomcat-3.2.4\webapps\cocoon\exslt\date\functions\week-in-month\date.week-in-month.function.xsl --> ftp.exslt.org /www.exslt.org/public_html/date/functions/week-in-month date.week-in-month.function.xsl
102.11.19 13:15 B C:\jakarta-tomcat-3.2.4\webapps\cocoon\exslt\date\functions\week-in-month\date.week-in-month.function.xsl.html --> ftp.exslt.org /www.exslt.org/public_html/date/functions/week-in-month date.week-in-month.function.xsl.html
102.11.19 13:15 B C:\jakarta-tomcat-3.2.4\webapps\cocoon\exslt\date\functions\week-in-month\date.week-in-month.html --> ftp.exslt.org /www.exslt.org/public_html/date/functions/week-in-month date.week-in-month.html
102.11.19 13:15 B C:\jakarta-tomcat-3.2.4\webapps\cocoon\exslt\date\functions\week-in-month\date.week-in-month.package.txt --> ftp.exslt.org /www.exslt.org/public_html/date/functions/week-in-month date.week-in-month.package.txt
102.11.19 13:15 B C:\jakarta-tomcat-3.2.4\webapps\cocoon\exslt\date\functions\week-in-month\date.week-in-month.template.xsl --> ftp.exslt.org /www.exslt.org/public_html/date/functions/week-in-month date.week-in-month.template.xsl
102.11.19 13:15 B C:\jakarta-tomcat-3.2.4\webapps\cocoon\exslt\date\functions\week-in-month\date.week-in-month.template.xsl.html --> ftp.exslt.org /www.exslt.org/public_html/date/functions/week-in-month date.week-in-month.template.xsl.html
102.11.19 13:15 B C:\jakarta-tomcat-3.2.4\webapps\cocoon\exslt\date\functions\week-in-month\date.week-in-month.use-cases.txt --> ftp.exslt.org /www.exslt.org/public_html/date/functions/week-in-month date.week-in-month.use-cases.txt
102.11.19 13:15 B C:\jakarta-tomcat-3.2.4\webapps\cocoon\exslt\date\functions\week-in-month\date.week-in-month.use-cases.zip --> ftp.exslt.org /www.exslt.org/public_html/date/functions/week-in-month date.week-in-month.use-cases.zip
102.11.19 13:15 B C:\jakarta-tomcat-3.2.4\webapps\cocoon\exslt\date\functions\week-in-month\date.week-in-month.xml --> ftp.exslt.org /www.exslt.org/public_html/date/functions/week-in-month date.week-in-month.xml
102.11.19 13:15 B C:\jakarta-tomcat-3.2.4\webapps\cocoon\exslt\date\functions\week-in-month\date.week-in-month.xsl --> ftp.exslt.org /www.exslt.org/public_html/date/functions/week-in-month date.week-in-month.xsl
102.11.19 13:15 B C:\jakarta-tomcat-3.2.4\webapps\cocoon\exslt\date\functions\week-in-month\date.week-in-month.zip --> ftp.exslt.org /www.exslt.org/public_html/date/functions/week-in-month date.week-in-month.zip
102.11.19 13:15 B C:\jakarta-tomcat-3.2.4\webapps\cocoon\exslt\date\functions\week-in-month\index.html --> ftp.exslt.org /www.exslt.org/public_html/date/functions/week-in-month index.html
102.11.19 13:15 B C:\jakarta-tomcat-3.2.4\webapps\cocoon\exslt\date\functions\week-in-month\refresh.bat --> ftp.exslt.org /www.exslt.org/public_html/date/functions/week-in-month refresh.bat
102.11.19 13:15 B C:\jakarta-tomcat-3.2.4\webapps\cocoon\exslt\date\functions\week-in-month\update.bat --> ftp.exslt.org /www.exslt.org/public_html/date/functions/week-in-month update.bat
102.11.19 13:15 B C:\jakarta-tomcat-3.2.4\webapps\cocoon\exslt\date\functions\week-in-month\WS_FTP.LOG --> ftp.exslt.org /www.exslt.org/public_html/date/functions/week-in-month WS_FTP.LOG
102.11.19 13:21 B C:\jakarta-tomcat-3.2.4\webapps\cocoon\exslt\date\functions\week-in-month\base.css --> ftp.exslt.org /www.exslt.org/public_html/date/functions/week-in-month base.css
102.11.19 13:21 B C:\jakarta-tomcat-3.2.4\webapps\cocoon\exslt\date\functions\week-in-month\date.js --> ftp.exslt.org /www.exslt.org/public_html/date/functions/week-in-month date.js
102.11.19 13:21 B C:\jakarta-tomcat-3.2.4\webapps\cocoon\exslt\date\functions\week-in-month\date.js.html --> ftp.exslt.org /www.exslt.org/public_html/date/functions/week-in-month date.js.html
102.11.19 13:21 B C:\jakarta-tomcat-3.2.4\webapps\cocoon\exslt\date\functions\week-in-month\date.msxsl.xsl --> ftp.exslt.org /www.exslt.org/public_html/date/functions/week-in-month date.msxsl.xsl
102.11.19 13:21 B C:\jakarta-tomcat-3.2.4\webapps\cocoon\exslt\date\functions\week-in-month\date.msxsl.xsl.html --> ftp.exslt.org /www.exslt.org/public_html/date/functions/week-in-month date.msxsl.xsl.html
102.11.19 13:21 B C:\jakarta-tomcat-3.2.4\webapps\cocoon\exslt\date\functions\week-in-month\date.week-in-month.3.html --> ftp.exslt.org /www.exslt.org/public_html/date/functions/week-in-month date.week-in-month.3.html
102.11.19 13:21 B C:\jakarta-tomcat-3.2.4\webapps\cocoon\exslt\date\functions\week-in-month\date.week-in-month.function.xsl --> ftp.exslt.org /www.exslt.org/public_html/date/functions/week-in-month date.week-in-month.function.xsl
102.11.19 13:21 B C:\jakarta-tomcat-3.2.4\webapps\cocoon\exslt\date\functions\week-in-month\date.week-in-month.function.xsl.html --> ftp.exslt.org /www.exslt.org/public_html/date/functions/week-in-month date.week-in-month.function.xsl.html
102.11.19 13:21 B C:\jakarta-tomcat-3.2.4\webapps\cocoon\exslt\date\functions\week-in-month\date.week-in-month.html --> ftp.exslt.org /www.exslt.org/public_html/date/functions/week-in-month date.week-in-month.html
102.11.19 13:21 B C:\jakarta-tomcat-3.2.4\webapps\cocoon\exslt\date\functions\week-in-month\date.week-in-month.package.txt --> ftp.exslt.org /www.exslt.org/public_html/date/functions/week-in-month date.week-in-month.package.txt
102.11.19 13:21 B C:\jakarta-tomcat-3.2.4\webapps\cocoon\exslt\date\functions\week-in-month\date.week-in-month.template.xsl --> ftp.exslt.org /www.exslt.org/public_html/date/functions/week-in-month date.week-in-month.template.xsl
102.11.19 13:21 B C:\jakarta-tomcat-3.2.4\webapps\cocoon\exslt\date\functions\week-in-month\date.week-in-month.template.xsl.html --> ftp.exslt.org /www.exslt.org/public_html/date/functions/week-in-month date.week-in-month.template.xsl.html
102.11.19 13:21 B C:\jakarta-tomcat-3.2.4\webapps\cocoon\exslt\date\functions\week-in-month\date.week-in-month.use-cases.txt --> ftp.exslt.org /www.exslt.org/public_html/date/functions/week-in-month date.week-in-month.use-cases.txt
102.11.19 13:21 B C:\jakarta-tomcat-3.2.4\webapps\cocoon\exslt\date\functions\week-in-month\date.week-in-month.use-cases.zip --> ftp.exslt.org /www.exslt.org/public_html/date/functions/week-in-month date.week-in-month.use-cases.zip
102.11.19 13:21 B C:\jakarta-tomcat-3.2.4\webapps\cocoon\exslt\date\functions\week-in-month\date.week-in-month.xml --> ftp.exslt.org /www.exslt.org/public_html/date/functions/week-in-month date.week-in-month.xml
102.11.19 13:21 B C:\jakarta-tomcat-3.2.4\webapps\cocoon\exslt\date\functions\week-in-month\date.week-in-month.xsl --> ftp.exslt.org /www.exslt.org/public_html/date/functions/week-in-month date.week-in-month.xsl
102.11.19 13:21 B C:\jakarta-tomcat-3.2.4\webapps\cocoon\exslt\date\functions\week-in-month\date.week-in-month.zip --> ftp.exslt.org /www.exslt.org/public_html/date/functions/week-in-month date.week-in-month.zip
102.11.19 13:21 B C:\jakarta-tomcat-3.2.4\webapps\cocoon\exslt\date\functions\week-in-month\index.html --> ftp.exslt.org /www.exslt.org/public_html/date/functions/week-in-month index.html
102.11.19 13:21 B C:\jakarta-tomcat-3.2.4\webapps\cocoon\exslt\date\functions\week-in-month\refresh.bat --> ftp.exslt.org /www.exslt.org/public_html/date/functions/week-in-month refresh.bat
102.11.19 13:21 B C:\jakarta-tomcat-3.2.4\webapps\cocoon\exslt\date\functions\week-in-month\update.bat --> ftp.exslt.org /www.exslt.org/public_html/date/functions/week-in-month update.bat
102.12.02 12:22 B C:\jakarta-tomcat-3.2.4\webapps\cocoon\exslt\public_html\date\functions\week-in-month\WS_FTP.LOG <-- ftp.exslt.org /www.exslt.org/public_html/date/functions/week-in-month WS_FTP.LOG
102.12.03 11:10 B C:\jakarta-tomcat-3.2.4\webapps\cocoon\exslt\date\functions\week-in-month\base.css --> ftp.exslt.org /www.exslt.org/public_html/date/functions/week-in-month base.css
102.12.03 11:10 B C:\jakarta-tomcat-3.2.4\webapps\cocoon\exslt\date\functions\week-in-month\date.js --> ftp.exslt.org /www.exslt.org/public_html/date/functions/week-in-month date.js
102.12.03 11:10 B C:\jakarta-tomcat-3.2.4\webapps\cocoon\exslt\date\functions\week-in-month\date.js.html --> ftp.exslt.org /www.exslt.org/public_html/date/functions/week-in-month date.js.html
102.12.03 11:10 B C:\jakarta-tomcat-3.2.4\webapps\cocoon\exslt\date\functions\week-in-month\date.msxsl.xsl --> ftp.exslt.org /www.exslt.org/public_html/date/functions/week-in-month date.msxsl.xsl
102.12.03 11:10 B C:\jakarta-tomcat-3.2.4\webapps\cocoon\exslt\date\functions\week-in-month\date.msxsl.xsl.html --> ftp.exslt.org /www.exslt.org/public_html/date/functions/week-in-month date.msxsl.xsl.html
102.12.03 11:10 B C:\jakarta-tomcat-3.2.4\webapps\cocoon\exslt\date\functions\week-in-month\date.week-in-month.1.html --> ftp.exslt.org /www.exslt.org/public_html/date/functions/week-in-month date.week-in-month.1.html
102.12.03 11:10 B C:\jakarta-tomcat-3.2.4\webapps\cocoon\exslt\date\functions\week-in-month\date.week-in-month.1.xml --> ftp.exslt.org /www.exslt.org/public_html/date/functions/week-in-month date.week-in-month.1.xml
102.12.03 11:10 B C:\jakarta-tomcat-3.2.4\webapps\cocoon\exslt\date\functions\week-in-month\date.week-in-month.2.html --> ftp.exslt.org /www.exslt.org/public_html/date/functions/week-in-month date.week-in-month.2.html
102.12.03 11:10 B C:\jakarta-tomcat-3.2.4\webapps\cocoon\exslt\date\functions\week-in-month\date.week-in-month.2.xml --> ftp.exslt.org /www.exslt.org/public_html/date/functions/week-in-month date.week-in-month.2.xml
102.12.03 11:10 B C:\jakarta-tomcat-3.2.4\webapps\cocoon\exslt\date\functions\week-in-month\date.week-in-month.3.html --> ftp.exslt.org /www.exslt.org/public_html/date/functions/week-in-month date.week-in-month.3.html
102.12.03 11:10 B C:\jakarta-tomcat-3.2.4\webapps\cocoon\exslt\date\functions\week-in-month\date.week-in-month.function.xsl --> ftp.exslt.org /www.exslt.org/public_html/date/functions/week-in-month date.week-in-month.function.xsl
102.12.03 11:10 B C:\jakarta-tomcat-3.2.4\webapps\cocoon\exslt\date\functions\week-in-month\date.week-in-month.function.xsl.html --> ftp.exslt.org /www.exslt.org/public_html/date/functions/week-in-month date.week-in-month.function.xsl.html
102.12.03 11:10 B C:\jakarta-tomcat-3.2.4\webapps\cocoon\exslt\date\functions\week-in-month\date.week-in-month.html --> ftp.exslt.org /www.exslt.org/public_html/date/functions/week-in-month date.week-in-month.html
102.12.03 11:10 B C:\jakarta-tomcat-3.2.4\webapps\cocoon\exslt\date\functions\week-in-month\date.week-in-month.package.txt --> ftp.exslt.org /www.exslt.org/public_html/date/functions/week-in-month date.week-in-month.package.txt
102.12.03 11:10 B C:\jakarta-tomcat-3.2.4\webapps\cocoon\exslt\date\functions\week-in-month\date.week-in-month.template.xsl --> ftp.exslt.org /www.exslt.org/public_html/date/functions/week-in-month date.week-in-month.template.xsl
102.12.03 11:10 B C:\jakarta-tomcat-3.2.4\webapps\cocoon\exslt\date\functions\week-in-month\date.week-in-month.template.xsl.html --> ftp.exslt.org /www.exslt.org/public_html/date/functions/week-in-month date.week-in-month.template.xsl.html
102.12.03 11:10 B C:\jakarta-tomcat-3.2.4\webapps\cocoon\exslt\date\functions\week-in-month\date.week-in-month.use-cases.txt --> ftp.exslt.org /www.exslt.org/public_html/date/functions/week-in-month date.week-in-month.use-cases.txt
102.12.03 11:10 B C:\jakarta-tomcat-3.2.4\webapps\cocoon\exslt\date\functions\week-in-month\date.week-in-month.use-cases.zip --> ftp.exslt.org /www.exslt.org/public_html/date/functions/week-in-month date.week-in-month.use-cases.zip
102.12.03 11:10 B C:\jakarta-tomcat-3.2.4\webapps\cocoon\exslt\date\functions\week-in-month\date.week-in-month.xml --> ftp.exslt.org /www.exslt.org/public_html/date/functions/week-in-month date.week-in-month.xml
102.12.03 11:10 B C:\jakarta-tomcat-3.2.4\webapps\cocoon\exslt\date\functions\week-in-month\date.week-in-month.xsl --> ftp.exslt.org /www.exslt.org/public_html/date/functions/week-in-month date.week-in-month.xsl
102.12.03 11:10 B C:\jakarta-tomcat-3.2.4\webapps\cocoon\exslt\date\functions\week-in-month\date.week-in-month.zip --> ftp.exslt.org /www.exslt.org/public_html/date/functions/week-in-month date.week-in-month.zip
102.12.03 11:10 B C:\jakarta-tomcat-3.2.4\webapps\cocoon\exslt\date\functions\week-in-month\index.html --> ftp.exslt.org /www.exslt.org/public_html/date/functions/week-in-month index.html
102.12.03 11:10 B C:\jakarta-tomcat-3.2.4\webapps\cocoon\exslt\date\functions\week-in-month\out.html --> ftp.exslt.org /www.exslt.org/public_html/date/functions/week-in-month out.html
102.12.03 11:10 B C:\jakarta-tomcat-3.2.4\webapps\cocoon\exslt\date\functions\week-in-month\refresh.bat --> ftp.exslt.org /www.exslt.org/public_html/date/functions/week-in-month refresh.bat
102.12.03 11:10 B C:\jakarta-tomcat-3.2.4\webapps\cocoon\exslt\date\functions\week-in-month\update.bat --> ftp.exslt.org /www.exslt.org/public_html/date/functions/week-in-month update.bat
102.12.03 11:10 B C:\jakarta-tomcat-3.2.4\webapps\cocoon\exslt\date\functions\week-in-month\WS_FTP.LOG --> ftp.exslt.org /www.exslt.org/public_html/date/functions/week-in-month WS_FTP.LOG
102.12.11 11:04 B C:\jakarta-tomcat-3.2.4\webapps\cocoon\exslt\date\functions\week-in-month\base.css --> ftp.exslt.org /www.exslt.org/public_html/date/functions/week-in-month base.css
102.12.11 11:04 B C:\jakarta-tomcat-3.2.4\webapps\cocoon\exslt\date\functions\week-in-month\date.js --> ftp.exslt.org /www.exslt.org/public_html/date/functions/week-in-month date.js
102.12.11 11:04 B C:\jakarta-tomcat-3.2.4\webapps\cocoon\exslt\date\functions\week-in-month\date.js.html --> ftp.exslt.org /www.exslt.org/public_html/date/functions/week-in-month date.js.html
102.12.11 11:04 B C:\jakarta-tomcat-3.2.4\webapps\cocoon\exslt\date\functions\week-in-month\date.msxsl.xsl --> ftp.exslt.org /www.exslt.org/public_html/date/functions/week-in-month date.msxsl.xsl
102.12.11 11:04 B C:\jakarta-tomcat-3.2.4\webapps\cocoon\exslt\date\functions\week-in-month\date.msxsl.xsl.html --> ftp.exslt.org /www.exslt.org/public_html/date/functions/week-in-month date.msxsl.xsl.html
102.12.11 11:04 B C:\jakarta-tomcat-3.2.4\webapps\cocoon\exslt\date\functions\week-in-month\date.week-in-month.1.html --> ftp.exslt.org /www.exslt.org/public_html/date/functions/week-in-month date.week-in-month.1.html
102.12.11 11:04 B C:\jakarta-tomcat-3.2.4\webapps\cocoon\exslt\date\functions\week-in-month\date.week-in-month.1.xml --> ftp.exslt.org /www.exslt.org/public_html/date/functions/week-in-month date.week-in-month.1.xml
102.12.11 11:04 B C:\jakarta-tomcat-3.2.4\webapps\cocoon\exslt\date\functions\week-in-month\date.week-in-month.2.html --> ftp.exslt.org /www.exslt.org/public_html/date/functions/week-in-month date.week-in-month.2.html
102.12.11 11:04 B C:\jakarta-tomcat-3.2.4\webapps\cocoon\exslt\date\functions\week-in-month\date.week-in-month.2.xml --> ftp.exslt.org /www.exslt.org/public_html/date/functions/week-in-month date.week-in-month.2.xml
102.12.11 11:04 B C:\jakarta-tomcat-3.2.4\webapps\cocoon\exslt\date\functions\week-in-month\date.week-in-month.3.html --> ftp.exslt.org /www.exslt.org/public_html/date/functions/week-in-month date.week-in-month.3.html
102.12.11 11:04 B C:\jakarta-tomcat-3.2.4\webapps\cocoon\exslt\date\functions\week-in-month\date.week-in-month.function.xsl --> ftp.exslt.org /www.exslt.org/public_html/date/functions/week-in-month date.week-in-month.function.xsl
102.12.11 11:04 B C:\jakarta-tomcat-3.2.4\webapps\cocoon\exslt\date\functions\week-in-month\date.week-in-month.function.xsl.html --> ftp.exslt.org /www.exslt.org/public_html/date/functions/week-in-month date.week-in-month.function.xsl.html
102.12.11 11:04 B C:\jakarta-tomcat-3.2.4\webapps\cocoon\exslt\date\functions\week-in-month\date.week-in-month.html --> ftp.exslt.org /www.exslt.org/public_html/date/functions/week-in-month date.week-in-month.html
102.12.11 11:04 B C:\jakarta-tomcat-3.2.4\webapps\cocoon\exslt\date\functions\week-in-month\date.week-in-month.package.txt --> ftp.exslt.org /www.exslt.org/public_html/date/functions/week-in-month date.week-in-month.package.txt
102.12.11 11:04 B C:\jakarta-tomcat-3.2.4\webapps\cocoon\exslt\date\functions\week-in-month\date.week-in-month.template.xsl --> ftp.exslt.org /www.exslt.org/public_html/date/functions/week-in-month date.week-in-month.template.xsl
102.12.11 11:04 B C:\jakarta-tomcat-3.2.4\webapps\cocoon\exslt\date\functions\week-in-month\date.week-in-month.template.xsl.html --> ftp.exslt.org /www.exslt.org/public_html/date/functions/week-in-month date.week-in-month.template.xsl.html
102.12.11 11:04 B C:\jakarta-tomcat-3.2.4\webapps\cocoon\exslt\date\functions\week-in-month\date.week-in-month.use-cases.txt --> ftp.exslt.org /www.exslt.org/public_html/date/functions/week-in-month date.week-in-month.use-cases.txt
102.12.11 11:04 B C:\jakarta-tomcat-3.2.4\webapps\cocoon\exslt\date\functions\week-in-month\date.week-in-month.use-cases.zip --> ftp.exslt.org /www.exslt.org/public_html/date/functions/week-in-month date.week-in-month.use-cases.zip
102.12.11 11:04 B C:\jakarta-tomcat-3.2.4\webapps\cocoon\exslt\date\functions\week-in-month\date.week-in-month.xml --> ftp.exslt.org /www.exslt.org/public_html/date/functions/week-in-month date.week-in-month.xml
102.12.11 11:04 B C:\jakarta-tomcat-3.2.4\webapps\cocoon\exslt\date\functions\week-in-month\date.week-in-month.xsl --> ftp.exslt.org /www.exslt.org/public_html/date/functions/week-in-month date.week-in-month.xsl
102.12.11 11:04 B C:\jakarta-tomcat-3.2.4\webapps\cocoon\exslt\date\functions\week-in-month\date.week-in-month.zip --> ftp.exslt.org /www.exslt.org/public_html/date/functions/week-in-month date.week-in-month.zip
102.12.11 11:04 B C:\jakarta-tomcat-3.2.4\webapps\cocoon\exslt\date\functions\week-in-month\index.html --> ftp.exslt.org /www.exslt.org/public_html/date/functions/week-in-month index.html
102.12.11 11:04 B C:\jakarta-tomcat-3.2.4\webapps\cocoon\exslt\date\functions\week-in-month\out.html --> ftp.exslt.org /www.exslt.org/public_html/date/functions/week-in-month out.html
102.12.11 11:04 B C:\jakarta-tomcat-3.2.4\webapps\cocoon\exslt\date\functions\week-in-month\refresh.bat --> ftp.exslt.org /www.exslt.org/public_html/date/functions/week-in-month refresh.bat
102.12.11 11:04 B C:\jakarta-tomcat-3.2.4\webapps\cocoon\exslt\date\functions\week-in-month\update.bat --> ftp.exslt.org /www.exslt.org/public_html/date/functions/week-in-month update.bat
103.09.29 15:20 B C:\jakarta-tomcat-3.2.4\webapps\cocoon\exslt\date\functions\week-in-month\WS_FTP.LOG <-- ftp.exslt.org /www.exslt.org/public_html/date/functions/week-in-month WS_FTP.LOG
103.10.21 13:06 B C:\jakarta-tomcat-3.2.4\webapps\cocoon\exslt\date\functions\week-in-month\base.css --> marian.cs.nott.ac.uk /stud/pg/cds/exslt/date/functions/week-in-month base.css
103.10.21 13:06 B C:\jakarta-tomcat-3.2.4\webapps\cocoon\exslt\date\functions\week-in-month\date.js --> marian.cs.nott.ac.uk /stud/pg/cds/exslt/date/functions/week-in-month date.js
103.10.21 13:06 B C:\jakarta-tomcat-3.2.4\webapps\cocoon\exslt\date\functions\week-in-month\date.js.html --> marian.cs.nott.ac.uk /stud/pg/cds/exslt/date/functions/week-in-month date.js.html
103.10.21 13:06 B C:\jakarta-tomcat-3.2.4\webapps\cocoon\exslt\date\functions\week-in-month\date.msxsl.xsl --> marian.cs.nott.ac.uk /stud/pg/cds/exslt/date/functions/week-in-month date.msxsl.xsl
103.10.21 13:06 B C:\jakarta-tomcat-3.2.4\webapps\cocoon\exslt\date\functions\week-in-month\date.msxsl.xsl.html --> marian.cs.nott.ac.uk /stud/pg/cds/exslt/date/functions/week-in-month date.msxsl.xsl.html
103.10.21 13:06 B C:\jakarta-tomcat-3.2.4\webapps\cocoon\exslt\date\functions\week-in-month\date.week-in-month.1.html --> marian.cs.nott.ac.uk /stud/pg/cds/exslt/date/functions/week-in-month date.week-in-month.1.html
103.10.21 13:06 B C:\jakarta-tomcat-3.2.4\webapps\cocoon\exslt\date\functions\week-in-month\date.week-in-month.1.xml --> marian.cs.nott.ac.uk /stud/pg/cds/exslt/date/functions/week-in-month date.week-in-month.1.xml
103.10.21 13:06 B C:\jakarta-tomcat-3.2.4\webapps\cocoon\exslt\date\functions\week-in-month\date.week-in-month.2.html --> marian.cs.nott.ac.uk /stud/pg/cds/exslt/date/functions/week-in-month date.week-in-month.2.html
103.10.21 13:06 B C:\jakarta-tomcat-3.2.4\webapps\cocoon\exslt\date\functions\week-in-month\date.week-in-month.2.xml --> marian.cs.nott.ac.uk /stud/pg/cds/exslt/date/functions/week-in-month date.week-in-month.2.xml
103.10.21 13:06 B C:\jakarta-tomcat-3.2.4\webapps\cocoon\exslt\date\functions\week-in-month\date.week-in-month.3.html --> marian.cs.nott.ac.uk /stud/pg/cds/exslt/date/functions/week-in-month date.week-in-month.3.html
103.10.21 13:06 B C:\jakarta-tomcat-3.2.4\webapps\cocoon\exslt\date\functions\week-in-month\date.week-in-month.function.xsl --> marian.cs.nott.ac.uk /stud/pg/cds/exslt/date/functions/week-in-month date.week-in-month.function.xsl
103.10.21 13:06 B C:\jakarta-tomcat-3.2.4\webapps\cocoon\exslt\date\functions\week-in-month\date.week-in-month.function.xsl.html --> marian.cs.nott.ac.uk /stud/pg/cds/exslt/date/functions/week-in-month date.week-in-month.function.xsl.html
103.10.21 13:06 B C:\jakarta-tomcat-3.2.4\webapps\cocoon\exslt\date\functions\week-in-month\date.week-in-month.html --> marian.cs.nott.ac.uk /stud/pg/cds/exslt/date/functions/week-in-month date.week-in-month.html
103.10.21 13:06 B C:\jakarta-tomcat-3.2.4\webapps\cocoon\exslt\date\functions\week-in-month\date.week-in-month.package.txt --> marian.cs.nott.ac.uk /stud/pg/cds/exslt/date/functions/week-in-month date.week-in-month.package.txt
103.10.21 13:06 B C:\jakarta-tomcat-3.2.4\webapps\cocoon\exslt\date\functions\week-in-month\date.week-in-month.template.xsl --> marian.cs.nott.ac.uk /stud/pg/cds/exslt/date/functions/week-in-month date.week-in-month.template.xsl
103.10.21 13:06 B C:\jakarta-tomcat-3.2.4\webapps\cocoon\exslt\date\functions\week-in-month\date.week-in-month.template.xsl.html --> marian.cs.nott.ac.uk /stud/pg/cds/exslt/date/functions/week-in-month date.week-in-month.template.xsl.html
103.10.21 13:06 B C:\jakarta-tomcat-3.2.4\webapps\cocoon\exslt\date\functions\week-in-month\date.week-in-month.use-cases.txt --> marian.cs.nott.ac.uk /stud/pg/cds/exslt/date/functions/week-in-month date.week-in-month.use-cases.txt
103.10.21 13:06 B C:\jakarta-tomcat-3.2.4\webapps\cocoon\exslt\date\functions\week-in-month\date.week-in-month.use-cases.zip --> marian.cs.nott.ac.uk /stud/pg/cds/exslt/date/functions/week-in-month date.week-in-month.use-cases.zip
103.10.21 13:06 B C:\jakarta-tomcat-3.2.4\webapps\cocoon\exslt\date\functions\week-in-month\date.week-in-month.xml --> marian.cs.nott.ac.uk /stud/pg/cds/exslt/date/functions/week-in-month date.week-in-month.xml
103.10.21 13:06 B C:\jakarta-tomcat-3.2.4\webapps\cocoon\exslt\date\functions\week-in-month\date.week-in-month.xsl --> marian.cs.nott.ac.uk /stud/pg/cds/exslt/date/functions/week-in-month date.week-in-month.xsl
103.10.21 13:06 B C:\jakarta-tomcat-3.2.4\webapps\cocoon\exslt\date\functions\week-in-month\date.week-in-month.zip --> marian.cs.nott.ac.uk /stud/pg/cds/exslt/date/functions/week-in-month date.week-in-month.zip
103.10.21 13:06 B C:\jakarta-tomcat-3.2.4\webapps\cocoon\exslt\date\functions\week-in-month\index.html --> marian.cs.nott.ac.uk /stud/pg/cds/exslt/date/functions/week-in-month index.html
103.10.21 13:06 B C:\jakarta-tomcat-3.2.4\webapps\cocoon\exslt\date\functions\week-in-month\out.html --> marian.cs.nott.ac.uk /stud/pg/cds/exslt/date/functions/week-in-month out.html
103.10.21 13:06 B C:\jakarta-tomcat-3.2.4\webapps\cocoon\exslt\date\functions\week-in-month\refresh.bat --> marian.cs.nott.ac.uk /stud/pg/cds/exslt/date/functions/week-in-month refresh.bat
103.10.21 13:06 B C:\jakarta-tomcat-3.2.4\webapps\cocoon\exslt\date\functions\week-in-month\update.bat --> marian.cs.nott.ac.uk /stud/pg/cds/exslt/date/functions/week-in-month update.bat
103.10.21 13:06 B C:\jakarta-tomcat-3.2.4\webapps\cocoon\exslt\date\functions\week-in-month\WS_FTP.LOG --> marian.cs.nott.ac.uk /stud/pg/cds/exslt/date/functions/week-in-month WS_FTP.LOG
103.10.23 15:27 B C:\jakarta-tomcat-3.2.4\webapps\cocoon\exslt\date\functions\week-in-month\base.css --> ftp.exslt.org /www.exslt.org/public_html/date/functions/week-in-month base.css
103.10.23 15:27 B C:\jakarta-tomcat-3.2.4\webapps\cocoon\exslt\date\functions\week-in-month\date.js --> ftp.exslt.org /www.exslt.org/public_html/date/functions/week-in-month date.js
103.10.23 15:27 B C:\jakarta-tomcat-3.2.4\webapps\cocoon\exslt\date\functions\week-in-month\date.js.html --> ftp.exslt.org /www.exslt.org/public_html/date/functions/week-in-month date.js.html
103.10.23 15:27 B C:\jakarta-tomcat-3.2.4\webapps\cocoon\exslt\date\functions\week-in-month\date.msxsl.xsl --> ftp.exslt.org /www.exslt.org/public_html/date/functions/week-in-month date.msxsl.xsl
103.10.23 15:27 B C:\jakarta-tomcat-3.2.4\webapps\cocoon\exslt\date\functions\week-in-month\date.msxsl.xsl.html --> ftp.exslt.org /www.exslt.org/public_html/date/functions/week-in-month date.msxsl.xsl.html
103.10.23 15:27 B C:\jakarta-tomcat-3.2.4\webapps\cocoon\exslt\date\functions\week-in-month\date.week-in-month.1.html --> ftp.exslt.org /www.exslt.org/public_html/date/functions/week-in-month date.week-in-month.1.html
103.10.23 15:27 B C:\jakarta-tomcat-3.2.4\webapps\cocoon\exslt\date\functions\week-in-month\date.week-in-month.1.xml --> ftp.exslt.org /www.exslt.org/public_html/date/functions/week-in-month date.week-in-month.1.xml
103.10.23 15:27 B C:\jakarta-tomcat-3.2.4\webapps\cocoon\exslt\date\functions\week-in-month\date.week-in-month.2.html --> ftp.exslt.org /www.exslt.org/public_html/date/functions/week-in-month date.week-in-month.2.html
103.10.23 15:27 B C:\jakarta-tomcat-3.2.4\webapps\cocoon\exslt\date\functions\week-in-month\date.week-in-month.2.xml --> ftp.exslt.org /www.exslt.org/public_html/date/functions/week-in-month date.week-in-month.2.xml
103.10.23 15:27 B C:\jakarta-tomcat-3.2.4\webapps\cocoon\exslt\date\functions\week-in-month\date.week-in-month.3.html --> ftp.exslt.org /www.exslt.org/public_html/date/functions/week-in-month date.week-in-month.3.html
103.10.23 15:28 B C:\jakarta-tomcat-3.2.4\webapps\cocoon\exslt\date\functions\week-in-month\date.week-in-month.function.xsl --> ftp.exslt.org /www.exslt.org/public_html/date/functions/week-in-month date.week-in-month.function.xsl
103.10.23 15:28 B C:\jakarta-tomcat-3.2.4\webapps\cocoon\exslt\date\functions\week-in-month\date.week-in-month.function.xsl.html --> ftp.exslt.org /www.exslt.org/public_html/date/functions/week-in-month date.week-in-month.function.xsl.html
103.10.23 15:28 B C:\jakarta-tomcat-3.2.4\webapps\cocoon\exslt\date\functions\week-in-month\date.week-in-month.html --> ftp.exslt.org /www.exslt.org/public_html/date/functions/week-in-month date.week-in-month.html
103.10.23 15:28 B C:\jakarta-tomcat-3.2.4\webapps\cocoon\exslt\date\functions\week-in-month\date.week-in-month.package.txt --> ftp.exslt.org /www.exslt.org/public_html/date/functions/week-in-month date.week-in-month.package.txt
103.10.23 15:28 B C:\jakarta-tomcat-3.2.4\webapps\cocoon\exslt\date\functions\week-in-month\date.week-in-month.template.xsl --> ftp.exslt.org /www.exslt.org/public_html/date/functions/week-in-month date.week-in-month.template.xsl
103.10.23 15:28 B C:\jakarta-tomcat-3.2.4\webapps\cocoon\exslt\date\functions\week-in-month\date.week-in-month.template.xsl.html --> ftp.exslt.org /www.exslt.org/public_html/date/functions/week-in-month date.week-in-month.template.xsl.html
103.10.23 15:28 B C:\jakarta-tomcat-3.2.4\webapps\cocoon\exslt\date\functions\week-in-month\date.week-in-month.use-cases.txt --> ftp.exslt.org /www.exslt.org/public_html/date/functions/week-in-month date.week-in-month.use-cases.txt
103.10.23 15:28 B C:\jakarta-tomcat-3.2.4\webapps\cocoon\exslt\date\functions\week-in-month\date.week-in-month.use-cases.zip --> ftp.exslt.org /www.exslt.org/public_html/date/functions/week-in-month date.week-in-month.use-cases.zip
103.10.23 15:28 B C:\jakarta-tomcat-3.2.4\webapps\cocoon\exslt\date\functions\week-in-month\date.week-in-month.xml --> ftp.exslt.org /www.exslt.org/public_html/date/functions/week-in-month date.week-in-month.xml
103.10.23 15:28 B C:\jakarta-tomcat-3.2.4\webapps\cocoon\exslt\date\functions\week-in-month\date.week-in-month.xsl --> ftp.exslt.org /www.exslt.org/public_html/date/functions/week-in-month date.week-in-month.xsl
103.10.23 15:28 B C:\jakarta-tomcat-3.2.4\webapps\cocoon\exslt\date\functions\week-in-month\date.week-in-month.zip --> ftp.exslt.org /www.exslt.org/public_html/date/functions/week-in-month date.week-in-month.zip
103.10.23 15:28 B C:\jakarta-tomcat-3.2.4\webapps\cocoon\exslt\date\functions\week-in-month\index.html --> ftp.exslt.org /www.exslt.org/public_html/date/functions/week-in-month index.html
103.10.23 15:28 B C:\jakarta-tomcat-3.2.4\webapps\cocoon\exslt\date\functions\week-in-month\out.html --> ftp.exslt.org /www.exslt.org/public_html/date/functions/week-in-month out.html
103.10.23 15:28 B C:\jakarta-tomcat-3.2.4\webapps\cocoon\exslt\date\functions\week-in-month\refresh.bat --> ftp.exslt.org /www.exslt.org/public_html/date/functions/week-in-month refresh.bat
103.10.23 15:28 B C:\jakarta-tomcat-3.2.4\webapps\cocoon\exslt\date\functions\week-in-month\update.bat --> ftp.exslt.org /www.exslt.org/public_html/date/functions/week-in-month update.bat
