102.12.02 12:34 B C:\jakarta-tomcat-3.2.4\webapps\cocoon\exslt\public_html\submissions\math\math\functions\log\math.log.1.xml <-- ftp.exslt.org /www.exslt.org/public_html/submissions/math/math/functions/log math.log.1.xml
102.12.02 12:34 B C:\jakarta-tomcat-3.2.4\webapps\cocoon\exslt\public_html\submissions\math\math\functions\log\math.log.1.xsl <-- ftp.exslt.org /www.exslt.org/public_html/submissions/math/math/functions/log math.log.1.xsl
102.12.02 12:34 B C:\jakarta-tomcat-3.2.4\webapps\cocoon\exslt\public_html\submissions\math\math\functions\log\math.log.javascript.submission.xml <-- ftp.exslt.org /www.exslt.org/public_html/submissions/math/math/functions/log math.log.javascript.submission.xml
102.12.02 12:34 B C:\jakarta-tomcat-3.2.4\webapps\cocoon\exslt\public_html\submissions\math\math\functions\log\math.log.js <-- ftp.exslt.org /www.exslt.org/public_html/submissions/math/math/functions/log math.log.js
102.12.02 12:34 B C:\jakarta-tomcat-3.2.4\webapps\cocoon\exslt\public_html\submissions\math\math\functions\log\math.log.msxslt.submission.xml <-- ftp.exslt.org /www.exslt.org/public_html/submissions/math/math/functions/log math.log.msxslt.submission.xml
102.12.02 12:34 B C:\jakarta-tomcat-3.2.4\webapps\cocoon\exslt\public_html\submissions\math\math\functions\log\math.log.msxslt.xsl <-- ftp.exslt.org /www.exslt.org/public_html/submissions/math/math/functions/log math.log.msxslt.xsl
102.12.02 12:34 B C:\jakarta-tomcat-3.2.4\webapps\cocoon\exslt\public_html\submissions\math\math\functions\log\math.log.submission.xml <-- ftp.exslt.org /www.exslt.org/public_html/submissions/math/math/functions/log math.log.submission.xml
102.12.02 12:34 B C:\jakarta-tomcat-3.2.4\webapps\cocoon\exslt\public_html\submissions\math\math\functions\log\math.log.xsl <-- ftp.exslt.org /www.exslt.org/public_html/submissions/math/math/functions/log math.log.xsl
102.12.03 11:16 B C:\jakarta-tomcat-3.2.4\webapps\cocoon\exslt\submissions\math\math\functions\log\math.log.1.xml --> ftp.exslt.org /www.exslt.org/public_html/submissions/math/math/functions/log math.log.1.xml
102.12.03 11:16 B C:\jakarta-tomcat-3.2.4\webapps\cocoon\exslt\submissions\math\math\functions\log\math.log.1.xsl --> ftp.exslt.org /www.exslt.org/public_html/submissions/math/math/functions/log math.log.1.xsl
102.12.03 11:16 B C:\jakarta-tomcat-3.2.4\webapps\cocoon\exslt\submissions\math\math\functions\log\math.log.javascript.submission.xml --> ftp.exslt.org /www.exslt.org/public_html/submissions/math/math/functions/log math.log.javascript.submission.xml
102.12.03 11:16 B C:\jakarta-tomcat-3.2.4\webapps\cocoon\exslt\submissions\math\math\functions\log\math.log.js --> ftp.exslt.org /www.exslt.org/public_html/submissions/math/math/functions/log math.log.js
102.12.03 11:16 B C:\jakarta-tomcat-3.2.4\webapps\cocoon\exslt\submissions\math\math\functions\log\math.log.msxslt.submission.xml --> ftp.exslt.org /www.exslt.org/public_html/submissions/math/math/functions/log math.log.msxslt.submission.xml
102.12.03 11:16 B C:\jakarta-tomcat-3.2.4\webapps\cocoon\exslt\submissions\math\math\functions\log\math.log.msxslt.xsl --> ftp.exslt.org /www.exslt.org/public_html/submissions/math/math/functions/log math.log.msxslt.xsl
102.12.03 11:16 B C:\jakarta-tomcat-3.2.4\webapps\cocoon\exslt\submissions\math\math\functions\log\math.log.submission.xml --> ftp.exslt.org /www.exslt.org/public_html/submissions/math/math/functions/log math.log.submission.xml
102.12.03 11:16 B C:\jakarta-tomcat-3.2.4\webapps\cocoon\exslt\submissions\math\math\functions\log\math.log.xsl --> ftp.exslt.org /www.exslt.org/public_html/submissions/math/math/functions/log math.log.xsl
102.12.03 11:16 B C:\jakarta-tomcat-3.2.4\webapps\cocoon\exslt\submissions\math\math\functions\log\WS_FTP.LOG --> ftp.exslt.org /www.exslt.org/public_html/submissions/math/math/functions/log WS_FTP.LOG
102.12.11 11:14 B C:\jakarta-tomcat-3.2.4\webapps\cocoon\exslt\submissions\math\math\functions\log\math.log.1.xml --> ftp.exslt.org /www.exslt.org/public_html/submissions/math/math/functions/log math.log.1.xml
102.12.11 11:14 B C:\jakarta-tomcat-3.2.4\webapps\cocoon\exslt\submissions\math\math\functions\log\math.log.1.xsl --> ftp.exslt.org /www.exslt.org/public_html/submissions/math/math/functions/log math.log.1.xsl
102.12.11 11:14 B C:\jakarta-tomcat-3.2.4\webapps\cocoon\exslt\submissions\math\math\functions\log\math.log.javascript.submission.xml --> ftp.exslt.org /www.exslt.org/public_html/submissions/math/math/functions/log math.log.javascript.submission.xml
102.12.11 11:14 B C:\jakarta-tomcat-3.2.4\webapps\cocoon\exslt\submissions\math\math\functions\log\math.log.js --> ftp.exslt.org /www.exslt.org/public_html/submissions/math/math/functions/log math.log.js
102.12.11 11:14 B C:\jakarta-tomcat-3.2.4\webapps\cocoon\exslt\submissions\math\math\functions\log\math.log.msxslt.submission.xml --> ftp.exslt.org /www.exslt.org/public_html/submissions/math/math/functions/log math.log.msxslt.submission.xml
102.12.11 11:14 B C:\jakarta-tomcat-3.2.4\webapps\cocoon\exslt\submissions\math\math\functions\log\math.log.msxslt.xsl --> ftp.exslt.org /www.exslt.org/public_html/submissions/math/math/functions/log math.log.msxslt.xsl
102.12.11 11:14 B C:\jakarta-tomcat-3.2.4\webapps\cocoon\exslt\submissions\math\math\functions\log\math.log.submission.xml --> ftp.exslt.org /www.exslt.org/public_html/submissions/math/math/functions/log math.log.submission.xml
102.12.11 11:14 B C:\jakarta-tomcat-3.2.4\webapps\cocoon\exslt\submissions\math\math\functions\log\math.log.xsl --> ftp.exslt.org /www.exslt.org/public_html/submissions/math/math/functions/log math.log.xsl
