102.08.21 17:25 B C:\jakarta-tomcat-3.2.4\webapps\cocoon\exslt\date\functions\day-name\base.css --> ftp.exslt.org /www.exslt.org/public_html/date/functions/day-name base.css
102.08.21 17:25 B C:\jakarta-tomcat-3.2.4\webapps\cocoon\exslt\date\functions\day-name\date.day-name.2.html --> ftp.exslt.org /www.exslt.org/public_html/date/functions/day-name date.day-name.2.html
102.08.21 17:25 B C:\jakarta-tomcat-3.2.4\webapps\cocoon\exslt\date\functions\day-name\date.day-name.function.xsl --> ftp.exslt.org /www.exslt.org/public_html/date/functions/day-name date.day-name.function.xsl
102.08.21 17:25 B C:\jakarta-tomcat-3.2.4\webapps\cocoon\exslt\date\functions\day-name\date.day-name.function.xsl.html --> ftp.exslt.org /www.exslt.org/public_html/date/functions/day-name date.day-name.function.xsl.html
102.08.21 17:25 B C:\jakarta-tomcat-3.2.4\webapps\cocoon\exslt\date\functions\day-name\date.day-name.html --> ftp.exslt.org /www.exslt.org/public_html/date/functions/day-name date.day-name.html
102.08.21 17:25 B C:\jakarta-tomcat-3.2.4\webapps\cocoon\exslt\date\functions\day-name\date.day-name.package.txt --> ftp.exslt.org /www.exslt.org/public_html/date/functions/day-name date.day-name.package.txt
102.08.21 17:25 B C:\jakarta-tomcat-3.2.4\webapps\cocoon\exslt\date\functions\day-name\date.day-name.template.xsl --> ftp.exslt.org /www.exslt.org/public_html/date/functions/day-name date.day-name.template.xsl
102.08.21 17:25 B C:\jakarta-tomcat-3.2.4\webapps\cocoon\exslt\date\functions\day-name\date.day-name.template.xsl.html --> ftp.exslt.org /www.exslt.org/public_html/date/functions/day-name date.day-name.template.xsl.html
102.08.21 17:25 B C:\jakarta-tomcat-3.2.4\webapps\cocoon\exslt\date\functions\day-name\date.day-name.use-cases.txt --> ftp.exslt.org /www.exslt.org/public_html/date/functions/day-name date.day-name.use-cases.txt
102.08.21 17:25 B C:\jakarta-tomcat-3.2.4\webapps\cocoon\exslt\date\functions\day-name\date.day-name.use-cases.zip --> ftp.exslt.org /www.exslt.org/public_html/date/functions/day-name date.day-name.use-cases.zip
102.08.21 17:25 B C:\jakarta-tomcat-3.2.4\webapps\cocoon\exslt\date\functions\day-name\date.day-name.xml --> ftp.exslt.org /www.exslt.org/public_html/date/functions/day-name date.day-name.xml
102.08.21 17:25 B C:\jakarta-tomcat-3.2.4\webapps\cocoon\exslt\date\functions\day-name\date.day-name.xsl --> ftp.exslt.org /www.exslt.org/public_html/date/functions/day-name date.day-name.xsl
102.08.21 17:25 B C:\jakarta-tomcat-3.2.4\webapps\cocoon\exslt\date\functions\day-name\date.day-name.zip --> ftp.exslt.org /www.exslt.org/public_html/date/functions/day-name date.day-name.zip
102.08.21 17:25 B C:\jakarta-tomcat-3.2.4\webapps\cocoon\exslt\date\functions\day-name\date.js --> ftp.exslt.org /www.exslt.org/public_html/date/functions/day-name date.js
102.08.21 17:25 B C:\jakarta-tomcat-3.2.4\webapps\cocoon\exslt\date\functions\day-name\date.js.html --> ftp.exslt.org /www.exslt.org/public_html/date/functions/day-name date.js.html
102.08.21 17:25 B C:\jakarta-tomcat-3.2.4\webapps\cocoon\exslt\date\functions\day-name\date.msxsl.xsl --> ftp.exslt.org /www.exslt.org/public_html/date/functions/day-name date.msxsl.xsl
102.08.21 17:25 B C:\jakarta-tomcat-3.2.4\webapps\cocoon\exslt\date\functions\day-name\date.msxsl.xsl.html --> ftp.exslt.org /www.exslt.org/public_html/date/functions/day-name date.msxsl.xsl.html
102.08.21 17:25 B C:\jakarta-tomcat-3.2.4\webapps\cocoon\exslt\date\functions\day-name\index.html --> ftp.exslt.org /www.exslt.org/public_html/date/functions/day-name index.html
102.08.21 17:25 B C:\jakarta-tomcat-3.2.4\webapps\cocoon\exslt\date\functions\day-name\refresh.bat --> ftp.exslt.org /www.exslt.org/public_html/date/functions/day-name refresh.bat
102.08.21 17:25 B C:\jakarta-tomcat-3.2.4\webapps\cocoon\exslt\date\functions\day-name\update.bat --> ftp.exslt.org /www.exslt.org/public_html/date/functions/day-name update.bat
102.08.21 17:30 B C:\jakarta-tomcat-3.2.4\webapps\cocoon\exslt\date\functions\day-name\base.css --> ftp.exslt.org /www.exslt.org/public_html/date/functions/day-name base.css
102.08.21 17:30 B C:\jakarta-tomcat-3.2.4\webapps\cocoon\exslt\date\functions\day-name\date.day-name.2.html --> ftp.exslt.org /www.exslt.org/public_html/date/functions/day-name date.day-name.2.html
102.08.21 17:30 B C:\jakarta-tomcat-3.2.4\webapps\cocoon\exslt\date\functions\day-name\date.day-name.function.xsl --> ftp.exslt.org /www.exslt.org/public_html/date/functions/day-name date.day-name.function.xsl
102.08.21 17:30 B C:\jakarta-tomcat-3.2.4\webapps\cocoon\exslt\date\functions\day-name\date.day-name.function.xsl.html --> ftp.exslt.org /www.exslt.org/public_html/date/functions/day-name date.day-name.function.xsl.html
102.08.21 17:30 B C:\jakarta-tomcat-3.2.4\webapps\cocoon\exslt\date\functions\day-name\date.day-name.html --> ftp.exslt.org /www.exslt.org/public_html/date/functions/day-name date.day-name.html
102.08.21 17:30 B C:\jakarta-tomcat-3.2.4\webapps\cocoon\exslt\date\functions\day-name\date.day-name.package.txt --> ftp.exslt.org /www.exslt.org/public_html/date/functions/day-name date.day-name.package.txt
102.08.21 17:30 B C:\jakarta-tomcat-3.2.4\webapps\cocoon\exslt\date\functions\day-name\date.day-name.template.xsl --> ftp.exslt.org /www.exslt.org/public_html/date/functions/day-name date.day-name.template.xsl
102.08.21 17:30 B C:\jakarta-tomcat-3.2.4\webapps\cocoon\exslt\date\functions\day-name\date.day-name.template.xsl.html --> ftp.exslt.org /www.exslt.org/public_html/date/functions/day-name date.day-name.template.xsl.html
102.08.21 17:30 B C:\jakarta-tomcat-3.2.4\webapps\cocoon\exslt\date\functions\day-name\date.day-name.use-cases.txt --> ftp.exslt.org /www.exslt.org/public_html/date/functions/day-name date.day-name.use-cases.txt
102.08.21 17:30 B C:\jakarta-tomcat-3.2.4\webapps\cocoon\exslt\date\functions\day-name\date.day-name.use-cases.zip --> ftp.exslt.org /www.exslt.org/public_html/date/functions/day-name date.day-name.use-cases.zip
102.08.21 17:30 B C:\jakarta-tomcat-3.2.4\webapps\cocoon\exslt\date\functions\day-name\date.day-name.xml --> ftp.exslt.org /www.exslt.org/public_html/date/functions/day-name date.day-name.xml
102.08.21 17:30 B C:\jakarta-tomcat-3.2.4\webapps\cocoon\exslt\date\functions\day-name\date.day-name.xsl --> ftp.exslt.org /www.exslt.org/public_html/date/functions/day-name date.day-name.xsl
102.08.21 17:30 B C:\jakarta-tomcat-3.2.4\webapps\cocoon\exslt\date\functions\day-name\date.day-name.zip --> ftp.exslt.org /www.exslt.org/public_html/date/functions/day-name date.day-name.zip
102.08.21 17:30 B C:\jakarta-tomcat-3.2.4\webapps\cocoon\exslt\date\functions\day-name\date.js --> ftp.exslt.org /www.exslt.org/public_html/date/functions/day-name date.js
102.08.21 17:30 B C:\jakarta-tomcat-3.2.4\webapps\cocoon\exslt\date\functions\day-name\date.js.html --> ftp.exslt.org /www.exslt.org/public_html/date/functions/day-name date.js.html
102.08.21 17:30 B C:\jakarta-tomcat-3.2.4\webapps\cocoon\exslt\date\functions\day-name\date.msxsl.xsl --> ftp.exslt.org /www.exslt.org/public_html/date/functions/day-name date.msxsl.xsl
102.08.21 17:30 B C:\jakarta-tomcat-3.2.4\webapps\cocoon\exslt\date\functions\day-name\date.msxsl.xsl.html --> ftp.exslt.org /www.exslt.org/public_html/date/functions/day-name date.msxsl.xsl.html
102.08.21 17:30 B C:\jakarta-tomcat-3.2.4\webapps\cocoon\exslt\date\functions\day-name\index.html --> ftp.exslt.org /www.exslt.org/public_html/date/functions/day-name index.html
102.08.21 17:30 B C:\jakarta-tomcat-3.2.4\webapps\cocoon\exslt\date\functions\day-name\refresh.bat --> ftp.exslt.org /www.exslt.org/public_html/date/functions/day-name refresh.bat
102.08.21 17:30 B C:\jakarta-tomcat-3.2.4\webapps\cocoon\exslt\date\functions\day-name\update.bat --> ftp.exslt.org /www.exslt.org/public_html/date/functions/day-name update.bat
102.08.21 17:30 B C:\jakarta-tomcat-3.2.4\webapps\cocoon\exslt\date\functions\day-name\WS_FTP.LOG --> ftp.exslt.org /www.exslt.org/public_html/date/functions/day-name WS_FTP.LOG
102.11.19 13:14 B C:\jakarta-tomcat-3.2.4\webapps\cocoon\exslt\date\functions\day-name\base.css --> ftp.exslt.org /www.exslt.org/public_html/date/functions/day-name base.css
102.11.19 13:14 B C:\jakarta-tomcat-3.2.4\webapps\cocoon\exslt\date\functions\day-name\date.day-name.2.html --> ftp.exslt.org /www.exslt.org/public_html/date/functions/day-name date.day-name.2.html
102.11.19 13:14 B C:\jakarta-tomcat-3.2.4\webapps\cocoon\exslt\date\functions\day-name\date.day-name.function.xsl --> ftp.exslt.org /www.exslt.org/public_html/date/functions/day-name date.day-name.function.xsl
102.11.19 13:14 B C:\jakarta-tomcat-3.2.4\webapps\cocoon\exslt\date\functions\day-name\date.day-name.function.xsl.html --> ftp.exslt.org /www.exslt.org/public_html/date/functions/day-name date.day-name.function.xsl.html
102.11.19 13:14 B C:\jakarta-tomcat-3.2.4\webapps\cocoon\exslt\date\functions\day-name\date.day-name.html --> ftp.exslt.org /www.exslt.org/public_html/date/functions/day-name date.day-name.html
102.11.19 13:14 B C:\jakarta-tomcat-3.2.4\webapps\cocoon\exslt\date\functions\day-name\date.day-name.package.txt --> ftp.exslt.org /www.exslt.org/public_html/date/functions/day-name date.day-name.package.txt
102.11.19 13:14 B C:\jakarta-tomcat-3.2.4\webapps\cocoon\exslt\date\functions\day-name\date.day-name.template.xsl --> ftp.exslt.org /www.exslt.org/public_html/date/functions/day-name date.day-name.template.xsl
102.11.19 13:14 B C:\jakarta-tomcat-3.2.4\webapps\cocoon\exslt\date\functions\day-name\date.day-name.template.xsl.html --> ftp.exslt.org /www.exslt.org/public_html/date/functions/day-name date.day-name.template.xsl.html
102.11.19 13:14 B C:\jakarta-tomcat-3.2.4\webapps\cocoon\exslt\date\functions\day-name\date.day-name.use-cases.txt --> ftp.exslt.org /www.exslt.org/public_html/date/functions/day-name date.day-name.use-cases.txt
102.11.19 13:14 B C:\jakarta-tomcat-3.2.4\webapps\cocoon\exslt\date\functions\day-name\date.day-name.use-cases.zip --> ftp.exslt.org /www.exslt.org/public_html/date/functions/day-name date.day-name.use-cases.zip
102.11.19 13:14 B C:\jakarta-tomcat-3.2.4\webapps\cocoon\exslt\date\functions\day-name\date.day-name.xml --> ftp.exslt.org /www.exslt.org/public_html/date/functions/day-name date.day-name.xml
102.11.19 13:14 B C:\jakarta-tomcat-3.2.4\webapps\cocoon\exslt\date\functions\day-name\date.day-name.xsl --> ftp.exslt.org /www.exslt.org/public_html/date/functions/day-name date.day-name.xsl
102.11.19 13:14 B C:\jakarta-tomcat-3.2.4\webapps\cocoon\exslt\date\functions\day-name\date.day-name.zip --> ftp.exslt.org /www.exslt.org/public_html/date/functions/day-name date.day-name.zip
102.11.19 13:14 B C:\jakarta-tomcat-3.2.4\webapps\cocoon\exslt\date\functions\day-name\date.js --> ftp.exslt.org /www.exslt.org/public_html/date/functions/day-name date.js
102.11.19 13:14 B C:\jakarta-tomcat-3.2.4\webapps\cocoon\exslt\date\functions\day-name\date.js.html --> ftp.exslt.org /www.exslt.org/public_html/date/functions/day-name date.js.html
102.11.19 13:14 B C:\jakarta-tomcat-3.2.4\webapps\cocoon\exslt\date\functions\day-name\date.msxsl.xsl --> ftp.exslt.org /www.exslt.org/public_html/date/functions/day-name date.msxsl.xsl
102.11.19 13:14 B C:\jakarta-tomcat-3.2.4\webapps\cocoon\exslt\date\functions\day-name\date.msxsl.xsl.html --> ftp.exslt.org /www.exslt.org/public_html/date/functions/day-name date.msxsl.xsl.html
102.11.19 13:14 B C:\jakarta-tomcat-3.2.4\webapps\cocoon\exslt\date\functions\day-name\index.html --> ftp.exslt.org /www.exslt.org/public_html/date/functions/day-name index.html
102.11.19 13:14 B C:\jakarta-tomcat-3.2.4\webapps\cocoon\exslt\date\functions\day-name\refresh.bat --> ftp.exslt.org /www.exslt.org/public_html/date/functions/day-name refresh.bat
102.11.19 13:14 B C:\jakarta-tomcat-3.2.4\webapps\cocoon\exslt\date\functions\day-name\update.bat --> ftp.exslt.org /www.exslt.org/public_html/date/functions/day-name update.bat
102.11.19 13:14 B C:\jakarta-tomcat-3.2.4\webapps\cocoon\exslt\date\functions\day-name\WS_FTP.LOG --> ftp.exslt.org /www.exslt.org/public_html/date/functions/day-name WS_FTP.LOG
102.11.19 13:21 B C:\jakarta-tomcat-3.2.4\webapps\cocoon\exslt\date\functions\day-name\base.css --> ftp.exslt.org /www.exslt.org/public_html/date/functions/day-name base.css
102.11.19 13:21 B C:\jakarta-tomcat-3.2.4\webapps\cocoon\exslt\date\functions\day-name\date.day-name.2.html --> ftp.exslt.org /www.exslt.org/public_html/date/functions/day-name date.day-name.2.html
102.11.19 13:21 B C:\jakarta-tomcat-3.2.4\webapps\cocoon\exslt\date\functions\day-name\date.day-name.function.xsl --> ftp.exslt.org /www.exslt.org/public_html/date/functions/day-name date.day-name.function.xsl
102.11.19 13:21 B C:\jakarta-tomcat-3.2.4\webapps\cocoon\exslt\date\functions\day-name\date.day-name.function.xsl.html --> ftp.exslt.org /www.exslt.org/public_html/date/functions/day-name date.day-name.function.xsl.html
102.11.19 13:21 B C:\jakarta-tomcat-3.2.4\webapps\cocoon\exslt\date\functions\day-name\date.day-name.html --> ftp.exslt.org /www.exslt.org/public_html/date/functions/day-name date.day-name.html
102.11.19 13:21 B C:\jakarta-tomcat-3.2.4\webapps\cocoon\exslt\date\functions\day-name\date.day-name.package.txt --> ftp.exslt.org /www.exslt.org/public_html/date/functions/day-name date.day-name.package.txt
102.11.19 13:21 B C:\jakarta-tomcat-3.2.4\webapps\cocoon\exslt\date\functions\day-name\date.day-name.template.xsl --> ftp.exslt.org /www.exslt.org/public_html/date/functions/day-name date.day-name.template.xsl
102.11.19 13:21 B C:\jakarta-tomcat-3.2.4\webapps\cocoon\exslt\date\functions\day-name\date.day-name.template.xsl.html --> ftp.exslt.org /www.exslt.org/public_html/date/functions/day-name date.day-name.template.xsl.html
102.11.19 13:21 B C:\jakarta-tomcat-3.2.4\webapps\cocoon\exslt\date\functions\day-name\date.day-name.use-cases.txt --> ftp.exslt.org /www.exslt.org/public_html/date/functions/day-name date.day-name.use-cases.txt
102.11.19 13:21 B C:\jakarta-tomcat-3.2.4\webapps\cocoon\exslt\date\functions\day-name\date.day-name.use-cases.zip --> ftp.exslt.org /www.exslt.org/public_html/date/functions/day-name date.day-name.use-cases.zip
102.11.19 13:21 B C:\jakarta-tomcat-3.2.4\webapps\cocoon\exslt\date\functions\day-name\date.day-name.xml --> ftp.exslt.org /www.exslt.org/public_html/date/functions/day-name date.day-name.xml
102.11.19 13:21 B C:\jakarta-tomcat-3.2.4\webapps\cocoon\exslt\date\functions\day-name\date.day-name.xsl --> ftp.exslt.org /www.exslt.org/public_html/date/functions/day-name date.day-name.xsl
102.11.19 13:21 B C:\jakarta-tomcat-3.2.4\webapps\cocoon\exslt\date\functions\day-name\date.day-name.zip --> ftp.exslt.org /www.exslt.org/public_html/date/functions/day-name date.day-name.zip
102.11.19 13:21 B C:\jakarta-tomcat-3.2.4\webapps\cocoon\exslt\date\functions\day-name\date.js --> ftp.exslt.org /www.exslt.org/public_html/date/functions/day-name date.js
102.11.19 13:21 B C:\jakarta-tomcat-3.2.4\webapps\cocoon\exslt\date\functions\day-name\date.js.html --> ftp.exslt.org /www.exslt.org/public_html/date/functions/day-name date.js.html
102.11.19 13:21 B C:\jakarta-tomcat-3.2.4\webapps\cocoon\exslt\date\functions\day-name\date.msxsl.xsl --> ftp.exslt.org /www.exslt.org/public_html/date/functions/day-name date.msxsl.xsl
102.11.19 13:21 B C:\jakarta-tomcat-3.2.4\webapps\cocoon\exslt\date\functions\day-name\date.msxsl.xsl.html --> ftp.exslt.org /www.exslt.org/public_html/date/functions/day-name date.msxsl.xsl.html
102.11.19 13:21 B C:\jakarta-tomcat-3.2.4\webapps\cocoon\exslt\date\functions\day-name\index.html --> ftp.exslt.org /www.exslt.org/public_html/date/functions/day-name index.html
102.11.19 13:21 B C:\jakarta-tomcat-3.2.4\webapps\cocoon\exslt\date\functions\day-name\refresh.bat --> ftp.exslt.org /www.exslt.org/public_html/date/functions/day-name refresh.bat
102.11.19 13:21 B C:\jakarta-tomcat-3.2.4\webapps\cocoon\exslt\date\functions\day-name\update.bat --> ftp.exslt.org /www.exslt.org/public_html/date/functions/day-name update.bat
102.12.02 12:21 B C:\jakarta-tomcat-3.2.4\webapps\cocoon\exslt\public_html\date\functions\day-name\WS_FTP.LOG <-- ftp.exslt.org /www.exslt.org/public_html/date/functions/day-name WS_FTP.LOG
102.12.03 11:09 B C:\jakarta-tomcat-3.2.4\webapps\cocoon\exslt\date\functions\day-name\base.css --> ftp.exslt.org /www.exslt.org/public_html/date/functions/day-name base.css
102.12.03 11:09 B C:\jakarta-tomcat-3.2.4\webapps\cocoon\exslt\date\functions\day-name\date.day-name.1.html --> ftp.exslt.org /www.exslt.org/public_html/date/functions/day-name date.day-name.1.html
102.12.03 11:09 B C:\jakarta-tomcat-3.2.4\webapps\cocoon\exslt\date\functions\day-name\date.day-name.1.xml --> ftp.exslt.org /www.exslt.org/public_html/date/functions/day-name date.day-name.1.xml
102.12.03 11:09 B C:\jakarta-tomcat-3.2.4\webapps\cocoon\exslt\date\functions\day-name\date.day-name.2.html --> ftp.exslt.org /www.exslt.org/public_html/date/functions/day-name date.day-name.2.html
102.12.03 11:09 B C:\jakarta-tomcat-3.2.4\webapps\cocoon\exslt\date\functions\day-name\date.day-name.function.xsl --> ftp.exslt.org /www.exslt.org/public_html/date/functions/day-name date.day-name.function.xsl
102.12.03 11:09 B C:\jakarta-tomcat-3.2.4\webapps\cocoon\exslt\date\functions\day-name\date.day-name.function.xsl.html --> ftp.exslt.org /www.exslt.org/public_html/date/functions/day-name date.day-name.function.xsl.html
102.12.03 11:09 B C:\jakarta-tomcat-3.2.4\webapps\cocoon\exslt\date\functions\day-name\date.day-name.html --> ftp.exslt.org /www.exslt.org/public_html/date/functions/day-name date.day-name.html
102.12.03 11:09 B C:\jakarta-tomcat-3.2.4\webapps\cocoon\exslt\date\functions\day-name\date.day-name.package.txt --> ftp.exslt.org /www.exslt.org/public_html/date/functions/day-name date.day-name.package.txt
102.12.03 11:09 B C:\jakarta-tomcat-3.2.4\webapps\cocoon\exslt\date\functions\day-name\date.day-name.template.xsl --> ftp.exslt.org /www.exslt.org/public_html/date/functions/day-name date.day-name.template.xsl
102.12.03 11:09 B C:\jakarta-tomcat-3.2.4\webapps\cocoon\exslt\date\functions\day-name\date.day-name.template.xsl.html --> ftp.exslt.org /www.exslt.org/public_html/date/functions/day-name date.day-name.template.xsl.html
102.12.03 11:09 B C:\jakarta-tomcat-3.2.4\webapps\cocoon\exslt\date\functions\day-name\date.day-name.use-cases.txt --> ftp.exslt.org /www.exslt.org/public_html/date/functions/day-name date.day-name.use-cases.txt
102.12.03 11:09 B C:\jakarta-tomcat-3.2.4\webapps\cocoon\exslt\date\functions\day-name\date.day-name.use-cases.zip --> ftp.exslt.org /www.exslt.org/public_html/date/functions/day-name date.day-name.use-cases.zip
102.12.03 11:09 B C:\jakarta-tomcat-3.2.4\webapps\cocoon\exslt\date\functions\day-name\date.day-name.xml --> ftp.exslt.org /www.exslt.org/public_html/date/functions/day-name date.day-name.xml
102.12.03 11:09 B C:\jakarta-tomcat-3.2.4\webapps\cocoon\exslt\date\functions\day-name\date.day-name.xsl --> ftp.exslt.org /www.exslt.org/public_html/date/functions/day-name date.day-name.xsl
102.12.03 11:09 B C:\jakarta-tomcat-3.2.4\webapps\cocoon\exslt\date\functions\day-name\date.day-name.zip --> ftp.exslt.org /www.exslt.org/public_html/date/functions/day-name date.day-name.zip
102.12.03 11:09 B C:\jakarta-tomcat-3.2.4\webapps\cocoon\exslt\date\functions\day-name\date.js --> ftp.exslt.org /www.exslt.org/public_html/date/functions/day-name date.js
102.12.03 11:09 B C:\jakarta-tomcat-3.2.4\webapps\cocoon\exslt\date\functions\day-name\date.js.html --> ftp.exslt.org /www.exslt.org/public_html/date/functions/day-name date.js.html
102.12.03 11:09 B C:\jakarta-tomcat-3.2.4\webapps\cocoon\exslt\date\functions\day-name\date.msxsl.xsl --> ftp.exslt.org /www.exslt.org/public_html/date/functions/day-name date.msxsl.xsl
102.12.03 11:09 B C:\jakarta-tomcat-3.2.4\webapps\cocoon\exslt\date\functions\day-name\date.msxsl.xsl.html --> ftp.exslt.org /www.exslt.org/public_html/date/functions/day-name date.msxsl.xsl.html
102.12.03 11:09 B C:\jakarta-tomcat-3.2.4\webapps\cocoon\exslt\date\functions\day-name\index.html --> ftp.exslt.org /www.exslt.org/public_html/date/functions/day-name index.html
102.12.03 11:09 B C:\jakarta-tomcat-3.2.4\webapps\cocoon\exslt\date\functions\day-name\out.html --> ftp.exslt.org /www.exslt.org/public_html/date/functions/day-name out.html
102.12.03 11:09 B C:\jakarta-tomcat-3.2.4\webapps\cocoon\exslt\date\functions\day-name\refresh.bat --> ftp.exslt.org /www.exslt.org/public_html/date/functions/day-name refresh.bat
102.12.03 11:09 B C:\jakarta-tomcat-3.2.4\webapps\cocoon\exslt\date\functions\day-name\update.bat --> ftp.exslt.org /www.exslt.org/public_html/date/functions/day-name update.bat
102.12.03 11:09 B C:\jakarta-tomcat-3.2.4\webapps\cocoon\exslt\date\functions\day-name\WS_FTP.LOG --> ftp.exslt.org /www.exslt.org/public_html/date/functions/day-name WS_FTP.LOG
102.12.11 11:01 B C:\jakarta-tomcat-3.2.4\webapps\cocoon\exslt\date\functions\day-name\base.css --> ftp.exslt.org /www.exslt.org/public_html/date/functions/day-name base.css
102.12.11 11:01 B C:\jakarta-tomcat-3.2.4\webapps\cocoon\exslt\date\functions\day-name\date.day-name.1.html --> ftp.exslt.org /www.exslt.org/public_html/date/functions/day-name date.day-name.1.html
102.12.11 11:01 B C:\jakarta-tomcat-3.2.4\webapps\cocoon\exslt\date\functions\day-name\date.day-name.1.xml --> ftp.exslt.org /www.exslt.org/public_html/date/functions/day-name date.day-name.1.xml
102.12.11 11:01 B C:\jakarta-tomcat-3.2.4\webapps\cocoon\exslt\date\functions\day-name\date.day-name.2.html --> ftp.exslt.org /www.exslt.org/public_html/date/functions/day-name date.day-name.2.html
102.12.11 11:01 B C:\jakarta-tomcat-3.2.4\webapps\cocoon\exslt\date\functions\day-name\date.day-name.function.xsl --> ftp.exslt.org /www.exslt.org/public_html/date/functions/day-name date.day-name.function.xsl
102.12.11 11:01 B C:\jakarta-tomcat-3.2.4\webapps\cocoon\exslt\date\functions\day-name\date.day-name.function.xsl.html --> ftp.exslt.org /www.exslt.org/public_html/date/functions/day-name date.day-name.function.xsl.html
102.12.11 11:01 B C:\jakarta-tomcat-3.2.4\webapps\cocoon\exslt\date\functions\day-name\date.day-name.html --> ftp.exslt.org /www.exslt.org/public_html/date/functions/day-name date.day-name.html
102.12.11 11:01 B C:\jakarta-tomcat-3.2.4\webapps\cocoon\exslt\date\functions\day-name\date.day-name.package.txt --> ftp.exslt.org /www.exslt.org/public_html/date/functions/day-name date.day-name.package.txt
102.12.11 11:01 B C:\jakarta-tomcat-3.2.4\webapps\cocoon\exslt\date\functions\day-name\date.day-name.template.xsl --> ftp.exslt.org /www.exslt.org/public_html/date/functions/day-name date.day-name.template.xsl
102.12.11 11:01 B C:\jakarta-tomcat-3.2.4\webapps\cocoon\exslt\date\functions\day-name\date.day-name.template.xsl.html --> ftp.exslt.org /www.exslt.org/public_html/date/functions/day-name date.day-name.template.xsl.html
102.12.11 11:01 B C:\jakarta-tomcat-3.2.4\webapps\cocoon\exslt\date\functions\day-name\date.day-name.use-cases.txt --> ftp.exslt.org /www.exslt.org/public_html/date/functions/day-name date.day-name.use-cases.txt
102.12.11 11:01 B C:\jakarta-tomcat-3.2.4\webapps\cocoon\exslt\date\functions\day-name\date.day-name.use-cases.zip --> ftp.exslt.org /www.exslt.org/public_html/date/functions/day-name date.day-name.use-cases.zip
102.12.11 11:01 B C:\jakarta-tomcat-3.2.4\webapps\cocoon\exslt\date\functions\day-name\date.day-name.xml --> ftp.exslt.org /www.exslt.org/public_html/date/functions/day-name date.day-name.xml
102.12.11 11:01 B C:\jakarta-tomcat-3.2.4\webapps\cocoon\exslt\date\functions\day-name\date.day-name.xsl --> ftp.exslt.org /www.exslt.org/public_html/date/functions/day-name date.day-name.xsl
102.12.11 11:01 B C:\jakarta-tomcat-3.2.4\webapps\cocoon\exslt\date\functions\day-name\date.day-name.zip --> ftp.exslt.org /www.exslt.org/public_html/date/functions/day-name date.day-name.zip
102.12.11 11:01 B C:\jakarta-tomcat-3.2.4\webapps\cocoon\exslt\date\functions\day-name\date.js --> ftp.exslt.org /www.exslt.org/public_html/date/functions/day-name date.js
102.12.11 11:01 B C:\jakarta-tomcat-3.2.4\webapps\cocoon\exslt\date\functions\day-name\date.js.html --> ftp.exslt.org /www.exslt.org/public_html/date/functions/day-name date.js.html
102.12.11 11:01 B C:\jakarta-tomcat-3.2.4\webapps\cocoon\exslt\date\functions\day-name\date.msxsl.xsl --> ftp.exslt.org /www.exslt.org/public_html/date/functions/day-name date.msxsl.xsl
102.12.11 11:01 B C:\jakarta-tomcat-3.2.4\webapps\cocoon\exslt\date\functions\day-name\date.msxsl.xsl.html --> ftp.exslt.org /www.exslt.org/public_html/date/functions/day-name date.msxsl.xsl.html
102.12.11 11:01 B C:\jakarta-tomcat-3.2.4\webapps\cocoon\exslt\date\functions\day-name\index.html --> ftp.exslt.org /www.exslt.org/public_html/date/functions/day-name index.html
102.12.11 11:01 B C:\jakarta-tomcat-3.2.4\webapps\cocoon\exslt\date\functions\day-name\out.html --> ftp.exslt.org /www.exslt.org/public_html/date/functions/day-name out.html
102.12.11 11:01 B C:\jakarta-tomcat-3.2.4\webapps\cocoon\exslt\date\functions\day-name\refresh.bat --> ftp.exslt.org /www.exslt.org/public_html/date/functions/day-name refresh.bat
102.12.11 11:01 B C:\jakarta-tomcat-3.2.4\webapps\cocoon\exslt\date\functions\day-name\update.bat --> ftp.exslt.org /www.exslt.org/public_html/date/functions/day-name update.bat
102.12.11 11:01 B C:\jakarta-tomcat-3.2.4\webapps\cocoon\exslt\date\functions\day-name\WS_FTP.LOG --> ftp.exslt.org /www.exslt.org/public_html/date/functions/day-name WS_FTP.LOG
102.12.11 11:03 B C:\jakarta-tomcat-3.2.4\webapps\cocoon\exslt\date\functions\day-name\base.css --> ftp.exslt.org /www.exslt.org/public_html/date/functions/day-name base.css
102.12.11 11:03 B C:\jakarta-tomcat-3.2.4\webapps\cocoon\exslt\date\functions\day-name\date.day-name.1.html --> ftp.exslt.org /www.exslt.org/public_html/date/functions/day-name date.day-name.1.html
102.12.11 11:03 B C:\jakarta-tomcat-3.2.4\webapps\cocoon\exslt\date\functions\day-name\date.day-name.1.xml --> ftp.exslt.org /www.exslt.org/public_html/date/functions/day-name date.day-name.1.xml
102.12.11 11:03 B C:\jakarta-tomcat-3.2.4\webapps\cocoon\exslt\date\functions\day-name\date.day-name.2.html --> ftp.exslt.org /www.exslt.org/public_html/date/functions/day-name date.day-name.2.html
102.12.11 11:03 B C:\jakarta-tomcat-3.2.4\webapps\cocoon\exslt\date\functions\day-name\date.day-name.function.xsl --> ftp.exslt.org /www.exslt.org/public_html/date/functions/day-name date.day-name.function.xsl
102.12.11 11:03 B C:\jakarta-tomcat-3.2.4\webapps\cocoon\exslt\date\functions\day-name\date.day-name.function.xsl.html --> ftp.exslt.org /www.exslt.org/public_html/date/functions/day-name date.day-name.function.xsl.html
102.12.11 11:03 B C:\jakarta-tomcat-3.2.4\webapps\cocoon\exslt\date\functions\day-name\date.day-name.html --> ftp.exslt.org /www.exslt.org/public_html/date/functions/day-name date.day-name.html
102.12.11 11:03 B C:\jakarta-tomcat-3.2.4\webapps\cocoon\exslt\date\functions\day-name\date.day-name.package.txt --> ftp.exslt.org /www.exslt.org/public_html/date/functions/day-name date.day-name.package.txt
102.12.11 11:03 B C:\jakarta-tomcat-3.2.4\webapps\cocoon\exslt\date\functions\day-name\date.day-name.template.xsl --> ftp.exslt.org /www.exslt.org/public_html/date/functions/day-name date.day-name.template.xsl
102.12.11 11:03 B C:\jakarta-tomcat-3.2.4\webapps\cocoon\exslt\date\functions\day-name\date.day-name.template.xsl.html --> ftp.exslt.org /www.exslt.org/public_html/date/functions/day-name date.day-name.template.xsl.html
102.12.11 11:03 B C:\jakarta-tomcat-3.2.4\webapps\cocoon\exslt\date\functions\day-name\date.day-name.use-cases.txt --> ftp.exslt.org /www.exslt.org/public_html/date/functions/day-name date.day-name.use-cases.txt
102.12.11 11:03 B C:\jakarta-tomcat-3.2.4\webapps\cocoon\exslt\date\functions\day-name\date.day-name.use-cases.zip --> ftp.exslt.org /www.exslt.org/public_html/date/functions/day-name date.day-name.use-cases.zip
102.12.11 11:03 B C:\jakarta-tomcat-3.2.4\webapps\cocoon\exslt\date\functions\day-name\date.day-name.xml --> ftp.exslt.org /www.exslt.org/public_html/date/functions/day-name date.day-name.xml
102.12.11 11:03 B C:\jakarta-tomcat-3.2.4\webapps\cocoon\exslt\date\functions\day-name\date.day-name.xsl --> ftp.exslt.org /www.exslt.org/public_html/date/functions/day-name date.day-name.xsl
102.12.11 11:03 B C:\jakarta-tomcat-3.2.4\webapps\cocoon\exslt\date\functions\day-name\date.day-name.zip --> ftp.exslt.org /www.exslt.org/public_html/date/functions/day-name date.day-name.zip
102.12.11 11:03 B C:\jakarta-tomcat-3.2.4\webapps\cocoon\exslt\date\functions\day-name\date.js --> ftp.exslt.org /www.exslt.org/public_html/date/functions/day-name date.js
102.12.11 11:03 B C:\jakarta-tomcat-3.2.4\webapps\cocoon\exslt\date\functions\day-name\date.js.html --> ftp.exslt.org /www.exslt.org/public_html/date/functions/day-name date.js.html
102.12.11 11:03 B C:\jakarta-tomcat-3.2.4\webapps\cocoon\exslt\date\functions\day-name\date.msxsl.xsl --> ftp.exslt.org /www.exslt.org/public_html/date/functions/day-name date.msxsl.xsl
102.12.11 11:03 B C:\jakarta-tomcat-3.2.4\webapps\cocoon\exslt\date\functions\day-name\date.msxsl.xsl.html --> ftp.exslt.org /www.exslt.org/public_html/date/functions/day-name date.msxsl.xsl.html
102.12.11 11:03 B C:\jakarta-tomcat-3.2.4\webapps\cocoon\exslt\date\functions\day-name\index.html --> ftp.exslt.org /www.exslt.org/public_html/date/functions/day-name index.html
102.12.11 11:03 B C:\jakarta-tomcat-3.2.4\webapps\cocoon\exslt\date\functions\day-name\out.html --> ftp.exslt.org /www.exslt.org/public_html/date/functions/day-name out.html
102.12.11 11:03 B C:\jakarta-tomcat-3.2.4\webapps\cocoon\exslt\date\functions\day-name\refresh.bat --> ftp.exslt.org /www.exslt.org/public_html/date/functions/day-name refresh.bat
102.12.11 11:03 B C:\jakarta-tomcat-3.2.4\webapps\cocoon\exslt\date\functions\day-name\update.bat --> ftp.exslt.org /www.exslt.org/public_html/date/functions/day-name update.bat
103.09.29 15:00 B C:\jakarta-tomcat-3.2.4\webapps\cocoon\exslt\date\functions\day-name\WS_FTP.LOG <-- ftp.exslt.org /www.exslt.org/public_html/date/functions/day-name WS_FTP.LOG
103.10.21 13:04 B C:\jakarta-tomcat-3.2.4\webapps\cocoon\exslt\date\functions\day-name\base.css --> marian.cs.nott.ac.uk /stud/pg/cds/exslt/date/functions/day-name base.css
103.10.21 13:04 B C:\jakarta-tomcat-3.2.4\webapps\cocoon\exslt\date\functions\day-name\date.day-name.1.html --> marian.cs.nott.ac.uk /stud/pg/cds/exslt/date/functions/day-name date.day-name.1.html
103.10.21 13:04 B C:\jakarta-tomcat-3.2.4\webapps\cocoon\exslt\date\functions\day-name\date.day-name.1.xml --> marian.cs.nott.ac.uk /stud/pg/cds/exslt/date/functions/day-name date.day-name.1.xml
103.10.21 13:04 B C:\jakarta-tomcat-3.2.4\webapps\cocoon\exslt\date\functions\day-name\date.day-name.2.html --> marian.cs.nott.ac.uk /stud/pg/cds/exslt/date/functions/day-name date.day-name.2.html
103.10.21 13:04 B C:\jakarta-tomcat-3.2.4\webapps\cocoon\exslt\date\functions\day-name\date.day-name.function.xsl --> marian.cs.nott.ac.uk /stud/pg/cds/exslt/date/functions/day-name date.day-name.function.xsl
103.10.21 13:04 B C:\jakarta-tomcat-3.2.4\webapps\cocoon\exslt\date\functions\day-name\date.day-name.function.xsl.html --> marian.cs.nott.ac.uk /stud/pg/cds/exslt/date/functions/day-name date.day-name.function.xsl.html
103.10.21 13:04 B C:\jakarta-tomcat-3.2.4\webapps\cocoon\exslt\date\functions\day-name\date.day-name.html --> marian.cs.nott.ac.uk /stud/pg/cds/exslt/date/functions/day-name date.day-name.html
103.10.21 13:04 B C:\jakarta-tomcat-3.2.4\webapps\cocoon\exslt\date\functions\day-name\date.day-name.package.txt --> marian.cs.nott.ac.uk /stud/pg/cds/exslt/date/functions/day-name date.day-name.package.txt
103.10.21 13:04 B C:\jakarta-tomcat-3.2.4\webapps\cocoon\exslt\date\functions\day-name\date.day-name.template.xsl --> marian.cs.nott.ac.uk /stud/pg/cds/exslt/date/functions/day-name date.day-name.template.xsl
103.10.21 13:04 B C:\jakarta-tomcat-3.2.4\webapps\cocoon\exslt\date\functions\day-name\date.day-name.template.xsl.html --> marian.cs.nott.ac.uk /stud/pg/cds/exslt/date/functions/day-name date.day-name.template.xsl.html
103.10.21 13:04 B C:\jakarta-tomcat-3.2.4\webapps\cocoon\exslt\date\functions\day-name\date.day-name.use-cases.txt --> marian.cs.nott.ac.uk /stud/pg/cds/exslt/date/functions/day-name date.day-name.use-cases.txt
103.10.21 13:04 B C:\jakarta-tomcat-3.2.4\webapps\cocoon\exslt\date\functions\day-name\date.day-name.use-cases.zip --> marian.cs.nott.ac.uk /stud/pg/cds/exslt/date/functions/day-name date.day-name.use-cases.zip
103.10.21 13:04 B C:\jakarta-tomcat-3.2.4\webapps\cocoon\exslt\date\functions\day-name\date.day-name.xml --> marian.cs.nott.ac.uk /stud/pg/cds/exslt/date/functions/day-name date.day-name.xml
103.10.21 13:04 B C:\jakarta-tomcat-3.2.4\webapps\cocoon\exslt\date\functions\day-name\date.day-name.xsl --> marian.cs.nott.ac.uk /stud/pg/cds/exslt/date/functions/day-name date.day-name.xsl
103.10.21 13:04 B C:\jakarta-tomcat-3.2.4\webapps\cocoon\exslt\date\functions\day-name\date.day-name.zip --> marian.cs.nott.ac.uk /stud/pg/cds/exslt/date/functions/day-name date.day-name.zip
103.10.21 13:04 B C:\jakarta-tomcat-3.2.4\webapps\cocoon\exslt\date\functions\day-name\date.js --> marian.cs.nott.ac.uk /stud/pg/cds/exslt/date/functions/day-name date.js
103.10.21 13:04 B C:\jakarta-tomcat-3.2.4\webapps\cocoon\exslt\date\functions\day-name\date.js.html --> marian.cs.nott.ac.uk /stud/pg/cds/exslt/date/functions/day-name date.js.html
103.10.21 13:04 B C:\jakarta-tomcat-3.2.4\webapps\cocoon\exslt\date\functions\day-name\date.msxsl.xsl --> marian.cs.nott.ac.uk /stud/pg/cds/exslt/date/functions/day-name date.msxsl.xsl
103.10.21 13:04 B C:\jakarta-tomcat-3.2.4\webapps\cocoon\exslt\date\functions\day-name\date.msxsl.xsl.html --> marian.cs.nott.ac.uk /stud/pg/cds/exslt/date/functions/day-name date.msxsl.xsl.html
103.10.21 13:04 B C:\jakarta-tomcat-3.2.4\webapps\cocoon\exslt\date\functions\day-name\index.html --> marian.cs.nott.ac.uk /stud/pg/cds/exslt/date/functions/day-name index.html
103.10.21 13:04 B C:\jakarta-tomcat-3.2.4\webapps\cocoon\exslt\date\functions\day-name\out.html --> marian.cs.nott.ac.uk /stud/pg/cds/exslt/date/functions/day-name out.html
103.10.21 13:04 B C:\jakarta-tomcat-3.2.4\webapps\cocoon\exslt\date\functions\day-name\refresh.bat --> marian.cs.nott.ac.uk /stud/pg/cds/exslt/date/functions/day-name refresh.bat
103.10.21 13:04 B C:\jakarta-tomcat-3.2.4\webapps\cocoon\exslt\date\functions\day-name\update.bat --> marian.cs.nott.ac.uk /stud/pg/cds/exslt/date/functions/day-name update.bat
103.10.21 13:04 B C:\jakarta-tomcat-3.2.4\webapps\cocoon\exslt\date\functions\day-name\WS_FTP.LOG --> marian.cs.nott.ac.uk /stud/pg/cds/exslt/date/functions/day-name WS_FTP.LOG
103.10.21 15:51 B C:\jakarta-tomcat-3.2.4\webapps\cocoon\exslt\date\functions\day-name\base.css --> ftp.exslt.org /www.exslt.org/public_html/date/functions/day-name base.css
103.10.21 15:51 B C:\jakarta-tomcat-3.2.4\webapps\cocoon\exslt\date\functions\day-name\date.day-name.1.html --> ftp.exslt.org /www.exslt.org/public_html/date/functions/day-name date.day-name.1.html
103.10.21 15:51 B C:\jakarta-tomcat-3.2.4\webapps\cocoon\exslt\date\functions\day-name\date.day-name.1.xml --> ftp.exslt.org /www.exslt.org/public_html/date/functions/day-name date.day-name.1.xml
103.10.21 15:51 B C:\jakarta-tomcat-3.2.4\webapps\cocoon\exslt\date\functions\day-name\date.day-name.2.html --> ftp.exslt.org /www.exslt.org/public_html/date/functions/day-name date.day-name.2.html
103.10.21 15:52 B C:\jakarta-tomcat-3.2.4\webapps\cocoon\exslt\date\functions\day-name\date.day-name.function.xsl --> ftp.exslt.org /www.exslt.org/public_html/date/functions/day-name date.day-name.function.xsl
103.10.21 15:52 B C:\jakarta-tomcat-3.2.4\webapps\cocoon\exslt\date\functions\day-name\date.day-name.function.xsl.html --> ftp.exslt.org /www.exslt.org/public_html/date/functions/day-name date.day-name.function.xsl.html
103.10.21 15:52 B C:\jakarta-tomcat-3.2.4\webapps\cocoon\exslt\date\functions\day-name\date.day-name.html --> ftp.exslt.org /www.exslt.org/public_html/date/functions/day-name date.day-name.html
103.10.21 15:52 B C:\jakarta-tomcat-3.2.4\webapps\cocoon\exslt\date\functions\day-name\date.day-name.package.txt --> ftp.exslt.org /www.exslt.org/public_html/date/functions/day-name date.day-name.package.txt
103.10.21 15:52 B C:\jakarta-tomcat-3.2.4\webapps\cocoon\exslt\date\functions\day-name\date.day-name.template.xsl --> ftp.exslt.org /www.exslt.org/public_html/date/functions/day-name date.day-name.template.xsl
103.10.21 15:52 B C:\jakarta-tomcat-3.2.4\webapps\cocoon\exslt\date\functions\day-name\date.day-name.template.xsl.html --> ftp.exslt.org /www.exslt.org/public_html/date/functions/day-name date.day-name.template.xsl.html
103.10.21 15:52 B C:\jakarta-tomcat-3.2.4\webapps\cocoon\exslt\date\functions\day-name\date.day-name.use-cases.txt --> ftp.exslt.org /www.exslt.org/public_html/date/functions/day-name date.day-name.use-cases.txt
103.10.21 15:52 B C:\jakarta-tomcat-3.2.4\webapps\cocoon\exslt\date\functions\day-name\date.day-name.use-cases.zip --> ftp.exslt.org /www.exslt.org/public_html/date/functions/day-name date.day-name.use-cases.zip
103.10.21 15:52 B C:\jakarta-tomcat-3.2.4\webapps\cocoon\exslt\date\functions\day-name\date.day-name.xml --> ftp.exslt.org /www.exslt.org/public_html/date/functions/day-name date.day-name.xml
103.10.21 15:52 B C:\jakarta-tomcat-3.2.4\webapps\cocoon\exslt\date\functions\day-name\date.day-name.xsl --> ftp.exslt.org /www.exslt.org/public_html/date/functions/day-name date.day-name.xsl
103.10.21 15:52 B C:\jakarta-tomcat-3.2.4\webapps\cocoon\exslt\date\functions\day-name\date.day-name.zip --> ftp.exslt.org /www.exslt.org/public_html/date/functions/day-name date.day-name.zip
103.10.21 15:53 B C:\jakarta-tomcat-3.2.4\webapps\cocoon\exslt\date\functions\day-name\date.js --> ftp.exslt.org /www.exslt.org/public_html/date/functions/day-name date.js
103.10.21 15:53 B C:\jakarta-tomcat-3.2.4\webapps\cocoon\exslt\date\functions\day-name\date.js.html --> ftp.exslt.org /www.exslt.org/public_html/date/functions/day-name date.js.html
103.10.21 15:53 B C:\jakarta-tomcat-3.2.4\webapps\cocoon\exslt\date\functions\day-name\date.msxsl.xsl --> ftp.exslt.org /www.exslt.org/public_html/date/functions/day-name date.msxsl.xsl
103.10.21 15:53 B C:\jakarta-tomcat-3.2.4\webapps\cocoon\exslt\date\functions\day-name\date.msxsl.xsl.html --> ftp.exslt.org /www.exslt.org/public_html/date/functions/day-name date.msxsl.xsl.html
103.10.21 15:53 B C:\jakarta-tomcat-3.2.4\webapps\cocoon\exslt\date\functions\day-name\index.html --> ftp.exslt.org /www.exslt.org/public_html/date/functions/day-name index.html
103.10.21 15:53 B C:\jakarta-tomcat-3.2.4\webapps\cocoon\exslt\date\functions\day-name\out.html --> ftp.exslt.org /www.exslt.org/public_html/date/functions/day-name out.html
103.10.21 15:53 B C:\jakarta-tomcat-3.2.4\webapps\cocoon\exslt\date\functions\day-name\refresh.bat --> ftp.exslt.org /www.exslt.org/public_html/date/functions/day-name refresh.bat
103.10.21 15:53 B C:\jakarta-tomcat-3.2.4\webapps\cocoon\exslt\date\functions\day-name\update.bat --> ftp.exslt.org /www.exslt.org/public_html/date/functions/day-name update.bat
