102.08.21 17:31 B C:\jakarta-tomcat-3.2.4\webapps\cocoon\exslt\exsl\base.css --> ftp.exslt.org /www.exslt.org/public_html/exsl base.css
102.08.21 17:32 B C:\jakarta-tomcat-3.2.4\webapps\cocoon\exslt\exsl\exsl.1.html --> ftp.exslt.org /www.exslt.org/public_html/exsl exsl.1.html
102.08.21 17:32 B C:\jakarta-tomcat-3.2.4\webapps\cocoon\exslt\exsl\exsl.html --> ftp.exslt.org /www.exslt.org/public_html/exsl exsl.html
102.08.21 17:32 B C:\jakarta-tomcat-3.2.4\webapps\cocoon\exslt\exsl\exsl.package.txt --> ftp.exslt.org /www.exslt.org/public_html/exsl exsl.package.txt
102.08.21 17:32 B C:\jakarta-tomcat-3.2.4\webapps\cocoon\exslt\exsl\exsl.xml --> ftp.exslt.org /www.exslt.org/public_html/exsl exsl.xml
102.08.21 17:32 B C:\jakarta-tomcat-3.2.4\webapps\cocoon\exslt\exsl\exsl.zip --> ftp.exslt.org /www.exslt.org/public_html/exsl exsl.zip
102.08.21 17:32 B C:\jakarta-tomcat-3.2.4\webapps\cocoon\exslt\exsl\index.html --> ftp.exslt.org /www.exslt.org/public_html/exsl index.html
102.08.21 17:32 B C:\jakarta-tomcat-3.2.4\webapps\cocoon\exslt\exsl\refresh.bat --> ftp.exslt.org /www.exslt.org/public_html/exsl refresh.bat
102.08.21 17:32 B C:\jakarta-tomcat-3.2.4\webapps\cocoon\exslt\exsl\update.bat --> ftp.exslt.org /www.exslt.org/public_html/exsl update.bat
102.11.19 13:15 B C:\jakarta-tomcat-3.2.4\webapps\cocoon\exslt\exsl\base.css --> ftp.exslt.org /www.exslt.org/public_html/exsl base.css
102.11.19 13:15 B C:\jakarta-tomcat-3.2.4\webapps\cocoon\exslt\exsl\exsl.1.html --> ftp.exslt.org /www.exslt.org/public_html/exsl exsl.1.html
102.11.19 13:15 B C:\jakarta-tomcat-3.2.4\webapps\cocoon\exslt\exsl\exsl.html --> ftp.exslt.org /www.exslt.org/public_html/exsl exsl.html
102.11.19 13:15 B C:\jakarta-tomcat-3.2.4\webapps\cocoon\exslt\exsl\exsl.package.txt --> ftp.exslt.org /www.exslt.org/public_html/exsl exsl.package.txt
102.11.19 13:15 B C:\jakarta-tomcat-3.2.4\webapps\cocoon\exslt\exsl\exsl.xml --> ftp.exslt.org /www.exslt.org/public_html/exsl exsl.xml
102.11.19 13:15 B C:\jakarta-tomcat-3.2.4\webapps\cocoon\exslt\exsl\exsl.zip --> ftp.exslt.org /www.exslt.org/public_html/exsl exsl.zip
102.11.19 13:15 B C:\jakarta-tomcat-3.2.4\webapps\cocoon\exslt\exsl\index.html --> ftp.exslt.org /www.exslt.org/public_html/exsl index.html
102.11.19 13:15 B C:\jakarta-tomcat-3.2.4\webapps\cocoon\exslt\exsl\refresh.bat --> ftp.exslt.org /www.exslt.org/public_html/exsl refresh.bat
102.11.19 13:15 B C:\jakarta-tomcat-3.2.4\webapps\cocoon\exslt\exsl\update.bat --> ftp.exslt.org /www.exslt.org/public_html/exsl update.bat
102.11.19 13:15 B C:\jakarta-tomcat-3.2.4\webapps\cocoon\exslt\exsl\WS_FTP.LOG --> ftp.exslt.org /www.exslt.org/public_html/exsl WS_FTP.LOG
102.11.19 13:22 B C:\jakarta-tomcat-3.2.4\webapps\cocoon\exslt\exsl\base.css --> ftp.exslt.org /www.exslt.org/public_html/exsl base.css
102.11.19 13:22 B C:\jakarta-tomcat-3.2.4\webapps\cocoon\exslt\exsl\exsl.1.html --> ftp.exslt.org /www.exslt.org/public_html/exsl exsl.1.html
102.11.19 13:22 B C:\jakarta-tomcat-3.2.4\webapps\cocoon\exslt\exsl\exsl.html --> ftp.exslt.org /www.exslt.org/public_html/exsl exsl.html
102.11.19 13:22 B C:\jakarta-tomcat-3.2.4\webapps\cocoon\exslt\exsl\exsl.package.txt --> ftp.exslt.org /www.exslt.org/public_html/exsl exsl.package.txt
102.11.19 13:22 B C:\jakarta-tomcat-3.2.4\webapps\cocoon\exslt\exsl\exsl.xml --> ftp.exslt.org /www.exslt.org/public_html/exsl exsl.xml
102.11.19 13:22 B C:\jakarta-tomcat-3.2.4\webapps\cocoon\exslt\exsl\exsl.zip --> ftp.exslt.org /www.exslt.org/public_html/exsl exsl.zip
102.11.19 13:22 B C:\jakarta-tomcat-3.2.4\webapps\cocoon\exslt\exsl\index.html --> ftp.exslt.org /www.exslt.org/public_html/exsl index.html
102.11.19 13:22 B C:\jakarta-tomcat-3.2.4\webapps\cocoon\exslt\exsl\refresh.bat --> ftp.exslt.org /www.exslt.org/public_html/exsl refresh.bat
102.11.19 13:22 B C:\jakarta-tomcat-3.2.4\webapps\cocoon\exslt\exsl\update.bat --> ftp.exslt.org /www.exslt.org/public_html/exsl update.bat
102.12.02 12:22 B C:\jakarta-tomcat-3.2.4\webapps\cocoon\exslt\public_html\exsl\WS_FTP.LOG <-- ftp.exslt.org /www.exslt.org/public_html/exsl WS_FTP.LOG
102.12.03 11:11 B C:\jakarta-tomcat-3.2.4\webapps\cocoon\exslt\exsl\base.css --> ftp.exslt.org /www.exslt.org/public_html/exsl base.css
102.12.03 11:11 B C:\jakarta-tomcat-3.2.4\webapps\cocoon\exslt\exsl\exsl.1.html --> ftp.exslt.org /www.exslt.org/public_html/exsl exsl.1.html
102.12.03 11:11 B C:\jakarta-tomcat-3.2.4\webapps\cocoon\exslt\exsl\exsl.html --> ftp.exslt.org /www.exslt.org/public_html/exsl exsl.html
102.12.03 11:11 B C:\jakarta-tomcat-3.2.4\webapps\cocoon\exslt\exsl\exsl.package.txt --> ftp.exslt.org /www.exslt.org/public_html/exsl exsl.package.txt
102.12.03 11:11 B C:\jakarta-tomcat-3.2.4\webapps\cocoon\exslt\exsl\exsl.xml --> ftp.exslt.org /www.exslt.org/public_html/exsl exsl.xml
102.12.03 11:11 B C:\jakarta-tomcat-3.2.4\webapps\cocoon\exslt\exsl\exsl.xsl --> ftp.exslt.org /www.exslt.org/public_html/exsl exsl.xsl
102.12.03 11:11 B C:\jakarta-tomcat-3.2.4\webapps\cocoon\exslt\exsl\exsl.zip --> ftp.exslt.org /www.exslt.org/public_html/exsl exsl.zip
102.12.03 11:11 B C:\jakarta-tomcat-3.2.4\webapps\cocoon\exslt\exsl\index.html --> ftp.exslt.org /www.exslt.org/public_html/exsl index.html
102.12.03 11:11 B C:\jakarta-tomcat-3.2.4\webapps\cocoon\exslt\exsl\refresh.bat --> ftp.exslt.org /www.exslt.org/public_html/exsl refresh.bat
102.12.03 11:11 B C:\jakarta-tomcat-3.2.4\webapps\cocoon\exslt\exsl\update.bat --> ftp.exslt.org /www.exslt.org/public_html/exsl update.bat
102.12.03 11:11 B C:\jakarta-tomcat-3.2.4\webapps\cocoon\exslt\exsl\WS_FTP.LOG --> ftp.exslt.org /www.exslt.org/public_html/exsl WS_FTP.LOG
102.12.11 11:05 B C:\jakarta-tomcat-3.2.4\webapps\cocoon\exslt\exsl\base.css --> ftp.exslt.org /www.exslt.org/public_html/exsl base.css
102.12.11 11:05 B C:\jakarta-tomcat-3.2.4\webapps\cocoon\exslt\exsl\exsl.1.html --> ftp.exslt.org /www.exslt.org/public_html/exsl exsl.1.html
102.12.11 11:05 B C:\jakarta-tomcat-3.2.4\webapps\cocoon\exslt\exsl\exsl.html --> ftp.exslt.org /www.exslt.org/public_html/exsl exsl.html
102.12.11 11:05 B C:\jakarta-tomcat-3.2.4\webapps\cocoon\exslt\exsl\exsl.package.txt --> ftp.exslt.org /www.exslt.org/public_html/exsl exsl.package.txt
102.12.11 11:05 B C:\jakarta-tomcat-3.2.4\webapps\cocoon\exslt\exsl\exsl.xml --> ftp.exslt.org /www.exslt.org/public_html/exsl exsl.xml
102.12.11 11:05 B C:\jakarta-tomcat-3.2.4\webapps\cocoon\exslt\exsl\exsl.xsl --> ftp.exslt.org /www.exslt.org/public_html/exsl exsl.xsl
102.12.11 11:05 B C:\jakarta-tomcat-3.2.4\webapps\cocoon\exslt\exsl\exsl.zip --> ftp.exslt.org /www.exslt.org/public_html/exsl exsl.zip
102.12.11 11:05 B C:\jakarta-tomcat-3.2.4\webapps\cocoon\exslt\exsl\index.html --> ftp.exslt.org /www.exslt.org/public_html/exsl index.html
102.12.11 11:05 B C:\jakarta-tomcat-3.2.4\webapps\cocoon\exslt\exsl\refresh.bat --> ftp.exslt.org /www.exslt.org/public_html/exsl refresh.bat
102.12.11 11:05 B C:\jakarta-tomcat-3.2.4\webapps\cocoon\exslt\exsl\update.bat --> ftp.exslt.org /www.exslt.org/public_html/exsl update.bat
103.09.29 15:32 B C:\jakarta-tomcat-3.2.4\webapps\cocoon\exslt\exsl\WS_FTP.LOG <-- ftp.exslt.org /www.exslt.org/public_html/exsl WS_FTP.LOG
103.10.21 13:07 B C:\jakarta-tomcat-3.2.4\webapps\cocoon\exslt\exsl\base.css --> marian.cs.nott.ac.uk /stud/pg/cds/exslt/exsl base.css
103.10.21 13:07 B C:\jakarta-tomcat-3.2.4\webapps\cocoon\exslt\exsl\exsl.1.html --> marian.cs.nott.ac.uk /stud/pg/cds/exslt/exsl exsl.1.html
103.10.21 13:07 B C:\jakarta-tomcat-3.2.4\webapps\cocoon\exslt\exsl\exsl.html --> marian.cs.nott.ac.uk /stud/pg/cds/exslt/exsl exsl.html
103.10.21 13:07 B C:\jakarta-tomcat-3.2.4\webapps\cocoon\exslt\exsl\exsl.package.txt --> marian.cs.nott.ac.uk /stud/pg/cds/exslt/exsl exsl.package.txt
103.10.21 13:07 B C:\jakarta-tomcat-3.2.4\webapps\cocoon\exslt\exsl\exsl.xml --> marian.cs.nott.ac.uk /stud/pg/cds/exslt/exsl exsl.xml
103.10.21 13:07 B C:\jakarta-tomcat-3.2.4\webapps\cocoon\exslt\exsl\exsl.xsl --> marian.cs.nott.ac.uk /stud/pg/cds/exslt/exsl exsl.xsl
103.10.21 13:07 B C:\jakarta-tomcat-3.2.4\webapps\cocoon\exslt\exsl\exsl.zip --> marian.cs.nott.ac.uk /stud/pg/cds/exslt/exsl exsl.zip
103.10.21 13:07 B C:\jakarta-tomcat-3.2.4\webapps\cocoon\exslt\exsl\index.html --> marian.cs.nott.ac.uk /stud/pg/cds/exslt/exsl index.html
103.10.21 13:07 B C:\jakarta-tomcat-3.2.4\webapps\cocoon\exslt\exsl\refresh.bat --> marian.cs.nott.ac.uk /stud/pg/cds/exslt/exsl refresh.bat
103.10.21 13:07 B C:\jakarta-tomcat-3.2.4\webapps\cocoon\exslt\exsl\update.bat --> marian.cs.nott.ac.uk /stud/pg/cds/exslt/exsl update.bat
103.10.21 13:07 B C:\jakarta-tomcat-3.2.4\webapps\cocoon\exslt\exsl\WS_FTP.LOG --> marian.cs.nott.ac.uk /stud/pg/cds/exslt/exsl WS_FTP.LOG
103.10.23 15:49 B C:\jakarta-tomcat-3.2.4\webapps\cocoon\exslt\exsl\base.css --> ftp.exslt.org /www.exslt.org/public_html/exsl base.css
103.10.23 15:49 B C:\jakarta-tomcat-3.2.4\webapps\cocoon\exslt\exsl\exsl.1.html --> ftp.exslt.org /www.exslt.org/public_html/exsl exsl.1.html
103.10.23 15:49 B C:\jakarta-tomcat-3.2.4\webapps\cocoon\exslt\exsl\exsl.html --> ftp.exslt.org /www.exslt.org/public_html/exsl exsl.html
103.10.23 15:49 B C:\jakarta-tomcat-3.2.4\webapps\cocoon\exslt\exsl\exsl.package.txt --> ftp.exslt.org /www.exslt.org/public_html/exsl exsl.package.txt
103.10.23 15:49 B C:\jakarta-tomcat-3.2.4\webapps\cocoon\exslt\exsl\exsl.xml --> ftp.exslt.org /www.exslt.org/public_html/exsl exsl.xml
103.10.23 15:49 B C:\jakarta-tomcat-3.2.4\webapps\cocoon\exslt\exsl\exsl.xsl --> ftp.exslt.org /www.exslt.org/public_html/exsl exsl.xsl
103.10.23 15:49 B C:\jakarta-tomcat-3.2.4\webapps\cocoon\exslt\exsl\exsl.zip --> ftp.exslt.org /www.exslt.org/public_html/exsl exsl.zip
103.10.23 15:49 B C:\jakarta-tomcat-3.2.4\webapps\cocoon\exslt\exsl\index.html --> ftp.exslt.org /www.exslt.org/public_html/exsl index.html
103.10.23 15:49 B C:\jakarta-tomcat-3.2.4\webapps\cocoon\exslt\exsl\refresh.bat --> ftp.exslt.org /www.exslt.org/public_html/exsl refresh.bat
103.10.23 15:49 B C:\jakarta-tomcat-3.2.4\webapps\cocoon\exslt\exsl\update.bat --> ftp.exslt.org /www.exslt.org/public_html/exsl update.bat
