102.08.21 17:31 B C:\jakarta-tomcat-3.2.4\webapps\cocoon\exslt\dyn\functions\evaluate\base.css --> ftp.exslt.org /www.exslt.org/public_html/dyn/functions/evaluate base.css
102.08.21 17:31 B C:\jakarta-tomcat-3.2.4\webapps\cocoon\exslt\dyn\functions\evaluate\dyn.evaluate.1.html --> ftp.exslt.org /www.exslt.org/public_html/dyn/functions/evaluate dyn.evaluate.1.html
102.08.21 17:31 B C:\jakarta-tomcat-3.2.4\webapps\cocoon\exslt\dyn\functions\evaluate\dyn.evaluate.html --> ftp.exslt.org /www.exslt.org/public_html/dyn/functions/evaluate dyn.evaluate.html
102.08.21 17:31 B C:\jakarta-tomcat-3.2.4\webapps\cocoon\exslt\dyn\functions\evaluate\dyn.evaluate.package.txt --> ftp.exslt.org /www.exslt.org/public_html/dyn/functions/evaluate dyn.evaluate.package.txt
102.08.21 17:31 B C:\jakarta-tomcat-3.2.4\webapps\cocoon\exslt\dyn\functions\evaluate\dyn.evaluate.use-cases.txt --> ftp.exslt.org /www.exslt.org/public_html/dyn/functions/evaluate dyn.evaluate.use-cases.txt
102.08.21 17:31 B C:\jakarta-tomcat-3.2.4\webapps\cocoon\exslt\dyn\functions\evaluate\dyn.evaluate.use-cases.zip --> ftp.exslt.org /www.exslt.org/public_html/dyn/functions/evaluate dyn.evaluate.use-cases.zip
102.08.21 17:31 B C:\jakarta-tomcat-3.2.4\webapps\cocoon\exslt\dyn\functions\evaluate\dyn.evaluate.xml --> ftp.exslt.org /www.exslt.org/public_html/dyn/functions/evaluate dyn.evaluate.xml
102.08.21 17:31 B C:\jakarta-tomcat-3.2.4\webapps\cocoon\exslt\dyn\functions\evaluate\dyn.evaluate.zip --> ftp.exslt.org /www.exslt.org/public_html/dyn/functions/evaluate dyn.evaluate.zip
102.08.21 17:31 B C:\jakarta-tomcat-3.2.4\webapps\cocoon\exslt\dyn\functions\evaluate\index.html --> ftp.exslt.org /www.exslt.org/public_html/dyn/functions/evaluate index.html
102.08.21 17:31 B C:\jakarta-tomcat-3.2.4\webapps\cocoon\exslt\dyn\functions\evaluate\refresh.bat --> ftp.exslt.org /www.exslt.org/public_html/dyn/functions/evaluate refresh.bat
102.08.21 17:31 B C:\jakarta-tomcat-3.2.4\webapps\cocoon\exslt\dyn\functions\evaluate\update.bat --> ftp.exslt.org /www.exslt.org/public_html/dyn/functions/evaluate update.bat
102.11.19 13:15 B C:\jakarta-tomcat-3.2.4\webapps\cocoon\exslt\dyn\functions\evaluate\base.css --> ftp.exslt.org /www.exslt.org/public_html/dyn/functions/evaluate base.css
102.11.19 13:15 B C:\jakarta-tomcat-3.2.4\webapps\cocoon\exslt\dyn\functions\evaluate\dyn.evaluate.1.html --> ftp.exslt.org /www.exslt.org/public_html/dyn/functions/evaluate dyn.evaluate.1.html
102.11.19 13:15 B C:\jakarta-tomcat-3.2.4\webapps\cocoon\exslt\dyn\functions\evaluate\dyn.evaluate.html --> ftp.exslt.org /www.exslt.org/public_html/dyn/functions/evaluate dyn.evaluate.html
102.11.19 13:15 B C:\jakarta-tomcat-3.2.4\webapps\cocoon\exslt\dyn\functions\evaluate\dyn.evaluate.package.txt --> ftp.exslt.org /www.exslt.org/public_html/dyn/functions/evaluate dyn.evaluate.package.txt
102.11.19 13:15 B C:\jakarta-tomcat-3.2.4\webapps\cocoon\exslt\dyn\functions\evaluate\dyn.evaluate.use-cases.txt --> ftp.exslt.org /www.exslt.org/public_html/dyn/functions/evaluate dyn.evaluate.use-cases.txt
102.11.19 13:15 B C:\jakarta-tomcat-3.2.4\webapps\cocoon\exslt\dyn\functions\evaluate\dyn.evaluate.use-cases.zip --> ftp.exslt.org /www.exslt.org/public_html/dyn/functions/evaluate dyn.evaluate.use-cases.zip
102.11.19 13:15 B C:\jakarta-tomcat-3.2.4\webapps\cocoon\exslt\dyn\functions\evaluate\dyn.evaluate.xml --> ftp.exslt.org /www.exslt.org/public_html/dyn/functions/evaluate dyn.evaluate.xml
102.11.19 13:15 B C:\jakarta-tomcat-3.2.4\webapps\cocoon\exslt\dyn\functions\evaluate\dyn.evaluate.zip --> ftp.exslt.org /www.exslt.org/public_html/dyn/functions/evaluate dyn.evaluate.zip
102.11.19 13:15 B C:\jakarta-tomcat-3.2.4\webapps\cocoon\exslt\dyn\functions\evaluate\index.html --> ftp.exslt.org /www.exslt.org/public_html/dyn/functions/evaluate index.html
102.11.19 13:15 B C:\jakarta-tomcat-3.2.4\webapps\cocoon\exslt\dyn\functions\evaluate\refresh.bat --> ftp.exslt.org /www.exslt.org/public_html/dyn/functions/evaluate refresh.bat
102.11.19 13:15 B C:\jakarta-tomcat-3.2.4\webapps\cocoon\exslt\dyn\functions\evaluate\update.bat --> ftp.exslt.org /www.exslt.org/public_html/dyn/functions/evaluate update.bat
102.11.19 13:15 B C:\jakarta-tomcat-3.2.4\webapps\cocoon\exslt\dyn\functions\evaluate\WS_FTP.LOG --> ftp.exslt.org /www.exslt.org/public_html/dyn/functions/evaluate WS_FTP.LOG
102.11.19 13:21 B C:\jakarta-tomcat-3.2.4\webapps\cocoon\exslt\dyn\functions\evaluate\base.css --> ftp.exslt.org /www.exslt.org/public_html/dyn/functions/evaluate base.css
102.11.19 13:21 B C:\jakarta-tomcat-3.2.4\webapps\cocoon\exslt\dyn\functions\evaluate\dyn.evaluate.1.html --> ftp.exslt.org /www.exslt.org/public_html/dyn/functions/evaluate dyn.evaluate.1.html
102.11.19 13:21 B C:\jakarta-tomcat-3.2.4\webapps\cocoon\exslt\dyn\functions\evaluate\dyn.evaluate.html --> ftp.exslt.org /www.exslt.org/public_html/dyn/functions/evaluate dyn.evaluate.html
102.11.19 13:21 B C:\jakarta-tomcat-3.2.4\webapps\cocoon\exslt\dyn\functions\evaluate\dyn.evaluate.package.txt --> ftp.exslt.org /www.exslt.org/public_html/dyn/functions/evaluate dyn.evaluate.package.txt
102.11.19 13:21 B C:\jakarta-tomcat-3.2.4\webapps\cocoon\exslt\dyn\functions\evaluate\dyn.evaluate.use-cases.txt --> ftp.exslt.org /www.exslt.org/public_html/dyn/functions/evaluate dyn.evaluate.use-cases.txt
102.11.19 13:21 B C:\jakarta-tomcat-3.2.4\webapps\cocoon\exslt\dyn\functions\evaluate\dyn.evaluate.use-cases.zip --> ftp.exslt.org /www.exslt.org/public_html/dyn/functions/evaluate dyn.evaluate.use-cases.zip
102.11.19 13:21 B C:\jakarta-tomcat-3.2.4\webapps\cocoon\exslt\dyn\functions\evaluate\dyn.evaluate.xml --> ftp.exslt.org /www.exslt.org/public_html/dyn/functions/evaluate dyn.evaluate.xml
102.11.19 13:21 B C:\jakarta-tomcat-3.2.4\webapps\cocoon\exslt\dyn\functions\evaluate\dyn.evaluate.zip --> ftp.exslt.org /www.exslt.org/public_html/dyn/functions/evaluate dyn.evaluate.zip
102.11.19 13:21 B C:\jakarta-tomcat-3.2.4\webapps\cocoon\exslt\dyn\functions\evaluate\index.html --> ftp.exslt.org /www.exslt.org/public_html/dyn/functions/evaluate index.html
102.11.19 13:21 B C:\jakarta-tomcat-3.2.4\webapps\cocoon\exslt\dyn\functions\evaluate\refresh.bat --> ftp.exslt.org /www.exslt.org/public_html/dyn/functions/evaluate refresh.bat
102.11.19 13:21 B C:\jakarta-tomcat-3.2.4\webapps\cocoon\exslt\dyn\functions\evaluate\update.bat --> ftp.exslt.org /www.exslt.org/public_html/dyn/functions/evaluate update.bat
102.12.02 12:22 B C:\jakarta-tomcat-3.2.4\webapps\cocoon\exslt\public_html\dyn\functions\evaluate\WS_FTP.LOG <-- ftp.exslt.org /www.exslt.org/public_html/dyn/functions/evaluate WS_FTP.LOG
102.12.03 11:10 B C:\jakarta-tomcat-3.2.4\webapps\cocoon\exslt\dyn\functions\evaluate\base.css --> ftp.exslt.org /www.exslt.org/public_html/dyn/functions/evaluate base.css
102.12.03 11:10 B C:\jakarta-tomcat-3.2.4\webapps\cocoon\exslt\dyn\functions\evaluate\dyn.evaluate.1.html --> ftp.exslt.org /www.exslt.org/public_html/dyn/functions/evaluate dyn.evaluate.1.html
102.12.03 11:10 B C:\jakarta-tomcat-3.2.4\webapps\cocoon\exslt\dyn\functions\evaluate\dyn.evaluate.html --> ftp.exslt.org /www.exslt.org/public_html/dyn/functions/evaluate dyn.evaluate.html
102.12.03 11:10 B C:\jakarta-tomcat-3.2.4\webapps\cocoon\exslt\dyn\functions\evaluate\dyn.evaluate.package.txt --> ftp.exslt.org /www.exslt.org/public_html/dyn/functions/evaluate dyn.evaluate.package.txt
102.12.03 11:10 B C:\jakarta-tomcat-3.2.4\webapps\cocoon\exslt\dyn\functions\evaluate\dyn.evaluate.use-cases.txt --> ftp.exslt.org /www.exslt.org/public_html/dyn/functions/evaluate dyn.evaluate.use-cases.txt
102.12.03 11:10 B C:\jakarta-tomcat-3.2.4\webapps\cocoon\exslt\dyn\functions\evaluate\dyn.evaluate.use-cases.zip --> ftp.exslt.org /www.exslt.org/public_html/dyn/functions/evaluate dyn.evaluate.use-cases.zip
102.12.03 11:10 B C:\jakarta-tomcat-3.2.4\webapps\cocoon\exslt\dyn\functions\evaluate\dyn.evaluate.xml --> ftp.exslt.org /www.exslt.org/public_html/dyn/functions/evaluate dyn.evaluate.xml
102.12.03 11:10 B C:\jakarta-tomcat-3.2.4\webapps\cocoon\exslt\dyn\functions\evaluate\dyn.evaluate.zip --> ftp.exslt.org /www.exslt.org/public_html/dyn/functions/evaluate dyn.evaluate.zip
102.12.03 11:10 B C:\jakarta-tomcat-3.2.4\webapps\cocoon\exslt\dyn\functions\evaluate\index.html --> ftp.exslt.org /www.exslt.org/public_html/dyn/functions/evaluate index.html
102.12.03 11:10 B C:\jakarta-tomcat-3.2.4\webapps\cocoon\exslt\dyn\functions\evaluate\refresh.bat --> ftp.exslt.org /www.exslt.org/public_html/dyn/functions/evaluate refresh.bat
102.12.03 11:10 B C:\jakarta-tomcat-3.2.4\webapps\cocoon\exslt\dyn\functions\evaluate\update.bat --> ftp.exslt.org /www.exslt.org/public_html/dyn/functions/evaluate update.bat
102.12.03 11:10 B C:\jakarta-tomcat-3.2.4\webapps\cocoon\exslt\dyn\functions\evaluate\WS_FTP.LOG --> ftp.exslt.org /www.exslt.org/public_html/dyn/functions/evaluate WS_FTP.LOG
102.12.11 11:04 B C:\jakarta-tomcat-3.2.4\webapps\cocoon\exslt\dyn\functions\evaluate\base.css --> ftp.exslt.org /www.exslt.org/public_html/dyn/functions/evaluate base.css
102.12.11 11:04 B C:\jakarta-tomcat-3.2.4\webapps\cocoon\exslt\dyn\functions\evaluate\dyn.evaluate.1.html --> ftp.exslt.org /www.exslt.org/public_html/dyn/functions/evaluate dyn.evaluate.1.html
102.12.11 11:04 B C:\jakarta-tomcat-3.2.4\webapps\cocoon\exslt\dyn\functions\evaluate\dyn.evaluate.html --> ftp.exslt.org /www.exslt.org/public_html/dyn/functions/evaluate dyn.evaluate.html
102.12.11 11:04 B C:\jakarta-tomcat-3.2.4\webapps\cocoon\exslt\dyn\functions\evaluate\dyn.evaluate.package.txt --> ftp.exslt.org /www.exslt.org/public_html/dyn/functions/evaluate dyn.evaluate.package.txt
102.12.11 11:04 B C:\jakarta-tomcat-3.2.4\webapps\cocoon\exslt\dyn\functions\evaluate\dyn.evaluate.use-cases.txt --> ftp.exslt.org /www.exslt.org/public_html/dyn/functions/evaluate dyn.evaluate.use-cases.txt
102.12.11 11:04 B C:\jakarta-tomcat-3.2.4\webapps\cocoon\exslt\dyn\functions\evaluate\dyn.evaluate.use-cases.zip --> ftp.exslt.org /www.exslt.org/public_html/dyn/functions/evaluate dyn.evaluate.use-cases.zip
102.12.11 11:04 B C:\jakarta-tomcat-3.2.4\webapps\cocoon\exslt\dyn\functions\evaluate\dyn.evaluate.xml --> ftp.exslt.org /www.exslt.org/public_html/dyn/functions/evaluate dyn.evaluate.xml
102.12.11 11:04 B C:\jakarta-tomcat-3.2.4\webapps\cocoon\exslt\dyn\functions\evaluate\dyn.evaluate.zip --> ftp.exslt.org /www.exslt.org/public_html/dyn/functions/evaluate dyn.evaluate.zip
102.12.11 11:04 B C:\jakarta-tomcat-3.2.4\webapps\cocoon\exslt\dyn\functions\evaluate\index.html --> ftp.exslt.org /www.exslt.org/public_html/dyn/functions/evaluate index.html
102.12.11 11:04 B C:\jakarta-tomcat-3.2.4\webapps\cocoon\exslt\dyn\functions\evaluate\refresh.bat --> ftp.exslt.org /www.exslt.org/public_html/dyn/functions/evaluate refresh.bat
102.12.11 11:04 B C:\jakarta-tomcat-3.2.4\webapps\cocoon\exslt\dyn\functions\evaluate\update.bat --> ftp.exslt.org /www.exslt.org/public_html/dyn/functions/evaluate update.bat
102.12.11 11:04 B C:\jakarta-tomcat-3.2.4\webapps\cocoon\exslt\dyn\functions\evaluate\WS_FTP.LOG --> ftp.exslt.org /www.exslt.org/public_html/dyn/functions/evaluate WS_FTP.LOG
103.01.30 15:10 B C:\jakarta-tomcat-3.2.4\webapps\cocoon\exslt\dyn\functions\evaluate\base.css <-- ftp.exslt.org /www.exslt.org/public_html/dyn/functions/evaluate base.css
103.01.30 15:18 B C:\jakarta-tomcat-3.2.4\webapps\cocoon\exslt\dyn\functions\evaluate\base.css --> ftp.exslt.org /www.exslt.org/public_html/dyn/functions/evaluate base.css
103.01.30 15:18 B C:\jakarta-tomcat-3.2.4\webapps\cocoon\exslt\dyn\functions\evaluate\dyn.evaluate.1.html --> ftp.exslt.org /www.exslt.org/public_html/dyn/functions/evaluate dyn.evaluate.1.html
103.01.30 15:18 B C:\jakarta-tomcat-3.2.4\webapps\cocoon\exslt\dyn\functions\evaluate\dyn.evaluate.html --> ftp.exslt.org /www.exslt.org/public_html/dyn/functions/evaluate dyn.evaluate.html
103.01.30 15:18 B C:\jakarta-tomcat-3.2.4\webapps\cocoon\exslt\dyn\functions\evaluate\dyn.evaluate.package.txt --> ftp.exslt.org /www.exslt.org/public_html/dyn/functions/evaluate dyn.evaluate.package.txt
103.01.30 15:18 B C:\jakarta-tomcat-3.2.4\webapps\cocoon\exslt\dyn\functions\evaluate\dyn.evaluate.use-cases.txt --> ftp.exslt.org /www.exslt.org/public_html/dyn/functions/evaluate dyn.evaluate.use-cases.txt
103.01.30 15:18 B C:\jakarta-tomcat-3.2.4\webapps\cocoon\exslt\dyn\functions\evaluate\dyn.evaluate.use-cases.zip --> ftp.exslt.org /www.exslt.org/public_html/dyn/functions/evaluate dyn.evaluate.use-cases.zip
103.01.30 15:18 B C:\jakarta-tomcat-3.2.4\webapps\cocoon\exslt\dyn\functions\evaluate\dyn.evaluate.xml --> ftp.exslt.org /www.exslt.org/public_html/dyn/functions/evaluate dyn.evaluate.xml
103.01.30 15:18 B C:\jakarta-tomcat-3.2.4\webapps\cocoon\exslt\dyn\functions\evaluate\dyn.evaluate.zip --> ftp.exslt.org /www.exslt.org/public_html/dyn/functions/evaluate dyn.evaluate.zip
103.01.30 15:18 B C:\jakarta-tomcat-3.2.4\webapps\cocoon\exslt\dyn\functions\evaluate\index.html --> ftp.exslt.org /www.exslt.org/public_html/dyn/functions/evaluate index.html
103.01.30 15:18 B C:\jakarta-tomcat-3.2.4\webapps\cocoon\exslt\dyn\functions\evaluate\refresh.bat --> ftp.exslt.org /www.exslt.org/public_html/dyn/functions/evaluate refresh.bat
103.01.30 15:18 B C:\jakarta-tomcat-3.2.4\webapps\cocoon\exslt\dyn\functions\evaluate\update.bat --> ftp.exslt.org /www.exslt.org/public_html/dyn/functions/evaluate update.bat
103.09.29 15:26 B C:\jakarta-tomcat-3.2.4\webapps\cocoon\exslt\dyn\functions\evaluate\WS_FTP.LOG <-- ftp.exslt.org /www.exslt.org/public_html/dyn/functions/evaluate WS_FTP.LOG
103.10.21 13:06 B C:\jakarta-tomcat-3.2.4\webapps\cocoon\exslt\dyn\functions\evaluate\base.css --> marian.cs.nott.ac.uk /stud/pg/cds/exslt/dyn/functions/evaluate base.css
103.10.21 13:06 B C:\jakarta-tomcat-3.2.4\webapps\cocoon\exslt\dyn\functions\evaluate\dyn.evaluate.1.html --> marian.cs.nott.ac.uk /stud/pg/cds/exslt/dyn/functions/evaluate dyn.evaluate.1.html
103.10.21 13:06 B C:\jakarta-tomcat-3.2.4\webapps\cocoon\exslt\dyn\functions\evaluate\dyn.evaluate.html --> marian.cs.nott.ac.uk /stud/pg/cds/exslt/dyn/functions/evaluate dyn.evaluate.html
103.10.21 13:06 B C:\jakarta-tomcat-3.2.4\webapps\cocoon\exslt\dyn\functions\evaluate\dyn.evaluate.package.txt --> marian.cs.nott.ac.uk /stud/pg/cds/exslt/dyn/functions/evaluate dyn.evaluate.package.txt
103.10.21 13:06 B C:\jakarta-tomcat-3.2.4\webapps\cocoon\exslt\dyn\functions\evaluate\dyn.evaluate.use-cases.txt --> marian.cs.nott.ac.uk /stud/pg/cds/exslt/dyn/functions/evaluate dyn.evaluate.use-cases.txt
103.10.21 13:06 B C:\jakarta-tomcat-3.2.4\webapps\cocoon\exslt\dyn\functions\evaluate\dyn.evaluate.use-cases.zip --> marian.cs.nott.ac.uk /stud/pg/cds/exslt/dyn/functions/evaluate dyn.evaluate.use-cases.zip
103.10.21 13:06 B C:\jakarta-tomcat-3.2.4\webapps\cocoon\exslt\dyn\functions\evaluate\dyn.evaluate.xml --> marian.cs.nott.ac.uk /stud/pg/cds/exslt/dyn/functions/evaluate dyn.evaluate.xml
103.10.21 13:06 B C:\jakarta-tomcat-3.2.4\webapps\cocoon\exslt\dyn\functions\evaluate\dyn.evaluate.zip --> marian.cs.nott.ac.uk /stud/pg/cds/exslt/dyn/functions/evaluate dyn.evaluate.zip
103.10.21 13:06 B C:\jakarta-tomcat-3.2.4\webapps\cocoon\exslt\dyn\functions\evaluate\index.html --> marian.cs.nott.ac.uk /stud/pg/cds/exslt/dyn/functions/evaluate index.html
103.10.21 13:06 B C:\jakarta-tomcat-3.2.4\webapps\cocoon\exslt\dyn\functions\evaluate\refresh.bat --> marian.cs.nott.ac.uk /stud/pg/cds/exslt/dyn/functions/evaluate refresh.bat
103.10.21 13:06 B C:\jakarta-tomcat-3.2.4\webapps\cocoon\exslt\dyn\functions\evaluate\update.bat --> marian.cs.nott.ac.uk /stud/pg/cds/exslt/dyn/functions/evaluate update.bat
103.10.21 13:06 B C:\jakarta-tomcat-3.2.4\webapps\cocoon\exslt\dyn\functions\evaluate\WS_FTP.LOG --> marian.cs.nott.ac.uk /stud/pg/cds/exslt/dyn/functions/evaluate WS_FTP.LOG
103.10.23 15:38 B C:\jakarta-tomcat-3.2.4\webapps\cocoon\exslt\dyn\functions\evaluate\base.css --> ftp.exslt.org /www.exslt.org/public_html/dyn/functions/evaluate base.css
103.10.23 15:38 B C:\jakarta-tomcat-3.2.4\webapps\cocoon\exslt\dyn\functions\evaluate\dyn.evaluate.1.html --> ftp.exslt.org /www.exslt.org/public_html/dyn/functions/evaluate dyn.evaluate.1.html
103.10.23 15:38 B C:\jakarta-tomcat-3.2.4\webapps\cocoon\exslt\dyn\functions\evaluate\dyn.evaluate.html --> ftp.exslt.org /www.exslt.org/public_html/dyn/functions/evaluate dyn.evaluate.html
103.10.23 15:38 B C:\jakarta-tomcat-3.2.4\webapps\cocoon\exslt\dyn\functions\evaluate\dyn.evaluate.package.txt --> ftp.exslt.org /www.exslt.org/public_html/dyn/functions/evaluate dyn.evaluate.package.txt
103.10.23 15:38 B C:\jakarta-tomcat-3.2.4\webapps\cocoon\exslt\dyn\functions\evaluate\dyn.evaluate.use-cases.txt --> ftp.exslt.org /www.exslt.org/public_html/dyn/functions/evaluate dyn.evaluate.use-cases.txt
103.10.23 15:38 B C:\jakarta-tomcat-3.2.4\webapps\cocoon\exslt\dyn\functions\evaluate\dyn.evaluate.use-cases.zip --> ftp.exslt.org /www.exslt.org/public_html/dyn/functions/evaluate dyn.evaluate.use-cases.zip
103.10.23 15:38 B C:\jakarta-tomcat-3.2.4\webapps\cocoon\exslt\dyn\functions\evaluate\dyn.evaluate.xml --> ftp.exslt.org /www.exslt.org/public_html/dyn/functions/evaluate dyn.evaluate.xml
103.10.23 15:38 B C:\jakarta-tomcat-3.2.4\webapps\cocoon\exslt\dyn\functions\evaluate\dyn.evaluate.zip --> ftp.exslt.org /www.exslt.org/public_html/dyn/functions/evaluate dyn.evaluate.zip
103.10.23 15:38 B C:\jakarta-tomcat-3.2.4\webapps\cocoon\exslt\dyn\functions\evaluate\index.html --> ftp.exslt.org /www.exslt.org/public_html/dyn/functions/evaluate index.html
103.10.23 15:38 B C:\jakarta-tomcat-3.2.4\webapps\cocoon\exslt\dyn\functions\evaluate\refresh.bat --> ftp.exslt.org /www.exslt.org/public_html/dyn/functions/evaluate refresh.bat
103.10.23 15:38 B C:\jakarta-tomcat-3.2.4\webapps\cocoon\exslt\dyn\functions\evaluate\update.bat --> ftp.exslt.org /www.exslt.org/public_html/dyn/functions/evaluate update.bat
