102.08.21 17:25 B C:\jakarta-tomcat-3.2.4\webapps\cocoon\exslt\date\functions\sum\base.css --> ftp.exslt.org /www.exslt.org/public_html/date/functions/sum base.css
102.08.21 17:25 B C:\jakarta-tomcat-3.2.4\webapps\cocoon\exslt\date\functions\sum\date.js --> ftp.exslt.org /www.exslt.org/public_html/date/functions/sum date.js
102.08.21 17:25 B C:\jakarta-tomcat-3.2.4\webapps\cocoon\exslt\date\functions\sum\date.js.html --> ftp.exslt.org /www.exslt.org/public_html/date/functions/sum date.js.html
102.08.21 17:25 B C:\jakarta-tomcat-3.2.4\webapps\cocoon\exslt\date\functions\sum\date.msxsl.xsl --> ftp.exslt.org /www.exslt.org/public_html/date/functions/sum date.msxsl.xsl
102.08.21 17:25 B C:\jakarta-tomcat-3.2.4\webapps\cocoon\exslt\date\functions\sum\date.msxsl.xsl.html --> ftp.exslt.org /www.exslt.org/public_html/date/functions/sum date.msxsl.xsl.html
102.08.21 17:25 B C:\jakarta-tomcat-3.2.4\webapps\cocoon\exslt\date\functions\sum\date.sum.1.html --> ftp.exslt.org /www.exslt.org/public_html/date/functions/sum date.sum.1.html
102.08.21 17:25 B C:\jakarta-tomcat-3.2.4\webapps\cocoon\exslt\date\functions\sum\date.sum.html --> ftp.exslt.org /www.exslt.org/public_html/date/functions/sum date.sum.html
102.08.21 17:25 B C:\jakarta-tomcat-3.2.4\webapps\cocoon\exslt\date\functions\sum\date.sum.package.txt --> ftp.exslt.org /www.exslt.org/public_html/date/functions/sum date.sum.package.txt
102.08.21 17:25 B C:\jakarta-tomcat-3.2.4\webapps\cocoon\exslt\date\functions\sum\date.sum.use-cases.txt --> ftp.exslt.org /www.exslt.org/public_html/date/functions/sum date.sum.use-cases.txt
102.08.21 17:25 B C:\jakarta-tomcat-3.2.4\webapps\cocoon\exslt\date\functions\sum\date.sum.use-cases.zip --> ftp.exslt.org /www.exslt.org/public_html/date/functions/sum date.sum.use-cases.zip
102.08.21 17:25 B C:\jakarta-tomcat-3.2.4\webapps\cocoon\exslt\date\functions\sum\date.sum.xml --> ftp.exslt.org /www.exslt.org/public_html/date/functions/sum date.sum.xml
102.08.21 17:25 B C:\jakarta-tomcat-3.2.4\webapps\cocoon\exslt\date\functions\sum\date.sum.xsl --> ftp.exslt.org /www.exslt.org/public_html/date/functions/sum date.sum.xsl
102.08.21 17:25 B C:\jakarta-tomcat-3.2.4\webapps\cocoon\exslt\date\functions\sum\date.sum.zip --> ftp.exslt.org /www.exslt.org/public_html/date/functions/sum date.sum.zip
102.08.21 17:25 B C:\jakarta-tomcat-3.2.4\webapps\cocoon\exslt\date\functions\sum\index.html --> ftp.exslt.org /www.exslt.org/public_html/date/functions/sum index.html
102.08.21 17:25 B C:\jakarta-tomcat-3.2.4\webapps\cocoon\exslt\date\functions\sum\refresh.bat --> ftp.exslt.org /www.exslt.org/public_html/date/functions/sum refresh.bat
102.08.21 17:25 B C:\jakarta-tomcat-3.2.4\webapps\cocoon\exslt\date\functions\sum\update.bat --> ftp.exslt.org /www.exslt.org/public_html/date/functions/sum update.bat
102.08.21 17:31 B C:\jakarta-tomcat-3.2.4\webapps\cocoon\exslt\date\functions\sum\base.css --> ftp.exslt.org /www.exslt.org/public_html/date/functions/sum base.css
102.08.21 17:31 B C:\jakarta-tomcat-3.2.4\webapps\cocoon\exslt\date\functions\sum\date.js --> ftp.exslt.org /www.exslt.org/public_html/date/functions/sum date.js
102.08.21 17:31 B C:\jakarta-tomcat-3.2.4\webapps\cocoon\exslt\date\functions\sum\date.js.html --> ftp.exslt.org /www.exslt.org/public_html/date/functions/sum date.js.html
102.08.21 17:31 B C:\jakarta-tomcat-3.2.4\webapps\cocoon\exslt\date\functions\sum\date.msxsl.xsl --> ftp.exslt.org /www.exslt.org/public_html/date/functions/sum date.msxsl.xsl
102.08.21 17:31 B C:\jakarta-tomcat-3.2.4\webapps\cocoon\exslt\date\functions\sum\date.msxsl.xsl.html --> ftp.exslt.org /www.exslt.org/public_html/date/functions/sum date.msxsl.xsl.html
102.08.21 17:31 B C:\jakarta-tomcat-3.2.4\webapps\cocoon\exslt\date\functions\sum\date.sum.1.html --> ftp.exslt.org /www.exslt.org/public_html/date/functions/sum date.sum.1.html
102.08.21 17:31 B C:\jakarta-tomcat-3.2.4\webapps\cocoon\exslt\date\functions\sum\date.sum.html --> ftp.exslt.org /www.exslt.org/public_html/date/functions/sum date.sum.html
102.08.21 17:31 B C:\jakarta-tomcat-3.2.4\webapps\cocoon\exslt\date\functions\sum\date.sum.package.txt --> ftp.exslt.org /www.exslt.org/public_html/date/functions/sum date.sum.package.txt
102.08.21 17:31 B C:\jakarta-tomcat-3.2.4\webapps\cocoon\exslt\date\functions\sum\date.sum.use-cases.txt --> ftp.exslt.org /www.exslt.org/public_html/date/functions/sum date.sum.use-cases.txt
102.08.21 17:31 B C:\jakarta-tomcat-3.2.4\webapps\cocoon\exslt\date\functions\sum\date.sum.use-cases.zip --> ftp.exslt.org /www.exslt.org/public_html/date/functions/sum date.sum.use-cases.zip
102.08.21 17:31 B C:\jakarta-tomcat-3.2.4\webapps\cocoon\exslt\date\functions\sum\date.sum.xml --> ftp.exslt.org /www.exslt.org/public_html/date/functions/sum date.sum.xml
102.08.21 17:31 B C:\jakarta-tomcat-3.2.4\webapps\cocoon\exslt\date\functions\sum\date.sum.xsl --> ftp.exslt.org /www.exslt.org/public_html/date/functions/sum date.sum.xsl
102.08.21 17:31 B C:\jakarta-tomcat-3.2.4\webapps\cocoon\exslt\date\functions\sum\date.sum.zip --> ftp.exslt.org /www.exslt.org/public_html/date/functions/sum date.sum.zip
102.08.21 17:31 B C:\jakarta-tomcat-3.2.4\webapps\cocoon\exslt\date\functions\sum\index.html --> ftp.exslt.org /www.exslt.org/public_html/date/functions/sum index.html
102.08.21 17:31 B C:\jakarta-tomcat-3.2.4\webapps\cocoon\exslt\date\functions\sum\refresh.bat --> ftp.exslt.org /www.exslt.org/public_html/date/functions/sum refresh.bat
102.08.21 17:31 B C:\jakarta-tomcat-3.2.4\webapps\cocoon\exslt\date\functions\sum\update.bat --> ftp.exslt.org /www.exslt.org/public_html/date/functions/sum update.bat
102.08.21 17:31 B C:\jakarta-tomcat-3.2.4\webapps\cocoon\exslt\date\functions\sum\WS_FTP.LOG --> ftp.exslt.org /www.exslt.org/public_html/date/functions/sum WS_FTP.LOG
102.11.19 13:15 B C:\jakarta-tomcat-3.2.4\webapps\cocoon\exslt\date\functions\sum\base.css --> ftp.exslt.org /www.exslt.org/public_html/date/functions/sum base.css
102.11.19 13:15 B C:\jakarta-tomcat-3.2.4\webapps\cocoon\exslt\date\functions\sum\date.js --> ftp.exslt.org /www.exslt.org/public_html/date/functions/sum date.js
102.11.19 13:15 B C:\jakarta-tomcat-3.2.4\webapps\cocoon\exslt\date\functions\sum\date.js.html --> ftp.exslt.org /www.exslt.org/public_html/date/functions/sum date.js.html
102.11.19 13:15 B C:\jakarta-tomcat-3.2.4\webapps\cocoon\exslt\date\functions\sum\date.msxsl.xsl --> ftp.exslt.org /www.exslt.org/public_html/date/functions/sum date.msxsl.xsl
102.11.19 13:15 B C:\jakarta-tomcat-3.2.4\webapps\cocoon\exslt\date\functions\sum\date.msxsl.xsl.html --> ftp.exslt.org /www.exslt.org/public_html/date/functions/sum date.msxsl.xsl.html
102.11.19 13:15 B C:\jakarta-tomcat-3.2.4\webapps\cocoon\exslt\date\functions\sum\date.sum.1.html --> ftp.exslt.org /www.exslt.org/public_html/date/functions/sum date.sum.1.html
102.11.19 13:15 B C:\jakarta-tomcat-3.2.4\webapps\cocoon\exslt\date\functions\sum\date.sum.html --> ftp.exslt.org /www.exslt.org/public_html/date/functions/sum date.sum.html
102.11.19 13:15 B C:\jakarta-tomcat-3.2.4\webapps\cocoon\exslt\date\functions\sum\date.sum.package.txt --> ftp.exslt.org /www.exslt.org/public_html/date/functions/sum date.sum.package.txt
102.11.19 13:15 B C:\jakarta-tomcat-3.2.4\webapps\cocoon\exslt\date\functions\sum\date.sum.use-cases.txt --> ftp.exslt.org /www.exslt.org/public_html/date/functions/sum date.sum.use-cases.txt
102.11.19 13:15 B C:\jakarta-tomcat-3.2.4\webapps\cocoon\exslt\date\functions\sum\date.sum.use-cases.zip --> ftp.exslt.org /www.exslt.org/public_html/date/functions/sum date.sum.use-cases.zip
102.11.19 13:15 B C:\jakarta-tomcat-3.2.4\webapps\cocoon\exslt\date\functions\sum\date.sum.xml --> ftp.exslt.org /www.exslt.org/public_html/date/functions/sum date.sum.xml
102.11.19 13:15 B C:\jakarta-tomcat-3.2.4\webapps\cocoon\exslt\date\functions\sum\date.sum.xsl --> ftp.exslt.org /www.exslt.org/public_html/date/functions/sum date.sum.xsl
102.11.19 13:15 B C:\jakarta-tomcat-3.2.4\webapps\cocoon\exslt\date\functions\sum\date.sum.zip --> ftp.exslt.org /www.exslt.org/public_html/date/functions/sum date.sum.zip
102.11.19 13:15 B C:\jakarta-tomcat-3.2.4\webapps\cocoon\exslt\date\functions\sum\index.html --> ftp.exslt.org /www.exslt.org/public_html/date/functions/sum index.html
102.11.19 13:15 B C:\jakarta-tomcat-3.2.4\webapps\cocoon\exslt\date\functions\sum\refresh.bat --> ftp.exslt.org /www.exslt.org/public_html/date/functions/sum refresh.bat
102.11.19 13:15 B C:\jakarta-tomcat-3.2.4\webapps\cocoon\exslt\date\functions\sum\update.bat --> ftp.exslt.org /www.exslt.org/public_html/date/functions/sum update.bat
102.11.19 13:15 B C:\jakarta-tomcat-3.2.4\webapps\cocoon\exslt\date\functions\sum\WS_FTP.LOG --> ftp.exslt.org /www.exslt.org/public_html/date/functions/sum WS_FTP.LOG
102.11.19 13:21 B C:\jakarta-tomcat-3.2.4\webapps\cocoon\exslt\date\functions\sum\base.css --> ftp.exslt.org /www.exslt.org/public_html/date/functions/sum base.css
102.11.19 13:21 B C:\jakarta-tomcat-3.2.4\webapps\cocoon\exslt\date\functions\sum\date.js --> ftp.exslt.org /www.exslt.org/public_html/date/functions/sum date.js
102.11.19 13:21 B C:\jakarta-tomcat-3.2.4\webapps\cocoon\exslt\date\functions\sum\date.js.html --> ftp.exslt.org /www.exslt.org/public_html/date/functions/sum date.js.html
102.11.19 13:21 B C:\jakarta-tomcat-3.2.4\webapps\cocoon\exslt\date\functions\sum\date.msxsl.xsl --> ftp.exslt.org /www.exslt.org/public_html/date/functions/sum date.msxsl.xsl
102.11.19 13:21 B C:\jakarta-tomcat-3.2.4\webapps\cocoon\exslt\date\functions\sum\date.msxsl.xsl.html --> ftp.exslt.org /www.exslt.org/public_html/date/functions/sum date.msxsl.xsl.html
102.11.19 13:21 B C:\jakarta-tomcat-3.2.4\webapps\cocoon\exslt\date\functions\sum\date.sum.1.html --> ftp.exslt.org /www.exslt.org/public_html/date/functions/sum date.sum.1.html
102.11.19 13:21 B C:\jakarta-tomcat-3.2.4\webapps\cocoon\exslt\date\functions\sum\date.sum.html --> ftp.exslt.org /www.exslt.org/public_html/date/functions/sum date.sum.html
102.11.19 13:21 B C:\jakarta-tomcat-3.2.4\webapps\cocoon\exslt\date\functions\sum\date.sum.package.txt --> ftp.exslt.org /www.exslt.org/public_html/date/functions/sum date.sum.package.txt
102.11.19 13:21 B C:\jakarta-tomcat-3.2.4\webapps\cocoon\exslt\date\functions\sum\date.sum.use-cases.txt --> ftp.exslt.org /www.exslt.org/public_html/date/functions/sum date.sum.use-cases.txt
102.11.19 13:21 B C:\jakarta-tomcat-3.2.4\webapps\cocoon\exslt\date\functions\sum\date.sum.use-cases.zip --> ftp.exslt.org /www.exslt.org/public_html/date/functions/sum date.sum.use-cases.zip
102.11.19 13:21 B C:\jakarta-tomcat-3.2.4\webapps\cocoon\exslt\date\functions\sum\date.sum.xml --> ftp.exslt.org /www.exslt.org/public_html/date/functions/sum date.sum.xml
102.11.19 13:21 B C:\jakarta-tomcat-3.2.4\webapps\cocoon\exslt\date\functions\sum\date.sum.xsl --> ftp.exslt.org /www.exslt.org/public_html/date/functions/sum date.sum.xsl
102.11.19 13:21 B C:\jakarta-tomcat-3.2.4\webapps\cocoon\exslt\date\functions\sum\date.sum.zip --> ftp.exslt.org /www.exslt.org/public_html/date/functions/sum date.sum.zip
102.11.19 13:21 B C:\jakarta-tomcat-3.2.4\webapps\cocoon\exslt\date\functions\sum\index.html --> ftp.exslt.org /www.exslt.org/public_html/date/functions/sum index.html
102.11.19 13:21 B C:\jakarta-tomcat-3.2.4\webapps\cocoon\exslt\date\functions\sum\refresh.bat --> ftp.exslt.org /www.exslt.org/public_html/date/functions/sum refresh.bat
102.11.19 13:21 B C:\jakarta-tomcat-3.2.4\webapps\cocoon\exslt\date\functions\sum\update.bat --> ftp.exslt.org /www.exslt.org/public_html/date/functions/sum update.bat
102.12.02 12:22 B C:\jakarta-tomcat-3.2.4\webapps\cocoon\exslt\public_html\date\functions\sum\WS_FTP.LOG <-- ftp.exslt.org /www.exslt.org/public_html/date/functions/sum WS_FTP.LOG
102.12.03 11:10 B C:\jakarta-tomcat-3.2.4\webapps\cocoon\exslt\date\functions\sum\base.css --> ftp.exslt.org /www.exslt.org/public_html/date/functions/sum base.css
102.12.03 11:10 B C:\jakarta-tomcat-3.2.4\webapps\cocoon\exslt\date\functions\sum\date.js --> ftp.exslt.org /www.exslt.org/public_html/date/functions/sum date.js
102.12.03 11:10 B C:\jakarta-tomcat-3.2.4\webapps\cocoon\exslt\date\functions\sum\date.js.html --> ftp.exslt.org /www.exslt.org/public_html/date/functions/sum date.js.html
102.12.03 11:10 B C:\jakarta-tomcat-3.2.4\webapps\cocoon\exslt\date\functions\sum\date.msxsl.xsl --> ftp.exslt.org /www.exslt.org/public_html/date/functions/sum date.msxsl.xsl
102.12.03 11:10 B C:\jakarta-tomcat-3.2.4\webapps\cocoon\exslt\date\functions\sum\date.msxsl.xsl.html --> ftp.exslt.org /www.exslt.org/public_html/date/functions/sum date.msxsl.xsl.html
102.12.03 11:10 B C:\jakarta-tomcat-3.2.4\webapps\cocoon\exslt\date\functions\sum\date.sum.1.html --> ftp.exslt.org /www.exslt.org/public_html/date/functions/sum date.sum.1.html
102.12.03 11:10 B C:\jakarta-tomcat-3.2.4\webapps\cocoon\exslt\date\functions\sum\date.sum.html --> ftp.exslt.org /www.exslt.org/public_html/date/functions/sum date.sum.html
102.12.03 11:10 B C:\jakarta-tomcat-3.2.4\webapps\cocoon\exslt\date\functions\sum\date.sum.package.txt --> ftp.exslt.org /www.exslt.org/public_html/date/functions/sum date.sum.package.txt
102.12.03 11:10 B C:\jakarta-tomcat-3.2.4\webapps\cocoon\exslt\date\functions\sum\date.sum.use-cases.txt --> ftp.exslt.org /www.exslt.org/public_html/date/functions/sum date.sum.use-cases.txt
102.12.03 11:10 B C:\jakarta-tomcat-3.2.4\webapps\cocoon\exslt\date\functions\sum\date.sum.use-cases.zip --> ftp.exslt.org /www.exslt.org/public_html/date/functions/sum date.sum.use-cases.zip
102.12.03 11:10 B C:\jakarta-tomcat-3.2.4\webapps\cocoon\exslt\date\functions\sum\date.sum.xml --> ftp.exslt.org /www.exslt.org/public_html/date/functions/sum date.sum.xml
102.12.03 11:10 B C:\jakarta-tomcat-3.2.4\webapps\cocoon\exslt\date\functions\sum\date.sum.xsl --> ftp.exslt.org /www.exslt.org/public_html/date/functions/sum date.sum.xsl
102.12.03 11:10 B C:\jakarta-tomcat-3.2.4\webapps\cocoon\exslt\date\functions\sum\date.sum.zip --> ftp.exslt.org /www.exslt.org/public_html/date/functions/sum date.sum.zip
102.12.03 11:10 B C:\jakarta-tomcat-3.2.4\webapps\cocoon\exslt\date\functions\sum\index.html --> ftp.exslt.org /www.exslt.org/public_html/date/functions/sum index.html
102.12.03 11:10 B C:\jakarta-tomcat-3.2.4\webapps\cocoon\exslt\date\functions\sum\refresh.bat --> ftp.exslt.org /www.exslt.org/public_html/date/functions/sum refresh.bat
102.12.03 11:10 B C:\jakarta-tomcat-3.2.4\webapps\cocoon\exslt\date\functions\sum\update.bat --> ftp.exslt.org /www.exslt.org/public_html/date/functions/sum update.bat
102.12.03 11:10 B C:\jakarta-tomcat-3.2.4\webapps\cocoon\exslt\date\functions\sum\WS_FTP.LOG --> ftp.exslt.org /www.exslt.org/public_html/date/functions/sum WS_FTP.LOG
102.12.11 11:04 B C:\jakarta-tomcat-3.2.4\webapps\cocoon\exslt\date\functions\sum\base.css --> ftp.exslt.org /www.exslt.org/public_html/date/functions/sum base.css
102.12.11 11:04 B C:\jakarta-tomcat-3.2.4\webapps\cocoon\exslt\date\functions\sum\date.js --> ftp.exslt.org /www.exslt.org/public_html/date/functions/sum date.js
102.12.11 11:04 B C:\jakarta-tomcat-3.2.4\webapps\cocoon\exslt\date\functions\sum\date.js.html --> ftp.exslt.org /www.exslt.org/public_html/date/functions/sum date.js.html
102.12.11 11:04 B C:\jakarta-tomcat-3.2.4\webapps\cocoon\exslt\date\functions\sum\date.msxsl.xsl --> ftp.exslt.org /www.exslt.org/public_html/date/functions/sum date.msxsl.xsl
102.12.11 11:04 B C:\jakarta-tomcat-3.2.4\webapps\cocoon\exslt\date\functions\sum\date.msxsl.xsl.html --> ftp.exslt.org /www.exslt.org/public_html/date/functions/sum date.msxsl.xsl.html
102.12.11 11:04 B C:\jakarta-tomcat-3.2.4\webapps\cocoon\exslt\date\functions\sum\date.sum.1.html --> ftp.exslt.org /www.exslt.org/public_html/date/functions/sum date.sum.1.html
102.12.11 11:04 B C:\jakarta-tomcat-3.2.4\webapps\cocoon\exslt\date\functions\sum\date.sum.html --> ftp.exslt.org /www.exslt.org/public_html/date/functions/sum date.sum.html
102.12.11 11:04 B C:\jakarta-tomcat-3.2.4\webapps\cocoon\exslt\date\functions\sum\date.sum.package.txt --> ftp.exslt.org /www.exslt.org/public_html/date/functions/sum date.sum.package.txt
102.12.11 11:04 B C:\jakarta-tomcat-3.2.4\webapps\cocoon\exslt\date\functions\sum\date.sum.use-cases.txt --> ftp.exslt.org /www.exslt.org/public_html/date/functions/sum date.sum.use-cases.txt
102.12.11 11:04 B C:\jakarta-tomcat-3.2.4\webapps\cocoon\exslt\date\functions\sum\date.sum.use-cases.zip --> ftp.exslt.org /www.exslt.org/public_html/date/functions/sum date.sum.use-cases.zip
102.12.11 11:04 B C:\jakarta-tomcat-3.2.4\webapps\cocoon\exslt\date\functions\sum\date.sum.xml --> ftp.exslt.org /www.exslt.org/public_html/date/functions/sum date.sum.xml
102.12.11 11:04 B C:\jakarta-tomcat-3.2.4\webapps\cocoon\exslt\date\functions\sum\date.sum.xsl --> ftp.exslt.org /www.exslt.org/public_html/date/functions/sum date.sum.xsl
102.12.11 11:04 B C:\jakarta-tomcat-3.2.4\webapps\cocoon\exslt\date\functions\sum\date.sum.zip --> ftp.exslt.org /www.exslt.org/public_html/date/functions/sum date.sum.zip
102.12.11 11:04 B C:\jakarta-tomcat-3.2.4\webapps\cocoon\exslt\date\functions\sum\index.html --> ftp.exslt.org /www.exslt.org/public_html/date/functions/sum index.html
102.12.11 11:04 B C:\jakarta-tomcat-3.2.4\webapps\cocoon\exslt\date\functions\sum\refresh.bat --> ftp.exslt.org /www.exslt.org/public_html/date/functions/sum refresh.bat
102.12.11 11:04 B C:\jakarta-tomcat-3.2.4\webapps\cocoon\exslt\date\functions\sum\update.bat --> ftp.exslt.org /www.exslt.org/public_html/date/functions/sum update.bat
103.09.29 15:18 B C:\jakarta-tomcat-3.2.4\webapps\cocoon\exslt\date\functions\sum\WS_FTP.LOG <-- ftp.exslt.org /www.exslt.org/public_html/date/functions/sum WS_FTP.LOG
103.10.21 13:06 B C:\jakarta-tomcat-3.2.4\webapps\cocoon\exslt\date\functions\sum\base.css --> marian.cs.nott.ac.uk /stud/pg/cds/exslt/date/functions/sum base.css
103.10.21 13:06 B C:\jakarta-tomcat-3.2.4\webapps\cocoon\exslt\date\functions\sum\date.js --> marian.cs.nott.ac.uk /stud/pg/cds/exslt/date/functions/sum date.js
103.10.21 13:06 B C:\jakarta-tomcat-3.2.4\webapps\cocoon\exslt\date\functions\sum\date.js.html --> marian.cs.nott.ac.uk /stud/pg/cds/exslt/date/functions/sum date.js.html
103.10.21 13:06 B C:\jakarta-tomcat-3.2.4\webapps\cocoon\exslt\date\functions\sum\date.msxsl.xsl --> marian.cs.nott.ac.uk /stud/pg/cds/exslt/date/functions/sum date.msxsl.xsl
103.10.21 13:06 B C:\jakarta-tomcat-3.2.4\webapps\cocoon\exslt\date\functions\sum\date.msxsl.xsl.html --> marian.cs.nott.ac.uk /stud/pg/cds/exslt/date/functions/sum date.msxsl.xsl.html
103.10.21 13:06 B C:\jakarta-tomcat-3.2.4\webapps\cocoon\exslt\date\functions\sum\date.sum.1.html --> marian.cs.nott.ac.uk /stud/pg/cds/exslt/date/functions/sum date.sum.1.html
103.10.21 13:06 B C:\jakarta-tomcat-3.2.4\webapps\cocoon\exslt\date\functions\sum\date.sum.html --> marian.cs.nott.ac.uk /stud/pg/cds/exslt/date/functions/sum date.sum.html
103.10.21 13:06 B C:\jakarta-tomcat-3.2.4\webapps\cocoon\exslt\date\functions\sum\date.sum.package.txt --> marian.cs.nott.ac.uk /stud/pg/cds/exslt/date/functions/sum date.sum.package.txt
103.10.21 13:06 B C:\jakarta-tomcat-3.2.4\webapps\cocoon\exslt\date\functions\sum\date.sum.use-cases.txt --> marian.cs.nott.ac.uk /stud/pg/cds/exslt/date/functions/sum date.sum.use-cases.txt
103.10.21 13:06 B C:\jakarta-tomcat-3.2.4\webapps\cocoon\exslt\date\functions\sum\date.sum.use-cases.zip --> marian.cs.nott.ac.uk /stud/pg/cds/exslt/date/functions/sum date.sum.use-cases.zip
103.10.21 13:06 B C:\jakarta-tomcat-3.2.4\webapps\cocoon\exslt\date\functions\sum\date.sum.xml --> marian.cs.nott.ac.uk /stud/pg/cds/exslt/date/functions/sum date.sum.xml
103.10.21 13:06 B C:\jakarta-tomcat-3.2.4\webapps\cocoon\exslt\date\functions\sum\date.sum.xsl --> marian.cs.nott.ac.uk /stud/pg/cds/exslt/date/functions/sum date.sum.xsl
103.10.21 13:06 B C:\jakarta-tomcat-3.2.4\webapps\cocoon\exslt\date\functions\sum\date.sum.zip --> marian.cs.nott.ac.uk /stud/pg/cds/exslt/date/functions/sum date.sum.zip
103.10.21 13:06 B C:\jakarta-tomcat-3.2.4\webapps\cocoon\exslt\date\functions\sum\index.html --> marian.cs.nott.ac.uk /stud/pg/cds/exslt/date/functions/sum index.html
103.10.21 13:06 B C:\jakarta-tomcat-3.2.4\webapps\cocoon\exslt\date\functions\sum\refresh.bat --> marian.cs.nott.ac.uk /stud/pg/cds/exslt/date/functions/sum refresh.bat
103.10.21 13:06 B C:\jakarta-tomcat-3.2.4\webapps\cocoon\exslt\date\functions\sum\update.bat --> marian.cs.nott.ac.uk /stud/pg/cds/exslt/date/functions/sum update.bat
103.10.21 13:06 B C:\jakarta-tomcat-3.2.4\webapps\cocoon\exslt\date\functions\sum\WS_FTP.LOG --> marian.cs.nott.ac.uk /stud/pg/cds/exslt/date/functions/sum WS_FTP.LOG
103.10.23 15:23 B C:\jakarta-tomcat-3.2.4\webapps\cocoon\exslt\date\functions\sum\base.css --> ftp.exslt.org /www.exslt.org/public_html/date/functions/sum base.css
103.10.23 15:24 B C:\jakarta-tomcat-3.2.4\webapps\cocoon\exslt\date\functions\sum\date.js --> ftp.exslt.org /www.exslt.org/public_html/date/functions/sum date.js
103.10.23 15:24 B C:\jakarta-tomcat-3.2.4\webapps\cocoon\exslt\date\functions\sum\date.js.html --> ftp.exslt.org /www.exslt.org/public_html/date/functions/sum date.js.html
103.10.23 15:24 B C:\jakarta-tomcat-3.2.4\webapps\cocoon\exslt\date\functions\sum\date.msxsl.xsl --> ftp.exslt.org /www.exslt.org/public_html/date/functions/sum date.msxsl.xsl
103.10.23 15:24 B C:\jakarta-tomcat-3.2.4\webapps\cocoon\exslt\date\functions\sum\date.msxsl.xsl.html --> ftp.exslt.org /www.exslt.org/public_html/date/functions/sum date.msxsl.xsl.html
103.10.23 15:24 B C:\jakarta-tomcat-3.2.4\webapps\cocoon\exslt\date\functions\sum\date.sum.1.html --> ftp.exslt.org /www.exslt.org/public_html/date/functions/sum date.sum.1.html
103.10.23 15:24 B C:\jakarta-tomcat-3.2.4\webapps\cocoon\exslt\date\functions\sum\date.sum.html --> ftp.exslt.org /www.exslt.org/public_html/date/functions/sum date.sum.html
103.10.23 15:24 B C:\jakarta-tomcat-3.2.4\webapps\cocoon\exslt\date\functions\sum\date.sum.package.txt --> ftp.exslt.org /www.exslt.org/public_html/date/functions/sum date.sum.package.txt
103.10.23 15:24 B C:\jakarta-tomcat-3.2.4\webapps\cocoon\exslt\date\functions\sum\date.sum.use-cases.txt --> ftp.exslt.org /www.exslt.org/public_html/date/functions/sum date.sum.use-cases.txt
103.10.23 15:24 B C:\jakarta-tomcat-3.2.4\webapps\cocoon\exslt\date\functions\sum\date.sum.use-cases.zip --> ftp.exslt.org /www.exslt.org/public_html/date/functions/sum date.sum.use-cases.zip
103.10.23 15:24 B C:\jakarta-tomcat-3.2.4\webapps\cocoon\exslt\date\functions\sum\date.sum.xml --> ftp.exslt.org /www.exslt.org/public_html/date/functions/sum date.sum.xml
103.10.23 15:25 B C:\jakarta-tomcat-3.2.4\webapps\cocoon\exslt\date\functions\sum\date.sum.xsl --> ftp.exslt.org /www.exslt.org/public_html/date/functions/sum date.sum.xsl
103.10.23 15:25 B C:\jakarta-tomcat-3.2.4\webapps\cocoon\exslt\date\functions\sum\date.sum.zip --> ftp.exslt.org /www.exslt.org/public_html/date/functions/sum date.sum.zip
103.10.23 15:25 B C:\jakarta-tomcat-3.2.4\webapps\cocoon\exslt\date\functions\sum\index.html --> ftp.exslt.org /www.exslt.org/public_html/date/functions/sum index.html
103.10.23 15:25 B C:\jakarta-tomcat-3.2.4\webapps\cocoon\exslt\date\functions\sum\refresh.bat --> ftp.exslt.org /www.exslt.org/public_html/date/functions/sum refresh.bat
103.10.23 15:25 B C:\jakarta-tomcat-3.2.4\webapps\cocoon\exslt\date\functions\sum\update.bat --> ftp.exslt.org /www.exslt.org/public_html/date/functions/sum update.bat
