102.08.21 17:25 B C:\jakarta-tomcat-3.2.4\webapps\cocoon\exslt\date\functions\month-name\base.css --> ftp.exslt.org /www.exslt.org/public_html/date/functions/month-name base.css
102.08.21 17:25 B C:\jakarta-tomcat-3.2.4\webapps\cocoon\exslt\date\functions\month-name\date.js --> ftp.exslt.org /www.exslt.org/public_html/date/functions/month-name date.js
102.08.21 17:25 B C:\jakarta-tomcat-3.2.4\webapps\cocoon\exslt\date\functions\month-name\date.js.html --> ftp.exslt.org /www.exslt.org/public_html/date/functions/month-name date.js.html
102.08.21 17:25 B C:\jakarta-tomcat-3.2.4\webapps\cocoon\exslt\date\functions\month-name\date.month-name.2.html --> ftp.exslt.org /www.exslt.org/public_html/date/functions/month-name date.month-name.2.html
102.08.21 17:25 B C:\jakarta-tomcat-3.2.4\webapps\cocoon\exslt\date\functions\month-name\date.month-name.function.xsl --> ftp.exslt.org /www.exslt.org/public_html/date/functions/month-name date.month-name.function.xsl
102.08.21 17:25 B C:\jakarta-tomcat-3.2.4\webapps\cocoon\exslt\date\functions\month-name\date.month-name.function.xsl.html --> ftp.exslt.org /www.exslt.org/public_html/date/functions/month-name date.month-name.function.xsl.html
102.08.21 17:25 B C:\jakarta-tomcat-3.2.4\webapps\cocoon\exslt\date\functions\month-name\date.month-name.html --> ftp.exslt.org /www.exslt.org/public_html/date/functions/month-name date.month-name.html
102.08.21 17:25 B C:\jakarta-tomcat-3.2.4\webapps\cocoon\exslt\date\functions\month-name\date.month-name.package.txt --> ftp.exslt.org /www.exslt.org/public_html/date/functions/month-name date.month-name.package.txt
102.08.21 17:25 B C:\jakarta-tomcat-3.2.4\webapps\cocoon\exslt\date\functions\month-name\date.month-name.template.xsl --> ftp.exslt.org /www.exslt.org/public_html/date/functions/month-name date.month-name.template.xsl
102.08.21 17:25 B C:\jakarta-tomcat-3.2.4\webapps\cocoon\exslt\date\functions\month-name\date.month-name.template.xsl.html --> ftp.exslt.org /www.exslt.org/public_html/date/functions/month-name date.month-name.template.xsl.html
102.08.21 17:25 B C:\jakarta-tomcat-3.2.4\webapps\cocoon\exslt\date\functions\month-name\date.month-name.use-cases.txt --> ftp.exslt.org /www.exslt.org/public_html/date/functions/month-name date.month-name.use-cases.txt
102.08.21 17:25 B C:\jakarta-tomcat-3.2.4\webapps\cocoon\exslt\date\functions\month-name\date.month-name.use-cases.zip --> ftp.exslt.org /www.exslt.org/public_html/date/functions/month-name date.month-name.use-cases.zip
102.08.21 17:25 B C:\jakarta-tomcat-3.2.4\webapps\cocoon\exslt\date\functions\month-name\date.month-name.xml --> ftp.exslt.org /www.exslt.org/public_html/date/functions/month-name date.month-name.xml
102.08.21 17:25 B C:\jakarta-tomcat-3.2.4\webapps\cocoon\exslt\date\functions\month-name\date.month-name.xsl --> ftp.exslt.org /www.exslt.org/public_html/date/functions/month-name date.month-name.xsl
102.08.21 17:25 B C:\jakarta-tomcat-3.2.4\webapps\cocoon\exslt\date\functions\month-name\date.month-name.zip --> ftp.exslt.org /www.exslt.org/public_html/date/functions/month-name date.month-name.zip
102.08.21 17:25 B C:\jakarta-tomcat-3.2.4\webapps\cocoon\exslt\date\functions\month-name\date.msxsl.xsl --> ftp.exslt.org /www.exslt.org/public_html/date/functions/month-name date.msxsl.xsl
102.08.21 17:25 B C:\jakarta-tomcat-3.2.4\webapps\cocoon\exslt\date\functions\month-name\date.msxsl.xsl.html --> ftp.exslt.org /www.exslt.org/public_html/date/functions/month-name date.msxsl.xsl.html
102.08.21 17:25 B C:\jakarta-tomcat-3.2.4\webapps\cocoon\exslt\date\functions\month-name\index.html --> ftp.exslt.org /www.exslt.org/public_html/date/functions/month-name index.html
102.08.21 17:25 B C:\jakarta-tomcat-3.2.4\webapps\cocoon\exslt\date\functions\month-name\refresh.bat --> ftp.exslt.org /www.exslt.org/public_html/date/functions/month-name refresh.bat
102.08.21 17:25 B C:\jakarta-tomcat-3.2.4\webapps\cocoon\exslt\date\functions\month-name\update.bat --> ftp.exslt.org /www.exslt.org/public_html/date/functions/month-name update.bat
102.08.21 17:31 B C:\jakarta-tomcat-3.2.4\webapps\cocoon\exslt\date\functions\month-name\base.css --> ftp.exslt.org /www.exslt.org/public_html/date/functions/month-name base.css
102.08.21 17:31 B C:\jakarta-tomcat-3.2.4\webapps\cocoon\exslt\date\functions\month-name\date.js --> ftp.exslt.org /www.exslt.org/public_html/date/functions/month-name date.js
102.08.21 17:31 B C:\jakarta-tomcat-3.2.4\webapps\cocoon\exslt\date\functions\month-name\date.js.html --> ftp.exslt.org /www.exslt.org/public_html/date/functions/month-name date.js.html
102.08.21 17:31 B C:\jakarta-tomcat-3.2.4\webapps\cocoon\exslt\date\functions\month-name\date.month-name.2.html --> ftp.exslt.org /www.exslt.org/public_html/date/functions/month-name date.month-name.2.html
102.08.21 17:31 B C:\jakarta-tomcat-3.2.4\webapps\cocoon\exslt\date\functions\month-name\date.month-name.function.xsl --> ftp.exslt.org /www.exslt.org/public_html/date/functions/month-name date.month-name.function.xsl
102.08.21 17:31 B C:\jakarta-tomcat-3.2.4\webapps\cocoon\exslt\date\functions\month-name\date.month-name.function.xsl.html --> ftp.exslt.org /www.exslt.org/public_html/date/functions/month-name date.month-name.function.xsl.html
102.08.21 17:31 B C:\jakarta-tomcat-3.2.4\webapps\cocoon\exslt\date\functions\month-name\date.month-name.html --> ftp.exslt.org /www.exslt.org/public_html/date/functions/month-name date.month-name.html
102.08.21 17:31 B C:\jakarta-tomcat-3.2.4\webapps\cocoon\exslt\date\functions\month-name\date.month-name.package.txt --> ftp.exslt.org /www.exslt.org/public_html/date/functions/month-name date.month-name.package.txt
102.08.21 17:31 B C:\jakarta-tomcat-3.2.4\webapps\cocoon\exslt\date\functions\month-name\date.month-name.template.xsl --> ftp.exslt.org /www.exslt.org/public_html/date/functions/month-name date.month-name.template.xsl
102.08.21 17:31 B C:\jakarta-tomcat-3.2.4\webapps\cocoon\exslt\date\functions\month-name\date.month-name.template.xsl.html --> ftp.exslt.org /www.exslt.org/public_html/date/functions/month-name date.month-name.template.xsl.html
102.08.21 17:31 B C:\jakarta-tomcat-3.2.4\webapps\cocoon\exslt\date\functions\month-name\date.month-name.use-cases.txt --> ftp.exslt.org /www.exslt.org/public_html/date/functions/month-name date.month-name.use-cases.txt
102.08.21 17:31 B C:\jakarta-tomcat-3.2.4\webapps\cocoon\exslt\date\functions\month-name\date.month-name.use-cases.zip --> ftp.exslt.org /www.exslt.org/public_html/date/functions/month-name date.month-name.use-cases.zip
102.08.21 17:31 B C:\jakarta-tomcat-3.2.4\webapps\cocoon\exslt\date\functions\month-name\date.month-name.xml --> ftp.exslt.org /www.exslt.org/public_html/date/functions/month-name date.month-name.xml
102.08.21 17:31 B C:\jakarta-tomcat-3.2.4\webapps\cocoon\exslt\date\functions\month-name\date.month-name.xsl --> ftp.exslt.org /www.exslt.org/public_html/date/functions/month-name date.month-name.xsl
102.08.21 17:31 B C:\jakarta-tomcat-3.2.4\webapps\cocoon\exslt\date\functions\month-name\date.month-name.zip --> ftp.exslt.org /www.exslt.org/public_html/date/functions/month-name date.month-name.zip
102.08.21 17:31 B C:\jakarta-tomcat-3.2.4\webapps\cocoon\exslt\date\functions\month-name\date.msxsl.xsl --> ftp.exslt.org /www.exslt.org/public_html/date/functions/month-name date.msxsl.xsl
102.08.21 17:31 B C:\jakarta-tomcat-3.2.4\webapps\cocoon\exslt\date\functions\month-name\date.msxsl.xsl.html --> ftp.exslt.org /www.exslt.org/public_html/date/functions/month-name date.msxsl.xsl.html
102.08.21 17:31 B C:\jakarta-tomcat-3.2.4\webapps\cocoon\exslt\date\functions\month-name\index.html --> ftp.exslt.org /www.exslt.org/public_html/date/functions/month-name index.html
102.08.21 17:31 B C:\jakarta-tomcat-3.2.4\webapps\cocoon\exslt\date\functions\month-name\refresh.bat --> ftp.exslt.org /www.exslt.org/public_html/date/functions/month-name refresh.bat
102.08.21 17:31 B C:\jakarta-tomcat-3.2.4\webapps\cocoon\exslt\date\functions\month-name\update.bat --> ftp.exslt.org /www.exslt.org/public_html/date/functions/month-name update.bat
102.08.21 17:31 B C:\jakarta-tomcat-3.2.4\webapps\cocoon\exslt\date\functions\month-name\WS_FTP.LOG --> ftp.exslt.org /www.exslt.org/public_html/date/functions/month-name WS_FTP.LOG
102.11.19 13:15 B C:\jakarta-tomcat-3.2.4\webapps\cocoon\exslt\date\functions\month-name\base.css --> ftp.exslt.org /www.exslt.org/public_html/date/functions/month-name base.css
102.11.19 13:15 B C:\jakarta-tomcat-3.2.4\webapps\cocoon\exslt\date\functions\month-name\date.js --> ftp.exslt.org /www.exslt.org/public_html/date/functions/month-name date.js
102.11.19 13:15 B C:\jakarta-tomcat-3.2.4\webapps\cocoon\exslt\date\functions\month-name\date.js.html --> ftp.exslt.org /www.exslt.org/public_html/date/functions/month-name date.js.html
102.11.19 13:15 B C:\jakarta-tomcat-3.2.4\webapps\cocoon\exslt\date\functions\month-name\date.month-name.2.html --> ftp.exslt.org /www.exslt.org/public_html/date/functions/month-name date.month-name.2.html
102.11.19 13:15 B C:\jakarta-tomcat-3.2.4\webapps\cocoon\exslt\date\functions\month-name\date.month-name.function.xsl --> ftp.exslt.org /www.exslt.org/public_html/date/functions/month-name date.month-name.function.xsl
102.11.19 13:15 B C:\jakarta-tomcat-3.2.4\webapps\cocoon\exslt\date\functions\month-name\date.month-name.function.xsl.html --> ftp.exslt.org /www.exslt.org/public_html/date/functions/month-name date.month-name.function.xsl.html
102.11.19 13:15 B C:\jakarta-tomcat-3.2.4\webapps\cocoon\exslt\date\functions\month-name\date.month-name.html --> ftp.exslt.org /www.exslt.org/public_html/date/functions/month-name date.month-name.html
102.11.19 13:15 B C:\jakarta-tomcat-3.2.4\webapps\cocoon\exslt\date\functions\month-name\date.month-name.package.txt --> ftp.exslt.org /www.exslt.org/public_html/date/functions/month-name date.month-name.package.txt
102.11.19 13:15 B C:\jakarta-tomcat-3.2.4\webapps\cocoon\exslt\date\functions\month-name\date.month-name.template.xsl --> ftp.exslt.org /www.exslt.org/public_html/date/functions/month-name date.month-name.template.xsl
102.11.19 13:15 B C:\jakarta-tomcat-3.2.4\webapps\cocoon\exslt\date\functions\month-name\date.month-name.template.xsl.html --> ftp.exslt.org /www.exslt.org/public_html/date/functions/month-name date.month-name.template.xsl.html
102.11.19 13:15 B C:\jakarta-tomcat-3.2.4\webapps\cocoon\exslt\date\functions\month-name\date.month-name.use-cases.txt --> ftp.exslt.org /www.exslt.org/public_html/date/functions/month-name date.month-name.use-cases.txt
102.11.19 13:15 B C:\jakarta-tomcat-3.2.4\webapps\cocoon\exslt\date\functions\month-name\date.month-name.use-cases.zip --> ftp.exslt.org /www.exslt.org/public_html/date/functions/month-name date.month-name.use-cases.zip
102.11.19 13:15 B C:\jakarta-tomcat-3.2.4\webapps\cocoon\exslt\date\functions\month-name\date.month-name.xml --> ftp.exslt.org /www.exslt.org/public_html/date/functions/month-name date.month-name.xml
102.11.19 13:15 B C:\jakarta-tomcat-3.2.4\webapps\cocoon\exslt\date\functions\month-name\date.month-name.xsl --> ftp.exslt.org /www.exslt.org/public_html/date/functions/month-name date.month-name.xsl
102.11.19 13:15 B C:\jakarta-tomcat-3.2.4\webapps\cocoon\exslt\date\functions\month-name\date.month-name.zip --> ftp.exslt.org /www.exslt.org/public_html/date/functions/month-name date.month-name.zip
102.11.19 13:15 B C:\jakarta-tomcat-3.2.4\webapps\cocoon\exslt\date\functions\month-name\date.msxsl.xsl --> ftp.exslt.org /www.exslt.org/public_html/date/functions/month-name date.msxsl.xsl
102.11.19 13:15 B C:\jakarta-tomcat-3.2.4\webapps\cocoon\exslt\date\functions\month-name\date.msxsl.xsl.html --> ftp.exslt.org /www.exslt.org/public_html/date/functions/month-name date.msxsl.xsl.html
102.11.19 13:15 B C:\jakarta-tomcat-3.2.4\webapps\cocoon\exslt\date\functions\month-name\index.html --> ftp.exslt.org /www.exslt.org/public_html/date/functions/month-name index.html
102.11.19 13:15 B C:\jakarta-tomcat-3.2.4\webapps\cocoon\exslt\date\functions\month-name\refresh.bat --> ftp.exslt.org /www.exslt.org/public_html/date/functions/month-name refresh.bat
102.11.19 13:15 B C:\jakarta-tomcat-3.2.4\webapps\cocoon\exslt\date\functions\month-name\update.bat --> ftp.exslt.org /www.exslt.org/public_html/date/functions/month-name update.bat
102.11.19 13:15 B C:\jakarta-tomcat-3.2.4\webapps\cocoon\exslt\date\functions\month-name\WS_FTP.LOG --> ftp.exslt.org /www.exslt.org/public_html/date/functions/month-name WS_FTP.LOG
102.11.19 13:21 B C:\jakarta-tomcat-3.2.4\webapps\cocoon\exslt\date\functions\month-name\base.css --> ftp.exslt.org /www.exslt.org/public_html/date/functions/month-name base.css
102.11.19 13:21 B C:\jakarta-tomcat-3.2.4\webapps\cocoon\exslt\date\functions\month-name\date.js --> ftp.exslt.org /www.exslt.org/public_html/date/functions/month-name date.js
102.11.19 13:21 B C:\jakarta-tomcat-3.2.4\webapps\cocoon\exslt\date\functions\month-name\date.js.html --> ftp.exslt.org /www.exslt.org/public_html/date/functions/month-name date.js.html
102.11.19 13:21 B C:\jakarta-tomcat-3.2.4\webapps\cocoon\exslt\date\functions\month-name\date.month-name.2.html --> ftp.exslt.org /www.exslt.org/public_html/date/functions/month-name date.month-name.2.html
102.11.19 13:21 B C:\jakarta-tomcat-3.2.4\webapps\cocoon\exslt\date\functions\month-name\date.month-name.function.xsl --> ftp.exslt.org /www.exslt.org/public_html/date/functions/month-name date.month-name.function.xsl
102.11.19 13:21 B C:\jakarta-tomcat-3.2.4\webapps\cocoon\exslt\date\functions\month-name\date.month-name.function.xsl.html --> ftp.exslt.org /www.exslt.org/public_html/date/functions/month-name date.month-name.function.xsl.html
102.11.19 13:21 B C:\jakarta-tomcat-3.2.4\webapps\cocoon\exslt\date\functions\month-name\date.month-name.html --> ftp.exslt.org /www.exslt.org/public_html/date/functions/month-name date.month-name.html
102.11.19 13:21 B C:\jakarta-tomcat-3.2.4\webapps\cocoon\exslt\date\functions\month-name\date.month-name.package.txt --> ftp.exslt.org /www.exslt.org/public_html/date/functions/month-name date.month-name.package.txt
102.11.19 13:21 B C:\jakarta-tomcat-3.2.4\webapps\cocoon\exslt\date\functions\month-name\date.month-name.template.xsl --> ftp.exslt.org /www.exslt.org/public_html/date/functions/month-name date.month-name.template.xsl
102.11.19 13:21 B C:\jakarta-tomcat-3.2.4\webapps\cocoon\exslt\date\functions\month-name\date.month-name.template.xsl.html --> ftp.exslt.org /www.exslt.org/public_html/date/functions/month-name date.month-name.template.xsl.html
102.11.19 13:21 B C:\jakarta-tomcat-3.2.4\webapps\cocoon\exslt\date\functions\month-name\date.month-name.use-cases.txt --> ftp.exslt.org /www.exslt.org/public_html/date/functions/month-name date.month-name.use-cases.txt
102.11.19 13:21 B C:\jakarta-tomcat-3.2.4\webapps\cocoon\exslt\date\functions\month-name\date.month-name.use-cases.zip --> ftp.exslt.org /www.exslt.org/public_html/date/functions/month-name date.month-name.use-cases.zip
102.11.19 13:21 B C:\jakarta-tomcat-3.2.4\webapps\cocoon\exslt\date\functions\month-name\date.month-name.xml --> ftp.exslt.org /www.exslt.org/public_html/date/functions/month-name date.month-name.xml
102.11.19 13:21 B C:\jakarta-tomcat-3.2.4\webapps\cocoon\exslt\date\functions\month-name\date.month-name.xsl --> ftp.exslt.org /www.exslt.org/public_html/date/functions/month-name date.month-name.xsl
102.11.19 13:21 B C:\jakarta-tomcat-3.2.4\webapps\cocoon\exslt\date\functions\month-name\date.month-name.zip --> ftp.exslt.org /www.exslt.org/public_html/date/functions/month-name date.month-name.zip
102.11.19 13:21 B C:\jakarta-tomcat-3.2.4\webapps\cocoon\exslt\date\functions\month-name\date.msxsl.xsl --> ftp.exslt.org /www.exslt.org/public_html/date/functions/month-name date.msxsl.xsl
102.11.19 13:21 B C:\jakarta-tomcat-3.2.4\webapps\cocoon\exslt\date\functions\month-name\date.msxsl.xsl.html --> ftp.exslt.org /www.exslt.org/public_html/date/functions/month-name date.msxsl.xsl.html
102.11.19 13:21 B C:\jakarta-tomcat-3.2.4\webapps\cocoon\exslt\date\functions\month-name\index.html --> ftp.exslt.org /www.exslt.org/public_html/date/functions/month-name index.html
102.11.19 13:21 B C:\jakarta-tomcat-3.2.4\webapps\cocoon\exslt\date\functions\month-name\refresh.bat --> ftp.exslt.org /www.exslt.org/public_html/date/functions/month-name refresh.bat
102.11.19 13:21 B C:\jakarta-tomcat-3.2.4\webapps\cocoon\exslt\date\functions\month-name\update.bat --> ftp.exslt.org /www.exslt.org/public_html/date/functions/month-name update.bat
102.12.02 12:22 B C:\jakarta-tomcat-3.2.4\webapps\cocoon\exslt\public_html\date\functions\month-name\WS_FTP.LOG <-- ftp.exslt.org /www.exslt.org/public_html/date/functions/month-name WS_FTP.LOG
102.12.03 11:10 B C:\jakarta-tomcat-3.2.4\webapps\cocoon\exslt\date\functions\month-name\base.css --> ftp.exslt.org /www.exslt.org/public_html/date/functions/month-name base.css
102.12.03 11:10 B C:\jakarta-tomcat-3.2.4\webapps\cocoon\exslt\date\functions\month-name\date.js --> ftp.exslt.org /www.exslt.org/public_html/date/functions/month-name date.js
102.12.03 11:10 B C:\jakarta-tomcat-3.2.4\webapps\cocoon\exslt\date\functions\month-name\date.js.html --> ftp.exslt.org /www.exslt.org/public_html/date/functions/month-name date.js.html
102.12.03 11:10 B C:\jakarta-tomcat-3.2.4\webapps\cocoon\exslt\date\functions\month-name\date.month-name.1.html --> ftp.exslt.org /www.exslt.org/public_html/date/functions/month-name date.month-name.1.html
102.12.03 11:10 B C:\jakarta-tomcat-3.2.4\webapps\cocoon\exslt\date\functions\month-name\date.month-name.1.xml --> ftp.exslt.org /www.exslt.org/public_html/date/functions/month-name date.month-name.1.xml
102.12.03 11:10 B C:\jakarta-tomcat-3.2.4\webapps\cocoon\exslt\date\functions\month-name\date.month-name.2.html --> ftp.exslt.org /www.exslt.org/public_html/date/functions/month-name date.month-name.2.html
102.12.03 11:10 B C:\jakarta-tomcat-3.2.4\webapps\cocoon\exslt\date\functions\month-name\date.month-name.function.xsl --> ftp.exslt.org /www.exslt.org/public_html/date/functions/month-name date.month-name.function.xsl
102.12.03 11:10 B C:\jakarta-tomcat-3.2.4\webapps\cocoon\exslt\date\functions\month-name\date.month-name.function.xsl.html --> ftp.exslt.org /www.exslt.org/public_html/date/functions/month-name date.month-name.function.xsl.html
102.12.03 11:10 B C:\jakarta-tomcat-3.2.4\webapps\cocoon\exslt\date\functions\month-name\date.month-name.html --> ftp.exslt.org /www.exslt.org/public_html/date/functions/month-name date.month-name.html
102.12.03 11:10 B C:\jakarta-tomcat-3.2.4\webapps\cocoon\exslt\date\functions\month-name\date.month-name.package.txt --> ftp.exslt.org /www.exslt.org/public_html/date/functions/month-name date.month-name.package.txt
102.12.03 11:10 B C:\jakarta-tomcat-3.2.4\webapps\cocoon\exslt\date\functions\month-name\date.month-name.template.xsl --> ftp.exslt.org /www.exslt.org/public_html/date/functions/month-name date.month-name.template.xsl
102.12.03 11:10 B C:\jakarta-tomcat-3.2.4\webapps\cocoon\exslt\date\functions\month-name\date.month-name.template.xsl.html --> ftp.exslt.org /www.exslt.org/public_html/date/functions/month-name date.month-name.template.xsl.html
102.12.03 11:10 B C:\jakarta-tomcat-3.2.4\webapps\cocoon\exslt\date\functions\month-name\date.month-name.use-cases.txt --> ftp.exslt.org /www.exslt.org/public_html/date/functions/month-name date.month-name.use-cases.txt
102.12.03 11:10 B C:\jakarta-tomcat-3.2.4\webapps\cocoon\exslt\date\functions\month-name\date.month-name.use-cases.zip --> ftp.exslt.org /www.exslt.org/public_html/date/functions/month-name date.month-name.use-cases.zip
102.12.03 11:10 B C:\jakarta-tomcat-3.2.4\webapps\cocoon\exslt\date\functions\month-name\date.month-name.xml --> ftp.exslt.org /www.exslt.org/public_html/date/functions/month-name date.month-name.xml
102.12.03 11:10 B C:\jakarta-tomcat-3.2.4\webapps\cocoon\exslt\date\functions\month-name\date.month-name.xsl --> ftp.exslt.org /www.exslt.org/public_html/date/functions/month-name date.month-name.xsl
102.12.03 11:10 B C:\jakarta-tomcat-3.2.4\webapps\cocoon\exslt\date\functions\month-name\date.month-name.zip --> ftp.exslt.org /www.exslt.org/public_html/date/functions/month-name date.month-name.zip
102.12.03 11:10 B C:\jakarta-tomcat-3.2.4\webapps\cocoon\exslt\date\functions\month-name\date.msxsl.xsl --> ftp.exslt.org /www.exslt.org/public_html/date/functions/month-name date.msxsl.xsl
102.12.03 11:10 B C:\jakarta-tomcat-3.2.4\webapps\cocoon\exslt\date\functions\month-name\date.msxsl.xsl.html --> ftp.exslt.org /www.exslt.org/public_html/date/functions/month-name date.msxsl.xsl.html
102.12.03 11:10 B C:\jakarta-tomcat-3.2.4\webapps\cocoon\exslt\date\functions\month-name\index.html --> ftp.exslt.org /www.exslt.org/public_html/date/functions/month-name index.html
102.12.03 11:10 B C:\jakarta-tomcat-3.2.4\webapps\cocoon\exslt\date\functions\month-name\refresh.bat --> ftp.exslt.org /www.exslt.org/public_html/date/functions/month-name refresh.bat
102.12.03 11:10 B C:\jakarta-tomcat-3.2.4\webapps\cocoon\exslt\date\functions\month-name\update.bat --> ftp.exslt.org /www.exslt.org/public_html/date/functions/month-name update.bat
102.12.03 11:10 B C:\jakarta-tomcat-3.2.4\webapps\cocoon\exslt\date\functions\month-name\WS_FTP.LOG --> ftp.exslt.org /www.exslt.org/public_html/date/functions/month-name WS_FTP.LOG
102.12.11 11:01 B C:\jakarta-tomcat-3.2.4\webapps\cocoon\exslt\date\functions\month-name\base.css --> ftp.exslt.org /www.exslt.org/public_html/date/functions/month-name base.css
102.12.11 11:01 B C:\jakarta-tomcat-3.2.4\webapps\cocoon\exslt\date\functions\month-name\date.js --> ftp.exslt.org /www.exslt.org/public_html/date/functions/month-name date.js
102.12.11 11:01 B C:\jakarta-tomcat-3.2.4\webapps\cocoon\exslt\date\functions\month-name\date.js.html --> ftp.exslt.org /www.exslt.org/public_html/date/functions/month-name date.js.html
102.12.11 11:01 B C:\jakarta-tomcat-3.2.4\webapps\cocoon\exslt\date\functions\month-name\date.month-name.1.html --> ftp.exslt.org /www.exslt.org/public_html/date/functions/month-name date.month-name.1.html
102.12.11 11:01 B C:\jakarta-tomcat-3.2.4\webapps\cocoon\exslt\date\functions\month-name\date.month-name.1.xml --> ftp.exslt.org /www.exslt.org/public_html/date/functions/month-name date.month-name.1.xml
102.12.11 11:01 B C:\jakarta-tomcat-3.2.4\webapps\cocoon\exslt\date\functions\month-name\date.month-name.2.html --> ftp.exslt.org /www.exslt.org/public_html/date/functions/month-name date.month-name.2.html
102.12.11 11:01 B C:\jakarta-tomcat-3.2.4\webapps\cocoon\exslt\date\functions\month-name\date.month-name.function.xsl --> ftp.exslt.org /www.exslt.org/public_html/date/functions/month-name date.month-name.function.xsl
102.12.11 11:01 B C:\jakarta-tomcat-3.2.4\webapps\cocoon\exslt\date\functions\month-name\date.month-name.function.xsl.html --> ftp.exslt.org /www.exslt.org/public_html/date/functions/month-name date.month-name.function.xsl.html
102.12.11 11:01 B C:\jakarta-tomcat-3.2.4\webapps\cocoon\exslt\date\functions\month-name\date.month-name.html --> ftp.exslt.org /www.exslt.org/public_html/date/functions/month-name date.month-name.html
102.12.11 11:01 B C:\jakarta-tomcat-3.2.4\webapps\cocoon\exslt\date\functions\month-name\date.month-name.package.txt --> ftp.exslt.org /www.exslt.org/public_html/date/functions/month-name date.month-name.package.txt
102.12.11 11:01 B C:\jakarta-tomcat-3.2.4\webapps\cocoon\exslt\date\functions\month-name\date.month-name.template.xsl --> ftp.exslt.org /www.exslt.org/public_html/date/functions/month-name date.month-name.template.xsl
102.12.11 11:01 B C:\jakarta-tomcat-3.2.4\webapps\cocoon\exslt\date\functions\month-name\date.month-name.template.xsl.html --> ftp.exslt.org /www.exslt.org/public_html/date/functions/month-name date.month-name.template.xsl.html
102.12.11 11:01 B C:\jakarta-tomcat-3.2.4\webapps\cocoon\exslt\date\functions\month-name\date.month-name.use-cases.txt --> ftp.exslt.org /www.exslt.org/public_html/date/functions/month-name date.month-name.use-cases.txt
102.12.11 11:01 B C:\jakarta-tomcat-3.2.4\webapps\cocoon\exslt\date\functions\month-name\date.month-name.use-cases.zip --> ftp.exslt.org /www.exslt.org/public_html/date/functions/month-name date.month-name.use-cases.zip
102.12.11 11:01 B C:\jakarta-tomcat-3.2.4\webapps\cocoon\exslt\date\functions\month-name\date.month-name.xml --> ftp.exslt.org /www.exslt.org/public_html/date/functions/month-name date.month-name.xml
102.12.11 11:01 B C:\jakarta-tomcat-3.2.4\webapps\cocoon\exslt\date\functions\month-name\date.month-name.xsl --> ftp.exslt.org /www.exslt.org/public_html/date/functions/month-name date.month-name.xsl
102.12.11 11:01 B C:\jakarta-tomcat-3.2.4\webapps\cocoon\exslt\date\functions\month-name\date.month-name.zip --> ftp.exslt.org /www.exslt.org/public_html/date/functions/month-name date.month-name.zip
102.12.11 11:04 B C:\jakarta-tomcat-3.2.4\webapps\cocoon\exslt\date\functions\month-name\base.css --> ftp.exslt.org /www.exslt.org/public_html/date/functions/month-name base.css
102.12.11 11:04 B C:\jakarta-tomcat-3.2.4\webapps\cocoon\exslt\date\functions\month-name\date.js --> ftp.exslt.org /www.exslt.org/public_html/date/functions/month-name date.js
102.12.11 11:04 B C:\jakarta-tomcat-3.2.4\webapps\cocoon\exslt\date\functions\month-name\date.js.html --> ftp.exslt.org /www.exslt.org/public_html/date/functions/month-name date.js.html
102.12.11 11:04 B C:\jakarta-tomcat-3.2.4\webapps\cocoon\exslt\date\functions\month-name\date.month-name.1.html --> ftp.exslt.org /www.exslt.org/public_html/date/functions/month-name date.month-name.1.html
102.12.11 11:04 B C:\jakarta-tomcat-3.2.4\webapps\cocoon\exslt\date\functions\month-name\date.month-name.1.xml --> ftp.exslt.org /www.exslt.org/public_html/date/functions/month-name date.month-name.1.xml
102.12.11 11:04 B C:\jakarta-tomcat-3.2.4\webapps\cocoon\exslt\date\functions\month-name\date.month-name.2.html --> ftp.exslt.org /www.exslt.org/public_html/date/functions/month-name date.month-name.2.html
102.12.11 11:04 B C:\jakarta-tomcat-3.2.4\webapps\cocoon\exslt\date\functions\month-name\date.month-name.function.xsl --> ftp.exslt.org /www.exslt.org/public_html/date/functions/month-name date.month-name.function.xsl
102.12.11 11:04 B C:\jakarta-tomcat-3.2.4\webapps\cocoon\exslt\date\functions\month-name\date.month-name.function.xsl.html --> ftp.exslt.org /www.exslt.org/public_html/date/functions/month-name date.month-name.function.xsl.html
102.12.11 11:04 B C:\jakarta-tomcat-3.2.4\webapps\cocoon\exslt\date\functions\month-name\date.month-name.html --> ftp.exslt.org /www.exslt.org/public_html/date/functions/month-name date.month-name.html
102.12.11 11:04 B C:\jakarta-tomcat-3.2.4\webapps\cocoon\exslt\date\functions\month-name\date.month-name.package.txt --> ftp.exslt.org /www.exslt.org/public_html/date/functions/month-name date.month-name.package.txt
102.12.11 11:04 B C:\jakarta-tomcat-3.2.4\webapps\cocoon\exslt\date\functions\month-name\date.month-name.template.xsl --> ftp.exslt.org /www.exslt.org/public_html/date/functions/month-name date.month-name.template.xsl
102.12.11 11:04 B C:\jakarta-tomcat-3.2.4\webapps\cocoon\exslt\date\functions\month-name\date.month-name.template.xsl.html --> ftp.exslt.org /www.exslt.org/public_html/date/functions/month-name date.month-name.template.xsl.html
102.12.11 11:04 B C:\jakarta-tomcat-3.2.4\webapps\cocoon\exslt\date\functions\month-name\date.month-name.use-cases.txt --> ftp.exslt.org /www.exslt.org/public_html/date/functions/month-name date.month-name.use-cases.txt
102.12.11 11:04 B C:\jakarta-tomcat-3.2.4\webapps\cocoon\exslt\date\functions\month-name\date.month-name.use-cases.zip --> ftp.exslt.org /www.exslt.org/public_html/date/functions/month-name date.month-name.use-cases.zip
102.12.11 11:04 B C:\jakarta-tomcat-3.2.4\webapps\cocoon\exslt\date\functions\month-name\date.month-name.xml --> ftp.exslt.org /www.exslt.org/public_html/date/functions/month-name date.month-name.xml
102.12.11 11:04 B C:\jakarta-tomcat-3.2.4\webapps\cocoon\exslt\date\functions\month-name\date.month-name.xsl --> ftp.exslt.org /www.exslt.org/public_html/date/functions/month-name date.month-name.xsl
102.12.11 11:04 B C:\jakarta-tomcat-3.2.4\webapps\cocoon\exslt\date\functions\month-name\date.month-name.zip --> ftp.exslt.org /www.exslt.org/public_html/date/functions/month-name date.month-name.zip
102.12.11 11:04 B C:\jakarta-tomcat-3.2.4\webapps\cocoon\exslt\date\functions\month-name\date.msxsl.xsl --> ftp.exslt.org /www.exslt.org/public_html/date/functions/month-name date.msxsl.xsl
102.12.11 11:04 B C:\jakarta-tomcat-3.2.4\webapps\cocoon\exslt\date\functions\month-name\date.msxsl.xsl.html --> ftp.exslt.org /www.exslt.org/public_html/date/functions/month-name date.msxsl.xsl.html
102.12.11 11:04 B C:\jakarta-tomcat-3.2.4\webapps\cocoon\exslt\date\functions\month-name\index.html --> ftp.exslt.org /www.exslt.org/public_html/date/functions/month-name index.html
102.12.11 11:04 B C:\jakarta-tomcat-3.2.4\webapps\cocoon\exslt\date\functions\month-name\refresh.bat --> ftp.exslt.org /www.exslt.org/public_html/date/functions/month-name refresh.bat
102.12.11 11:04 B C:\jakarta-tomcat-3.2.4\webapps\cocoon\exslt\date\functions\month-name\update.bat --> ftp.exslt.org /www.exslt.org/public_html/date/functions/month-name update.bat
103.09.29 15:15 B C:\jakarta-tomcat-3.2.4\webapps\cocoon\exslt\date\functions\month-name\WS_FTP.LOG <-- ftp.exslt.org /www.exslt.org/public_html/date/functions/month-name WS_FTP.LOG
103.10.21 13:05 B C:\jakarta-tomcat-3.2.4\webapps\cocoon\exslt\date\functions\month-name\base.css --> marian.cs.nott.ac.uk /stud/pg/cds/exslt/date/functions/month-name base.css
103.10.21 13:05 B C:\jakarta-tomcat-3.2.4\webapps\cocoon\exslt\date\functions\month-name\date.js --> marian.cs.nott.ac.uk /stud/pg/cds/exslt/date/functions/month-name date.js
103.10.21 13:05 B C:\jakarta-tomcat-3.2.4\webapps\cocoon\exslt\date\functions\month-name\date.js.html --> marian.cs.nott.ac.uk /stud/pg/cds/exslt/date/functions/month-name date.js.html
103.10.21 13:05 B C:\jakarta-tomcat-3.2.4\webapps\cocoon\exslt\date\functions\month-name\date.month-name.1.html --> marian.cs.nott.ac.uk /stud/pg/cds/exslt/date/functions/month-name date.month-name.1.html
103.10.21 13:05 B C:\jakarta-tomcat-3.2.4\webapps\cocoon\exslt\date\functions\month-name\date.month-name.1.xml --> marian.cs.nott.ac.uk /stud/pg/cds/exslt/date/functions/month-name date.month-name.1.xml
103.10.21 13:05 B C:\jakarta-tomcat-3.2.4\webapps\cocoon\exslt\date\functions\month-name\date.month-name.2.html --> marian.cs.nott.ac.uk /stud/pg/cds/exslt/date/functions/month-name date.month-name.2.html
103.10.21 13:05 B C:\jakarta-tomcat-3.2.4\webapps\cocoon\exslt\date\functions\month-name\date.month-name.function.xsl --> marian.cs.nott.ac.uk /stud/pg/cds/exslt/date/functions/month-name date.month-name.function.xsl
103.10.21 13:05 B C:\jakarta-tomcat-3.2.4\webapps\cocoon\exslt\date\functions\month-name\date.month-name.function.xsl.html --> marian.cs.nott.ac.uk /stud/pg/cds/exslt/date/functions/month-name date.month-name.function.xsl.html
103.10.21 13:05 B C:\jakarta-tomcat-3.2.4\webapps\cocoon\exslt\date\functions\month-name\date.month-name.html --> marian.cs.nott.ac.uk /stud/pg/cds/exslt/date/functions/month-name date.month-name.html
103.10.21 13:05 B C:\jakarta-tomcat-3.2.4\webapps\cocoon\exslt\date\functions\month-name\date.month-name.package.txt --> marian.cs.nott.ac.uk /stud/pg/cds/exslt/date/functions/month-name date.month-name.package.txt
103.10.21 13:05 B C:\jakarta-tomcat-3.2.4\webapps\cocoon\exslt\date\functions\month-name\date.month-name.template.xsl --> marian.cs.nott.ac.uk /stud/pg/cds/exslt/date/functions/month-name date.month-name.template.xsl
103.10.21 13:05 B C:\jakarta-tomcat-3.2.4\webapps\cocoon\exslt\date\functions\month-name\date.month-name.template.xsl.html --> marian.cs.nott.ac.uk /stud/pg/cds/exslt/date/functions/month-name date.month-name.template.xsl.html
103.10.21 13:05 B C:\jakarta-tomcat-3.2.4\webapps\cocoon\exslt\date\functions\month-name\date.month-name.use-cases.txt --> marian.cs.nott.ac.uk /stud/pg/cds/exslt/date/functions/month-name date.month-name.use-cases.txt
103.10.21 13:05 B C:\jakarta-tomcat-3.2.4\webapps\cocoon\exslt\date\functions\month-name\date.month-name.use-cases.zip --> marian.cs.nott.ac.uk /stud/pg/cds/exslt/date/functions/month-name date.month-name.use-cases.zip
103.10.21 13:05 B C:\jakarta-tomcat-3.2.4\webapps\cocoon\exslt\date\functions\month-name\date.month-name.xml --> marian.cs.nott.ac.uk /stud/pg/cds/exslt/date/functions/month-name date.month-name.xml
103.10.21 13:05 B C:\jakarta-tomcat-3.2.4\webapps\cocoon\exslt\date\functions\month-name\date.month-name.xsl --> marian.cs.nott.ac.uk /stud/pg/cds/exslt/date/functions/month-name date.month-name.xsl
103.10.21 13:05 B C:\jakarta-tomcat-3.2.4\webapps\cocoon\exslt\date\functions\month-name\date.month-name.zip --> marian.cs.nott.ac.uk /stud/pg/cds/exslt/date/functions/month-name date.month-name.zip
103.10.21 13:05 B C:\jakarta-tomcat-3.2.4\webapps\cocoon\exslt\date\functions\month-name\date.msxsl.xsl --> marian.cs.nott.ac.uk /stud/pg/cds/exslt/date/functions/month-name date.msxsl.xsl
103.10.21 13:05 B C:\jakarta-tomcat-3.2.4\webapps\cocoon\exslt\date\functions\month-name\date.msxsl.xsl.html --> marian.cs.nott.ac.uk /stud/pg/cds/exslt/date/functions/month-name date.msxsl.xsl.html
103.10.21 13:05 B C:\jakarta-tomcat-3.2.4\webapps\cocoon\exslt\date\functions\month-name\index.html --> marian.cs.nott.ac.uk /stud/pg/cds/exslt/date/functions/month-name index.html
103.10.21 13:05 B C:\jakarta-tomcat-3.2.4\webapps\cocoon\exslt\date\functions\month-name\refresh.bat --> marian.cs.nott.ac.uk /stud/pg/cds/exslt/date/functions/month-name refresh.bat
103.10.21 13:05 B C:\jakarta-tomcat-3.2.4\webapps\cocoon\exslt\date\functions\month-name\update.bat --> marian.cs.nott.ac.uk /stud/pg/cds/exslt/date/functions/month-name update.bat
103.10.21 13:05 B C:\jakarta-tomcat-3.2.4\webapps\cocoon\exslt\date\functions\month-name\WS_FTP.LOG --> marian.cs.nott.ac.uk /stud/pg/cds/exslt/date/functions/month-name WS_FTP.LOG
103.10.23 13:52 B C:\jakarta-tomcat-3.2.4\webapps\cocoon\exslt\date\functions\month-name\base.css --> ftp.exslt.org /www.exslt.org/public_html/month-name base.css
103.10.23 13:52 B C:\jakarta-tomcat-3.2.4\webapps\cocoon\exslt\date\functions\month-name\date.js --> ftp.exslt.org /www.exslt.org/public_html/month-name date.js
103.10.23 13:52 B C:\jakarta-tomcat-3.2.4\webapps\cocoon\exslt\date\functions\month-name\date.js.html --> ftp.exslt.org /www.exslt.org/public_html/month-name date.js.html
103.10.23 13:52 B C:\jakarta-tomcat-3.2.4\webapps\cocoon\exslt\date\functions\month-name\date.month-name.1.html --> ftp.exslt.org /www.exslt.org/public_html/month-name date.month-name.1.html
103.10.23 13:52 B C:\jakarta-tomcat-3.2.4\webapps\cocoon\exslt\date\functions\month-name\date.month-name.1.xml --> ftp.exslt.org /www.exslt.org/public_html/month-name date.month-name.1.xml
103.10.23 13:53 B C:\jakarta-tomcat-3.2.4\webapps\cocoon\exslt\date\functions\month-name\date.month-name.2.html --> ftp.exslt.org /www.exslt.org/public_html/month-name date.month-name.2.html
103.10.23 13:53 B C:\jakarta-tomcat-3.2.4\webapps\cocoon\exslt\date\functions\month-name\date.month-name.function.xsl --> ftp.exslt.org /www.exslt.org/public_html/month-name date.month-name.function.xsl
103.10.23 13:53 B C:\jakarta-tomcat-3.2.4\webapps\cocoon\exslt\date\functions\month-name\date.month-name.function.xsl.html --> ftp.exslt.org /www.exslt.org/public_html/month-name date.month-name.function.xsl.html
103.10.23 13:53 B C:\jakarta-tomcat-3.2.4\webapps\cocoon\exslt\date\functions\month-name\date.month-name.html --> ftp.exslt.org /www.exslt.org/public_html/month-name date.month-name.html
103.10.23 13:53 B C:\jakarta-tomcat-3.2.4\webapps\cocoon\exslt\date\functions\month-name\date.month-name.package.txt --> ftp.exslt.org /www.exslt.org/public_html/month-name date.month-name.package.txt
103.10.23 13:53 B C:\jakarta-tomcat-3.2.4\webapps\cocoon\exslt\date\functions\month-name\date.month-name.template.xsl --> ftp.exslt.org /www.exslt.org/public_html/month-name date.month-name.template.xsl
103.10.23 13:53 B C:\jakarta-tomcat-3.2.4\webapps\cocoon\exslt\date\functions\month-name\date.month-name.template.xsl.html --> ftp.exslt.org /www.exslt.org/public_html/month-name date.month-name.template.xsl.html
103.10.23 13:53 B C:\jakarta-tomcat-3.2.4\webapps\cocoon\exslt\date\functions\month-name\date.month-name.use-cases.txt --> ftp.exslt.org /www.exslt.org/public_html/month-name date.month-name.use-cases.txt
103.10.23 13:53 B C:\jakarta-tomcat-3.2.4\webapps\cocoon\exslt\date\functions\month-name\date.month-name.use-cases.zip --> ftp.exslt.org /www.exslt.org/public_html/month-name date.month-name.use-cases.zip
103.10.23 13:53 B C:\jakarta-tomcat-3.2.4\webapps\cocoon\exslt\date\functions\month-name\date.month-name.xml --> ftp.exslt.org /www.exslt.org/public_html/month-name date.month-name.xml
103.10.23 13:53 B C:\jakarta-tomcat-3.2.4\webapps\cocoon\exslt\date\functions\month-name\date.month-name.xsl --> ftp.exslt.org /www.exslt.org/public_html/month-name date.month-name.xsl
103.10.23 13:53 B C:\jakarta-tomcat-3.2.4\webapps\cocoon\exslt\date\functions\month-name\date.month-name.zip --> ftp.exslt.org /www.exslt.org/public_html/month-name date.month-name.zip
103.10.23 13:54 B C:\jakarta-tomcat-3.2.4\webapps\cocoon\exslt\date\functions\month-name\date.msxsl.xsl --> ftp.exslt.org /www.exslt.org/public_html/month-name date.msxsl.xsl
103.10.23 13:54 B C:\jakarta-tomcat-3.2.4\webapps\cocoon\exslt\date\functions\month-name\date.msxsl.xsl.html --> ftp.exslt.org /www.exslt.org/public_html/month-name date.msxsl.xsl.html
103.10.23 13:54 B C:\jakarta-tomcat-3.2.4\webapps\cocoon\exslt\date\functions\month-name\index.html --> ftp.exslt.org /www.exslt.org/public_html/month-name index.html
103.10.23 13:54 B C:\jakarta-tomcat-3.2.4\webapps\cocoon\exslt\date\functions\month-name\refresh.bat --> ftp.exslt.org /www.exslt.org/public_html/month-name refresh.bat
103.10.23 13:54 B C:\jakarta-tomcat-3.2.4\webapps\cocoon\exslt\date\functions\month-name\update.bat --> ftp.exslt.org /www.exslt.org/public_html/month-name update.bat
103.10.23 13:54 B C:\jakarta-tomcat-3.2.4\webapps\cocoon\exslt\date\functions\month-name\WS_FTP.LOG --> ftp.exslt.org /www.exslt.org/public_html/month-name WS_FTP.LOG
103.10.23 14:52 B C:\jakarta-tomcat-3.2.4\webapps\cocoon\exslt\date\functions\month-name\base.css --> ftp.exslt.org /www.exslt.org/public_html/date/functions/month-name base.css
103.10.23 14:52 B C:\jakarta-tomcat-3.2.4\webapps\cocoon\exslt\date\functions\month-name\date.js --> ftp.exslt.org /www.exslt.org/public_html/date/functions/month-name date.js
103.10.23 14:52 B C:\jakarta-tomcat-3.2.4\webapps\cocoon\exslt\date\functions\month-name\date.js.html --> ftp.exslt.org /www.exslt.org/public_html/date/functions/month-name date.js.html
103.10.23 14:52 B C:\jakarta-tomcat-3.2.4\webapps\cocoon\exslt\date\functions\month-name\date.month-name.1.html --> ftp.exslt.org /www.exslt.org/public_html/date/functions/month-name date.month-name.1.html
103.10.23 14:52 B C:\jakarta-tomcat-3.2.4\webapps\cocoon\exslt\date\functions\month-name\date.month-name.1.xml --> ftp.exslt.org /www.exslt.org/public_html/date/functions/month-name date.month-name.1.xml
103.10.23 14:52 B C:\jakarta-tomcat-3.2.4\webapps\cocoon\exslt\date\functions\month-name\date.month-name.2.html --> ftp.exslt.org /www.exslt.org/public_html/date/functions/month-name date.month-name.2.html
103.10.23 14:52 B C:\jakarta-tomcat-3.2.4\webapps\cocoon\exslt\date\functions\month-name\date.month-name.function.xsl --> ftp.exslt.org /www.exslt.org/public_html/date/functions/month-name date.month-name.function.xsl
103.10.23 14:53 B C:\jakarta-tomcat-3.2.4\webapps\cocoon\exslt\date\functions\month-name\date.month-name.function.xsl.html --> ftp.exslt.org /www.exslt.org/public_html/date/functions/month-name date.month-name.function.xsl.html
103.10.23 14:53 B C:\jakarta-tomcat-3.2.4\webapps\cocoon\exslt\date\functions\month-name\date.month-name.html --> ftp.exslt.org /www.exslt.org/public_html/date/functions/month-name date.month-name.html
103.10.23 14:53 B C:\jakarta-tomcat-3.2.4\webapps\cocoon\exslt\date\functions\month-name\date.month-name.package.txt --> ftp.exslt.org /www.exslt.org/public_html/date/functions/month-name date.month-name.package.txt
103.10.23 14:53 B C:\jakarta-tomcat-3.2.4\webapps\cocoon\exslt\date\functions\month-name\date.month-name.template.xsl --> ftp.exslt.org /www.exslt.org/public_html/date/functions/month-name date.month-name.template.xsl
103.10.23 14:53 B C:\jakarta-tomcat-3.2.4\webapps\cocoon\exslt\date\functions\month-name\date.month-name.template.xsl.html --> ftp.exslt.org /www.exslt.org/public_html/date/functions/month-name date.month-name.template.xsl.html
103.10.23 14:53 B C:\jakarta-tomcat-3.2.4\webapps\cocoon\exslt\date\functions\month-name\date.month-name.use-cases.txt --> ftp.exslt.org /www.exslt.org/public_html/date/functions/month-name date.month-name.use-cases.txt
103.10.23 14:53 B C:\jakarta-tomcat-3.2.4\webapps\cocoon\exslt\date\functions\month-name\date.month-name.use-cases.zip --> ftp.exslt.org /www.exslt.org/public_html/date/functions/month-name date.month-name.use-cases.zip
103.10.23 14:53 B C:\jakarta-tomcat-3.2.4\webapps\cocoon\exslt\date\functions\month-name\date.month-name.xml --> ftp.exslt.org /www.exslt.org/public_html/date/functions/month-name date.month-name.xml
103.10.23 14:53 B C:\jakarta-tomcat-3.2.4\webapps\cocoon\exslt\date\functions\month-name\date.month-name.xsl --> ftp.exslt.org /www.exslt.org/public_html/date/functions/month-name date.month-name.xsl
103.10.23 14:54 B C:\jakarta-tomcat-3.2.4\webapps\cocoon\exslt\date\functions\month-name\date.month-name.zip --> ftp.exslt.org /www.exslt.org/public_html/date/functions/month-name date.month-name.zip
103.10.23 14:54 B C:\jakarta-tomcat-3.2.4\webapps\cocoon\exslt\date\functions\month-name\date.msxsl.xsl --> ftp.exslt.org /www.exslt.org/public_html/date/functions/month-name date.msxsl.xsl
103.10.23 14:54 B C:\jakarta-tomcat-3.2.4\webapps\cocoon\exslt\date\functions\month-name\date.msxsl.xsl.html --> ftp.exslt.org /www.exslt.org/public_html/date/functions/month-name date.msxsl.xsl.html
103.10.23 14:54 B C:\jakarta-tomcat-3.2.4\webapps\cocoon\exslt\date\functions\month-name\index.html --> ftp.exslt.org /www.exslt.org/public_html/date/functions/month-name index.html
103.10.23 14:54 B C:\jakarta-tomcat-3.2.4\webapps\cocoon\exslt\date\functions\month-name\refresh.bat --> ftp.exslt.org /www.exslt.org/public_html/date/functions/month-name refresh.bat
103.10.23 14:54 B C:\jakarta-tomcat-3.2.4\webapps\cocoon\exslt\date\functions\month-name\update.bat --> ftp.exslt.org /www.exslt.org/public_html/date/functions/month-name update.bat
