102.12.02 12:34 B C:\jakarta-tomcat-3.2.4\webapps\cocoon\exslt\public_html\submissions\math\math\functions\round\math.round.1.xml <-- ftp.exslt.org /www.exslt.org/public_html/submissions/math/math/functions/round math.round.1.xml
102.12.02 12:34 B C:\jakarta-tomcat-3.2.4\webapps\cocoon\exslt\public_html\submissions\math\math\functions\round\math.round.1.xsl <-- ftp.exslt.org /www.exslt.org/public_html/submissions/math/math/functions/round math.round.1.xsl
102.12.02 12:34 B C:\jakarta-tomcat-3.2.4\webapps\cocoon\exslt\public_html\submissions\math\math\functions\round\math.round.javascript.submission.xml <-- ftp.exslt.org /www.exslt.org/public_html/submissions/math/math/functions/round math.round.javascript.submission.xml
102.12.02 12:34 B C:\jakarta-tomcat-3.2.4\webapps\cocoon\exslt\public_html\submissions\math\math\functions\round\math.round.js <-- ftp.exslt.org /www.exslt.org/public_html/submissions/math/math/functions/round math.round.js
102.12.02 12:34 B C:\jakarta-tomcat-3.2.4\webapps\cocoon\exslt\public_html\submissions\math\math\functions\round\math.round.msxslt.submission.xml <-- ftp.exslt.org /www.exslt.org/public_html/submissions/math/math/functions/round math.round.msxslt.submission.xml
102.12.02 12:34 B C:\jakarta-tomcat-3.2.4\webapps\cocoon\exslt\public_html\submissions\math\math\functions\round\math.round.msxslt.xsl <-- ftp.exslt.org /www.exslt.org/public_html/submissions/math/math/functions/round math.round.msxslt.xsl
102.12.02 12:34 B C:\jakarta-tomcat-3.2.4\webapps\cocoon\exslt\public_html\submissions\math\math\functions\round\math.round.submission.xml <-- ftp.exslt.org /www.exslt.org/public_html/submissions/math/math/functions/round math.round.submission.xml
102.12.02 12:34 B C:\jakarta-tomcat-3.2.4\webapps\cocoon\exslt\public_html\submissions\math\math\functions\round\math.round.xsl <-- ftp.exslt.org /www.exslt.org/public_html/submissions/math/math/functions/round math.round.xsl
102.12.03 11:16 B C:\jakarta-tomcat-3.2.4\webapps\cocoon\exslt\submissions\math\math\functions\round\math.round.1.xml --> ftp.exslt.org /www.exslt.org/public_html/submissions/math/math/functions/round math.round.1.xml
102.12.03 11:16 B C:\jakarta-tomcat-3.2.4\webapps\cocoon\exslt\submissions\math\math\functions\round\math.round.1.xsl --> ftp.exslt.org /www.exslt.org/public_html/submissions/math/math/functions/round math.round.1.xsl
102.12.03 11:16 B C:\jakarta-tomcat-3.2.4\webapps\cocoon\exslt\submissions\math\math\functions\round\math.round.javascript.submission.xml --> ftp.exslt.org /www.exslt.org/public_html/submissions/math/math/functions/round math.round.javascript.submission.xml
102.12.03 11:16 B C:\jakarta-tomcat-3.2.4\webapps\cocoon\exslt\submissions\math\math\functions\round\math.round.js --> ftp.exslt.org /www.exslt.org/public_html/submissions/math/math/functions/round math.round.js
102.12.03 11:16 B C:\jakarta-tomcat-3.2.4\webapps\cocoon\exslt\submissions\math\math\functions\round\math.round.msxslt.submission.xml --> ftp.exslt.org /www.exslt.org/public_html/submissions/math/math/functions/round math.round.msxslt.submission.xml
102.12.03 11:16 B C:\jakarta-tomcat-3.2.4\webapps\cocoon\exslt\submissions\math\math\functions\round\math.round.msxslt.xsl --> ftp.exslt.org /www.exslt.org/public_html/submissions/math/math/functions/round math.round.msxslt.xsl
102.12.03 11:16 B C:\jakarta-tomcat-3.2.4\webapps\cocoon\exslt\submissions\math\math\functions\round\math.round.submission.xml --> ftp.exslt.org /www.exslt.org/public_html/submissions/math/math/functions/round math.round.submission.xml
102.12.03 11:16 B C:\jakarta-tomcat-3.2.4\webapps\cocoon\exslt\submissions\math\math\functions\round\math.round.xsl --> ftp.exslt.org /www.exslt.org/public_html/submissions/math/math/functions/round math.round.xsl
102.12.03 11:16 B C:\jakarta-tomcat-3.2.4\webapps\cocoon\exslt\submissions\math\math\functions\round\WS_FTP.LOG --> ftp.exslt.org /www.exslt.org/public_html/submissions/math/math/functions/round WS_FTP.LOG
102.12.11 11:14 B C:\jakarta-tomcat-3.2.4\webapps\cocoon\exslt\submissions\math\math\functions\round\math.round.1.xml --> ftp.exslt.org /www.exslt.org/public_html/submissions/math/math/functions/round math.round.1.xml
102.12.11 11:14 B C:\jakarta-tomcat-3.2.4\webapps\cocoon\exslt\submissions\math\math\functions\round\math.round.1.xsl --> ftp.exslt.org /www.exslt.org/public_html/submissions/math/math/functions/round math.round.1.xsl
102.12.11 11:14 B C:\jakarta-tomcat-3.2.4\webapps\cocoon\exslt\submissions\math\math\functions\round\math.round.javascript.submission.xml --> ftp.exslt.org /www.exslt.org/public_html/submissions/math/math/functions/round math.round.javascript.submission.xml
102.12.11 11:14 B C:\jakarta-tomcat-3.2.4\webapps\cocoon\exslt\submissions\math\math\functions\round\math.round.js --> ftp.exslt.org /www.exslt.org/public_html/submissions/math/math/functions/round math.round.js
102.12.11 11:14 B C:\jakarta-tomcat-3.2.4\webapps\cocoon\exslt\submissions\math\math\functions\round\math.round.msxslt.submission.xml --> ftp.exslt.org /www.exslt.org/public_html/submissions/math/math/functions/round math.round.msxslt.submission.xml
102.12.11 11:14 B C:\jakarta-tomcat-3.2.4\webapps\cocoon\exslt\submissions\math\math\functions\round\math.round.msxslt.xsl --> ftp.exslt.org /www.exslt.org/public_html/submissions/math/math/functions/round math.round.msxslt.xsl
102.12.11 11:14 B C:\jakarta-tomcat-3.2.4\webapps\cocoon\exslt\submissions\math\math\functions\round\math.round.submission.xml --> ftp.exslt.org /www.exslt.org/public_html/submissions/math/math/functions/round math.round.submission.xml
102.12.11 11:14 B C:\jakarta-tomcat-3.2.4\webapps\cocoon\exslt\submissions\math\math\functions\round\math.round.xsl --> ftp.exslt.org /www.exslt.org/public_html/submissions/math/math/functions/round math.round.xsl
