102.08.21 17:32 B C:\jakarta-tomcat-3.2.4\webapps\cocoon\exslt\func\base.css --> ftp.exslt.org /www.exslt.org/public_html/func base.css
102.08.21 17:32 B C:\jakarta-tomcat-3.2.4\webapps\cocoon\exslt\func\func.1.xml --> ftp.exslt.org /www.exslt.org/public_html/func func.1.xml
102.08.21 17:32 B C:\jakarta-tomcat-3.2.4\webapps\cocoon\exslt\func\func.2.html --> ftp.exslt.org /www.exslt.org/public_html/func func.2.html
102.08.21 17:32 B C:\jakarta-tomcat-3.2.4\webapps\cocoon\exslt\func\func.html --> ftp.exslt.org /www.exslt.org/public_html/func func.html
102.08.21 17:32 B C:\jakarta-tomcat-3.2.4\webapps\cocoon\exslt\func\func.package.txt --> ftp.exslt.org /www.exslt.org/public_html/func func.package.txt
102.08.21 17:32 B C:\jakarta-tomcat-3.2.4\webapps\cocoon\exslt\func\func.xml --> ftp.exslt.org /www.exslt.org/public_html/func func.xml
102.08.21 17:32 B C:\jakarta-tomcat-3.2.4\webapps\cocoon\exslt\func\func.zip --> ftp.exslt.org /www.exslt.org/public_html/func func.zip
102.08.21 17:32 B C:\jakarta-tomcat-3.2.4\webapps\cocoon\exslt\func\index.html --> ftp.exslt.org /www.exslt.org/public_html/func index.html
102.08.21 17:32 B C:\jakarta-tomcat-3.2.4\webapps\cocoon\exslt\func\refresh.bat --> ftp.exslt.org /www.exslt.org/public_html/func refresh.bat
102.08.21 17:32 B C:\jakarta-tomcat-3.2.4\webapps\cocoon\exslt\func\update.bat --> ftp.exslt.org /www.exslt.org/public_html/func update.bat
102.11.19 13:15 B C:\jakarta-tomcat-3.2.4\webapps\cocoon\exslt\func\base.css --> ftp.exslt.org /www.exslt.org/public_html/func base.css
102.11.19 13:15 B C:\jakarta-tomcat-3.2.4\webapps\cocoon\exslt\func\func.1.xml --> ftp.exslt.org /www.exslt.org/public_html/func func.1.xml
102.11.19 13:15 B C:\jakarta-tomcat-3.2.4\webapps\cocoon\exslt\func\func.2.html --> ftp.exslt.org /www.exslt.org/public_html/func func.2.html
102.11.19 13:15 B C:\jakarta-tomcat-3.2.4\webapps\cocoon\exslt\func\func.html --> ftp.exslt.org /www.exslt.org/public_html/func func.html
102.11.19 13:15 B C:\jakarta-tomcat-3.2.4\webapps\cocoon\exslt\func\func.package.txt --> ftp.exslt.org /www.exslt.org/public_html/func func.package.txt
102.11.19 13:15 B C:\jakarta-tomcat-3.2.4\webapps\cocoon\exslt\func\func.xml --> ftp.exslt.org /www.exslt.org/public_html/func func.xml
102.11.19 13:15 B C:\jakarta-tomcat-3.2.4\webapps\cocoon\exslt\func\func.zip --> ftp.exslt.org /www.exslt.org/public_html/func func.zip
102.11.19 13:15 B C:\jakarta-tomcat-3.2.4\webapps\cocoon\exslt\func\index.html --> ftp.exslt.org /www.exslt.org/public_html/func index.html
102.11.19 13:15 B C:\jakarta-tomcat-3.2.4\webapps\cocoon\exslt\func\refresh.bat --> ftp.exslt.org /www.exslt.org/public_html/func refresh.bat
102.11.19 13:15 B C:\jakarta-tomcat-3.2.4\webapps\cocoon\exslt\func\update.bat --> ftp.exslt.org /www.exslt.org/public_html/func update.bat
102.11.19 13:15 B C:\jakarta-tomcat-3.2.4\webapps\cocoon\exslt\func\WS_FTP.LOG --> ftp.exslt.org /www.exslt.org/public_html/func WS_FTP.LOG
102.11.19 13:22 B C:\jakarta-tomcat-3.2.4\webapps\cocoon\exslt\func\base.css --> ftp.exslt.org /www.exslt.org/public_html/func base.css
102.11.19 13:22 B C:\jakarta-tomcat-3.2.4\webapps\cocoon\exslt\func\func.1.xml --> ftp.exslt.org /www.exslt.org/public_html/func func.1.xml
102.11.19 13:22 B C:\jakarta-tomcat-3.2.4\webapps\cocoon\exslt\func\func.2.html --> ftp.exslt.org /www.exslt.org/public_html/func func.2.html
102.11.19 13:22 B C:\jakarta-tomcat-3.2.4\webapps\cocoon\exslt\func\func.html --> ftp.exslt.org /www.exslt.org/public_html/func func.html
102.11.19 13:22 B C:\jakarta-tomcat-3.2.4\webapps\cocoon\exslt\func\func.package.txt --> ftp.exslt.org /www.exslt.org/public_html/func func.package.txt
102.11.19 13:22 B C:\jakarta-tomcat-3.2.4\webapps\cocoon\exslt\func\func.xml --> ftp.exslt.org /www.exslt.org/public_html/func func.xml
102.11.19 13:22 B C:\jakarta-tomcat-3.2.4\webapps\cocoon\exslt\func\func.zip --> ftp.exslt.org /www.exslt.org/public_html/func func.zip
102.11.19 13:22 B C:\jakarta-tomcat-3.2.4\webapps\cocoon\exslt\func\index.html --> ftp.exslt.org /www.exslt.org/public_html/func index.html
102.11.19 13:22 B C:\jakarta-tomcat-3.2.4\webapps\cocoon\exslt\func\refresh.bat --> ftp.exslt.org /www.exslt.org/public_html/func refresh.bat
102.11.19 13:22 B C:\jakarta-tomcat-3.2.4\webapps\cocoon\exslt\func\update.bat --> ftp.exslt.org /www.exslt.org/public_html/func update.bat
102.12.02 12:22 B C:\jakarta-tomcat-3.2.4\webapps\cocoon\exslt\public_html\func\WS_FTP.LOG <-- ftp.exslt.org /www.exslt.org/public_html/func WS_FTP.LOG
102.12.03 11:11 B C:\jakarta-tomcat-3.2.4\webapps\cocoon\exslt\func\base.css --> ftp.exslt.org /www.exslt.org/public_html/func base.css
102.12.03 11:11 B C:\jakarta-tomcat-3.2.4\webapps\cocoon\exslt\func\func.1.html --> ftp.exslt.org /www.exslt.org/public_html/func func.1.html
102.12.03 11:11 B C:\jakarta-tomcat-3.2.4\webapps\cocoon\exslt\func\func.1.xml --> ftp.exslt.org /www.exslt.org/public_html/func func.1.xml
102.12.03 11:11 B C:\jakarta-tomcat-3.2.4\webapps\cocoon\exslt\func\func.2.html --> ftp.exslt.org /www.exslt.org/public_html/func func.2.html
102.12.03 11:11 B C:\jakarta-tomcat-3.2.4\webapps\cocoon\exslt\func\func.html --> ftp.exslt.org /www.exslt.org/public_html/func func.html
102.12.03 11:11 B C:\jakarta-tomcat-3.2.4\webapps\cocoon\exslt\func\func.package.txt --> ftp.exslt.org /www.exslt.org/public_html/func func.package.txt
102.12.03 11:11 B C:\jakarta-tomcat-3.2.4\webapps\cocoon\exslt\func\func.xml --> ftp.exslt.org /www.exslt.org/public_html/func func.xml
102.12.03 11:11 B C:\jakarta-tomcat-3.2.4\webapps\cocoon\exslt\func\func.zip --> ftp.exslt.org /www.exslt.org/public_html/func func.zip
102.12.03 11:11 B C:\jakarta-tomcat-3.2.4\webapps\cocoon\exslt\func\index.html --> ftp.exslt.org /www.exslt.org/public_html/func index.html
102.12.03 11:11 B C:\jakarta-tomcat-3.2.4\webapps\cocoon\exslt\func\out.html --> ftp.exslt.org /www.exslt.org/public_html/func out.html
102.12.03 11:11 B C:\jakarta-tomcat-3.2.4\webapps\cocoon\exslt\func\refresh.bat --> ftp.exslt.org /www.exslt.org/public_html/func refresh.bat
102.12.03 11:11 B C:\jakarta-tomcat-3.2.4\webapps\cocoon\exslt\func\update.bat --> ftp.exslt.org /www.exslt.org/public_html/func update.bat
102.12.03 11:11 B C:\jakarta-tomcat-3.2.4\webapps\cocoon\exslt\func\WS_FTP.LOG --> ftp.exslt.org /www.exslt.org/public_html/func WS_FTP.LOG
102.12.11 11:05 B C:\jakarta-tomcat-3.2.4\webapps\cocoon\exslt\func\base.css --> ftp.exslt.org /www.exslt.org/public_html/func base.css
102.12.11 11:05 B C:\jakarta-tomcat-3.2.4\webapps\cocoon\exslt\func\func.1.html --> ftp.exslt.org /www.exslt.org/public_html/func func.1.html
102.12.11 11:05 B C:\jakarta-tomcat-3.2.4\webapps\cocoon\exslt\func\func.1.xml --> ftp.exslt.org /www.exslt.org/public_html/func func.1.xml
102.12.11 11:05 B C:\jakarta-tomcat-3.2.4\webapps\cocoon\exslt\func\func.2.html --> ftp.exslt.org /www.exslt.org/public_html/func func.2.html
102.12.11 11:05 B C:\jakarta-tomcat-3.2.4\webapps\cocoon\exslt\func\func.html --> ftp.exslt.org /www.exslt.org/public_html/func func.html
102.12.11 11:05 B C:\jakarta-tomcat-3.2.4\webapps\cocoon\exslt\func\func.package.txt --> ftp.exslt.org /www.exslt.org/public_html/func func.package.txt
102.12.11 11:05 B C:\jakarta-tomcat-3.2.4\webapps\cocoon\exslt\func\func.xml --> ftp.exslt.org /www.exslt.org/public_html/func func.xml
102.12.11 11:05 B C:\jakarta-tomcat-3.2.4\webapps\cocoon\exslt\func\func.zip --> ftp.exslt.org /www.exslt.org/public_html/func func.zip
102.12.11 11:05 B C:\jakarta-tomcat-3.2.4\webapps\cocoon\exslt\func\index.html --> ftp.exslt.org /www.exslt.org/public_html/func index.html
102.12.11 11:05 B C:\jakarta-tomcat-3.2.4\webapps\cocoon\exslt\func\out.html --> ftp.exslt.org /www.exslt.org/public_html/func out.html
102.12.11 11:05 B C:\jakarta-tomcat-3.2.4\webapps\cocoon\exslt\func\refresh.bat --> ftp.exslt.org /www.exslt.org/public_html/func refresh.bat
102.12.11 11:05 B C:\jakarta-tomcat-3.2.4\webapps\cocoon\exslt\func\update.bat --> ftp.exslt.org /www.exslt.org/public_html/func update.bat
103.09.29 15:37 B C:\jakarta-tomcat-3.2.4\webapps\cocoon\exslt\func\WS_FTP.LOG <-- ftp.exslt.org /www.exslt.org/public_html/func WS_FTP.LOG
103.10.21 13:07 B C:\jakarta-tomcat-3.2.4\webapps\cocoon\exslt\func\base.css --> marian.cs.nott.ac.uk /stud/pg/cds/exslt/func base.css
103.10.21 13:07 B C:\jakarta-tomcat-3.2.4\webapps\cocoon\exslt\func\func.1.html --> marian.cs.nott.ac.uk /stud/pg/cds/exslt/func func.1.html
103.10.21 13:07 B C:\jakarta-tomcat-3.2.4\webapps\cocoon\exslt\func\func.1.xml --> marian.cs.nott.ac.uk /stud/pg/cds/exslt/func func.1.xml
103.10.21 13:07 B C:\jakarta-tomcat-3.2.4\webapps\cocoon\exslt\func\func.2.html --> marian.cs.nott.ac.uk /stud/pg/cds/exslt/func func.2.html
103.10.21 13:07 B C:\jakarta-tomcat-3.2.4\webapps\cocoon\exslt\func\func.html --> marian.cs.nott.ac.uk /stud/pg/cds/exslt/func func.html
103.10.21 13:07 B C:\jakarta-tomcat-3.2.4\webapps\cocoon\exslt\func\func.package.txt --> marian.cs.nott.ac.uk /stud/pg/cds/exslt/func func.package.txt
103.10.21 13:07 B C:\jakarta-tomcat-3.2.4\webapps\cocoon\exslt\func\func.xml --> marian.cs.nott.ac.uk /stud/pg/cds/exslt/func func.xml
103.10.21 13:07 B C:\jakarta-tomcat-3.2.4\webapps\cocoon\exslt\func\func.zip --> marian.cs.nott.ac.uk /stud/pg/cds/exslt/func func.zip
103.10.21 13:07 B C:\jakarta-tomcat-3.2.4\webapps\cocoon\exslt\func\index.html --> marian.cs.nott.ac.uk /stud/pg/cds/exslt/func index.html
103.10.21 13:07 B C:\jakarta-tomcat-3.2.4\webapps\cocoon\exslt\func\out.html --> marian.cs.nott.ac.uk /stud/pg/cds/exslt/func out.html
103.10.21 13:07 B C:\jakarta-tomcat-3.2.4\webapps\cocoon\exslt\func\refresh.bat --> marian.cs.nott.ac.uk /stud/pg/cds/exslt/func refresh.bat
103.10.21 13:07 B C:\jakarta-tomcat-3.2.4\webapps\cocoon\exslt\func\update.bat --> marian.cs.nott.ac.uk /stud/pg/cds/exslt/func update.bat
103.10.21 13:07 B C:\jakarta-tomcat-3.2.4\webapps\cocoon\exslt\func\WS_FTP.LOG --> marian.cs.nott.ac.uk /stud/pg/cds/exslt/func WS_FTP.LOG
103.10.23 16:15 B C:\jakarta-tomcat-3.2.4\webapps\cocoon\exslt\func\base.css --> ftp.exslt.org /www.exslt.org/public_html/func base.css
103.10.23 16:15 B C:\jakarta-tomcat-3.2.4\webapps\cocoon\exslt\func\func.1.html --> ftp.exslt.org /www.exslt.org/public_html/func func.1.html
103.10.23 16:15 B C:\jakarta-tomcat-3.2.4\webapps\cocoon\exslt\func\func.1.xml --> ftp.exslt.org /www.exslt.org/public_html/func func.1.xml
103.10.23 16:15 B C:\jakarta-tomcat-3.2.4\webapps\cocoon\exslt\func\func.2.html --> ftp.exslt.org /www.exslt.org/public_html/func func.2.html
103.10.23 16:15 B C:\jakarta-tomcat-3.2.4\webapps\cocoon\exslt\func\func.html --> ftp.exslt.org /www.exslt.org/public_html/func func.html
103.10.23 16:15 B C:\jakarta-tomcat-3.2.4\webapps\cocoon\exslt\func\func.package.txt --> ftp.exslt.org /www.exslt.org/public_html/func func.package.txt
103.10.23 16:15 B C:\jakarta-tomcat-3.2.4\webapps\cocoon\exslt\func\func.xml --> ftp.exslt.org /www.exslt.org/public_html/func func.xml
103.10.23 16:15 B C:\jakarta-tomcat-3.2.4\webapps\cocoon\exslt\func\func.zip --> ftp.exslt.org /www.exslt.org/public_html/func func.zip
103.10.23 16:15 B C:\jakarta-tomcat-3.2.4\webapps\cocoon\exslt\func\index.html --> ftp.exslt.org /www.exslt.org/public_html/func index.html
103.10.23 16:15 B C:\jakarta-tomcat-3.2.4\webapps\cocoon\exslt\func\out.html --> ftp.exslt.org /www.exslt.org/public_html/func out.html
103.10.23 16:15 B C:\jakarta-tomcat-3.2.4\webapps\cocoon\exslt\func\refresh.bat --> ftp.exslt.org /www.exslt.org/public_html/func refresh.bat
103.10.23 16:15 B C:\jakarta-tomcat-3.2.4\webapps\cocoon\exslt\func\update.bat --> ftp.exslt.org /www.exslt.org/public_html/func update.bat
