102.08.21 17:32 B C:\jakarta-tomcat-3.2.4\webapps\cocoon\exslt\math\functions\power\base.css --> ftp.exslt.org /www.exslt.org/public_html/math/functions/power base.css
102.08.21 17:32 B C:\jakarta-tomcat-3.2.4\webapps\cocoon\exslt\math\functions\power\index.html --> ftp.exslt.org /www.exslt.org/public_html/math/functions/power index.html
102.08.21 17:32 B C:\jakarta-tomcat-3.2.4\webapps\cocoon\exslt\math\functions\power\math.power.1.html --> ftp.exslt.org /www.exslt.org/public_html/math/functions/power math.power.1.html
102.08.21 17:32 B C:\jakarta-tomcat-3.2.4\webapps\cocoon\exslt\math\functions\power\math.power.function.xsl --> ftp.exslt.org /www.exslt.org/public_html/math/functions/power math.power.function.xsl
102.08.21 17:32 B C:\jakarta-tomcat-3.2.4\webapps\cocoon\exslt\math\functions\power\math.power.function.xsl.html --> ftp.exslt.org /www.exslt.org/public_html/math/functions/power math.power.function.xsl.html
102.08.21 17:32 B C:\jakarta-tomcat-3.2.4\webapps\cocoon\exslt\math\functions\power\math.power.html --> ftp.exslt.org /www.exslt.org/public_html/math/functions/power math.power.html
102.08.21 17:32 B C:\jakarta-tomcat-3.2.4\webapps\cocoon\exslt\math\functions\power\math.power.js --> ftp.exslt.org /www.exslt.org/public_html/math/functions/power math.power.js
102.08.21 17:32 B C:\jakarta-tomcat-3.2.4\webapps\cocoon\exslt\math\functions\power\math.power.js.html --> ftp.exslt.org /www.exslt.org/public_html/math/functions/power math.power.js.html
102.08.21 17:32 B C:\jakarta-tomcat-3.2.4\webapps\cocoon\exslt\math\functions\power\math.power.msxsl.xsl --> ftp.exslt.org /www.exslt.org/public_html/math/functions/power math.power.msxsl.xsl
102.08.21 17:32 B C:\jakarta-tomcat-3.2.4\webapps\cocoon\exslt\math\functions\power\math.power.msxsl.xsl.html --> ftp.exslt.org /www.exslt.org/public_html/math/functions/power math.power.msxsl.xsl.html
102.08.21 17:32 B C:\jakarta-tomcat-3.2.4\webapps\cocoon\exslt\math\functions\power\math.power.package.txt --> ftp.exslt.org /www.exslt.org/public_html/math/functions/power math.power.package.txt
102.08.21 17:32 B C:\jakarta-tomcat-3.2.4\webapps\cocoon\exslt\math\functions\power\math.power.submission.xml --> ftp.exslt.org /www.exslt.org/public_html/math/functions/power math.power.submission.xml
102.08.21 17:32 B C:\jakarta-tomcat-3.2.4\webapps\cocoon\exslt\math\functions\power\math.power.template.submission.xml --> ftp.exslt.org /www.exslt.org/public_html/math/functions/power math.power.template.submission.xml
102.08.21 17:32 B C:\jakarta-tomcat-3.2.4\webapps\cocoon\exslt\math\functions\power\math.power.template.xsl --> ftp.exslt.org /www.exslt.org/public_html/math/functions/power math.power.template.xsl
102.08.21 17:32 B C:\jakarta-tomcat-3.2.4\webapps\cocoon\exslt\math\functions\power\math.power.use-cases.txt --> ftp.exslt.org /www.exslt.org/public_html/math/functions/power math.power.use-cases.txt
102.08.21 17:32 B C:\jakarta-tomcat-3.2.4\webapps\cocoon\exslt\math\functions\power\math.power.use-cases.zip --> ftp.exslt.org /www.exslt.org/public_html/math/functions/power math.power.use-cases.zip
102.08.21 17:32 B C:\jakarta-tomcat-3.2.4\webapps\cocoon\exslt\math\functions\power\math.power.xml --> ftp.exslt.org /www.exslt.org/public_html/math/functions/power math.power.xml
102.08.21 17:32 B C:\jakarta-tomcat-3.2.4\webapps\cocoon\exslt\math\functions\power\math.power.xsl --> ftp.exslt.org /www.exslt.org/public_html/math/functions/power math.power.xsl
102.08.21 17:32 B C:\jakarta-tomcat-3.2.4\webapps\cocoon\exslt\math\functions\power\math.power.zip --> ftp.exslt.org /www.exslt.org/public_html/math/functions/power math.power.zip
102.08.21 17:32 B C:\jakarta-tomcat-3.2.4\webapps\cocoon\exslt\math\functions\power\refresh.bat --> ftp.exslt.org /www.exslt.org/public_html/math/functions/power refresh.bat
102.08.21 17:32 B C:\jakarta-tomcat-3.2.4\webapps\cocoon\exslt\math\functions\power\update.bat --> ftp.exslt.org /www.exslt.org/public_html/math/functions/power update.bat
102.11.19 13:22 B C:\jakarta-tomcat-3.2.4\webapps\cocoon\exslt\math\functions\power\base.css --> ftp.exslt.org /www.exslt.org/public_html/math/functions/power base.css
102.11.19 13:22 B C:\jakarta-tomcat-3.2.4\webapps\cocoon\exslt\math\functions\power\index.html --> ftp.exslt.org /www.exslt.org/public_html/math/functions/power index.html
102.11.19 13:22 B C:\jakarta-tomcat-3.2.4\webapps\cocoon\exslt\math\functions\power\math.power.1.html --> ftp.exslt.org /www.exslt.org/public_html/math/functions/power math.power.1.html
102.11.19 13:22 B C:\jakarta-tomcat-3.2.4\webapps\cocoon\exslt\math\functions\power\math.power.function.xsl --> ftp.exslt.org /www.exslt.org/public_html/math/functions/power math.power.function.xsl
102.11.19 13:22 B C:\jakarta-tomcat-3.2.4\webapps\cocoon\exslt\math\functions\power\math.power.function.xsl.html --> ftp.exslt.org /www.exslt.org/public_html/math/functions/power math.power.function.xsl.html
102.11.19 13:22 B C:\jakarta-tomcat-3.2.4\webapps\cocoon\exslt\math\functions\power\math.power.html --> ftp.exslt.org /www.exslt.org/public_html/math/functions/power math.power.html
102.11.19 13:22 B C:\jakarta-tomcat-3.2.4\webapps\cocoon\exslt\math\functions\power\math.power.js --> ftp.exslt.org /www.exslt.org/public_html/math/functions/power math.power.js
102.11.19 13:22 B C:\jakarta-tomcat-3.2.4\webapps\cocoon\exslt\math\functions\power\math.power.js.html --> ftp.exslt.org /www.exslt.org/public_html/math/functions/power math.power.js.html
102.11.19 13:22 B C:\jakarta-tomcat-3.2.4\webapps\cocoon\exslt\math\functions\power\math.power.msxsl.xsl --> ftp.exslt.org /www.exslt.org/public_html/math/functions/power math.power.msxsl.xsl
102.11.19 13:22 B C:\jakarta-tomcat-3.2.4\webapps\cocoon\exslt\math\functions\power\math.power.msxsl.xsl.html --> ftp.exslt.org /www.exslt.org/public_html/math/functions/power math.power.msxsl.xsl.html
102.11.19 13:22 B C:\jakarta-tomcat-3.2.4\webapps\cocoon\exslt\math\functions\power\math.power.package.txt --> ftp.exslt.org /www.exslt.org/public_html/math/functions/power math.power.package.txt
102.11.19 13:22 B C:\jakarta-tomcat-3.2.4\webapps\cocoon\exslt\math\functions\power\math.power.submission.xml --> ftp.exslt.org /www.exslt.org/public_html/math/functions/power math.power.submission.xml
102.11.19 13:22 B C:\jakarta-tomcat-3.2.4\webapps\cocoon\exslt\math\functions\power\math.power.template.submission.xml --> ftp.exslt.org /www.exslt.org/public_html/math/functions/power math.power.template.submission.xml
102.11.19 13:22 B C:\jakarta-tomcat-3.2.4\webapps\cocoon\exslt\math\functions\power\math.power.template.xsl --> ftp.exslt.org /www.exslt.org/public_html/math/functions/power math.power.template.xsl
102.11.19 13:22 B C:\jakarta-tomcat-3.2.4\webapps\cocoon\exslt\math\functions\power\math.power.use-cases.txt --> ftp.exslt.org /www.exslt.org/public_html/math/functions/power math.power.use-cases.txt
102.11.19 13:22 B C:\jakarta-tomcat-3.2.4\webapps\cocoon\exslt\math\functions\power\math.power.use-cases.zip --> ftp.exslt.org /www.exslt.org/public_html/math/functions/power math.power.use-cases.zip
102.11.19 13:22 B C:\jakarta-tomcat-3.2.4\webapps\cocoon\exslt\math\functions\power\math.power.xml --> ftp.exslt.org /www.exslt.org/public_html/math/functions/power math.power.xml
102.11.19 13:22 B C:\jakarta-tomcat-3.2.4\webapps\cocoon\exslt\math\functions\power\math.power.xsl --> ftp.exslt.org /www.exslt.org/public_html/math/functions/power math.power.xsl
102.11.19 13:22 B C:\jakarta-tomcat-3.2.4\webapps\cocoon\exslt\math\functions\power\math.power.zip --> ftp.exslt.org /www.exslt.org/public_html/math/functions/power math.power.zip
102.11.19 13:22 B C:\jakarta-tomcat-3.2.4\webapps\cocoon\exslt\math\functions\power\refresh.bat --> ftp.exslt.org /www.exslt.org/public_html/math/functions/power refresh.bat
102.11.19 13:22 B C:\jakarta-tomcat-3.2.4\webapps\cocoon\exslt\math\functions\power\update.bat --> ftp.exslt.org /www.exslt.org/public_html/math/functions/power update.bat
102.11.19 13:22 B C:\jakarta-tomcat-3.2.4\webapps\cocoon\exslt\math\functions\power\WS_FTP.LOG --> ftp.exslt.org /www.exslt.org/public_html/math/functions/power WS_FTP.LOG
102.11.19 13:27 B C:\jakarta-tomcat-3.2.4\webapps\cocoon\exslt\math\functions\power\base.css --> ftp.exslt.org /www.exslt.org/public_html/math/functions/power base.css
102.11.19 13:27 B C:\jakarta-tomcat-3.2.4\webapps\cocoon\exslt\math\functions\power\index.html --> ftp.exslt.org /www.exslt.org/public_html/math/functions/power index.html
102.11.19 13:27 B C:\jakarta-tomcat-3.2.4\webapps\cocoon\exslt\math\functions\power\math.power.1.html --> ftp.exslt.org /www.exslt.org/public_html/math/functions/power math.power.1.html
102.11.19 13:27 B C:\jakarta-tomcat-3.2.4\webapps\cocoon\exslt\math\functions\power\math.power.function.xsl --> ftp.exslt.org /www.exslt.org/public_html/math/functions/power math.power.function.xsl
102.11.19 13:27 B C:\jakarta-tomcat-3.2.4\webapps\cocoon\exslt\math\functions\power\math.power.function.xsl.html --> ftp.exslt.org /www.exslt.org/public_html/math/functions/power math.power.function.xsl.html
102.11.19 13:27 B C:\jakarta-tomcat-3.2.4\webapps\cocoon\exslt\math\functions\power\math.power.html --> ftp.exslt.org /www.exslt.org/public_html/math/functions/power math.power.html
102.11.19 13:27 B C:\jakarta-tomcat-3.2.4\webapps\cocoon\exslt\math\functions\power\math.power.js --> ftp.exslt.org /www.exslt.org/public_html/math/functions/power math.power.js
102.11.19 13:27 B C:\jakarta-tomcat-3.2.4\webapps\cocoon\exslt\math\functions\power\math.power.js.html --> ftp.exslt.org /www.exslt.org/public_html/math/functions/power math.power.js.html
102.11.19 13:27 B C:\jakarta-tomcat-3.2.4\webapps\cocoon\exslt\math\functions\power\math.power.msxsl.xsl --> ftp.exslt.org /www.exslt.org/public_html/math/functions/power math.power.msxsl.xsl
102.11.19 13:27 B C:\jakarta-tomcat-3.2.4\webapps\cocoon\exslt\math\functions\power\math.power.msxsl.xsl.html --> ftp.exslt.org /www.exslt.org/public_html/math/functions/power math.power.msxsl.xsl.html
102.11.19 13:27 B C:\jakarta-tomcat-3.2.4\webapps\cocoon\exslt\math\functions\power\math.power.package.txt --> ftp.exslt.org /www.exslt.org/public_html/math/functions/power math.power.package.txt
102.11.19 13:27 B C:\jakarta-tomcat-3.2.4\webapps\cocoon\exslt\math\functions\power\math.power.submission.xml --> ftp.exslt.org /www.exslt.org/public_html/math/functions/power math.power.submission.xml
102.11.19 13:27 B C:\jakarta-tomcat-3.2.4\webapps\cocoon\exslt\math\functions\power\math.power.template.submission.xml --> ftp.exslt.org /www.exslt.org/public_html/math/functions/power math.power.template.submission.xml
102.11.19 13:27 B C:\jakarta-tomcat-3.2.4\webapps\cocoon\exslt\math\functions\power\math.power.template.xsl --> ftp.exslt.org /www.exslt.org/public_html/math/functions/power math.power.template.xsl
102.11.19 13:27 B C:\jakarta-tomcat-3.2.4\webapps\cocoon\exslt\math\functions\power\math.power.use-cases.txt --> ftp.exslt.org /www.exslt.org/public_html/math/functions/power math.power.use-cases.txt
102.11.19 13:27 B C:\jakarta-tomcat-3.2.4\webapps\cocoon\exslt\math\functions\power\math.power.use-cases.zip --> ftp.exslt.org /www.exslt.org/public_html/math/functions/power math.power.use-cases.zip
102.11.19 13:27 B C:\jakarta-tomcat-3.2.4\webapps\cocoon\exslt\math\functions\power\math.power.xml --> ftp.exslt.org /www.exslt.org/public_html/math/functions/power math.power.xml
102.11.19 13:27 B C:\jakarta-tomcat-3.2.4\webapps\cocoon\exslt\math\functions\power\math.power.xsl --> ftp.exslt.org /www.exslt.org/public_html/math/functions/power math.power.xsl
102.11.19 13:27 B C:\jakarta-tomcat-3.2.4\webapps\cocoon\exslt\math\functions\power\math.power.zip --> ftp.exslt.org /www.exslt.org/public_html/math/functions/power math.power.zip
102.11.19 13:27 B C:\jakarta-tomcat-3.2.4\webapps\cocoon\exslt\math\functions\power\refresh.bat --> ftp.exslt.org /www.exslt.org/public_html/math/functions/power refresh.bat
102.11.19 13:27 B C:\jakarta-tomcat-3.2.4\webapps\cocoon\exslt\math\functions\power\update.bat --> ftp.exslt.org /www.exslt.org/public_html/math/functions/power update.bat
102.12.02 12:32 B C:\jakarta-tomcat-3.2.4\webapps\cocoon\exslt\public_html\math\functions\power\WS_FTP.LOG <-- ftp.exslt.org /www.exslt.org/public_html/math/functions/power WS_FTP.LOG
102.12.03 11:12 B C:\jakarta-tomcat-3.2.4\webapps\cocoon\exslt\math\functions\power\base.css --> ftp.exslt.org /www.exslt.org/public_html/math/functions/power base.css
102.12.03 11:12 B C:\jakarta-tomcat-3.2.4\webapps\cocoon\exslt\math\functions\power\index.html --> ftp.exslt.org /www.exslt.org/public_html/math/functions/power index.html
102.12.03 11:12 B C:\jakarta-tomcat-3.2.4\webapps\cocoon\exslt\math\functions\power\math.power.1.html --> ftp.exslt.org /www.exslt.org/public_html/math/functions/power math.power.1.html
102.12.03 11:12 B C:\jakarta-tomcat-3.2.4\webapps\cocoon\exslt\math\functions\power\math.power.1.xml --> ftp.exslt.org /www.exslt.org/public_html/math/functions/power math.power.1.xml
102.12.03 11:12 B C:\jakarta-tomcat-3.2.4\webapps\cocoon\exslt\math\functions\power\math.power.1.xsl --> ftp.exslt.org /www.exslt.org/public_html/math/functions/power math.power.1.xsl
102.12.03 11:12 B C:\jakarta-tomcat-3.2.4\webapps\cocoon\exslt\math\functions\power\math.power.function.xsl --> ftp.exslt.org /www.exslt.org/public_html/math/functions/power math.power.function.xsl
102.12.03 11:12 B C:\jakarta-tomcat-3.2.4\webapps\cocoon\exslt\math\functions\power\math.power.function.xsl.html --> ftp.exslt.org /www.exslt.org/public_html/math/functions/power math.power.function.xsl.html
102.12.03 11:12 B C:\jakarta-tomcat-3.2.4\webapps\cocoon\exslt\math\functions\power\math.power.html --> ftp.exslt.org /www.exslt.org/public_html/math/functions/power math.power.html
102.12.03 11:12 B C:\jakarta-tomcat-3.2.4\webapps\cocoon\exslt\math\functions\power\math.power.js --> ftp.exslt.org /www.exslt.org/public_html/math/functions/power math.power.js
102.12.03 11:12 B C:\jakarta-tomcat-3.2.4\webapps\cocoon\exslt\math\functions\power\math.power.js.html --> ftp.exslt.org /www.exslt.org/public_html/math/functions/power math.power.js.html
102.12.03 11:12 B C:\jakarta-tomcat-3.2.4\webapps\cocoon\exslt\math\functions\power\math.power.msxsl.xsl --> ftp.exslt.org /www.exslt.org/public_html/math/functions/power math.power.msxsl.xsl
102.12.03 11:12 B C:\jakarta-tomcat-3.2.4\webapps\cocoon\exslt\math\functions\power\math.power.msxsl.xsl.html --> ftp.exslt.org /www.exslt.org/public_html/math/functions/power math.power.msxsl.xsl.html
102.12.03 11:12 B C:\jakarta-tomcat-3.2.4\webapps\cocoon\exslt\math\functions\power\math.power.package.txt --> ftp.exslt.org /www.exslt.org/public_html/math/functions/power math.power.package.txt
102.12.03 11:12 B C:\jakarta-tomcat-3.2.4\webapps\cocoon\exslt\math\functions\power\math.power.submission.xml --> ftp.exslt.org /www.exslt.org/public_html/math/functions/power math.power.submission.xml
102.12.03 11:12 B C:\jakarta-tomcat-3.2.4\webapps\cocoon\exslt\math\functions\power\math.power.template.submission.xml --> ftp.exslt.org /www.exslt.org/public_html/math/functions/power math.power.template.submission.xml
102.12.03 11:12 B C:\jakarta-tomcat-3.2.4\webapps\cocoon\exslt\math\functions\power\math.power.template.xsl --> ftp.exslt.org /www.exslt.org/public_html/math/functions/power math.power.template.xsl
102.12.03 11:12 B C:\jakarta-tomcat-3.2.4\webapps\cocoon\exslt\math\functions\power\math.power.use-cases.txt --> ftp.exslt.org /www.exslt.org/public_html/math/functions/power math.power.use-cases.txt
102.12.03 11:12 B C:\jakarta-tomcat-3.2.4\webapps\cocoon\exslt\math\functions\power\math.power.use-cases.zip --> ftp.exslt.org /www.exslt.org/public_html/math/functions/power math.power.use-cases.zip
102.12.03 11:12 B C:\jakarta-tomcat-3.2.4\webapps\cocoon\exslt\math\functions\power\math.power.xml --> ftp.exslt.org /www.exslt.org/public_html/math/functions/power math.power.xml
102.12.03 11:12 B C:\jakarta-tomcat-3.2.4\webapps\cocoon\exslt\math\functions\power\math.power.xsl --> ftp.exslt.org /www.exslt.org/public_html/math/functions/power math.power.xsl
102.12.03 11:12 B C:\jakarta-tomcat-3.2.4\webapps\cocoon\exslt\math\functions\power\math.power.zip --> ftp.exslt.org /www.exslt.org/public_html/math/functions/power math.power.zip
102.12.03 11:12 B C:\jakarta-tomcat-3.2.4\webapps\cocoon\exslt\math\functions\power\out.html --> ftp.exslt.org /www.exslt.org/public_html/math/functions/power out.html
102.12.03 11:12 B C:\jakarta-tomcat-3.2.4\webapps\cocoon\exslt\math\functions\power\refresh.bat --> ftp.exslt.org /www.exslt.org/public_html/math/functions/power refresh.bat
102.12.03 11:12 B C:\jakarta-tomcat-3.2.4\webapps\cocoon\exslt\math\functions\power\update.bat --> ftp.exslt.org /www.exslt.org/public_html/math/functions/power update.bat
102.12.03 11:12 B C:\jakarta-tomcat-3.2.4\webapps\cocoon\exslt\math\functions\power\WS_FTP.LOG --> ftp.exslt.org /www.exslt.org/public_html/math/functions/power WS_FTP.LOG
102.12.11 11:06 B C:\jakarta-tomcat-3.2.4\webapps\cocoon\exslt\math\functions\power\base.css --> ftp.exslt.org /www.exslt.org/public_html/math/functions/power base.css
102.12.11 11:06 B C:\jakarta-tomcat-3.2.4\webapps\cocoon\exslt\math\functions\power\index.html --> ftp.exslt.org /www.exslt.org/public_html/math/functions/power index.html
102.12.11 11:06 B C:\jakarta-tomcat-3.2.4\webapps\cocoon\exslt\math\functions\power\math.power.1.html --> ftp.exslt.org /www.exslt.org/public_html/math/functions/power math.power.1.html
102.12.11 11:06 B C:\jakarta-tomcat-3.2.4\webapps\cocoon\exslt\math\functions\power\math.power.1.xml --> ftp.exslt.org /www.exslt.org/public_html/math/functions/power math.power.1.xml
102.12.11 11:06 B C:\jakarta-tomcat-3.2.4\webapps\cocoon\exslt\math\functions\power\math.power.1.xsl --> ftp.exslt.org /www.exslt.org/public_html/math/functions/power math.power.1.xsl
102.12.11 11:06 B C:\jakarta-tomcat-3.2.4\webapps\cocoon\exslt\math\functions\power\math.power.function.xsl --> ftp.exslt.org /www.exslt.org/public_html/math/functions/power math.power.function.xsl
102.12.11 11:06 B C:\jakarta-tomcat-3.2.4\webapps\cocoon\exslt\math\functions\power\math.power.function.xsl.html --> ftp.exslt.org /www.exslt.org/public_html/math/functions/power math.power.function.xsl.html
102.12.11 11:06 B C:\jakarta-tomcat-3.2.4\webapps\cocoon\exslt\math\functions\power\math.power.html --> ftp.exslt.org /www.exslt.org/public_html/math/functions/power math.power.html
102.12.11 11:06 B C:\jakarta-tomcat-3.2.4\webapps\cocoon\exslt\math\functions\power\math.power.js --> ftp.exslt.org /www.exslt.org/public_html/math/functions/power math.power.js
102.12.11 11:06 B C:\jakarta-tomcat-3.2.4\webapps\cocoon\exslt\math\functions\power\math.power.js.html --> ftp.exslt.org /www.exslt.org/public_html/math/functions/power math.power.js.html
102.12.11 11:06 B C:\jakarta-tomcat-3.2.4\webapps\cocoon\exslt\math\functions\power\math.power.msxsl.xsl --> ftp.exslt.org /www.exslt.org/public_html/math/functions/power math.power.msxsl.xsl
102.12.11 11:06 B C:\jakarta-tomcat-3.2.4\webapps\cocoon\exslt\math\functions\power\math.power.msxsl.xsl.html --> ftp.exslt.org /www.exslt.org/public_html/math/functions/power math.power.msxsl.xsl.html
102.12.11 11:06 B C:\jakarta-tomcat-3.2.4\webapps\cocoon\exslt\math\functions\power\math.power.package.txt --> ftp.exslt.org /www.exslt.org/public_html/math/functions/power math.power.package.txt
102.12.11 11:06 B C:\jakarta-tomcat-3.2.4\webapps\cocoon\exslt\math\functions\power\math.power.submission.xml --> ftp.exslt.org /www.exslt.org/public_html/math/functions/power math.power.submission.xml
102.12.11 11:06 B C:\jakarta-tomcat-3.2.4\webapps\cocoon\exslt\math\functions\power\math.power.template.submission.xml --> ftp.exslt.org /www.exslt.org/public_html/math/functions/power math.power.template.submission.xml
102.12.11 11:06 B C:\jakarta-tomcat-3.2.4\webapps\cocoon\exslt\math\functions\power\math.power.template.xsl --> ftp.exslt.org /www.exslt.org/public_html/math/functions/power math.power.template.xsl
102.12.11 11:06 B C:\jakarta-tomcat-3.2.4\webapps\cocoon\exslt\math\functions\power\math.power.use-cases.txt --> ftp.exslt.org /www.exslt.org/public_html/math/functions/power math.power.use-cases.txt
102.12.11 11:06 B C:\jakarta-tomcat-3.2.4\webapps\cocoon\exslt\math\functions\power\math.power.use-cases.zip --> ftp.exslt.org /www.exslt.org/public_html/math/functions/power math.power.use-cases.zip
102.12.11 11:06 B C:\jakarta-tomcat-3.2.4\webapps\cocoon\exslt\math\functions\power\math.power.xml --> ftp.exslt.org /www.exslt.org/public_html/math/functions/power math.power.xml
102.12.11 11:06 B C:\jakarta-tomcat-3.2.4\webapps\cocoon\exslt\math\functions\power\math.power.xsl --> ftp.exslt.org /www.exslt.org/public_html/math/functions/power math.power.xsl
102.12.11 11:06 B C:\jakarta-tomcat-3.2.4\webapps\cocoon\exslt\math\functions\power\math.power.zip --> ftp.exslt.org /www.exslt.org/public_html/math/functions/power math.power.zip
102.12.11 11:06 B C:\jakarta-tomcat-3.2.4\webapps\cocoon\exslt\math\functions\power\out.html --> ftp.exslt.org /www.exslt.org/public_html/math/functions/power out.html
102.12.11 11:06 B C:\jakarta-tomcat-3.2.4\webapps\cocoon\exslt\math\functions\power\refresh.bat --> ftp.exslt.org /www.exslt.org/public_html/math/functions/power refresh.bat
102.12.11 11:06 B C:\jakarta-tomcat-3.2.4\webapps\cocoon\exslt\math\functions\power\update.bat --> ftp.exslt.org /www.exslt.org/public_html/math/functions/power update.bat
103.03.03 16:49 B C:\jakarta-tomcat-3.2.4\webapps\cocoon\exslt\math\functions\power\WS_FTP.LOG <-- ftp.exslt.org /www.exslt.org/public_html/math/functions/power WS_FTP.LOG
103.03.03 17:12 B C:\jakarta-tomcat-3.2.4\webapps\cocoon\exslt\math\functions\power\base.css --> ftp.exslt.org /www.exslt.org/public_html/math/functions/power base.css
103.03.03 17:12 B C:\jakarta-tomcat-3.2.4\webapps\cocoon\exslt\math\functions\power\index.html --> ftp.exslt.org /www.exslt.org/public_html/math/functions/power index.html
103.03.03 17:12 B C:\jakarta-tomcat-3.2.4\webapps\cocoon\exslt\math\functions\power\math.power.1.html --> ftp.exslt.org /www.exslt.org/public_html/math/functions/power math.power.1.html
103.03.03 17:12 B C:\jakarta-tomcat-3.2.4\webapps\cocoon\exslt\math\functions\power\math.power.1.xml --> ftp.exslt.org /www.exslt.org/public_html/math/functions/power math.power.1.xml
103.03.03 17:12 B C:\jakarta-tomcat-3.2.4\webapps\cocoon\exslt\math\functions\power\math.power.1.xsl --> ftp.exslt.org /www.exslt.org/public_html/math/functions/power math.power.1.xsl
103.03.03 17:12 B C:\jakarta-tomcat-3.2.4\webapps\cocoon\exslt\math\functions\power\math.power.function.xsl --> ftp.exslt.org /www.exslt.org/public_html/math/functions/power math.power.function.xsl
103.03.03 17:12 B C:\jakarta-tomcat-3.2.4\webapps\cocoon\exslt\math\functions\power\math.power.function.xsl.html --> ftp.exslt.org /www.exslt.org/public_html/math/functions/power math.power.function.xsl.html
103.03.03 17:12 B C:\jakarta-tomcat-3.2.4\webapps\cocoon\exslt\math\functions\power\math.power.html --> ftp.exslt.org /www.exslt.org/public_html/math/functions/power math.power.html
103.03.03 17:12 B C:\jakarta-tomcat-3.2.4\webapps\cocoon\exslt\math\functions\power\math.power.js --> ftp.exslt.org /www.exslt.org/public_html/math/functions/power math.power.js
103.03.03 17:12 B C:\jakarta-tomcat-3.2.4\webapps\cocoon\exslt\math\functions\power\math.power.js.html --> ftp.exslt.org /www.exslt.org/public_html/math/functions/power math.power.js.html
103.03.03 17:12 B C:\jakarta-tomcat-3.2.4\webapps\cocoon\exslt\math\functions\power\math.power.msxsl.xsl --> ftp.exslt.org /www.exslt.org/public_html/math/functions/power math.power.msxsl.xsl
103.03.03 17:12 B C:\jakarta-tomcat-3.2.4\webapps\cocoon\exslt\math\functions\power\math.power.msxsl.xsl.html --> ftp.exslt.org /www.exslt.org/public_html/math/functions/power math.power.msxsl.xsl.html
103.03.03 17:12 B C:\jakarta-tomcat-3.2.4\webapps\cocoon\exslt\math\functions\power\math.power.package.txt --> ftp.exslt.org /www.exslt.org/public_html/math/functions/power math.power.package.txt
103.03.03 17:12 B C:\jakarta-tomcat-3.2.4\webapps\cocoon\exslt\math\functions\power\math.power.submission.xml --> ftp.exslt.org /www.exslt.org/public_html/math/functions/power math.power.submission.xml
103.03.03 17:12 B C:\jakarta-tomcat-3.2.4\webapps\cocoon\exslt\math\functions\power\math.power.template.submission.xml --> ftp.exslt.org /www.exslt.org/public_html/math/functions/power math.power.template.submission.xml
103.03.03 17:12 B C:\jakarta-tomcat-3.2.4\webapps\cocoon\exslt\math\functions\power\math.power.template.xsl --> ftp.exslt.org /www.exslt.org/public_html/math/functions/power math.power.template.xsl
103.03.03 17:12 B C:\jakarta-tomcat-3.2.4\webapps\cocoon\exslt\math\functions\power\math.power.template.xsl.html --> ftp.exslt.org /www.exslt.org/public_html/math/functions/power math.power.template.xsl.html
103.03.03 17:12 B C:\jakarta-tomcat-3.2.4\webapps\cocoon\exslt\math\functions\power\math.power.use-cases.txt --> ftp.exslt.org /www.exslt.org/public_html/math/functions/power math.power.use-cases.txt
103.03.03 17:12 B C:\jakarta-tomcat-3.2.4\webapps\cocoon\exslt\math\functions\power\math.power.use-cases.zip --> ftp.exslt.org /www.exslt.org/public_html/math/functions/power math.power.use-cases.zip
103.03.03 17:12 B C:\jakarta-tomcat-3.2.4\webapps\cocoon\exslt\math\functions\power\math.power.xml --> ftp.exslt.org /www.exslt.org/public_html/math/functions/power math.power.xml
103.03.03 17:12 B C:\jakarta-tomcat-3.2.4\webapps\cocoon\exslt\math\functions\power\math.power.xsl --> ftp.exslt.org /www.exslt.org/public_html/math/functions/power math.power.xsl
103.03.03 17:12 B C:\jakarta-tomcat-3.2.4\webapps\cocoon\exslt\math\functions\power\math.power.zip --> ftp.exslt.org /www.exslt.org/public_html/math/functions/power math.power.zip
103.03.03 17:12 B C:\jakarta-tomcat-3.2.4\webapps\cocoon\exslt\math\functions\power\out.html --> ftp.exslt.org /www.exslt.org/public_html/math/functions/power out.html
103.03.03 17:12 B C:\jakarta-tomcat-3.2.4\webapps\cocoon\exslt\math\functions\power\refresh.bat --> ftp.exslt.org /www.exslt.org/public_html/math/functions/power refresh.bat
103.03.03 17:12 B C:\jakarta-tomcat-3.2.4\webapps\cocoon\exslt\math\functions\power\update.bat --> ftp.exslt.org /www.exslt.org/public_html/math/functions/power update.bat
103.09.29 15:47 B C:\jakarta-tomcat-3.2.4\webapps\cocoon\exslt\math\functions\power\WS_FTP.LOG <-- ftp.exslt.org /www.exslt.org/public_html/math/functions/power WS_FTP.LOG
103.10.21 13:09 B C:\jakarta-tomcat-3.2.4\webapps\cocoon\exslt\math\functions\power\base.css --> marian.cs.nott.ac.uk /stud/pg/cds/exslt/math/functions/power base.css
103.10.21 13:09 B C:\jakarta-tomcat-3.2.4\webapps\cocoon\exslt\math\functions\power\index.html --> marian.cs.nott.ac.uk /stud/pg/cds/exslt/math/functions/power index.html
103.10.21 13:09 B C:\jakarta-tomcat-3.2.4\webapps\cocoon\exslt\math\functions\power\math.power.1.html --> marian.cs.nott.ac.uk /stud/pg/cds/exslt/math/functions/power math.power.1.html
103.10.21 13:09 B C:\jakarta-tomcat-3.2.4\webapps\cocoon\exslt\math\functions\power\math.power.1.xml --> marian.cs.nott.ac.uk /stud/pg/cds/exslt/math/functions/power math.power.1.xml
103.10.21 13:09 B C:\jakarta-tomcat-3.2.4\webapps\cocoon\exslt\math\functions\power\math.power.1.xsl --> marian.cs.nott.ac.uk /stud/pg/cds/exslt/math/functions/power math.power.1.xsl
103.10.21 13:09 B C:\jakarta-tomcat-3.2.4\webapps\cocoon\exslt\math\functions\power\math.power.function.xsl --> marian.cs.nott.ac.uk /stud/pg/cds/exslt/math/functions/power math.power.function.xsl
103.10.21 13:09 B C:\jakarta-tomcat-3.2.4\webapps\cocoon\exslt\math\functions\power\math.power.function.xsl.html --> marian.cs.nott.ac.uk /stud/pg/cds/exslt/math/functions/power math.power.function.xsl.html
103.10.21 13:09 B C:\jakarta-tomcat-3.2.4\webapps\cocoon\exslt\math\functions\power\math.power.html --> marian.cs.nott.ac.uk /stud/pg/cds/exslt/math/functions/power math.power.html
103.10.21 13:09 B C:\jakarta-tomcat-3.2.4\webapps\cocoon\exslt\math\functions\power\math.power.js --> marian.cs.nott.ac.uk /stud/pg/cds/exslt/math/functions/power math.power.js
103.10.21 13:09 B C:\jakarta-tomcat-3.2.4\webapps\cocoon\exslt\math\functions\power\math.power.js.html --> marian.cs.nott.ac.uk /stud/pg/cds/exslt/math/functions/power math.power.js.html
103.10.21 13:09 B C:\jakarta-tomcat-3.2.4\webapps\cocoon\exslt\math\functions\power\math.power.msxsl.xsl --> marian.cs.nott.ac.uk /stud/pg/cds/exslt/math/functions/power math.power.msxsl.xsl
103.10.21 13:09 B C:\jakarta-tomcat-3.2.4\webapps\cocoon\exslt\math\functions\power\math.power.msxsl.xsl.html --> marian.cs.nott.ac.uk /stud/pg/cds/exslt/math/functions/power math.power.msxsl.xsl.html
103.10.21 13:09 B C:\jakarta-tomcat-3.2.4\webapps\cocoon\exslt\math\functions\power\math.power.package.txt --> marian.cs.nott.ac.uk /stud/pg/cds/exslt/math/functions/power math.power.package.txt
103.10.21 13:09 B C:\jakarta-tomcat-3.2.4\webapps\cocoon\exslt\math\functions\power\math.power.submission.xml --> marian.cs.nott.ac.uk /stud/pg/cds/exslt/math/functions/power math.power.submission.xml
103.10.21 13:09 B C:\jakarta-tomcat-3.2.4\webapps\cocoon\exslt\math\functions\power\math.power.template.submission.xml --> marian.cs.nott.ac.uk /stud/pg/cds/exslt/math/functions/power math.power.template.submission.xml
103.10.21 13:09 B C:\jakarta-tomcat-3.2.4\webapps\cocoon\exslt\math\functions\power\math.power.template.xsl --> marian.cs.nott.ac.uk /stud/pg/cds/exslt/math/functions/power math.power.template.xsl
103.10.21 13:09 B C:\jakarta-tomcat-3.2.4\webapps\cocoon\exslt\math\functions\power\math.power.template.xsl.html --> marian.cs.nott.ac.uk /stud/pg/cds/exslt/math/functions/power math.power.template.xsl.html
103.10.21 13:09 B C:\jakarta-tomcat-3.2.4\webapps\cocoon\exslt\math\functions\power\math.power.use-cases.txt --> marian.cs.nott.ac.uk /stud/pg/cds/exslt/math/functions/power math.power.use-cases.txt
103.10.21 13:09 B C:\jakarta-tomcat-3.2.4\webapps\cocoon\exslt\math\functions\power\math.power.use-cases.zip --> marian.cs.nott.ac.uk /stud/pg/cds/exslt/math/functions/power math.power.use-cases.zip
103.10.21 13:09 B C:\jakarta-tomcat-3.2.4\webapps\cocoon\exslt\math\functions\power\math.power.xml --> marian.cs.nott.ac.uk /stud/pg/cds/exslt/math/functions/power math.power.xml
103.10.21 13:09 B C:\jakarta-tomcat-3.2.4\webapps\cocoon\exslt\math\functions\power\math.power.xsl --> marian.cs.nott.ac.uk /stud/pg/cds/exslt/math/functions/power math.power.xsl
103.10.21 13:09 B C:\jakarta-tomcat-3.2.4\webapps\cocoon\exslt\math\functions\power\math.power.zip --> marian.cs.nott.ac.uk /stud/pg/cds/exslt/math/functions/power math.power.zip
103.10.21 13:09 B C:\jakarta-tomcat-3.2.4\webapps\cocoon\exslt\math\functions\power\out.html --> marian.cs.nott.ac.uk /stud/pg/cds/exslt/math/functions/power out.html
103.10.21 13:09 B C:\jakarta-tomcat-3.2.4\webapps\cocoon\exslt\math\functions\power\refresh.bat --> marian.cs.nott.ac.uk /stud/pg/cds/exslt/math/functions/power refresh.bat
103.10.21 13:09 B C:\jakarta-tomcat-3.2.4\webapps\cocoon\exslt\math\functions\power\update.bat --> marian.cs.nott.ac.uk /stud/pg/cds/exslt/math/functions/power update.bat
103.10.21 13:09 B C:\jakarta-tomcat-3.2.4\webapps\cocoon\exslt\math\functions\power\WS_FTP.LOG --> marian.cs.nott.ac.uk /stud/pg/cds/exslt/math/functions/power WS_FTP.LOG
103.10.23 16:44 B C:\jakarta-tomcat-3.2.4\webapps\cocoon\exslt\math\functions\power\base.css --> ftp.exslt.org /www.exslt.org/public_html/math/functions/power base.css
103.10.23 16:44 B C:\jakarta-tomcat-3.2.4\webapps\cocoon\exslt\math\functions\power\index.html --> ftp.exslt.org /www.exslt.org/public_html/math/functions/power index.html
103.10.23 16:44 B C:\jakarta-tomcat-3.2.4\webapps\cocoon\exslt\math\functions\power\math.power.1.html --> ftp.exslt.org /www.exslt.org/public_html/math/functions/power math.power.1.html
103.10.23 16:44 B C:\jakarta-tomcat-3.2.4\webapps\cocoon\exslt\math\functions\power\math.power.1.xml --> ftp.exslt.org /www.exslt.org/public_html/math/functions/power math.power.1.xml
103.10.23 16:44 B C:\jakarta-tomcat-3.2.4\webapps\cocoon\exslt\math\functions\power\math.power.1.xsl --> ftp.exslt.org /www.exslt.org/public_html/math/functions/power math.power.1.xsl
103.10.23 16:44 B C:\jakarta-tomcat-3.2.4\webapps\cocoon\exslt\math\functions\power\math.power.function.xsl --> ftp.exslt.org /www.exslt.org/public_html/math/functions/power math.power.function.xsl
103.10.23 16:44 B C:\jakarta-tomcat-3.2.4\webapps\cocoon\exslt\math\functions\power\math.power.function.xsl.html --> ftp.exslt.org /www.exslt.org/public_html/math/functions/power math.power.function.xsl.html
103.10.23 16:44 B C:\jakarta-tomcat-3.2.4\webapps\cocoon\exslt\math\functions\power\math.power.html --> ftp.exslt.org /www.exslt.org/public_html/math/functions/power math.power.html
103.10.23 16:44 B C:\jakarta-tomcat-3.2.4\webapps\cocoon\exslt\math\functions\power\math.power.js --> ftp.exslt.org /www.exslt.org/public_html/math/functions/power math.power.js
103.10.23 16:44 B C:\jakarta-tomcat-3.2.4\webapps\cocoon\exslt\math\functions\power\math.power.js.html --> ftp.exslt.org /www.exslt.org/public_html/math/functions/power math.power.js.html
103.10.23 16:44 B C:\jakarta-tomcat-3.2.4\webapps\cocoon\exslt\math\functions\power\math.power.msxsl.xsl --> ftp.exslt.org /www.exslt.org/public_html/math/functions/power math.power.msxsl.xsl
103.10.23 16:45 B C:\jakarta-tomcat-3.2.4\webapps\cocoon\exslt\math\functions\power\math.power.msxsl.xsl.html --> ftp.exslt.org /www.exslt.org/public_html/math/functions/power math.power.msxsl.xsl.html
103.10.23 16:45 B C:\jakarta-tomcat-3.2.4\webapps\cocoon\exslt\math\functions\power\math.power.package.txt --> ftp.exslt.org /www.exslt.org/public_html/math/functions/power math.power.package.txt
103.10.23 16:45 B C:\jakarta-tomcat-3.2.4\webapps\cocoon\exslt\math\functions\power\math.power.submission.xml --> ftp.exslt.org /www.exslt.org/public_html/math/functions/power math.power.submission.xml
103.10.23 16:45 B C:\jakarta-tomcat-3.2.4\webapps\cocoon\exslt\math\functions\power\math.power.template.submission.xml --> ftp.exslt.org /www.exslt.org/public_html/math/functions/power math.power.template.submission.xml
103.10.23 16:45 B C:\jakarta-tomcat-3.2.4\webapps\cocoon\exslt\math\functions\power\math.power.template.xsl --> ftp.exslt.org /www.exslt.org/public_html/math/functions/power math.power.template.xsl
103.10.23 16:45 B C:\jakarta-tomcat-3.2.4\webapps\cocoon\exslt\math\functions\power\math.power.template.xsl.html --> ftp.exslt.org /www.exslt.org/public_html/math/functions/power math.power.template.xsl.html
103.10.23 16:45 B C:\jakarta-tomcat-3.2.4\webapps\cocoon\exslt\math\functions\power\math.power.use-cases.txt --> ftp.exslt.org /www.exslt.org/public_html/math/functions/power math.power.use-cases.txt
103.10.23 16:45 B C:\jakarta-tomcat-3.2.4\webapps\cocoon\exslt\math\functions\power\math.power.use-cases.zip --> ftp.exslt.org /www.exslt.org/public_html/math/functions/power math.power.use-cases.zip
103.10.23 16:45 B C:\jakarta-tomcat-3.2.4\webapps\cocoon\exslt\math\functions\power\math.power.xml --> ftp.exslt.org /www.exslt.org/public_html/math/functions/power math.power.xml
103.10.23 16:45 B C:\jakarta-tomcat-3.2.4\webapps\cocoon\exslt\math\functions\power\math.power.xsl --> ftp.exslt.org /www.exslt.org/public_html/math/functions/power math.power.xsl
103.10.23 16:45 B C:\jakarta-tomcat-3.2.4\webapps\cocoon\exslt\math\functions\power\math.power.zip --> ftp.exslt.org /www.exslt.org/public_html/math/functions/power math.power.zip
103.10.23 16:45 B C:\jakarta-tomcat-3.2.4\webapps\cocoon\exslt\math\functions\power\out.html --> ftp.exslt.org /www.exslt.org/public_html/math/functions/power out.html
103.10.23 16:45 B C:\jakarta-tomcat-3.2.4\webapps\cocoon\exslt\math\functions\power\refresh.bat --> ftp.exslt.org /www.exslt.org/public_html/math/functions/power refresh.bat
103.10.23 16:45 B C:\jakarta-tomcat-3.2.4\webapps\cocoon\exslt\math\functions\power\update.bat --> ftp.exslt.org /www.exslt.org/public_html/math/functions/power update.bat
