102.12.02 12:22 B C:\jakarta-tomcat-3.2.4\webapps\cocoon\exslt\public_html\func\function\func.function.1.html <-- ftp.exslt.org /www.exslt.org/public_html/func/function func.function.1.html
102.12.02 12:22 B C:\jakarta-tomcat-3.2.4\webapps\cocoon\exslt\public_html\func\function\func.function.1.xml <-- ftp.exslt.org /www.exslt.org/public_html/func/function func.function.1.xml
102.12.02 12:22 B C:\jakarta-tomcat-3.2.4\webapps\cocoon\exslt\public_html\func\function\func.function.2.html <-- ftp.exslt.org /www.exslt.org/public_html/func/function func.function.2.html
102.12.02 12:22 B C:\jakarta-tomcat-3.2.4\webapps\cocoon\exslt\public_html\func\function\func.function.2.xml <-- ftp.exslt.org /www.exslt.org/public_html/func/function func.function.2.xml
102.12.02 12:22 B C:\jakarta-tomcat-3.2.4\webapps\cocoon\exslt\public_html\func\function\func.function.3.html <-- ftp.exslt.org /www.exslt.org/public_html/func/function func.function.3.html
102.12.02 12:22 B C:\jakarta-tomcat-3.2.4\webapps\cocoon\exslt\public_html\func\function\func.function.html <-- ftp.exslt.org /www.exslt.org/public_html/func/function func.function.html
102.12.02 12:22 B C:\jakarta-tomcat-3.2.4\webapps\cocoon\exslt\public_html\func\function\func.function.package.txt <-- ftp.exslt.org /www.exslt.org/public_html/func/function func.function.package.txt
102.12.02 12:22 B C:\jakarta-tomcat-3.2.4\webapps\cocoon\exslt\public_html\func\function\func.function.use-cases.txt <-- ftp.exslt.org /www.exslt.org/public_html/func/function func.function.use-cases.txt
102.12.02 12:22 B C:\jakarta-tomcat-3.2.4\webapps\cocoon\exslt\public_html\func\function\func.function.use-cases.zip <-- ftp.exslt.org /www.exslt.org/public_html/func/function func.function.use-cases.zip
102.12.02 12:22 B C:\jakarta-tomcat-3.2.4\webapps\cocoon\exslt\public_html\func\function\func.function.xml <-- ftp.exslt.org /www.exslt.org/public_html/func/function func.function.xml
102.12.02 12:22 B C:\jakarta-tomcat-3.2.4\webapps\cocoon\exslt\public_html\func\function\func.function.zip <-- ftp.exslt.org /www.exslt.org/public_html/func/function func.function.zip
102.12.02 12:22 B C:\jakarta-tomcat-3.2.4\webapps\cocoon\exslt\public_html\func\function\index.html <-- ftp.exslt.org /www.exslt.org/public_html/func/function index.html
102.12.02 12:22 B C:\jakarta-tomcat-3.2.4\webapps\cocoon\exslt\public_html\func\function\out.html <-- ftp.exslt.org /www.exslt.org/public_html/func/function out.html
102.12.02 12:22 B C:\jakarta-tomcat-3.2.4\webapps\cocoon\exslt\public_html\func\function\update.bat <-- ftp.exslt.org /www.exslt.org/public_html/func/function update.bat
102.12.03 11:11 B C:\jakarta-tomcat-3.2.4\webapps\cocoon\exslt\func\function\func.function.1.html --> ftp.exslt.org /www.exslt.org/public_html/func/function func.function.1.html
102.12.03 11:11 B C:\jakarta-tomcat-3.2.4\webapps\cocoon\exslt\func\function\func.function.1.xml --> ftp.exslt.org /www.exslt.org/public_html/func/function func.function.1.xml
102.12.03 11:11 B C:\jakarta-tomcat-3.2.4\webapps\cocoon\exslt\func\function\func.function.2.html --> ftp.exslt.org /www.exslt.org/public_html/func/function func.function.2.html
102.12.03 11:11 B C:\jakarta-tomcat-3.2.4\webapps\cocoon\exslt\func\function\func.function.2.xml --> ftp.exslt.org /www.exslt.org/public_html/func/function func.function.2.xml
102.12.03 11:11 B C:\jakarta-tomcat-3.2.4\webapps\cocoon\exslt\func\function\func.function.3.html --> ftp.exslt.org /www.exslt.org/public_html/func/function func.function.3.html
102.12.03 11:11 B C:\jakarta-tomcat-3.2.4\webapps\cocoon\exslt\func\function\func.function.html --> ftp.exslt.org /www.exslt.org/public_html/func/function func.function.html
102.12.03 11:11 B C:\jakarta-tomcat-3.2.4\webapps\cocoon\exslt\func\function\func.function.package.txt --> ftp.exslt.org /www.exslt.org/public_html/func/function func.function.package.txt
102.12.03 11:11 B C:\jakarta-tomcat-3.2.4\webapps\cocoon\exslt\func\function\func.function.use-cases.txt --> ftp.exslt.org /www.exslt.org/public_html/func/function func.function.use-cases.txt
102.12.03 11:11 B C:\jakarta-tomcat-3.2.4\webapps\cocoon\exslt\func\function\func.function.use-cases.zip --> ftp.exslt.org /www.exslt.org/public_html/func/function func.function.use-cases.zip
102.12.03 11:11 B C:\jakarta-tomcat-3.2.4\webapps\cocoon\exslt\func\function\func.function.xml --> ftp.exslt.org /www.exslt.org/public_html/func/function func.function.xml
102.12.03 11:11 B C:\jakarta-tomcat-3.2.4\webapps\cocoon\exslt\func\function\func.function.zip --> ftp.exslt.org /www.exslt.org/public_html/func/function func.function.zip
102.12.03 11:11 B C:\jakarta-tomcat-3.2.4\webapps\cocoon\exslt\func\function\index.html --> ftp.exslt.org /www.exslt.org/public_html/func/function index.html
102.12.03 11:11 B C:\jakarta-tomcat-3.2.4\webapps\cocoon\exslt\func\function\out.html --> ftp.exslt.org /www.exslt.org/public_html/func/function out.html
102.12.03 11:11 B C:\jakarta-tomcat-3.2.4\webapps\cocoon\exslt\func\function\update.bat --> ftp.exslt.org /www.exslt.org/public_html/func/function update.bat
102.12.03 11:11 B C:\jakarta-tomcat-3.2.4\webapps\cocoon\exslt\func\function\WS_FTP.LOG --> ftp.exslt.org /www.exslt.org/public_html/func/function WS_FTP.LOG
102.12.11 11:05 B C:\jakarta-tomcat-3.2.4\webapps\cocoon\exslt\func\function\func.function.1.html --> ftp.exslt.org /www.exslt.org/public_html/func/function func.function.1.html
102.12.11 11:05 B C:\jakarta-tomcat-3.2.4\webapps\cocoon\exslt\func\function\func.function.1.xml --> ftp.exslt.org /www.exslt.org/public_html/func/function func.function.1.xml
102.12.11 11:05 B C:\jakarta-tomcat-3.2.4\webapps\cocoon\exslt\func\function\func.function.2.html --> ftp.exslt.org /www.exslt.org/public_html/func/function func.function.2.html
102.12.11 11:05 B C:\jakarta-tomcat-3.2.4\webapps\cocoon\exslt\func\function\func.function.2.xml --> ftp.exslt.org /www.exslt.org/public_html/func/function func.function.2.xml
102.12.11 11:05 B C:\jakarta-tomcat-3.2.4\webapps\cocoon\exslt\func\function\func.function.3.html --> ftp.exslt.org /www.exslt.org/public_html/func/function func.function.3.html
102.12.11 11:05 B C:\jakarta-tomcat-3.2.4\webapps\cocoon\exslt\func\function\func.function.html --> ftp.exslt.org /www.exslt.org/public_html/func/function func.function.html
102.12.11 11:05 B C:\jakarta-tomcat-3.2.4\webapps\cocoon\exslt\func\function\func.function.package.txt --> ftp.exslt.org /www.exslt.org/public_html/func/function func.function.package.txt
102.12.11 11:05 B C:\jakarta-tomcat-3.2.4\webapps\cocoon\exslt\func\function\func.function.use-cases.txt --> ftp.exslt.org /www.exslt.org/public_html/func/function func.function.use-cases.txt
102.12.11 11:05 B C:\jakarta-tomcat-3.2.4\webapps\cocoon\exslt\func\function\func.function.use-cases.zip --> ftp.exslt.org /www.exslt.org/public_html/func/function func.function.use-cases.zip
102.12.11 11:05 B C:\jakarta-tomcat-3.2.4\webapps\cocoon\exslt\func\function\func.function.xml --> ftp.exslt.org /www.exslt.org/public_html/func/function func.function.xml
102.12.11 11:05 B C:\jakarta-tomcat-3.2.4\webapps\cocoon\exslt\func\function\func.function.zip --> ftp.exslt.org /www.exslt.org/public_html/func/function func.function.zip
102.12.11 11:05 B C:\jakarta-tomcat-3.2.4\webapps\cocoon\exslt\func\function\index.html --> ftp.exslt.org /www.exslt.org/public_html/func/function index.html
102.12.11 11:05 B C:\jakarta-tomcat-3.2.4\webapps\cocoon\exslt\func\function\out.html --> ftp.exslt.org /www.exslt.org/public_html/func/function out.html
102.12.11 11:05 B C:\jakarta-tomcat-3.2.4\webapps\cocoon\exslt\func\function\update.bat --> ftp.exslt.org /www.exslt.org/public_html/func/function update.bat
103.09.29 15:37 B C:\jakarta-tomcat-3.2.4\webapps\cocoon\exslt\func\function\WS_FTP.LOG <-- ftp.exslt.org /www.exslt.org/public_html/func/function WS_FTP.LOG
103.10.21 13:07 B C:\jakarta-tomcat-3.2.4\webapps\cocoon\exslt\func\function\func.function.1.html --> marian.cs.nott.ac.uk /stud/pg/cds/exslt/func/function func.function.1.html
103.10.21 13:07 B C:\jakarta-tomcat-3.2.4\webapps\cocoon\exslt\func\function\func.function.1.xml --> marian.cs.nott.ac.uk /stud/pg/cds/exslt/func/function func.function.1.xml
103.10.21 13:07 B C:\jakarta-tomcat-3.2.4\webapps\cocoon\exslt\func\function\func.function.2.html --> marian.cs.nott.ac.uk /stud/pg/cds/exslt/func/function func.function.2.html
103.10.21 13:07 B C:\jakarta-tomcat-3.2.4\webapps\cocoon\exslt\func\function\func.function.2.xml --> marian.cs.nott.ac.uk /stud/pg/cds/exslt/func/function func.function.2.xml
103.10.21 13:07 B C:\jakarta-tomcat-3.2.4\webapps\cocoon\exslt\func\function\func.function.3.html --> marian.cs.nott.ac.uk /stud/pg/cds/exslt/func/function func.function.3.html
103.10.21 13:07 B C:\jakarta-tomcat-3.2.4\webapps\cocoon\exslt\func\function\func.function.html --> marian.cs.nott.ac.uk /stud/pg/cds/exslt/func/function func.function.html
103.10.21 13:07 B C:\jakarta-tomcat-3.2.4\webapps\cocoon\exslt\func\function\func.function.package.txt --> marian.cs.nott.ac.uk /stud/pg/cds/exslt/func/function func.function.package.txt
103.10.21 13:07 B C:\jakarta-tomcat-3.2.4\webapps\cocoon\exslt\func\function\func.function.use-cases.txt --> marian.cs.nott.ac.uk /stud/pg/cds/exslt/func/function func.function.use-cases.txt
103.10.21 13:07 B C:\jakarta-tomcat-3.2.4\webapps\cocoon\exslt\func\function\func.function.use-cases.zip --> marian.cs.nott.ac.uk /stud/pg/cds/exslt/func/function func.function.use-cases.zip
103.10.21 13:07 B C:\jakarta-tomcat-3.2.4\webapps\cocoon\exslt\func\function\func.function.xml --> marian.cs.nott.ac.uk /stud/pg/cds/exslt/func/function func.function.xml
103.10.21 13:07 B C:\jakarta-tomcat-3.2.4\webapps\cocoon\exslt\func\function\func.function.zip --> marian.cs.nott.ac.uk /stud/pg/cds/exslt/func/function func.function.zip
103.10.21 13:07 B C:\jakarta-tomcat-3.2.4\webapps\cocoon\exslt\func\function\index.html --> marian.cs.nott.ac.uk /stud/pg/cds/exslt/func/function index.html
103.10.21 13:07 B C:\jakarta-tomcat-3.2.4\webapps\cocoon\exslt\func\function\out.html --> marian.cs.nott.ac.uk /stud/pg/cds/exslt/func/function out.html
103.10.21 13:07 B C:\jakarta-tomcat-3.2.4\webapps\cocoon\exslt\func\function\update.bat --> marian.cs.nott.ac.uk /stud/pg/cds/exslt/func/function update.bat
103.10.21 13:07 B C:\jakarta-tomcat-3.2.4\webapps\cocoon\exslt\func\function\WS_FTP.LOG --> marian.cs.nott.ac.uk /stud/pg/cds/exslt/func/function WS_FTP.LOG
103.10.23 15:53 B C:\jakarta-tomcat-3.2.4\webapps\cocoon\exslt\func\function\func.function.1.html --> ftp.exslt.org /www.exslt.org/public_html/func/function func.function.1.html
103.10.23 15:53 B C:\jakarta-tomcat-3.2.4\webapps\cocoon\exslt\func\function\func.function.1.xml --> ftp.exslt.org /www.exslt.org/public_html/func/function func.function.1.xml
103.10.23 15:53 B C:\jakarta-tomcat-3.2.4\webapps\cocoon\exslt\func\function\func.function.2.html --> ftp.exslt.org /www.exslt.org/public_html/func/function func.function.2.html
103.10.23 15:53 B C:\jakarta-tomcat-3.2.4\webapps\cocoon\exslt\func\function\func.function.2.xml --> ftp.exslt.org /www.exslt.org/public_html/func/function func.function.2.xml
103.10.23 15:53 B C:\jakarta-tomcat-3.2.4\webapps\cocoon\exslt\func\function\func.function.3.html --> ftp.exslt.org /www.exslt.org/public_html/func/function func.function.3.html
103.10.23 15:53 B C:\jakarta-tomcat-3.2.4\webapps\cocoon\exslt\func\function\func.function.html --> ftp.exslt.org /www.exslt.org/public_html/func/function func.function.html
103.10.23 15:53 B C:\jakarta-tomcat-3.2.4\webapps\cocoon\exslt\func\function\func.function.package.txt --> ftp.exslt.org /www.exslt.org/public_html/func/function func.function.package.txt
103.10.23 15:53 B C:\jakarta-tomcat-3.2.4\webapps\cocoon\exslt\func\function\func.function.use-cases.txt --> ftp.exslt.org /www.exslt.org/public_html/func/function func.function.use-cases.txt
103.10.23 15:53 B C:\jakarta-tomcat-3.2.4\webapps\cocoon\exslt\func\function\func.function.use-cases.zip --> ftp.exslt.org /www.exslt.org/public_html/func/function func.function.use-cases.zip
103.10.23 15:53 B C:\jakarta-tomcat-3.2.4\webapps\cocoon\exslt\func\function\func.function.xml --> ftp.exslt.org /www.exslt.org/public_html/func/function func.function.xml
103.10.23 15:53 B C:\jakarta-tomcat-3.2.4\webapps\cocoon\exslt\func\function\func.function.zip --> ftp.exslt.org /www.exslt.org/public_html/func/function func.function.zip
103.10.23 15:54 B C:\jakarta-tomcat-3.2.4\webapps\cocoon\exslt\func\function\index.html --> ftp.exslt.org /www.exslt.org/public_html/func/function index.html
103.10.23 15:54 B C:\jakarta-tomcat-3.2.4\webapps\cocoon\exslt\func\function\out.html --> ftp.exslt.org /www.exslt.org/public_html/func/function out.html
103.10.23 15:54 B C:\jakarta-tomcat-3.2.4\webapps\cocoon\exslt\func\function\update.bat --> ftp.exslt.org /www.exslt.org/public_html/func/function update.bat
103.10.23 15:54 B C:\jakarta-tomcat-3.2.4\webapps\cocoon\exslt\func\function\WS_FTP.LOG --> ftp.exslt.org /www.exslt.org/public_html/func/function WS_FTP.LOG
103.10.23 16:13 B C:\jakarta-tomcat-3.2.4\webapps\cocoon\exslt\func\function\func.function.1.html --> ftp.exslt.org /www.exslt.org/public_html/func/function func.function.1.html
103.10.23 16:13 B C:\jakarta-tomcat-3.2.4\webapps\cocoon\exslt\func\function\func.function.1.xml --> ftp.exslt.org /www.exslt.org/public_html/func/function func.function.1.xml
103.10.23 16:13 B C:\jakarta-tomcat-3.2.4\webapps\cocoon\exslt\func\function\func.function.2.html --> ftp.exslt.org /www.exslt.org/public_html/func/function func.function.2.html
103.10.23 16:13 B C:\jakarta-tomcat-3.2.4\webapps\cocoon\exslt\func\function\func.function.2.xml --> ftp.exslt.org /www.exslt.org/public_html/func/function func.function.2.xml
103.10.23 16:13 B C:\jakarta-tomcat-3.2.4\webapps\cocoon\exslt\func\function\func.function.3.html --> ftp.exslt.org /www.exslt.org/public_html/func/function func.function.3.html
103.10.23 16:13 B C:\jakarta-tomcat-3.2.4\webapps\cocoon\exslt\func\function\func.function.html --> ftp.exslt.org /www.exslt.org/public_html/func/function func.function.html
103.10.23 16:13 B C:\jakarta-tomcat-3.2.4\webapps\cocoon\exslt\func\function\func.function.package.txt --> ftp.exslt.org /www.exslt.org/public_html/func/function func.function.package.txt
103.10.23 16:13 B C:\jakarta-tomcat-3.2.4\webapps\cocoon\exslt\func\function\func.function.use-cases.txt --> ftp.exslt.org /www.exslt.org/public_html/func/function func.function.use-cases.txt
103.10.23 16:13 B C:\jakarta-tomcat-3.2.4\webapps\cocoon\exslt\func\function\func.function.use-cases.zip --> ftp.exslt.org /www.exslt.org/public_html/func/function func.function.use-cases.zip
103.10.23 16:13 B C:\jakarta-tomcat-3.2.4\webapps\cocoon\exslt\func\function\func.function.xml --> ftp.exslt.org /www.exslt.org/public_html/func/function func.function.xml
103.10.23 16:13 B C:\jakarta-tomcat-3.2.4\webapps\cocoon\exslt\func\function\func.function.zip --> ftp.exslt.org /www.exslt.org/public_html/func/function func.function.zip
103.10.23 16:14 B C:\jakarta-tomcat-3.2.4\webapps\cocoon\exslt\func\function\index.html --> ftp.exslt.org /www.exslt.org/public_html/func/function index.html
103.10.23 16:14 B C:\jakarta-tomcat-3.2.4\webapps\cocoon\exslt\func\function\out.html --> ftp.exslt.org /www.exslt.org/public_html/func/function out.html
103.10.23 16:14 B C:\jakarta-tomcat-3.2.4\webapps\cocoon\exslt\func\function\update.bat --> ftp.exslt.org /www.exslt.org/public_html/func/function update.bat
