102.08.21 17:25 B C:\jakarta-tomcat-3.2.4\webapps\cocoon\exslt\date\functions\year\base.css --> ftp.exslt.org /www.exslt.org/public_html/date/functions/year base.css
102.08.21 17:25 B C:\jakarta-tomcat-3.2.4\webapps\cocoon\exslt\date\functions\year\date.js --> ftp.exslt.org /www.exslt.org/public_html/date/functions/year date.js
102.08.21 17:25 B C:\jakarta-tomcat-3.2.4\webapps\cocoon\exslt\date\functions\year\date.js.html --> ftp.exslt.org /www.exslt.org/public_html/date/functions/year date.js.html
102.08.21 17:25 B C:\jakarta-tomcat-3.2.4\webapps\cocoon\exslt\date\functions\year\date.msxsl.xsl --> ftp.exslt.org /www.exslt.org/public_html/date/functions/year date.msxsl.xsl
102.08.21 17:25 B C:\jakarta-tomcat-3.2.4\webapps\cocoon\exslt\date\functions\year\date.msxsl.xsl.html --> ftp.exslt.org /www.exslt.org/public_html/date/functions/year date.msxsl.xsl.html
102.08.21 17:25 B C:\jakarta-tomcat-3.2.4\webapps\cocoon\exslt\date\functions\year\date.year.2.html --> ftp.exslt.org /www.exslt.org/public_html/date/functions/year date.year.2.html
102.08.21 17:25 B C:\jakarta-tomcat-3.2.4\webapps\cocoon\exslt\date\functions\year\date.year.function.xsl --> ftp.exslt.org /www.exslt.org/public_html/date/functions/year date.year.function.xsl
102.08.21 17:25 B C:\jakarta-tomcat-3.2.4\webapps\cocoon\exslt\date\functions\year\date.year.function.xsl.html --> ftp.exslt.org /www.exslt.org/public_html/date/functions/year date.year.function.xsl.html
102.08.21 17:25 B C:\jakarta-tomcat-3.2.4\webapps\cocoon\exslt\date\functions\year\date.year.html --> ftp.exslt.org /www.exslt.org/public_html/date/functions/year date.year.html
102.08.21 17:25 B C:\jakarta-tomcat-3.2.4\webapps\cocoon\exslt\date\functions\year\date.year.package.txt --> ftp.exslt.org /www.exslt.org/public_html/date/functions/year date.year.package.txt
102.08.21 17:25 B C:\jakarta-tomcat-3.2.4\webapps\cocoon\exslt\date\functions\year\date.year.template.xsl --> ftp.exslt.org /www.exslt.org/public_html/date/functions/year date.year.template.xsl
102.08.21 17:25 B C:\jakarta-tomcat-3.2.4\webapps\cocoon\exslt\date\functions\year\date.year.template.xsl.html --> ftp.exslt.org /www.exslt.org/public_html/date/functions/year date.year.template.xsl.html
102.08.21 17:25 B C:\jakarta-tomcat-3.2.4\webapps\cocoon\exslt\date\functions\year\date.year.use-cases.txt --> ftp.exslt.org /www.exslt.org/public_html/date/functions/year date.year.use-cases.txt
102.08.21 17:25 B C:\jakarta-tomcat-3.2.4\webapps\cocoon\exslt\date\functions\year\date.year.use-cases.zip --> ftp.exslt.org /www.exslt.org/public_html/date/functions/year date.year.use-cases.zip
102.08.21 17:25 B C:\jakarta-tomcat-3.2.4\webapps\cocoon\exslt\date\functions\year\date.year.xml --> ftp.exslt.org /www.exslt.org/public_html/date/functions/year date.year.xml
102.08.21 17:25 B C:\jakarta-tomcat-3.2.4\webapps\cocoon\exslt\date\functions\year\date.year.xsl --> ftp.exslt.org /www.exslt.org/public_html/date/functions/year date.year.xsl
102.08.21 17:25 B C:\jakarta-tomcat-3.2.4\webapps\cocoon\exslt\date\functions\year\date.year.zip --> ftp.exslt.org /www.exslt.org/public_html/date/functions/year date.year.zip
102.08.21 17:25 B C:\jakarta-tomcat-3.2.4\webapps\cocoon\exslt\date\functions\year\index.html --> ftp.exslt.org /www.exslt.org/public_html/date/functions/year index.html
102.08.21 17:25 B C:\jakarta-tomcat-3.2.4\webapps\cocoon\exslt\date\functions\year\refresh.bat --> ftp.exslt.org /www.exslt.org/public_html/date/functions/year refresh.bat
102.08.21 17:25 B C:\jakarta-tomcat-3.2.4\webapps\cocoon\exslt\date\functions\year\update.bat --> ftp.exslt.org /www.exslt.org/public_html/date/functions/year update.bat
102.08.21 17:31 B C:\jakarta-tomcat-3.2.4\webapps\cocoon\exslt\date\functions\year\base.css --> ftp.exslt.org /www.exslt.org/public_html/date/functions/year base.css
102.08.21 17:31 B C:\jakarta-tomcat-3.2.4\webapps\cocoon\exslt\date\functions\year\date.js --> ftp.exslt.org /www.exslt.org/public_html/date/functions/year date.js
102.08.21 17:31 B C:\jakarta-tomcat-3.2.4\webapps\cocoon\exslt\date\functions\year\date.js.html --> ftp.exslt.org /www.exslt.org/public_html/date/functions/year date.js.html
102.08.21 17:31 B C:\jakarta-tomcat-3.2.4\webapps\cocoon\exslt\date\functions\year\date.msxsl.xsl --> ftp.exslt.org /www.exslt.org/public_html/date/functions/year date.msxsl.xsl
102.08.21 17:31 B C:\jakarta-tomcat-3.2.4\webapps\cocoon\exslt\date\functions\year\date.msxsl.xsl.html --> ftp.exslt.org /www.exslt.org/public_html/date/functions/year date.msxsl.xsl.html
102.08.21 17:31 B C:\jakarta-tomcat-3.2.4\webapps\cocoon\exslt\date\functions\year\date.year.2.html --> ftp.exslt.org /www.exslt.org/public_html/date/functions/year date.year.2.html
102.08.21 17:31 B C:\jakarta-tomcat-3.2.4\webapps\cocoon\exslt\date\functions\year\date.year.function.xsl --> ftp.exslt.org /www.exslt.org/public_html/date/functions/year date.year.function.xsl
102.08.21 17:31 B C:\jakarta-tomcat-3.2.4\webapps\cocoon\exslt\date\functions\year\date.year.function.xsl.html --> ftp.exslt.org /www.exslt.org/public_html/date/functions/year date.year.function.xsl.html
102.08.21 17:31 B C:\jakarta-tomcat-3.2.4\webapps\cocoon\exslt\date\functions\year\date.year.html --> ftp.exslt.org /www.exslt.org/public_html/date/functions/year date.year.html
102.08.21 17:31 B C:\jakarta-tomcat-3.2.4\webapps\cocoon\exslt\date\functions\year\date.year.package.txt --> ftp.exslt.org /www.exslt.org/public_html/date/functions/year date.year.package.txt
102.08.21 17:31 B C:\jakarta-tomcat-3.2.4\webapps\cocoon\exslt\date\functions\year\date.year.template.xsl --> ftp.exslt.org /www.exslt.org/public_html/date/functions/year date.year.template.xsl
102.08.21 17:31 B C:\jakarta-tomcat-3.2.4\webapps\cocoon\exslt\date\functions\year\date.year.template.xsl.html --> ftp.exslt.org /www.exslt.org/public_html/date/functions/year date.year.template.xsl.html
102.08.21 17:31 B C:\jakarta-tomcat-3.2.4\webapps\cocoon\exslt\date\functions\year\date.year.use-cases.txt --> ftp.exslt.org /www.exslt.org/public_html/date/functions/year date.year.use-cases.txt
102.08.21 17:31 B C:\jakarta-tomcat-3.2.4\webapps\cocoon\exslt\date\functions\year\date.year.use-cases.zip --> ftp.exslt.org /www.exslt.org/public_html/date/functions/year date.year.use-cases.zip
102.08.21 17:31 B C:\jakarta-tomcat-3.2.4\webapps\cocoon\exslt\date\functions\year\date.year.xml --> ftp.exslt.org /www.exslt.org/public_html/date/functions/year date.year.xml
102.08.21 17:31 B C:\jakarta-tomcat-3.2.4\webapps\cocoon\exslt\date\functions\year\date.year.xsl --> ftp.exslt.org /www.exslt.org/public_html/date/functions/year date.year.xsl
102.08.21 17:31 B C:\jakarta-tomcat-3.2.4\webapps\cocoon\exslt\date\functions\year\date.year.zip --> ftp.exslt.org /www.exslt.org/public_html/date/functions/year date.year.zip
102.08.21 17:31 B C:\jakarta-tomcat-3.2.4\webapps\cocoon\exslt\date\functions\year\index.html --> ftp.exslt.org /www.exslt.org/public_html/date/functions/year index.html
102.08.21 17:31 B C:\jakarta-tomcat-3.2.4\webapps\cocoon\exslt\date\functions\year\refresh.bat --> ftp.exslt.org /www.exslt.org/public_html/date/functions/year refresh.bat
102.08.21 17:31 B C:\jakarta-tomcat-3.2.4\webapps\cocoon\exslt\date\functions\year\update.bat --> ftp.exslt.org /www.exslt.org/public_html/date/functions/year update.bat
102.08.21 17:31 B C:\jakarta-tomcat-3.2.4\webapps\cocoon\exslt\date\functions\year\WS_FTP.LOG --> ftp.exslt.org /www.exslt.org/public_html/date/functions/year WS_FTP.LOG
102.11.19 13:15 B C:\jakarta-tomcat-3.2.4\webapps\cocoon\exslt\date\functions\year\base.css --> ftp.exslt.org /www.exslt.org/public_html/date/functions/year base.css
102.11.19 13:15 B C:\jakarta-tomcat-3.2.4\webapps\cocoon\exslt\date\functions\year\date.js --> ftp.exslt.org /www.exslt.org/public_html/date/functions/year date.js
102.11.19 13:15 B C:\jakarta-tomcat-3.2.4\webapps\cocoon\exslt\date\functions\year\date.js.html --> ftp.exslt.org /www.exslt.org/public_html/date/functions/year date.js.html
102.11.19 13:15 B C:\jakarta-tomcat-3.2.4\webapps\cocoon\exslt\date\functions\year\date.msxsl.xsl --> ftp.exslt.org /www.exslt.org/public_html/date/functions/year date.msxsl.xsl
102.11.19 13:15 B C:\jakarta-tomcat-3.2.4\webapps\cocoon\exslt\date\functions\year\date.msxsl.xsl.html --> ftp.exslt.org /www.exslt.org/public_html/date/functions/year date.msxsl.xsl.html
102.11.19 13:15 B C:\jakarta-tomcat-3.2.4\webapps\cocoon\exslt\date\functions\year\date.year.2.html --> ftp.exslt.org /www.exslt.org/public_html/date/functions/year date.year.2.html
102.11.19 13:15 B C:\jakarta-tomcat-3.2.4\webapps\cocoon\exslt\date\functions\year\date.year.function.xsl --> ftp.exslt.org /www.exslt.org/public_html/date/functions/year date.year.function.xsl
102.11.19 13:15 B C:\jakarta-tomcat-3.2.4\webapps\cocoon\exslt\date\functions\year\date.year.function.xsl.html --> ftp.exslt.org /www.exslt.org/public_html/date/functions/year date.year.function.xsl.html
102.11.19 13:15 B C:\jakarta-tomcat-3.2.4\webapps\cocoon\exslt\date\functions\year\date.year.html --> ftp.exslt.org /www.exslt.org/public_html/date/functions/year date.year.html
102.11.19 13:15 B C:\jakarta-tomcat-3.2.4\webapps\cocoon\exslt\date\functions\year\date.year.package.txt --> ftp.exslt.org /www.exslt.org/public_html/date/functions/year date.year.package.txt
102.11.19 13:15 B C:\jakarta-tomcat-3.2.4\webapps\cocoon\exslt\date\functions\year\date.year.template.xsl --> ftp.exslt.org /www.exslt.org/public_html/date/functions/year date.year.template.xsl
102.11.19 13:15 B C:\jakarta-tomcat-3.2.4\webapps\cocoon\exslt\date\functions\year\date.year.template.xsl.html --> ftp.exslt.org /www.exslt.org/public_html/date/functions/year date.year.template.xsl.html
102.11.19 13:15 B C:\jakarta-tomcat-3.2.4\webapps\cocoon\exslt\date\functions\year\date.year.use-cases.txt --> ftp.exslt.org /www.exslt.org/public_html/date/functions/year date.year.use-cases.txt
102.11.19 13:15 B C:\jakarta-tomcat-3.2.4\webapps\cocoon\exslt\date\functions\year\date.year.use-cases.zip --> ftp.exslt.org /www.exslt.org/public_html/date/functions/year date.year.use-cases.zip
102.11.19 13:15 B C:\jakarta-tomcat-3.2.4\webapps\cocoon\exslt\date\functions\year\date.year.xml --> ftp.exslt.org /www.exslt.org/public_html/date/functions/year date.year.xml
102.11.19 13:15 B C:\jakarta-tomcat-3.2.4\webapps\cocoon\exslt\date\functions\year\date.year.xsl --> ftp.exslt.org /www.exslt.org/public_html/date/functions/year date.year.xsl
102.11.19 13:15 B C:\jakarta-tomcat-3.2.4\webapps\cocoon\exslt\date\functions\year\date.year.zip --> ftp.exslt.org /www.exslt.org/public_html/date/functions/year date.year.zip
102.11.19 13:15 B C:\jakarta-tomcat-3.2.4\webapps\cocoon\exslt\date\functions\year\index.html --> ftp.exslt.org /www.exslt.org/public_html/date/functions/year index.html
102.11.19 13:15 B C:\jakarta-tomcat-3.2.4\webapps\cocoon\exslt\date\functions\year\refresh.bat --> ftp.exslt.org /www.exslt.org/public_html/date/functions/year refresh.bat
102.11.19 13:15 B C:\jakarta-tomcat-3.2.4\webapps\cocoon\exslt\date\functions\year\update.bat --> ftp.exslt.org /www.exslt.org/public_html/date/functions/year update.bat
102.11.19 13:15 B C:\jakarta-tomcat-3.2.4\webapps\cocoon\exslt\date\functions\year\WS_FTP.LOG --> ftp.exslt.org /www.exslt.org/public_html/date/functions/year WS_FTP.LOG
102.11.19 13:21 B C:\jakarta-tomcat-3.2.4\webapps\cocoon\exslt\date\functions\year\base.css --> ftp.exslt.org /www.exslt.org/public_html/date/functions/year base.css
102.11.19 13:21 B C:\jakarta-tomcat-3.2.4\webapps\cocoon\exslt\date\functions\year\date.js --> ftp.exslt.org /www.exslt.org/public_html/date/functions/year date.js
102.11.19 13:21 B C:\jakarta-tomcat-3.2.4\webapps\cocoon\exslt\date\functions\year\date.js.html --> ftp.exslt.org /www.exslt.org/public_html/date/functions/year date.js.html
102.11.19 13:21 B C:\jakarta-tomcat-3.2.4\webapps\cocoon\exslt\date\functions\year\date.msxsl.xsl --> ftp.exslt.org /www.exslt.org/public_html/date/functions/year date.msxsl.xsl
102.11.19 13:21 B C:\jakarta-tomcat-3.2.4\webapps\cocoon\exslt\date\functions\year\date.msxsl.xsl.html --> ftp.exslt.org /www.exslt.org/public_html/date/functions/year date.msxsl.xsl.html
102.11.19 13:21 B C:\jakarta-tomcat-3.2.4\webapps\cocoon\exslt\date\functions\year\date.year.2.html --> ftp.exslt.org /www.exslt.org/public_html/date/functions/year date.year.2.html
102.11.19 13:21 B C:\jakarta-tomcat-3.2.4\webapps\cocoon\exslt\date\functions\year\date.year.function.xsl --> ftp.exslt.org /www.exslt.org/public_html/date/functions/year date.year.function.xsl
102.11.19 13:21 B C:\jakarta-tomcat-3.2.4\webapps\cocoon\exslt\date\functions\year\date.year.function.xsl.html --> ftp.exslt.org /www.exslt.org/public_html/date/functions/year date.year.function.xsl.html
102.11.19 13:21 B C:\jakarta-tomcat-3.2.4\webapps\cocoon\exslt\date\functions\year\date.year.html --> ftp.exslt.org /www.exslt.org/public_html/date/functions/year date.year.html
102.11.19 13:21 B C:\jakarta-tomcat-3.2.4\webapps\cocoon\exslt\date\functions\year\date.year.package.txt --> ftp.exslt.org /www.exslt.org/public_html/date/functions/year date.year.package.txt
102.11.19 13:21 B C:\jakarta-tomcat-3.2.4\webapps\cocoon\exslt\date\functions\year\date.year.template.xsl --> ftp.exslt.org /www.exslt.org/public_html/date/functions/year date.year.template.xsl
102.11.19 13:21 B C:\jakarta-tomcat-3.2.4\webapps\cocoon\exslt\date\functions\year\date.year.template.xsl.html --> ftp.exslt.org /www.exslt.org/public_html/date/functions/year date.year.template.xsl.html
102.11.19 13:21 B C:\jakarta-tomcat-3.2.4\webapps\cocoon\exslt\date\functions\year\date.year.use-cases.txt --> ftp.exslt.org /www.exslt.org/public_html/date/functions/year date.year.use-cases.txt
102.11.19 13:21 B C:\jakarta-tomcat-3.2.4\webapps\cocoon\exslt\date\functions\year\date.year.use-cases.zip --> ftp.exslt.org /www.exslt.org/public_html/date/functions/year date.year.use-cases.zip
102.11.19 13:21 B C:\jakarta-tomcat-3.2.4\webapps\cocoon\exslt\date\functions\year\date.year.xml --> ftp.exslt.org /www.exslt.org/public_html/date/functions/year date.year.xml
102.11.19 13:21 B C:\jakarta-tomcat-3.2.4\webapps\cocoon\exslt\date\functions\year\date.year.xsl --> ftp.exslt.org /www.exslt.org/public_html/date/functions/year date.year.xsl
102.11.19 13:21 B C:\jakarta-tomcat-3.2.4\webapps\cocoon\exslt\date\functions\year\date.year.zip --> ftp.exslt.org /www.exslt.org/public_html/date/functions/year date.year.zip
102.11.19 13:21 B C:\jakarta-tomcat-3.2.4\webapps\cocoon\exslt\date\functions\year\index.html --> ftp.exslt.org /www.exslt.org/public_html/date/functions/year index.html
102.11.19 13:21 B C:\jakarta-tomcat-3.2.4\webapps\cocoon\exslt\date\functions\year\refresh.bat --> ftp.exslt.org /www.exslt.org/public_html/date/functions/year refresh.bat
102.11.19 13:21 B C:\jakarta-tomcat-3.2.4\webapps\cocoon\exslt\date\functions\year\update.bat --> ftp.exslt.org /www.exslt.org/public_html/date/functions/year update.bat
102.12.02 12:22 B C:\jakarta-tomcat-3.2.4\webapps\cocoon\exslt\public_html\date\functions\year\WS_FTP.LOG <-- ftp.exslt.org /www.exslt.org/public_html/date/functions/year WS_FTP.LOG
102.12.03 11:10 B C:\jakarta-tomcat-3.2.4\webapps\cocoon\exslt\date\functions\year\base.css --> ftp.exslt.org /www.exslt.org/public_html/date/functions/year base.css
102.12.03 11:10 B C:\jakarta-tomcat-3.2.4\webapps\cocoon\exslt\date\functions\year\date.js --> ftp.exslt.org /www.exslt.org/public_html/date/functions/year date.js
102.12.03 11:10 B C:\jakarta-tomcat-3.2.4\webapps\cocoon\exslt\date\functions\year\date.js.html --> ftp.exslt.org /www.exslt.org/public_html/date/functions/year date.js.html
102.12.03 11:10 B C:\jakarta-tomcat-3.2.4\webapps\cocoon\exslt\date\functions\year\date.msxsl.xsl --> ftp.exslt.org /www.exslt.org/public_html/date/functions/year date.msxsl.xsl
102.12.03 11:10 B C:\jakarta-tomcat-3.2.4\webapps\cocoon\exslt\date\functions\year\date.msxsl.xsl.html --> ftp.exslt.org /www.exslt.org/public_html/date/functions/year date.msxsl.xsl.html
102.12.03 11:10 B C:\jakarta-tomcat-3.2.4\webapps\cocoon\exslt\date\functions\year\date.year.1.html --> ftp.exslt.org /www.exslt.org/public_html/date/functions/year date.year.1.html
102.12.03 11:10 B C:\jakarta-tomcat-3.2.4\webapps\cocoon\exslt\date\functions\year\date.year.1.xml --> ftp.exslt.org /www.exslt.org/public_html/date/functions/year date.year.1.xml
102.12.03 11:10 B C:\jakarta-tomcat-3.2.4\webapps\cocoon\exslt\date\functions\year\date.year.2.html --> ftp.exslt.org /www.exslt.org/public_html/date/functions/year date.year.2.html
102.12.03 11:10 B C:\jakarta-tomcat-3.2.4\webapps\cocoon\exslt\date\functions\year\date.year.function.xsl --> ftp.exslt.org /www.exslt.org/public_html/date/functions/year date.year.function.xsl
102.12.03 11:10 B C:\jakarta-tomcat-3.2.4\webapps\cocoon\exslt\date\functions\year\date.year.function.xsl.html --> ftp.exslt.org /www.exslt.org/public_html/date/functions/year date.year.function.xsl.html
102.12.03 11:10 B C:\jakarta-tomcat-3.2.4\webapps\cocoon\exslt\date\functions\year\date.year.html --> ftp.exslt.org /www.exslt.org/public_html/date/functions/year date.year.html
102.12.03 11:10 B C:\jakarta-tomcat-3.2.4\webapps\cocoon\exslt\date\functions\year\date.year.package.txt --> ftp.exslt.org /www.exslt.org/public_html/date/functions/year date.year.package.txt
102.12.03 11:10 B C:\jakarta-tomcat-3.2.4\webapps\cocoon\exslt\date\functions\year\date.year.template.xsl --> ftp.exslt.org /www.exslt.org/public_html/date/functions/year date.year.template.xsl
102.12.03 11:10 B C:\jakarta-tomcat-3.2.4\webapps\cocoon\exslt\date\functions\year\date.year.template.xsl.html --> ftp.exslt.org /www.exslt.org/public_html/date/functions/year date.year.template.xsl.html
102.12.03 11:10 B C:\jakarta-tomcat-3.2.4\webapps\cocoon\exslt\date\functions\year\date.year.use-cases.txt --> ftp.exslt.org /www.exslt.org/public_html/date/functions/year date.year.use-cases.txt
102.12.03 11:10 B C:\jakarta-tomcat-3.2.4\webapps\cocoon\exslt\date\functions\year\date.year.use-cases.zip --> ftp.exslt.org /www.exslt.org/public_html/date/functions/year date.year.use-cases.zip
102.12.03 11:10 B C:\jakarta-tomcat-3.2.4\webapps\cocoon\exslt\date\functions\year\date.year.xml --> ftp.exslt.org /www.exslt.org/public_html/date/functions/year date.year.xml
102.12.03 11:10 B C:\jakarta-tomcat-3.2.4\webapps\cocoon\exslt\date\functions\year\date.year.xsl --> ftp.exslt.org /www.exslt.org/public_html/date/functions/year date.year.xsl
102.12.03 11:10 B C:\jakarta-tomcat-3.2.4\webapps\cocoon\exslt\date\functions\year\date.year.zip --> ftp.exslt.org /www.exslt.org/public_html/date/functions/year date.year.zip
102.12.03 11:10 B C:\jakarta-tomcat-3.2.4\webapps\cocoon\exslt\date\functions\year\index.html --> ftp.exslt.org /www.exslt.org/public_html/date/functions/year index.html
102.12.03 11:10 B C:\jakarta-tomcat-3.2.4\webapps\cocoon\exslt\date\functions\year\out.html --> ftp.exslt.org /www.exslt.org/public_html/date/functions/year out.html
102.12.03 11:10 B C:\jakarta-tomcat-3.2.4\webapps\cocoon\exslt\date\functions\year\refresh.bat --> ftp.exslt.org /www.exslt.org/public_html/date/functions/year refresh.bat
102.12.03 11:10 B C:\jakarta-tomcat-3.2.4\webapps\cocoon\exslt\date\functions\year\update.bat --> ftp.exslt.org /www.exslt.org/public_html/date/functions/year update.bat
102.12.03 11:10 B C:\jakarta-tomcat-3.2.4\webapps\cocoon\exslt\date\functions\year\WS_FTP.LOG --> ftp.exslt.org /www.exslt.org/public_html/date/functions/year WS_FTP.LOG
102.12.11 11:04 B C:\jakarta-tomcat-3.2.4\webapps\cocoon\exslt\date\functions\year\base.css --> ftp.exslt.org /www.exslt.org/public_html/date/functions/year base.css
102.12.11 11:04 B C:\jakarta-tomcat-3.2.4\webapps\cocoon\exslt\date\functions\year\date.js --> ftp.exslt.org /www.exslt.org/public_html/date/functions/year date.js
102.12.11 11:04 B C:\jakarta-tomcat-3.2.4\webapps\cocoon\exslt\date\functions\year\date.js.html --> ftp.exslt.org /www.exslt.org/public_html/date/functions/year date.js.html
102.12.11 11:04 B C:\jakarta-tomcat-3.2.4\webapps\cocoon\exslt\date\functions\year\date.msxsl.xsl --> ftp.exslt.org /www.exslt.org/public_html/date/functions/year date.msxsl.xsl
102.12.11 11:04 B C:\jakarta-tomcat-3.2.4\webapps\cocoon\exslt\date\functions\year\date.msxsl.xsl.html --> ftp.exslt.org /www.exslt.org/public_html/date/functions/year date.msxsl.xsl.html
102.12.11 11:04 B C:\jakarta-tomcat-3.2.4\webapps\cocoon\exslt\date\functions\year\date.year.1.html --> ftp.exslt.org /www.exslt.org/public_html/date/functions/year date.year.1.html
102.12.11 11:04 B C:\jakarta-tomcat-3.2.4\webapps\cocoon\exslt\date\functions\year\date.year.1.xml --> ftp.exslt.org /www.exslt.org/public_html/date/functions/year date.year.1.xml
102.12.11 11:04 B C:\jakarta-tomcat-3.2.4\webapps\cocoon\exslt\date\functions\year\date.year.2.html --> ftp.exslt.org /www.exslt.org/public_html/date/functions/year date.year.2.html
102.12.11 11:04 B C:\jakarta-tomcat-3.2.4\webapps\cocoon\exslt\date\functions\year\date.year.function.xsl --> ftp.exslt.org /www.exslt.org/public_html/date/functions/year date.year.function.xsl
102.12.11 11:04 B C:\jakarta-tomcat-3.2.4\webapps\cocoon\exslt\date\functions\year\date.year.function.xsl.html --> ftp.exslt.org /www.exslt.org/public_html/date/functions/year date.year.function.xsl.html
102.12.11 11:04 B C:\jakarta-tomcat-3.2.4\webapps\cocoon\exslt\date\functions\year\date.year.html --> ftp.exslt.org /www.exslt.org/public_html/date/functions/year date.year.html
102.12.11 11:04 B C:\jakarta-tomcat-3.2.4\webapps\cocoon\exslt\date\functions\year\date.year.package.txt --> ftp.exslt.org /www.exslt.org/public_html/date/functions/year date.year.package.txt
102.12.11 11:04 B C:\jakarta-tomcat-3.2.4\webapps\cocoon\exslt\date\functions\year\date.year.template.xsl --> ftp.exslt.org /www.exslt.org/public_html/date/functions/year date.year.template.xsl
102.12.11 11:04 B C:\jakarta-tomcat-3.2.4\webapps\cocoon\exslt\date\functions\year\date.year.template.xsl.html --> ftp.exslt.org /www.exslt.org/public_html/date/functions/year date.year.template.xsl.html
102.12.11 11:04 B C:\jakarta-tomcat-3.2.4\webapps\cocoon\exslt\date\functions\year\date.year.use-cases.txt --> ftp.exslt.org /www.exslt.org/public_html/date/functions/year date.year.use-cases.txt
102.12.11 11:04 B C:\jakarta-tomcat-3.2.4\webapps\cocoon\exslt\date\functions\year\date.year.use-cases.zip --> ftp.exslt.org /www.exslt.org/public_html/date/functions/year date.year.use-cases.zip
102.12.11 11:04 B C:\jakarta-tomcat-3.2.4\webapps\cocoon\exslt\date\functions\year\date.year.xml --> ftp.exslt.org /www.exslt.org/public_html/date/functions/year date.year.xml
102.12.11 11:04 B C:\jakarta-tomcat-3.2.4\webapps\cocoon\exslt\date\functions\year\date.year.xsl --> ftp.exslt.org /www.exslt.org/public_html/date/functions/year date.year.xsl
102.12.11 11:04 B C:\jakarta-tomcat-3.2.4\webapps\cocoon\exslt\date\functions\year\date.year.zip --> ftp.exslt.org /www.exslt.org/public_html/date/functions/year date.year.zip
102.12.11 11:04 B C:\jakarta-tomcat-3.2.4\webapps\cocoon\exslt\date\functions\year\index.html --> ftp.exslt.org /www.exslt.org/public_html/date/functions/year index.html
102.12.11 11:04 B C:\jakarta-tomcat-3.2.4\webapps\cocoon\exslt\date\functions\year\out.html --> ftp.exslt.org /www.exslt.org/public_html/date/functions/year out.html
102.12.11 11:04 B C:\jakarta-tomcat-3.2.4\webapps\cocoon\exslt\date\functions\year\refresh.bat --> ftp.exslt.org /www.exslt.org/public_html/date/functions/year refresh.bat
102.12.11 11:04 B C:\jakarta-tomcat-3.2.4\webapps\cocoon\exslt\date\functions\year\update.bat --> ftp.exslt.org /www.exslt.org/public_html/date/functions/year update.bat
103.09.29 15:22 B C:\jakarta-tomcat-3.2.4\webapps\cocoon\exslt\date\functions\year\WS_FTP.LOG <-- ftp.exslt.org /www.exslt.org/public_html/date/functions/year WS_FTP.LOG
103.10.21 13:06 B C:\jakarta-tomcat-3.2.4\webapps\cocoon\exslt\date\functions\year\base.css --> marian.cs.nott.ac.uk /stud/pg/cds/exslt/date/functions/year base.css
103.10.21 13:06 B C:\jakarta-tomcat-3.2.4\webapps\cocoon\exslt\date\functions\year\date.js --> marian.cs.nott.ac.uk /stud/pg/cds/exslt/date/functions/year date.js
103.10.21 13:06 B C:\jakarta-tomcat-3.2.4\webapps\cocoon\exslt\date\functions\year\date.js.html --> marian.cs.nott.ac.uk /stud/pg/cds/exslt/date/functions/year date.js.html
103.10.21 13:06 B C:\jakarta-tomcat-3.2.4\webapps\cocoon\exslt\date\functions\year\date.msxsl.xsl --> marian.cs.nott.ac.uk /stud/pg/cds/exslt/date/functions/year date.msxsl.xsl
103.10.21 13:06 B C:\jakarta-tomcat-3.2.4\webapps\cocoon\exslt\date\functions\year\date.msxsl.xsl.html --> marian.cs.nott.ac.uk /stud/pg/cds/exslt/date/functions/year date.msxsl.xsl.html
103.10.21 13:06 B C:\jakarta-tomcat-3.2.4\webapps\cocoon\exslt\date\functions\year\date.year.1.html --> marian.cs.nott.ac.uk /stud/pg/cds/exslt/date/functions/year date.year.1.html
103.10.21 13:06 B C:\jakarta-tomcat-3.2.4\webapps\cocoon\exslt\date\functions\year\date.year.1.xml --> marian.cs.nott.ac.uk /stud/pg/cds/exslt/date/functions/year date.year.1.xml
103.10.21 13:06 B C:\jakarta-tomcat-3.2.4\webapps\cocoon\exslt\date\functions\year\date.year.2.html --> marian.cs.nott.ac.uk /stud/pg/cds/exslt/date/functions/year date.year.2.html
103.10.21 13:06 B C:\jakarta-tomcat-3.2.4\webapps\cocoon\exslt\date\functions\year\date.year.function.xsl --> marian.cs.nott.ac.uk /stud/pg/cds/exslt/date/functions/year date.year.function.xsl
103.10.21 13:06 B C:\jakarta-tomcat-3.2.4\webapps\cocoon\exslt\date\functions\year\date.year.function.xsl.html --> marian.cs.nott.ac.uk /stud/pg/cds/exslt/date/functions/year date.year.function.xsl.html
103.10.21 13:06 B C:\jakarta-tomcat-3.2.4\webapps\cocoon\exslt\date\functions\year\date.year.html --> marian.cs.nott.ac.uk /stud/pg/cds/exslt/date/functions/year date.year.html
103.10.21 13:06 B C:\jakarta-tomcat-3.2.4\webapps\cocoon\exslt\date\functions\year\date.year.package.txt --> marian.cs.nott.ac.uk /stud/pg/cds/exslt/date/functions/year date.year.package.txt
103.10.21 13:06 B C:\jakarta-tomcat-3.2.4\webapps\cocoon\exslt\date\functions\year\date.year.template.xsl --> marian.cs.nott.ac.uk /stud/pg/cds/exslt/date/functions/year date.year.template.xsl
103.10.21 13:06 B C:\jakarta-tomcat-3.2.4\webapps\cocoon\exslt\date\functions\year\date.year.template.xsl.html --> marian.cs.nott.ac.uk /stud/pg/cds/exslt/date/functions/year date.year.template.xsl.html
103.10.21 13:06 B C:\jakarta-tomcat-3.2.4\webapps\cocoon\exslt\date\functions\year\date.year.use-cases.txt --> marian.cs.nott.ac.uk /stud/pg/cds/exslt/date/functions/year date.year.use-cases.txt
103.10.21 13:06 B C:\jakarta-tomcat-3.2.4\webapps\cocoon\exslt\date\functions\year\date.year.use-cases.zip --> marian.cs.nott.ac.uk /stud/pg/cds/exslt/date/functions/year date.year.use-cases.zip
103.10.21 13:06 B C:\jakarta-tomcat-3.2.4\webapps\cocoon\exslt\date\functions\year\date.year.xml --> marian.cs.nott.ac.uk /stud/pg/cds/exslt/date/functions/year date.year.xml
103.10.21 13:06 B C:\jakarta-tomcat-3.2.4\webapps\cocoon\exslt\date\functions\year\date.year.xsl --> marian.cs.nott.ac.uk /stud/pg/cds/exslt/date/functions/year date.year.xsl
103.10.21 13:06 B C:\jakarta-tomcat-3.2.4\webapps\cocoon\exslt\date\functions\year\date.year.zip --> marian.cs.nott.ac.uk /stud/pg/cds/exslt/date/functions/year date.year.zip
103.10.21 13:06 B C:\jakarta-tomcat-3.2.4\webapps\cocoon\exslt\date\functions\year\index.html --> marian.cs.nott.ac.uk /stud/pg/cds/exslt/date/functions/year index.html
103.10.21 13:06 B C:\jakarta-tomcat-3.2.4\webapps\cocoon\exslt\date\functions\year\out.html --> marian.cs.nott.ac.uk /stud/pg/cds/exslt/date/functions/year out.html
103.10.21 13:06 B C:\jakarta-tomcat-3.2.4\webapps\cocoon\exslt\date\functions\year\refresh.bat --> marian.cs.nott.ac.uk /stud/pg/cds/exslt/date/functions/year refresh.bat
103.10.21 13:06 B C:\jakarta-tomcat-3.2.4\webapps\cocoon\exslt\date\functions\year\update.bat --> marian.cs.nott.ac.uk /stud/pg/cds/exslt/date/functions/year update.bat
103.10.21 13:06 B C:\jakarta-tomcat-3.2.4\webapps\cocoon\exslt\date\functions\year\WS_FTP.LOG --> marian.cs.nott.ac.uk /stud/pg/cds/exslt/date/functions/year WS_FTP.LOG
103.10.23 15:31 B C:\jakarta-tomcat-3.2.4\webapps\cocoon\exslt\date\functions\year\base.css --> ftp.exslt.org /www.exslt.org/public_html/date/functions/year base.css
103.10.23 15:31 B C:\jakarta-tomcat-3.2.4\webapps\cocoon\exslt\date\functions\year\date.js --> ftp.exslt.org /www.exslt.org/public_html/date/functions/year date.js
103.10.23 15:31 B C:\jakarta-tomcat-3.2.4\webapps\cocoon\exslt\date\functions\year\date.js.html --> ftp.exslt.org /www.exslt.org/public_html/date/functions/year date.js.html
103.10.23 15:31 B C:\jakarta-tomcat-3.2.4\webapps\cocoon\exslt\date\functions\year\date.msxsl.xsl --> ftp.exslt.org /www.exslt.org/public_html/date/functions/year date.msxsl.xsl
103.10.23 15:31 B C:\jakarta-tomcat-3.2.4\webapps\cocoon\exslt\date\functions\year\date.msxsl.xsl.html --> ftp.exslt.org /www.exslt.org/public_html/date/functions/year date.msxsl.xsl.html
103.10.23 15:31 B C:\jakarta-tomcat-3.2.4\webapps\cocoon\exslt\date\functions\year\date.year.1.html --> ftp.exslt.org /www.exslt.org/public_html/date/functions/year date.year.1.html
103.10.23 15:31 B C:\jakarta-tomcat-3.2.4\webapps\cocoon\exslt\date\functions\year\date.year.1.xml --> ftp.exslt.org /www.exslt.org/public_html/date/functions/year date.year.1.xml
103.10.23 15:31 B C:\jakarta-tomcat-3.2.4\webapps\cocoon\exslt\date\functions\year\date.year.2.html --> ftp.exslt.org /www.exslt.org/public_html/date/functions/year date.year.2.html
103.10.23 15:31 B C:\jakarta-tomcat-3.2.4\webapps\cocoon\exslt\date\functions\year\date.year.function.xsl --> ftp.exslt.org /www.exslt.org/public_html/date/functions/year date.year.function.xsl
103.10.23 15:31 B C:\jakarta-tomcat-3.2.4\webapps\cocoon\exslt\date\functions\year\date.year.function.xsl.html --> ftp.exslt.org /www.exslt.org/public_html/date/functions/year date.year.function.xsl.html
103.10.23 15:31 B C:\jakarta-tomcat-3.2.4\webapps\cocoon\exslt\date\functions\year\date.year.html --> ftp.exslt.org /www.exslt.org/public_html/date/functions/year date.year.html
103.10.23 15:31 B C:\jakarta-tomcat-3.2.4\webapps\cocoon\exslt\date\functions\year\date.year.package.txt --> ftp.exslt.org /www.exslt.org/public_html/date/functions/year date.year.package.txt
103.10.23 15:31 B C:\jakarta-tomcat-3.2.4\webapps\cocoon\exslt\date\functions\year\date.year.template.xsl --> ftp.exslt.org /www.exslt.org/public_html/date/functions/year date.year.template.xsl
103.10.23 15:31 B C:\jakarta-tomcat-3.2.4\webapps\cocoon\exslt\date\functions\year\date.year.template.xsl.html --> ftp.exslt.org /www.exslt.org/public_html/date/functions/year date.year.template.xsl.html
103.10.23 15:31 B C:\jakarta-tomcat-3.2.4\webapps\cocoon\exslt\date\functions\year\date.year.use-cases.txt --> ftp.exslt.org /www.exslt.org/public_html/date/functions/year date.year.use-cases.txt
103.10.23 15:31 B C:\jakarta-tomcat-3.2.4\webapps\cocoon\exslt\date\functions\year\date.year.use-cases.zip --> ftp.exslt.org /www.exslt.org/public_html/date/functions/year date.year.use-cases.zip
103.10.23 15:31 B C:\jakarta-tomcat-3.2.4\webapps\cocoon\exslt\date\functions\year\date.year.xml --> ftp.exslt.org /www.exslt.org/public_html/date/functions/year date.year.xml
103.10.23 15:31 B C:\jakarta-tomcat-3.2.4\webapps\cocoon\exslt\date\functions\year\date.year.xsl --> ftp.exslt.org /www.exslt.org/public_html/date/functions/year date.year.xsl
103.10.23 15:32 B C:\jakarta-tomcat-3.2.4\webapps\cocoon\exslt\date\functions\year\date.year.zip --> ftp.exslt.org /www.exslt.org/public_html/date/functions/year date.year.zip
103.10.23 15:32 B C:\jakarta-tomcat-3.2.4\webapps\cocoon\exslt\date\functions\year\index.html --> ftp.exslt.org /www.exslt.org/public_html/date/functions/year index.html
103.10.23 15:32 B C:\jakarta-tomcat-3.2.4\webapps\cocoon\exslt\date\functions\year\out.html --> ftp.exslt.org /www.exslt.org/public_html/date/functions/year out.html
103.10.23 15:32 B C:\jakarta-tomcat-3.2.4\webapps\cocoon\exslt\date\functions\year\refresh.bat --> ftp.exslt.org /www.exslt.org/public_html/date/functions/year refresh.bat
103.10.23 15:32 B C:\jakarta-tomcat-3.2.4\webapps\cocoon\exslt\date\functions\year\update.bat --> ftp.exslt.org /www.exslt.org/public_html/date/functions/year update.bat
