102.12.02 12:34 B C:\jakarta-tomcat-3.2.4\webapps\cocoon\exslt\public_html\submissions\math\math\functions\acos\math.acos.1.xml <-- ftp.exslt.org /www.exslt.org/public_html/submissions/math/math/functions/acos math.acos.1.xml
102.12.02 12:34 B C:\jakarta-tomcat-3.2.4\webapps\cocoon\exslt\public_html\submissions\math\math\functions\acos\math.acos.1.xsl <-- ftp.exslt.org /www.exslt.org/public_html/submissions/math/math/functions/acos math.acos.1.xsl
102.12.02 12:34 B C:\jakarta-tomcat-3.2.4\webapps\cocoon\exslt\public_html\submissions\math\math\functions\acos\math.acos.javascript.submission.xml <-- ftp.exslt.org /www.exslt.org/public_html/submissions/math/math/functions/acos math.acos.javascript.submission.xml
102.12.02 12:34 B C:\jakarta-tomcat-3.2.4\webapps\cocoon\exslt\public_html\submissions\math\math\functions\acos\math.acos.js <-- ftp.exslt.org /www.exslt.org/public_html/submissions/math/math/functions/acos math.acos.js
102.12.02 12:34 B C:\jakarta-tomcat-3.2.4\webapps\cocoon\exslt\public_html\submissions\math\math\functions\acos\math.acos.msxslt.submission.xml <-- ftp.exslt.org /www.exslt.org/public_html/submissions/math/math/functions/acos math.acos.msxslt.submission.xml
102.12.02 12:34 B C:\jakarta-tomcat-3.2.4\webapps\cocoon\exslt\public_html\submissions\math\math\functions\acos\math.acos.msxslt.xsl <-- ftp.exslt.org /www.exslt.org/public_html/submissions/math/math/functions/acos math.acos.msxslt.xsl
102.12.02 12:34 B C:\jakarta-tomcat-3.2.4\webapps\cocoon\exslt\public_html\submissions\math\math\functions\acos\math.acos.submission.xml <-- ftp.exslt.org /www.exslt.org/public_html/submissions/math/math/functions/acos math.acos.submission.xml
102.12.02 12:34 B C:\jakarta-tomcat-3.2.4\webapps\cocoon\exslt\public_html\submissions\math\math\functions\acos\math.acos.xsl <-- ftp.exslt.org /www.exslt.org/public_html/submissions/math/math/functions/acos math.acos.xsl
102.12.03 11:16 B C:\jakarta-tomcat-3.2.4\webapps\cocoon\exslt\submissions\math\math\functions\acos\math.acos.1.xml --> ftp.exslt.org /www.exslt.org/public_html/submissions/math/math/functions/acos math.acos.1.xml
102.12.03 11:16 B C:\jakarta-tomcat-3.2.4\webapps\cocoon\exslt\submissions\math\math\functions\acos\math.acos.1.xsl --> ftp.exslt.org /www.exslt.org/public_html/submissions/math/math/functions/acos math.acos.1.xsl
102.12.03 11:16 B C:\jakarta-tomcat-3.2.4\webapps\cocoon\exslt\submissions\math\math\functions\acos\math.acos.javascript.submission.xml --> ftp.exslt.org /www.exslt.org/public_html/submissions/math/math/functions/acos math.acos.javascript.submission.xml
102.12.03 11:16 B C:\jakarta-tomcat-3.2.4\webapps\cocoon\exslt\submissions\math\math\functions\acos\math.acos.js --> ftp.exslt.org /www.exslt.org/public_html/submissions/math/math/functions/acos math.acos.js
102.12.03 11:16 B C:\jakarta-tomcat-3.2.4\webapps\cocoon\exslt\submissions\math\math\functions\acos\math.acos.msxslt.submission.xml --> ftp.exslt.org /www.exslt.org/public_html/submissions/math/math/functions/acos math.acos.msxslt.submission.xml
102.12.03 11:16 B C:\jakarta-tomcat-3.2.4\webapps\cocoon\exslt\submissions\math\math\functions\acos\math.acos.msxslt.xsl --> ftp.exslt.org /www.exslt.org/public_html/submissions/math/math/functions/acos math.acos.msxslt.xsl
102.12.03 11:16 B C:\jakarta-tomcat-3.2.4\webapps\cocoon\exslt\submissions\math\math\functions\acos\math.acos.submission.xml --> ftp.exslt.org /www.exslt.org/public_html/submissions/math/math/functions/acos math.acos.submission.xml
102.12.03 11:16 B C:\jakarta-tomcat-3.2.4\webapps\cocoon\exslt\submissions\math\math\functions\acos\math.acos.xsl --> ftp.exslt.org /www.exslt.org/public_html/submissions/math/math/functions/acos math.acos.xsl
102.12.03 11:16 B C:\jakarta-tomcat-3.2.4\webapps\cocoon\exslt\submissions\math\math\functions\acos\WS_FTP.LOG --> ftp.exslt.org /www.exslt.org/public_html/submissions/math/math/functions/acos WS_FTP.LOG
102.12.11 11:13 B C:\jakarta-tomcat-3.2.4\webapps\cocoon\exslt\submissions\math\math\functions\acos\math.acos.1.xml --> ftp.exslt.org /www.exslt.org/public_html/submissions/math/math/functions/acos math.acos.1.xml
102.12.11 11:13 B C:\jakarta-tomcat-3.2.4\webapps\cocoon\exslt\submissions\math\math\functions\acos\math.acos.1.xsl --> ftp.exslt.org /www.exslt.org/public_html/submissions/math/math/functions/acos math.acos.1.xsl
102.12.11 11:13 B C:\jakarta-tomcat-3.2.4\webapps\cocoon\exslt\submissions\math\math\functions\acos\math.acos.javascript.submission.xml --> ftp.exslt.org /www.exslt.org/public_html/submissions/math/math/functions/acos math.acos.javascript.submission.xml
102.12.11 11:13 B C:\jakarta-tomcat-3.2.4\webapps\cocoon\exslt\submissions\math\math\functions\acos\math.acos.js --> ftp.exslt.org /www.exslt.org/public_html/submissions/math/math/functions/acos math.acos.js
102.12.11 11:13 B C:\jakarta-tomcat-3.2.4\webapps\cocoon\exslt\submissions\math\math\functions\acos\math.acos.msxslt.submission.xml --> ftp.exslt.org /www.exslt.org/public_html/submissions/math/math/functions/acos math.acos.msxslt.submission.xml
102.12.11 11:13 B C:\jakarta-tomcat-3.2.4\webapps\cocoon\exslt\submissions\math\math\functions\acos\math.acos.msxslt.xsl --> ftp.exslt.org /www.exslt.org/public_html/submissions/math/math/functions/acos math.acos.msxslt.xsl
102.12.11 11:13 B C:\jakarta-tomcat-3.2.4\webapps\cocoon\exslt\submissions\math\math\functions\acos\math.acos.submission.xml --> ftp.exslt.org /www.exslt.org/public_html/submissions/math/math/functions/acos math.acos.submission.xml
102.12.11 11:13 B C:\jakarta-tomcat-3.2.4\webapps\cocoon\exslt\submissions\math\math\functions\acos\math.acos.xsl --> ftp.exslt.org /www.exslt.org/public_html/submissions/math/math/functions/acos math.acos.xsl
