102.08.21 17:31 B C:\jakarta-tomcat-3.2.4\webapps\cocoon\exslt\exsl\functions\node-set\base.css --> ftp.exslt.org /www.exslt.org/public_html/exsl/functions/node-set base.css
102.08.21 17:31 B C:\jakarta-tomcat-3.2.4\webapps\cocoon\exslt\exsl\functions\node-set\exsl.node-set.1.xml --> ftp.exslt.org /www.exslt.org/public_html/exsl/functions/node-set exsl.node-set.1.xml
102.08.21 17:31 B C:\jakarta-tomcat-3.2.4\webapps\cocoon\exslt\exsl\functions\node-set\exsl.node-set.1.xsl --> ftp.exslt.org /www.exslt.org/public_html/exsl/functions/node-set exsl.node-set.1.xsl
102.08.21 17:31 B C:\jakarta-tomcat-3.2.4\webapps\cocoon\exslt\exsl\functions\node-set\exsl.node-set.2.xsl --> ftp.exslt.org /www.exslt.org/public_html/exsl/functions/node-set exsl.node-set.2.xsl
102.08.21 17:31 B C:\jakarta-tomcat-3.2.4\webapps\cocoon\exslt\exsl\functions\node-set\exsl.node-set.4.html --> ftp.exslt.org /www.exslt.org/public_html/exsl/functions/node-set exsl.node-set.4.html
102.08.21 17:31 B C:\jakarta-tomcat-3.2.4\webapps\cocoon\exslt\exsl\functions\node-set\exsl.node-set.data.1.xml --> ftp.exslt.org /www.exslt.org/public_html/exsl/functions/node-set exsl.node-set.data.1.xml
102.08.21 17:31 B C:\jakarta-tomcat-3.2.4\webapps\cocoon\exslt\exsl\functions\node-set\exsl.node-set.data.2.xml --> ftp.exslt.org /www.exslt.org/public_html/exsl/functions/node-set exsl.node-set.data.2.xml
102.08.21 17:31 B C:\jakarta-tomcat-3.2.4\webapps\cocoon\exslt\exsl\functions\node-set\exsl.node-set.html --> ftp.exslt.org /www.exslt.org/public_html/exsl/functions/node-set exsl.node-set.html
102.08.21 17:31 B C:\jakarta-tomcat-3.2.4\webapps\cocoon\exslt\exsl\functions\node-set\exsl.node-set.package.txt --> ftp.exslt.org /www.exslt.org/public_html/exsl/functions/node-set exsl.node-set.package.txt
102.08.21 17:31 B C:\jakarta-tomcat-3.2.4\webapps\cocoon\exslt\exsl\functions\node-set\exsl.node-set.result.1.xml --> ftp.exslt.org /www.exslt.org/public_html/exsl/functions/node-set exsl.node-set.result.1.xml
102.08.21 17:31 B C:\jakarta-tomcat-3.2.4\webapps\cocoon\exslt\exsl\functions\node-set\exsl.node-set.result.2.xml --> ftp.exslt.org /www.exslt.org/public_html/exsl/functions/node-set exsl.node-set.result.2.xml
102.08.21 17:31 B C:\jakarta-tomcat-3.2.4\webapps\cocoon\exslt\exsl\functions\node-set\exsl.node-set.use-case.1.html --> ftp.exslt.org /www.exslt.org/public_html/exsl/functions/node-set exsl.node-set.use-case.1.html
102.08.21 17:31 B C:\jakarta-tomcat-3.2.4\webapps\cocoon\exslt\exsl\functions\node-set\exsl.node-set.use-case.2.html --> ftp.exslt.org /www.exslt.org/public_html/exsl/functions/node-set exsl.node-set.use-case.2.html
102.08.21 17:31 B C:\jakarta-tomcat-3.2.4\webapps\cocoon\exslt\exsl\functions\node-set\exsl.node-set.use-cases.txt --> ftp.exslt.org /www.exslt.org/public_html/exsl/functions/node-set exsl.node-set.use-cases.txt
102.08.21 17:31 B C:\jakarta-tomcat-3.2.4\webapps\cocoon\exslt\exsl\functions\node-set\exsl.node-set.use-cases.zip --> ftp.exslt.org /www.exslt.org/public_html/exsl/functions/node-set exsl.node-set.use-cases.zip
102.08.21 17:31 B C:\jakarta-tomcat-3.2.4\webapps\cocoon\exslt\exsl\functions\node-set\exsl.node-set.xml --> ftp.exslt.org /www.exslt.org/public_html/exsl/functions/node-set exsl.node-set.xml
102.08.21 17:31 B C:\jakarta-tomcat-3.2.4\webapps\cocoon\exslt\exsl\functions\node-set\exsl.node-set.zip --> ftp.exslt.org /www.exslt.org/public_html/exsl/functions/node-set exsl.node-set.zip
102.08.21 17:31 B C:\jakarta-tomcat-3.2.4\webapps\cocoon\exslt\exsl\functions\node-set\index.html --> ftp.exslt.org /www.exslt.org/public_html/exsl/functions/node-set index.html
102.08.21 17:31 B C:\jakarta-tomcat-3.2.4\webapps\cocoon\exslt\exsl\functions\node-set\refresh.bat --> ftp.exslt.org /www.exslt.org/public_html/exsl/functions/node-set refresh.bat
102.08.21 17:31 B C:\jakarta-tomcat-3.2.4\webapps\cocoon\exslt\exsl\functions\node-set\update.bat --> ftp.exslt.org /www.exslt.org/public_html/exsl/functions/node-set update.bat
102.11.19 13:15 B C:\jakarta-tomcat-3.2.4\webapps\cocoon\exslt\exsl\functions\node-set\base.css --> ftp.exslt.org /www.exslt.org/public_html/exsl/functions/node-set base.css
102.11.19 13:15 B C:\jakarta-tomcat-3.2.4\webapps\cocoon\exslt\exsl\functions\node-set\exsl.node-set.1.xml --> ftp.exslt.org /www.exslt.org/public_html/exsl/functions/node-set exsl.node-set.1.xml
102.11.19 13:15 B C:\jakarta-tomcat-3.2.4\webapps\cocoon\exslt\exsl\functions\node-set\exsl.node-set.1.xsl --> ftp.exslt.org /www.exslt.org/public_html/exsl/functions/node-set exsl.node-set.1.xsl
102.11.19 13:15 B C:\jakarta-tomcat-3.2.4\webapps\cocoon\exslt\exsl\functions\node-set\exsl.node-set.2.xsl --> ftp.exslt.org /www.exslt.org/public_html/exsl/functions/node-set exsl.node-set.2.xsl
102.11.19 13:15 B C:\jakarta-tomcat-3.2.4\webapps\cocoon\exslt\exsl\functions\node-set\exsl.node-set.4.html --> ftp.exslt.org /www.exslt.org/public_html/exsl/functions/node-set exsl.node-set.4.html
102.11.19 13:15 B C:\jakarta-tomcat-3.2.4\webapps\cocoon\exslt\exsl\functions\node-set\exsl.node-set.data.1.xml --> ftp.exslt.org /www.exslt.org/public_html/exsl/functions/node-set exsl.node-set.data.1.xml
102.11.19 13:15 B C:\jakarta-tomcat-3.2.4\webapps\cocoon\exslt\exsl\functions\node-set\exsl.node-set.data.2.xml --> ftp.exslt.org /www.exslt.org/public_html/exsl/functions/node-set exsl.node-set.data.2.xml
102.11.19 13:15 B C:\jakarta-tomcat-3.2.4\webapps\cocoon\exslt\exsl\functions\node-set\exsl.node-set.html --> ftp.exslt.org /www.exslt.org/public_html/exsl/functions/node-set exsl.node-set.html
102.11.19 13:15 B C:\jakarta-tomcat-3.2.4\webapps\cocoon\exslt\exsl\functions\node-set\exsl.node-set.package.txt --> ftp.exslt.org /www.exslt.org/public_html/exsl/functions/node-set exsl.node-set.package.txt
102.11.19 13:15 B C:\jakarta-tomcat-3.2.4\webapps\cocoon\exslt\exsl\functions\node-set\exsl.node-set.result.1.xml --> ftp.exslt.org /www.exslt.org/public_html/exsl/functions/node-set exsl.node-set.result.1.xml
102.11.19 13:15 B C:\jakarta-tomcat-3.2.4\webapps\cocoon\exslt\exsl\functions\node-set\exsl.node-set.result.2.xml --> ftp.exslt.org /www.exslt.org/public_html/exsl/functions/node-set exsl.node-set.result.2.xml
102.11.19 13:15 B C:\jakarta-tomcat-3.2.4\webapps\cocoon\exslt\exsl\functions\node-set\exsl.node-set.use-case.1.html --> ftp.exslt.org /www.exslt.org/public_html/exsl/functions/node-set exsl.node-set.use-case.1.html
102.11.19 13:15 B C:\jakarta-tomcat-3.2.4\webapps\cocoon\exslt\exsl\functions\node-set\exsl.node-set.use-case.2.html --> ftp.exslt.org /www.exslt.org/public_html/exsl/functions/node-set exsl.node-set.use-case.2.html
102.11.19 13:15 B C:\jakarta-tomcat-3.2.4\webapps\cocoon\exslt\exsl\functions\node-set\exsl.node-set.use-cases.txt --> ftp.exslt.org /www.exslt.org/public_html/exsl/functions/node-set exsl.node-set.use-cases.txt
102.11.19 13:15 B C:\jakarta-tomcat-3.2.4\webapps\cocoon\exslt\exsl\functions\node-set\exsl.node-set.use-cases.zip --> ftp.exslt.org /www.exslt.org/public_html/exsl/functions/node-set exsl.node-set.use-cases.zip
102.11.19 13:15 B C:\jakarta-tomcat-3.2.4\webapps\cocoon\exslt\exsl\functions\node-set\exsl.node-set.xml --> ftp.exslt.org /www.exslt.org/public_html/exsl/functions/node-set exsl.node-set.xml
102.11.19 13:15 B C:\jakarta-tomcat-3.2.4\webapps\cocoon\exslt\exsl\functions\node-set\exsl.node-set.zip --> ftp.exslt.org /www.exslt.org/public_html/exsl/functions/node-set exsl.node-set.zip
102.11.19 13:15 B C:\jakarta-tomcat-3.2.4\webapps\cocoon\exslt\exsl\functions\node-set\index.html --> ftp.exslt.org /www.exslt.org/public_html/exsl/functions/node-set index.html
102.11.19 13:15 B C:\jakarta-tomcat-3.2.4\webapps\cocoon\exslt\exsl\functions\node-set\refresh.bat --> ftp.exslt.org /www.exslt.org/public_html/exsl/functions/node-set refresh.bat
102.11.19 13:15 B C:\jakarta-tomcat-3.2.4\webapps\cocoon\exslt\exsl\functions\node-set\update.bat --> ftp.exslt.org /www.exslt.org/public_html/exsl/functions/node-set update.bat
102.11.19 13:15 B C:\jakarta-tomcat-3.2.4\webapps\cocoon\exslt\exsl\functions\node-set\WS_FTP.LOG --> ftp.exslt.org /www.exslt.org/public_html/exsl/functions/node-set WS_FTP.LOG
102.11.19 13:21 B C:\jakarta-tomcat-3.2.4\webapps\cocoon\exslt\exsl\functions\node-set\base.css --> ftp.exslt.org /www.exslt.org/public_html/exsl/functions/node-set base.css
102.11.19 13:21 B C:\jakarta-tomcat-3.2.4\webapps\cocoon\exslt\exsl\functions\node-set\exsl.node-set.1.xml --> ftp.exslt.org /www.exslt.org/public_html/exsl/functions/node-set exsl.node-set.1.xml
102.11.19 13:21 B C:\jakarta-tomcat-3.2.4\webapps\cocoon\exslt\exsl\functions\node-set\exsl.node-set.1.xsl --> ftp.exslt.org /www.exslt.org/public_html/exsl/functions/node-set exsl.node-set.1.xsl
102.11.19 13:21 B C:\jakarta-tomcat-3.2.4\webapps\cocoon\exslt\exsl\functions\node-set\exsl.node-set.2.xsl --> ftp.exslt.org /www.exslt.org/public_html/exsl/functions/node-set exsl.node-set.2.xsl
102.11.19 13:21 B C:\jakarta-tomcat-3.2.4\webapps\cocoon\exslt\exsl\functions\node-set\exsl.node-set.4.html --> ftp.exslt.org /www.exslt.org/public_html/exsl/functions/node-set exsl.node-set.4.html
102.11.19 13:21 B C:\jakarta-tomcat-3.2.4\webapps\cocoon\exslt\exsl\functions\node-set\exsl.node-set.data.1.xml --> ftp.exslt.org /www.exslt.org/public_html/exsl/functions/node-set exsl.node-set.data.1.xml
102.11.19 13:21 B C:\jakarta-tomcat-3.2.4\webapps\cocoon\exslt\exsl\functions\node-set\exsl.node-set.data.2.xml --> ftp.exslt.org /www.exslt.org/public_html/exsl/functions/node-set exsl.node-set.data.2.xml
102.11.19 13:22 B C:\jakarta-tomcat-3.2.4\webapps\cocoon\exslt\exsl\functions\node-set\exsl.node-set.html --> ftp.exslt.org /www.exslt.org/public_html/exsl/functions/node-set exsl.node-set.html
102.11.19 13:22 B C:\jakarta-tomcat-3.2.4\webapps\cocoon\exslt\exsl\functions\node-set\exsl.node-set.package.txt --> ftp.exslt.org /www.exslt.org/public_html/exsl/functions/node-set exsl.node-set.package.txt
102.11.19 13:22 B C:\jakarta-tomcat-3.2.4\webapps\cocoon\exslt\exsl\functions\node-set\exsl.node-set.result.1.xml --> ftp.exslt.org /www.exslt.org/public_html/exsl/functions/node-set exsl.node-set.result.1.xml
102.11.19 13:22 B C:\jakarta-tomcat-3.2.4\webapps\cocoon\exslt\exsl\functions\node-set\exsl.node-set.result.2.xml --> ftp.exslt.org /www.exslt.org/public_html/exsl/functions/node-set exsl.node-set.result.2.xml
102.11.19 13:22 B C:\jakarta-tomcat-3.2.4\webapps\cocoon\exslt\exsl\functions\node-set\exsl.node-set.use-case.1.html --> ftp.exslt.org /www.exslt.org/public_html/exsl/functions/node-set exsl.node-set.use-case.1.html
102.11.19 13:22 B C:\jakarta-tomcat-3.2.4\webapps\cocoon\exslt\exsl\functions\node-set\exsl.node-set.use-case.2.html --> ftp.exslt.org /www.exslt.org/public_html/exsl/functions/node-set exsl.node-set.use-case.2.html
102.11.19 13:22 B C:\jakarta-tomcat-3.2.4\webapps\cocoon\exslt\exsl\functions\node-set\exsl.node-set.use-cases.txt --> ftp.exslt.org /www.exslt.org/public_html/exsl/functions/node-set exsl.node-set.use-cases.txt
102.11.19 13:22 B C:\jakarta-tomcat-3.2.4\webapps\cocoon\exslt\exsl\functions\node-set\exsl.node-set.use-cases.zip --> ftp.exslt.org /www.exslt.org/public_html/exsl/functions/node-set exsl.node-set.use-cases.zip
102.11.19 13:22 B C:\jakarta-tomcat-3.2.4\webapps\cocoon\exslt\exsl\functions\node-set\exsl.node-set.xml --> ftp.exslt.org /www.exslt.org/public_html/exsl/functions/node-set exsl.node-set.xml
102.11.19 13:22 B C:\jakarta-tomcat-3.2.4\webapps\cocoon\exslt\exsl\functions\node-set\exsl.node-set.zip --> ftp.exslt.org /www.exslt.org/public_html/exsl/functions/node-set exsl.node-set.zip
102.11.19 13:22 B C:\jakarta-tomcat-3.2.4\webapps\cocoon\exslt\exsl\functions\node-set\index.html --> ftp.exslt.org /www.exslt.org/public_html/exsl/functions/node-set index.html
102.11.19 13:22 B C:\jakarta-tomcat-3.2.4\webapps\cocoon\exslt\exsl\functions\node-set\refresh.bat --> ftp.exslt.org /www.exslt.org/public_html/exsl/functions/node-set refresh.bat
102.11.19 13:22 B C:\jakarta-tomcat-3.2.4\webapps\cocoon\exslt\exsl\functions\node-set\update.bat --> ftp.exslt.org /www.exslt.org/public_html/exsl/functions/node-set update.bat
102.12.02 12:22 B C:\jakarta-tomcat-3.2.4\webapps\cocoon\exslt\public_html\exsl\functions\node-set\WS_FTP.LOG <-- ftp.exslt.org /www.exslt.org/public_html/exsl/functions/node-set WS_FTP.LOG
102.12.03 11:10 B C:\jakarta-tomcat-3.2.4\webapps\cocoon\exslt\exsl\functions\node-set\base.css --> ftp.exslt.org /www.exslt.org/public_html/exsl/functions/node-set base.css
102.12.03 11:10 B C:\jakarta-tomcat-3.2.4\webapps\cocoon\exslt\exsl\functions\node-set\exsl.node-set.1.html --> ftp.exslt.org /www.exslt.org/public_html/exsl/functions/node-set exsl.node-set.1.html
102.12.03 11:10 B C:\jakarta-tomcat-3.2.4\webapps\cocoon\exslt\exsl\functions\node-set\exsl.node-set.1.xml --> ftp.exslt.org /www.exslt.org/public_html/exsl/functions/node-set exsl.node-set.1.xml
102.12.03 11:10 B C:\jakarta-tomcat-3.2.4\webapps\cocoon\exslt\exsl\functions\node-set\exsl.node-set.1.xsl --> ftp.exslt.org /www.exslt.org/public_html/exsl/functions/node-set exsl.node-set.1.xsl
102.12.03 11:10 B C:\jakarta-tomcat-3.2.4\webapps\cocoon\exslt\exsl\functions\node-set\exsl.node-set.2.html --> ftp.exslt.org /www.exslt.org/public_html/exsl/functions/node-set exsl.node-set.2.html
102.12.03 11:10 B C:\jakarta-tomcat-3.2.4\webapps\cocoon\exslt\exsl\functions\node-set\exsl.node-set.2.xml --> ftp.exslt.org /www.exslt.org/public_html/exsl/functions/node-set exsl.node-set.2.xml
102.12.03 11:11 B C:\jakarta-tomcat-3.2.4\webapps\cocoon\exslt\exsl\functions\node-set\exsl.node-set.2.xsl --> ftp.exslt.org /www.exslt.org/public_html/exsl/functions/node-set exsl.node-set.2.xsl
102.12.03 11:11 B C:\jakarta-tomcat-3.2.4\webapps\cocoon\exslt\exsl\functions\node-set\exsl.node-set.3.html --> ftp.exslt.org /www.exslt.org/public_html/exsl/functions/node-set exsl.node-set.3.html
102.12.03 11:11 B C:\jakarta-tomcat-3.2.4\webapps\cocoon\exslt\exsl\functions\node-set\exsl.node-set.3.xml --> ftp.exslt.org /www.exslt.org/public_html/exsl/functions/node-set exsl.node-set.3.xml
102.12.03 11:11 B C:\jakarta-tomcat-3.2.4\webapps\cocoon\exslt\exsl\functions\node-set\exsl.node-set.4.html --> ftp.exslt.org /www.exslt.org/public_html/exsl/functions/node-set exsl.node-set.4.html
102.12.03 11:11 B C:\jakarta-tomcat-3.2.4\webapps\cocoon\exslt\exsl\functions\node-set\exsl.node-set.data.1.xml --> ftp.exslt.org /www.exslt.org/public_html/exsl/functions/node-set exsl.node-set.data.1.xml
102.12.03 11:11 B C:\jakarta-tomcat-3.2.4\webapps\cocoon\exslt\exsl\functions\node-set\exsl.node-set.data.2.xml --> ftp.exslt.org /www.exslt.org/public_html/exsl/functions/node-set exsl.node-set.data.2.xml
102.12.03 11:11 B C:\jakarta-tomcat-3.2.4\webapps\cocoon\exslt\exsl\functions\node-set\exsl.node-set.html --> ftp.exslt.org /www.exslt.org/public_html/exsl/functions/node-set exsl.node-set.html
102.12.03 11:11 B C:\jakarta-tomcat-3.2.4\webapps\cocoon\exslt\exsl\functions\node-set\exsl.node-set.package.txt --> ftp.exslt.org /www.exslt.org/public_html/exsl/functions/node-set exsl.node-set.package.txt
102.12.03 11:11 B C:\jakarta-tomcat-3.2.4\webapps\cocoon\exslt\exsl\functions\node-set\exsl.node-set.result.1.xml --> ftp.exslt.org /www.exslt.org/public_html/exsl/functions/node-set exsl.node-set.result.1.xml
102.12.03 11:11 B C:\jakarta-tomcat-3.2.4\webapps\cocoon\exslt\exsl\functions\node-set\exsl.node-set.result.2.xml --> ftp.exslt.org /www.exslt.org/public_html/exsl/functions/node-set exsl.node-set.result.2.xml
102.12.03 11:11 B C:\jakarta-tomcat-3.2.4\webapps\cocoon\exslt\exsl\functions\node-set\exsl.node-set.use-case.1.html --> ftp.exslt.org /www.exslt.org/public_html/exsl/functions/node-set exsl.node-set.use-case.1.html
102.12.03 11:11 B C:\jakarta-tomcat-3.2.4\webapps\cocoon\exslt\exsl\functions\node-set\exsl.node-set.use-case.2.html --> ftp.exslt.org /www.exslt.org/public_html/exsl/functions/node-set exsl.node-set.use-case.2.html
102.12.03 11:11 B C:\jakarta-tomcat-3.2.4\webapps\cocoon\exslt\exsl\functions\node-set\exsl.node-set.use-cases.txt --> ftp.exslt.org /www.exslt.org/public_html/exsl/functions/node-set exsl.node-set.use-cases.txt
102.12.03 11:11 B C:\jakarta-tomcat-3.2.4\webapps\cocoon\exslt\exsl\functions\node-set\exsl.node-set.use-cases.zip --> ftp.exslt.org /www.exslt.org/public_html/exsl/functions/node-set exsl.node-set.use-cases.zip
102.12.03 11:11 B C:\jakarta-tomcat-3.2.4\webapps\cocoon\exslt\exsl\functions\node-set\exsl.node-set.xml --> ftp.exslt.org /www.exslt.org/public_html/exsl/functions/node-set exsl.node-set.xml
102.12.03 11:11 B C:\jakarta-tomcat-3.2.4\webapps\cocoon\exslt\exsl\functions\node-set\exsl.node-set.zip --> ftp.exslt.org /www.exslt.org/public_html/exsl/functions/node-set exsl.node-set.zip
102.12.03 11:11 B C:\jakarta-tomcat-3.2.4\webapps\cocoon\exslt\exsl\functions\node-set\index.html --> ftp.exslt.org /www.exslt.org/public_html/exsl/functions/node-set index.html
102.12.03 11:11 B C:\jakarta-tomcat-3.2.4\webapps\cocoon\exslt\exsl\functions\node-set\refresh.bat --> ftp.exslt.org /www.exslt.org/public_html/exsl/functions/node-set refresh.bat
102.12.03 11:11 B C:\jakarta-tomcat-3.2.4\webapps\cocoon\exslt\exsl\functions\node-set\update.bat --> ftp.exslt.org /www.exslt.org/public_html/exsl/functions/node-set update.bat
102.12.03 11:11 B C:\jakarta-tomcat-3.2.4\webapps\cocoon\exslt\exsl\functions\node-set\WS_FTP.LOG --> ftp.exslt.org /www.exslt.org/public_html/exsl/functions/node-set WS_FTP.LOG
102.12.11 11:05 B C:\jakarta-tomcat-3.2.4\webapps\cocoon\exslt\exsl\functions\node-set\base.css --> ftp.exslt.org /www.exslt.org/public_html/exsl/functions/node-set base.css
102.12.11 11:05 B C:\jakarta-tomcat-3.2.4\webapps\cocoon\exslt\exsl\functions\node-set\exsl.node-set.1.html --> ftp.exslt.org /www.exslt.org/public_html/exsl/functions/node-set exsl.node-set.1.html
102.12.11 11:05 B C:\jakarta-tomcat-3.2.4\webapps\cocoon\exslt\exsl\functions\node-set\exsl.node-set.1.xml --> ftp.exslt.org /www.exslt.org/public_html/exsl/functions/node-set exsl.node-set.1.xml
102.12.11 11:05 B C:\jakarta-tomcat-3.2.4\webapps\cocoon\exslt\exsl\functions\node-set\exsl.node-set.1.xsl --> ftp.exslt.org /www.exslt.org/public_html/exsl/functions/node-set exsl.node-set.1.xsl
102.12.11 11:05 B C:\jakarta-tomcat-3.2.4\webapps\cocoon\exslt\exsl\functions\node-set\exsl.node-set.2.html --> ftp.exslt.org /www.exslt.org/public_html/exsl/functions/node-set exsl.node-set.2.html
102.12.11 11:05 B C:\jakarta-tomcat-3.2.4\webapps\cocoon\exslt\exsl\functions\node-set\exsl.node-set.2.xml --> ftp.exslt.org /www.exslt.org/public_html/exsl/functions/node-set exsl.node-set.2.xml
102.12.11 11:05 B C:\jakarta-tomcat-3.2.4\webapps\cocoon\exslt\exsl\functions\node-set\exsl.node-set.2.xsl --> ftp.exslt.org /www.exslt.org/public_html/exsl/functions/node-set exsl.node-set.2.xsl
102.12.11 11:05 B C:\jakarta-tomcat-3.2.4\webapps\cocoon\exslt\exsl\functions\node-set\exsl.node-set.3.html --> ftp.exslt.org /www.exslt.org/public_html/exsl/functions/node-set exsl.node-set.3.html
102.12.11 11:05 B C:\jakarta-tomcat-3.2.4\webapps\cocoon\exslt\exsl\functions\node-set\exsl.node-set.3.xml --> ftp.exslt.org /www.exslt.org/public_html/exsl/functions/node-set exsl.node-set.3.xml
102.12.11 11:05 B C:\jakarta-tomcat-3.2.4\webapps\cocoon\exslt\exsl\functions\node-set\exsl.node-set.4.html --> ftp.exslt.org /www.exslt.org/public_html/exsl/functions/node-set exsl.node-set.4.html
102.12.11 11:05 B C:\jakarta-tomcat-3.2.4\webapps\cocoon\exslt\exsl\functions\node-set\exsl.node-set.data.1.xml --> ftp.exslt.org /www.exslt.org/public_html/exsl/functions/node-set exsl.node-set.data.1.xml
102.12.11 11:05 B C:\jakarta-tomcat-3.2.4\webapps\cocoon\exslt\exsl\functions\node-set\exsl.node-set.data.2.xml --> ftp.exslt.org /www.exslt.org/public_html/exsl/functions/node-set exsl.node-set.data.2.xml
102.12.11 11:05 B C:\jakarta-tomcat-3.2.4\webapps\cocoon\exslt\exsl\functions\node-set\exsl.node-set.html --> ftp.exslt.org /www.exslt.org/public_html/exsl/functions/node-set exsl.node-set.html
102.12.11 11:05 B C:\jakarta-tomcat-3.2.4\webapps\cocoon\exslt\exsl\functions\node-set\exsl.node-set.package.txt --> ftp.exslt.org /www.exslt.org/public_html/exsl/functions/node-set exsl.node-set.package.txt
102.12.11 11:05 B C:\jakarta-tomcat-3.2.4\webapps\cocoon\exslt\exsl\functions\node-set\exsl.node-set.result.1.xml --> ftp.exslt.org /www.exslt.org/public_html/exsl/functions/node-set exsl.node-set.result.1.xml
102.12.11 11:05 B C:\jakarta-tomcat-3.2.4\webapps\cocoon\exslt\exsl\functions\node-set\exsl.node-set.result.2.xml --> ftp.exslt.org /www.exslt.org/public_html/exsl/functions/node-set exsl.node-set.result.2.xml
102.12.11 11:05 B C:\jakarta-tomcat-3.2.4\webapps\cocoon\exslt\exsl\functions\node-set\exsl.node-set.use-case.1.html --> ftp.exslt.org /www.exslt.org/public_html/exsl/functions/node-set exsl.node-set.use-case.1.html
102.12.11 11:05 B C:\jakarta-tomcat-3.2.4\webapps\cocoon\exslt\exsl\functions\node-set\exsl.node-set.use-case.2.html --> ftp.exslt.org /www.exslt.org/public_html/exsl/functions/node-set exsl.node-set.use-case.2.html
102.12.11 11:05 B C:\jakarta-tomcat-3.2.4\webapps\cocoon\exslt\exsl\functions\node-set\exsl.node-set.use-cases.txt --> ftp.exslt.org /www.exslt.org/public_html/exsl/functions/node-set exsl.node-set.use-cases.txt
102.12.11 11:05 B C:\jakarta-tomcat-3.2.4\webapps\cocoon\exslt\exsl\functions\node-set\exsl.node-set.use-cases.zip --> ftp.exslt.org /www.exslt.org/public_html/exsl/functions/node-set exsl.node-set.use-cases.zip
102.12.11 11:05 B C:\jakarta-tomcat-3.2.4\webapps\cocoon\exslt\exsl\functions\node-set\exsl.node-set.xml --> ftp.exslt.org /www.exslt.org/public_html/exsl/functions/node-set exsl.node-set.xml
102.12.11 11:05 B C:\jakarta-tomcat-3.2.4\webapps\cocoon\exslt\exsl\functions\node-set\exsl.node-set.zip --> ftp.exslt.org /www.exslt.org/public_html/exsl/functions/node-set exsl.node-set.zip
102.12.11 11:05 B C:\jakarta-tomcat-3.2.4\webapps\cocoon\exslt\exsl\functions\node-set\index.html --> ftp.exslt.org /www.exslt.org/public_html/exsl/functions/node-set index.html
102.12.11 11:05 B C:\jakarta-tomcat-3.2.4\webapps\cocoon\exslt\exsl\functions\node-set\refresh.bat --> ftp.exslt.org /www.exslt.org/public_html/exsl/functions/node-set refresh.bat
102.12.11 11:05 B C:\jakarta-tomcat-3.2.4\webapps\cocoon\exslt\exsl\functions\node-set\update.bat --> ftp.exslt.org /www.exslt.org/public_html/exsl/functions/node-set update.bat
103.09.29 15:31 B C:\jakarta-tomcat-3.2.4\webapps\cocoon\exslt\exsl\functions\node-set\WS_FTP.LOG <-- ftp.exslt.org /www.exslt.org/public_html/exsl/functions/node-set WS_FTP.LOG
103.10.21 13:07 B C:\jakarta-tomcat-3.2.4\webapps\cocoon\exslt\exsl\functions\node-set\base.css --> marian.cs.nott.ac.uk /stud/pg/cds/exslt/exsl/functions/node-set base.css
103.10.21 13:07 B C:\jakarta-tomcat-3.2.4\webapps\cocoon\exslt\exsl\functions\node-set\exsl.node-set.1.html --> marian.cs.nott.ac.uk /stud/pg/cds/exslt/exsl/functions/node-set exsl.node-set.1.html
103.10.21 13:07 B C:\jakarta-tomcat-3.2.4\webapps\cocoon\exslt\exsl\functions\node-set\exsl.node-set.1.xml --> marian.cs.nott.ac.uk /stud/pg/cds/exslt/exsl/functions/node-set exsl.node-set.1.xml
103.10.21 13:07 B C:\jakarta-tomcat-3.2.4\webapps\cocoon\exslt\exsl\functions\node-set\exsl.node-set.1.xsl --> marian.cs.nott.ac.uk /stud/pg/cds/exslt/exsl/functions/node-set exsl.node-set.1.xsl
103.10.21 13:07 B C:\jakarta-tomcat-3.2.4\webapps\cocoon\exslt\exsl\functions\node-set\exsl.node-set.2.html --> marian.cs.nott.ac.uk /stud/pg/cds/exslt/exsl/functions/node-set exsl.node-set.2.html
103.10.21 13:07 B C:\jakarta-tomcat-3.2.4\webapps\cocoon\exslt\exsl\functions\node-set\exsl.node-set.2.xml --> marian.cs.nott.ac.uk /stud/pg/cds/exslt/exsl/functions/node-set exsl.node-set.2.xml
103.10.21 13:07 B C:\jakarta-tomcat-3.2.4\webapps\cocoon\exslt\exsl\functions\node-set\exsl.node-set.2.xsl --> marian.cs.nott.ac.uk /stud/pg/cds/exslt/exsl/functions/node-set exsl.node-set.2.xsl
103.10.21 13:07 B C:\jakarta-tomcat-3.2.4\webapps\cocoon\exslt\exsl\functions\node-set\exsl.node-set.3.html --> marian.cs.nott.ac.uk /stud/pg/cds/exslt/exsl/functions/node-set exsl.node-set.3.html
103.10.21 13:07 B C:\jakarta-tomcat-3.2.4\webapps\cocoon\exslt\exsl\functions\node-set\exsl.node-set.3.xml --> marian.cs.nott.ac.uk /stud/pg/cds/exslt/exsl/functions/node-set exsl.node-set.3.xml
103.10.21 13:07 B C:\jakarta-tomcat-3.2.4\webapps\cocoon\exslt\exsl\functions\node-set\exsl.node-set.4.html --> marian.cs.nott.ac.uk /stud/pg/cds/exslt/exsl/functions/node-set exsl.node-set.4.html
103.10.21 13:07 B C:\jakarta-tomcat-3.2.4\webapps\cocoon\exslt\exsl\functions\node-set\exsl.node-set.data.1.xml --> marian.cs.nott.ac.uk /stud/pg/cds/exslt/exsl/functions/node-set exsl.node-set.data.1.xml
103.10.21 13:07 B C:\jakarta-tomcat-3.2.4\webapps\cocoon\exslt\exsl\functions\node-set\exsl.node-set.data.2.xml --> marian.cs.nott.ac.uk /stud/pg/cds/exslt/exsl/functions/node-set exsl.node-set.data.2.xml
103.10.21 13:07 B C:\jakarta-tomcat-3.2.4\webapps\cocoon\exslt\exsl\functions\node-set\exsl.node-set.html --> marian.cs.nott.ac.uk /stud/pg/cds/exslt/exsl/functions/node-set exsl.node-set.html
103.10.21 13:07 B C:\jakarta-tomcat-3.2.4\webapps\cocoon\exslt\exsl\functions\node-set\exsl.node-set.package.txt --> marian.cs.nott.ac.uk /stud/pg/cds/exslt/exsl/functions/node-set exsl.node-set.package.txt
103.10.21 13:07 B C:\jakarta-tomcat-3.2.4\webapps\cocoon\exslt\exsl\functions\node-set\exsl.node-set.result.1.xml --> marian.cs.nott.ac.uk /stud/pg/cds/exslt/exsl/functions/node-set exsl.node-set.result.1.xml
103.10.21 13:07 B C:\jakarta-tomcat-3.2.4\webapps\cocoon\exslt\exsl\functions\node-set\exsl.node-set.result.2.xml --> marian.cs.nott.ac.uk /stud/pg/cds/exslt/exsl/functions/node-set exsl.node-set.result.2.xml
103.10.21 13:07 B C:\jakarta-tomcat-3.2.4\webapps\cocoon\exslt\exsl\functions\node-set\exsl.node-set.use-case.1.html --> marian.cs.nott.ac.uk /stud/pg/cds/exslt/exsl/functions/node-set exsl.node-set.use-case.1.html
103.10.21 13:07 B C:\jakarta-tomcat-3.2.4\webapps\cocoon\exslt\exsl\functions\node-set\exsl.node-set.use-case.2.html --> marian.cs.nott.ac.uk /stud/pg/cds/exslt/exsl/functions/node-set exsl.node-set.use-case.2.html
103.10.21 13:07 B C:\jakarta-tomcat-3.2.4\webapps\cocoon\exslt\exsl\functions\node-set\exsl.node-set.use-cases.txt --> marian.cs.nott.ac.uk /stud/pg/cds/exslt/exsl/functions/node-set exsl.node-set.use-cases.txt
103.10.21 13:07 B C:\jakarta-tomcat-3.2.4\webapps\cocoon\exslt\exsl\functions\node-set\exsl.node-set.use-cases.zip --> marian.cs.nott.ac.uk /stud/pg/cds/exslt/exsl/functions/node-set exsl.node-set.use-cases.zip
103.10.21 13:07 B C:\jakarta-tomcat-3.2.4\webapps\cocoon\exslt\exsl\functions\node-set\exsl.node-set.xml --> marian.cs.nott.ac.uk /stud/pg/cds/exslt/exsl/functions/node-set exsl.node-set.xml
103.10.21 13:07 B C:\jakarta-tomcat-3.2.4\webapps\cocoon\exslt\exsl\functions\node-set\exsl.node-set.zip --> marian.cs.nott.ac.uk /stud/pg/cds/exslt/exsl/functions/node-set exsl.node-set.zip
103.10.21 13:07 B C:\jakarta-tomcat-3.2.4\webapps\cocoon\exslt\exsl\functions\node-set\index.html --> marian.cs.nott.ac.uk /stud/pg/cds/exslt/exsl/functions/node-set index.html
103.10.21 13:07 B C:\jakarta-tomcat-3.2.4\webapps\cocoon\exslt\exsl\functions\node-set\refresh.bat --> marian.cs.nott.ac.uk /stud/pg/cds/exslt/exsl/functions/node-set refresh.bat
103.10.21 13:07 B C:\jakarta-tomcat-3.2.4\webapps\cocoon\exslt\exsl\functions\node-set\update.bat --> marian.cs.nott.ac.uk /stud/pg/cds/exslt/exsl/functions/node-set update.bat
103.10.21 13:07 B C:\jakarta-tomcat-3.2.4\webapps\cocoon\exslt\exsl\functions\node-set\WS_FTP.LOG --> marian.cs.nott.ac.uk /stud/pg/cds/exslt/exsl/functions/node-set WS_FTP.LOG
103.10.23 15:46 B C:\jakarta-tomcat-3.2.4\webapps\cocoon\exslt\exsl\functions\node-set\base.css --> ftp.exslt.org /www.exslt.org/public_html/exsl/functions/node-set base.css
103.10.23 15:46 B C:\jakarta-tomcat-3.2.4\webapps\cocoon\exslt\exsl\functions\node-set\exsl.node-set.1.html --> ftp.exslt.org /www.exslt.org/public_html/exsl/functions/node-set exsl.node-set.1.html
103.10.23 15:46 B C:\jakarta-tomcat-3.2.4\webapps\cocoon\exslt\exsl\functions\node-set\exsl.node-set.1.xml --> ftp.exslt.org /www.exslt.org/public_html/exsl/functions/node-set exsl.node-set.1.xml
103.10.23 15:46 B C:\jakarta-tomcat-3.2.4\webapps\cocoon\exslt\exsl\functions\node-set\exsl.node-set.1.xsl --> ftp.exslt.org /www.exslt.org/public_html/exsl/functions/node-set exsl.node-set.1.xsl
103.10.23 15:46 B C:\jakarta-tomcat-3.2.4\webapps\cocoon\exslt\exsl\functions\node-set\exsl.node-set.2.html --> ftp.exslt.org /www.exslt.org/public_html/exsl/functions/node-set exsl.node-set.2.html
103.10.23 15:47 B C:\jakarta-tomcat-3.2.4\webapps\cocoon\exslt\exsl\functions\node-set\exsl.node-set.2.xml --> ftp.exslt.org /www.exslt.org/public_html/exsl/functions/node-set exsl.node-set.2.xml
103.10.23 15:47 B C:\jakarta-tomcat-3.2.4\webapps\cocoon\exslt\exsl\functions\node-set\exsl.node-set.2.xsl --> ftp.exslt.org /www.exslt.org/public_html/exsl/functions/node-set exsl.node-set.2.xsl
103.10.23 15:47 B C:\jakarta-tomcat-3.2.4\webapps\cocoon\exslt\exsl\functions\node-set\exsl.node-set.3.html --> ftp.exslt.org /www.exslt.org/public_html/exsl/functions/node-set exsl.node-set.3.html
103.10.23 15:47 B C:\jakarta-tomcat-3.2.4\webapps\cocoon\exslt\exsl\functions\node-set\exsl.node-set.3.xml --> ftp.exslt.org /www.exslt.org/public_html/exsl/functions/node-set exsl.node-set.3.xml
103.10.23 15:47 B C:\jakarta-tomcat-3.2.4\webapps\cocoon\exslt\exsl\functions\node-set\exsl.node-set.4.html --> ftp.exslt.org /www.exslt.org/public_html/exsl/functions/node-set exsl.node-set.4.html
103.10.23 15:47 B C:\jakarta-tomcat-3.2.4\webapps\cocoon\exslt\exsl\functions\node-set\exsl.node-set.data.1.xml --> ftp.exslt.org /www.exslt.org/public_html/exsl/functions/node-set exsl.node-set.data.1.xml
103.10.23 15:47 B C:\jakarta-tomcat-3.2.4\webapps\cocoon\exslt\exsl\functions\node-set\exsl.node-set.data.2.xml --> ftp.exslt.org /www.exslt.org/public_html/exsl/functions/node-set exsl.node-set.data.2.xml
103.10.23 15:47 B C:\jakarta-tomcat-3.2.4\webapps\cocoon\exslt\exsl\functions\node-set\exsl.node-set.html --> ftp.exslt.org /www.exslt.org/public_html/exsl/functions/node-set exsl.node-set.html
103.10.23 15:47 B C:\jakarta-tomcat-3.2.4\webapps\cocoon\exslt\exsl\functions\node-set\exsl.node-set.package.txt --> ftp.exslt.org /www.exslt.org/public_html/exsl/functions/node-set exsl.node-set.package.txt
103.10.23 15:47 B C:\jakarta-tomcat-3.2.4\webapps\cocoon\exslt\exsl\functions\node-set\exsl.node-set.result.1.xml --> ftp.exslt.org /www.exslt.org/public_html/exsl/functions/node-set exsl.node-set.result.1.xml
103.10.23 15:47 B C:\jakarta-tomcat-3.2.4\webapps\cocoon\exslt\exsl\functions\node-set\exsl.node-set.result.2.xml --> ftp.exslt.org /www.exslt.org/public_html/exsl/functions/node-set exsl.node-set.result.2.xml
103.10.23 15:47 B C:\jakarta-tomcat-3.2.4\webapps\cocoon\exslt\exsl\functions\node-set\exsl.node-set.use-case.1.html --> ftp.exslt.org /www.exslt.org/public_html/exsl/functions/node-set exsl.node-set.use-case.1.html
103.10.23 15:47 B C:\jakarta-tomcat-3.2.4\webapps\cocoon\exslt\exsl\functions\node-set\exsl.node-set.use-case.2.html --> ftp.exslt.org /www.exslt.org/public_html/exsl/functions/node-set exsl.node-set.use-case.2.html
103.10.23 15:47 B C:\jakarta-tomcat-3.2.4\webapps\cocoon\exslt\exsl\functions\node-set\exsl.node-set.use-cases.txt --> ftp.exslt.org /www.exslt.org/public_html/exsl/functions/node-set exsl.node-set.use-cases.txt
103.10.23 15:47 B C:\jakarta-tomcat-3.2.4\webapps\cocoon\exslt\exsl\functions\node-set\exsl.node-set.use-cases.zip --> ftp.exslt.org /www.exslt.org/public_html/exsl/functions/node-set exsl.node-set.use-cases.zip
103.10.23 15:47 B C:\jakarta-tomcat-3.2.4\webapps\cocoon\exslt\exsl\functions\node-set\exsl.node-set.xml --> ftp.exslt.org /www.exslt.org/public_html/exsl/functions/node-set exsl.node-set.xml
103.10.23 15:47 B C:\jakarta-tomcat-3.2.4\webapps\cocoon\exslt\exsl\functions\node-set\exsl.node-set.zip --> ftp.exslt.org /www.exslt.org/public_html/exsl/functions/node-set exsl.node-set.zip
103.10.23 15:47 B C:\jakarta-tomcat-3.2.4\webapps\cocoon\exslt\exsl\functions\node-set\index.html --> ftp.exslt.org /www.exslt.org/public_html/exsl/functions/node-set index.html
103.10.23 15:47 B C:\jakarta-tomcat-3.2.4\webapps\cocoon\exslt\exsl\functions\node-set\refresh.bat --> ftp.exslt.org /www.exslt.org/public_html/exsl/functions/node-set refresh.bat
103.10.23 15:47 B C:\jakarta-tomcat-3.2.4\webapps\cocoon\exslt\exsl\functions\node-set\update.bat --> ftp.exslt.org /www.exslt.org/public_html/exsl/functions/node-set update.bat
