102.08.21 17:33 B C:\jakarta-tomcat-3.2.4\webapps\cocoon\exslt\math\base.css --> ftp.exslt.org /www.exslt.org/public_html/math base.css
102.08.21 17:33 B C:\jakarta-tomcat-3.2.4\webapps\cocoon\exslt\math\index.html --> ftp.exslt.org /www.exslt.org/public_html/math index.html
102.08.21 17:33 B C:\jakarta-tomcat-3.2.4\webapps\cocoon\exslt\math\math.1.html --> ftp.exslt.org /www.exslt.org/public_html/math math.1.html
102.08.21 17:33 B C:\jakarta-tomcat-3.2.4\webapps\cocoon\exslt\math\math.html --> ftp.exslt.org /www.exslt.org/public_html/math math.html
102.08.21 17:33 B C:\jakarta-tomcat-3.2.4\webapps\cocoon\exslt\math\math.package.txt --> ftp.exslt.org /www.exslt.org/public_html/math math.package.txt
102.08.21 17:33 B C:\jakarta-tomcat-3.2.4\webapps\cocoon\exslt\math\math.xml --> ftp.exslt.org /www.exslt.org/public_html/math math.xml
102.08.21 17:33 B C:\jakarta-tomcat-3.2.4\webapps\cocoon\exslt\math\math.xsl --> ftp.exslt.org /www.exslt.org/public_html/math math.xsl
102.08.21 17:33 B C:\jakarta-tomcat-3.2.4\webapps\cocoon\exslt\math\math.zip --> ftp.exslt.org /www.exslt.org/public_html/math math.zip
102.08.21 17:33 B C:\jakarta-tomcat-3.2.4\webapps\cocoon\exslt\math\refresh.bat --> ftp.exslt.org /www.exslt.org/public_html/math refresh.bat
102.08.21 17:33 B C:\jakarta-tomcat-3.2.4\webapps\cocoon\exslt\math\update.bat --> ftp.exslt.org /www.exslt.org/public_html/math update.bat
102.11.19 13:27 B C:\jakarta-tomcat-3.2.4\webapps\cocoon\exslt\math\base.css --> ftp.exslt.org /www.exslt.org/public_html/math base.css
102.11.19 13:27 B C:\jakarta-tomcat-3.2.4\webapps\cocoon\exslt\math\index.html --> ftp.exslt.org /www.exslt.org/public_html/math index.html
102.11.19 13:27 B C:\jakarta-tomcat-3.2.4\webapps\cocoon\exslt\math\math.1.html --> ftp.exslt.org /www.exslt.org/public_html/math math.1.html
102.11.19 13:27 B C:\jakarta-tomcat-3.2.4\webapps\cocoon\exslt\math\math.html --> ftp.exslt.org /www.exslt.org/public_html/math math.html
102.11.19 13:27 B C:\jakarta-tomcat-3.2.4\webapps\cocoon\exslt\math\math.package.txt --> ftp.exslt.org /www.exslt.org/public_html/math math.package.txt
102.11.19 13:27 B C:\jakarta-tomcat-3.2.4\webapps\cocoon\exslt\math\math.xml --> ftp.exslt.org /www.exslt.org/public_html/math math.xml
102.11.19 13:27 B C:\jakarta-tomcat-3.2.4\webapps\cocoon\exslt\math\math.xsl --> ftp.exslt.org /www.exslt.org/public_html/math math.xsl
102.11.19 13:27 B C:\jakarta-tomcat-3.2.4\webapps\cocoon\exslt\math\math.zip --> ftp.exslt.org /www.exslt.org/public_html/math math.zip
102.11.19 13:27 B C:\jakarta-tomcat-3.2.4\webapps\cocoon\exslt\math\refresh.bat --> ftp.exslt.org /www.exslt.org/public_html/math refresh.bat
102.11.19 13:27 B C:\jakarta-tomcat-3.2.4\webapps\cocoon\exslt\math\update.bat --> ftp.exslt.org /www.exslt.org/public_html/math update.bat
102.12.02 12:33 B C:\jakarta-tomcat-3.2.4\webapps\cocoon\exslt\public_html\math\WS_FTP.LOG <-- ftp.exslt.org /www.exslt.org/public_html/math WS_FTP.LOG
102.12.03 11:12 B C:\jakarta-tomcat-3.2.4\webapps\cocoon\exslt\math\base.css --> ftp.exslt.org /www.exslt.org/public_html/math base.css
102.12.03 11:12 B C:\jakarta-tomcat-3.2.4\webapps\cocoon\exslt\math\index.html --> ftp.exslt.org /www.exslt.org/public_html/math index.html
102.12.03 11:12 B C:\jakarta-tomcat-3.2.4\webapps\cocoon\exslt\math\math.1.html --> ftp.exslt.org /www.exslt.org/public_html/math math.1.html
102.12.03 11:12 B C:\jakarta-tomcat-3.2.4\webapps\cocoon\exslt\math\math.html --> ftp.exslt.org /www.exslt.org/public_html/math math.html
102.12.03 11:12 B C:\jakarta-tomcat-3.2.4\webapps\cocoon\exslt\math\math.package.txt --> ftp.exslt.org /www.exslt.org/public_html/math math.package.txt
102.12.03 11:12 B C:\jakarta-tomcat-3.2.4\webapps\cocoon\exslt\math\math.xml --> ftp.exslt.org /www.exslt.org/public_html/math math.xml
102.12.03 11:12 B C:\jakarta-tomcat-3.2.4\webapps\cocoon\exslt\math\math.xsl --> ftp.exslt.org /www.exslt.org/public_html/math math.xsl
102.12.03 11:12 B C:\jakarta-tomcat-3.2.4\webapps\cocoon\exslt\math\math.zip --> ftp.exslt.org /www.exslt.org/public_html/math math.zip
102.12.03 11:12 B C:\jakarta-tomcat-3.2.4\webapps\cocoon\exslt\math\out.html --> ftp.exslt.org /www.exslt.org/public_html/math out.html
102.12.03 11:12 B C:\jakarta-tomcat-3.2.4\webapps\cocoon\exslt\math\refresh.bat --> ftp.exslt.org /www.exslt.org/public_html/math refresh.bat
102.12.03 11:12 B C:\jakarta-tomcat-3.2.4\webapps\cocoon\exslt\math\update.bat --> ftp.exslt.org /www.exslt.org/public_html/math update.bat
102.12.03 11:12 B C:\jakarta-tomcat-3.2.4\webapps\cocoon\exslt\math\upload.bat --> ftp.exslt.org /www.exslt.org/public_html/math upload.bat
102.12.03 11:12 B C:\jakarta-tomcat-3.2.4\webapps\cocoon\exslt\math\WS_FTP.LOG --> ftp.exslt.org /www.exslt.org/public_html/math WS_FTP.LOG
102.12.11 11:06 B C:\jakarta-tomcat-3.2.4\webapps\cocoon\exslt\math\base.css --> ftp.exslt.org /www.exslt.org/public_html/math base.css
102.12.11 11:06 B C:\jakarta-tomcat-3.2.4\webapps\cocoon\exslt\math\index.html --> ftp.exslt.org /www.exslt.org/public_html/math index.html
102.12.11 11:06 B C:\jakarta-tomcat-3.2.4\webapps\cocoon\exslt\math\math.1.html --> ftp.exslt.org /www.exslt.org/public_html/math math.1.html
102.12.11 11:06 B C:\jakarta-tomcat-3.2.4\webapps\cocoon\exslt\math\math.html --> ftp.exslt.org /www.exslt.org/public_html/math math.html
102.12.11 11:06 B C:\jakarta-tomcat-3.2.4\webapps\cocoon\exslt\math\math.package.txt --> ftp.exslt.org /www.exslt.org/public_html/math math.package.txt
102.12.11 11:06 B C:\jakarta-tomcat-3.2.4\webapps\cocoon\exslt\math\math.xml --> ftp.exslt.org /www.exslt.org/public_html/math math.xml
102.12.11 11:06 B C:\jakarta-tomcat-3.2.4\webapps\cocoon\exslt\math\math.xsl --> ftp.exslt.org /www.exslt.org/public_html/math math.xsl
102.12.11 11:06 B C:\jakarta-tomcat-3.2.4\webapps\cocoon\exslt\math\math.zip --> ftp.exslt.org /www.exslt.org/public_html/math math.zip
102.12.11 11:06 B C:\jakarta-tomcat-3.2.4\webapps\cocoon\exslt\math\out.html --> ftp.exslt.org /www.exslt.org/public_html/math out.html
102.12.11 11:06 B C:\jakarta-tomcat-3.2.4\webapps\cocoon\exslt\math\refresh.bat --> ftp.exslt.org /www.exslt.org/public_html/math refresh.bat
102.12.11 11:06 B C:\jakarta-tomcat-3.2.4\webapps\cocoon\exslt\math\update.bat --> ftp.exslt.org /www.exslt.org/public_html/math update.bat
102.12.11 11:06 B C:\jakarta-tomcat-3.2.4\webapps\cocoon\exslt\math\upload.bat --> ftp.exslt.org /www.exslt.org/public_html/math upload.bat
103.09.29 15:52 B C:\jakarta-tomcat-3.2.4\webapps\cocoon\exslt\math\WS_FTP.LOG <-- ftp.exslt.org /www.exslt.org/public_html/math WS_FTP.LOG
103.10.21 13:10 B C:\jakarta-tomcat-3.2.4\webapps\cocoon\exslt\math\base.css --> marian.cs.nott.ac.uk /stud/pg/cds/exslt/math base.css
103.10.21 13:10 B C:\jakarta-tomcat-3.2.4\webapps\cocoon\exslt\math\index.html --> marian.cs.nott.ac.uk /stud/pg/cds/exslt/math index.html
103.10.21 13:10 B C:\jakarta-tomcat-3.2.4\webapps\cocoon\exslt\math\math.1.html --> marian.cs.nott.ac.uk /stud/pg/cds/exslt/math math.1.html
103.10.21 13:10 B C:\jakarta-tomcat-3.2.4\webapps\cocoon\exslt\math\math.html --> marian.cs.nott.ac.uk /stud/pg/cds/exslt/math math.html
103.10.21 13:10 B C:\jakarta-tomcat-3.2.4\webapps\cocoon\exslt\math\math.package.txt --> marian.cs.nott.ac.uk /stud/pg/cds/exslt/math math.package.txt
103.10.21 13:10 B C:\jakarta-tomcat-3.2.4\webapps\cocoon\exslt\math\math.xml --> marian.cs.nott.ac.uk /stud/pg/cds/exslt/math math.xml
103.10.21 13:10 B C:\jakarta-tomcat-3.2.4\webapps\cocoon\exslt\math\math.xsl --> marian.cs.nott.ac.uk /stud/pg/cds/exslt/math math.xsl
103.10.21 13:10 B C:\jakarta-tomcat-3.2.4\webapps\cocoon\exslt\math\math.zip --> marian.cs.nott.ac.uk /stud/pg/cds/exslt/math math.zip
103.10.21 13:10 B C:\jakarta-tomcat-3.2.4\webapps\cocoon\exslt\math\out.html --> marian.cs.nott.ac.uk /stud/pg/cds/exslt/math out.html
103.10.21 13:10 B C:\jakarta-tomcat-3.2.4\webapps\cocoon\exslt\math\refresh.bat --> marian.cs.nott.ac.uk /stud/pg/cds/exslt/math refresh.bat
103.10.21 13:10 B C:\jakarta-tomcat-3.2.4\webapps\cocoon\exslt\math\update.bat --> marian.cs.nott.ac.uk /stud/pg/cds/exslt/math update.bat
103.10.21 13:10 B C:\jakarta-tomcat-3.2.4\webapps\cocoon\exslt\math\upload.bat --> marian.cs.nott.ac.uk /stud/pg/cds/exslt/math upload.bat
103.10.21 13:10 B C:\jakarta-tomcat-3.2.4\webapps\cocoon\exslt\math\WS_FTP.LOG --> marian.cs.nott.ac.uk /stud/pg/cds/exslt/math WS_FTP.LOG
103.10.23 16:58 B C:\jakarta-tomcat-3.2.4\webapps\cocoon\exslt\math\base.css --> ftp.exslt.org /www.exslt.org/public_html/math base.css
103.10.23 16:58 B C:\jakarta-tomcat-3.2.4\webapps\cocoon\exslt\math\index.html --> ftp.exslt.org /www.exslt.org/public_html/math index.html
103.10.23 16:58 B C:\jakarta-tomcat-3.2.4\webapps\cocoon\exslt\math\math.1.html --> ftp.exslt.org /www.exslt.org/public_html/math math.1.html
103.10.23 16:58 B C:\jakarta-tomcat-3.2.4\webapps\cocoon\exslt\math\math.html --> ftp.exslt.org /www.exslt.org/public_html/math math.html
103.10.23 16:58 B C:\jakarta-tomcat-3.2.4\webapps\cocoon\exslt\math\math.package.txt --> ftp.exslt.org /www.exslt.org/public_html/math math.package.txt
103.10.23 16:58 B C:\jakarta-tomcat-3.2.4\webapps\cocoon\exslt\math\math.xml --> ftp.exslt.org /www.exslt.org/public_html/math math.xml
103.10.23 16:58 B C:\jakarta-tomcat-3.2.4\webapps\cocoon\exslt\math\math.xsl --> ftp.exslt.org /www.exslt.org/public_html/math math.xsl
103.10.23 16:59 B C:\jakarta-tomcat-3.2.4\webapps\cocoon\exslt\math\math.zip --> ftp.exslt.org /www.exslt.org/public_html/math math.zip
103.10.23 16:59 B C:\jakarta-tomcat-3.2.4\webapps\cocoon\exslt\math\out.html --> ftp.exslt.org /www.exslt.org/public_html/math out.html
103.10.23 16:59 B C:\jakarta-tomcat-3.2.4\webapps\cocoon\exslt\math\refresh.bat --> ftp.exslt.org /www.exslt.org/public_html/math refresh.bat
103.10.23 16:59 B C:\jakarta-tomcat-3.2.4\webapps\cocoon\exslt\math\update.bat --> ftp.exslt.org /www.exslt.org/public_html/math update.bat
103.10.23 16:59 B C:\jakarta-tomcat-3.2.4\webapps\cocoon\exslt\math\upload.bat --> ftp.exslt.org /www.exslt.org/public_html/math upload.bat
