102.08.21 17:32 B C:\jakarta-tomcat-3.2.4\webapps\cocoon\exslt\math\functions\acos\base.css --> ftp.exslt.org /www.exslt.org/public_html/math/functions/acos base.css
102.08.21 17:32 B C:\jakarta-tomcat-3.2.4\webapps\cocoon\exslt\math\functions\acos\index.html --> ftp.exslt.org /www.exslt.org/public_html/math/functions/acos index.html
102.08.21 17:32 B C:\jakarta-tomcat-3.2.4\webapps\cocoon\exslt\math\functions\acos\math.acos.1.html --> ftp.exslt.org /www.exslt.org/public_html/math/functions/acos math.acos.1.html
102.08.21 17:32 B C:\jakarta-tomcat-3.2.4\webapps\cocoon\exslt\math\functions\acos\math.acos.html --> ftp.exslt.org /www.exslt.org/public_html/math/functions/acos math.acos.html
102.08.21 17:32 B C:\jakarta-tomcat-3.2.4\webapps\cocoon\exslt\math\functions\acos\math.acos.js --> ftp.exslt.org /www.exslt.org/public_html/math/functions/acos math.acos.js
102.08.21 17:32 B C:\jakarta-tomcat-3.2.4\webapps\cocoon\exslt\math\functions\acos\math.acos.js.html --> ftp.exslt.org /www.exslt.org/public_html/math/functions/acos math.acos.js.html
102.08.21 17:32 B C:\jakarta-tomcat-3.2.4\webapps\cocoon\exslt\math\functions\acos\math.acos.msxsl.xsl --> ftp.exslt.org /www.exslt.org/public_html/math/functions/acos math.acos.msxsl.xsl
102.08.21 17:32 B C:\jakarta-tomcat-3.2.4\webapps\cocoon\exslt\math\functions\acos\math.acos.msxsl.xsl.html --> ftp.exslt.org /www.exslt.org/public_html/math/functions/acos math.acos.msxsl.xsl.html
102.08.21 17:32 B C:\jakarta-tomcat-3.2.4\webapps\cocoon\exslt\math\functions\acos\math.acos.package.txt --> ftp.exslt.org /www.exslt.org/public_html/math/functions/acos math.acos.package.txt
102.08.21 17:32 B C:\jakarta-tomcat-3.2.4\webapps\cocoon\exslt\math\functions\acos\math.acos.use-cases.txt --> ftp.exslt.org /www.exslt.org/public_html/math/functions/acos math.acos.use-cases.txt
102.08.21 17:32 B C:\jakarta-tomcat-3.2.4\webapps\cocoon\exslt\math\functions\acos\math.acos.use-cases.zip --> ftp.exslt.org /www.exslt.org/public_html/math/functions/acos math.acos.use-cases.zip
102.08.21 17:32 B C:\jakarta-tomcat-3.2.4\webapps\cocoon\exslt\math\functions\acos\math.acos.xml --> ftp.exslt.org /www.exslt.org/public_html/math/functions/acos math.acos.xml
102.08.21 17:32 B C:\jakarta-tomcat-3.2.4\webapps\cocoon\exslt\math\functions\acos\math.acos.xsl --> ftp.exslt.org /www.exslt.org/public_html/math/functions/acos math.acos.xsl
102.08.21 17:32 B C:\jakarta-tomcat-3.2.4\webapps\cocoon\exslt\math\functions\acos\math.acos.zip --> ftp.exslt.org /www.exslt.org/public_html/math/functions/acos math.acos.zip
102.08.21 17:32 B C:\jakarta-tomcat-3.2.4\webapps\cocoon\exslt\math\functions\acos\refresh.bat --> ftp.exslt.org /www.exslt.org/public_html/math/functions/acos refresh.bat
102.08.21 17:32 B C:\jakarta-tomcat-3.2.4\webapps\cocoon\exslt\math\functions\acos\update.bat --> ftp.exslt.org /www.exslt.org/public_html/math/functions/acos update.bat
102.11.19 13:16 B C:\jakarta-tomcat-3.2.4\webapps\cocoon\exslt\math\functions\acos\base.css --> ftp.exslt.org /www.exslt.org/public_html/math/functions/acos base.css
102.11.19 13:16 B C:\jakarta-tomcat-3.2.4\webapps\cocoon\exslt\math\functions\acos\index.html --> ftp.exslt.org /www.exslt.org/public_html/math/functions/acos index.html
102.11.19 13:16 B C:\jakarta-tomcat-3.2.4\webapps\cocoon\exslt\math\functions\acos\math.acos.1.html --> ftp.exslt.org /www.exslt.org/public_html/math/functions/acos math.acos.1.html
102.11.19 13:16 B C:\jakarta-tomcat-3.2.4\webapps\cocoon\exslt\math\functions\acos\math.acos.html --> ftp.exslt.org /www.exslt.org/public_html/math/functions/acos math.acos.html
102.11.19 13:16 B C:\jakarta-tomcat-3.2.4\webapps\cocoon\exslt\math\functions\acos\math.acos.js --> ftp.exslt.org /www.exslt.org/public_html/math/functions/acos math.acos.js
102.11.19 13:16 B C:\jakarta-tomcat-3.2.4\webapps\cocoon\exslt\math\functions\acos\math.acos.js.html --> ftp.exslt.org /www.exslt.org/public_html/math/functions/acos math.acos.js.html
102.11.19 13:16 B C:\jakarta-tomcat-3.2.4\webapps\cocoon\exslt\math\functions\acos\math.acos.msxsl.xsl --> ftp.exslt.org /www.exslt.org/public_html/math/functions/acos math.acos.msxsl.xsl
102.11.19 13:16 B C:\jakarta-tomcat-3.2.4\webapps\cocoon\exslt\math\functions\acos\math.acos.msxsl.xsl.html --> ftp.exslt.org /www.exslt.org/public_html/math/functions/acos math.acos.msxsl.xsl.html
102.11.19 13:16 B C:\jakarta-tomcat-3.2.4\webapps\cocoon\exslt\math\functions\acos\math.acos.package.txt --> ftp.exslt.org /www.exslt.org/public_html/math/functions/acos math.acos.package.txt
102.11.19 13:16 B C:\jakarta-tomcat-3.2.4\webapps\cocoon\exslt\math\functions\acos\math.acos.use-cases.txt --> ftp.exslt.org /www.exslt.org/public_html/math/functions/acos math.acos.use-cases.txt
102.11.19 13:16 B C:\jakarta-tomcat-3.2.4\webapps\cocoon\exslt\math\functions\acos\math.acos.use-cases.zip --> ftp.exslt.org /www.exslt.org/public_html/math/functions/acos math.acos.use-cases.zip
102.11.19 13:16 B C:\jakarta-tomcat-3.2.4\webapps\cocoon\exslt\math\functions\acos\math.acos.xml --> ftp.exslt.org /www.exslt.org/public_html/math/functions/acos math.acos.xml
102.11.19 13:16 B C:\jakarta-tomcat-3.2.4\webapps\cocoon\exslt\math\functions\acos\math.acos.xsl --> ftp.exslt.org /www.exslt.org/public_html/math/functions/acos math.acos.xsl
102.11.19 13:16 B C:\jakarta-tomcat-3.2.4\webapps\cocoon\exslt\math\functions\acos\math.acos.zip --> ftp.exslt.org /www.exslt.org/public_html/math/functions/acos math.acos.zip
102.11.19 13:16 B C:\jakarta-tomcat-3.2.4\webapps\cocoon\exslt\math\functions\acos\refresh.bat --> ftp.exslt.org /www.exslt.org/public_html/math/functions/acos refresh.bat
102.11.19 13:16 B C:\jakarta-tomcat-3.2.4\webapps\cocoon\exslt\math\functions\acos\update.bat --> ftp.exslt.org /www.exslt.org/public_html/math/functions/acos update.bat
102.11.19 13:16 B C:\jakarta-tomcat-3.2.4\webapps\cocoon\exslt\math\functions\acos\WS_FTP.LOG --> ftp.exslt.org /www.exslt.org/public_html/math/functions/acos WS_FTP.LOG
102.11.19 13:22 B C:\jakarta-tomcat-3.2.4\webapps\cocoon\exslt\math\functions\acos\base.css --> ftp.exslt.org /www.exslt.org/public_html/math/functions/acos base.css
102.11.19 13:22 B C:\jakarta-tomcat-3.2.4\webapps\cocoon\exslt\math\functions\acos\index.html --> ftp.exslt.org /www.exslt.org/public_html/math/functions/acos index.html
102.11.19 13:22 B C:\jakarta-tomcat-3.2.4\webapps\cocoon\exslt\math\functions\acos\math.acos.1.html --> ftp.exslt.org /www.exslt.org/public_html/math/functions/acos math.acos.1.html
102.11.19 13:22 B C:\jakarta-tomcat-3.2.4\webapps\cocoon\exslt\math\functions\acos\math.acos.html --> ftp.exslt.org /www.exslt.org/public_html/math/functions/acos math.acos.html
102.11.19 13:22 B C:\jakarta-tomcat-3.2.4\webapps\cocoon\exslt\math\functions\acos\math.acos.js --> ftp.exslt.org /www.exslt.org/public_html/math/functions/acos math.acos.js
102.11.19 13:22 B C:\jakarta-tomcat-3.2.4\webapps\cocoon\exslt\math\functions\acos\math.acos.js.html --> ftp.exslt.org /www.exslt.org/public_html/math/functions/acos math.acos.js.html
102.11.19 13:22 B C:\jakarta-tomcat-3.2.4\webapps\cocoon\exslt\math\functions\acos\math.acos.msxsl.xsl --> ftp.exslt.org /www.exslt.org/public_html/math/functions/acos math.acos.msxsl.xsl
102.11.19 13:22 B C:\jakarta-tomcat-3.2.4\webapps\cocoon\exslt\math\functions\acos\math.acos.msxsl.xsl.html --> ftp.exslt.org /www.exslt.org/public_html/math/functions/acos math.acos.msxsl.xsl.html
102.11.19 13:22 B C:\jakarta-tomcat-3.2.4\webapps\cocoon\exslt\math\functions\acos\math.acos.package.txt --> ftp.exslt.org /www.exslt.org/public_html/math/functions/acos math.acos.package.txt
102.11.19 13:22 B C:\jakarta-tomcat-3.2.4\webapps\cocoon\exslt\math\functions\acos\math.acos.use-cases.txt --> ftp.exslt.org /www.exslt.org/public_html/math/functions/acos math.acos.use-cases.txt
102.11.19 13:22 B C:\jakarta-tomcat-3.2.4\webapps\cocoon\exslt\math\functions\acos\math.acos.use-cases.zip --> ftp.exslt.org /www.exslt.org/public_html/math/functions/acos math.acos.use-cases.zip
102.11.19 13:22 B C:\jakarta-tomcat-3.2.4\webapps\cocoon\exslt\math\functions\acos\math.acos.xml --> ftp.exslt.org /www.exslt.org/public_html/math/functions/acos math.acos.xml
102.11.19 13:22 B C:\jakarta-tomcat-3.2.4\webapps\cocoon\exslt\math\functions\acos\math.acos.xsl --> ftp.exslt.org /www.exslt.org/public_html/math/functions/acos math.acos.xsl
102.11.19 13:22 B C:\jakarta-tomcat-3.2.4\webapps\cocoon\exslt\math\functions\acos\math.acos.zip --> ftp.exslt.org /www.exslt.org/public_html/math/functions/acos math.acos.zip
102.11.19 13:22 B C:\jakarta-tomcat-3.2.4\webapps\cocoon\exslt\math\functions\acos\refresh.bat --> ftp.exslt.org /www.exslt.org/public_html/math/functions/acos refresh.bat
102.11.19 13:22 B C:\jakarta-tomcat-3.2.4\webapps\cocoon\exslt\math\functions\acos\update.bat --> ftp.exslt.org /www.exslt.org/public_html/math/functions/acos update.bat
102.11.19 13:22 B C:\jakarta-tomcat-3.2.4\webapps\cocoon\exslt\math\functions\acos\WS_FTP.LOG --> ftp.exslt.org /www.exslt.org/public_html/math/functions/acos WS_FTP.LOG
102.11.19 13:26 B C:\jakarta-tomcat-3.2.4\webapps\cocoon\exslt\math\functions\acos\base.css --> ftp.exslt.org /www.exslt.org/public_html/math/functions/acos base.css
102.11.19 13:26 B C:\jakarta-tomcat-3.2.4\webapps\cocoon\exslt\math\functions\acos\index.html --> ftp.exslt.org /www.exslt.org/public_html/math/functions/acos index.html
102.11.19 13:26 B C:\jakarta-tomcat-3.2.4\webapps\cocoon\exslt\math\functions\acos\math.acos.1.html --> ftp.exslt.org /www.exslt.org/public_html/math/functions/acos math.acos.1.html
102.11.19 13:26 B C:\jakarta-tomcat-3.2.4\webapps\cocoon\exslt\math\functions\acos\math.acos.html --> ftp.exslt.org /www.exslt.org/public_html/math/functions/acos math.acos.html
102.11.19 13:26 B C:\jakarta-tomcat-3.2.4\webapps\cocoon\exslt\math\functions\acos\math.acos.js --> ftp.exslt.org /www.exslt.org/public_html/math/functions/acos math.acos.js
102.11.19 13:26 B C:\jakarta-tomcat-3.2.4\webapps\cocoon\exslt\math\functions\acos\math.acos.js.html --> ftp.exslt.org /www.exslt.org/public_html/math/functions/acos math.acos.js.html
102.11.19 13:26 B C:\jakarta-tomcat-3.2.4\webapps\cocoon\exslt\math\functions\acos\math.acos.msxsl.xsl --> ftp.exslt.org /www.exslt.org/public_html/math/functions/acos math.acos.msxsl.xsl
102.11.19 13:26 B C:\jakarta-tomcat-3.2.4\webapps\cocoon\exslt\math\functions\acos\math.acos.msxsl.xsl.html --> ftp.exslt.org /www.exslt.org/public_html/math/functions/acos math.acos.msxsl.xsl.html
102.11.19 13:26 B C:\jakarta-tomcat-3.2.4\webapps\cocoon\exslt\math\functions\acos\math.acos.package.txt --> ftp.exslt.org /www.exslt.org/public_html/math/functions/acos math.acos.package.txt
102.11.19 13:26 B C:\jakarta-tomcat-3.2.4\webapps\cocoon\exslt\math\functions\acos\math.acos.use-cases.txt --> ftp.exslt.org /www.exslt.org/public_html/math/functions/acos math.acos.use-cases.txt
102.11.19 13:26 B C:\jakarta-tomcat-3.2.4\webapps\cocoon\exslt\math\functions\acos\math.acos.use-cases.zip --> ftp.exslt.org /www.exslt.org/public_html/math/functions/acos math.acos.use-cases.zip
102.11.19 13:26 B C:\jakarta-tomcat-3.2.4\webapps\cocoon\exslt\math\functions\acos\math.acos.xml --> ftp.exslt.org /www.exslt.org/public_html/math/functions/acos math.acos.xml
102.11.19 13:26 B C:\jakarta-tomcat-3.2.4\webapps\cocoon\exslt\math\functions\acos\math.acos.xsl --> ftp.exslt.org /www.exslt.org/public_html/math/functions/acos math.acos.xsl
102.11.19 13:26 B C:\jakarta-tomcat-3.2.4\webapps\cocoon\exslt\math\functions\acos\math.acos.zip --> ftp.exslt.org /www.exslt.org/public_html/math/functions/acos math.acos.zip
102.11.19 13:26 B C:\jakarta-tomcat-3.2.4\webapps\cocoon\exslt\math\functions\acos\refresh.bat --> ftp.exslt.org /www.exslt.org/public_html/math/functions/acos refresh.bat
102.11.19 13:26 B C:\jakarta-tomcat-3.2.4\webapps\cocoon\exslt\math\functions\acos\update.bat --> ftp.exslt.org /www.exslt.org/public_html/math/functions/acos update.bat
102.12.02 12:32 B C:\jakarta-tomcat-3.2.4\webapps\cocoon\exslt\public_html\math\functions\acos\WS_FTP.LOG <-- ftp.exslt.org /www.exslt.org/public_html/math/functions/acos WS_FTP.LOG
102.12.03 11:11 B C:\jakarta-tomcat-3.2.4\webapps\cocoon\exslt\math\functions\acos\base.css --> ftp.exslt.org /www.exslt.org/public_html/math/functions/acos base.css
102.12.03 11:11 B C:\jakarta-tomcat-3.2.4\webapps\cocoon\exslt\math\functions\acos\index.html --> ftp.exslt.org /www.exslt.org/public_html/math/functions/acos index.html
102.12.03 11:11 B C:\jakarta-tomcat-3.2.4\webapps\cocoon\exslt\math\functions\acos\math.acos.1.html --> ftp.exslt.org /www.exslt.org/public_html/math/functions/acos math.acos.1.html
102.12.03 11:11 B C:\jakarta-tomcat-3.2.4\webapps\cocoon\exslt\math\functions\acos\math.acos.1.xml --> ftp.exslt.org /www.exslt.org/public_html/math/functions/acos math.acos.1.xml
102.12.03 11:11 B C:\jakarta-tomcat-3.2.4\webapps\cocoon\exslt\math\functions\acos\math.acos.1.xsl --> ftp.exslt.org /www.exslt.org/public_html/math/functions/acos math.acos.1.xsl
102.12.03 11:11 B C:\jakarta-tomcat-3.2.4\webapps\cocoon\exslt\math\functions\acos\math.acos.html --> ftp.exslt.org /www.exslt.org/public_html/math/functions/acos math.acos.html
102.12.03 11:11 B C:\jakarta-tomcat-3.2.4\webapps\cocoon\exslt\math\functions\acos\math.acos.js --> ftp.exslt.org /www.exslt.org/public_html/math/functions/acos math.acos.js
102.12.03 11:11 B C:\jakarta-tomcat-3.2.4\webapps\cocoon\exslt\math\functions\acos\math.acos.js.html --> ftp.exslt.org /www.exslt.org/public_html/math/functions/acos math.acos.js.html
102.12.03 11:11 B C:\jakarta-tomcat-3.2.4\webapps\cocoon\exslt\math\functions\acos\math.acos.msxsl.xsl --> ftp.exslt.org /www.exslt.org/public_html/math/functions/acos math.acos.msxsl.xsl
102.12.03 11:11 B C:\jakarta-tomcat-3.2.4\webapps\cocoon\exslt\math\functions\acos\math.acos.msxsl.xsl.html --> ftp.exslt.org /www.exslt.org/public_html/math/functions/acos math.acos.msxsl.xsl.html
102.12.03 11:11 B C:\jakarta-tomcat-3.2.4\webapps\cocoon\exslt\math\functions\acos\math.acos.package.txt --> ftp.exslt.org /www.exslt.org/public_html/math/functions/acos math.acos.package.txt
102.12.03 11:11 B C:\jakarta-tomcat-3.2.4\webapps\cocoon\exslt\math\functions\acos\math.acos.use-cases.txt --> ftp.exslt.org /www.exslt.org/public_html/math/functions/acos math.acos.use-cases.txt
102.12.03 11:11 B C:\jakarta-tomcat-3.2.4\webapps\cocoon\exslt\math\functions\acos\math.acos.use-cases.zip --> ftp.exslt.org /www.exslt.org/public_html/math/functions/acos math.acos.use-cases.zip
102.12.03 11:11 B C:\jakarta-tomcat-3.2.4\webapps\cocoon\exslt\math\functions\acos\math.acos.xml --> ftp.exslt.org /www.exslt.org/public_html/math/functions/acos math.acos.xml
102.12.03 11:11 B C:\jakarta-tomcat-3.2.4\webapps\cocoon\exslt\math\functions\acos\math.acos.xsl --> ftp.exslt.org /www.exslt.org/public_html/math/functions/acos math.acos.xsl
102.12.03 11:11 B C:\jakarta-tomcat-3.2.4\webapps\cocoon\exslt\math\functions\acos\math.acos.zip --> ftp.exslt.org /www.exslt.org/public_html/math/functions/acos math.acos.zip
102.12.03 11:11 B C:\jakarta-tomcat-3.2.4\webapps\cocoon\exslt\math\functions\acos\refresh.bat --> ftp.exslt.org /www.exslt.org/public_html/math/functions/acos refresh.bat
102.12.03 11:11 B C:\jakarta-tomcat-3.2.4\webapps\cocoon\exslt\math\functions\acos\update.bat --> ftp.exslt.org /www.exslt.org/public_html/math/functions/acos update.bat
102.12.03 11:11 B C:\jakarta-tomcat-3.2.4\webapps\cocoon\exslt\math\functions\acos\WS_FTP.LOG --> ftp.exslt.org /www.exslt.org/public_html/math/functions/acos WS_FTP.LOG
102.12.11 11:05 B C:\jakarta-tomcat-3.2.4\webapps\cocoon\exslt\math\functions\acos\base.css --> ftp.exslt.org /www.exslt.org/public_html/math/functions/acos base.css
102.12.11 11:05 B C:\jakarta-tomcat-3.2.4\webapps\cocoon\exslt\math\functions\acos\index.html --> ftp.exslt.org /www.exslt.org/public_html/math/functions/acos index.html
102.12.11 11:05 B C:\jakarta-tomcat-3.2.4\webapps\cocoon\exslt\math\functions\acos\math.acos.1.html --> ftp.exslt.org /www.exslt.org/public_html/math/functions/acos math.acos.1.html
102.12.11 11:05 B C:\jakarta-tomcat-3.2.4\webapps\cocoon\exslt\math\functions\acos\math.acos.1.xml --> ftp.exslt.org /www.exslt.org/public_html/math/functions/acos math.acos.1.xml
102.12.11 11:05 B C:\jakarta-tomcat-3.2.4\webapps\cocoon\exslt\math\functions\acos\math.acos.1.xsl --> ftp.exslt.org /www.exslt.org/public_html/math/functions/acos math.acos.1.xsl
102.12.11 11:05 B C:\jakarta-tomcat-3.2.4\webapps\cocoon\exslt\math\functions\acos\math.acos.html --> ftp.exslt.org /www.exslt.org/public_html/math/functions/acos math.acos.html
102.12.11 11:05 B C:\jakarta-tomcat-3.2.4\webapps\cocoon\exslt\math\functions\acos\math.acos.js --> ftp.exslt.org /www.exslt.org/public_html/math/functions/acos math.acos.js
102.12.11 11:05 B C:\jakarta-tomcat-3.2.4\webapps\cocoon\exslt\math\functions\acos\math.acos.js.html --> ftp.exslt.org /www.exslt.org/public_html/math/functions/acos math.acos.js.html
102.12.11 11:05 B C:\jakarta-tomcat-3.2.4\webapps\cocoon\exslt\math\functions\acos\math.acos.msxsl.xsl --> ftp.exslt.org /www.exslt.org/public_html/math/functions/acos math.acos.msxsl.xsl
102.12.11 11:05 B C:\jakarta-tomcat-3.2.4\webapps\cocoon\exslt\math\functions\acos\math.acos.msxsl.xsl.html --> ftp.exslt.org /www.exslt.org/public_html/math/functions/acos math.acos.msxsl.xsl.html
102.12.11 11:05 B C:\jakarta-tomcat-3.2.4\webapps\cocoon\exslt\math\functions\acos\math.acos.package.txt --> ftp.exslt.org /www.exslt.org/public_html/math/functions/acos math.acos.package.txt
102.12.11 11:05 B C:\jakarta-tomcat-3.2.4\webapps\cocoon\exslt\math\functions\acos\math.acos.use-cases.txt --> ftp.exslt.org /www.exslt.org/public_html/math/functions/acos math.acos.use-cases.txt
102.12.11 11:05 B C:\jakarta-tomcat-3.2.4\webapps\cocoon\exslt\math\functions\acos\math.acos.use-cases.zip --> ftp.exslt.org /www.exslt.org/public_html/math/functions/acos math.acos.use-cases.zip
102.12.11 11:05 B C:\jakarta-tomcat-3.2.4\webapps\cocoon\exslt\math\functions\acos\math.acos.xml --> ftp.exslt.org /www.exslt.org/public_html/math/functions/acos math.acos.xml
102.12.11 11:05 B C:\jakarta-tomcat-3.2.4\webapps\cocoon\exslt\math\functions\acos\math.acos.xsl --> ftp.exslt.org /www.exslt.org/public_html/math/functions/acos math.acos.xsl
102.12.11 11:05 B C:\jakarta-tomcat-3.2.4\webapps\cocoon\exslt\math\functions\acos\math.acos.zip --> ftp.exslt.org /www.exslt.org/public_html/math/functions/acos math.acos.zip
102.12.11 11:05 B C:\jakarta-tomcat-3.2.4\webapps\cocoon\exslt\math\functions\acos\refresh.bat --> ftp.exslt.org /www.exslt.org/public_html/math/functions/acos refresh.bat
102.12.11 11:05 B C:\jakarta-tomcat-3.2.4\webapps\cocoon\exslt\math\functions\acos\update.bat --> ftp.exslt.org /www.exslt.org/public_html/math/functions/acos update.bat
103.03.03 16:49 B C:\jakarta-tomcat-3.2.4\webapps\cocoon\exslt\math\functions\acos\WS_FTP.LOG <-- ftp.exslt.org /www.exslt.org/public_html/math/functions/acos WS_FTP.LOG
103.03.03 17:12 B C:\jakarta-tomcat-3.2.4\webapps\cocoon\exslt\math\functions\acos\base.css --> ftp.exslt.org /www.exslt.org/public_html/math/functions/acos base.css
103.03.03 17:12 B C:\jakarta-tomcat-3.2.4\webapps\cocoon\exslt\math\functions\acos\index.html --> ftp.exslt.org /www.exslt.org/public_html/math/functions/acos index.html
103.03.03 17:12 B C:\jakarta-tomcat-3.2.4\webapps\cocoon\exslt\math\functions\acos\math.acos.1.html --> ftp.exslt.org /www.exslt.org/public_html/math/functions/acos math.acos.1.html
103.03.03 17:12 B C:\jakarta-tomcat-3.2.4\webapps\cocoon\exslt\math\functions\acos\math.acos.1.xml --> ftp.exslt.org /www.exslt.org/public_html/math/functions/acos math.acos.1.xml
103.03.03 17:12 B C:\jakarta-tomcat-3.2.4\webapps\cocoon\exslt\math\functions\acos\math.acos.1.xsl --> ftp.exslt.org /www.exslt.org/public_html/math/functions/acos math.acos.1.xsl
103.03.03 17:12 B C:\jakarta-tomcat-3.2.4\webapps\cocoon\exslt\math\functions\acos\math.acos.html --> ftp.exslt.org /www.exslt.org/public_html/math/functions/acos math.acos.html
103.03.03 17:12 B C:\jakarta-tomcat-3.2.4\webapps\cocoon\exslt\math\functions\acos\math.acos.js --> ftp.exslt.org /www.exslt.org/public_html/math/functions/acos math.acos.js
103.03.03 17:12 B C:\jakarta-tomcat-3.2.4\webapps\cocoon\exslt\math\functions\acos\math.acos.js.html --> ftp.exslt.org /www.exslt.org/public_html/math/functions/acos math.acos.js.html
103.03.03 17:12 B C:\jakarta-tomcat-3.2.4\webapps\cocoon\exslt\math\functions\acos\math.acos.msxsl.xsl --> ftp.exslt.org /www.exslt.org/public_html/math/functions/acos math.acos.msxsl.xsl
103.03.03 17:12 B C:\jakarta-tomcat-3.2.4\webapps\cocoon\exslt\math\functions\acos\math.acos.msxsl.xsl.html --> ftp.exslt.org /www.exslt.org/public_html/math/functions/acos math.acos.msxsl.xsl.html
103.03.03 17:12 B C:\jakarta-tomcat-3.2.4\webapps\cocoon\exslt\math\functions\acos\math.acos.package.txt --> ftp.exslt.org /www.exslt.org/public_html/math/functions/acos math.acos.package.txt
103.03.03 17:12 B C:\jakarta-tomcat-3.2.4\webapps\cocoon\exslt\math\functions\acos\math.acos.use-cases.txt --> ftp.exslt.org /www.exslt.org/public_html/math/functions/acos math.acos.use-cases.txt
103.03.03 17:12 B C:\jakarta-tomcat-3.2.4\webapps\cocoon\exslt\math\functions\acos\math.acos.use-cases.zip --> ftp.exslt.org /www.exslt.org/public_html/math/functions/acos math.acos.use-cases.zip
103.03.03 17:12 B C:\jakarta-tomcat-3.2.4\webapps\cocoon\exslt\math\functions\acos\math.acos.xml --> ftp.exslt.org /www.exslt.org/public_html/math/functions/acos math.acos.xml
103.03.03 17:12 B C:\jakarta-tomcat-3.2.4\webapps\cocoon\exslt\math\functions\acos\math.acos.xsl --> ftp.exslt.org /www.exslt.org/public_html/math/functions/acos math.acos.xsl
103.03.03 17:12 B C:\jakarta-tomcat-3.2.4\webapps\cocoon\exslt\math\functions\acos\math.acos.zip --> ftp.exslt.org /www.exslt.org/public_html/math/functions/acos math.acos.zip
103.03.03 17:12 B C:\jakarta-tomcat-3.2.4\webapps\cocoon\exslt\math\functions\acos\refresh.bat --> ftp.exslt.org /www.exslt.org/public_html/math/functions/acos refresh.bat
103.03.03 17:12 B C:\jakarta-tomcat-3.2.4\webapps\cocoon\exslt\math\functions\acos\update.bat --> ftp.exslt.org /www.exslt.org/public_html/math/functions/acos update.bat
103.09.29 15:40 B C:\jakarta-tomcat-3.2.4\webapps\cocoon\exslt\math\functions\acos\WS_FTP.LOG <-- ftp.exslt.org /www.exslt.org/public_html/math/functions/acos WS_FTP.LOG
103.10.21 13:08 B C:\jakarta-tomcat-3.2.4\webapps\cocoon\exslt\math\functions\acos\base.css --> marian.cs.nott.ac.uk /stud/pg/cds/exslt/math/functions/acos base.css
103.10.21 13:08 B C:\jakarta-tomcat-3.2.4\webapps\cocoon\exslt\math\functions\acos\index.html --> marian.cs.nott.ac.uk /stud/pg/cds/exslt/math/functions/acos index.html
103.10.21 13:08 B C:\jakarta-tomcat-3.2.4\webapps\cocoon\exslt\math\functions\acos\math.acos.1.html --> marian.cs.nott.ac.uk /stud/pg/cds/exslt/math/functions/acos math.acos.1.html
103.10.21 13:08 B C:\jakarta-tomcat-3.2.4\webapps\cocoon\exslt\math\functions\acos\math.acos.1.xml --> marian.cs.nott.ac.uk /stud/pg/cds/exslt/math/functions/acos math.acos.1.xml
103.10.21 13:08 B C:\jakarta-tomcat-3.2.4\webapps\cocoon\exslt\math\functions\acos\math.acos.1.xsl --> marian.cs.nott.ac.uk /stud/pg/cds/exslt/math/functions/acos math.acos.1.xsl
103.10.21 13:08 B C:\jakarta-tomcat-3.2.4\webapps\cocoon\exslt\math\functions\acos\math.acos.html --> marian.cs.nott.ac.uk /stud/pg/cds/exslt/math/functions/acos math.acos.html
103.10.21 13:08 B C:\jakarta-tomcat-3.2.4\webapps\cocoon\exslt\math\functions\acos\math.acos.js --> marian.cs.nott.ac.uk /stud/pg/cds/exslt/math/functions/acos math.acos.js
103.10.21 13:08 B C:\jakarta-tomcat-3.2.4\webapps\cocoon\exslt\math\functions\acos\math.acos.js.html --> marian.cs.nott.ac.uk /stud/pg/cds/exslt/math/functions/acos math.acos.js.html
103.10.21 13:08 B C:\jakarta-tomcat-3.2.4\webapps\cocoon\exslt\math\functions\acos\math.acos.msxsl.xsl --> marian.cs.nott.ac.uk /stud/pg/cds/exslt/math/functions/acos math.acos.msxsl.xsl
103.10.21 13:08 B C:\jakarta-tomcat-3.2.4\webapps\cocoon\exslt\math\functions\acos\math.acos.msxsl.xsl.html --> marian.cs.nott.ac.uk /stud/pg/cds/exslt/math/functions/acos math.acos.msxsl.xsl.html
103.10.21 13:08 B C:\jakarta-tomcat-3.2.4\webapps\cocoon\exslt\math\functions\acos\math.acos.package.txt --> marian.cs.nott.ac.uk /stud/pg/cds/exslt/math/functions/acos math.acos.package.txt
103.10.21 13:08 B C:\jakarta-tomcat-3.2.4\webapps\cocoon\exslt\math\functions\acos\math.acos.use-cases.txt --> marian.cs.nott.ac.uk /stud/pg/cds/exslt/math/functions/acos math.acos.use-cases.txt
103.10.21 13:08 B C:\jakarta-tomcat-3.2.4\webapps\cocoon\exslt\math\functions\acos\math.acos.use-cases.zip --> marian.cs.nott.ac.uk /stud/pg/cds/exslt/math/functions/acos math.acos.use-cases.zip
103.10.21 13:08 B C:\jakarta-tomcat-3.2.4\webapps\cocoon\exslt\math\functions\acos\math.acos.xml --> marian.cs.nott.ac.uk /stud/pg/cds/exslt/math/functions/acos math.acos.xml
103.10.21 13:08 B C:\jakarta-tomcat-3.2.4\webapps\cocoon\exslt\math\functions\acos\math.acos.xsl --> marian.cs.nott.ac.uk /stud/pg/cds/exslt/math/functions/acos math.acos.xsl
103.10.21 13:08 B C:\jakarta-tomcat-3.2.4\webapps\cocoon\exslt\math\functions\acos\math.acos.zip --> marian.cs.nott.ac.uk /stud/pg/cds/exslt/math/functions/acos math.acos.zip
103.10.21 13:08 B C:\jakarta-tomcat-3.2.4\webapps\cocoon\exslt\math\functions\acos\refresh.bat --> marian.cs.nott.ac.uk /stud/pg/cds/exslt/math/functions/acos refresh.bat
103.10.21 13:08 B C:\jakarta-tomcat-3.2.4\webapps\cocoon\exslt\math\functions\acos\update.bat --> marian.cs.nott.ac.uk /stud/pg/cds/exslt/math/functions/acos update.bat
103.10.21 13:08 B C:\jakarta-tomcat-3.2.4\webapps\cocoon\exslt\math\functions\acos\WS_FTP.LOG --> marian.cs.nott.ac.uk /stud/pg/cds/exslt/math/functions/acos WS_FTP.LOG
103.10.23 16:26 B C:\jakarta-tomcat-3.2.4\webapps\cocoon\exslt\math\functions\acos\base.css --> ftp.exslt.org /www.exslt.org/public_html/math/functions/acos base.css
103.10.23 16:26 B C:\jakarta-tomcat-3.2.4\webapps\cocoon\exslt\math\functions\acos\index.html --> ftp.exslt.org /www.exslt.org/public_html/math/functions/acos index.html
103.10.23 16:26 B C:\jakarta-tomcat-3.2.4\webapps\cocoon\exslt\math\functions\acos\math.acos.1.html --> ftp.exslt.org /www.exslt.org/public_html/math/functions/acos math.acos.1.html
103.10.23 16:26 B C:\jakarta-tomcat-3.2.4\webapps\cocoon\exslt\math\functions\acos\math.acos.1.xml --> ftp.exslt.org /www.exslt.org/public_html/math/functions/acos math.acos.1.xml
103.10.23 16:26 B C:\jakarta-tomcat-3.2.4\webapps\cocoon\exslt\math\functions\acos\math.acos.1.xsl --> ftp.exslt.org /www.exslt.org/public_html/math/functions/acos math.acos.1.xsl
103.10.23 16:26 B C:\jakarta-tomcat-3.2.4\webapps\cocoon\exslt\math\functions\acos\math.acos.html --> ftp.exslt.org /www.exslt.org/public_html/math/functions/acos math.acos.html
103.10.23 16:26 B C:\jakarta-tomcat-3.2.4\webapps\cocoon\exslt\math\functions\acos\math.acos.js --> ftp.exslt.org /www.exslt.org/public_html/math/functions/acos math.acos.js
103.10.23 16:26 B C:\jakarta-tomcat-3.2.4\webapps\cocoon\exslt\math\functions\acos\math.acos.js.html --> ftp.exslt.org /www.exslt.org/public_html/math/functions/acos math.acos.js.html
103.10.23 16:26 B C:\jakarta-tomcat-3.2.4\webapps\cocoon\exslt\math\functions\acos\math.acos.msxsl.xsl --> ftp.exslt.org /www.exslt.org/public_html/math/functions/acos math.acos.msxsl.xsl
103.10.23 16:26 B C:\jakarta-tomcat-3.2.4\webapps\cocoon\exslt\math\functions\acos\math.acos.msxsl.xsl.html --> ftp.exslt.org /www.exslt.org/public_html/math/functions/acos math.acos.msxsl.xsl.html
103.10.23 16:27 B C:\jakarta-tomcat-3.2.4\webapps\cocoon\exslt\math\functions\acos\math.acos.package.txt --> ftp.exslt.org /www.exslt.org/public_html/math/functions/acos math.acos.package.txt
103.10.23 16:27 B C:\jakarta-tomcat-3.2.4\webapps\cocoon\exslt\math\functions\acos\math.acos.use-cases.txt --> ftp.exslt.org /www.exslt.org/public_html/math/functions/acos math.acos.use-cases.txt
103.10.23 16:27 B C:\jakarta-tomcat-3.2.4\webapps\cocoon\exslt\math\functions\acos\math.acos.use-cases.zip --> ftp.exslt.org /www.exslt.org/public_html/math/functions/acos math.acos.use-cases.zip
103.10.23 16:27 B C:\jakarta-tomcat-3.2.4\webapps\cocoon\exslt\math\functions\acos\math.acos.xml --> ftp.exslt.org /www.exslt.org/public_html/math/functions/acos math.acos.xml
103.10.23 16:27 B C:\jakarta-tomcat-3.2.4\webapps\cocoon\exslt\math\functions\acos\math.acos.xsl --> ftp.exslt.org /www.exslt.org/public_html/math/functions/acos math.acos.xsl
103.10.23 16:27 B C:\jakarta-tomcat-3.2.4\webapps\cocoon\exslt\math\functions\acos\math.acos.zip --> ftp.exslt.org /www.exslt.org/public_html/math/functions/acos math.acos.zip
103.10.23 16:27 B C:\jakarta-tomcat-3.2.4\webapps\cocoon\exslt\math\functions\acos\refresh.bat --> ftp.exslt.org /www.exslt.org/public_html/math/functions/acos refresh.bat
103.10.23 16:27 B C:\jakarta-tomcat-3.2.4\webapps\cocoon\exslt\math\functions\acos\update.bat --> ftp.exslt.org /www.exslt.org/public_html/math/functions/acos update.bat
