102.12.02 12:34 B C:\jakarta-tomcat-3.2.4\webapps\cocoon\exslt\public_html\submissions\Jim-math\math.constant.1.xml <-- ftp.exslt.org /www.exslt.org/public_html/submissions/Jim-math math.constant.1.xml
102.12.02 12:34 B C:\jakarta-tomcat-3.2.4\webapps\cocoon\exslt\public_html\submissions\Jim-math\math.constant.1.xsl <-- ftp.exslt.org /www.exslt.org/public_html/submissions/Jim-math math.constant.1.xsl
102.12.02 12:34 B C:\jakarta-tomcat-3.2.4\webapps\cocoon\exslt\public_html\submissions\Jim-math\math.constant.function.submission.xml <-- ftp.exslt.org /www.exslt.org/public_html/submissions/Jim-math math.constant.function.submission.xml
102.12.02 12:34 B C:\jakarta-tomcat-3.2.4\webapps\cocoon\exslt\public_html\submissions\Jim-math\math.constant.function.xsl <-- ftp.exslt.org /www.exslt.org/public_html/submissions/Jim-math math.constant.function.xsl
102.12.02 12:34 B C:\jakarta-tomcat-3.2.4\webapps\cocoon\exslt\public_html\submissions\Jim-math\math.constant.javascript.submission.xml <-- ftp.exslt.org /www.exslt.org/public_html/submissions/Jim-math math.constant.javascript.submission.xml
102.12.02 12:34 B C:\jakarta-tomcat-3.2.4\webapps\cocoon\exslt\public_html\submissions\Jim-math\math.constant.js <-- ftp.exslt.org /www.exslt.org/public_html/submissions/Jim-math math.constant.js
102.12.02 12:34 B C:\jakarta-tomcat-3.2.4\webapps\cocoon\exslt\public_html\submissions\Jim-math\math.constant.submission.xml <-- ftp.exslt.org /www.exslt.org/public_html/submissions/Jim-math math.constant.submission.xml
102.12.02 12:34 B C:\jakarta-tomcat-3.2.4\webapps\cocoon\exslt\public_html\submissions\Jim-math\math.constant.template.submission.xml <-- ftp.exslt.org /www.exslt.org/public_html/submissions/Jim-math math.constant.template.submission.xml
102.12.02 12:34 B C:\jakarta-tomcat-3.2.4\webapps\cocoon\exslt\public_html\submissions\Jim-math\math.constant.template.xsl <-- ftp.exslt.org /www.exslt.org/public_html/submissions/Jim-math math.constant.template.xsl
102.12.02 12:34 B C:\jakarta-tomcat-3.2.4\webapps\cocoon\exslt\public_html\submissions\Jim-math\math.constant.xsl <-- ftp.exslt.org /www.exslt.org/public_html/submissions/Jim-math math.constant.xsl
102.12.03 11:16 B C:\jakarta-tomcat-3.2.4\webapps\cocoon\exslt\submissions\Jim-math\math.constant.1.xml --> ftp.exslt.org /www.exslt.org/public_html/submissions/Jim-math math.constant.1.xml
102.12.03 11:16 B C:\jakarta-tomcat-3.2.4\webapps\cocoon\exslt\submissions\Jim-math\math.constant.1.xsl --> ftp.exslt.org /www.exslt.org/public_html/submissions/Jim-math math.constant.1.xsl
102.12.03 11:16 B C:\jakarta-tomcat-3.2.4\webapps\cocoon\exslt\submissions\Jim-math\math.constant.function.submission.xml --> ftp.exslt.org /www.exslt.org/public_html/submissions/Jim-math math.constant.function.submission.xml
102.12.03 11:16 B C:\jakarta-tomcat-3.2.4\webapps\cocoon\exslt\submissions\Jim-math\math.constant.function.xsl --> ftp.exslt.org /www.exslt.org/public_html/submissions/Jim-math math.constant.function.xsl
102.12.03 11:16 B C:\jakarta-tomcat-3.2.4\webapps\cocoon\exslt\submissions\Jim-math\math.constant.javascript.submission.xml --> ftp.exslt.org /www.exslt.org/public_html/submissions/Jim-math math.constant.javascript.submission.xml
102.12.03 11:16 B C:\jakarta-tomcat-3.2.4\webapps\cocoon\exslt\submissions\Jim-math\math.constant.js --> ftp.exslt.org /www.exslt.org/public_html/submissions/Jim-math math.constant.js
102.12.03 11:16 B C:\jakarta-tomcat-3.2.4\webapps\cocoon\exslt\submissions\Jim-math\math.constant.submission.xml --> ftp.exslt.org /www.exslt.org/public_html/submissions/Jim-math math.constant.submission.xml
102.12.03 11:16 B C:\jakarta-tomcat-3.2.4\webapps\cocoon\exslt\submissions\Jim-math\math.constant.template.submission.xml --> ftp.exslt.org /www.exslt.org/public_html/submissions/Jim-math math.constant.template.submission.xml
102.12.03 11:16 B C:\jakarta-tomcat-3.2.4\webapps\cocoon\exslt\submissions\Jim-math\math.constant.template.xsl --> ftp.exslt.org /www.exslt.org/public_html/submissions/Jim-math math.constant.template.xsl
102.12.03 11:16 B C:\jakarta-tomcat-3.2.4\webapps\cocoon\exslt\submissions\Jim-math\math.constant.xsl --> ftp.exslt.org /www.exslt.org/public_html/submissions/Jim-math math.constant.xsl
102.12.03 11:16 B C:\jakarta-tomcat-3.2.4\webapps\cocoon\exslt\submissions\Jim-math\WS_FTP.LOG --> ftp.exslt.org /www.exslt.org/public_html/submissions/Jim-math WS_FTP.LOG
102.12.11 11:13 B C:\jakarta-tomcat-3.2.4\webapps\cocoon\exslt\submissions\Jim-math\math.constant.1.xml --> ftp.exslt.org /www.exslt.org/public_html/submissions/Jim-math math.constant.1.xml
102.12.11 11:13 B C:\jakarta-tomcat-3.2.4\webapps\cocoon\exslt\submissions\Jim-math\math.constant.1.xsl --> ftp.exslt.org /www.exslt.org/public_html/submissions/Jim-math math.constant.1.xsl
102.12.11 11:13 B C:\jakarta-tomcat-3.2.4\webapps\cocoon\exslt\submissions\Jim-math\math.constant.function.submission.xml --> ftp.exslt.org /www.exslt.org/public_html/submissions/Jim-math math.constant.function.submission.xml
102.12.11 11:13 B C:\jakarta-tomcat-3.2.4\webapps\cocoon\exslt\submissions\Jim-math\math.constant.function.xsl --> ftp.exslt.org /www.exslt.org/public_html/submissions/Jim-math math.constant.function.xsl
102.12.11 11:13 B C:\jakarta-tomcat-3.2.4\webapps\cocoon\exslt\submissions\Jim-math\math.constant.javascript.submission.xml --> ftp.exslt.org /www.exslt.org/public_html/submissions/Jim-math math.constant.javascript.submission.xml
102.12.11 11:13 B C:\jakarta-tomcat-3.2.4\webapps\cocoon\exslt\submissions\Jim-math\math.constant.js --> ftp.exslt.org /www.exslt.org/public_html/submissions/Jim-math math.constant.js
102.12.11 11:13 B C:\jakarta-tomcat-3.2.4\webapps\cocoon\exslt\submissions\Jim-math\math.constant.submission.xml --> ftp.exslt.org /www.exslt.org/public_html/submissions/Jim-math math.constant.submission.xml
102.12.11 11:13 B C:\jakarta-tomcat-3.2.4\webapps\cocoon\exslt\submissions\Jim-math\math.constant.template.submission.xml --> ftp.exslt.org /www.exslt.org/public_html/submissions/Jim-math math.constant.template.submission.xml
102.12.11 11:13 B C:\jakarta-tomcat-3.2.4\webapps\cocoon\exslt\submissions\Jim-math\math.constant.template.xsl --> ftp.exslt.org /www.exslt.org/public_html/submissions/Jim-math math.constant.template.xsl
102.12.11 11:13 B C:\jakarta-tomcat-3.2.4\webapps\cocoon\exslt\submissions\Jim-math\math.constant.xsl --> ftp.exslt.org /www.exslt.org/public_html/submissions/Jim-math math.constant.xsl
103.09.29 16:39 B C:\jakarta-tomcat-3.2.4\webapps\cocoon\exslt\submissions\Jim-math\WS_FTP.LOG <-- ftp.exslt.org /www.exslt.org/public_html/submissions/Jim-math WS_FTP.LOG
103.10.21 13:12 B C:\jakarta-tomcat-3.2.4\webapps\cocoon\exslt\submissions\Jim-math\math.constant.1.xml --> marian.cs.nott.ac.uk /stud/pg/cds/exslt/submissions/Jim-math math.constant.1.xml
103.10.21 13:12 B C:\jakarta-tomcat-3.2.4\webapps\cocoon\exslt\submissions\Jim-math\math.constant.1.xsl --> marian.cs.nott.ac.uk /stud/pg/cds/exslt/submissions/Jim-math math.constant.1.xsl
103.10.21 13:12 B C:\jakarta-tomcat-3.2.4\webapps\cocoon\exslt\submissions\Jim-math\math.constant.function.submission.xml --> marian.cs.nott.ac.uk /stud/pg/cds/exslt/submissions/Jim-math math.constant.function.submission.xml
103.10.21 13:12 B C:\jakarta-tomcat-3.2.4\webapps\cocoon\exslt\submissions\Jim-math\math.constant.function.xsl --> marian.cs.nott.ac.uk /stud/pg/cds/exslt/submissions/Jim-math math.constant.function.xsl
103.10.21 13:12 B C:\jakarta-tomcat-3.2.4\webapps\cocoon\exslt\submissions\Jim-math\math.constant.javascript.submission.xml --> marian.cs.nott.ac.uk /stud/pg/cds/exslt/submissions/Jim-math math.constant.javascript.submission.xml
103.10.21 13:12 B C:\jakarta-tomcat-3.2.4\webapps\cocoon\exslt\submissions\Jim-math\math.constant.js --> marian.cs.nott.ac.uk /stud/pg/cds/exslt/submissions/Jim-math math.constant.js
103.10.21 13:12 B C:\jakarta-tomcat-3.2.4\webapps\cocoon\exslt\submissions\Jim-math\math.constant.submission.xml --> marian.cs.nott.ac.uk /stud/pg/cds/exslt/submissions/Jim-math math.constant.submission.xml
103.10.21 13:12 B C:\jakarta-tomcat-3.2.4\webapps\cocoon\exslt\submissions\Jim-math\math.constant.template.submission.xml --> marian.cs.nott.ac.uk /stud/pg/cds/exslt/submissions/Jim-math math.constant.template.submission.xml
103.10.21 13:12 B C:\jakarta-tomcat-3.2.4\webapps\cocoon\exslt\submissions\Jim-math\math.constant.template.xsl --> marian.cs.nott.ac.uk /stud/pg/cds/exslt/submissions/Jim-math math.constant.template.xsl
103.10.21 13:12 B C:\jakarta-tomcat-3.2.4\webapps\cocoon\exslt\submissions\Jim-math\math.constant.xsl --> marian.cs.nott.ac.uk /stud/pg/cds/exslt/submissions/Jim-math math.constant.xsl
103.10.21 13:12 B C:\jakarta-tomcat-3.2.4\webapps\cocoon\exslt\submissions\Jim-math\WS_FTP.LOG --> marian.cs.nott.ac.uk /stud/pg/cds/exslt/submissions/Jim-math WS_FTP.LOG
103.10.24 11:54 B C:\jakarta-tomcat-3.2.4\webapps\cocoon\exslt\submissions\Jim-math\math.constant.1.xml --> ftp.exslt.org /www.exslt.org/public_html/submissions/Jim-math math.constant.1.xml
103.10.24 11:54 B C:\jakarta-tomcat-3.2.4\webapps\cocoon\exslt\submissions\Jim-math\math.constant.1.xsl --> ftp.exslt.org /www.exslt.org/public_html/submissions/Jim-math math.constant.1.xsl
103.10.24 11:54 B C:\jakarta-tomcat-3.2.4\webapps\cocoon\exslt\submissions\Jim-math\math.constant.function.submission.xml --> ftp.exslt.org /www.exslt.org/public_html/submissions/Jim-math math.constant.function.submission.xml
103.10.24 11:54 B C:\jakarta-tomcat-3.2.4\webapps\cocoon\exslt\submissions\Jim-math\math.constant.function.xsl --> ftp.exslt.org /www.exslt.org/public_html/submissions/Jim-math math.constant.function.xsl
103.10.24 11:54 B C:\jakarta-tomcat-3.2.4\webapps\cocoon\exslt\submissions\Jim-math\math.constant.javascript.submission.xml --> ftp.exslt.org /www.exslt.org/public_html/submissions/Jim-math math.constant.javascript.submission.xml
103.10.24 11:54 B C:\jakarta-tomcat-3.2.4\webapps\cocoon\exslt\submissions\Jim-math\math.constant.js --> ftp.exslt.org /www.exslt.org/public_html/submissions/Jim-math math.constant.js
103.10.24 11:54 B C:\jakarta-tomcat-3.2.4\webapps\cocoon\exslt\submissions\Jim-math\math.constant.submission.xml --> ftp.exslt.org /www.exslt.org/public_html/submissions/Jim-math math.constant.submission.xml
103.10.24 11:54 B C:\jakarta-tomcat-3.2.4\webapps\cocoon\exslt\submissions\Jim-math\math.constant.template.submission.xml --> ftp.exslt.org /www.exslt.org/public_html/submissions/Jim-math math.constant.template.submission.xml
103.10.24 11:54 B C:\jakarta-tomcat-3.2.4\webapps\cocoon\exslt\submissions\Jim-math\math.constant.template.xsl --> ftp.exslt.org /www.exslt.org/public_html/submissions/Jim-math math.constant.template.xsl
103.10.24 11:54 B C:\jakarta-tomcat-3.2.4\webapps\cocoon\exslt\submissions\Jim-math\math.constant.xsl --> ftp.exslt.org /www.exslt.org/public_html/submissions/Jim-math math.constant.xsl
