102.08.21 17:32 B C:\jakarta-tomcat-3.2.4\webapps\cocoon\exslt\math\functions\highest\base.css --> ftp.exslt.org /www.exslt.org/public_html/math/functions/highest base.css
102.08.21 17:32 B C:\jakarta-tomcat-3.2.4\webapps\cocoon\exslt\math\functions\highest\index.html --> ftp.exslt.org /www.exslt.org/public_html/math/functions/highest index.html
102.08.21 17:32 B C:\jakarta-tomcat-3.2.4\webapps\cocoon\exslt\math\functions\highest\math.highest.1.html --> ftp.exslt.org /www.exslt.org/public_html/math/functions/highest math.highest.1.html
102.08.21 17:32 B C:\jakarta-tomcat-3.2.4\webapps\cocoon\exslt\math\functions\highest\math.highest.1.xsl --> ftp.exslt.org /www.exslt.org/public_html/math/functions/highest math.highest.1.xsl
102.08.21 17:32 B C:\jakarta-tomcat-3.2.4\webapps\cocoon\exslt\math\functions\highest\math.highest.2.xsl --> ftp.exslt.org /www.exslt.org/public_html/math/functions/highest math.highest.2.xsl
102.08.21 17:32 B C:\jakarta-tomcat-3.2.4\webapps\cocoon\exslt\math\functions\highest\math.highest.3.xsl --> ftp.exslt.org /www.exslt.org/public_html/math/functions/highest math.highest.3.xsl
102.08.21 17:32 B C:\jakarta-tomcat-3.2.4\webapps\cocoon\exslt\math\functions\highest\math.highest.4.xsl --> ftp.exslt.org /www.exslt.org/public_html/math/functions/highest math.highest.4.xsl
102.08.21 17:32 B C:\jakarta-tomcat-3.2.4\webapps\cocoon\exslt\math\functions\highest\math.highest.5.xsl --> ftp.exslt.org /www.exslt.org/public_html/math/functions/highest math.highest.5.xsl
102.08.21 17:32 B C:\jakarta-tomcat-3.2.4\webapps\cocoon\exslt\math\functions\highest\math.highest.data.1.xml --> ftp.exslt.org /www.exslt.org/public_html/math/functions/highest math.highest.data.1.xml
102.08.21 17:32 B C:\jakarta-tomcat-3.2.4\webapps\cocoon\exslt\math\functions\highest\math.highest.data.2.xml --> ftp.exslt.org /www.exslt.org/public_html/math/functions/highest math.highest.data.2.xml
102.08.21 17:32 B C:\jakarta-tomcat-3.2.4\webapps\cocoon\exslt\math\functions\highest\math.highest.data.5.xml --> ftp.exslt.org /www.exslt.org/public_html/math/functions/highest math.highest.data.5.xml
102.08.21 17:32 B C:\jakarta-tomcat-3.2.4\webapps\cocoon\exslt\math\functions\highest\math.highest.function.xsl --> ftp.exslt.org /www.exslt.org/public_html/math/functions/highest math.highest.function.xsl
102.08.21 17:32 B C:\jakarta-tomcat-3.2.4\webapps\cocoon\exslt\math\functions\highest\math.highest.function.xsl.html --> ftp.exslt.org /www.exslt.org/public_html/math/functions/highest math.highest.function.xsl.html
102.08.21 17:32 B C:\jakarta-tomcat-3.2.4\webapps\cocoon\exslt\math\functions\highest\math.highest.html --> ftp.exslt.org /www.exslt.org/public_html/math/functions/highest math.highest.html
102.08.21 17:32 B C:\jakarta-tomcat-3.2.4\webapps\cocoon\exslt\math\functions\highest\math.highest.package.txt --> ftp.exslt.org /www.exslt.org/public_html/math/functions/highest math.highest.package.txt
102.08.21 17:32 B C:\jakarta-tomcat-3.2.4\webapps\cocoon\exslt\math\functions\highest\math.highest.result.1.xml --> ftp.exslt.org /www.exslt.org/public_html/math/functions/highest math.highest.result.1.xml
102.08.21 17:32 B C:\jakarta-tomcat-3.2.4\webapps\cocoon\exslt\math\functions\highest\math.highest.result.2.xml --> ftp.exslt.org /www.exslt.org/public_html/math/functions/highest math.highest.result.2.xml
102.08.21 17:32 B C:\jakarta-tomcat-3.2.4\webapps\cocoon\exslt\math\functions\highest\math.highest.result.5.xml --> ftp.exslt.org /www.exslt.org/public_html/math/functions/highest math.highest.result.5.xml
102.08.21 17:32 B C:\jakarta-tomcat-3.2.4\webapps\cocoon\exslt\math\functions\highest\math.highest.template.xsl --> ftp.exslt.org /www.exslt.org/public_html/math/functions/highest math.highest.template.xsl
102.08.21 17:32 B C:\jakarta-tomcat-3.2.4\webapps\cocoon\exslt\math\functions\highest\math.highest.template.xsl.html --> ftp.exslt.org /www.exslt.org/public_html/math/functions/highest math.highest.template.xsl.html
102.08.21 17:32 B C:\jakarta-tomcat-3.2.4\webapps\cocoon\exslt\math\functions\highest\math.highest.use-case.1.html --> ftp.exslt.org /www.exslt.org/public_html/math/functions/highest math.highest.use-case.1.html
102.08.21 17:32 B C:\jakarta-tomcat-3.2.4\webapps\cocoon\exslt\math\functions\highest\math.highest.use-case.2.html --> ftp.exslt.org /www.exslt.org/public_html/math/functions/highest math.highest.use-case.2.html
102.08.21 17:32 B C:\jakarta-tomcat-3.2.4\webapps\cocoon\exslt\math\functions\highest\math.highest.use-case.3.html --> ftp.exslt.org /www.exslt.org/public_html/math/functions/highest math.highest.use-case.3.html
102.08.21 17:32 B C:\jakarta-tomcat-3.2.4\webapps\cocoon\exslt\math\functions\highest\math.highest.use-case.4.html --> ftp.exslt.org /www.exslt.org/public_html/math/functions/highest math.highest.use-case.4.html
102.08.21 17:32 B C:\jakarta-tomcat-3.2.4\webapps\cocoon\exslt\math\functions\highest\math.highest.use-case.5.html --> ftp.exslt.org /www.exslt.org/public_html/math/functions/highest math.highest.use-case.5.html
102.08.21 17:32 B C:\jakarta-tomcat-3.2.4\webapps\cocoon\exslt\math\functions\highest\math.highest.use-case.6.html --> ftp.exslt.org /www.exslt.org/public_html/math/functions/highest math.highest.use-case.6.html
102.08.21 17:32 B C:\jakarta-tomcat-3.2.4\webapps\cocoon\exslt\math\functions\highest\math.highest.use-case.7.html --> ftp.exslt.org /www.exslt.org/public_html/math/functions/highest math.highest.use-case.7.html
102.08.21 17:32 B C:\jakarta-tomcat-3.2.4\webapps\cocoon\exslt\math\functions\highest\math.highest.use-cases.txt --> ftp.exslt.org /www.exslt.org/public_html/math/functions/highest math.highest.use-cases.txt
102.08.21 17:32 B C:\jakarta-tomcat-3.2.4\webapps\cocoon\exslt\math\functions\highest\math.highest.use-cases.zip --> ftp.exslt.org /www.exslt.org/public_html/math/functions/highest math.highest.use-cases.zip
102.08.21 17:32 B C:\jakarta-tomcat-3.2.4\webapps\cocoon\exslt\math\functions\highest\math.highest.xml --> ftp.exslt.org /www.exslt.org/public_html/math/functions/highest math.highest.xml
102.08.21 17:32 B C:\jakarta-tomcat-3.2.4\webapps\cocoon\exslt\math\functions\highest\math.highest.xsl --> ftp.exslt.org /www.exslt.org/public_html/math/functions/highest math.highest.xsl
102.08.21 17:32 B C:\jakarta-tomcat-3.2.4\webapps\cocoon\exslt\math\functions\highest\math.highest.zip --> ftp.exslt.org /www.exslt.org/public_html/math/functions/highest math.highest.zip
102.08.21 17:32 B C:\jakarta-tomcat-3.2.4\webapps\cocoon\exslt\math\functions\highest\refresh.bat --> ftp.exslt.org /www.exslt.org/public_html/math/functions/highest refresh.bat
102.08.21 17:32 B C:\jakarta-tomcat-3.2.4\webapps\cocoon\exslt\math\functions\highest\update.bat --> ftp.exslt.org /www.exslt.org/public_html/math/functions/highest update.bat
102.11.19 13:22 B C:\jakarta-tomcat-3.2.4\webapps\cocoon\exslt\math\functions\highest\base.css --> ftp.exslt.org /www.exslt.org/public_html/math/functions/highest base.css
102.11.19 13:22 B C:\jakarta-tomcat-3.2.4\webapps\cocoon\exslt\math\functions\highest\index.html --> ftp.exslt.org /www.exslt.org/public_html/math/functions/highest index.html
102.11.19 13:22 B C:\jakarta-tomcat-3.2.4\webapps\cocoon\exslt\math\functions\highest\math.highest.1.html --> ftp.exslt.org /www.exslt.org/public_html/math/functions/highest math.highest.1.html
102.11.19 13:22 B C:\jakarta-tomcat-3.2.4\webapps\cocoon\exslt\math\functions\highest\math.highest.1.xsl --> ftp.exslt.org /www.exslt.org/public_html/math/functions/highest math.highest.1.xsl
102.11.19 13:22 B C:\jakarta-tomcat-3.2.4\webapps\cocoon\exslt\math\functions\highest\math.highest.2.xsl --> ftp.exslt.org /www.exslt.org/public_html/math/functions/highest math.highest.2.xsl
102.11.19 13:22 B C:\jakarta-tomcat-3.2.4\webapps\cocoon\exslt\math\functions\highest\math.highest.3.xsl --> ftp.exslt.org /www.exslt.org/public_html/math/functions/highest math.highest.3.xsl
102.11.19 13:22 B C:\jakarta-tomcat-3.2.4\webapps\cocoon\exslt\math\functions\highest\math.highest.4.xsl --> ftp.exslt.org /www.exslt.org/public_html/math/functions/highest math.highest.4.xsl
102.11.19 13:22 B C:\jakarta-tomcat-3.2.4\webapps\cocoon\exslt\math\functions\highest\math.highest.5.xsl --> ftp.exslt.org /www.exslt.org/public_html/math/functions/highest math.highest.5.xsl
102.11.19 13:22 B C:\jakarta-tomcat-3.2.4\webapps\cocoon\exslt\math\functions\highest\math.highest.data.1.xml --> ftp.exslt.org /www.exslt.org/public_html/math/functions/highest math.highest.data.1.xml
102.11.19 13:22 B C:\jakarta-tomcat-3.2.4\webapps\cocoon\exslt\math\functions\highest\math.highest.data.2.xml --> ftp.exslt.org /www.exslt.org/public_html/math/functions/highest math.highest.data.2.xml
102.11.19 13:22 B C:\jakarta-tomcat-3.2.4\webapps\cocoon\exslt\math\functions\highest\math.highest.data.5.xml --> ftp.exslt.org /www.exslt.org/public_html/math/functions/highest math.highest.data.5.xml
102.11.19 13:22 B C:\jakarta-tomcat-3.2.4\webapps\cocoon\exslt\math\functions\highest\math.highest.function.xsl --> ftp.exslt.org /www.exslt.org/public_html/math/functions/highest math.highest.function.xsl
102.11.19 13:22 B C:\jakarta-tomcat-3.2.4\webapps\cocoon\exslt\math\functions\highest\math.highest.function.xsl.html --> ftp.exslt.org /www.exslt.org/public_html/math/functions/highest math.highest.function.xsl.html
102.11.19 13:22 B C:\jakarta-tomcat-3.2.4\webapps\cocoon\exslt\math\functions\highest\math.highest.html --> ftp.exslt.org /www.exslt.org/public_html/math/functions/highest math.highest.html
102.11.19 13:22 B C:\jakarta-tomcat-3.2.4\webapps\cocoon\exslt\math\functions\highest\math.highest.package.txt --> ftp.exslt.org /www.exslt.org/public_html/math/functions/highest math.highest.package.txt
102.11.19 13:22 B C:\jakarta-tomcat-3.2.4\webapps\cocoon\exslt\math\functions\highest\math.highest.result.1.xml --> ftp.exslt.org /www.exslt.org/public_html/math/functions/highest math.highest.result.1.xml
102.11.19 13:22 B C:\jakarta-tomcat-3.2.4\webapps\cocoon\exslt\math\functions\highest\math.highest.result.2.xml --> ftp.exslt.org /www.exslt.org/public_html/math/functions/highest math.highest.result.2.xml
102.11.19 13:22 B C:\jakarta-tomcat-3.2.4\webapps\cocoon\exslt\math\functions\highest\math.highest.result.5.xml --> ftp.exslt.org /www.exslt.org/public_html/math/functions/highest math.highest.result.5.xml
102.11.19 13:22 B C:\jakarta-tomcat-3.2.4\webapps\cocoon\exslt\math\functions\highest\math.highest.template.xsl --> ftp.exslt.org /www.exslt.org/public_html/math/functions/highest math.highest.template.xsl
102.11.19 13:22 B C:\jakarta-tomcat-3.2.4\webapps\cocoon\exslt\math\functions\highest\math.highest.template.xsl.html --> ftp.exslt.org /www.exslt.org/public_html/math/functions/highest math.highest.template.xsl.html
102.11.19 13:22 B C:\jakarta-tomcat-3.2.4\webapps\cocoon\exslt\math\functions\highest\math.highest.use-case.1.html --> ftp.exslt.org /www.exslt.org/public_html/math/functions/highest math.highest.use-case.1.html
102.11.19 13:22 B C:\jakarta-tomcat-3.2.4\webapps\cocoon\exslt\math\functions\highest\math.highest.use-case.2.html --> ftp.exslt.org /www.exslt.org/public_html/math/functions/highest math.highest.use-case.2.html
102.11.19 13:22 B C:\jakarta-tomcat-3.2.4\webapps\cocoon\exslt\math\functions\highest\math.highest.use-case.3.html --> ftp.exslt.org /www.exslt.org/public_html/math/functions/highest math.highest.use-case.3.html
102.11.19 13:22 B C:\jakarta-tomcat-3.2.4\webapps\cocoon\exslt\math\functions\highest\math.highest.use-case.4.html --> ftp.exslt.org /www.exslt.org/public_html/math/functions/highest math.highest.use-case.4.html
102.11.19 13:22 B C:\jakarta-tomcat-3.2.4\webapps\cocoon\exslt\math\functions\highest\math.highest.use-case.5.html --> ftp.exslt.org /www.exslt.org/public_html/math/functions/highest math.highest.use-case.5.html
102.11.19 13:22 B C:\jakarta-tomcat-3.2.4\webapps\cocoon\exslt\math\functions\highest\math.highest.use-case.6.html --> ftp.exslt.org /www.exslt.org/public_html/math/functions/highest math.highest.use-case.6.html
102.11.19 13:22 B C:\jakarta-tomcat-3.2.4\webapps\cocoon\exslt\math\functions\highest\math.highest.use-case.7.html --> ftp.exslt.org /www.exslt.org/public_html/math/functions/highest math.highest.use-case.7.html
102.11.19 13:22 B C:\jakarta-tomcat-3.2.4\webapps\cocoon\exslt\math\functions\highest\math.highest.use-cases.txt --> ftp.exslt.org /www.exslt.org/public_html/math/functions/highest math.highest.use-cases.txt
102.11.19 13:22 B C:\jakarta-tomcat-3.2.4\webapps\cocoon\exslt\math\functions\highest\math.highest.use-cases.zip --> ftp.exslt.org /www.exslt.org/public_html/math/functions/highest math.highest.use-cases.zip
102.11.19 13:22 B C:\jakarta-tomcat-3.2.4\webapps\cocoon\exslt\math\functions\highest\math.highest.xml --> ftp.exslt.org /www.exslt.org/public_html/math/functions/highest math.highest.xml
102.11.19 13:22 B C:\jakarta-tomcat-3.2.4\webapps\cocoon\exslt\math\functions\highest\math.highest.xsl --> ftp.exslt.org /www.exslt.org/public_html/math/functions/highest math.highest.xsl
102.11.19 13:22 B C:\jakarta-tomcat-3.2.4\webapps\cocoon\exslt\math\functions\highest\math.highest.zip --> ftp.exslt.org /www.exslt.org/public_html/math/functions/highest math.highest.zip
102.11.19 13:22 B C:\jakarta-tomcat-3.2.4\webapps\cocoon\exslt\math\functions\highest\refresh.bat --> ftp.exslt.org /www.exslt.org/public_html/math/functions/highest refresh.bat
102.11.19 13:22 B C:\jakarta-tomcat-3.2.4\webapps\cocoon\exslt\math\functions\highest\update.bat --> ftp.exslt.org /www.exslt.org/public_html/math/functions/highest update.bat
102.11.19 13:22 B C:\jakarta-tomcat-3.2.4\webapps\cocoon\exslt\math\functions\highest\WS_FTP.LOG --> ftp.exslt.org /www.exslt.org/public_html/math/functions/highest WS_FTP.LOG
102.11.19 13:27 B C:\jakarta-tomcat-3.2.4\webapps\cocoon\exslt\math\functions\highest\base.css --> ftp.exslt.org /www.exslt.org/public_html/math/functions/highest base.css
102.11.19 13:27 B C:\jakarta-tomcat-3.2.4\webapps\cocoon\exslt\math\functions\highest\index.html --> ftp.exslt.org /www.exslt.org/public_html/math/functions/highest index.html
102.11.19 13:27 B C:\jakarta-tomcat-3.2.4\webapps\cocoon\exslt\math\functions\highest\math.highest.1.html --> ftp.exslt.org /www.exslt.org/public_html/math/functions/highest math.highest.1.html
102.11.19 13:27 B C:\jakarta-tomcat-3.2.4\webapps\cocoon\exslt\math\functions\highest\math.highest.1.xsl --> ftp.exslt.org /www.exslt.org/public_html/math/functions/highest math.highest.1.xsl
102.11.19 13:27 B C:\jakarta-tomcat-3.2.4\webapps\cocoon\exslt\math\functions\highest\math.highest.2.xsl --> ftp.exslt.org /www.exslt.org/public_html/math/functions/highest math.highest.2.xsl
102.11.19 13:27 B C:\jakarta-tomcat-3.2.4\webapps\cocoon\exslt\math\functions\highest\math.highest.3.xsl --> ftp.exslt.org /www.exslt.org/public_html/math/functions/highest math.highest.3.xsl
102.11.19 13:27 B C:\jakarta-tomcat-3.2.4\webapps\cocoon\exslt\math\functions\highest\math.highest.4.xsl --> ftp.exslt.org /www.exslt.org/public_html/math/functions/highest math.highest.4.xsl
102.11.19 13:27 B C:\jakarta-tomcat-3.2.4\webapps\cocoon\exslt\math\functions\highest\math.highest.5.xsl --> ftp.exslt.org /www.exslt.org/public_html/math/functions/highest math.highest.5.xsl
102.11.19 13:27 B C:\jakarta-tomcat-3.2.4\webapps\cocoon\exslt\math\functions\highest\math.highest.data.1.xml --> ftp.exslt.org /www.exslt.org/public_html/math/functions/highest math.highest.data.1.xml
102.11.19 13:27 B C:\jakarta-tomcat-3.2.4\webapps\cocoon\exslt\math\functions\highest\math.highest.data.2.xml --> ftp.exslt.org /www.exslt.org/public_html/math/functions/highest math.highest.data.2.xml
102.11.19 13:27 B C:\jakarta-tomcat-3.2.4\webapps\cocoon\exslt\math\functions\highest\math.highest.data.5.xml --> ftp.exslt.org /www.exslt.org/public_html/math/functions/highest math.highest.data.5.xml
102.11.19 13:27 B C:\jakarta-tomcat-3.2.4\webapps\cocoon\exslt\math\functions\highest\math.highest.function.xsl --> ftp.exslt.org /www.exslt.org/public_html/math/functions/highest math.highest.function.xsl
102.11.19 13:27 B C:\jakarta-tomcat-3.2.4\webapps\cocoon\exslt\math\functions\highest\math.highest.function.xsl.html --> ftp.exslt.org /www.exslt.org/public_html/math/functions/highest math.highest.function.xsl.html
102.11.19 13:27 B C:\jakarta-tomcat-3.2.4\webapps\cocoon\exslt\math\functions\highest\math.highest.html --> ftp.exslt.org /www.exslt.org/public_html/math/functions/highest math.highest.html
102.11.19 13:27 B C:\jakarta-tomcat-3.2.4\webapps\cocoon\exslt\math\functions\highest\math.highest.package.txt --> ftp.exslt.org /www.exslt.org/public_html/math/functions/highest math.highest.package.txt
102.11.19 13:27 B C:\jakarta-tomcat-3.2.4\webapps\cocoon\exslt\math\functions\highest\math.highest.result.1.xml --> ftp.exslt.org /www.exslt.org/public_html/math/functions/highest math.highest.result.1.xml
102.11.19 13:27 B C:\jakarta-tomcat-3.2.4\webapps\cocoon\exslt\math\functions\highest\math.highest.result.2.xml --> ftp.exslt.org /www.exslt.org/public_html/math/functions/highest math.highest.result.2.xml
102.11.19 13:27 B C:\jakarta-tomcat-3.2.4\webapps\cocoon\exslt\math\functions\highest\math.highest.result.5.xml --> ftp.exslt.org /www.exslt.org/public_html/math/functions/highest math.highest.result.5.xml
102.11.19 13:27 B C:\jakarta-tomcat-3.2.4\webapps\cocoon\exslt\math\functions\highest\math.highest.template.xsl --> ftp.exslt.org /www.exslt.org/public_html/math/functions/highest math.highest.template.xsl
102.11.19 13:27 B C:\jakarta-tomcat-3.2.4\webapps\cocoon\exslt\math\functions\highest\math.highest.template.xsl.html --> ftp.exslt.org /www.exslt.org/public_html/math/functions/highest math.highest.template.xsl.html
102.11.19 13:27 B C:\jakarta-tomcat-3.2.4\webapps\cocoon\exslt\math\functions\highest\math.highest.use-case.1.html --> ftp.exslt.org /www.exslt.org/public_html/math/functions/highest math.highest.use-case.1.html
102.11.19 13:27 B C:\jakarta-tomcat-3.2.4\webapps\cocoon\exslt\math\functions\highest\math.highest.use-case.2.html --> ftp.exslt.org /www.exslt.org/public_html/math/functions/highest math.highest.use-case.2.html
102.11.19 13:27 B C:\jakarta-tomcat-3.2.4\webapps\cocoon\exslt\math\functions\highest\math.highest.use-case.3.html --> ftp.exslt.org /www.exslt.org/public_html/math/functions/highest math.highest.use-case.3.html
102.11.19 13:27 B C:\jakarta-tomcat-3.2.4\webapps\cocoon\exslt\math\functions\highest\math.highest.use-case.4.html --> ftp.exslt.org /www.exslt.org/public_html/math/functions/highest math.highest.use-case.4.html
102.11.19 13:27 B C:\jakarta-tomcat-3.2.4\webapps\cocoon\exslt\math\functions\highest\math.highest.use-case.5.html --> ftp.exslt.org /www.exslt.org/public_html/math/functions/highest math.highest.use-case.5.html
102.11.19 13:27 B C:\jakarta-tomcat-3.2.4\webapps\cocoon\exslt\math\functions\highest\math.highest.use-case.6.html --> ftp.exslt.org /www.exslt.org/public_html/math/functions/highest math.highest.use-case.6.html
102.11.19 13:27 B C:\jakarta-tomcat-3.2.4\webapps\cocoon\exslt\math\functions\highest\math.highest.use-case.7.html --> ftp.exslt.org /www.exslt.org/public_html/math/functions/highest math.highest.use-case.7.html
102.11.19 13:27 B C:\jakarta-tomcat-3.2.4\webapps\cocoon\exslt\math\functions\highest\math.highest.use-cases.txt --> ftp.exslt.org /www.exslt.org/public_html/math/functions/highest math.highest.use-cases.txt
102.11.19 13:27 B C:\jakarta-tomcat-3.2.4\webapps\cocoon\exslt\math\functions\highest\math.highest.use-cases.zip --> ftp.exslt.org /www.exslt.org/public_html/math/functions/highest math.highest.use-cases.zip
102.11.19 13:27 B C:\jakarta-tomcat-3.2.4\webapps\cocoon\exslt\math\functions\highest\math.highest.xml --> ftp.exslt.org /www.exslt.org/public_html/math/functions/highest math.highest.xml
102.11.19 13:27 B C:\jakarta-tomcat-3.2.4\webapps\cocoon\exslt\math\functions\highest\math.highest.xsl --> ftp.exslt.org /www.exslt.org/public_html/math/functions/highest math.highest.xsl
102.11.19 13:27 B C:\jakarta-tomcat-3.2.4\webapps\cocoon\exslt\math\functions\highest\math.highest.zip --> ftp.exslt.org /www.exslt.org/public_html/math/functions/highest math.highest.zip
102.11.19 13:27 B C:\jakarta-tomcat-3.2.4\webapps\cocoon\exslt\math\functions\highest\refresh.bat --> ftp.exslt.org /www.exslt.org/public_html/math/functions/highest refresh.bat
102.11.19 13:27 B C:\jakarta-tomcat-3.2.4\webapps\cocoon\exslt\math\functions\highest\update.bat --> ftp.exslt.org /www.exslt.org/public_html/math/functions/highest update.bat
102.12.02 12:32 B C:\jakarta-tomcat-3.2.4\webapps\cocoon\exslt\public_html\math\functions\highest\WS_FTP.LOG <-- ftp.exslt.org /www.exslt.org/public_html/math/functions/highest WS_FTP.LOG
102.12.03 11:11 B C:\jakarta-tomcat-3.2.4\webapps\cocoon\exslt\math\functions\highest\base.css --> ftp.exslt.org /www.exslt.org/public_html/math/functions/highest base.css
102.12.03 11:11 B C:\jakarta-tomcat-3.2.4\webapps\cocoon\exslt\math\functions\highest\index.html --> ftp.exslt.org /www.exslt.org/public_html/math/functions/highest index.html
102.12.03 11:11 B C:\jakarta-tomcat-3.2.4\webapps\cocoon\exslt\math\functions\highest\math.highest.1.html --> ftp.exslt.org /www.exslt.org/public_html/math/functions/highest math.highest.1.html
102.12.03 11:11 B C:\jakarta-tomcat-3.2.4\webapps\cocoon\exslt\math\functions\highest\math.highest.1.xsl --> ftp.exslt.org /www.exslt.org/public_html/math/functions/highest math.highest.1.xsl
102.12.03 11:11 B C:\jakarta-tomcat-3.2.4\webapps\cocoon\exslt\math\functions\highest\math.highest.2.xsl --> ftp.exslt.org /www.exslt.org/public_html/math/functions/highest math.highest.2.xsl
102.12.03 11:11 B C:\jakarta-tomcat-3.2.4\webapps\cocoon\exslt\math\functions\highest\math.highest.3.xsl --> ftp.exslt.org /www.exslt.org/public_html/math/functions/highest math.highest.3.xsl
102.12.03 11:11 B C:\jakarta-tomcat-3.2.4\webapps\cocoon\exslt\math\functions\highest\math.highest.4.xsl --> ftp.exslt.org /www.exslt.org/public_html/math/functions/highest math.highest.4.xsl
102.12.03 11:11 B C:\jakarta-tomcat-3.2.4\webapps\cocoon\exslt\math\functions\highest\math.highest.5.xsl --> ftp.exslt.org /www.exslt.org/public_html/math/functions/highest math.highest.5.xsl
102.12.03 11:11 B C:\jakarta-tomcat-3.2.4\webapps\cocoon\exslt\math\functions\highest\math.highest.data.1.xml --> ftp.exslt.org /www.exslt.org/public_html/math/functions/highest math.highest.data.1.xml
102.12.03 11:11 B C:\jakarta-tomcat-3.2.4\webapps\cocoon\exslt\math\functions\highest\math.highest.data.2.xml --> ftp.exslt.org /www.exslt.org/public_html/math/functions/highest math.highest.data.2.xml
102.12.03 11:11 B C:\jakarta-tomcat-3.2.4\webapps\cocoon\exslt\math\functions\highest\math.highest.data.5.xml --> ftp.exslt.org /www.exslt.org/public_html/math/functions/highest math.highest.data.5.xml
102.12.03 11:11 B C:\jakarta-tomcat-3.2.4\webapps\cocoon\exslt\math\functions\highest\math.highest.function.xsl --> ftp.exslt.org /www.exslt.org/public_html/math/functions/highest math.highest.function.xsl
102.12.03 11:11 B C:\jakarta-tomcat-3.2.4\webapps\cocoon\exslt\math\functions\highest\math.highest.function.xsl.html --> ftp.exslt.org /www.exslt.org/public_html/math/functions/highest math.highest.function.xsl.html
102.12.03 11:11 B C:\jakarta-tomcat-3.2.4\webapps\cocoon\exslt\math\functions\highest\math.highest.html --> ftp.exslt.org /www.exslt.org/public_html/math/functions/highest math.highest.html
102.12.03 11:11 B C:\jakarta-tomcat-3.2.4\webapps\cocoon\exslt\math\functions\highest\math.highest.package.txt --> ftp.exslt.org /www.exslt.org/public_html/math/functions/highest math.highest.package.txt
102.12.03 11:11 B C:\jakarta-tomcat-3.2.4\webapps\cocoon\exslt\math\functions\highest\math.highest.result.1.xml --> ftp.exslt.org /www.exslt.org/public_html/math/functions/highest math.highest.result.1.xml
102.12.03 11:11 B C:\jakarta-tomcat-3.2.4\webapps\cocoon\exslt\math\functions\highest\math.highest.result.2.xml --> ftp.exslt.org /www.exslt.org/public_html/math/functions/highest math.highest.result.2.xml
102.12.03 11:11 B C:\jakarta-tomcat-3.2.4\webapps\cocoon\exslt\math\functions\highest\math.highest.result.5.xml --> ftp.exslt.org /www.exslt.org/public_html/math/functions/highest math.highest.result.5.xml
102.12.03 11:11 B C:\jakarta-tomcat-3.2.4\webapps\cocoon\exslt\math\functions\highest\math.highest.template.xsl --> ftp.exslt.org /www.exslt.org/public_html/math/functions/highest math.highest.template.xsl
102.12.03 11:11 B C:\jakarta-tomcat-3.2.4\webapps\cocoon\exslt\math\functions\highest\math.highest.template.xsl.html --> ftp.exslt.org /www.exslt.org/public_html/math/functions/highest math.highest.template.xsl.html
102.12.03 11:11 B C:\jakarta-tomcat-3.2.4\webapps\cocoon\exslt\math\functions\highest\math.highest.use-case.1.html --> ftp.exslt.org /www.exslt.org/public_html/math/functions/highest math.highest.use-case.1.html
102.12.03 11:11 B C:\jakarta-tomcat-3.2.4\webapps\cocoon\exslt\math\functions\highest\math.highest.use-case.2.html --> ftp.exslt.org /www.exslt.org/public_html/math/functions/highest math.highest.use-case.2.html
102.12.03 11:11 B C:\jakarta-tomcat-3.2.4\webapps\cocoon\exslt\math\functions\highest\math.highest.use-case.3.html --> ftp.exslt.org /www.exslt.org/public_html/math/functions/highest math.highest.use-case.3.html
102.12.03 11:11 B C:\jakarta-tomcat-3.2.4\webapps\cocoon\exslt\math\functions\highest\math.highest.use-case.4.html --> ftp.exslt.org /www.exslt.org/public_html/math/functions/highest math.highest.use-case.4.html
102.12.03 11:11 B C:\jakarta-tomcat-3.2.4\webapps\cocoon\exslt\math\functions\highest\math.highest.use-case.5.html --> ftp.exslt.org /www.exslt.org/public_html/math/functions/highest math.highest.use-case.5.html
102.12.03 11:11 B C:\jakarta-tomcat-3.2.4\webapps\cocoon\exslt\math\functions\highest\math.highest.use-case.6.html --> ftp.exslt.org /www.exslt.org/public_html/math/functions/highest math.highest.use-case.6.html
102.12.03 11:11 B C:\jakarta-tomcat-3.2.4\webapps\cocoon\exslt\math\functions\highest\math.highest.use-case.7.html --> ftp.exslt.org /www.exslt.org/public_html/math/functions/highest math.highest.use-case.7.html
102.12.03 11:11 B C:\jakarta-tomcat-3.2.4\webapps\cocoon\exslt\math\functions\highest\math.highest.use-cases.txt --> ftp.exslt.org /www.exslt.org/public_html/math/functions/highest math.highest.use-cases.txt
102.12.03 11:11 B C:\jakarta-tomcat-3.2.4\webapps\cocoon\exslt\math\functions\highest\math.highest.use-cases.zip --> ftp.exslt.org /www.exslt.org/public_html/math/functions/highest math.highest.use-cases.zip
102.12.03 11:11 B C:\jakarta-tomcat-3.2.4\webapps\cocoon\exslt\math\functions\highest\math.highest.xml --> ftp.exslt.org /www.exslt.org/public_html/math/functions/highest math.highest.xml
102.12.03 11:11 B C:\jakarta-tomcat-3.2.4\webapps\cocoon\exslt\math\functions\highest\math.highest.xsl --> ftp.exslt.org /www.exslt.org/public_html/math/functions/highest math.highest.xsl
102.12.03 11:11 B C:\jakarta-tomcat-3.2.4\webapps\cocoon\exslt\math\functions\highest\math.highest.zip --> ftp.exslt.org /www.exslt.org/public_html/math/functions/highest math.highest.zip
102.12.03 11:11 B C:\jakarta-tomcat-3.2.4\webapps\cocoon\exslt\math\functions\highest\refresh.bat --> ftp.exslt.org /www.exslt.org/public_html/math/functions/highest refresh.bat
102.12.03 11:11 B C:\jakarta-tomcat-3.2.4\webapps\cocoon\exslt\math\functions\highest\update.bat --> ftp.exslt.org /www.exslt.org/public_html/math/functions/highest update.bat
102.12.03 11:11 B C:\jakarta-tomcat-3.2.4\webapps\cocoon\exslt\math\functions\highest\WS_FTP.LOG --> ftp.exslt.org /www.exslt.org/public_html/math/functions/highest WS_FTP.LOG
102.12.11 11:05 B C:\jakarta-tomcat-3.2.4\webapps\cocoon\exslt\math\functions\highest\base.css --> ftp.exslt.org /www.exslt.org/public_html/math/functions/highest base.css
102.12.11 11:05 B C:\jakarta-tomcat-3.2.4\webapps\cocoon\exslt\math\functions\highest\index.html --> ftp.exslt.org /www.exslt.org/public_html/math/functions/highest index.html
102.12.11 11:05 B C:\jakarta-tomcat-3.2.4\webapps\cocoon\exslt\math\functions\highest\math.highest.1.html --> ftp.exslt.org /www.exslt.org/public_html/math/functions/highest math.highest.1.html
102.12.11 11:05 B C:\jakarta-tomcat-3.2.4\webapps\cocoon\exslt\math\functions\highest\math.highest.1.xsl --> ftp.exslt.org /www.exslt.org/public_html/math/functions/highest math.highest.1.xsl
102.12.11 11:05 B C:\jakarta-tomcat-3.2.4\webapps\cocoon\exslt\math\functions\highest\math.highest.2.xsl --> ftp.exslt.org /www.exslt.org/public_html/math/functions/highest math.highest.2.xsl
102.12.11 11:05 B C:\jakarta-tomcat-3.2.4\webapps\cocoon\exslt\math\functions\highest\math.highest.3.xsl --> ftp.exslt.org /www.exslt.org/public_html/math/functions/highest math.highest.3.xsl
102.12.11 11:05 B C:\jakarta-tomcat-3.2.4\webapps\cocoon\exslt\math\functions\highest\math.highest.4.xsl --> ftp.exslt.org /www.exslt.org/public_html/math/functions/highest math.highest.4.xsl
102.12.11 11:05 B C:\jakarta-tomcat-3.2.4\webapps\cocoon\exslt\math\functions\highest\math.highest.5.xsl --> ftp.exslt.org /www.exslt.org/public_html/math/functions/highest math.highest.5.xsl
102.12.11 11:05 B C:\jakarta-tomcat-3.2.4\webapps\cocoon\exslt\math\functions\highest\math.highest.data.1.xml --> ftp.exslt.org /www.exslt.org/public_html/math/functions/highest math.highest.data.1.xml
102.12.11 11:05 B C:\jakarta-tomcat-3.2.4\webapps\cocoon\exslt\math\functions\highest\math.highest.data.2.xml --> ftp.exslt.org /www.exslt.org/public_html/math/functions/highest math.highest.data.2.xml
102.12.11 11:05 B C:\jakarta-tomcat-3.2.4\webapps\cocoon\exslt\math\functions\highest\math.highest.data.5.xml --> ftp.exslt.org /www.exslt.org/public_html/math/functions/highest math.highest.data.5.xml
102.12.11 11:05 B C:\jakarta-tomcat-3.2.4\webapps\cocoon\exslt\math\functions\highest\math.highest.function.xsl --> ftp.exslt.org /www.exslt.org/public_html/math/functions/highest math.highest.function.xsl
102.12.11 11:05 B C:\jakarta-tomcat-3.2.4\webapps\cocoon\exslt\math\functions\highest\math.highest.function.xsl.html --> ftp.exslt.org /www.exslt.org/public_html/math/functions/highest math.highest.function.xsl.html
102.12.11 11:05 B C:\jakarta-tomcat-3.2.4\webapps\cocoon\exslt\math\functions\highest\math.highest.html --> ftp.exslt.org /www.exslt.org/public_html/math/functions/highest math.highest.html
102.12.11 11:05 B C:\jakarta-tomcat-3.2.4\webapps\cocoon\exslt\math\functions\highest\math.highest.package.txt --> ftp.exslt.org /www.exslt.org/public_html/math/functions/highest math.highest.package.txt
102.12.11 11:05 B C:\jakarta-tomcat-3.2.4\webapps\cocoon\exslt\math\functions\highest\math.highest.result.1.xml --> ftp.exslt.org /www.exslt.org/public_html/math/functions/highest math.highest.result.1.xml
102.12.11 11:05 B C:\jakarta-tomcat-3.2.4\webapps\cocoon\exslt\math\functions\highest\math.highest.result.2.xml --> ftp.exslt.org /www.exslt.org/public_html/math/functions/highest math.highest.result.2.xml
102.12.11 11:05 B C:\jakarta-tomcat-3.2.4\webapps\cocoon\exslt\math\functions\highest\math.highest.result.5.xml --> ftp.exslt.org /www.exslt.org/public_html/math/functions/highest math.highest.result.5.xml
102.12.11 11:05 B C:\jakarta-tomcat-3.2.4\webapps\cocoon\exslt\math\functions\highest\math.highest.template.xsl --> ftp.exslt.org /www.exslt.org/public_html/math/functions/highest math.highest.template.xsl
102.12.11 11:05 B C:\jakarta-tomcat-3.2.4\webapps\cocoon\exslt\math\functions\highest\math.highest.template.xsl.html --> ftp.exslt.org /www.exslt.org/public_html/math/functions/highest math.highest.template.xsl.html
102.12.11 11:05 B C:\jakarta-tomcat-3.2.4\webapps\cocoon\exslt\math\functions\highest\math.highest.use-case.1.html --> ftp.exslt.org /www.exslt.org/public_html/math/functions/highest math.highest.use-case.1.html
102.12.11 11:05 B C:\jakarta-tomcat-3.2.4\webapps\cocoon\exslt\math\functions\highest\math.highest.use-case.2.html --> ftp.exslt.org /www.exslt.org/public_html/math/functions/highest math.highest.use-case.2.html
102.12.11 11:05 B C:\jakarta-tomcat-3.2.4\webapps\cocoon\exslt\math\functions\highest\math.highest.use-case.3.html --> ftp.exslt.org /www.exslt.org/public_html/math/functions/highest math.highest.use-case.3.html
102.12.11 11:05 B C:\jakarta-tomcat-3.2.4\webapps\cocoon\exslt\math\functions\highest\math.highest.use-case.4.html --> ftp.exslt.org /www.exslt.org/public_html/math/functions/highest math.highest.use-case.4.html
102.12.11 11:05 B C:\jakarta-tomcat-3.2.4\webapps\cocoon\exslt\math\functions\highest\math.highest.use-case.5.html --> ftp.exslt.org /www.exslt.org/public_html/math/functions/highest math.highest.use-case.5.html
102.12.11 11:05 B C:\jakarta-tomcat-3.2.4\webapps\cocoon\exslt\math\functions\highest\math.highest.use-case.6.html --> ftp.exslt.org /www.exslt.org/public_html/math/functions/highest math.highest.use-case.6.html
102.12.11 11:05 B C:\jakarta-tomcat-3.2.4\webapps\cocoon\exslt\math\functions\highest\math.highest.use-case.7.html --> ftp.exslt.org /www.exslt.org/public_html/math/functions/highest math.highest.use-case.7.html
102.12.11 11:05 B C:\jakarta-tomcat-3.2.4\webapps\cocoon\exslt\math\functions\highest\math.highest.use-cases.txt --> ftp.exslt.org /www.exslt.org/public_html/math/functions/highest math.highest.use-cases.txt
102.12.11 11:06 B C:\jakarta-tomcat-3.2.4\webapps\cocoon\exslt\math\functions\highest\math.highest.use-cases.zip --> ftp.exslt.org /www.exslt.org/public_html/math/functions/highest math.highest.use-cases.zip
102.12.11 11:06 B C:\jakarta-tomcat-3.2.4\webapps\cocoon\exslt\math\functions\highest\math.highest.xml --> ftp.exslt.org /www.exslt.org/public_html/math/functions/highest math.highest.xml
102.12.11 11:06 B C:\jakarta-tomcat-3.2.4\webapps\cocoon\exslt\math\functions\highest\math.highest.xsl --> ftp.exslt.org /www.exslt.org/public_html/math/functions/highest math.highest.xsl
102.12.11 11:06 B C:\jakarta-tomcat-3.2.4\webapps\cocoon\exslt\math\functions\highest\math.highest.zip --> ftp.exslt.org /www.exslt.org/public_html/math/functions/highest math.highest.zip
102.12.11 11:06 B C:\jakarta-tomcat-3.2.4\webapps\cocoon\exslt\math\functions\highest\refresh.bat --> ftp.exslt.org /www.exslt.org/public_html/math/functions/highest refresh.bat
102.12.11 11:06 B C:\jakarta-tomcat-3.2.4\webapps\cocoon\exslt\math\functions\highest\update.bat --> ftp.exslt.org /www.exslt.org/public_html/math/functions/highest update.bat
103.03.03 16:49 B C:\jakarta-tomcat-3.2.4\webapps\cocoon\exslt\math\functions\highest\WS_FTP.LOG <-- ftp.exslt.org /www.exslt.org/public_html/math/functions/highest WS_FTP.LOG
103.03.03 17:12 B C:\jakarta-tomcat-3.2.4\webapps\cocoon\exslt\math\functions\highest\base.css --> ftp.exslt.org /www.exslt.org/public_html/math/functions/highest base.css
103.03.03 17:12 B C:\jakarta-tomcat-3.2.4\webapps\cocoon\exslt\math\functions\highest\index.html --> ftp.exslt.org /www.exslt.org/public_html/math/functions/highest index.html
103.03.03 17:12 B C:\jakarta-tomcat-3.2.4\webapps\cocoon\exslt\math\functions\highest\math.highest.1.html --> ftp.exslt.org /www.exslt.org/public_html/math/functions/highest math.highest.1.html
103.03.03 17:12 B C:\jakarta-tomcat-3.2.4\webapps\cocoon\exslt\math\functions\highest\math.highest.1.xsl --> ftp.exslt.org /www.exslt.org/public_html/math/functions/highest math.highest.1.xsl
103.03.03 17:12 B C:\jakarta-tomcat-3.2.4\webapps\cocoon\exslt\math\functions\highest\math.highest.2.xsl --> ftp.exslt.org /www.exslt.org/public_html/math/functions/highest math.highest.2.xsl
103.03.03 17:12 B C:\jakarta-tomcat-3.2.4\webapps\cocoon\exslt\math\functions\highest\math.highest.3.xsl --> ftp.exslt.org /www.exslt.org/public_html/math/functions/highest math.highest.3.xsl
103.03.03 17:12 B C:\jakarta-tomcat-3.2.4\webapps\cocoon\exslt\math\functions\highest\math.highest.4.xsl --> ftp.exslt.org /www.exslt.org/public_html/math/functions/highest math.highest.4.xsl
103.03.03 17:12 B C:\jakarta-tomcat-3.2.4\webapps\cocoon\exslt\math\functions\highest\math.highest.5.xsl --> ftp.exslt.org /www.exslt.org/public_html/math/functions/highest math.highest.5.xsl
103.03.03 17:12 B C:\jakarta-tomcat-3.2.4\webapps\cocoon\exslt\math\functions\highest\math.highest.data.1.xml --> ftp.exslt.org /www.exslt.org/public_html/math/functions/highest math.highest.data.1.xml
103.03.03 17:12 B C:\jakarta-tomcat-3.2.4\webapps\cocoon\exslt\math\functions\highest\math.highest.data.2.xml --> ftp.exslt.org /www.exslt.org/public_html/math/functions/highest math.highest.data.2.xml
103.03.03 17:12 B C:\jakarta-tomcat-3.2.4\webapps\cocoon\exslt\math\functions\highest\math.highest.data.5.xml --> ftp.exslt.org /www.exslt.org/public_html/math/functions/highest math.highest.data.5.xml
103.03.03 17:12 B C:\jakarta-tomcat-3.2.4\webapps\cocoon\exslt\math\functions\highest\math.highest.function.xsl --> ftp.exslt.org /www.exslt.org/public_html/math/functions/highest math.highest.function.xsl
103.03.03 17:12 B C:\jakarta-tomcat-3.2.4\webapps\cocoon\exslt\math\functions\highest\math.highest.function.xsl.html --> ftp.exslt.org /www.exslt.org/public_html/math/functions/highest math.highest.function.xsl.html
103.03.03 17:12 B C:\jakarta-tomcat-3.2.4\webapps\cocoon\exslt\math\functions\highest\math.highest.html --> ftp.exslt.org /www.exslt.org/public_html/math/functions/highest math.highest.html
103.03.03 17:12 B C:\jakarta-tomcat-3.2.4\webapps\cocoon\exslt\math\functions\highest\math.highest.package.txt --> ftp.exslt.org /www.exslt.org/public_html/math/functions/highest math.highest.package.txt
103.03.03 17:12 B C:\jakarta-tomcat-3.2.4\webapps\cocoon\exslt\math\functions\highest\math.highest.result.1.xml --> ftp.exslt.org /www.exslt.org/public_html/math/functions/highest math.highest.result.1.xml
103.03.03 17:12 B C:\jakarta-tomcat-3.2.4\webapps\cocoon\exslt\math\functions\highest\math.highest.result.2.xml --> ftp.exslt.org /www.exslt.org/public_html/math/functions/highest math.highest.result.2.xml
103.03.03 17:12 B C:\jakarta-tomcat-3.2.4\webapps\cocoon\exslt\math\functions\highest\math.highest.result.5.xml --> ftp.exslt.org /www.exslt.org/public_html/math/functions/highest math.highest.result.5.xml
103.03.03 17:12 B C:\jakarta-tomcat-3.2.4\webapps\cocoon\exslt\math\functions\highest\math.highest.template.xsl --> ftp.exslt.org /www.exslt.org/public_html/math/functions/highest math.highest.template.xsl
103.03.03 17:12 B C:\jakarta-tomcat-3.2.4\webapps\cocoon\exslt\math\functions\highest\math.highest.template.xsl.html --> ftp.exslt.org /www.exslt.org/public_html/math/functions/highest math.highest.template.xsl.html
103.03.03 17:12 B C:\jakarta-tomcat-3.2.4\webapps\cocoon\exslt\math\functions\highest\math.highest.use-case.1.html --> ftp.exslt.org /www.exslt.org/public_html/math/functions/highest math.highest.use-case.1.html
103.03.03 17:12 B C:\jakarta-tomcat-3.2.4\webapps\cocoon\exslt\math\functions\highest\math.highest.use-case.2.html --> ftp.exslt.org /www.exslt.org/public_html/math/functions/highest math.highest.use-case.2.html
103.03.03 17:12 B C:\jakarta-tomcat-3.2.4\webapps\cocoon\exslt\math\functions\highest\math.highest.use-case.3.html --> ftp.exslt.org /www.exslt.org/public_html/math/functions/highest math.highest.use-case.3.html
103.03.03 17:12 B C:\jakarta-tomcat-3.2.4\webapps\cocoon\exslt\math\functions\highest\math.highest.use-case.4.html --> ftp.exslt.org /www.exslt.org/public_html/math/functions/highest math.highest.use-case.4.html
103.03.03 17:12 B C:\jakarta-tomcat-3.2.4\webapps\cocoon\exslt\math\functions\highest\math.highest.use-case.5.html --> ftp.exslt.org /www.exslt.org/public_html/math/functions/highest math.highest.use-case.5.html
103.03.03 17:12 B C:\jakarta-tomcat-3.2.4\webapps\cocoon\exslt\math\functions\highest\math.highest.use-case.6.html --> ftp.exslt.org /www.exslt.org/public_html/math/functions/highest math.highest.use-case.6.html
103.03.03 17:12 B C:\jakarta-tomcat-3.2.4\webapps\cocoon\exslt\math\functions\highest\math.highest.use-case.7.html --> ftp.exslt.org /www.exslt.org/public_html/math/functions/highest math.highest.use-case.7.html
103.03.03 17:12 B C:\jakarta-tomcat-3.2.4\webapps\cocoon\exslt\math\functions\highest\math.highest.use-cases.txt --> ftp.exslt.org /www.exslt.org/public_html/math/functions/highest math.highest.use-cases.txt
103.03.03 17:12 B C:\jakarta-tomcat-3.2.4\webapps\cocoon\exslt\math\functions\highest\math.highest.use-cases.zip --> ftp.exslt.org /www.exslt.org/public_html/math/functions/highest math.highest.use-cases.zip
103.03.03 17:12 B C:\jakarta-tomcat-3.2.4\webapps\cocoon\exslt\math\functions\highest\math.highest.xml --> ftp.exslt.org /www.exslt.org/public_html/math/functions/highest math.highest.xml
103.03.03 17:12 B C:\jakarta-tomcat-3.2.4\webapps\cocoon\exslt\math\functions\highest\math.highest.xsl --> ftp.exslt.org /www.exslt.org/public_html/math/functions/highest math.highest.xsl
103.03.03 17:12 B C:\jakarta-tomcat-3.2.4\webapps\cocoon\exslt\math\functions\highest\math.highest.zip --> ftp.exslt.org /www.exslt.org/public_html/math/functions/highest math.highest.zip
103.03.03 17:12 B C:\jakarta-tomcat-3.2.4\webapps\cocoon\exslt\math\functions\highest\refresh.bat --> ftp.exslt.org /www.exslt.org/public_html/math/functions/highest refresh.bat
103.03.03 17:12 B C:\jakarta-tomcat-3.2.4\webapps\cocoon\exslt\math\functions\highest\update.bat --> ftp.exslt.org /www.exslt.org/public_html/math/functions/highest update.bat
103.09.29 15:43 B C:\jakarta-tomcat-3.2.4\webapps\cocoon\exslt\math\functions\highest\WS_FTP.LOG <-- ftp.exslt.org /www.exslt.org/public_html/math/functions/highest WS_FTP.LOG
103.10.21 13:08 B C:\jakarta-tomcat-3.2.4\webapps\cocoon\exslt\math\functions\highest\base.css --> marian.cs.nott.ac.uk /stud/pg/cds/exslt/math/functions/highest base.css
103.10.21 13:08 B C:\jakarta-tomcat-3.2.4\webapps\cocoon\exslt\math\functions\highest\index.html --> marian.cs.nott.ac.uk /stud/pg/cds/exslt/math/functions/highest index.html
103.10.21 13:08 B C:\jakarta-tomcat-3.2.4\webapps\cocoon\exslt\math\functions\highest\math.highest.1.html --> marian.cs.nott.ac.uk /stud/pg/cds/exslt/math/functions/highest math.highest.1.html
103.10.21 13:08 B C:\jakarta-tomcat-3.2.4\webapps\cocoon\exslt\math\functions\highest\math.highest.1.xsl --> marian.cs.nott.ac.uk /stud/pg/cds/exslt/math/functions/highest math.highest.1.xsl
103.10.21 13:08 B C:\jakarta-tomcat-3.2.4\webapps\cocoon\exslt\math\functions\highest\math.highest.2.xsl --> marian.cs.nott.ac.uk /stud/pg/cds/exslt/math/functions/highest math.highest.2.xsl
103.10.21 13:08 B C:\jakarta-tomcat-3.2.4\webapps\cocoon\exslt\math\functions\highest\math.highest.3.xsl --> marian.cs.nott.ac.uk /stud/pg/cds/exslt/math/functions/highest math.highest.3.xsl
103.10.21 13:08 B C:\jakarta-tomcat-3.2.4\webapps\cocoon\exslt\math\functions\highest\math.highest.4.xsl --> marian.cs.nott.ac.uk /stud/pg/cds/exslt/math/functions/highest math.highest.4.xsl
103.10.21 13:08 B C:\jakarta-tomcat-3.2.4\webapps\cocoon\exslt\math\functions\highest\math.highest.5.xsl --> marian.cs.nott.ac.uk /stud/pg/cds/exslt/math/functions/highest math.highest.5.xsl
103.10.21 13:08 B C:\jakarta-tomcat-3.2.4\webapps\cocoon\exslt\math\functions\highest\math.highest.data.1.xml --> marian.cs.nott.ac.uk /stud/pg/cds/exslt/math/functions/highest math.highest.data.1.xml
103.10.21 13:08 B C:\jakarta-tomcat-3.2.4\webapps\cocoon\exslt\math\functions\highest\math.highest.data.2.xml --> marian.cs.nott.ac.uk /stud/pg/cds/exslt/math/functions/highest math.highest.data.2.xml
103.10.21 13:08 B C:\jakarta-tomcat-3.2.4\webapps\cocoon\exslt\math\functions\highest\math.highest.data.5.xml --> marian.cs.nott.ac.uk /stud/pg/cds/exslt/math/functions/highest math.highest.data.5.xml
103.10.21 13:08 B C:\jakarta-tomcat-3.2.4\webapps\cocoon\exslt\math\functions\highest\math.highest.function.xsl --> marian.cs.nott.ac.uk /stud/pg/cds/exslt/math/functions/highest math.highest.function.xsl
103.10.21 13:08 B C:\jakarta-tomcat-3.2.4\webapps\cocoon\exslt\math\functions\highest\math.highest.function.xsl.html --> marian.cs.nott.ac.uk /stud/pg/cds/exslt/math/functions/highest math.highest.function.xsl.html
103.10.21 13:08 B C:\jakarta-tomcat-3.2.4\webapps\cocoon\exslt\math\functions\highest\math.highest.html --> marian.cs.nott.ac.uk /stud/pg/cds/exslt/math/functions/highest math.highest.html
103.10.21 13:08 B C:\jakarta-tomcat-3.2.4\webapps\cocoon\exslt\math\functions\highest\math.highest.package.txt --> marian.cs.nott.ac.uk /stud/pg/cds/exslt/math/functions/highest math.highest.package.txt
103.10.21 13:08 B C:\jakarta-tomcat-3.2.4\webapps\cocoon\exslt\math\functions\highest\math.highest.result.1.xml --> marian.cs.nott.ac.uk /stud/pg/cds/exslt/math/functions/highest math.highest.result.1.xml
103.10.21 13:08 B C:\jakarta-tomcat-3.2.4\webapps\cocoon\exslt\math\functions\highest\math.highest.result.2.xml --> marian.cs.nott.ac.uk /stud/pg/cds/exslt/math/functions/highest math.highest.result.2.xml
103.10.21 13:08 B C:\jakarta-tomcat-3.2.4\webapps\cocoon\exslt\math\functions\highest\math.highest.result.5.xml --> marian.cs.nott.ac.uk /stud/pg/cds/exslt/math/functions/highest math.highest.result.5.xml
103.10.21 13:08 B C:\jakarta-tomcat-3.2.4\webapps\cocoon\exslt\math\functions\highest\math.highest.template.xsl --> marian.cs.nott.ac.uk /stud/pg/cds/exslt/math/functions/highest math.highest.template.xsl
103.10.21 13:08 B C:\jakarta-tomcat-3.2.4\webapps\cocoon\exslt\math\functions\highest\math.highest.template.xsl.html --> marian.cs.nott.ac.uk /stud/pg/cds/exslt/math/functions/highest math.highest.template.xsl.html
103.10.21 13:08 B C:\jakarta-tomcat-3.2.4\webapps\cocoon\exslt\math\functions\highest\math.highest.use-case.1.html --> marian.cs.nott.ac.uk /stud/pg/cds/exslt/math/functions/highest math.highest.use-case.1.html
103.10.21 13:08 B C:\jakarta-tomcat-3.2.4\webapps\cocoon\exslt\math\functions\highest\math.highest.use-case.2.html --> marian.cs.nott.ac.uk /stud/pg/cds/exslt/math/functions/highest math.highest.use-case.2.html
103.10.21 13:08 B C:\jakarta-tomcat-3.2.4\webapps\cocoon\exslt\math\functions\highest\math.highest.use-case.3.html --> marian.cs.nott.ac.uk /stud/pg/cds/exslt/math/functions/highest math.highest.use-case.3.html
103.10.21 13:08 B C:\jakarta-tomcat-3.2.4\webapps\cocoon\exslt\math\functions\highest\math.highest.use-case.4.html --> marian.cs.nott.ac.uk /stud/pg/cds/exslt/math/functions/highest math.highest.use-case.4.html
103.10.21 13:08 B C:\jakarta-tomcat-3.2.4\webapps\cocoon\exslt\math\functions\highest\math.highest.use-case.5.html --> marian.cs.nott.ac.uk /stud/pg/cds/exslt/math/functions/highest math.highest.use-case.5.html
103.10.21 13:08 B C:\jakarta-tomcat-3.2.4\webapps\cocoon\exslt\math\functions\highest\math.highest.use-case.6.html --> marian.cs.nott.ac.uk /stud/pg/cds/exslt/math/functions/highest math.highest.use-case.6.html
103.10.21 13:08 B C:\jakarta-tomcat-3.2.4\webapps\cocoon\exslt\math\functions\highest\math.highest.use-case.7.html --> marian.cs.nott.ac.uk /stud/pg/cds/exslt/math/functions/highest math.highest.use-case.7.html
103.10.21 13:08 B C:\jakarta-tomcat-3.2.4\webapps\cocoon\exslt\math\functions\highest\math.highest.use-cases.txt --> marian.cs.nott.ac.uk /stud/pg/cds/exslt/math/functions/highest math.highest.use-cases.txt
103.10.21 13:08 B C:\jakarta-tomcat-3.2.4\webapps\cocoon\exslt\math\functions\highest\math.highest.use-cases.zip --> marian.cs.nott.ac.uk /stud/pg/cds/exslt/math/functions/highest math.highest.use-cases.zip
103.10.21 13:08 B C:\jakarta-tomcat-3.2.4\webapps\cocoon\exslt\math\functions\highest\math.highest.xml --> marian.cs.nott.ac.uk /stud/pg/cds/exslt/math/functions/highest math.highest.xml
103.10.21 13:08 B C:\jakarta-tomcat-3.2.4\webapps\cocoon\exslt\math\functions\highest\math.highest.xsl --> marian.cs.nott.ac.uk /stud/pg/cds/exslt/math/functions/highest math.highest.xsl
103.10.21 13:08 B C:\jakarta-tomcat-3.2.4\webapps\cocoon\exslt\math\functions\highest\math.highest.zip --> marian.cs.nott.ac.uk /stud/pg/cds/exslt/math/functions/highest math.highest.zip
103.10.21 13:08 B C:\jakarta-tomcat-3.2.4\webapps\cocoon\exslt\math\functions\highest\refresh.bat --> marian.cs.nott.ac.uk /stud/pg/cds/exslt/math/functions/highest refresh.bat
103.10.21 13:08 B C:\jakarta-tomcat-3.2.4\webapps\cocoon\exslt\math\functions\highest\update.bat --> marian.cs.nott.ac.uk /stud/pg/cds/exslt/math/functions/highest update.bat
103.10.21 13:08 B C:\jakarta-tomcat-3.2.4\webapps\cocoon\exslt\math\functions\highest\WS_FTP.LOG --> marian.cs.nott.ac.uk /stud/pg/cds/exslt/math/functions/highest WS_FTP.LOG
103.10.23 16:34 B C:\jakarta-tomcat-3.2.4\webapps\cocoon\exslt\math\functions\highest\base.css --> ftp.exslt.org /www.exslt.org/public_html/math/functions/highest base.css
103.10.23 16:35 B C:\jakarta-tomcat-3.2.4\webapps\cocoon\exslt\math\functions\highest\index.html --> ftp.exslt.org /www.exslt.org/public_html/math/functions/highest index.html
103.10.23 16:35 B C:\jakarta-tomcat-3.2.4\webapps\cocoon\exslt\math\functions\highest\math.highest.1.html --> ftp.exslt.org /www.exslt.org/public_html/math/functions/highest math.highest.1.html
103.10.23 16:35 B C:\jakarta-tomcat-3.2.4\webapps\cocoon\exslt\math\functions\highest\math.highest.1.xsl --> ftp.exslt.org /www.exslt.org/public_html/math/functions/highest math.highest.1.xsl
103.10.23 16:35 B C:\jakarta-tomcat-3.2.4\webapps\cocoon\exslt\math\functions\highest\math.highest.2.xsl --> ftp.exslt.org /www.exslt.org/public_html/math/functions/highest math.highest.2.xsl
103.10.23 16:35 B C:\jakarta-tomcat-3.2.4\webapps\cocoon\exslt\math\functions\highest\math.highest.3.xsl --> ftp.exslt.org /www.exslt.org/public_html/math/functions/highest math.highest.3.xsl
103.10.23 16:35 B C:\jakarta-tomcat-3.2.4\webapps\cocoon\exslt\math\functions\highest\math.highest.4.xsl --> ftp.exslt.org /www.exslt.org/public_html/math/functions/highest math.highest.4.xsl
103.10.23 16:35 B C:\jakarta-tomcat-3.2.4\webapps\cocoon\exslt\math\functions\highest\math.highest.5.xsl --> ftp.exslt.org /www.exslt.org/public_html/math/functions/highest math.highest.5.xsl
103.10.23 16:35 B C:\jakarta-tomcat-3.2.4\webapps\cocoon\exslt\math\functions\highest\math.highest.data.1.xml --> ftp.exslt.org /www.exslt.org/public_html/math/functions/highest math.highest.data.1.xml
103.10.23 16:35 B C:\jakarta-tomcat-3.2.4\webapps\cocoon\exslt\math\functions\highest\math.highest.data.2.xml --> ftp.exslt.org /www.exslt.org/public_html/math/functions/highest math.highest.data.2.xml
103.10.23 16:35 B C:\jakarta-tomcat-3.2.4\webapps\cocoon\exslt\math\functions\highest\math.highest.data.5.xml --> ftp.exslt.org /www.exslt.org/public_html/math/functions/highest math.highest.data.5.xml
103.10.23 16:35 B C:\jakarta-tomcat-3.2.4\webapps\cocoon\exslt\math\functions\highest\math.highest.function.xsl --> ftp.exslt.org /www.exslt.org/public_html/math/functions/highest math.highest.function.xsl
103.10.23 16:35 B C:\jakarta-tomcat-3.2.4\webapps\cocoon\exslt\math\functions\highest\math.highest.function.xsl.html --> ftp.exslt.org /www.exslt.org/public_html/math/functions/highest math.highest.function.xsl.html
103.10.23 16:35 B C:\jakarta-tomcat-3.2.4\webapps\cocoon\exslt\math\functions\highest\math.highest.html --> ftp.exslt.org /www.exslt.org/public_html/math/functions/highest math.highest.html
103.10.23 16:35 B C:\jakarta-tomcat-3.2.4\webapps\cocoon\exslt\math\functions\highest\math.highest.package.txt --> ftp.exslt.org /www.exslt.org/public_html/math/functions/highest math.highest.package.txt
103.10.23 16:35 B C:\jakarta-tomcat-3.2.4\webapps\cocoon\exslt\math\functions\highest\math.highest.result.1.xml --> ftp.exslt.org /www.exslt.org/public_html/math/functions/highest math.highest.result.1.xml
103.10.23 16:35 B C:\jakarta-tomcat-3.2.4\webapps\cocoon\exslt\math\functions\highest\math.highest.result.2.xml --> ftp.exslt.org /www.exslt.org/public_html/math/functions/highest math.highest.result.2.xml
103.10.23 16:35 B C:\jakarta-tomcat-3.2.4\webapps\cocoon\exslt\math\functions\highest\math.highest.result.5.xml --> ftp.exslt.org /www.exslt.org/public_html/math/functions/highest math.highest.result.5.xml
103.10.23 16:35 B C:\jakarta-tomcat-3.2.4\webapps\cocoon\exslt\math\functions\highest\math.highest.template.xsl --> ftp.exslt.org /www.exslt.org/public_html/math/functions/highest math.highest.template.xsl
103.10.23 16:35 B C:\jakarta-tomcat-3.2.4\webapps\cocoon\exslt\math\functions\highest\math.highest.template.xsl.html --> ftp.exslt.org /www.exslt.org/public_html/math/functions/highest math.highest.template.xsl.html
103.10.23 16:35 B C:\jakarta-tomcat-3.2.4\webapps\cocoon\exslt\math\functions\highest\math.highest.use-case.1.html --> ftp.exslt.org /www.exslt.org/public_html/math/functions/highest math.highest.use-case.1.html
103.10.23 16:35 B C:\jakarta-tomcat-3.2.4\webapps\cocoon\exslt\math\functions\highest\math.highest.use-case.2.html --> ftp.exslt.org /www.exslt.org/public_html/math/functions/highest math.highest.use-case.2.html
103.10.23 16:35 B C:\jakarta-tomcat-3.2.4\webapps\cocoon\exslt\math\functions\highest\math.highest.use-case.3.html --> ftp.exslt.org /www.exslt.org/public_html/math/functions/highest math.highest.use-case.3.html
103.10.23 16:35 B C:\jakarta-tomcat-3.2.4\webapps\cocoon\exslt\math\functions\highest\math.highest.use-case.4.html --> ftp.exslt.org /www.exslt.org/public_html/math/functions/highest math.highest.use-case.4.html
103.10.23 16:35 B C:\jakarta-tomcat-3.2.4\webapps\cocoon\exslt\math\functions\highest\math.highest.use-case.5.html --> ftp.exslt.org /www.exslt.org/public_html/math/functions/highest math.highest.use-case.5.html
103.10.23 16:36 B C:\jakarta-tomcat-3.2.4\webapps\cocoon\exslt\math\functions\highest\math.highest.use-case.6.html --> ftp.exslt.org /www.exslt.org/public_html/math/functions/highest math.highest.use-case.6.html
103.10.23 16:36 B C:\jakarta-tomcat-3.2.4\webapps\cocoon\exslt\math\functions\highest\math.highest.use-case.7.html --> ftp.exslt.org /www.exslt.org/public_html/math/functions/highest math.highest.use-case.7.html
103.10.23 16:36 B C:\jakarta-tomcat-3.2.4\webapps\cocoon\exslt\math\functions\highest\math.highest.use-cases.txt --> ftp.exslt.org /www.exslt.org/public_html/math/functions/highest math.highest.use-cases.txt
103.10.23 16:36 B C:\jakarta-tomcat-3.2.4\webapps\cocoon\exslt\math\functions\highest\math.highest.use-cases.zip --> ftp.exslt.org /www.exslt.org/public_html/math/functions/highest math.highest.use-cases.zip
103.10.23 16:36 B C:\jakarta-tomcat-3.2.4\webapps\cocoon\exslt\math\functions\highest\math.highest.xml --> ftp.exslt.org /www.exslt.org/public_html/math/functions/highest math.highest.xml
103.10.23 16:36 B C:\jakarta-tomcat-3.2.4\webapps\cocoon\exslt\math\functions\highest\math.highest.xsl --> ftp.exslt.org /www.exslt.org/public_html/math/functions/highest math.highest.xsl
103.10.23 16:36 B C:\jakarta-tomcat-3.2.4\webapps\cocoon\exslt\math\functions\highest\math.highest.zip --> ftp.exslt.org /www.exslt.org/public_html/math/functions/highest math.highest.zip
103.10.23 16:36 B C:\jakarta-tomcat-3.2.4\webapps\cocoon\exslt\math\functions\highest\refresh.bat --> ftp.exslt.org /www.exslt.org/public_html/math/functions/highest refresh.bat
103.10.23 16:36 B C:\jakarta-tomcat-3.2.4\webapps\cocoon\exslt\math\functions\highest\update.bat --> ftp.exslt.org /www.exslt.org/public_html/math/functions/highest update.bat
