102.12.02 12:34 B C:\jakarta-tomcat-3.2.4\webapps\cocoon\exslt\public_html\submissions\math\math\functions\asin\math.asin.1.xml <-- ftp.exslt.org /www.exslt.org/public_html/submissions/math/math/functions/asin math.asin.1.xml
102.12.02 12:34 B C:\jakarta-tomcat-3.2.4\webapps\cocoon\exslt\public_html\submissions\math\math\functions\asin\math.asin.1.xsl <-- ftp.exslt.org /www.exslt.org/public_html/submissions/math/math/functions/asin math.asin.1.xsl
102.12.02 12:34 B C:\jakarta-tomcat-3.2.4\webapps\cocoon\exslt\public_html\submissions\math\math\functions\asin\math.asin.javascript.submission.xml <-- ftp.exslt.org /www.exslt.org/public_html/submissions/math/math/functions/asin math.asin.javascript.submission.xml
102.12.02 12:34 B C:\jakarta-tomcat-3.2.4\webapps\cocoon\exslt\public_html\submissions\math\math\functions\asin\math.asin.js <-- ftp.exslt.org /www.exslt.org/public_html/submissions/math/math/functions/asin math.asin.js
102.12.02 12:34 B C:\jakarta-tomcat-3.2.4\webapps\cocoon\exslt\public_html\submissions\math\math\functions\asin\math.asin.msxslt.submission.xml <-- ftp.exslt.org /www.exslt.org/public_html/submissions/math/math/functions/asin math.asin.msxslt.submission.xml
102.12.02 12:34 B C:\jakarta-tomcat-3.2.4\webapps\cocoon\exslt\public_html\submissions\math\math\functions\asin\math.asin.msxslt.xsl <-- ftp.exslt.org /www.exslt.org/public_html/submissions/math/math/functions/asin math.asin.msxslt.xsl
102.12.02 12:34 B C:\jakarta-tomcat-3.2.4\webapps\cocoon\exslt\public_html\submissions\math\math\functions\asin\math.asin.submission.xml <-- ftp.exslt.org /www.exslt.org/public_html/submissions/math/math/functions/asin math.asin.submission.xml
102.12.02 12:34 B C:\jakarta-tomcat-3.2.4\webapps\cocoon\exslt\public_html\submissions\math\math\functions\asin\math.asin.xsl <-- ftp.exslt.org /www.exslt.org/public_html/submissions/math/math/functions/asin math.asin.xsl
102.12.03 11:16 B C:\jakarta-tomcat-3.2.4\webapps\cocoon\exslt\submissions\math\math\functions\asin\math.asin.1.xml --> ftp.exslt.org /www.exslt.org/public_html/submissions/math/math/functions/asin math.asin.1.xml
102.12.03 11:16 B C:\jakarta-tomcat-3.2.4\webapps\cocoon\exslt\submissions\math\math\functions\asin\math.asin.1.xsl --> ftp.exslt.org /www.exslt.org/public_html/submissions/math/math/functions/asin math.asin.1.xsl
102.12.03 11:16 B C:\jakarta-tomcat-3.2.4\webapps\cocoon\exslt\submissions\math\math\functions\asin\math.asin.javascript.submission.xml --> ftp.exslt.org /www.exslt.org/public_html/submissions/math/math/functions/asin math.asin.javascript.submission.xml
102.12.03 11:16 B C:\jakarta-tomcat-3.2.4\webapps\cocoon\exslt\submissions\math\math\functions\asin\math.asin.js --> ftp.exslt.org /www.exslt.org/public_html/submissions/math/math/functions/asin math.asin.js
102.12.03 11:16 B C:\jakarta-tomcat-3.2.4\webapps\cocoon\exslt\submissions\math\math\functions\asin\math.asin.msxslt.submission.xml --> ftp.exslt.org /www.exslt.org/public_html/submissions/math/math/functions/asin math.asin.msxslt.submission.xml
102.12.03 11:16 B C:\jakarta-tomcat-3.2.4\webapps\cocoon\exslt\submissions\math\math\functions\asin\math.asin.msxslt.xsl --> ftp.exslt.org /www.exslt.org/public_html/submissions/math/math/functions/asin math.asin.msxslt.xsl
102.12.03 11:16 B C:\jakarta-tomcat-3.2.4\webapps\cocoon\exslt\submissions\math\math\functions\asin\math.asin.submission.xml --> ftp.exslt.org /www.exslt.org/public_html/submissions/math/math/functions/asin math.asin.submission.xml
102.12.03 11:16 B C:\jakarta-tomcat-3.2.4\webapps\cocoon\exslt\submissions\math\math\functions\asin\math.asin.xsl --> ftp.exslt.org /www.exslt.org/public_html/submissions/math/math/functions/asin math.asin.xsl
102.12.03 11:16 B C:\jakarta-tomcat-3.2.4\webapps\cocoon\exslt\submissions\math\math\functions\asin\WS_FTP.LOG --> ftp.exslt.org /www.exslt.org/public_html/submissions/math/math/functions/asin WS_FTP.LOG
102.12.11 11:13 B C:\jakarta-tomcat-3.2.4\webapps\cocoon\exslt\submissions\math\math\functions\asin\math.asin.1.xml --> ftp.exslt.org /www.exslt.org/public_html/submissions/math/math/functions/asin math.asin.1.xml
102.12.11 11:13 B C:\jakarta-tomcat-3.2.4\webapps\cocoon\exslt\submissions\math\math\functions\asin\math.asin.1.xsl --> ftp.exslt.org /www.exslt.org/public_html/submissions/math/math/functions/asin math.asin.1.xsl
102.12.11 11:13 B C:\jakarta-tomcat-3.2.4\webapps\cocoon\exslt\submissions\math\math\functions\asin\math.asin.javascript.submission.xml --> ftp.exslt.org /www.exslt.org/public_html/submissions/math/math/functions/asin math.asin.javascript.submission.xml
102.12.11 11:13 B C:\jakarta-tomcat-3.2.4\webapps\cocoon\exslt\submissions\math\math\functions\asin\math.asin.js --> ftp.exslt.org /www.exslt.org/public_html/submissions/math/math/functions/asin math.asin.js
102.12.11 11:13 B C:\jakarta-tomcat-3.2.4\webapps\cocoon\exslt\submissions\math\math\functions\asin\math.asin.msxslt.submission.xml --> ftp.exslt.org /www.exslt.org/public_html/submissions/math/math/functions/asin math.asin.msxslt.submission.xml
102.12.11 11:13 B C:\jakarta-tomcat-3.2.4\webapps\cocoon\exslt\submissions\math\math\functions\asin\math.asin.msxslt.xsl --> ftp.exslt.org /www.exslt.org/public_html/submissions/math/math/functions/asin math.asin.msxslt.xsl
102.12.11 11:13 B C:\jakarta-tomcat-3.2.4\webapps\cocoon\exslt\submissions\math\math\functions\asin\math.asin.submission.xml --> ftp.exslt.org /www.exslt.org/public_html/submissions/math/math/functions/asin math.asin.submission.xml
102.12.11 11:13 B C:\jakarta-tomcat-3.2.4\webapps\cocoon\exslt\submissions\math\math\functions\asin\math.asin.xsl --> ftp.exslt.org /www.exslt.org/public_html/submissions/math/math/functions/asin math.asin.xsl
