102.12.02 12:34 B C:\jakarta-tomcat-3.2.4\webapps\cocoon\exslt\public_html\submissions\Dimitre\genericMath.max.function.xml <-- ftp.exslt.org /www.exslt.org/public_html/submissions/Dimitre genericMath.max.function.xml
102.12.02 12:34 B C:\jakarta-tomcat-3.2.4\webapps\cocoon\exslt\public_html\submissions\Dimitre\genericMath.min.function.xml <-- ftp.exslt.org /www.exslt.org/public_html/submissions/Dimitre genericMath.min.function.xml
102.12.02 12:34 B C:\jakarta-tomcat-3.2.4\webapps\cocoon\exslt\public_html\submissions\Dimitre\genericMath.minmax.1.xsl <-- ftp.exslt.org /www.exslt.org/public_html/submissions/Dimitre genericMath.minmax.1.xsl
102.12.02 12:34 B C:\jakarta-tomcat-3.2.4\webapps\cocoon\exslt\public_html\submissions\Dimitre\genericMath.minmax.data.1.xml <-- ftp.exslt.org /www.exslt.org/public_html/submissions/Dimitre genericMath.minmax.data.1.xml
102.12.02 12:34 B C:\jakarta-tomcat-3.2.4\webapps\cocoon\exslt\public_html\submissions\Dimitre\genericMath.minmax.function.xsl <-- ftp.exslt.org /www.exslt.org/public_html/submissions/Dimitre genericMath.minmax.function.xsl
102.12.02 12:34 B C:\jakarta-tomcat-3.2.4\webapps\cocoon\exslt\public_html\submissions\Dimitre\genericMath.minmax.result.1.xml <-- ftp.exslt.org /www.exslt.org/public_html/submissions/Dimitre genericMath.minmax.result.1.xml
102.12.02 12:34 B C:\jakarta-tomcat-3.2.4\webapps\cocoon\exslt\public_html\submissions\Dimitre\genericMath.minmax.template.xsl <-- ftp.exslt.org /www.exslt.org/public_html/submissions/Dimitre genericMath.minmax.template.xsl
102.12.02 12:34 B C:\jakarta-tomcat-3.2.4\webapps\cocoon\exslt\public_html\submissions\Dimitre\genericSearchSort.binSearch.1.xsl <-- ftp.exslt.org /www.exslt.org/public_html/submissions/Dimitre genericSearchSort.binSearch.1.xsl
102.12.02 12:34 B C:\jakarta-tomcat-3.2.4\webapps\cocoon\exslt\public_html\submissions\Dimitre\genericSearchSort.binSearch.data.1.xml <-- ftp.exslt.org /www.exslt.org/public_html/submissions/Dimitre genericSearchSort.binSearch.data.1.xml
102.12.02 12:34 B C:\jakarta-tomcat-3.2.4\webapps\cocoon\exslt\public_html\submissions\Dimitre\genericSearchSort.binSearch.function.xml <-- ftp.exslt.org /www.exslt.org/public_html/submissions/Dimitre genericSearchSort.binSearch.function.xml
102.12.02 12:34 B C:\jakarta-tomcat-3.2.4\webapps\cocoon\exslt\public_html\submissions\Dimitre\genericSearchSort.binSearch.result.1.xml <-- ftp.exslt.org /www.exslt.org/public_html/submissions/Dimitre genericSearchSort.binSearch.result.1.xml
102.12.02 12:34 B C:\jakarta-tomcat-3.2.4\webapps\cocoon\exslt\public_html\submissions\Dimitre\genericSearchSort.binSearch.template.xsl <-- ftp.exslt.org /www.exslt.org/public_html/submissions/Dimitre genericSearchSort.binSearch.template.xsl
102.12.02 12:34 B C:\jakarta-tomcat-3.2.4\webapps\cocoon\exslt\public_html\submissions\Dimitre\genericSearchSort.sort.1.xsl <-- ftp.exslt.org /www.exslt.org/public_html/submissions/Dimitre genericSearchSort.sort.1.xsl
102.12.02 12:34 B C:\jakarta-tomcat-3.2.4\webapps\cocoon\exslt\public_html\submissions\Dimitre\genericSearchSort.sort.data.1.xml <-- ftp.exslt.org /www.exslt.org/public_html/submissions/Dimitre genericSearchSort.sort.data.1.xml
102.12.02 12:34 B C:\jakarta-tomcat-3.2.4\webapps\cocoon\exslt\public_html\submissions\Dimitre\genericSearchSort.sort.function.xml <-- ftp.exslt.org /www.exslt.org/public_html/submissions/Dimitre genericSearchSort.sort.function.xml
102.12.02 12:34 B C:\jakarta-tomcat-3.2.4\webapps\cocoon\exslt\public_html\submissions\Dimitre\genericSearchSort.sort.result.1.xml <-- ftp.exslt.org /www.exslt.org/public_html/submissions/Dimitre genericSearchSort.sort.result.1.xml
102.12.02 12:34 B C:\jakarta-tomcat-3.2.4\webapps\cocoon\exslt\public_html\submissions\Dimitre\genericSearchSort.sort.template.xsl <-- ftp.exslt.org /www.exslt.org/public_html/submissions/Dimitre genericSearchSort.sort.template.xsl
102.12.03 11:16 B C:\jakarta-tomcat-3.2.4\webapps\cocoon\exslt\submissions\Dimitre\genericMath.max.function.xml --> ftp.exslt.org /www.exslt.org/public_html/submissions/Dimitre genericMath.max.function.xml
102.12.03 11:16 B C:\jakarta-tomcat-3.2.4\webapps\cocoon\exslt\submissions\Dimitre\genericMath.min.function.xml --> ftp.exslt.org /www.exslt.org/public_html/submissions/Dimitre genericMath.min.function.xml
102.12.03 11:16 B C:\jakarta-tomcat-3.2.4\webapps\cocoon\exslt\submissions\Dimitre\genericMath.minmax.1.xsl --> ftp.exslt.org /www.exslt.org/public_html/submissions/Dimitre genericMath.minmax.1.xsl
102.12.03 11:16 B C:\jakarta-tomcat-3.2.4\webapps\cocoon\exslt\submissions\Dimitre\genericMath.minmax.data.1.xml --> ftp.exslt.org /www.exslt.org/public_html/submissions/Dimitre genericMath.minmax.data.1.xml
102.12.03 11:16 B C:\jakarta-tomcat-3.2.4\webapps\cocoon\exslt\submissions\Dimitre\genericMath.minmax.function.xsl --> ftp.exslt.org /www.exslt.org/public_html/submissions/Dimitre genericMath.minmax.function.xsl
102.12.03 11:16 B C:\jakarta-tomcat-3.2.4\webapps\cocoon\exslt\submissions\Dimitre\genericMath.minmax.result.1.xml --> ftp.exslt.org /www.exslt.org/public_html/submissions/Dimitre genericMath.minmax.result.1.xml
102.12.03 11:16 B C:\jakarta-tomcat-3.2.4\webapps\cocoon\exslt\submissions\Dimitre\genericMath.minmax.template.xsl --> ftp.exslt.org /www.exslt.org/public_html/submissions/Dimitre genericMath.minmax.template.xsl
102.12.03 11:16 B C:\jakarta-tomcat-3.2.4\webapps\cocoon\exslt\submissions\Dimitre\genericSearchSort.binSearch.1.xsl --> ftp.exslt.org /www.exslt.org/public_html/submissions/Dimitre genericSearchSort.binSearch.1.xsl
102.12.03 11:16 B C:\jakarta-tomcat-3.2.4\webapps\cocoon\exslt\submissions\Dimitre\genericSearchSort.binSearch.data.1.xml --> ftp.exslt.org /www.exslt.org/public_html/submissions/Dimitre genericSearchSort.binSearch.data.1.xml
102.12.03 11:16 B C:\jakarta-tomcat-3.2.4\webapps\cocoon\exslt\submissions\Dimitre\genericSearchSort.binSearch.function.xml --> ftp.exslt.org /www.exslt.org/public_html/submissions/Dimitre genericSearchSort.binSearch.function.xml
102.12.03 11:16 B C:\jakarta-tomcat-3.2.4\webapps\cocoon\exslt\submissions\Dimitre\genericSearchSort.binSearch.result.1.xml --> ftp.exslt.org /www.exslt.org/public_html/submissions/Dimitre genericSearchSort.binSearch.result.1.xml
102.12.03 11:16 B C:\jakarta-tomcat-3.2.4\webapps\cocoon\exslt\submissions\Dimitre\genericSearchSort.binSearch.template.xsl --> ftp.exslt.org /www.exslt.org/public_html/submissions/Dimitre genericSearchSort.binSearch.template.xsl
102.12.03 11:16 B C:\jakarta-tomcat-3.2.4\webapps\cocoon\exslt\submissions\Dimitre\genericSearchSort.sort.1.xsl --> ftp.exslt.org /www.exslt.org/public_html/submissions/Dimitre genericSearchSort.sort.1.xsl
102.12.03 11:16 B C:\jakarta-tomcat-3.2.4\webapps\cocoon\exslt\submissions\Dimitre\genericSearchSort.sort.data.1.xml --> ftp.exslt.org /www.exslt.org/public_html/submissions/Dimitre genericSearchSort.sort.data.1.xml
102.12.03 11:16 B C:\jakarta-tomcat-3.2.4\webapps\cocoon\exslt\submissions\Dimitre\genericSearchSort.sort.function.xml --> ftp.exslt.org /www.exslt.org/public_html/submissions/Dimitre genericSearchSort.sort.function.xml
102.12.03 11:16 B C:\jakarta-tomcat-3.2.4\webapps\cocoon\exslt\submissions\Dimitre\genericSearchSort.sort.result.1.xml --> ftp.exslt.org /www.exslt.org/public_html/submissions/Dimitre genericSearchSort.sort.result.1.xml
102.12.03 11:16 B C:\jakarta-tomcat-3.2.4\webapps\cocoon\exslt\submissions\Dimitre\genericSearchSort.sort.template.xsl --> ftp.exslt.org /www.exslt.org/public_html/submissions/Dimitre genericSearchSort.sort.template.xsl
102.12.03 11:16 B C:\jakarta-tomcat-3.2.4\webapps\cocoon\exslt\submissions\Dimitre\WS_FTP.LOG --> ftp.exslt.org /www.exslt.org/public_html/submissions/Dimitre WS_FTP.LOG
102.12.11 11:13 B C:\jakarta-tomcat-3.2.4\webapps\cocoon\exslt\submissions\Dimitre\genericMath.max.function.xml --> ftp.exslt.org /www.exslt.org/public_html/submissions/Dimitre genericMath.max.function.xml
102.12.11 11:13 B C:\jakarta-tomcat-3.2.4\webapps\cocoon\exslt\submissions\Dimitre\genericMath.min.function.xml --> ftp.exslt.org /www.exslt.org/public_html/submissions/Dimitre genericMath.min.function.xml
102.12.11 11:13 B C:\jakarta-tomcat-3.2.4\webapps\cocoon\exslt\submissions\Dimitre\genericMath.minmax.1.xsl --> ftp.exslt.org /www.exslt.org/public_html/submissions/Dimitre genericMath.minmax.1.xsl
102.12.11 11:13 B C:\jakarta-tomcat-3.2.4\webapps\cocoon\exslt\submissions\Dimitre\genericMath.minmax.data.1.xml --> ftp.exslt.org /www.exslt.org/public_html/submissions/Dimitre genericMath.minmax.data.1.xml
102.12.11 11:13 B C:\jakarta-tomcat-3.2.4\webapps\cocoon\exslt\submissions\Dimitre\genericMath.minmax.function.xsl --> ftp.exslt.org /www.exslt.org/public_html/submissions/Dimitre genericMath.minmax.function.xsl
102.12.11 11:13 B C:\jakarta-tomcat-3.2.4\webapps\cocoon\exslt\submissions\Dimitre\genericMath.minmax.result.1.xml --> ftp.exslt.org /www.exslt.org/public_html/submissions/Dimitre genericMath.minmax.result.1.xml
102.12.11 11:13 B C:\jakarta-tomcat-3.2.4\webapps\cocoon\exslt\submissions\Dimitre\genericMath.minmax.template.xsl --> ftp.exslt.org /www.exslt.org/public_html/submissions/Dimitre genericMath.minmax.template.xsl
102.12.11 11:13 B C:\jakarta-tomcat-3.2.4\webapps\cocoon\exslt\submissions\Dimitre\genericSearchSort.binSearch.1.xsl --> ftp.exslt.org /www.exslt.org/public_html/submissions/Dimitre genericSearchSort.binSearch.1.xsl
102.12.11 11:13 B C:\jakarta-tomcat-3.2.4\webapps\cocoon\exslt\submissions\Dimitre\genericSearchSort.binSearch.data.1.xml --> ftp.exslt.org /www.exslt.org/public_html/submissions/Dimitre genericSearchSort.binSearch.data.1.xml
102.12.11 11:13 B C:\jakarta-tomcat-3.2.4\webapps\cocoon\exslt\submissions\Dimitre\genericSearchSort.binSearch.function.xml --> ftp.exslt.org /www.exslt.org/public_html/submissions/Dimitre genericSearchSort.binSearch.function.xml
102.12.11 11:13 B C:\jakarta-tomcat-3.2.4\webapps\cocoon\exslt\submissions\Dimitre\genericSearchSort.binSearch.result.1.xml --> ftp.exslt.org /www.exslt.org/public_html/submissions/Dimitre genericSearchSort.binSearch.result.1.xml
102.12.11 11:13 B C:\jakarta-tomcat-3.2.4\webapps\cocoon\exslt\submissions\Dimitre\genericSearchSort.binSearch.template.xsl --> ftp.exslt.org /www.exslt.org/public_html/submissions/Dimitre genericSearchSort.binSearch.template.xsl
102.12.11 11:13 B C:\jakarta-tomcat-3.2.4\webapps\cocoon\exslt\submissions\Dimitre\genericSearchSort.sort.1.xsl --> ftp.exslt.org /www.exslt.org/public_html/submissions/Dimitre genericSearchSort.sort.1.xsl
102.12.11 11:13 B C:\jakarta-tomcat-3.2.4\webapps\cocoon\exslt\submissions\Dimitre\genericSearchSort.sort.data.1.xml --> ftp.exslt.org /www.exslt.org/public_html/submissions/Dimitre genericSearchSort.sort.data.1.xml
102.12.11 11:13 B C:\jakarta-tomcat-3.2.4\webapps\cocoon\exslt\submissions\Dimitre\genericSearchSort.sort.function.xml --> ftp.exslt.org /www.exslt.org/public_html/submissions/Dimitre genericSearchSort.sort.function.xml
102.12.11 11:13 B C:\jakarta-tomcat-3.2.4\webapps\cocoon\exslt\submissions\Dimitre\genericSearchSort.sort.result.1.xml --> ftp.exslt.org /www.exslt.org/public_html/submissions/Dimitre genericSearchSort.sort.result.1.xml
102.12.11 11:13 B C:\jakarta-tomcat-3.2.4\webapps\cocoon\exslt\submissions\Dimitre\genericSearchSort.sort.template.xsl --> ftp.exslt.org /www.exslt.org/public_html/submissions/Dimitre genericSearchSort.sort.template.xsl
103.09.29 16:38 B C:\jakarta-tomcat-3.2.4\webapps\cocoon\exslt\submissions\Dimitre\WS_FTP.LOG <-- ftp.exslt.org /www.exslt.org/public_html/submissions/Dimitre WS_FTP.LOG
103.10.21 13:12 B C:\jakarta-tomcat-3.2.4\webapps\cocoon\exslt\submissions\Dimitre\genericMath.max.function.xml --> marian.cs.nott.ac.uk /stud/pg/cds/exslt/submissions/Dimitre genericMath.max.function.xml
103.10.21 13:12 B C:\jakarta-tomcat-3.2.4\webapps\cocoon\exslt\submissions\Dimitre\genericMath.min.function.xml --> marian.cs.nott.ac.uk /stud/pg/cds/exslt/submissions/Dimitre genericMath.min.function.xml
103.10.21 13:12 B C:\jakarta-tomcat-3.2.4\webapps\cocoon\exslt\submissions\Dimitre\genericMath.minmax.1.xsl --> marian.cs.nott.ac.uk /stud/pg/cds/exslt/submissions/Dimitre genericMath.minmax.1.xsl
103.10.21 13:12 B C:\jakarta-tomcat-3.2.4\webapps\cocoon\exslt\submissions\Dimitre\genericMath.minmax.data.1.xml --> marian.cs.nott.ac.uk /stud/pg/cds/exslt/submissions/Dimitre genericMath.minmax.data.1.xml
103.10.21 13:12 B C:\jakarta-tomcat-3.2.4\webapps\cocoon\exslt\submissions\Dimitre\genericMath.minmax.function.xsl --> marian.cs.nott.ac.uk /stud/pg/cds/exslt/submissions/Dimitre genericMath.minmax.function.xsl
103.10.21 13:12 B C:\jakarta-tomcat-3.2.4\webapps\cocoon\exslt\submissions\Dimitre\genericMath.minmax.result.1.xml --> marian.cs.nott.ac.uk /stud/pg/cds/exslt/submissions/Dimitre genericMath.minmax.result.1.xml
103.10.21 13:12 B C:\jakarta-tomcat-3.2.4\webapps\cocoon\exslt\submissions\Dimitre\genericMath.minmax.template.xsl --> marian.cs.nott.ac.uk /stud/pg/cds/exslt/submissions/Dimitre genericMath.minmax.template.xsl
103.10.21 13:12 B C:\jakarta-tomcat-3.2.4\webapps\cocoon\exslt\submissions\Dimitre\genericSearchSort.binSearch.1.xsl --> marian.cs.nott.ac.uk /stud/pg/cds/exslt/submissions/Dimitre genericSearchSort.binSearch.1.xsl
103.10.21 13:12 B C:\jakarta-tomcat-3.2.4\webapps\cocoon\exslt\submissions\Dimitre\genericSearchSort.binSearch.data.1.xml --> marian.cs.nott.ac.uk /stud/pg/cds/exslt/submissions/Dimitre genericSearchSort.binSearch.data.1.xml
103.10.21 13:12 B C:\jakarta-tomcat-3.2.4\webapps\cocoon\exslt\submissions\Dimitre\genericSearchSort.binSearch.function.xml --> marian.cs.nott.ac.uk /stud/pg/cds/exslt/submissions/Dimitre genericSearchSort.binSearch.function.xml
103.10.21 13:12 B C:\jakarta-tomcat-3.2.4\webapps\cocoon\exslt\submissions\Dimitre\genericSearchSort.binSearch.result.1.xml --> marian.cs.nott.ac.uk /stud/pg/cds/exslt/submissions/Dimitre genericSearchSort.binSearch.result.1.xml
103.10.21 13:12 B C:\jakarta-tomcat-3.2.4\webapps\cocoon\exslt\submissions\Dimitre\genericSearchSort.binSearch.template.xsl --> marian.cs.nott.ac.uk /stud/pg/cds/exslt/submissions/Dimitre genericSearchSort.binSearch.template.xsl
103.10.21 13:12 B C:\jakarta-tomcat-3.2.4\webapps\cocoon\exslt\submissions\Dimitre\genericSearchSort.sort.1.xsl --> marian.cs.nott.ac.uk /stud/pg/cds/exslt/submissions/Dimitre genericSearchSort.sort.1.xsl
103.10.21 13:12 B C:\jakarta-tomcat-3.2.4\webapps\cocoon\exslt\submissions\Dimitre\genericSearchSort.sort.data.1.xml --> marian.cs.nott.ac.uk /stud/pg/cds/exslt/submissions/Dimitre genericSearchSort.sort.data.1.xml
103.10.21 13:12 B C:\jakarta-tomcat-3.2.4\webapps\cocoon\exslt\submissions\Dimitre\genericSearchSort.sort.function.xml --> marian.cs.nott.ac.uk /stud/pg/cds/exslt/submissions/Dimitre genericSearchSort.sort.function.xml
103.10.21 13:12 B C:\jakarta-tomcat-3.2.4\webapps\cocoon\exslt\submissions\Dimitre\genericSearchSort.sort.result.1.xml --> marian.cs.nott.ac.uk /stud/pg/cds/exslt/submissions/Dimitre genericSearchSort.sort.result.1.xml
103.10.21 13:12 B C:\jakarta-tomcat-3.2.4\webapps\cocoon\exslt\submissions\Dimitre\genericSearchSort.sort.template.xsl --> marian.cs.nott.ac.uk /stud/pg/cds/exslt/submissions/Dimitre genericSearchSort.sort.template.xsl
103.10.21 13:12 B C:\jakarta-tomcat-3.2.4\webapps\cocoon\exslt\submissions\Dimitre\WS_FTP.LOG --> marian.cs.nott.ac.uk /stud/pg/cds/exslt/submissions/Dimitre WS_FTP.LOG
103.10.24 11:38 B C:\jakarta-tomcat-3.2.4\webapps\cocoon\exslt\submissions\Dimitre\genericMath.max.function.xml --> ftp.exslt.org /www.exslt.org/public_html/submissions/Dimitre genericMath.max.function.xml
103.10.24 11:38 B C:\jakarta-tomcat-3.2.4\webapps\cocoon\exslt\submissions\Dimitre\genericMath.min.function.xml --> ftp.exslt.org /www.exslt.org/public_html/submissions/Dimitre genericMath.min.function.xml
103.10.24 11:38 B C:\jakarta-tomcat-3.2.4\webapps\cocoon\exslt\submissions\Dimitre\genericMath.minmax.1.xsl --> ftp.exslt.org /www.exslt.org/public_html/submissions/Dimitre genericMath.minmax.1.xsl
103.10.24 11:38 B C:\jakarta-tomcat-3.2.4\webapps\cocoon\exslt\submissions\Dimitre\genericMath.minmax.data.1.xml --> ftp.exslt.org /www.exslt.org/public_html/submissions/Dimitre genericMath.minmax.data.1.xml
103.10.24 11:38 B C:\jakarta-tomcat-3.2.4\webapps\cocoon\exslt\submissions\Dimitre\genericMath.minmax.function.xsl --> ftp.exslt.org /www.exslt.org/public_html/submissions/Dimitre genericMath.minmax.function.xsl
103.10.24 11:38 B C:\jakarta-tomcat-3.2.4\webapps\cocoon\exslt\submissions\Dimitre\genericMath.minmax.result.1.xml --> ftp.exslt.org /www.exslt.org/public_html/submissions/Dimitre genericMath.minmax.result.1.xml
103.10.24 11:38 B C:\jakarta-tomcat-3.2.4\webapps\cocoon\exslt\submissions\Dimitre\genericMath.minmax.template.xsl --> ftp.exslt.org /www.exslt.org/public_html/submissions/Dimitre genericMath.minmax.template.xsl
103.10.24 11:38 B C:\jakarta-tomcat-3.2.4\webapps\cocoon\exslt\submissions\Dimitre\genericSearchSort.binSearch.1.xsl --> ftp.exslt.org /www.exslt.org/public_html/submissions/Dimitre genericSearchSort.binSearch.1.xsl
103.10.24 11:38 B C:\jakarta-tomcat-3.2.4\webapps\cocoon\exslt\submissions\Dimitre\genericSearchSort.binSearch.data.1.xml --> ftp.exslt.org /www.exslt.org/public_html/submissions/Dimitre genericSearchSort.binSearch.data.1.xml
103.10.24 11:38 B C:\jakarta-tomcat-3.2.4\webapps\cocoon\exslt\submissions\Dimitre\genericSearchSort.binSearch.function.xml --> ftp.exslt.org /www.exslt.org/public_html/submissions/Dimitre genericSearchSort.binSearch.function.xml
103.10.24 11:38 B C:\jakarta-tomcat-3.2.4\webapps\cocoon\exslt\submissions\Dimitre\genericSearchSort.binSearch.result.1.xml --> ftp.exslt.org /www.exslt.org/public_html/submissions/Dimitre genericSearchSort.binSearch.result.1.xml
103.10.24 11:38 B C:\jakarta-tomcat-3.2.4\webapps\cocoon\exslt\submissions\Dimitre\genericSearchSort.binSearch.template.xsl --> ftp.exslt.org /www.exslt.org/public_html/submissions/Dimitre genericSearchSort.binSearch.template.xsl
103.10.24 11:38 B C:\jakarta-tomcat-3.2.4\webapps\cocoon\exslt\submissions\Dimitre\genericSearchSort.sort.1.xsl --> ftp.exslt.org /www.exslt.org/public_html/submissions/Dimitre genericSearchSort.sort.1.xsl
103.10.24 11:38 B C:\jakarta-tomcat-3.2.4\webapps\cocoon\exslt\submissions\Dimitre\genericSearchSort.sort.data.1.xml --> ftp.exslt.org /www.exslt.org/public_html/submissions/Dimitre genericSearchSort.sort.data.1.xml
103.10.24 11:38 B C:\jakarta-tomcat-3.2.4\webapps\cocoon\exslt\submissions\Dimitre\genericSearchSort.sort.function.xml --> ftp.exslt.org /www.exslt.org/public_html/submissions/Dimitre genericSearchSort.sort.function.xml
103.10.24 11:38 B C:\jakarta-tomcat-3.2.4\webapps\cocoon\exslt\submissions\Dimitre\genericSearchSort.sort.result.1.xml --> ftp.exslt.org /www.exslt.org/public_html/submissions/Dimitre genericSearchSort.sort.result.1.xml
103.10.24 11:39 B C:\jakarta-tomcat-3.2.4\webapps\cocoon\exslt\submissions\Dimitre\genericSearchSort.sort.template.xsl --> ftp.exslt.org /www.exslt.org/public_html/submissions/Dimitre genericSearchSort.sort.template.xsl
103.10.24 11:52 B C:\jakarta-tomcat-3.2.4\webapps\cocoon\exslt\submissions\Dimitre\genericMath.max.function.xml --> ftp.exslt.org /www.exslt.org/public_html/submissions/Dimitre genericMath.max.function.xml
103.10.24 11:52 B C:\jakarta-tomcat-3.2.4\webapps\cocoon\exslt\submissions\Dimitre\genericMath.min.function.xml --> ftp.exslt.org /www.exslt.org/public_html/submissions/Dimitre genericMath.min.function.xml
103.10.24 11:52 B C:\jakarta-tomcat-3.2.4\webapps\cocoon\exslt\submissions\Dimitre\genericMath.minmax.1.xsl --> ftp.exslt.org /www.exslt.org/public_html/submissions/Dimitre genericMath.minmax.1.xsl
103.10.24 11:52 B C:\jakarta-tomcat-3.2.4\webapps\cocoon\exslt\submissions\Dimitre\genericMath.minmax.data.1.xml --> ftp.exslt.org /www.exslt.org/public_html/submissions/Dimitre genericMath.minmax.data.1.xml
103.10.24 11:52 B C:\jakarta-tomcat-3.2.4\webapps\cocoon\exslt\submissions\Dimitre\genericMath.minmax.function.xsl --> ftp.exslt.org /www.exslt.org/public_html/submissions/Dimitre genericMath.minmax.function.xsl
103.10.24 11:52 B C:\jakarta-tomcat-3.2.4\webapps\cocoon\exslt\submissions\Dimitre\genericMath.minmax.result.1.xml --> ftp.exslt.org /www.exslt.org/public_html/submissions/Dimitre genericMath.minmax.result.1.xml
103.10.24 11:52 B C:\jakarta-tomcat-3.2.4\webapps\cocoon\exslt\submissions\Dimitre\genericMath.minmax.template.xsl --> ftp.exslt.org /www.exslt.org/public_html/submissions/Dimitre genericMath.minmax.template.xsl
103.10.24 11:52 B C:\jakarta-tomcat-3.2.4\webapps\cocoon\exslt\submissions\Dimitre\genericSearchSort.binSearch.1.xsl --> ftp.exslt.org /www.exslt.org/public_html/submissions/Dimitre genericSearchSort.binSearch.1.xsl
103.10.24 11:52 B C:\jakarta-tomcat-3.2.4\webapps\cocoon\exslt\submissions\Dimitre\genericSearchSort.binSearch.data.1.xml --> ftp.exslt.org /www.exslt.org/public_html/submissions/Dimitre genericSearchSort.binSearch.data.1.xml
103.10.24 11:52 B C:\jakarta-tomcat-3.2.4\webapps\cocoon\exslt\submissions\Dimitre\genericSearchSort.binSearch.function.xml --> ftp.exslt.org /www.exslt.org/public_html/submissions/Dimitre genericSearchSort.binSearch.function.xml
103.10.24 11:52 B C:\jakarta-tomcat-3.2.4\webapps\cocoon\exslt\submissions\Dimitre\genericSearchSort.binSearch.result.1.xml --> ftp.exslt.org /www.exslt.org/public_html/submissions/Dimitre genericSearchSort.binSearch.result.1.xml
103.10.24 11:52 B C:\jakarta-tomcat-3.2.4\webapps\cocoon\exslt\submissions\Dimitre\genericSearchSort.binSearch.template.xsl --> ftp.exslt.org /www.exslt.org/public_html/submissions/Dimitre genericSearchSort.binSearch.template.xsl
103.10.24 11:52 B C:\jakarta-tomcat-3.2.4\webapps\cocoon\exslt\submissions\Dimitre\genericSearchSort.sort.1.xsl --> ftp.exslt.org /www.exslt.org/public_html/submissions/Dimitre genericSearchSort.sort.1.xsl
103.10.24 11:52 B C:\jakarta-tomcat-3.2.4\webapps\cocoon\exslt\submissions\Dimitre\genericSearchSort.sort.data.1.xml --> ftp.exslt.org /www.exslt.org/public_html/submissions/Dimitre genericSearchSort.sort.data.1.xml
103.10.24 11:52 B C:\jakarta-tomcat-3.2.4\webapps\cocoon\exslt\submissions\Dimitre\genericSearchSort.sort.function.xml --> ftp.exslt.org /www.exslt.org/public_html/submissions/Dimitre genericSearchSort.sort.function.xml
103.10.24 11:52 B C:\jakarta-tomcat-3.2.4\webapps\cocoon\exslt\submissions\Dimitre\genericSearchSort.sort.result.1.xml --> ftp.exslt.org /www.exslt.org/public_html/submissions/Dimitre genericSearchSort.sort.result.1.xml
103.10.24 11:52 B C:\jakarta-tomcat-3.2.4\webapps\cocoon\exslt\submissions\Dimitre\genericSearchSort.sort.template.xsl --> ftp.exslt.org /www.exslt.org/public_html/submissions/Dimitre genericSearchSort.sort.template.xsl
