102.08.21 17:25 B C:\jakarta-tomcat-3.2.4\webapps\cocoon\exslt\date\functions\month-in-year\base.css --> ftp.exslt.org /www.exslt.org/public_html/date/functions/month-in-year base.css
102.08.21 17:25 B C:\jakarta-tomcat-3.2.4\webapps\cocoon\exslt\date\functions\month-in-year\date.js --> ftp.exslt.org /www.exslt.org/public_html/date/functions/month-in-year date.js
102.08.21 17:25 B C:\jakarta-tomcat-3.2.4\webapps\cocoon\exslt\date\functions\month-in-year\date.js.html --> ftp.exslt.org /www.exslt.org/public_html/date/functions/month-in-year date.js.html
102.08.21 17:25 B C:\jakarta-tomcat-3.2.4\webapps\cocoon\exslt\date\functions\month-in-year\date.month-in-year.2.html --> ftp.exslt.org /www.exslt.org/public_html/date/functions/month-in-year date.month-in-year.2.html
102.08.21 17:25 B C:\jakarta-tomcat-3.2.4\webapps\cocoon\exslt\date\functions\month-in-year\date.month-in-year.function.xsl --> ftp.exslt.org /www.exslt.org/public_html/date/functions/month-in-year date.month-in-year.function.xsl
102.08.21 17:25 B C:\jakarta-tomcat-3.2.4\webapps\cocoon\exslt\date\functions\month-in-year\date.month-in-year.function.xsl.html --> ftp.exslt.org /www.exslt.org/public_html/date/functions/month-in-year date.month-in-year.function.xsl.html
102.08.21 17:25 B C:\jakarta-tomcat-3.2.4\webapps\cocoon\exslt\date\functions\month-in-year\date.month-in-year.html --> ftp.exslt.org /www.exslt.org/public_html/date/functions/month-in-year date.month-in-year.html
102.08.21 17:25 B C:\jakarta-tomcat-3.2.4\webapps\cocoon\exslt\date\functions\month-in-year\date.month-in-year.package.txt --> ftp.exslt.org /www.exslt.org/public_html/date/functions/month-in-year date.month-in-year.package.txt
102.08.21 17:25 B C:\jakarta-tomcat-3.2.4\webapps\cocoon\exslt\date\functions\month-in-year\date.month-in-year.template.xsl --> ftp.exslt.org /www.exslt.org/public_html/date/functions/month-in-year date.month-in-year.template.xsl
102.08.21 17:25 B C:\jakarta-tomcat-3.2.4\webapps\cocoon\exslt\date\functions\month-in-year\date.month-in-year.template.xsl.html --> ftp.exslt.org /www.exslt.org/public_html/date/functions/month-in-year date.month-in-year.template.xsl.html
102.08.21 17:25 B C:\jakarta-tomcat-3.2.4\webapps\cocoon\exslt\date\functions\month-in-year\date.month-in-year.use-cases.txt --> ftp.exslt.org /www.exslt.org/public_html/date/functions/month-in-year date.month-in-year.use-cases.txt
102.08.21 17:25 B C:\jakarta-tomcat-3.2.4\webapps\cocoon\exslt\date\functions\month-in-year\date.month-in-year.use-cases.zip --> ftp.exslt.org /www.exslt.org/public_html/date/functions/month-in-year date.month-in-year.use-cases.zip
102.08.21 17:25 B C:\jakarta-tomcat-3.2.4\webapps\cocoon\exslt\date\functions\month-in-year\date.month-in-year.xml --> ftp.exslt.org /www.exslt.org/public_html/date/functions/month-in-year date.month-in-year.xml
102.08.21 17:25 B C:\jakarta-tomcat-3.2.4\webapps\cocoon\exslt\date\functions\month-in-year\date.month-in-year.xsl --> ftp.exslt.org /www.exslt.org/public_html/date/functions/month-in-year date.month-in-year.xsl
102.08.21 17:25 B C:\jakarta-tomcat-3.2.4\webapps\cocoon\exslt\date\functions\month-in-year\date.month-in-year.zip --> ftp.exslt.org /www.exslt.org/public_html/date/functions/month-in-year date.month-in-year.zip
102.08.21 17:25 B C:\jakarta-tomcat-3.2.4\webapps\cocoon\exslt\date\functions\month-in-year\date.msxsl.xsl --> ftp.exslt.org /www.exslt.org/public_html/date/functions/month-in-year date.msxsl.xsl
102.08.21 17:25 B C:\jakarta-tomcat-3.2.4\webapps\cocoon\exslt\date\functions\month-in-year\date.msxsl.xsl.html --> ftp.exslt.org /www.exslt.org/public_html/date/functions/month-in-year date.msxsl.xsl.html
102.08.21 17:25 B C:\jakarta-tomcat-3.2.4\webapps\cocoon\exslt\date\functions\month-in-year\index.html --> ftp.exslt.org /www.exslt.org/public_html/date/functions/month-in-year index.html
102.08.21 17:25 B C:\jakarta-tomcat-3.2.4\webapps\cocoon\exslt\date\functions\month-in-year\refresh.bat --> ftp.exslt.org /www.exslt.org/public_html/date/functions/month-in-year refresh.bat
102.08.21 17:25 B C:\jakarta-tomcat-3.2.4\webapps\cocoon\exslt\date\functions\month-in-year\update.bat --> ftp.exslt.org /www.exslt.org/public_html/date/functions/month-in-year update.bat
102.08.21 17:31 B C:\jakarta-tomcat-3.2.4\webapps\cocoon\exslt\date\functions\month-in-year\base.css --> ftp.exslt.org /www.exslt.org/public_html/date/functions/month-in-year base.css
102.08.21 17:31 B C:\jakarta-tomcat-3.2.4\webapps\cocoon\exslt\date\functions\month-in-year\date.js --> ftp.exslt.org /www.exslt.org/public_html/date/functions/month-in-year date.js
102.08.21 17:31 B C:\jakarta-tomcat-3.2.4\webapps\cocoon\exslt\date\functions\month-in-year\date.js.html --> ftp.exslt.org /www.exslt.org/public_html/date/functions/month-in-year date.js.html
102.08.21 17:31 B C:\jakarta-tomcat-3.2.4\webapps\cocoon\exslt\date\functions\month-in-year\date.month-in-year.2.html --> ftp.exslt.org /www.exslt.org/public_html/date/functions/month-in-year date.month-in-year.2.html
102.08.21 17:31 B C:\jakarta-tomcat-3.2.4\webapps\cocoon\exslt\date\functions\month-in-year\date.month-in-year.function.xsl --> ftp.exslt.org /www.exslt.org/public_html/date/functions/month-in-year date.month-in-year.function.xsl
102.08.21 17:31 B C:\jakarta-tomcat-3.2.4\webapps\cocoon\exslt\date\functions\month-in-year\date.month-in-year.function.xsl.html --> ftp.exslt.org /www.exslt.org/public_html/date/functions/month-in-year date.month-in-year.function.xsl.html
102.08.21 17:31 B C:\jakarta-tomcat-3.2.4\webapps\cocoon\exslt\date\functions\month-in-year\date.month-in-year.html --> ftp.exslt.org /www.exslt.org/public_html/date/functions/month-in-year date.month-in-year.html
102.08.21 17:31 B C:\jakarta-tomcat-3.2.4\webapps\cocoon\exslt\date\functions\month-in-year\date.month-in-year.package.txt --> ftp.exslt.org /www.exslt.org/public_html/date/functions/month-in-year date.month-in-year.package.txt
102.08.21 17:31 B C:\jakarta-tomcat-3.2.4\webapps\cocoon\exslt\date\functions\month-in-year\date.month-in-year.template.xsl --> ftp.exslt.org /www.exslt.org/public_html/date/functions/month-in-year date.month-in-year.template.xsl
102.08.21 17:31 B C:\jakarta-tomcat-3.2.4\webapps\cocoon\exslt\date\functions\month-in-year\date.month-in-year.template.xsl.html --> ftp.exslt.org /www.exslt.org/public_html/date/functions/month-in-year date.month-in-year.template.xsl.html
102.08.21 17:31 B C:\jakarta-tomcat-3.2.4\webapps\cocoon\exslt\date\functions\month-in-year\date.month-in-year.use-cases.txt --> ftp.exslt.org /www.exslt.org/public_html/date/functions/month-in-year date.month-in-year.use-cases.txt
102.08.21 17:31 B C:\jakarta-tomcat-3.2.4\webapps\cocoon\exslt\date\functions\month-in-year\date.month-in-year.use-cases.zip --> ftp.exslt.org /www.exslt.org/public_html/date/functions/month-in-year date.month-in-year.use-cases.zip
102.08.21 17:31 B C:\jakarta-tomcat-3.2.4\webapps\cocoon\exslt\date\functions\month-in-year\date.month-in-year.xml --> ftp.exslt.org /www.exslt.org/public_html/date/functions/month-in-year date.month-in-year.xml
102.08.21 17:31 B C:\jakarta-tomcat-3.2.4\webapps\cocoon\exslt\date\functions\month-in-year\date.month-in-year.xsl --> ftp.exslt.org /www.exslt.org/public_html/date/functions/month-in-year date.month-in-year.xsl
102.08.21 17:31 B C:\jakarta-tomcat-3.2.4\webapps\cocoon\exslt\date\functions\month-in-year\date.month-in-year.zip --> ftp.exslt.org /www.exslt.org/public_html/date/functions/month-in-year date.month-in-year.zip
102.08.21 17:31 B C:\jakarta-tomcat-3.2.4\webapps\cocoon\exslt\date\functions\month-in-year\date.msxsl.xsl --> ftp.exslt.org /www.exslt.org/public_html/date/functions/month-in-year date.msxsl.xsl
102.08.21 17:31 B C:\jakarta-tomcat-3.2.4\webapps\cocoon\exslt\date\functions\month-in-year\date.msxsl.xsl.html --> ftp.exslt.org /www.exslt.org/public_html/date/functions/month-in-year date.msxsl.xsl.html
102.08.21 17:31 B C:\jakarta-tomcat-3.2.4\webapps\cocoon\exslt\date\functions\month-in-year\index.html --> ftp.exslt.org /www.exslt.org/public_html/date/functions/month-in-year index.html
102.08.21 17:31 B C:\jakarta-tomcat-3.2.4\webapps\cocoon\exslt\date\functions\month-in-year\refresh.bat --> ftp.exslt.org /www.exslt.org/public_html/date/functions/month-in-year refresh.bat
102.08.21 17:31 B C:\jakarta-tomcat-3.2.4\webapps\cocoon\exslt\date\functions\month-in-year\update.bat --> ftp.exslt.org /www.exslt.org/public_html/date/functions/month-in-year update.bat
102.08.21 17:31 B C:\jakarta-tomcat-3.2.4\webapps\cocoon\exslt\date\functions\month-in-year\WS_FTP.LOG --> ftp.exslt.org /www.exslt.org/public_html/date/functions/month-in-year WS_FTP.LOG
102.11.19 13:14 B C:\jakarta-tomcat-3.2.4\webapps\cocoon\exslt\date\functions\month-in-year\base.css --> ftp.exslt.org /www.exslt.org/public_html/date/functions/month-in-year base.css
102.11.19 13:14 B C:\jakarta-tomcat-3.2.4\webapps\cocoon\exslt\date\functions\month-in-year\date.js --> ftp.exslt.org /www.exslt.org/public_html/date/functions/month-in-year date.js
102.11.19 13:14 B C:\jakarta-tomcat-3.2.4\webapps\cocoon\exslt\date\functions\month-in-year\date.js.html --> ftp.exslt.org /www.exslt.org/public_html/date/functions/month-in-year date.js.html
102.11.19 13:14 B C:\jakarta-tomcat-3.2.4\webapps\cocoon\exslt\date\functions\month-in-year\date.month-in-year.2.html --> ftp.exslt.org /www.exslt.org/public_html/date/functions/month-in-year date.month-in-year.2.html
102.11.19 13:14 B C:\jakarta-tomcat-3.2.4\webapps\cocoon\exslt\date\functions\month-in-year\date.month-in-year.function.xsl --> ftp.exslt.org /www.exslt.org/public_html/date/functions/month-in-year date.month-in-year.function.xsl
102.11.19 13:14 B C:\jakarta-tomcat-3.2.4\webapps\cocoon\exslt\date\functions\month-in-year\date.month-in-year.function.xsl.html --> ftp.exslt.org /www.exslt.org/public_html/date/functions/month-in-year date.month-in-year.function.xsl.html
102.11.19 13:14 B C:\jakarta-tomcat-3.2.4\webapps\cocoon\exslt\date\functions\month-in-year\date.month-in-year.html --> ftp.exslt.org /www.exslt.org/public_html/date/functions/month-in-year date.month-in-year.html
102.11.19 13:14 B C:\jakarta-tomcat-3.2.4\webapps\cocoon\exslt\date\functions\month-in-year\date.month-in-year.package.txt --> ftp.exslt.org /www.exslt.org/public_html/date/functions/month-in-year date.month-in-year.package.txt
102.11.19 13:14 B C:\jakarta-tomcat-3.2.4\webapps\cocoon\exslt\date\functions\month-in-year\date.month-in-year.template.xsl --> ftp.exslt.org /www.exslt.org/public_html/date/functions/month-in-year date.month-in-year.template.xsl
102.11.19 13:14 B C:\jakarta-tomcat-3.2.4\webapps\cocoon\exslt\date\functions\month-in-year\date.month-in-year.template.xsl.html --> ftp.exslt.org /www.exslt.org/public_html/date/functions/month-in-year date.month-in-year.template.xsl.html
102.11.19 13:14 B C:\jakarta-tomcat-3.2.4\webapps\cocoon\exslt\date\functions\month-in-year\date.month-in-year.use-cases.txt --> ftp.exslt.org /www.exslt.org/public_html/date/functions/month-in-year date.month-in-year.use-cases.txt
102.11.19 13:14 B C:\jakarta-tomcat-3.2.4\webapps\cocoon\exslt\date\functions\month-in-year\date.month-in-year.use-cases.zip --> ftp.exslt.org /www.exslt.org/public_html/date/functions/month-in-year date.month-in-year.use-cases.zip
102.11.19 13:15 B C:\jakarta-tomcat-3.2.4\webapps\cocoon\exslt\date\functions\month-in-year\date.month-in-year.xml --> ftp.exslt.org /www.exslt.org/public_html/date/functions/month-in-year date.month-in-year.xml
102.11.19 13:15 B C:\jakarta-tomcat-3.2.4\webapps\cocoon\exslt\date\functions\month-in-year\date.month-in-year.xsl --> ftp.exslt.org /www.exslt.org/public_html/date/functions/month-in-year date.month-in-year.xsl
102.11.19 13:15 B C:\jakarta-tomcat-3.2.4\webapps\cocoon\exslt\date\functions\month-in-year\date.month-in-year.zip --> ftp.exslt.org /www.exslt.org/public_html/date/functions/month-in-year date.month-in-year.zip
102.11.19 13:15 B C:\jakarta-tomcat-3.2.4\webapps\cocoon\exslt\date\functions\month-in-year\date.msxsl.xsl --> ftp.exslt.org /www.exslt.org/public_html/date/functions/month-in-year date.msxsl.xsl
102.11.19 13:15 B C:\jakarta-tomcat-3.2.4\webapps\cocoon\exslt\date\functions\month-in-year\date.msxsl.xsl.html --> ftp.exslt.org /www.exslt.org/public_html/date/functions/month-in-year date.msxsl.xsl.html
102.11.19 13:15 B C:\jakarta-tomcat-3.2.4\webapps\cocoon\exslt\date\functions\month-in-year\index.html --> ftp.exslt.org /www.exslt.org/public_html/date/functions/month-in-year index.html
102.11.19 13:15 B C:\jakarta-tomcat-3.2.4\webapps\cocoon\exslt\date\functions\month-in-year\refresh.bat --> ftp.exslt.org /www.exslt.org/public_html/date/functions/month-in-year refresh.bat
102.11.19 13:15 B C:\jakarta-tomcat-3.2.4\webapps\cocoon\exslt\date\functions\month-in-year\update.bat --> ftp.exslt.org /www.exslt.org/public_html/date/functions/month-in-year update.bat
102.11.19 13:15 B C:\jakarta-tomcat-3.2.4\webapps\cocoon\exslt\date\functions\month-in-year\WS_FTP.LOG --> ftp.exslt.org /www.exslt.org/public_html/date/functions/month-in-year WS_FTP.LOG
102.11.19 13:21 B C:\jakarta-tomcat-3.2.4\webapps\cocoon\exslt\date\functions\month-in-year\base.css --> ftp.exslt.org /www.exslt.org/public_html/date/functions/month-in-year base.css
102.11.19 13:21 B C:\jakarta-tomcat-3.2.4\webapps\cocoon\exslt\date\functions\month-in-year\date.js --> ftp.exslt.org /www.exslt.org/public_html/date/functions/month-in-year date.js
102.11.19 13:21 B C:\jakarta-tomcat-3.2.4\webapps\cocoon\exslt\date\functions\month-in-year\date.js.html --> ftp.exslt.org /www.exslt.org/public_html/date/functions/month-in-year date.js.html
102.11.19 13:21 B C:\jakarta-tomcat-3.2.4\webapps\cocoon\exslt\date\functions\month-in-year\date.month-in-year.2.html --> ftp.exslt.org /www.exslt.org/public_html/date/functions/month-in-year date.month-in-year.2.html
102.11.19 13:21 B C:\jakarta-tomcat-3.2.4\webapps\cocoon\exslt\date\functions\month-in-year\date.month-in-year.function.xsl --> ftp.exslt.org /www.exslt.org/public_html/date/functions/month-in-year date.month-in-year.function.xsl
102.11.19 13:21 B C:\jakarta-tomcat-3.2.4\webapps\cocoon\exslt\date\functions\month-in-year\date.month-in-year.function.xsl.html --> ftp.exslt.org /www.exslt.org/public_html/date/functions/month-in-year date.month-in-year.function.xsl.html
102.11.19 13:21 B C:\jakarta-tomcat-3.2.4\webapps\cocoon\exslt\date\functions\month-in-year\date.month-in-year.html --> ftp.exslt.org /www.exslt.org/public_html/date/functions/month-in-year date.month-in-year.html
102.11.19 13:21 B C:\jakarta-tomcat-3.2.4\webapps\cocoon\exslt\date\functions\month-in-year\date.month-in-year.package.txt --> ftp.exslt.org /www.exslt.org/public_html/date/functions/month-in-year date.month-in-year.package.txt
102.11.19 13:21 B C:\jakarta-tomcat-3.2.4\webapps\cocoon\exslt\date\functions\month-in-year\date.month-in-year.template.xsl --> ftp.exslt.org /www.exslt.org/public_html/date/functions/month-in-year date.month-in-year.template.xsl
102.11.19 13:21 B C:\jakarta-tomcat-3.2.4\webapps\cocoon\exslt\date\functions\month-in-year\date.month-in-year.template.xsl.html --> ftp.exslt.org /www.exslt.org/public_html/date/functions/month-in-year date.month-in-year.template.xsl.html
102.11.19 13:21 B C:\jakarta-tomcat-3.2.4\webapps\cocoon\exslt\date\functions\month-in-year\date.month-in-year.use-cases.txt --> ftp.exslt.org /www.exslt.org/public_html/date/functions/month-in-year date.month-in-year.use-cases.txt
102.11.19 13:21 B C:\jakarta-tomcat-3.2.4\webapps\cocoon\exslt\date\functions\month-in-year\date.month-in-year.use-cases.zip --> ftp.exslt.org /www.exslt.org/public_html/date/functions/month-in-year date.month-in-year.use-cases.zip
102.11.19 13:21 B C:\jakarta-tomcat-3.2.4\webapps\cocoon\exslt\date\functions\month-in-year\date.month-in-year.xml --> ftp.exslt.org /www.exslt.org/public_html/date/functions/month-in-year date.month-in-year.xml
102.11.19 13:21 B C:\jakarta-tomcat-3.2.4\webapps\cocoon\exslt\date\functions\month-in-year\date.month-in-year.xsl --> ftp.exslt.org /www.exslt.org/public_html/date/functions/month-in-year date.month-in-year.xsl
102.11.19 13:21 B C:\jakarta-tomcat-3.2.4\webapps\cocoon\exslt\date\functions\month-in-year\date.month-in-year.zip --> ftp.exslt.org /www.exslt.org/public_html/date/functions/month-in-year date.month-in-year.zip
102.11.19 13:21 B C:\jakarta-tomcat-3.2.4\webapps\cocoon\exslt\date\functions\month-in-year\date.msxsl.xsl --> ftp.exslt.org /www.exslt.org/public_html/date/functions/month-in-year date.msxsl.xsl
102.11.19 13:21 B C:\jakarta-tomcat-3.2.4\webapps\cocoon\exslt\date\functions\month-in-year\date.msxsl.xsl.html --> ftp.exslt.org /www.exslt.org/public_html/date/functions/month-in-year date.msxsl.xsl.html
102.11.19 13:21 B C:\jakarta-tomcat-3.2.4\webapps\cocoon\exslt\date\functions\month-in-year\index.html --> ftp.exslt.org /www.exslt.org/public_html/date/functions/month-in-year index.html
102.11.19 13:21 B C:\jakarta-tomcat-3.2.4\webapps\cocoon\exslt\date\functions\month-in-year\refresh.bat --> ftp.exslt.org /www.exslt.org/public_html/date/functions/month-in-year refresh.bat
102.11.19 13:21 B C:\jakarta-tomcat-3.2.4\webapps\cocoon\exslt\date\functions\month-in-year\update.bat --> ftp.exslt.org /www.exslt.org/public_html/date/functions/month-in-year update.bat
102.12.02 12:21 B C:\jakarta-tomcat-3.2.4\webapps\cocoon\exslt\public_html\date\functions\month-in-year\WS_FTP.LOG <-- ftp.exslt.org /www.exslt.org/public_html/date/functions/month-in-year WS_FTP.LOG
102.12.03 11:10 B C:\jakarta-tomcat-3.2.4\webapps\cocoon\exslt\date\functions\month-in-year\base.css --> ftp.exslt.org /www.exslt.org/public_html/date/functions/month-in-year base.css
102.12.03 11:10 B C:\jakarta-tomcat-3.2.4\webapps\cocoon\exslt\date\functions\month-in-year\date.js --> ftp.exslt.org /www.exslt.org/public_html/date/functions/month-in-year date.js
102.12.03 11:10 B C:\jakarta-tomcat-3.2.4\webapps\cocoon\exslt\date\functions\month-in-year\date.js.html --> ftp.exslt.org /www.exslt.org/public_html/date/functions/month-in-year date.js.html
102.12.03 11:10 B C:\jakarta-tomcat-3.2.4\webapps\cocoon\exslt\date\functions\month-in-year\date.month-in-year.1.html --> ftp.exslt.org /www.exslt.org/public_html/date/functions/month-in-year date.month-in-year.1.html
102.12.03 11:10 B C:\jakarta-tomcat-3.2.4\webapps\cocoon\exslt\date\functions\month-in-year\date.month-in-year.1.xml --> ftp.exslt.org /www.exslt.org/public_html/date/functions/month-in-year date.month-in-year.1.xml
102.12.03 11:10 B C:\jakarta-tomcat-3.2.4\webapps\cocoon\exslt\date\functions\month-in-year\date.month-in-year.2.html --> ftp.exslt.org /www.exslt.org/public_html/date/functions/month-in-year date.month-in-year.2.html
102.12.03 11:10 B C:\jakarta-tomcat-3.2.4\webapps\cocoon\exslt\date\functions\month-in-year\date.month-in-year.function.xsl --> ftp.exslt.org /www.exslt.org/public_html/date/functions/month-in-year date.month-in-year.function.xsl
102.12.03 11:10 B C:\jakarta-tomcat-3.2.4\webapps\cocoon\exslt\date\functions\month-in-year\date.month-in-year.function.xsl.html --> ftp.exslt.org /www.exslt.org/public_html/date/functions/month-in-year date.month-in-year.function.xsl.html
102.12.03 11:10 B C:\jakarta-tomcat-3.2.4\webapps\cocoon\exslt\date\functions\month-in-year\date.month-in-year.html --> ftp.exslt.org /www.exslt.org/public_html/date/functions/month-in-year date.month-in-year.html
102.12.03 11:10 B C:\jakarta-tomcat-3.2.4\webapps\cocoon\exslt\date\functions\month-in-year\date.month-in-year.package.txt --> ftp.exslt.org /www.exslt.org/public_html/date/functions/month-in-year date.month-in-year.package.txt
102.12.03 11:10 B C:\jakarta-tomcat-3.2.4\webapps\cocoon\exslt\date\functions\month-in-year\date.month-in-year.template.xsl --> ftp.exslt.org /www.exslt.org/public_html/date/functions/month-in-year date.month-in-year.template.xsl
102.12.03 11:10 B C:\jakarta-tomcat-3.2.4\webapps\cocoon\exslt\date\functions\month-in-year\date.month-in-year.template.xsl.html --> ftp.exslt.org /www.exslt.org/public_html/date/functions/month-in-year date.month-in-year.template.xsl.html
102.12.03 11:10 B C:\jakarta-tomcat-3.2.4\webapps\cocoon\exslt\date\functions\month-in-year\date.month-in-year.use-cases.txt --> ftp.exslt.org /www.exslt.org/public_html/date/functions/month-in-year date.month-in-year.use-cases.txt
102.12.03 11:10 B C:\jakarta-tomcat-3.2.4\webapps\cocoon\exslt\date\functions\month-in-year\date.month-in-year.use-cases.zip --> ftp.exslt.org /www.exslt.org/public_html/date/functions/month-in-year date.month-in-year.use-cases.zip
102.12.03 11:10 B C:\jakarta-tomcat-3.2.4\webapps\cocoon\exslt\date\functions\month-in-year\date.month-in-year.xml --> ftp.exslt.org /www.exslt.org/public_html/date/functions/month-in-year date.month-in-year.xml
102.12.03 11:10 B C:\jakarta-tomcat-3.2.4\webapps\cocoon\exslt\date\functions\month-in-year\date.month-in-year.xsl --> ftp.exslt.org /www.exslt.org/public_html/date/functions/month-in-year date.month-in-year.xsl
102.12.03 11:10 B C:\jakarta-tomcat-3.2.4\webapps\cocoon\exslt\date\functions\month-in-year\date.month-in-year.zip --> ftp.exslt.org /www.exslt.org/public_html/date/functions/month-in-year date.month-in-year.zip
102.12.03 11:10 B C:\jakarta-tomcat-3.2.4\webapps\cocoon\exslt\date\functions\month-in-year\date.msxsl.xsl --> ftp.exslt.org /www.exslt.org/public_html/date/functions/month-in-year date.msxsl.xsl
102.12.03 11:10 B C:\jakarta-tomcat-3.2.4\webapps\cocoon\exslt\date\functions\month-in-year\date.msxsl.xsl.html --> ftp.exslt.org /www.exslt.org/public_html/date/functions/month-in-year date.msxsl.xsl.html
102.12.03 11:10 B C:\jakarta-tomcat-3.2.4\webapps\cocoon\exslt\date\functions\month-in-year\index.html --> ftp.exslt.org /www.exslt.org/public_html/date/functions/month-in-year index.html
102.12.03 11:10 B C:\jakarta-tomcat-3.2.4\webapps\cocoon\exslt\date\functions\month-in-year\out.html --> ftp.exslt.org /www.exslt.org/public_html/date/functions/month-in-year out.html
102.12.03 11:10 B C:\jakarta-tomcat-3.2.4\webapps\cocoon\exslt\date\functions\month-in-year\refresh.bat --> ftp.exslt.org /www.exslt.org/public_html/date/functions/month-in-year refresh.bat
102.12.03 11:10 B C:\jakarta-tomcat-3.2.4\webapps\cocoon\exslt\date\functions\month-in-year\update.bat --> ftp.exslt.org /www.exslt.org/public_html/date/functions/month-in-year update.bat
102.12.03 11:10 B C:\jakarta-tomcat-3.2.4\webapps\cocoon\exslt\date\functions\month-in-year\WS_FTP.LOG --> ftp.exslt.org /www.exslt.org/public_html/date/functions/month-in-year WS_FTP.LOG
102.12.11 11:01 B C:\jakarta-tomcat-3.2.4\webapps\cocoon\exslt\date\functions\month-in-year\base.css --> ftp.exslt.org /www.exslt.org/public_html/date/functions/month-in-year base.css
102.12.11 11:01 B C:\jakarta-tomcat-3.2.4\webapps\cocoon\exslt\date\functions\month-in-year\date.js --> ftp.exslt.org /www.exslt.org/public_html/date/functions/month-in-year date.js
102.12.11 11:01 B C:\jakarta-tomcat-3.2.4\webapps\cocoon\exslt\date\functions\month-in-year\date.js.html --> ftp.exslt.org /www.exslt.org/public_html/date/functions/month-in-year date.js.html
102.12.11 11:01 B C:\jakarta-tomcat-3.2.4\webapps\cocoon\exslt\date\functions\month-in-year\date.month-in-year.1.html --> ftp.exslt.org /www.exslt.org/public_html/date/functions/month-in-year date.month-in-year.1.html
102.12.11 11:01 B C:\jakarta-tomcat-3.2.4\webapps\cocoon\exslt\date\functions\month-in-year\date.month-in-year.1.xml --> ftp.exslt.org /www.exslt.org/public_html/date/functions/month-in-year date.month-in-year.1.xml
102.12.11 11:01 B C:\jakarta-tomcat-3.2.4\webapps\cocoon\exslt\date\functions\month-in-year\date.month-in-year.2.html --> ftp.exslt.org /www.exslt.org/public_html/date/functions/month-in-year date.month-in-year.2.html
102.12.11 11:01 B C:\jakarta-tomcat-3.2.4\webapps\cocoon\exslt\date\functions\month-in-year\date.month-in-year.function.xsl --> ftp.exslt.org /www.exslt.org/public_html/date/functions/month-in-year date.month-in-year.function.xsl
102.12.11 11:01 B C:\jakarta-tomcat-3.2.4\webapps\cocoon\exslt\date\functions\month-in-year\date.month-in-year.function.xsl.html --> ftp.exslt.org /www.exslt.org/public_html/date/functions/month-in-year date.month-in-year.function.xsl.html
102.12.11 11:01 B C:\jakarta-tomcat-3.2.4\webapps\cocoon\exslt\date\functions\month-in-year\date.month-in-year.html --> ftp.exslt.org /www.exslt.org/public_html/date/functions/month-in-year date.month-in-year.html
102.12.11 11:01 B C:\jakarta-tomcat-3.2.4\webapps\cocoon\exslt\date\functions\month-in-year\date.month-in-year.package.txt --> ftp.exslt.org /www.exslt.org/public_html/date/functions/month-in-year date.month-in-year.package.txt
102.12.11 11:01 B C:\jakarta-tomcat-3.2.4\webapps\cocoon\exslt\date\functions\month-in-year\date.month-in-year.template.xsl --> ftp.exslt.org /www.exslt.org/public_html/date/functions/month-in-year date.month-in-year.template.xsl
102.12.11 11:01 B C:\jakarta-tomcat-3.2.4\webapps\cocoon\exslt\date\functions\month-in-year\date.month-in-year.template.xsl.html --> ftp.exslt.org /www.exslt.org/public_html/date/functions/month-in-year date.month-in-year.template.xsl.html
102.12.11 11:01 B C:\jakarta-tomcat-3.2.4\webapps\cocoon\exslt\date\functions\month-in-year\date.month-in-year.use-cases.txt --> ftp.exslt.org /www.exslt.org/public_html/date/functions/month-in-year date.month-in-year.use-cases.txt
102.12.11 11:01 B C:\jakarta-tomcat-3.2.4\webapps\cocoon\exslt\date\functions\month-in-year\date.month-in-year.use-cases.zip --> ftp.exslt.org /www.exslt.org/public_html/date/functions/month-in-year date.month-in-year.use-cases.zip
102.12.11 11:01 B C:\jakarta-tomcat-3.2.4\webapps\cocoon\exslt\date\functions\month-in-year\date.month-in-year.xml --> ftp.exslt.org /www.exslt.org/public_html/date/functions/month-in-year date.month-in-year.xml
102.12.11 11:01 B C:\jakarta-tomcat-3.2.4\webapps\cocoon\exslt\date\functions\month-in-year\date.month-in-year.xsl --> ftp.exslt.org /www.exslt.org/public_html/date/functions/month-in-year date.month-in-year.xsl
102.12.11 11:01 B C:\jakarta-tomcat-3.2.4\webapps\cocoon\exslt\date\functions\month-in-year\date.month-in-year.zip --> ftp.exslt.org /www.exslt.org/public_html/date/functions/month-in-year date.month-in-year.zip
102.12.11 11:01 B C:\jakarta-tomcat-3.2.4\webapps\cocoon\exslt\date\functions\month-in-year\date.msxsl.xsl --> ftp.exslt.org /www.exslt.org/public_html/date/functions/month-in-year date.msxsl.xsl
102.12.11 11:01 B C:\jakarta-tomcat-3.2.4\webapps\cocoon\exslt\date\functions\month-in-year\date.msxsl.xsl.html --> ftp.exslt.org /www.exslt.org/public_html/date/functions/month-in-year date.msxsl.xsl.html
102.12.11 11:01 B C:\jakarta-tomcat-3.2.4\webapps\cocoon\exslt\date\functions\month-in-year\index.html --> ftp.exslt.org /www.exslt.org/public_html/date/functions/month-in-year index.html
102.12.11 11:01 B C:\jakarta-tomcat-3.2.4\webapps\cocoon\exslt\date\functions\month-in-year\out.html --> ftp.exslt.org /www.exslt.org/public_html/date/functions/month-in-year out.html
102.12.11 11:01 B C:\jakarta-tomcat-3.2.4\webapps\cocoon\exslt\date\functions\month-in-year\refresh.bat --> ftp.exslt.org /www.exslt.org/public_html/date/functions/month-in-year refresh.bat
102.12.11 11:01 B C:\jakarta-tomcat-3.2.4\webapps\cocoon\exslt\date\functions\month-in-year\update.bat --> ftp.exslt.org /www.exslt.org/public_html/date/functions/month-in-year update.bat
102.12.11 11:01 B C:\jakarta-tomcat-3.2.4\webapps\cocoon\exslt\date\functions\month-in-year\WS_FTP.LOG --> ftp.exslt.org /www.exslt.org/public_html/date/functions/month-in-year WS_FTP.LOG
102.12.11 11:04 B C:\jakarta-tomcat-3.2.4\webapps\cocoon\exslt\date\functions\month-in-year\base.css --> ftp.exslt.org /www.exslt.org/public_html/date/functions/month-in-year base.css
102.12.11 11:04 B C:\jakarta-tomcat-3.2.4\webapps\cocoon\exslt\date\functions\month-in-year\date.js --> ftp.exslt.org /www.exslt.org/public_html/date/functions/month-in-year date.js
102.12.11 11:04 B C:\jakarta-tomcat-3.2.4\webapps\cocoon\exslt\date\functions\month-in-year\date.js.html --> ftp.exslt.org /www.exslt.org/public_html/date/functions/month-in-year date.js.html
102.12.11 11:04 B C:\jakarta-tomcat-3.2.4\webapps\cocoon\exslt\date\functions\month-in-year\date.month-in-year.1.html --> ftp.exslt.org /www.exslt.org/public_html/date/functions/month-in-year date.month-in-year.1.html
102.12.11 11:04 B C:\jakarta-tomcat-3.2.4\webapps\cocoon\exslt\date\functions\month-in-year\date.month-in-year.1.xml --> ftp.exslt.org /www.exslt.org/public_html/date/functions/month-in-year date.month-in-year.1.xml
102.12.11 11:04 B C:\jakarta-tomcat-3.2.4\webapps\cocoon\exslt\date\functions\month-in-year\date.month-in-year.2.html --> ftp.exslt.org /www.exslt.org/public_html/date/functions/month-in-year date.month-in-year.2.html
102.12.11 11:04 B C:\jakarta-tomcat-3.2.4\webapps\cocoon\exslt\date\functions\month-in-year\date.month-in-year.function.xsl --> ftp.exslt.org /www.exslt.org/public_html/date/functions/month-in-year date.month-in-year.function.xsl
102.12.11 11:04 B C:\jakarta-tomcat-3.2.4\webapps\cocoon\exslt\date\functions\month-in-year\date.month-in-year.function.xsl.html --> ftp.exslt.org /www.exslt.org/public_html/date/functions/month-in-year date.month-in-year.function.xsl.html
102.12.11 11:04 B C:\jakarta-tomcat-3.2.4\webapps\cocoon\exslt\date\functions\month-in-year\date.month-in-year.html --> ftp.exslt.org /www.exslt.org/public_html/date/functions/month-in-year date.month-in-year.html
102.12.11 11:04 B C:\jakarta-tomcat-3.2.4\webapps\cocoon\exslt\date\functions\month-in-year\date.month-in-year.package.txt --> ftp.exslt.org /www.exslt.org/public_html/date/functions/month-in-year date.month-in-year.package.txt
102.12.11 11:04 B C:\jakarta-tomcat-3.2.4\webapps\cocoon\exslt\date\functions\month-in-year\date.month-in-year.template.xsl --> ftp.exslt.org /www.exslt.org/public_html/date/functions/month-in-year date.month-in-year.template.xsl
102.12.11 11:04 B C:\jakarta-tomcat-3.2.4\webapps\cocoon\exslt\date\functions\month-in-year\date.month-in-year.template.xsl.html --> ftp.exslt.org /www.exslt.org/public_html/date/functions/month-in-year date.month-in-year.template.xsl.html
102.12.11 11:04 B C:\jakarta-tomcat-3.2.4\webapps\cocoon\exslt\date\functions\month-in-year\date.month-in-year.use-cases.txt --> ftp.exslt.org /www.exslt.org/public_html/date/functions/month-in-year date.month-in-year.use-cases.txt
102.12.11 11:04 B C:\jakarta-tomcat-3.2.4\webapps\cocoon\exslt\date\functions\month-in-year\date.month-in-year.use-cases.zip --> ftp.exslt.org /www.exslt.org/public_html/date/functions/month-in-year date.month-in-year.use-cases.zip
102.12.11 11:04 B C:\jakarta-tomcat-3.2.4\webapps\cocoon\exslt\date\functions\month-in-year\date.month-in-year.xml --> ftp.exslt.org /www.exslt.org/public_html/date/functions/month-in-year date.month-in-year.xml
102.12.11 11:04 B C:\jakarta-tomcat-3.2.4\webapps\cocoon\exslt\date\functions\month-in-year\date.month-in-year.xsl --> ftp.exslt.org /www.exslt.org/public_html/date/functions/month-in-year date.month-in-year.xsl
102.12.11 11:04 B C:\jakarta-tomcat-3.2.4\webapps\cocoon\exslt\date\functions\month-in-year\date.month-in-year.zip --> ftp.exslt.org /www.exslt.org/public_html/date/functions/month-in-year date.month-in-year.zip
102.12.11 11:04 B C:\jakarta-tomcat-3.2.4\webapps\cocoon\exslt\date\functions\month-in-year\date.msxsl.xsl --> ftp.exslt.org /www.exslt.org/public_html/date/functions/month-in-year date.msxsl.xsl
102.12.11 11:04 B C:\jakarta-tomcat-3.2.4\webapps\cocoon\exslt\date\functions\month-in-year\date.msxsl.xsl.html --> ftp.exslt.org /www.exslt.org/public_html/date/functions/month-in-year date.msxsl.xsl.html
102.12.11 11:04 B C:\jakarta-tomcat-3.2.4\webapps\cocoon\exslt\date\functions\month-in-year\index.html --> ftp.exslt.org /www.exslt.org/public_html/date/functions/month-in-year index.html
102.12.11 11:04 B C:\jakarta-tomcat-3.2.4\webapps\cocoon\exslt\date\functions\month-in-year\out.html --> ftp.exslt.org /www.exslt.org/public_html/date/functions/month-in-year out.html
102.12.11 11:04 B C:\jakarta-tomcat-3.2.4\webapps\cocoon\exslt\date\functions\month-in-year\refresh.bat --> ftp.exslt.org /www.exslt.org/public_html/date/functions/month-in-year refresh.bat
102.12.11 11:04 B C:\jakarta-tomcat-3.2.4\webapps\cocoon\exslt\date\functions\month-in-year\update.bat --> ftp.exslt.org /www.exslt.org/public_html/date/functions/month-in-year update.bat
103.09.29 15:14 B C:\jakarta-tomcat-3.2.4\webapps\cocoon\exslt\date\functions\month-in-year\WS_FTP.LOG <-- ftp.exslt.org /www.exslt.org/public_html/date/functions/month-in-year WS_FTP.LOG
103.10.21 13:05 B C:\jakarta-tomcat-3.2.4\webapps\cocoon\exslt\date\functions\month-in-year\base.css --> marian.cs.nott.ac.uk /stud/pg/cds/exslt/date/functions/month-in-year base.css
103.10.21 13:05 B C:\jakarta-tomcat-3.2.4\webapps\cocoon\exslt\date\functions\month-in-year\date.js --> marian.cs.nott.ac.uk /stud/pg/cds/exslt/date/functions/month-in-year date.js
103.10.21 13:05 B C:\jakarta-tomcat-3.2.4\webapps\cocoon\exslt\date\functions\month-in-year\date.js.html --> marian.cs.nott.ac.uk /stud/pg/cds/exslt/date/functions/month-in-year date.js.html
103.10.21 13:05 B C:\jakarta-tomcat-3.2.4\webapps\cocoon\exslt\date\functions\month-in-year\date.month-in-year.1.html --> marian.cs.nott.ac.uk /stud/pg/cds/exslt/date/functions/month-in-year date.month-in-year.1.html
103.10.21 13:05 B C:\jakarta-tomcat-3.2.4\webapps\cocoon\exslt\date\functions\month-in-year\date.month-in-year.1.xml --> marian.cs.nott.ac.uk /stud/pg/cds/exslt/date/functions/month-in-year date.month-in-year.1.xml
103.10.21 13:05 B C:\jakarta-tomcat-3.2.4\webapps\cocoon\exslt\date\functions\month-in-year\date.month-in-year.2.html --> marian.cs.nott.ac.uk /stud/pg/cds/exslt/date/functions/month-in-year date.month-in-year.2.html
103.10.21 13:05 B C:\jakarta-tomcat-3.2.4\webapps\cocoon\exslt\date\functions\month-in-year\date.month-in-year.function.xsl --> marian.cs.nott.ac.uk /stud/pg/cds/exslt/date/functions/month-in-year date.month-in-year.function.xsl
103.10.21 13:05 B C:\jakarta-tomcat-3.2.4\webapps\cocoon\exslt\date\functions\month-in-year\date.month-in-year.function.xsl.html --> marian.cs.nott.ac.uk /stud/pg/cds/exslt/date/functions/month-in-year date.month-in-year.function.xsl.html
103.10.21 13:05 B C:\jakarta-tomcat-3.2.4\webapps\cocoon\exslt\date\functions\month-in-year\date.month-in-year.html --> marian.cs.nott.ac.uk /stud/pg/cds/exslt/date/functions/month-in-year date.month-in-year.html
103.10.21 13:05 B C:\jakarta-tomcat-3.2.4\webapps\cocoon\exslt\date\functions\month-in-year\date.month-in-year.package.txt --> marian.cs.nott.ac.uk /stud/pg/cds/exslt/date/functions/month-in-year date.month-in-year.package.txt
103.10.21 13:05 B C:\jakarta-tomcat-3.2.4\webapps\cocoon\exslt\date\functions\month-in-year\date.month-in-year.template.xsl --> marian.cs.nott.ac.uk /stud/pg/cds/exslt/date/functions/month-in-year date.month-in-year.template.xsl
103.10.21 13:05 B C:\jakarta-tomcat-3.2.4\webapps\cocoon\exslt\date\functions\month-in-year\date.month-in-year.template.xsl.html --> marian.cs.nott.ac.uk /stud/pg/cds/exslt/date/functions/month-in-year date.month-in-year.template.xsl.html
103.10.21 13:05 B C:\jakarta-tomcat-3.2.4\webapps\cocoon\exslt\date\functions\month-in-year\date.month-in-year.use-cases.txt --> marian.cs.nott.ac.uk /stud/pg/cds/exslt/date/functions/month-in-year date.month-in-year.use-cases.txt
103.10.21 13:05 B C:\jakarta-tomcat-3.2.4\webapps\cocoon\exslt\date\functions\month-in-year\date.month-in-year.use-cases.zip --> marian.cs.nott.ac.uk /stud/pg/cds/exslt/date/functions/month-in-year date.month-in-year.use-cases.zip
103.10.21 13:05 B C:\jakarta-tomcat-3.2.4\webapps\cocoon\exslt\date\functions\month-in-year\date.month-in-year.xml --> marian.cs.nott.ac.uk /stud/pg/cds/exslt/date/functions/month-in-year date.month-in-year.xml
103.10.21 13:05 B C:\jakarta-tomcat-3.2.4\webapps\cocoon\exslt\date\functions\month-in-year\date.month-in-year.xsl --> marian.cs.nott.ac.uk /stud/pg/cds/exslt/date/functions/month-in-year date.month-in-year.xsl
103.10.21 13:05 B C:\jakarta-tomcat-3.2.4\webapps\cocoon\exslt\date\functions\month-in-year\date.month-in-year.zip --> marian.cs.nott.ac.uk /stud/pg/cds/exslt/date/functions/month-in-year date.month-in-year.zip
103.10.21 13:05 B C:\jakarta-tomcat-3.2.4\webapps\cocoon\exslt\date\functions\month-in-year\date.msxsl.xsl --> marian.cs.nott.ac.uk /stud/pg/cds/exslt/date/functions/month-in-year date.msxsl.xsl
103.10.21 13:05 B C:\jakarta-tomcat-3.2.4\webapps\cocoon\exslt\date\functions\month-in-year\date.msxsl.xsl.html --> marian.cs.nott.ac.uk /stud/pg/cds/exslt/date/functions/month-in-year date.msxsl.xsl.html
103.10.21 13:05 B C:\jakarta-tomcat-3.2.4\webapps\cocoon\exslt\date\functions\month-in-year\index.html --> marian.cs.nott.ac.uk /stud/pg/cds/exslt/date/functions/month-in-year index.html
103.10.21 13:05 B C:\jakarta-tomcat-3.2.4\webapps\cocoon\exslt\date\functions\month-in-year\out.html --> marian.cs.nott.ac.uk /stud/pg/cds/exslt/date/functions/month-in-year out.html
103.10.21 13:05 B C:\jakarta-tomcat-3.2.4\webapps\cocoon\exslt\date\functions\month-in-year\refresh.bat --> marian.cs.nott.ac.uk /stud/pg/cds/exslt/date/functions/month-in-year refresh.bat
103.10.21 13:05 B C:\jakarta-tomcat-3.2.4\webapps\cocoon\exslt\date\functions\month-in-year\update.bat --> marian.cs.nott.ac.uk /stud/pg/cds/exslt/date/functions/month-in-year update.bat
103.10.21 13:05 B C:\jakarta-tomcat-3.2.4\webapps\cocoon\exslt\date\functions\month-in-year\WS_FTP.LOG --> marian.cs.nott.ac.uk /stud/pg/cds/exslt/date/functions/month-in-year WS_FTP.LOG
103.10.23 13:50 B C:\jakarta-tomcat-3.2.4\webapps\cocoon\exslt\date\functions\month-in-year\base.css --> ftp.exslt.org /www.exslt.org/public_html/month-in-year base.css
103.10.23 13:51 B C:\jakarta-tomcat-3.2.4\webapps\cocoon\exslt\date\functions\month-in-year\date.js --> ftp.exslt.org /www.exslt.org/public_html/month-in-year date.js
103.10.23 13:51 B C:\jakarta-tomcat-3.2.4\webapps\cocoon\exslt\date\functions\month-in-year\date.js.html --> ftp.exslt.org /www.exslt.org/public_html/month-in-year date.js.html
103.10.23 13:51 B C:\jakarta-tomcat-3.2.4\webapps\cocoon\exslt\date\functions\month-in-year\date.month-in-year.1.html --> ftp.exslt.org /www.exslt.org/public_html/month-in-year date.month-in-year.1.html
103.10.23 13:51 B C:\jakarta-tomcat-3.2.4\webapps\cocoon\exslt\date\functions\month-in-year\date.month-in-year.1.xml --> ftp.exslt.org /www.exslt.org/public_html/month-in-year date.month-in-year.1.xml
103.10.23 13:51 B C:\jakarta-tomcat-3.2.4\webapps\cocoon\exslt\date\functions\month-in-year\date.month-in-year.2.html --> ftp.exslt.org /www.exslt.org/public_html/month-in-year date.month-in-year.2.html
103.10.23 13:51 B C:\jakarta-tomcat-3.2.4\webapps\cocoon\exslt\date\functions\month-in-year\date.month-in-year.function.xsl --> ftp.exslt.org /www.exslt.org/public_html/month-in-year date.month-in-year.function.xsl
103.10.23 13:51 B C:\jakarta-tomcat-3.2.4\webapps\cocoon\exslt\date\functions\month-in-year\date.month-in-year.function.xsl.html --> ftp.exslt.org /www.exslt.org/public_html/month-in-year date.month-in-year.function.xsl.html
103.10.23 13:51 B C:\jakarta-tomcat-3.2.4\webapps\cocoon\exslt\date\functions\month-in-year\date.month-in-year.html --> ftp.exslt.org /www.exslt.org/public_html/month-in-year date.month-in-year.html
103.10.23 13:51 B C:\jakarta-tomcat-3.2.4\webapps\cocoon\exslt\date\functions\month-in-year\date.month-in-year.package.txt --> ftp.exslt.org /www.exslt.org/public_html/month-in-year date.month-in-year.package.txt
103.10.23 13:51 B C:\jakarta-tomcat-3.2.4\webapps\cocoon\exslt\date\functions\month-in-year\date.month-in-year.template.xsl --> ftp.exslt.org /www.exslt.org/public_html/month-in-year date.month-in-year.template.xsl
103.10.23 13:51 B C:\jakarta-tomcat-3.2.4\webapps\cocoon\exslt\date\functions\month-in-year\date.month-in-year.template.xsl.html --> ftp.exslt.org /www.exslt.org/public_html/month-in-year date.month-in-year.template.xsl.html
103.10.23 13:51 B C:\jakarta-tomcat-3.2.4\webapps\cocoon\exslt\date\functions\month-in-year\date.month-in-year.use-cases.txt --> ftp.exslt.org /www.exslt.org/public_html/month-in-year date.month-in-year.use-cases.txt
103.10.23 13:51 B C:\jakarta-tomcat-3.2.4\webapps\cocoon\exslt\date\functions\month-in-year\date.month-in-year.use-cases.zip --> ftp.exslt.org /www.exslt.org/public_html/month-in-year date.month-in-year.use-cases.zip
103.10.23 13:51 B C:\jakarta-tomcat-3.2.4\webapps\cocoon\exslt\date\functions\month-in-year\date.month-in-year.xml --> ftp.exslt.org /www.exslt.org/public_html/month-in-year date.month-in-year.xml
103.10.23 13:51 B C:\jakarta-tomcat-3.2.4\webapps\cocoon\exslt\date\functions\month-in-year\date.month-in-year.xsl --> ftp.exslt.org /www.exslt.org/public_html/month-in-year date.month-in-year.xsl
103.10.23 13:52 B C:\jakarta-tomcat-3.2.4\webapps\cocoon\exslt\date\functions\month-in-year\date.month-in-year.zip --> ftp.exslt.org /www.exslt.org/public_html/month-in-year date.month-in-year.zip
103.10.23 13:52 B C:\jakarta-tomcat-3.2.4\webapps\cocoon\exslt\date\functions\month-in-year\date.msxsl.xsl --> ftp.exslt.org /www.exslt.org/public_html/month-in-year date.msxsl.xsl
103.10.23 13:52 B C:\jakarta-tomcat-3.2.4\webapps\cocoon\exslt\date\functions\month-in-year\date.msxsl.xsl.html --> ftp.exslt.org /www.exslt.org/public_html/month-in-year date.msxsl.xsl.html
103.10.23 13:52 B C:\jakarta-tomcat-3.2.4\webapps\cocoon\exslt\date\functions\month-in-year\index.html --> ftp.exslt.org /www.exslt.org/public_html/month-in-year index.html
103.10.23 13:52 B C:\jakarta-tomcat-3.2.4\webapps\cocoon\exslt\date\functions\month-in-year\out.html --> ftp.exslt.org /www.exslt.org/public_html/month-in-year out.html
103.10.23 13:52 B C:\jakarta-tomcat-3.2.4\webapps\cocoon\exslt\date\functions\month-in-year\refresh.bat --> ftp.exslt.org /www.exslt.org/public_html/month-in-year refresh.bat
103.10.23 13:52 B C:\jakarta-tomcat-3.2.4\webapps\cocoon\exslt\date\functions\month-in-year\update.bat --> ftp.exslt.org /www.exslt.org/public_html/month-in-year update.bat
103.10.23 13:52 B C:\jakarta-tomcat-3.2.4\webapps\cocoon\exslt\date\functions\month-in-year\WS_FTP.LOG --> ftp.exslt.org /www.exslt.org/public_html/month-in-year WS_FTP.LOG
103.10.23 14:50 B C:\jakarta-tomcat-3.2.4\webapps\cocoon\exslt\date\functions\month-in-year\base.css --> ftp.exslt.org /www.exslt.org/public_html/date/functions/month-in-year base.css
103.10.23 14:50 B C:\jakarta-tomcat-3.2.4\webapps\cocoon\exslt\date\functions\month-in-year\date.js --> ftp.exslt.org /www.exslt.org/public_html/date/functions/month-in-year date.js
103.10.23 14:50 B C:\jakarta-tomcat-3.2.4\webapps\cocoon\exslt\date\functions\month-in-year\date.js.html --> ftp.exslt.org /www.exslt.org/public_html/date/functions/month-in-year date.js.html
103.10.23 14:50 B C:\jakarta-tomcat-3.2.4\webapps\cocoon\exslt\date\functions\month-in-year\date.month-in-year.1.html --> ftp.exslt.org /www.exslt.org/public_html/date/functions/month-in-year date.month-in-year.1.html
103.10.23 14:50 B C:\jakarta-tomcat-3.2.4\webapps\cocoon\exslt\date\functions\month-in-year\date.month-in-year.1.xml --> ftp.exslt.org /www.exslt.org/public_html/date/functions/month-in-year date.month-in-year.1.xml
103.10.23 14:50 B C:\jakarta-tomcat-3.2.4\webapps\cocoon\exslt\date\functions\month-in-year\date.month-in-year.2.html --> ftp.exslt.org /www.exslt.org/public_html/date/functions/month-in-year date.month-in-year.2.html
103.10.23 14:50 B C:\jakarta-tomcat-3.2.4\webapps\cocoon\exslt\date\functions\month-in-year\date.month-in-year.function.xsl --> ftp.exslt.org /www.exslt.org/public_html/date/functions/month-in-year date.month-in-year.function.xsl
103.10.23 14:51 B C:\jakarta-tomcat-3.2.4\webapps\cocoon\exslt\date\functions\month-in-year\date.month-in-year.function.xsl.html --> ftp.exslt.org /www.exslt.org/public_html/date/functions/month-in-year date.month-in-year.function.xsl.html
103.10.23 14:51 B C:\jakarta-tomcat-3.2.4\webapps\cocoon\exslt\date\functions\month-in-year\date.month-in-year.html --> ftp.exslt.org /www.exslt.org/public_html/date/functions/month-in-year date.month-in-year.html
103.10.23 14:51 B C:\jakarta-tomcat-3.2.4\webapps\cocoon\exslt\date\functions\month-in-year\date.month-in-year.package.txt --> ftp.exslt.org /www.exslt.org/public_html/date/functions/month-in-year date.month-in-year.package.txt
103.10.23 14:51 B C:\jakarta-tomcat-3.2.4\webapps\cocoon\exslt\date\functions\month-in-year\date.month-in-year.template.xsl --> ftp.exslt.org /www.exslt.org/public_html/date/functions/month-in-year date.month-in-year.template.xsl
103.10.23 14:51 B C:\jakarta-tomcat-3.2.4\webapps\cocoon\exslt\date\functions\month-in-year\date.month-in-year.template.xsl.html --> ftp.exslt.org /www.exslt.org/public_html/date/functions/month-in-year date.month-in-year.template.xsl.html
103.10.23 14:51 B C:\jakarta-tomcat-3.2.4\webapps\cocoon\exslt\date\functions\month-in-year\date.month-in-year.use-cases.txt --> ftp.exslt.org /www.exslt.org/public_html/date/functions/month-in-year date.month-in-year.use-cases.txt
103.10.23 14:51 B C:\jakarta-tomcat-3.2.4\webapps\cocoon\exslt\date\functions\month-in-year\date.month-in-year.use-cases.zip --> ftp.exslt.org /www.exslt.org/public_html/date/functions/month-in-year date.month-in-year.use-cases.zip
103.10.23 14:51 B C:\jakarta-tomcat-3.2.4\webapps\cocoon\exslt\date\functions\month-in-year\date.month-in-year.xml --> ftp.exslt.org /www.exslt.org/public_html/date/functions/month-in-year date.month-in-year.xml
103.10.23 14:51 B C:\jakarta-tomcat-3.2.4\webapps\cocoon\exslt\date\functions\month-in-year\date.month-in-year.xsl --> ftp.exslt.org /www.exslt.org/public_html/date/functions/month-in-year date.month-in-year.xsl
103.10.23 14:51 B C:\jakarta-tomcat-3.2.4\webapps\cocoon\exslt\date\functions\month-in-year\date.month-in-year.zip --> ftp.exslt.org /www.exslt.org/public_html/date/functions/month-in-year date.month-in-year.zip
103.10.23 14:51 B C:\jakarta-tomcat-3.2.4\webapps\cocoon\exslt\date\functions\month-in-year\date.msxsl.xsl --> ftp.exslt.org /www.exslt.org/public_html/date/functions/month-in-year date.msxsl.xsl
103.10.23 14:51 B C:\jakarta-tomcat-3.2.4\webapps\cocoon\exslt\date\functions\month-in-year\date.msxsl.xsl.html --> ftp.exslt.org /www.exslt.org/public_html/date/functions/month-in-year date.msxsl.xsl.html
103.10.23 14:52 B C:\jakarta-tomcat-3.2.4\webapps\cocoon\exslt\date\functions\month-in-year\index.html --> ftp.exslt.org /www.exslt.org/public_html/date/functions/month-in-year index.html
103.10.23 14:52 B C:\jakarta-tomcat-3.2.4\webapps\cocoon\exslt\date\functions\month-in-year\out.html --> ftp.exslt.org /www.exslt.org/public_html/date/functions/month-in-year out.html
103.10.23 14:52 B C:\jakarta-tomcat-3.2.4\webapps\cocoon\exslt\date\functions\month-in-year\refresh.bat --> ftp.exslt.org /www.exslt.org/public_html/date/functions/month-in-year refresh.bat
103.10.23 14:52 B C:\jakarta-tomcat-3.2.4\webapps\cocoon\exslt\date\functions\month-in-year\update.bat --> ftp.exslt.org /www.exslt.org/public_html/date/functions/month-in-year update.bat
