102.08.21 17:32 B C:\jakarta-tomcat-3.2.4\webapps\cocoon\exslt\math\functions\max\base.css --> ftp.exslt.org /www.exslt.org/public_html/math/functions/max base.css
102.08.21 17:32 B C:\jakarta-tomcat-3.2.4\webapps\cocoon\exslt\math\functions\max\index.html --> ftp.exslt.org /www.exslt.org/public_html/math/functions/max index.html
102.08.21 17:32 B C:\jakarta-tomcat-3.2.4\webapps\cocoon\exslt\math\functions\max\math.max.1.html --> ftp.exslt.org /www.exslt.org/public_html/math/functions/max math.max.1.html
102.08.21 17:32 B C:\jakarta-tomcat-3.2.4\webapps\cocoon\exslt\math\functions\max\math.max.1.xsl --> ftp.exslt.org /www.exslt.org/public_html/math/functions/max math.max.1.xsl
102.08.21 17:32 B C:\jakarta-tomcat-3.2.4\webapps\cocoon\exslt\math\functions\max\math.max.2.xsl --> ftp.exslt.org /www.exslt.org/public_html/math/functions/max math.max.2.xsl
102.08.21 17:32 B C:\jakarta-tomcat-3.2.4\webapps\cocoon\exslt\math\functions\max\math.max.3.xsl --> ftp.exslt.org /www.exslt.org/public_html/math/functions/max math.max.3.xsl
102.08.21 17:32 B C:\jakarta-tomcat-3.2.4\webapps\cocoon\exslt\math\functions\max\math.max.4.xsl --> ftp.exslt.org /www.exslt.org/public_html/math/functions/max math.max.4.xsl
102.08.21 17:32 B C:\jakarta-tomcat-3.2.4\webapps\cocoon\exslt\math\functions\max\math.max.5.xsl --> ftp.exslt.org /www.exslt.org/public_html/math/functions/max math.max.5.xsl
102.08.21 17:32 B C:\jakarta-tomcat-3.2.4\webapps\cocoon\exslt\math\functions\max\math.max.data.1.xml --> ftp.exslt.org /www.exslt.org/public_html/math/functions/max math.max.data.1.xml
102.08.21 17:32 B C:\jakarta-tomcat-3.2.4\webapps\cocoon\exslt\math\functions\max\math.max.data.2.xml --> ftp.exslt.org /www.exslt.org/public_html/math/functions/max math.max.data.2.xml
102.08.21 17:32 B C:\jakarta-tomcat-3.2.4\webapps\cocoon\exslt\math\functions\max\math.max.data.5.xml --> ftp.exslt.org /www.exslt.org/public_html/math/functions/max math.max.data.5.xml
102.08.21 17:32 B C:\jakarta-tomcat-3.2.4\webapps\cocoon\exslt\math\functions\max\math.max.function.xsl --> ftp.exslt.org /www.exslt.org/public_html/math/functions/max math.max.function.xsl
102.08.21 17:32 B C:\jakarta-tomcat-3.2.4\webapps\cocoon\exslt\math\functions\max\math.max.function.xsl.html --> ftp.exslt.org /www.exslt.org/public_html/math/functions/max math.max.function.xsl.html
102.08.21 17:32 B C:\jakarta-tomcat-3.2.4\webapps\cocoon\exslt\math\functions\max\math.max.html --> ftp.exslt.org /www.exslt.org/public_html/math/functions/max math.max.html
102.08.21 17:32 B C:\jakarta-tomcat-3.2.4\webapps\cocoon\exslt\math\functions\max\math.max.package.txt --> ftp.exslt.org /www.exslt.org/public_html/math/functions/max math.max.package.txt
102.08.21 17:32 B C:\jakarta-tomcat-3.2.4\webapps\cocoon\exslt\math\functions\max\math.max.result.1.xml --> ftp.exslt.org /www.exslt.org/public_html/math/functions/max math.max.result.1.xml
102.08.21 17:32 B C:\jakarta-tomcat-3.2.4\webapps\cocoon\exslt\math\functions\max\math.max.result.2.xml --> ftp.exslt.org /www.exslt.org/public_html/math/functions/max math.max.result.2.xml
102.08.21 17:32 B C:\jakarta-tomcat-3.2.4\webapps\cocoon\exslt\math\functions\max\math.max.result.5.xml --> ftp.exslt.org /www.exslt.org/public_html/math/functions/max math.max.result.5.xml
102.08.21 17:32 B C:\jakarta-tomcat-3.2.4\webapps\cocoon\exslt\math\functions\max\math.max.template.xsl --> ftp.exslt.org /www.exslt.org/public_html/math/functions/max math.max.template.xsl
102.08.21 17:32 B C:\jakarta-tomcat-3.2.4\webapps\cocoon\exslt\math\functions\max\math.max.template.xsl.html --> ftp.exslt.org /www.exslt.org/public_html/math/functions/max math.max.template.xsl.html
102.08.21 17:32 B C:\jakarta-tomcat-3.2.4\webapps\cocoon\exslt\math\functions\max\math.max.use-case.1.html --> ftp.exslt.org /www.exslt.org/public_html/math/functions/max math.max.use-case.1.html
102.08.21 17:32 B C:\jakarta-tomcat-3.2.4\webapps\cocoon\exslt\math\functions\max\math.max.use-case.2.html --> ftp.exslt.org /www.exslt.org/public_html/math/functions/max math.max.use-case.2.html
102.08.21 17:32 B C:\jakarta-tomcat-3.2.4\webapps\cocoon\exslt\math\functions\max\math.max.use-case.3.html --> ftp.exslt.org /www.exslt.org/public_html/math/functions/max math.max.use-case.3.html
102.08.21 17:32 B C:\jakarta-tomcat-3.2.4\webapps\cocoon\exslt\math\functions\max\math.max.use-case.4.html --> ftp.exslt.org /www.exslt.org/public_html/math/functions/max math.max.use-case.4.html
102.08.21 17:32 B C:\jakarta-tomcat-3.2.4\webapps\cocoon\exslt\math\functions\max\math.max.use-case.5.html --> ftp.exslt.org /www.exslt.org/public_html/math/functions/max math.max.use-case.5.html
102.08.21 17:32 B C:\jakarta-tomcat-3.2.4\webapps\cocoon\exslt\math\functions\max\math.max.use-case.6.html --> ftp.exslt.org /www.exslt.org/public_html/math/functions/max math.max.use-case.6.html
102.08.21 17:32 B C:\jakarta-tomcat-3.2.4\webapps\cocoon\exslt\math\functions\max\math.max.use-case.7.html --> ftp.exslt.org /www.exslt.org/public_html/math/functions/max math.max.use-case.7.html
102.08.21 17:32 B C:\jakarta-tomcat-3.2.4\webapps\cocoon\exslt\math\functions\max\math.max.use-cases.txt --> ftp.exslt.org /www.exslt.org/public_html/math/functions/max math.max.use-cases.txt
102.08.21 17:32 B C:\jakarta-tomcat-3.2.4\webapps\cocoon\exslt\math\functions\max\math.max.use-cases.zip --> ftp.exslt.org /www.exslt.org/public_html/math/functions/max math.max.use-cases.zip
102.08.21 17:32 B C:\jakarta-tomcat-3.2.4\webapps\cocoon\exslt\math\functions\max\math.max.xml --> ftp.exslt.org /www.exslt.org/public_html/math/functions/max math.max.xml
102.08.21 17:32 B C:\jakarta-tomcat-3.2.4\webapps\cocoon\exslt\math\functions\max\math.max.xsl --> ftp.exslt.org /www.exslt.org/public_html/math/functions/max math.max.xsl
102.08.21 17:32 B C:\jakarta-tomcat-3.2.4\webapps\cocoon\exslt\math\functions\max\math.max.zip --> ftp.exslt.org /www.exslt.org/public_html/math/functions/max math.max.zip
102.08.21 17:32 B C:\jakarta-tomcat-3.2.4\webapps\cocoon\exslt\math\functions\max\refresh.bat --> ftp.exslt.org /www.exslt.org/public_html/math/functions/max refresh.bat
102.08.21 17:32 B C:\jakarta-tomcat-3.2.4\webapps\cocoon\exslt\math\functions\max\update.bat --> ftp.exslt.org /www.exslt.org/public_html/math/functions/max update.bat
102.11.19 13:22 B C:\jakarta-tomcat-3.2.4\webapps\cocoon\exslt\math\functions\max\base.css --> ftp.exslt.org /www.exslt.org/public_html/math/functions/max base.css
102.11.19 13:22 B C:\jakarta-tomcat-3.2.4\webapps\cocoon\exslt\math\functions\max\index.html --> ftp.exslt.org /www.exslt.org/public_html/math/functions/max index.html
102.11.19 13:22 B C:\jakarta-tomcat-3.2.4\webapps\cocoon\exslt\math\functions\max\math.max.1.html --> ftp.exslt.org /www.exslt.org/public_html/math/functions/max math.max.1.html
102.11.19 13:22 B C:\jakarta-tomcat-3.2.4\webapps\cocoon\exslt\math\functions\max\math.max.1.xsl --> ftp.exslt.org /www.exslt.org/public_html/math/functions/max math.max.1.xsl
102.11.19 13:22 B C:\jakarta-tomcat-3.2.4\webapps\cocoon\exslt\math\functions\max\math.max.2.xsl --> ftp.exslt.org /www.exslt.org/public_html/math/functions/max math.max.2.xsl
102.11.19 13:22 B C:\jakarta-tomcat-3.2.4\webapps\cocoon\exslt\math\functions\max\math.max.3.xsl --> ftp.exslt.org /www.exslt.org/public_html/math/functions/max math.max.3.xsl
102.11.19 13:22 B C:\jakarta-tomcat-3.2.4\webapps\cocoon\exslt\math\functions\max\math.max.4.xsl --> ftp.exslt.org /www.exslt.org/public_html/math/functions/max math.max.4.xsl
102.11.19 13:22 B C:\jakarta-tomcat-3.2.4\webapps\cocoon\exslt\math\functions\max\math.max.5.xsl --> ftp.exslt.org /www.exslt.org/public_html/math/functions/max math.max.5.xsl
102.11.19 13:22 B C:\jakarta-tomcat-3.2.4\webapps\cocoon\exslt\math\functions\max\math.max.data.1.xml --> ftp.exslt.org /www.exslt.org/public_html/math/functions/max math.max.data.1.xml
102.11.19 13:22 B C:\jakarta-tomcat-3.2.4\webapps\cocoon\exslt\math\functions\max\math.max.data.2.xml --> ftp.exslt.org /www.exslt.org/public_html/math/functions/max math.max.data.2.xml
102.11.19 13:22 B C:\jakarta-tomcat-3.2.4\webapps\cocoon\exslt\math\functions\max\math.max.data.5.xml --> ftp.exslt.org /www.exslt.org/public_html/math/functions/max math.max.data.5.xml
102.11.19 13:22 B C:\jakarta-tomcat-3.2.4\webapps\cocoon\exslt\math\functions\max\math.max.function.xsl --> ftp.exslt.org /www.exslt.org/public_html/math/functions/max math.max.function.xsl
102.11.19 13:22 B C:\jakarta-tomcat-3.2.4\webapps\cocoon\exslt\math\functions\max\math.max.function.xsl.html --> ftp.exslt.org /www.exslt.org/public_html/math/functions/max math.max.function.xsl.html
102.11.19 13:22 B C:\jakarta-tomcat-3.2.4\webapps\cocoon\exslt\math\functions\max\math.max.html --> ftp.exslt.org /www.exslt.org/public_html/math/functions/max math.max.html
102.11.19 13:22 B C:\jakarta-tomcat-3.2.4\webapps\cocoon\exslt\math\functions\max\math.max.package.txt --> ftp.exslt.org /www.exslt.org/public_html/math/functions/max math.max.package.txt
102.11.19 13:22 B C:\jakarta-tomcat-3.2.4\webapps\cocoon\exslt\math\functions\max\math.max.result.1.xml --> ftp.exslt.org /www.exslt.org/public_html/math/functions/max math.max.result.1.xml
102.11.19 13:22 B C:\jakarta-tomcat-3.2.4\webapps\cocoon\exslt\math\functions\max\math.max.result.2.xml --> ftp.exslt.org /www.exslt.org/public_html/math/functions/max math.max.result.2.xml
102.11.19 13:22 B C:\jakarta-tomcat-3.2.4\webapps\cocoon\exslt\math\functions\max\math.max.result.5.xml --> ftp.exslt.org /www.exslt.org/public_html/math/functions/max math.max.result.5.xml
102.11.19 13:22 B C:\jakarta-tomcat-3.2.4\webapps\cocoon\exslt\math\functions\max\math.max.template.xsl --> ftp.exslt.org /www.exslt.org/public_html/math/functions/max math.max.template.xsl
102.11.19 13:22 B C:\jakarta-tomcat-3.2.4\webapps\cocoon\exslt\math\functions\max\math.max.template.xsl.html --> ftp.exslt.org /www.exslt.org/public_html/math/functions/max math.max.template.xsl.html
102.11.19 13:22 B C:\jakarta-tomcat-3.2.4\webapps\cocoon\exslt\math\functions\max\math.max.use-case.1.html --> ftp.exslt.org /www.exslt.org/public_html/math/functions/max math.max.use-case.1.html
102.11.19 13:22 B C:\jakarta-tomcat-3.2.4\webapps\cocoon\exslt\math\functions\max\math.max.use-case.2.html --> ftp.exslt.org /www.exslt.org/public_html/math/functions/max math.max.use-case.2.html
102.11.19 13:22 B C:\jakarta-tomcat-3.2.4\webapps\cocoon\exslt\math\functions\max\math.max.use-case.3.html --> ftp.exslt.org /www.exslt.org/public_html/math/functions/max math.max.use-case.3.html
102.11.19 13:22 B C:\jakarta-tomcat-3.2.4\webapps\cocoon\exslt\math\functions\max\math.max.use-case.4.html --> ftp.exslt.org /www.exslt.org/public_html/math/functions/max math.max.use-case.4.html
102.11.19 13:22 B C:\jakarta-tomcat-3.2.4\webapps\cocoon\exslt\math\functions\max\math.max.use-case.5.html --> ftp.exslt.org /www.exslt.org/public_html/math/functions/max math.max.use-case.5.html
102.11.19 13:22 B C:\jakarta-tomcat-3.2.4\webapps\cocoon\exslt\math\functions\max\math.max.use-case.6.html --> ftp.exslt.org /www.exslt.org/public_html/math/functions/max math.max.use-case.6.html
102.11.19 13:22 B C:\jakarta-tomcat-3.2.4\webapps\cocoon\exslt\math\functions\max\math.max.use-case.7.html --> ftp.exslt.org /www.exslt.org/public_html/math/functions/max math.max.use-case.7.html
102.11.19 13:22 B C:\jakarta-tomcat-3.2.4\webapps\cocoon\exslt\math\functions\max\math.max.use-cases.txt --> ftp.exslt.org /www.exslt.org/public_html/math/functions/max math.max.use-cases.txt
102.11.19 13:22 B C:\jakarta-tomcat-3.2.4\webapps\cocoon\exslt\math\functions\max\math.max.use-cases.zip --> ftp.exslt.org /www.exslt.org/public_html/math/functions/max math.max.use-cases.zip
102.11.19 13:22 B C:\jakarta-tomcat-3.2.4\webapps\cocoon\exslt\math\functions\max\math.max.xml --> ftp.exslt.org /www.exslt.org/public_html/math/functions/max math.max.xml
102.11.19 13:22 B C:\jakarta-tomcat-3.2.4\webapps\cocoon\exslt\math\functions\max\math.max.xsl --> ftp.exslt.org /www.exslt.org/public_html/math/functions/max math.max.xsl
102.11.19 13:22 B C:\jakarta-tomcat-3.2.4\webapps\cocoon\exslt\math\functions\max\math.max.zip --> ftp.exslt.org /www.exslt.org/public_html/math/functions/max math.max.zip
102.11.19 13:22 B C:\jakarta-tomcat-3.2.4\webapps\cocoon\exslt\math\functions\max\refresh.bat --> ftp.exslt.org /www.exslt.org/public_html/math/functions/max refresh.bat
102.11.19 13:22 B C:\jakarta-tomcat-3.2.4\webapps\cocoon\exslt\math\functions\max\update.bat --> ftp.exslt.org /www.exslt.org/public_html/math/functions/max update.bat
102.11.19 13:22 B C:\jakarta-tomcat-3.2.4\webapps\cocoon\exslt\math\functions\max\WS_FTP.LOG --> ftp.exslt.org /www.exslt.org/public_html/math/functions/max WS_FTP.LOG
102.11.19 13:27 B C:\jakarta-tomcat-3.2.4\webapps\cocoon\exslt\math\functions\max\base.css --> ftp.exslt.org /www.exslt.org/public_html/math/functions/max base.css
102.11.19 13:27 B C:\jakarta-tomcat-3.2.4\webapps\cocoon\exslt\math\functions\max\index.html --> ftp.exslt.org /www.exslt.org/public_html/math/functions/max index.html
102.11.19 13:27 B C:\jakarta-tomcat-3.2.4\webapps\cocoon\exslt\math\functions\max\math.max.1.html --> ftp.exslt.org /www.exslt.org/public_html/math/functions/max math.max.1.html
102.11.19 13:27 B C:\jakarta-tomcat-3.2.4\webapps\cocoon\exslt\math\functions\max\math.max.1.xsl --> ftp.exslt.org /www.exslt.org/public_html/math/functions/max math.max.1.xsl
102.11.19 13:27 B C:\jakarta-tomcat-3.2.4\webapps\cocoon\exslt\math\functions\max\math.max.2.xsl --> ftp.exslt.org /www.exslt.org/public_html/math/functions/max math.max.2.xsl
102.11.19 13:27 B C:\jakarta-tomcat-3.2.4\webapps\cocoon\exslt\math\functions\max\math.max.3.xsl --> ftp.exslt.org /www.exslt.org/public_html/math/functions/max math.max.3.xsl
102.11.19 13:27 B C:\jakarta-tomcat-3.2.4\webapps\cocoon\exslt\math\functions\max\math.max.4.xsl --> ftp.exslt.org /www.exslt.org/public_html/math/functions/max math.max.4.xsl
102.11.19 13:27 B C:\jakarta-tomcat-3.2.4\webapps\cocoon\exslt\math\functions\max\math.max.5.xsl --> ftp.exslt.org /www.exslt.org/public_html/math/functions/max math.max.5.xsl
102.11.19 13:27 B C:\jakarta-tomcat-3.2.4\webapps\cocoon\exslt\math\functions\max\math.max.data.1.xml --> ftp.exslt.org /www.exslt.org/public_html/math/functions/max math.max.data.1.xml
102.11.19 13:27 B C:\jakarta-tomcat-3.2.4\webapps\cocoon\exslt\math\functions\max\math.max.data.2.xml --> ftp.exslt.org /www.exslt.org/public_html/math/functions/max math.max.data.2.xml
102.11.19 13:27 B C:\jakarta-tomcat-3.2.4\webapps\cocoon\exslt\math\functions\max\math.max.data.5.xml --> ftp.exslt.org /www.exslt.org/public_html/math/functions/max math.max.data.5.xml
102.11.19 13:27 B C:\jakarta-tomcat-3.2.4\webapps\cocoon\exslt\math\functions\max\math.max.function.xsl --> ftp.exslt.org /www.exslt.org/public_html/math/functions/max math.max.function.xsl
102.11.19 13:27 B C:\jakarta-tomcat-3.2.4\webapps\cocoon\exslt\math\functions\max\math.max.function.xsl.html --> ftp.exslt.org /www.exslt.org/public_html/math/functions/max math.max.function.xsl.html
102.11.19 13:27 B C:\jakarta-tomcat-3.2.4\webapps\cocoon\exslt\math\functions\max\math.max.html --> ftp.exslt.org /www.exslt.org/public_html/math/functions/max math.max.html
102.11.19 13:27 B C:\jakarta-tomcat-3.2.4\webapps\cocoon\exslt\math\functions\max\math.max.package.txt --> ftp.exslt.org /www.exslt.org/public_html/math/functions/max math.max.package.txt
102.11.19 13:27 B C:\jakarta-tomcat-3.2.4\webapps\cocoon\exslt\math\functions\max\math.max.result.1.xml --> ftp.exslt.org /www.exslt.org/public_html/math/functions/max math.max.result.1.xml
102.11.19 13:27 B C:\jakarta-tomcat-3.2.4\webapps\cocoon\exslt\math\functions\max\math.max.result.2.xml --> ftp.exslt.org /www.exslt.org/public_html/math/functions/max math.max.result.2.xml
102.11.19 13:27 B C:\jakarta-tomcat-3.2.4\webapps\cocoon\exslt\math\functions\max\math.max.result.5.xml --> ftp.exslt.org /www.exslt.org/public_html/math/functions/max math.max.result.5.xml
102.11.19 13:27 B C:\jakarta-tomcat-3.2.4\webapps\cocoon\exslt\math\functions\max\math.max.template.xsl --> ftp.exslt.org /www.exslt.org/public_html/math/functions/max math.max.template.xsl
102.11.19 13:27 B C:\jakarta-tomcat-3.2.4\webapps\cocoon\exslt\math\functions\max\math.max.template.xsl.html --> ftp.exslt.org /www.exslt.org/public_html/math/functions/max math.max.template.xsl.html
102.11.19 13:27 B C:\jakarta-tomcat-3.2.4\webapps\cocoon\exslt\math\functions\max\math.max.use-case.1.html --> ftp.exslt.org /www.exslt.org/public_html/math/functions/max math.max.use-case.1.html
102.11.19 13:27 B C:\jakarta-tomcat-3.2.4\webapps\cocoon\exslt\math\functions\max\math.max.use-case.2.html --> ftp.exslt.org /www.exslt.org/public_html/math/functions/max math.max.use-case.2.html
102.11.19 13:27 B C:\jakarta-tomcat-3.2.4\webapps\cocoon\exslt\math\functions\max\math.max.use-case.3.html --> ftp.exslt.org /www.exslt.org/public_html/math/functions/max math.max.use-case.3.html
102.11.19 13:27 B C:\jakarta-tomcat-3.2.4\webapps\cocoon\exslt\math\functions\max\math.max.use-case.4.html --> ftp.exslt.org /www.exslt.org/public_html/math/functions/max math.max.use-case.4.html
102.11.19 13:27 B C:\jakarta-tomcat-3.2.4\webapps\cocoon\exslt\math\functions\max\math.max.use-case.5.html --> ftp.exslt.org /www.exslt.org/public_html/math/functions/max math.max.use-case.5.html
102.11.19 13:27 B C:\jakarta-tomcat-3.2.4\webapps\cocoon\exslt\math\functions\max\math.max.use-case.6.html --> ftp.exslt.org /www.exslt.org/public_html/math/functions/max math.max.use-case.6.html
102.11.19 13:27 B C:\jakarta-tomcat-3.2.4\webapps\cocoon\exslt\math\functions\max\math.max.use-case.7.html --> ftp.exslt.org /www.exslt.org/public_html/math/functions/max math.max.use-case.7.html
102.11.19 13:27 B C:\jakarta-tomcat-3.2.4\webapps\cocoon\exslt\math\functions\max\math.max.use-cases.txt --> ftp.exslt.org /www.exslt.org/public_html/math/functions/max math.max.use-cases.txt
102.11.19 13:27 B C:\jakarta-tomcat-3.2.4\webapps\cocoon\exslt\math\functions\max\math.max.use-cases.zip --> ftp.exslt.org /www.exslt.org/public_html/math/functions/max math.max.use-cases.zip
102.11.19 13:27 B C:\jakarta-tomcat-3.2.4\webapps\cocoon\exslt\math\functions\max\math.max.xml --> ftp.exslt.org /www.exslt.org/public_html/math/functions/max math.max.xml
102.11.19 13:27 B C:\jakarta-tomcat-3.2.4\webapps\cocoon\exslt\math\functions\max\math.max.xsl --> ftp.exslt.org /www.exslt.org/public_html/math/functions/max math.max.xsl
102.11.19 13:27 B C:\jakarta-tomcat-3.2.4\webapps\cocoon\exslt\math\functions\max\math.max.zip --> ftp.exslt.org /www.exslt.org/public_html/math/functions/max math.max.zip
102.11.19 13:27 B C:\jakarta-tomcat-3.2.4\webapps\cocoon\exslt\math\functions\max\refresh.bat --> ftp.exslt.org /www.exslt.org/public_html/math/functions/max refresh.bat
102.11.19 13:27 B C:\jakarta-tomcat-3.2.4\webapps\cocoon\exslt\math\functions\max\update.bat --> ftp.exslt.org /www.exslt.org/public_html/math/functions/max update.bat
102.12.02 12:32 B C:\jakarta-tomcat-3.2.4\webapps\cocoon\exslt\public_html\math\functions\max\WS_FTP.LOG <-- ftp.exslt.org /www.exslt.org/public_html/math/functions/max WS_FTP.LOG
102.12.03 11:12 B C:\jakarta-tomcat-3.2.4\webapps\cocoon\exslt\math\functions\max\base.css --> ftp.exslt.org /www.exslt.org/public_html/math/functions/max base.css
102.12.03 11:12 B C:\jakarta-tomcat-3.2.4\webapps\cocoon\exslt\math\functions\max\index.html --> ftp.exslt.org /www.exslt.org/public_html/math/functions/max index.html
102.12.03 11:12 B C:\jakarta-tomcat-3.2.4\webapps\cocoon\exslt\math\functions\max\math.max.1.html --> ftp.exslt.org /www.exslt.org/public_html/math/functions/max math.max.1.html
102.12.03 11:12 B C:\jakarta-tomcat-3.2.4\webapps\cocoon\exslt\math\functions\max\math.max.1.xsl --> ftp.exslt.org /www.exslt.org/public_html/math/functions/max math.max.1.xsl
102.12.03 11:12 B C:\jakarta-tomcat-3.2.4\webapps\cocoon\exslt\math\functions\max\math.max.2.xsl --> ftp.exslt.org /www.exslt.org/public_html/math/functions/max math.max.2.xsl
102.12.03 11:12 B C:\jakarta-tomcat-3.2.4\webapps\cocoon\exslt\math\functions\max\math.max.3.xsl --> ftp.exslt.org /www.exslt.org/public_html/math/functions/max math.max.3.xsl
102.12.03 11:12 B C:\jakarta-tomcat-3.2.4\webapps\cocoon\exslt\math\functions\max\math.max.4.xsl --> ftp.exslt.org /www.exslt.org/public_html/math/functions/max math.max.4.xsl
102.12.03 11:12 B C:\jakarta-tomcat-3.2.4\webapps\cocoon\exslt\math\functions\max\math.max.5.xsl --> ftp.exslt.org /www.exslt.org/public_html/math/functions/max math.max.5.xsl
102.12.03 11:12 B C:\jakarta-tomcat-3.2.4\webapps\cocoon\exslt\math\functions\max\math.max.data.1.xml --> ftp.exslt.org /www.exslt.org/public_html/math/functions/max math.max.data.1.xml
102.12.03 11:12 B C:\jakarta-tomcat-3.2.4\webapps\cocoon\exslt\math\functions\max\math.max.data.2.xml --> ftp.exslt.org /www.exslt.org/public_html/math/functions/max math.max.data.2.xml
102.12.03 11:12 B C:\jakarta-tomcat-3.2.4\webapps\cocoon\exslt\math\functions\max\math.max.data.5.xml --> ftp.exslt.org /www.exslt.org/public_html/math/functions/max math.max.data.5.xml
102.12.03 11:12 B C:\jakarta-tomcat-3.2.4\webapps\cocoon\exslt\math\functions\max\math.max.function.xsl --> ftp.exslt.org /www.exslt.org/public_html/math/functions/max math.max.function.xsl
102.12.03 11:12 B C:\jakarta-tomcat-3.2.4\webapps\cocoon\exslt\math\functions\max\math.max.function.xsl.html --> ftp.exslt.org /www.exslt.org/public_html/math/functions/max math.max.function.xsl.html
102.12.03 11:12 B C:\jakarta-tomcat-3.2.4\webapps\cocoon\exslt\math\functions\max\math.max.html --> ftp.exslt.org /www.exslt.org/public_html/math/functions/max math.max.html
102.12.03 11:12 B C:\jakarta-tomcat-3.2.4\webapps\cocoon\exslt\math\functions\max\math.max.package.txt --> ftp.exslt.org /www.exslt.org/public_html/math/functions/max math.max.package.txt
102.12.03 11:12 B C:\jakarta-tomcat-3.2.4\webapps\cocoon\exslt\math\functions\max\math.max.result.1.xml --> ftp.exslt.org /www.exslt.org/public_html/math/functions/max math.max.result.1.xml
102.12.03 11:12 B C:\jakarta-tomcat-3.2.4\webapps\cocoon\exslt\math\functions\max\math.max.result.2.xml --> ftp.exslt.org /www.exslt.org/public_html/math/functions/max math.max.result.2.xml
102.12.03 11:12 B C:\jakarta-tomcat-3.2.4\webapps\cocoon\exslt\math\functions\max\math.max.result.5.xml --> ftp.exslt.org /www.exslt.org/public_html/math/functions/max math.max.result.5.xml
102.12.03 11:12 B C:\jakarta-tomcat-3.2.4\webapps\cocoon\exslt\math\functions\max\math.max.template.xsl --> ftp.exslt.org /www.exslt.org/public_html/math/functions/max math.max.template.xsl
102.12.03 11:12 B C:\jakarta-tomcat-3.2.4\webapps\cocoon\exslt\math\functions\max\math.max.template.xsl.html --> ftp.exslt.org /www.exslt.org/public_html/math/functions/max math.max.template.xsl.html
102.12.03 11:12 B C:\jakarta-tomcat-3.2.4\webapps\cocoon\exslt\math\functions\max\math.max.use-case.1.html --> ftp.exslt.org /www.exslt.org/public_html/math/functions/max math.max.use-case.1.html
102.12.03 11:12 B C:\jakarta-tomcat-3.2.4\webapps\cocoon\exslt\math\functions\max\math.max.use-case.2.html --> ftp.exslt.org /www.exslt.org/public_html/math/functions/max math.max.use-case.2.html
102.12.03 11:12 B C:\jakarta-tomcat-3.2.4\webapps\cocoon\exslt\math\functions\max\math.max.use-case.3.html --> ftp.exslt.org /www.exslt.org/public_html/math/functions/max math.max.use-case.3.html
102.12.03 11:12 B C:\jakarta-tomcat-3.2.4\webapps\cocoon\exslt\math\functions\max\math.max.use-case.4.html --> ftp.exslt.org /www.exslt.org/public_html/math/functions/max math.max.use-case.4.html
102.12.03 11:12 B C:\jakarta-tomcat-3.2.4\webapps\cocoon\exslt\math\functions\max\math.max.use-case.5.html --> ftp.exslt.org /www.exslt.org/public_html/math/functions/max math.max.use-case.5.html
102.12.03 11:12 B C:\jakarta-tomcat-3.2.4\webapps\cocoon\exslt\math\functions\max\math.max.use-case.6.html --> ftp.exslt.org /www.exslt.org/public_html/math/functions/max math.max.use-case.6.html
102.12.03 11:12 B C:\jakarta-tomcat-3.2.4\webapps\cocoon\exslt\math\functions\max\math.max.use-case.7.html --> ftp.exslt.org /www.exslt.org/public_html/math/functions/max math.max.use-case.7.html
102.12.03 11:12 B C:\jakarta-tomcat-3.2.4\webapps\cocoon\exslt\math\functions\max\math.max.use-cases.txt --> ftp.exslt.org /www.exslt.org/public_html/math/functions/max math.max.use-cases.txt
102.12.03 11:12 B C:\jakarta-tomcat-3.2.4\webapps\cocoon\exslt\math\functions\max\math.max.use-cases.zip --> ftp.exslt.org /www.exslt.org/public_html/math/functions/max math.max.use-cases.zip
102.12.03 11:12 B C:\jakarta-tomcat-3.2.4\webapps\cocoon\exslt\math\functions\max\math.max.xml --> ftp.exslt.org /www.exslt.org/public_html/math/functions/max math.max.xml
102.12.03 11:12 B C:\jakarta-tomcat-3.2.4\webapps\cocoon\exslt\math\functions\max\math.max.xsl --> ftp.exslt.org /www.exslt.org/public_html/math/functions/max math.max.xsl
102.12.03 11:12 B C:\jakarta-tomcat-3.2.4\webapps\cocoon\exslt\math\functions\max\math.max.zip --> ftp.exslt.org /www.exslt.org/public_html/math/functions/max math.max.zip
102.12.03 11:12 B C:\jakarta-tomcat-3.2.4\webapps\cocoon\exslt\math\functions\max\refresh.bat --> ftp.exslt.org /www.exslt.org/public_html/math/functions/max refresh.bat
102.12.03 11:12 B C:\jakarta-tomcat-3.2.4\webapps\cocoon\exslt\math\functions\max\update.bat --> ftp.exslt.org /www.exslt.org/public_html/math/functions/max update.bat
102.12.03 11:12 B C:\jakarta-tomcat-3.2.4\webapps\cocoon\exslt\math\functions\max\WS_FTP.LOG --> ftp.exslt.org /www.exslt.org/public_html/math/functions/max WS_FTP.LOG
102.12.11 11:06 B C:\jakarta-tomcat-3.2.4\webapps\cocoon\exslt\math\functions\max\base.css --> ftp.exslt.org /www.exslt.org/public_html/math/functions/max base.css
102.12.11 11:06 B C:\jakarta-tomcat-3.2.4\webapps\cocoon\exslt\math\functions\max\index.html --> ftp.exslt.org /www.exslt.org/public_html/math/functions/max index.html
102.12.11 11:06 B C:\jakarta-tomcat-3.2.4\webapps\cocoon\exslt\math\functions\max\math.max.1.html --> ftp.exslt.org /www.exslt.org/public_html/math/functions/max math.max.1.html
102.12.11 11:06 B C:\jakarta-tomcat-3.2.4\webapps\cocoon\exslt\math\functions\max\math.max.1.xsl --> ftp.exslt.org /www.exslt.org/public_html/math/functions/max math.max.1.xsl
102.12.11 11:06 B C:\jakarta-tomcat-3.2.4\webapps\cocoon\exslt\math\functions\max\math.max.2.xsl --> ftp.exslt.org /www.exslt.org/public_html/math/functions/max math.max.2.xsl
102.12.11 11:06 B C:\jakarta-tomcat-3.2.4\webapps\cocoon\exslt\math\functions\max\math.max.3.xsl --> ftp.exslt.org /www.exslt.org/public_html/math/functions/max math.max.3.xsl
102.12.11 11:06 B C:\jakarta-tomcat-3.2.4\webapps\cocoon\exslt\math\functions\max\math.max.4.xsl --> ftp.exslt.org /www.exslt.org/public_html/math/functions/max math.max.4.xsl
102.12.11 11:06 B C:\jakarta-tomcat-3.2.4\webapps\cocoon\exslt\math\functions\max\math.max.5.xsl --> ftp.exslt.org /www.exslt.org/public_html/math/functions/max math.max.5.xsl
102.12.11 11:06 B C:\jakarta-tomcat-3.2.4\webapps\cocoon\exslt\math\functions\max\math.max.data.1.xml --> ftp.exslt.org /www.exslt.org/public_html/math/functions/max math.max.data.1.xml
102.12.11 11:06 B C:\jakarta-tomcat-3.2.4\webapps\cocoon\exslt\math\functions\max\math.max.data.2.xml --> ftp.exslt.org /www.exslt.org/public_html/math/functions/max math.max.data.2.xml
102.12.11 11:06 B C:\jakarta-tomcat-3.2.4\webapps\cocoon\exslt\math\functions\max\math.max.data.5.xml --> ftp.exslt.org /www.exslt.org/public_html/math/functions/max math.max.data.5.xml
102.12.11 11:06 B C:\jakarta-tomcat-3.2.4\webapps\cocoon\exslt\math\functions\max\math.max.function.xsl --> ftp.exslt.org /www.exslt.org/public_html/math/functions/max math.max.function.xsl
102.12.11 11:06 B C:\jakarta-tomcat-3.2.4\webapps\cocoon\exslt\math\functions\max\math.max.function.xsl.html --> ftp.exslt.org /www.exslt.org/public_html/math/functions/max math.max.function.xsl.html
102.12.11 11:06 B C:\jakarta-tomcat-3.2.4\webapps\cocoon\exslt\math\functions\max\math.max.html --> ftp.exslt.org /www.exslt.org/public_html/math/functions/max math.max.html
102.12.11 11:06 B C:\jakarta-tomcat-3.2.4\webapps\cocoon\exslt\math\functions\max\math.max.package.txt --> ftp.exslt.org /www.exslt.org/public_html/math/functions/max math.max.package.txt
102.12.11 11:06 B C:\jakarta-tomcat-3.2.4\webapps\cocoon\exslt\math\functions\max\math.max.result.1.xml --> ftp.exslt.org /www.exslt.org/public_html/math/functions/max math.max.result.1.xml
102.12.11 11:06 B C:\jakarta-tomcat-3.2.4\webapps\cocoon\exslt\math\functions\max\math.max.result.2.xml --> ftp.exslt.org /www.exslt.org/public_html/math/functions/max math.max.result.2.xml
102.12.11 11:06 B C:\jakarta-tomcat-3.2.4\webapps\cocoon\exslt\math\functions\max\math.max.result.5.xml --> ftp.exslt.org /www.exslt.org/public_html/math/functions/max math.max.result.5.xml
102.12.11 11:06 B C:\jakarta-tomcat-3.2.4\webapps\cocoon\exslt\math\functions\max\math.max.template.xsl --> ftp.exslt.org /www.exslt.org/public_html/math/functions/max math.max.template.xsl
102.12.11 11:06 B C:\jakarta-tomcat-3.2.4\webapps\cocoon\exslt\math\functions\max\math.max.template.xsl.html --> ftp.exslt.org /www.exslt.org/public_html/math/functions/max math.max.template.xsl.html
102.12.11 11:06 B C:\jakarta-tomcat-3.2.4\webapps\cocoon\exslt\math\functions\max\math.max.use-case.1.html --> ftp.exslt.org /www.exslt.org/public_html/math/functions/max math.max.use-case.1.html
102.12.11 11:06 B C:\jakarta-tomcat-3.2.4\webapps\cocoon\exslt\math\functions\max\math.max.use-case.2.html --> ftp.exslt.org /www.exslt.org/public_html/math/functions/max math.max.use-case.2.html
102.12.11 11:06 B C:\jakarta-tomcat-3.2.4\webapps\cocoon\exslt\math\functions\max\math.max.use-case.3.html --> ftp.exslt.org /www.exslt.org/public_html/math/functions/max math.max.use-case.3.html
102.12.11 11:06 B C:\jakarta-tomcat-3.2.4\webapps\cocoon\exslt\math\functions\max\math.max.use-case.4.html --> ftp.exslt.org /www.exslt.org/public_html/math/functions/max math.max.use-case.4.html
102.12.11 11:06 B C:\jakarta-tomcat-3.2.4\webapps\cocoon\exslt\math\functions\max\math.max.use-case.5.html --> ftp.exslt.org /www.exslt.org/public_html/math/functions/max math.max.use-case.5.html
102.12.11 11:06 B C:\jakarta-tomcat-3.2.4\webapps\cocoon\exslt\math\functions\max\math.max.use-case.6.html --> ftp.exslt.org /www.exslt.org/public_html/math/functions/max math.max.use-case.6.html
102.12.11 11:06 B C:\jakarta-tomcat-3.2.4\webapps\cocoon\exslt\math\functions\max\math.max.use-case.7.html --> ftp.exslt.org /www.exslt.org/public_html/math/functions/max math.max.use-case.7.html
102.12.11 11:06 B C:\jakarta-tomcat-3.2.4\webapps\cocoon\exslt\math\functions\max\math.max.use-cases.txt --> ftp.exslt.org /www.exslt.org/public_html/math/functions/max math.max.use-cases.txt
102.12.11 11:06 B C:\jakarta-tomcat-3.2.4\webapps\cocoon\exslt\math\functions\max\math.max.use-cases.zip --> ftp.exslt.org /www.exslt.org/public_html/math/functions/max math.max.use-cases.zip
102.12.11 11:06 B C:\jakarta-tomcat-3.2.4\webapps\cocoon\exslt\math\functions\max\math.max.xml --> ftp.exslt.org /www.exslt.org/public_html/math/functions/max math.max.xml
102.12.11 11:06 B C:\jakarta-tomcat-3.2.4\webapps\cocoon\exslt\math\functions\max\math.max.xsl --> ftp.exslt.org /www.exslt.org/public_html/math/functions/max math.max.xsl
102.12.11 11:06 B C:\jakarta-tomcat-3.2.4\webapps\cocoon\exslt\math\functions\max\math.max.zip --> ftp.exslt.org /www.exslt.org/public_html/math/functions/max math.max.zip
102.12.11 11:06 B C:\jakarta-tomcat-3.2.4\webapps\cocoon\exslt\math\functions\max\refresh.bat --> ftp.exslt.org /www.exslt.org/public_html/math/functions/max refresh.bat
102.12.11 11:06 B C:\jakarta-tomcat-3.2.4\webapps\cocoon\exslt\math\functions\max\update.bat --> ftp.exslt.org /www.exslt.org/public_html/math/functions/max update.bat
103.03.03 16:49 B C:\jakarta-tomcat-3.2.4\webapps\cocoon\exslt\math\functions\max\WS_FTP.LOG <-- ftp.exslt.org /www.exslt.org/public_html/math/functions/max WS_FTP.LOG
103.03.03 17:12 B C:\jakarta-tomcat-3.2.4\webapps\cocoon\exslt\math\functions\max\base.css --> ftp.exslt.org /www.exslt.org/public_html/math/functions/max base.css
103.03.03 17:12 B C:\jakarta-tomcat-3.2.4\webapps\cocoon\exslt\math\functions\max\index.html --> ftp.exslt.org /www.exslt.org/public_html/math/functions/max index.html
103.03.03 17:12 B C:\jakarta-tomcat-3.2.4\webapps\cocoon\exslt\math\functions\max\math.max.1.html --> ftp.exslt.org /www.exslt.org/public_html/math/functions/max math.max.1.html
103.03.03 17:12 B C:\jakarta-tomcat-3.2.4\webapps\cocoon\exslt\math\functions\max\math.max.1.xsl --> ftp.exslt.org /www.exslt.org/public_html/math/functions/max math.max.1.xsl
103.03.03 17:12 B C:\jakarta-tomcat-3.2.4\webapps\cocoon\exslt\math\functions\max\math.max.2.xsl --> ftp.exslt.org /www.exslt.org/public_html/math/functions/max math.max.2.xsl
103.03.03 17:12 B C:\jakarta-tomcat-3.2.4\webapps\cocoon\exslt\math\functions\max\math.max.3.xsl --> ftp.exslt.org /www.exslt.org/public_html/math/functions/max math.max.3.xsl
103.03.03 17:12 B C:\jakarta-tomcat-3.2.4\webapps\cocoon\exslt\math\functions\max\math.max.4.xsl --> ftp.exslt.org /www.exslt.org/public_html/math/functions/max math.max.4.xsl
103.03.03 17:12 B C:\jakarta-tomcat-3.2.4\webapps\cocoon\exslt\math\functions\max\math.max.5.xsl --> ftp.exslt.org /www.exslt.org/public_html/math/functions/max math.max.5.xsl
103.03.03 17:12 B C:\jakarta-tomcat-3.2.4\webapps\cocoon\exslt\math\functions\max\math.max.data.1.xml --> ftp.exslt.org /www.exslt.org/public_html/math/functions/max math.max.data.1.xml
103.03.03 17:12 B C:\jakarta-tomcat-3.2.4\webapps\cocoon\exslt\math\functions\max\math.max.data.2.xml --> ftp.exslt.org /www.exslt.org/public_html/math/functions/max math.max.data.2.xml
103.03.03 17:12 B C:\jakarta-tomcat-3.2.4\webapps\cocoon\exslt\math\functions\max\math.max.data.5.xml --> ftp.exslt.org /www.exslt.org/public_html/math/functions/max math.max.data.5.xml
103.03.03 17:12 B C:\jakarta-tomcat-3.2.4\webapps\cocoon\exslt\math\functions\max\math.max.function.xsl --> ftp.exslt.org /www.exslt.org/public_html/math/functions/max math.max.function.xsl
103.03.03 17:12 B C:\jakarta-tomcat-3.2.4\webapps\cocoon\exslt\math\functions\max\math.max.function.xsl.html --> ftp.exslt.org /www.exslt.org/public_html/math/functions/max math.max.function.xsl.html
103.03.03 17:12 B C:\jakarta-tomcat-3.2.4\webapps\cocoon\exslt\math\functions\max\math.max.html --> ftp.exslt.org /www.exslt.org/public_html/math/functions/max math.max.html
103.03.03 17:12 B C:\jakarta-tomcat-3.2.4\webapps\cocoon\exslt\math\functions\max\math.max.package.txt --> ftp.exslt.org /www.exslt.org/public_html/math/functions/max math.max.package.txt
103.03.03 17:12 B C:\jakarta-tomcat-3.2.4\webapps\cocoon\exslt\math\functions\max\math.max.result.1.xml --> ftp.exslt.org /www.exslt.org/public_html/math/functions/max math.max.result.1.xml
103.03.03 17:12 B C:\jakarta-tomcat-3.2.4\webapps\cocoon\exslt\math\functions\max\math.max.result.2.xml --> ftp.exslt.org /www.exslt.org/public_html/math/functions/max math.max.result.2.xml
103.03.03 17:12 B C:\jakarta-tomcat-3.2.4\webapps\cocoon\exslt\math\functions\max\math.max.result.5.xml --> ftp.exslt.org /www.exslt.org/public_html/math/functions/max math.max.result.5.xml
103.03.03 17:12 B C:\jakarta-tomcat-3.2.4\webapps\cocoon\exslt\math\functions\max\math.max.template.xsl --> ftp.exslt.org /www.exslt.org/public_html/math/functions/max math.max.template.xsl
103.03.03 17:12 B C:\jakarta-tomcat-3.2.4\webapps\cocoon\exslt\math\functions\max\math.max.template.xsl.html --> ftp.exslt.org /www.exslt.org/public_html/math/functions/max math.max.template.xsl.html
103.03.03 17:12 B C:\jakarta-tomcat-3.2.4\webapps\cocoon\exslt\math\functions\max\math.max.use-case.1.html --> ftp.exslt.org /www.exslt.org/public_html/math/functions/max math.max.use-case.1.html
103.03.03 17:12 B C:\jakarta-tomcat-3.2.4\webapps\cocoon\exslt\math\functions\max\math.max.use-case.2.html --> ftp.exslt.org /www.exslt.org/public_html/math/functions/max math.max.use-case.2.html
103.03.03 17:12 B C:\jakarta-tomcat-3.2.4\webapps\cocoon\exslt\math\functions\max\math.max.use-case.3.html --> ftp.exslt.org /www.exslt.org/public_html/math/functions/max math.max.use-case.3.html
103.03.03 17:12 B C:\jakarta-tomcat-3.2.4\webapps\cocoon\exslt\math\functions\max\math.max.use-case.4.html --> ftp.exslt.org /www.exslt.org/public_html/math/functions/max math.max.use-case.4.html
103.03.03 17:12 B C:\jakarta-tomcat-3.2.4\webapps\cocoon\exslt\math\functions\max\math.max.use-case.5.html --> ftp.exslt.org /www.exslt.org/public_html/math/functions/max math.max.use-case.5.html
103.03.03 17:12 B C:\jakarta-tomcat-3.2.4\webapps\cocoon\exslt\math\functions\max\math.max.use-case.6.html --> ftp.exslt.org /www.exslt.org/public_html/math/functions/max math.max.use-case.6.html
103.03.03 17:12 B C:\jakarta-tomcat-3.2.4\webapps\cocoon\exslt\math\functions\max\math.max.use-case.7.html --> ftp.exslt.org /www.exslt.org/public_html/math/functions/max math.max.use-case.7.html
103.03.03 17:12 B C:\jakarta-tomcat-3.2.4\webapps\cocoon\exslt\math\functions\max\math.max.use-cases.txt --> ftp.exslt.org /www.exslt.org/public_html/math/functions/max math.max.use-cases.txt
103.03.03 17:12 B C:\jakarta-tomcat-3.2.4\webapps\cocoon\exslt\math\functions\max\math.max.use-cases.zip --> ftp.exslt.org /www.exslt.org/public_html/math/functions/max math.max.use-cases.zip
103.03.03 17:12 B C:\jakarta-tomcat-3.2.4\webapps\cocoon\exslt\math\functions\max\math.max.xml --> ftp.exslt.org /www.exslt.org/public_html/math/functions/max math.max.xml
103.03.03 17:12 B C:\jakarta-tomcat-3.2.4\webapps\cocoon\exslt\math\functions\max\math.max.xsl --> ftp.exslt.org /www.exslt.org/public_html/math/functions/max math.max.xsl
103.03.03 17:12 B C:\jakarta-tomcat-3.2.4\webapps\cocoon\exslt\math\functions\max\math.max.zip --> ftp.exslt.org /www.exslt.org/public_html/math/functions/max math.max.zip
103.03.03 17:12 B C:\jakarta-tomcat-3.2.4\webapps\cocoon\exslt\math\functions\max\refresh.bat --> ftp.exslt.org /www.exslt.org/public_html/math/functions/max refresh.bat
103.03.03 17:12 B C:\jakarta-tomcat-3.2.4\webapps\cocoon\exslt\math\functions\max\update.bat --> ftp.exslt.org /www.exslt.org/public_html/math/functions/max update.bat
103.09.29 15:46 B C:\jakarta-tomcat-3.2.4\webapps\cocoon\exslt\math\functions\max\WS_FTP.LOG <-- ftp.exslt.org /www.exslt.org/public_html/math/functions/max WS_FTP.LOG
103.10.21 13:09 B C:\jakarta-tomcat-3.2.4\webapps\cocoon\exslt\math\functions\max\base.css --> marian.cs.nott.ac.uk /stud/pg/cds/exslt/math/functions/max base.css
103.10.21 13:09 B C:\jakarta-tomcat-3.2.4\webapps\cocoon\exslt\math\functions\max\index.html --> marian.cs.nott.ac.uk /stud/pg/cds/exslt/math/functions/max index.html
103.10.21 13:09 B C:\jakarta-tomcat-3.2.4\webapps\cocoon\exslt\math\functions\max\math.max.1.html --> marian.cs.nott.ac.uk /stud/pg/cds/exslt/math/functions/max math.max.1.html
103.10.21 13:09 B C:\jakarta-tomcat-3.2.4\webapps\cocoon\exslt\math\functions\max\math.max.1.xsl --> marian.cs.nott.ac.uk /stud/pg/cds/exslt/math/functions/max math.max.1.xsl
103.10.21 13:09 B C:\jakarta-tomcat-3.2.4\webapps\cocoon\exslt\math\functions\max\math.max.2.xsl --> marian.cs.nott.ac.uk /stud/pg/cds/exslt/math/functions/max math.max.2.xsl
103.10.21 13:09 B C:\jakarta-tomcat-3.2.4\webapps\cocoon\exslt\math\functions\max\math.max.3.xsl --> marian.cs.nott.ac.uk /stud/pg/cds/exslt/math/functions/max math.max.3.xsl
103.10.21 13:09 B C:\jakarta-tomcat-3.2.4\webapps\cocoon\exslt\math\functions\max\math.max.4.xsl --> marian.cs.nott.ac.uk /stud/pg/cds/exslt/math/functions/max math.max.4.xsl
103.10.21 13:09 B C:\jakarta-tomcat-3.2.4\webapps\cocoon\exslt\math\functions\max\math.max.5.xsl --> marian.cs.nott.ac.uk /stud/pg/cds/exslt/math/functions/max math.max.5.xsl
103.10.21 13:09 B C:\jakarta-tomcat-3.2.4\webapps\cocoon\exslt\math\functions\max\math.max.data.1.xml --> marian.cs.nott.ac.uk /stud/pg/cds/exslt/math/functions/max math.max.data.1.xml
103.10.21 13:09 B C:\jakarta-tomcat-3.2.4\webapps\cocoon\exslt\math\functions\max\math.max.data.2.xml --> marian.cs.nott.ac.uk /stud/pg/cds/exslt/math/functions/max math.max.data.2.xml
103.10.21 13:09 B C:\jakarta-tomcat-3.2.4\webapps\cocoon\exslt\math\functions\max\math.max.data.5.xml --> marian.cs.nott.ac.uk /stud/pg/cds/exslt/math/functions/max math.max.data.5.xml
103.10.21 13:09 B C:\jakarta-tomcat-3.2.4\webapps\cocoon\exslt\math\functions\max\math.max.function.xsl --> marian.cs.nott.ac.uk /stud/pg/cds/exslt/math/functions/max math.max.function.xsl
103.10.21 13:09 B C:\jakarta-tomcat-3.2.4\webapps\cocoon\exslt\math\functions\max\math.max.function.xsl.html --> marian.cs.nott.ac.uk /stud/pg/cds/exslt/math/functions/max math.max.function.xsl.html
103.10.21 13:09 B C:\jakarta-tomcat-3.2.4\webapps\cocoon\exslt\math\functions\max\math.max.html --> marian.cs.nott.ac.uk /stud/pg/cds/exslt/math/functions/max math.max.html
103.10.21 13:09 B C:\jakarta-tomcat-3.2.4\webapps\cocoon\exslt\math\functions\max\math.max.package.txt --> marian.cs.nott.ac.uk /stud/pg/cds/exslt/math/functions/max math.max.package.txt
103.10.21 13:09 B C:\jakarta-tomcat-3.2.4\webapps\cocoon\exslt\math\functions\max\math.max.result.1.xml --> marian.cs.nott.ac.uk /stud/pg/cds/exslt/math/functions/max math.max.result.1.xml
103.10.21 13:09 B C:\jakarta-tomcat-3.2.4\webapps\cocoon\exslt\math\functions\max\math.max.result.2.xml --> marian.cs.nott.ac.uk /stud/pg/cds/exslt/math/functions/max math.max.result.2.xml
103.10.21 13:09 B C:\jakarta-tomcat-3.2.4\webapps\cocoon\exslt\math\functions\max\math.max.result.5.xml --> marian.cs.nott.ac.uk /stud/pg/cds/exslt/math/functions/max math.max.result.5.xml
103.10.21 13:09 B C:\jakarta-tomcat-3.2.4\webapps\cocoon\exslt\math\functions\max\math.max.template.xsl --> marian.cs.nott.ac.uk /stud/pg/cds/exslt/math/functions/max math.max.template.xsl
103.10.21 13:09 B C:\jakarta-tomcat-3.2.4\webapps\cocoon\exslt\math\functions\max\math.max.template.xsl.html --> marian.cs.nott.ac.uk /stud/pg/cds/exslt/math/functions/max math.max.template.xsl.html
103.10.21 13:09 B C:\jakarta-tomcat-3.2.4\webapps\cocoon\exslt\math\functions\max\math.max.use-case.1.html --> marian.cs.nott.ac.uk /stud/pg/cds/exslt/math/functions/max math.max.use-case.1.html
103.10.21 13:09 B C:\jakarta-tomcat-3.2.4\webapps\cocoon\exslt\math\functions\max\math.max.use-case.2.html --> marian.cs.nott.ac.uk /stud/pg/cds/exslt/math/functions/max math.max.use-case.2.html
103.10.21 13:09 B C:\jakarta-tomcat-3.2.4\webapps\cocoon\exslt\math\functions\max\math.max.use-case.3.html --> marian.cs.nott.ac.uk /stud/pg/cds/exslt/math/functions/max math.max.use-case.3.html
103.10.21 13:09 B C:\jakarta-tomcat-3.2.4\webapps\cocoon\exslt\math\functions\max\math.max.use-case.4.html --> marian.cs.nott.ac.uk /stud/pg/cds/exslt/math/functions/max math.max.use-case.4.html
103.10.21 13:09 B C:\jakarta-tomcat-3.2.4\webapps\cocoon\exslt\math\functions\max\math.max.use-case.5.html --> marian.cs.nott.ac.uk /stud/pg/cds/exslt/math/functions/max math.max.use-case.5.html
103.10.21 13:09 B C:\jakarta-tomcat-3.2.4\webapps\cocoon\exslt\math\functions\max\math.max.use-case.6.html --> marian.cs.nott.ac.uk /stud/pg/cds/exslt/math/functions/max math.max.use-case.6.html
103.10.21 13:09 B C:\jakarta-tomcat-3.2.4\webapps\cocoon\exslt\math\functions\max\math.max.use-case.7.html --> marian.cs.nott.ac.uk /stud/pg/cds/exslt/math/functions/max math.max.use-case.7.html
103.10.21 13:09 B C:\jakarta-tomcat-3.2.4\webapps\cocoon\exslt\math\functions\max\math.max.use-cases.txt --> marian.cs.nott.ac.uk /stud/pg/cds/exslt/math/functions/max math.max.use-cases.txt
103.10.21 13:09 B C:\jakarta-tomcat-3.2.4\webapps\cocoon\exslt\math\functions\max\math.max.use-cases.zip --> marian.cs.nott.ac.uk /stud/pg/cds/exslt/math/functions/max math.max.use-cases.zip
103.10.21 13:09 B C:\jakarta-tomcat-3.2.4\webapps\cocoon\exslt\math\functions\max\math.max.xml --> marian.cs.nott.ac.uk /stud/pg/cds/exslt/math/functions/max math.max.xml
103.10.21 13:09 B C:\jakarta-tomcat-3.2.4\webapps\cocoon\exslt\math\functions\max\math.max.xsl --> marian.cs.nott.ac.uk /stud/pg/cds/exslt/math/functions/max math.max.xsl
103.10.21 13:09 B C:\jakarta-tomcat-3.2.4\webapps\cocoon\exslt\math\functions\max\math.max.zip --> marian.cs.nott.ac.uk /stud/pg/cds/exslt/math/functions/max math.max.zip
103.10.21 13:09 B C:\jakarta-tomcat-3.2.4\webapps\cocoon\exslt\math\functions\max\refresh.bat --> marian.cs.nott.ac.uk /stud/pg/cds/exslt/math/functions/max refresh.bat
103.10.21 13:09 B C:\jakarta-tomcat-3.2.4\webapps\cocoon\exslt\math\functions\max\update.bat --> marian.cs.nott.ac.uk /stud/pg/cds/exslt/math/functions/max update.bat
103.10.21 13:09 B C:\jakarta-tomcat-3.2.4\webapps\cocoon\exslt\math\functions\max\WS_FTP.LOG --> marian.cs.nott.ac.uk /stud/pg/cds/exslt/math/functions/max WS_FTP.LOG
103.10.23 16:40 B C:\jakarta-tomcat-3.2.4\webapps\cocoon\exslt\math\functions\max\base.css --> ftp.exslt.org /www.exslt.org/public_html/math/functions/max base.css
103.10.23 16:40 B C:\jakarta-tomcat-3.2.4\webapps\cocoon\exslt\math\functions\max\index.html --> ftp.exslt.org /www.exslt.org/public_html/math/functions/max index.html
103.10.23 16:40 B C:\jakarta-tomcat-3.2.4\webapps\cocoon\exslt\math\functions\max\math.max.1.html --> ftp.exslt.org /www.exslt.org/public_html/math/functions/max math.max.1.html
103.10.23 16:40 B C:\jakarta-tomcat-3.2.4\webapps\cocoon\exslt\math\functions\max\math.max.1.xsl --> ftp.exslt.org /www.exslt.org/public_html/math/functions/max math.max.1.xsl
103.10.23 16:40 B C:\jakarta-tomcat-3.2.4\webapps\cocoon\exslt\math\functions\max\math.max.2.xsl --> ftp.exslt.org /www.exslt.org/public_html/math/functions/max math.max.2.xsl
103.10.23 16:40 B C:\jakarta-tomcat-3.2.4\webapps\cocoon\exslt\math\functions\max\math.max.3.xsl --> ftp.exslt.org /www.exslt.org/public_html/math/functions/max math.max.3.xsl
103.10.23 16:40 B C:\jakarta-tomcat-3.2.4\webapps\cocoon\exslt\math\functions\max\math.max.4.xsl --> ftp.exslt.org /www.exslt.org/public_html/math/functions/max math.max.4.xsl
103.10.23 16:40 B C:\jakarta-tomcat-3.2.4\webapps\cocoon\exslt\math\functions\max\math.max.5.xsl --> ftp.exslt.org /www.exslt.org/public_html/math/functions/max math.max.5.xsl
103.10.23 16:40 B C:\jakarta-tomcat-3.2.4\webapps\cocoon\exslt\math\functions\max\math.max.data.1.xml --> ftp.exslt.org /www.exslt.org/public_html/math/functions/max math.max.data.1.xml
103.10.23 16:40 B C:\jakarta-tomcat-3.2.4\webapps\cocoon\exslt\math\functions\max\math.max.data.2.xml --> ftp.exslt.org /www.exslt.org/public_html/math/functions/max math.max.data.2.xml
103.10.23 16:40 B C:\jakarta-tomcat-3.2.4\webapps\cocoon\exslt\math\functions\max\math.max.data.5.xml --> ftp.exslt.org /www.exslt.org/public_html/math/functions/max math.max.data.5.xml
103.10.23 16:40 B C:\jakarta-tomcat-3.2.4\webapps\cocoon\exslt\math\functions\max\math.max.function.xsl --> ftp.exslt.org /www.exslt.org/public_html/math/functions/max math.max.function.xsl
103.10.23 16:41 B C:\jakarta-tomcat-3.2.4\webapps\cocoon\exslt\math\functions\max\math.max.function.xsl.html --> ftp.exslt.org /www.exslt.org/public_html/math/functions/max math.max.function.xsl.html
103.10.23 16:41 B C:\jakarta-tomcat-3.2.4\webapps\cocoon\exslt\math\functions\max\math.max.html --> ftp.exslt.org /www.exslt.org/public_html/math/functions/max math.max.html
103.10.23 16:41 B C:\jakarta-tomcat-3.2.4\webapps\cocoon\exslt\math\functions\max\math.max.package.txt --> ftp.exslt.org /www.exslt.org/public_html/math/functions/max math.max.package.txt
103.10.23 16:41 B C:\jakarta-tomcat-3.2.4\webapps\cocoon\exslt\math\functions\max\math.max.result.1.xml --> ftp.exslt.org /www.exslt.org/public_html/math/functions/max math.max.result.1.xml
103.10.23 16:41 B C:\jakarta-tomcat-3.2.4\webapps\cocoon\exslt\math\functions\max\math.max.result.2.xml --> ftp.exslt.org /www.exslt.org/public_html/math/functions/max math.max.result.2.xml
103.10.23 16:41 B C:\jakarta-tomcat-3.2.4\webapps\cocoon\exslt\math\functions\max\math.max.result.5.xml --> ftp.exslt.org /www.exslt.org/public_html/math/functions/max math.max.result.5.xml
103.10.23 16:41 B C:\jakarta-tomcat-3.2.4\webapps\cocoon\exslt\math\functions\max\math.max.template.xsl --> ftp.exslt.org /www.exslt.org/public_html/math/functions/max math.max.template.xsl
103.10.23 16:41 B C:\jakarta-tomcat-3.2.4\webapps\cocoon\exslt\math\functions\max\math.max.template.xsl.html --> ftp.exslt.org /www.exslt.org/public_html/math/functions/max math.max.template.xsl.html
103.10.23 16:41 B C:\jakarta-tomcat-3.2.4\webapps\cocoon\exslt\math\functions\max\math.max.use-case.1.html --> ftp.exslt.org /www.exslt.org/public_html/math/functions/max math.max.use-case.1.html
103.10.23 16:41 B C:\jakarta-tomcat-3.2.4\webapps\cocoon\exslt\math\functions\max\math.max.use-case.2.html --> ftp.exslt.org /www.exslt.org/public_html/math/functions/max math.max.use-case.2.html
103.10.23 16:41 B C:\jakarta-tomcat-3.2.4\webapps\cocoon\exslt\math\functions\max\math.max.use-case.3.html --> ftp.exslt.org /www.exslt.org/public_html/math/functions/max math.max.use-case.3.html
103.10.23 16:41 B C:\jakarta-tomcat-3.2.4\webapps\cocoon\exslt\math\functions\max\math.max.use-case.4.html --> ftp.exslt.org /www.exslt.org/public_html/math/functions/max math.max.use-case.4.html
103.10.23 16:41 B C:\jakarta-tomcat-3.2.4\webapps\cocoon\exslt\math\functions\max\math.max.use-case.5.html --> ftp.exslt.org /www.exslt.org/public_html/math/functions/max math.max.use-case.5.html
103.10.23 16:41 B C:\jakarta-tomcat-3.2.4\webapps\cocoon\exslt\math\functions\max\math.max.use-case.6.html --> ftp.exslt.org /www.exslt.org/public_html/math/functions/max math.max.use-case.6.html
103.10.23 16:41 B C:\jakarta-tomcat-3.2.4\webapps\cocoon\exslt\math\functions\max\math.max.use-case.7.html --> ftp.exslt.org /www.exslt.org/public_html/math/functions/max math.max.use-case.7.html
103.10.23 16:41 B C:\jakarta-tomcat-3.2.4\webapps\cocoon\exslt\math\functions\max\math.max.use-cases.txt --> ftp.exslt.org /www.exslt.org/public_html/math/functions/max math.max.use-cases.txt
103.10.23 16:41 B C:\jakarta-tomcat-3.2.4\webapps\cocoon\exslt\math\functions\max\math.max.use-cases.zip --> ftp.exslt.org /www.exslt.org/public_html/math/functions/max math.max.use-cases.zip
103.10.23 16:42 B C:\jakarta-tomcat-3.2.4\webapps\cocoon\exslt\math\functions\max\math.max.xml --> ftp.exslt.org /www.exslt.org/public_html/math/functions/max math.max.xml
103.10.23 16:42 B C:\jakarta-tomcat-3.2.4\webapps\cocoon\exslt\math\functions\max\math.max.xsl --> ftp.exslt.org /www.exslt.org/public_html/math/functions/max math.max.xsl
103.10.23 16:42 B C:\jakarta-tomcat-3.2.4\webapps\cocoon\exslt\math\functions\max\math.max.zip --> ftp.exslt.org /www.exslt.org/public_html/math/functions/max math.max.zip
103.10.23 16:42 B C:\jakarta-tomcat-3.2.4\webapps\cocoon\exslt\math\functions\max\refresh.bat --> ftp.exslt.org /www.exslt.org/public_html/math/functions/max refresh.bat
103.10.23 16:42 B C:\jakarta-tomcat-3.2.4\webapps\cocoon\exslt\math\functions\max\update.bat --> ftp.exslt.org /www.exslt.org/public_html/math/functions/max update.bat
