102.08.21 17:32 B C:\jakarta-tomcat-3.2.4\webapps\cocoon\exslt\func\elements\script\base.css --> ftp.exslt.org /www.exslt.org/public_html/func/elements/script base.css
102.08.21 17:32 B C:\jakarta-tomcat-3.2.4\webapps\cocoon\exslt\func\elements\script\func.script.1.html --> ftp.exslt.org /www.exslt.org/public_html/func/elements/script func.script.1.html
102.08.21 17:32 B C:\jakarta-tomcat-3.2.4\webapps\cocoon\exslt\func\elements\script\func.script.html --> ftp.exslt.org /www.exslt.org/public_html/func/elements/script func.script.html
102.08.21 17:32 B C:\jakarta-tomcat-3.2.4\webapps\cocoon\exslt\func\elements\script\func.script.package.txt --> ftp.exslt.org /www.exslt.org/public_html/func/elements/script func.script.package.txt
102.08.21 17:32 B C:\jakarta-tomcat-3.2.4\webapps\cocoon\exslt\func\elements\script\func.script.use-cases.txt --> ftp.exslt.org /www.exslt.org/public_html/func/elements/script func.script.use-cases.txt
102.08.21 17:32 B C:\jakarta-tomcat-3.2.4\webapps\cocoon\exslt\func\elements\script\func.script.use-cases.zip --> ftp.exslt.org /www.exslt.org/public_html/func/elements/script func.script.use-cases.zip
102.08.21 17:32 B C:\jakarta-tomcat-3.2.4\webapps\cocoon\exslt\func\elements\script\func.script.xml --> ftp.exslt.org /www.exslt.org/public_html/func/elements/script func.script.xml
102.08.21 17:32 B C:\jakarta-tomcat-3.2.4\webapps\cocoon\exslt\func\elements\script\func.script.zip --> ftp.exslt.org /www.exslt.org/public_html/func/elements/script func.script.zip
102.08.21 17:32 B C:\jakarta-tomcat-3.2.4\webapps\cocoon\exslt\func\elements\script\index.html --> ftp.exslt.org /www.exslt.org/public_html/func/elements/script index.html
102.08.21 17:32 B C:\jakarta-tomcat-3.2.4\webapps\cocoon\exslt\func\elements\script\refresh.bat --> ftp.exslt.org /www.exslt.org/public_html/func/elements/script refresh.bat
102.08.21 17:32 B C:\jakarta-tomcat-3.2.4\webapps\cocoon\exslt\func\elements\script\update.bat --> ftp.exslt.org /www.exslt.org/public_html/func/elements/script update.bat
102.11.19 13:15 B C:\jakarta-tomcat-3.2.4\webapps\cocoon\exslt\func\elements\script\base.css --> ftp.exslt.org /www.exslt.org/public_html/func/elements/script base.css
102.11.19 13:15 B C:\jakarta-tomcat-3.2.4\webapps\cocoon\exslt\func\elements\script\func.script.1.html --> ftp.exslt.org /www.exslt.org/public_html/func/elements/script func.script.1.html
102.11.19 13:15 B C:\jakarta-tomcat-3.2.4\webapps\cocoon\exslt\func\elements\script\func.script.html --> ftp.exslt.org /www.exslt.org/public_html/func/elements/script func.script.html
102.11.19 13:15 B C:\jakarta-tomcat-3.2.4\webapps\cocoon\exslt\func\elements\script\func.script.package.txt --> ftp.exslt.org /www.exslt.org/public_html/func/elements/script func.script.package.txt
102.11.19 13:15 B C:\jakarta-tomcat-3.2.4\webapps\cocoon\exslt\func\elements\script\func.script.use-cases.txt --> ftp.exslt.org /www.exslt.org/public_html/func/elements/script func.script.use-cases.txt
102.11.19 13:15 B C:\jakarta-tomcat-3.2.4\webapps\cocoon\exslt\func\elements\script\func.script.use-cases.zip --> ftp.exslt.org /www.exslt.org/public_html/func/elements/script func.script.use-cases.zip
102.11.19 13:15 B C:\jakarta-tomcat-3.2.4\webapps\cocoon\exslt\func\elements\script\func.script.xml --> ftp.exslt.org /www.exslt.org/public_html/func/elements/script func.script.xml
102.11.19 13:15 B C:\jakarta-tomcat-3.2.4\webapps\cocoon\exslt\func\elements\script\func.script.zip --> ftp.exslt.org /www.exslt.org/public_html/func/elements/script func.script.zip
102.11.19 13:15 B C:\jakarta-tomcat-3.2.4\webapps\cocoon\exslt\func\elements\script\index.html --> ftp.exslt.org /www.exslt.org/public_html/func/elements/script index.html
102.11.19 13:15 B C:\jakarta-tomcat-3.2.4\webapps\cocoon\exslt\func\elements\script\refresh.bat --> ftp.exslt.org /www.exslt.org/public_html/func/elements/script refresh.bat
102.11.19 13:15 B C:\jakarta-tomcat-3.2.4\webapps\cocoon\exslt\func\elements\script\update.bat --> ftp.exslt.org /www.exslt.org/public_html/func/elements/script update.bat
102.11.19 13:15 B C:\jakarta-tomcat-3.2.4\webapps\cocoon\exslt\func\elements\script\WS_FTP.LOG --> ftp.exslt.org /www.exslt.org/public_html/func/elements/script WS_FTP.LOG
102.11.19 13:22 B C:\jakarta-tomcat-3.2.4\webapps\cocoon\exslt\func\elements\script\base.css --> ftp.exslt.org /www.exslt.org/public_html/func/elements/script base.css
102.11.19 13:22 B C:\jakarta-tomcat-3.2.4\webapps\cocoon\exslt\func\elements\script\func.script.1.html --> ftp.exslt.org /www.exslt.org/public_html/func/elements/script func.script.1.html
102.11.19 13:22 B C:\jakarta-tomcat-3.2.4\webapps\cocoon\exslt\func\elements\script\func.script.html --> ftp.exslt.org /www.exslt.org/public_html/func/elements/script func.script.html
102.11.19 13:22 B C:\jakarta-tomcat-3.2.4\webapps\cocoon\exslt\func\elements\script\func.script.package.txt --> ftp.exslt.org /www.exslt.org/public_html/func/elements/script func.script.package.txt
102.11.19 13:22 B C:\jakarta-tomcat-3.2.4\webapps\cocoon\exslt\func\elements\script\func.script.use-cases.txt --> ftp.exslt.org /www.exslt.org/public_html/func/elements/script func.script.use-cases.txt
102.11.19 13:22 B C:\jakarta-tomcat-3.2.4\webapps\cocoon\exslt\func\elements\script\func.script.use-cases.zip --> ftp.exslt.org /www.exslt.org/public_html/func/elements/script func.script.use-cases.zip
102.11.19 13:22 B C:\jakarta-tomcat-3.2.4\webapps\cocoon\exslt\func\elements\script\func.script.xml --> ftp.exslt.org /www.exslt.org/public_html/func/elements/script func.script.xml
102.11.19 13:22 B C:\jakarta-tomcat-3.2.4\webapps\cocoon\exslt\func\elements\script\func.script.zip --> ftp.exslt.org /www.exslt.org/public_html/func/elements/script func.script.zip
102.11.19 13:22 B C:\jakarta-tomcat-3.2.4\webapps\cocoon\exslt\func\elements\script\index.html --> ftp.exslt.org /www.exslt.org/public_html/func/elements/script index.html
102.11.19 13:22 B C:\jakarta-tomcat-3.2.4\webapps\cocoon\exslt\func\elements\script\refresh.bat --> ftp.exslt.org /www.exslt.org/public_html/func/elements/script refresh.bat
102.11.19 13:22 B C:\jakarta-tomcat-3.2.4\webapps\cocoon\exslt\func\elements\script\update.bat --> ftp.exslt.org /www.exslt.org/public_html/func/elements/script update.bat
102.12.02 12:22 B C:\jakarta-tomcat-3.2.4\webapps\cocoon\exslt\public_html\func\elements\script\WS_FTP.LOG <-- ftp.exslt.org /www.exslt.org/public_html/func/elements/script WS_FTP.LOG
102.12.03 11:11 B C:\jakarta-tomcat-3.2.4\webapps\cocoon\exslt\func\elements\script\base.css --> ftp.exslt.org /www.exslt.org/public_html/func/elements/script base.css
102.12.03 11:11 B C:\jakarta-tomcat-3.2.4\webapps\cocoon\exslt\func\elements\script\func.script.1.html --> ftp.exslt.org /www.exslt.org/public_html/func/elements/script func.script.1.html
102.12.03 11:11 B C:\jakarta-tomcat-3.2.4\webapps\cocoon\exslt\func\elements\script\func.script.html --> ftp.exslt.org /www.exslt.org/public_html/func/elements/script func.script.html
102.12.03 11:11 B C:\jakarta-tomcat-3.2.4\webapps\cocoon\exslt\func\elements\script\func.script.package.txt --> ftp.exslt.org /www.exslt.org/public_html/func/elements/script func.script.package.txt
102.12.03 11:11 B C:\jakarta-tomcat-3.2.4\webapps\cocoon\exslt\func\elements\script\func.script.use-cases.txt --> ftp.exslt.org /www.exslt.org/public_html/func/elements/script func.script.use-cases.txt
102.12.03 11:11 B C:\jakarta-tomcat-3.2.4\webapps\cocoon\exslt\func\elements\script\func.script.use-cases.zip --> ftp.exslt.org /www.exslt.org/public_html/func/elements/script func.script.use-cases.zip
102.12.03 11:11 B C:\jakarta-tomcat-3.2.4\webapps\cocoon\exslt\func\elements\script\func.script.xml --> ftp.exslt.org /www.exslt.org/public_html/func/elements/script func.script.xml
102.12.03 11:11 B C:\jakarta-tomcat-3.2.4\webapps\cocoon\exslt\func\elements\script\func.script.zip --> ftp.exslt.org /www.exslt.org/public_html/func/elements/script func.script.zip
102.12.03 11:11 B C:\jakarta-tomcat-3.2.4\webapps\cocoon\exslt\func\elements\script\index.html --> ftp.exslt.org /www.exslt.org/public_html/func/elements/script index.html
102.12.03 11:11 B C:\jakarta-tomcat-3.2.4\webapps\cocoon\exslt\func\elements\script\refresh.bat --> ftp.exslt.org /www.exslt.org/public_html/func/elements/script refresh.bat
102.12.03 11:11 B C:\jakarta-tomcat-3.2.4\webapps\cocoon\exslt\func\elements\script\update.bat --> ftp.exslt.org /www.exslt.org/public_html/func/elements/script update.bat
102.12.03 11:11 B C:\jakarta-tomcat-3.2.4\webapps\cocoon\exslt\func\elements\script\WS_FTP.LOG --> ftp.exslt.org /www.exslt.org/public_html/func/elements/script WS_FTP.LOG
102.12.11 11:05 B C:\jakarta-tomcat-3.2.4\webapps\cocoon\exslt\func\elements\script\base.css --> ftp.exslt.org /www.exslt.org/public_html/func/elements/script base.css
102.12.11 11:05 B C:\jakarta-tomcat-3.2.4\webapps\cocoon\exslt\func\elements\script\func.script.1.html --> ftp.exslt.org /www.exslt.org/public_html/func/elements/script func.script.1.html
102.12.11 11:05 B C:\jakarta-tomcat-3.2.4\webapps\cocoon\exslt\func\elements\script\func.script.html --> ftp.exslt.org /www.exslt.org/public_html/func/elements/script func.script.html
102.12.11 11:05 B C:\jakarta-tomcat-3.2.4\webapps\cocoon\exslt\func\elements\script\func.script.package.txt --> ftp.exslt.org /www.exslt.org/public_html/func/elements/script func.script.package.txt
102.12.11 11:05 B C:\jakarta-tomcat-3.2.4\webapps\cocoon\exslt\func\elements\script\func.script.use-cases.txt --> ftp.exslt.org /www.exslt.org/public_html/func/elements/script func.script.use-cases.txt
102.12.11 11:05 B C:\jakarta-tomcat-3.2.4\webapps\cocoon\exslt\func\elements\script\func.script.use-cases.zip --> ftp.exslt.org /www.exslt.org/public_html/func/elements/script func.script.use-cases.zip
102.12.11 11:05 B C:\jakarta-tomcat-3.2.4\webapps\cocoon\exslt\func\elements\script\func.script.xml --> ftp.exslt.org /www.exslt.org/public_html/func/elements/script func.script.xml
102.12.11 11:05 B C:\jakarta-tomcat-3.2.4\webapps\cocoon\exslt\func\elements\script\func.script.zip --> ftp.exslt.org /www.exslt.org/public_html/func/elements/script func.script.zip
102.12.11 11:05 B C:\jakarta-tomcat-3.2.4\webapps\cocoon\exslt\func\elements\script\index.html --> ftp.exslt.org /www.exslt.org/public_html/func/elements/script index.html
102.12.11 11:05 B C:\jakarta-tomcat-3.2.4\webapps\cocoon\exslt\func\elements\script\refresh.bat --> ftp.exslt.org /www.exslt.org/public_html/func/elements/script refresh.bat
102.12.11 11:05 B C:\jakarta-tomcat-3.2.4\webapps\cocoon\exslt\func\elements\script\update.bat --> ftp.exslt.org /www.exslt.org/public_html/func/elements/script update.bat
103.09.29 15:37 B C:\jakarta-tomcat-3.2.4\webapps\cocoon\exslt\func\elements\script\WS_FTP.LOG <-- ftp.exslt.org /www.exslt.org/public_html/func/elements/script WS_FTP.LOG
103.10.21 13:07 B C:\jakarta-tomcat-3.2.4\webapps\cocoon\exslt\func\elements\script\base.css --> marian.cs.nott.ac.uk /stud/pg/cds/exslt/func/elements/script base.css
103.10.21 13:07 B C:\jakarta-tomcat-3.2.4\webapps\cocoon\exslt\func\elements\script\func.script.1.html --> marian.cs.nott.ac.uk /stud/pg/cds/exslt/func/elements/script func.script.1.html
103.10.21 13:07 B C:\jakarta-tomcat-3.2.4\webapps\cocoon\exslt\func\elements\script\func.script.html --> marian.cs.nott.ac.uk /stud/pg/cds/exslt/func/elements/script func.script.html
103.10.21 13:07 B C:\jakarta-tomcat-3.2.4\webapps\cocoon\exslt\func\elements\script\func.script.package.txt --> marian.cs.nott.ac.uk /stud/pg/cds/exslt/func/elements/script func.script.package.txt
103.10.21 13:07 B C:\jakarta-tomcat-3.2.4\webapps\cocoon\exslt\func\elements\script\func.script.use-cases.txt --> marian.cs.nott.ac.uk /stud/pg/cds/exslt/func/elements/script func.script.use-cases.txt
103.10.21 13:07 B C:\jakarta-tomcat-3.2.4\webapps\cocoon\exslt\func\elements\script\func.script.use-cases.zip --> marian.cs.nott.ac.uk /stud/pg/cds/exslt/func/elements/script func.script.use-cases.zip
103.10.21 13:07 B C:\jakarta-tomcat-3.2.4\webapps\cocoon\exslt\func\elements\script\func.script.xml --> marian.cs.nott.ac.uk /stud/pg/cds/exslt/func/elements/script func.script.xml
103.10.21 13:07 B C:\jakarta-tomcat-3.2.4\webapps\cocoon\exslt\func\elements\script\func.script.zip --> marian.cs.nott.ac.uk /stud/pg/cds/exslt/func/elements/script func.script.zip
103.10.21 13:07 B C:\jakarta-tomcat-3.2.4\webapps\cocoon\exslt\func\elements\script\index.html --> marian.cs.nott.ac.uk /stud/pg/cds/exslt/func/elements/script index.html
103.10.21 13:07 B C:\jakarta-tomcat-3.2.4\webapps\cocoon\exslt\func\elements\script\refresh.bat --> marian.cs.nott.ac.uk /stud/pg/cds/exslt/func/elements/script refresh.bat
103.10.21 13:07 B C:\jakarta-tomcat-3.2.4\webapps\cocoon\exslt\func\elements\script\update.bat --> marian.cs.nott.ac.uk /stud/pg/cds/exslt/func/elements/script update.bat
103.10.21 13:07 B C:\jakarta-tomcat-3.2.4\webapps\cocoon\exslt\func\elements\script\WS_FTP.LOG --> marian.cs.nott.ac.uk /stud/pg/cds/exslt/func/elements/script WS_FTP.LOG
103.10.23 15:52 B C:\jakarta-tomcat-3.2.4\webapps\cocoon\exslt\func\elements\script\base.css --> ftp.exslt.org /www.exslt.org/public_html/func/elements/script base.css
103.10.23 15:52 B C:\jakarta-tomcat-3.2.4\webapps\cocoon\exslt\func\elements\script\func.script.1.html --> ftp.exslt.org /www.exslt.org/public_html/func/elements/script func.script.1.html
103.10.23 15:52 B C:\jakarta-tomcat-3.2.4\webapps\cocoon\exslt\func\elements\script\func.script.html --> ftp.exslt.org /www.exslt.org/public_html/func/elements/script func.script.html
103.10.23 15:52 B C:\jakarta-tomcat-3.2.4\webapps\cocoon\exslt\func\elements\script\func.script.package.txt --> ftp.exslt.org /www.exslt.org/public_html/func/elements/script func.script.package.txt
103.10.23 15:52 B C:\jakarta-tomcat-3.2.4\webapps\cocoon\exslt\func\elements\script\func.script.use-cases.txt --> ftp.exslt.org /www.exslt.org/public_html/func/elements/script func.script.use-cases.txt
103.10.23 15:52 B C:\jakarta-tomcat-3.2.4\webapps\cocoon\exslt\func\elements\script\func.script.use-cases.zip --> ftp.exslt.org /www.exslt.org/public_html/func/elements/script func.script.use-cases.zip
103.10.23 15:52 B C:\jakarta-tomcat-3.2.4\webapps\cocoon\exslt\func\elements\script\func.script.xml --> ftp.exslt.org /www.exslt.org/public_html/func/elements/script func.script.xml
103.10.23 15:53 B C:\jakarta-tomcat-3.2.4\webapps\cocoon\exslt\func\elements\script\func.script.zip --> ftp.exslt.org /www.exslt.org/public_html/func/elements/script func.script.zip
103.10.23 15:53 B C:\jakarta-tomcat-3.2.4\webapps\cocoon\exslt\func\elements\script\index.html --> ftp.exslt.org /www.exslt.org/public_html/func/elements/script index.html
103.10.23 15:53 B C:\jakarta-tomcat-3.2.4\webapps\cocoon\exslt\func\elements\script\refresh.bat --> ftp.exslt.org /www.exslt.org/public_html/func/elements/script refresh.bat
103.10.23 15:53 B C:\jakarta-tomcat-3.2.4\webapps\cocoon\exslt\func\elements\script\update.bat --> ftp.exslt.org /www.exslt.org/public_html/func/elements/script update.bat
103.10.23 15:53 B C:\jakarta-tomcat-3.2.4\webapps\cocoon\exslt\func\elements\script\WS_FTP.LOG --> ftp.exslt.org /www.exslt.org/public_html/func/elements/script WS_FTP.LOG
103.10.23 16:12 B C:\jakarta-tomcat-3.2.4\webapps\cocoon\exslt\func\elements\script\base.css --> ftp.exslt.org /www.exslt.org/public_html/func/elements/script base.css
103.10.23 16:12 B C:\jakarta-tomcat-3.2.4\webapps\cocoon\exslt\func\elements\script\func.script.1.html --> ftp.exslt.org /www.exslt.org/public_html/func/elements/script func.script.1.html
103.10.23 16:12 B C:\jakarta-tomcat-3.2.4\webapps\cocoon\exslt\func\elements\script\func.script.html --> ftp.exslt.org /www.exslt.org/public_html/func/elements/script func.script.html
103.10.23 16:12 B C:\jakarta-tomcat-3.2.4\webapps\cocoon\exslt\func\elements\script\func.script.package.txt --> ftp.exslt.org /www.exslt.org/public_html/func/elements/script func.script.package.txt
103.10.23 16:12 B C:\jakarta-tomcat-3.2.4\webapps\cocoon\exslt\func\elements\script\func.script.use-cases.txt --> ftp.exslt.org /www.exslt.org/public_html/func/elements/script func.script.use-cases.txt
103.10.23 16:12 B C:\jakarta-tomcat-3.2.4\webapps\cocoon\exslt\func\elements\script\func.script.use-cases.zip --> ftp.exslt.org /www.exslt.org/public_html/func/elements/script func.script.use-cases.zip
103.10.23 16:12 B C:\jakarta-tomcat-3.2.4\webapps\cocoon\exslt\func\elements\script\func.script.xml --> ftp.exslt.org /www.exslt.org/public_html/func/elements/script func.script.xml
103.10.23 16:12 B C:\jakarta-tomcat-3.2.4\webapps\cocoon\exslt\func\elements\script\func.script.zip --> ftp.exslt.org /www.exslt.org/public_html/func/elements/script func.script.zip
103.10.23 16:12 B C:\jakarta-tomcat-3.2.4\webapps\cocoon\exslt\func\elements\script\index.html --> ftp.exslt.org /www.exslt.org/public_html/func/elements/script index.html
103.10.23 16:12 B C:\jakarta-tomcat-3.2.4\webapps\cocoon\exslt\func\elements\script\refresh.bat --> ftp.exslt.org /www.exslt.org/public_html/func/elements/script refresh.bat
103.10.23 16:12 B C:\jakarta-tomcat-3.2.4\webapps\cocoon\exslt\func\elements\script\update.bat --> ftp.exslt.org /www.exslt.org/public_html/func/elements/script update.bat
