102.08.21 17:31 B C:\jakarta-tomcat-3.2.4\webapps\cocoon\exslt\dyn\base.css --> ftp.exslt.org /www.exslt.org/public_html/dyn base.css
102.08.21 17:31 B C:\jakarta-tomcat-3.2.4\webapps\cocoon\exslt\dyn\dyn.1.html --> ftp.exslt.org /www.exslt.org/public_html/dyn dyn.1.html
102.08.21 17:31 B C:\jakarta-tomcat-3.2.4\webapps\cocoon\exslt\dyn\dyn.html --> ftp.exslt.org /www.exslt.org/public_html/dyn dyn.html
102.08.21 17:31 B C:\jakarta-tomcat-3.2.4\webapps\cocoon\exslt\dyn\dyn.package.txt --> ftp.exslt.org /www.exslt.org/public_html/dyn dyn.package.txt
102.08.21 17:31 B C:\jakarta-tomcat-3.2.4\webapps\cocoon\exslt\dyn\dyn.xml --> ftp.exslt.org /www.exslt.org/public_html/dyn dyn.xml
102.08.21 17:31 B C:\jakarta-tomcat-3.2.4\webapps\cocoon\exslt\dyn\dyn.zip --> ftp.exslt.org /www.exslt.org/public_html/dyn dyn.zip
102.08.21 17:31 B C:\jakarta-tomcat-3.2.4\webapps\cocoon\exslt\dyn\index.html --> ftp.exslt.org /www.exslt.org/public_html/dyn index.html
102.08.21 17:31 B C:\jakarta-tomcat-3.2.4\webapps\cocoon\exslt\dyn\refresh.bat --> ftp.exslt.org /www.exslt.org/public_html/dyn refresh.bat
102.08.21 17:31 B C:\jakarta-tomcat-3.2.4\webapps\cocoon\exslt\dyn\update.bat --> ftp.exslt.org /www.exslt.org/public_html/dyn update.bat
102.11.19 13:15 B C:\jakarta-tomcat-3.2.4\webapps\cocoon\exslt\dyn\base.css --> ftp.exslt.org /www.exslt.org/public_html/dyn base.css
102.11.19 13:15 B C:\jakarta-tomcat-3.2.4\webapps\cocoon\exslt\dyn\dyn.1.html --> ftp.exslt.org /www.exslt.org/public_html/dyn dyn.1.html
102.11.19 13:15 B C:\jakarta-tomcat-3.2.4\webapps\cocoon\exslt\dyn\dyn.html --> ftp.exslt.org /www.exslt.org/public_html/dyn dyn.html
102.11.19 13:15 B C:\jakarta-tomcat-3.2.4\webapps\cocoon\exslt\dyn\dyn.package.txt --> ftp.exslt.org /www.exslt.org/public_html/dyn dyn.package.txt
102.11.19 13:15 B C:\jakarta-tomcat-3.2.4\webapps\cocoon\exslt\dyn\dyn.xml --> ftp.exslt.org /www.exslt.org/public_html/dyn dyn.xml
102.11.19 13:15 B C:\jakarta-tomcat-3.2.4\webapps\cocoon\exslt\dyn\dyn.zip --> ftp.exslt.org /www.exslt.org/public_html/dyn dyn.zip
102.11.19 13:15 B C:\jakarta-tomcat-3.2.4\webapps\cocoon\exslt\dyn\index.html --> ftp.exslt.org /www.exslt.org/public_html/dyn index.html
102.11.19 13:15 B C:\jakarta-tomcat-3.2.4\webapps\cocoon\exslt\dyn\refresh.bat --> ftp.exslt.org /www.exslt.org/public_html/dyn refresh.bat
102.11.19 13:15 B C:\jakarta-tomcat-3.2.4\webapps\cocoon\exslt\dyn\update.bat --> ftp.exslt.org /www.exslt.org/public_html/dyn update.bat
102.11.19 13:15 B C:\jakarta-tomcat-3.2.4\webapps\cocoon\exslt\dyn\WS_FTP.LOG --> ftp.exslt.org /www.exslt.org/public_html/dyn WS_FTP.LOG
102.11.19 13:21 B C:\jakarta-tomcat-3.2.4\webapps\cocoon\exslt\dyn\base.css --> ftp.exslt.org /www.exslt.org/public_html/dyn base.css
102.11.19 13:21 B C:\jakarta-tomcat-3.2.4\webapps\cocoon\exslt\dyn\dyn.1.html --> ftp.exslt.org /www.exslt.org/public_html/dyn dyn.1.html
102.11.19 13:21 B C:\jakarta-tomcat-3.2.4\webapps\cocoon\exslt\dyn\dyn.html --> ftp.exslt.org /www.exslt.org/public_html/dyn dyn.html
102.11.19 13:21 B C:\jakarta-tomcat-3.2.4\webapps\cocoon\exslt\dyn\dyn.package.txt --> ftp.exslt.org /www.exslt.org/public_html/dyn dyn.package.txt
102.11.19 13:21 B C:\jakarta-tomcat-3.2.4\webapps\cocoon\exslt\dyn\dyn.xml --> ftp.exslt.org /www.exslt.org/public_html/dyn dyn.xml
102.11.19 13:21 B C:\jakarta-tomcat-3.2.4\webapps\cocoon\exslt\dyn\dyn.zip --> ftp.exslt.org /www.exslt.org/public_html/dyn dyn.zip
102.11.19 13:21 B C:\jakarta-tomcat-3.2.4\webapps\cocoon\exslt\dyn\index.html --> ftp.exslt.org /www.exslt.org/public_html/dyn index.html
102.11.19 13:21 B C:\jakarta-tomcat-3.2.4\webapps\cocoon\exslt\dyn\refresh.bat --> ftp.exslt.org /www.exslt.org/public_html/dyn refresh.bat
102.11.19 13:21 B C:\jakarta-tomcat-3.2.4\webapps\cocoon\exslt\dyn\update.bat --> ftp.exslt.org /www.exslt.org/public_html/dyn update.bat
102.12.02 12:22 B C:\jakarta-tomcat-3.2.4\webapps\cocoon\exslt\public_html\dyn\WS_FTP.LOG <-- ftp.exslt.org /www.exslt.org/public_html/dyn WS_FTP.LOG
102.12.03 11:10 B C:\jakarta-tomcat-3.2.4\webapps\cocoon\exslt\dyn\base.css --> ftp.exslt.org /www.exslt.org/public_html/dyn base.css
102.12.03 11:10 B C:\jakarta-tomcat-3.2.4\webapps\cocoon\exslt\dyn\dyn.1.html --> ftp.exslt.org /www.exslt.org/public_html/dyn dyn.1.html
102.12.03 11:10 B C:\jakarta-tomcat-3.2.4\webapps\cocoon\exslt\dyn\dyn.html --> ftp.exslt.org /www.exslt.org/public_html/dyn dyn.html
102.12.03 11:10 B C:\jakarta-tomcat-3.2.4\webapps\cocoon\exslt\dyn\dyn.package.txt --> ftp.exslt.org /www.exslt.org/public_html/dyn dyn.package.txt
102.12.03 11:10 B C:\jakarta-tomcat-3.2.4\webapps\cocoon\exslt\dyn\dyn.xml --> ftp.exslt.org /www.exslt.org/public_html/dyn dyn.xml
102.12.03 11:10 B C:\jakarta-tomcat-3.2.4\webapps\cocoon\exslt\dyn\dyn.zip --> ftp.exslt.org /www.exslt.org/public_html/dyn dyn.zip
102.12.03 11:10 B C:\jakarta-tomcat-3.2.4\webapps\cocoon\exslt\dyn\index.html --> ftp.exslt.org /www.exslt.org/public_html/dyn index.html
102.12.03 11:10 B C:\jakarta-tomcat-3.2.4\webapps\cocoon\exslt\dyn\refresh.bat --> ftp.exslt.org /www.exslt.org/public_html/dyn refresh.bat
102.12.03 11:10 B C:\jakarta-tomcat-3.2.4\webapps\cocoon\exslt\dyn\update.bat --> ftp.exslt.org /www.exslt.org/public_html/dyn update.bat
102.12.03 11:10 B C:\jakarta-tomcat-3.2.4\webapps\cocoon\exslt\dyn\WS_FTP.LOG --> ftp.exslt.org /www.exslt.org/public_html/dyn WS_FTP.LOG
102.12.11 11:04 B C:\jakarta-tomcat-3.2.4\webapps\cocoon\exslt\dyn\base.css --> ftp.exslt.org /www.exslt.org/public_html/dyn base.css
102.12.11 11:04 B C:\jakarta-tomcat-3.2.4\webapps\cocoon\exslt\dyn\dyn.1.html --> ftp.exslt.org /www.exslt.org/public_html/dyn dyn.1.html
102.12.11 11:04 B C:\jakarta-tomcat-3.2.4\webapps\cocoon\exslt\dyn\dyn.html --> ftp.exslt.org /www.exslt.org/public_html/dyn dyn.html
102.12.11 11:04 B C:\jakarta-tomcat-3.2.4\webapps\cocoon\exslt\dyn\dyn.package.txt --> ftp.exslt.org /www.exslt.org/public_html/dyn dyn.package.txt
102.12.11 11:04 B C:\jakarta-tomcat-3.2.4\webapps\cocoon\exslt\dyn\dyn.xml --> ftp.exslt.org /www.exslt.org/public_html/dyn dyn.xml
102.12.11 11:04 B C:\jakarta-tomcat-3.2.4\webapps\cocoon\exslt\dyn\dyn.zip --> ftp.exslt.org /www.exslt.org/public_html/dyn dyn.zip
102.12.11 11:04 B C:\jakarta-tomcat-3.2.4\webapps\cocoon\exslt\dyn\index.html --> ftp.exslt.org /www.exslt.org/public_html/dyn index.html
102.12.11 11:04 B C:\jakarta-tomcat-3.2.4\webapps\cocoon\exslt\dyn\refresh.bat --> ftp.exslt.org /www.exslt.org/public_html/dyn refresh.bat
102.12.11 11:04 B C:\jakarta-tomcat-3.2.4\webapps\cocoon\exslt\dyn\update.bat --> ftp.exslt.org /www.exslt.org/public_html/dyn update.bat
