102.08.21 17:24 B C:\jakarta-tomcat-3.2.4\webapps\cocoon\exslt\date\elements\date-format\base.css --> ftp.exslt.org /www.exslt.org/public_html/date/elements/date-format base.css
102.08.21 17:24 B C:\jakarta-tomcat-3.2.4\webapps\cocoon\exslt\date\elements\date-format\date.date-format.1.html --> ftp.exslt.org /www.exslt.org/public_html/date/elements/date-format date.date-format.1.html
102.08.21 17:24 B C:\jakarta-tomcat-3.2.4\webapps\cocoon\exslt\date\elements\date-format\date.date-format.html --> ftp.exslt.org /www.exslt.org/public_html/date/elements/date-format date.date-format.html
102.08.21 17:24 B C:\jakarta-tomcat-3.2.4\webapps\cocoon\exslt\date\elements\date-format\date.date-format.package.txt --> ftp.exslt.org /www.exslt.org/public_html/date/elements/date-format date.date-format.package.txt
102.08.21 17:24 B C:\jakarta-tomcat-3.2.4\webapps\cocoon\exslt\date\elements\date-format\date.date-format.use-cases.txt --> ftp.exslt.org /www.exslt.org/public_html/date/elements/date-format date.date-format.use-cases.txt
102.08.21 17:24 B C:\jakarta-tomcat-3.2.4\webapps\cocoon\exslt\date\elements\date-format\date.date-format.use-cases.zip --> ftp.exslt.org /www.exslt.org/public_html/date/elements/date-format date.date-format.use-cases.zip
102.08.21 17:24 B C:\jakarta-tomcat-3.2.4\webapps\cocoon\exslt\date\elements\date-format\date.date-format.xml --> ftp.exslt.org /www.exslt.org/public_html/date/elements/date-format date.date-format.xml
102.08.21 17:24 B C:\jakarta-tomcat-3.2.4\webapps\cocoon\exslt\date\elements\date-format\date.date-format.zip --> ftp.exslt.org /www.exslt.org/public_html/date/elements/date-format date.date-format.zip
102.08.21 17:24 B C:\jakarta-tomcat-3.2.4\webapps\cocoon\exslt\date\elements\date-format\index.html --> ftp.exslt.org /www.exslt.org/public_html/date/elements/date-format index.html
102.08.21 17:24 B C:\jakarta-tomcat-3.2.4\webapps\cocoon\exslt\date\elements\date-format\refresh.bat --> ftp.exslt.org /www.exslt.org/public_html/date/elements/date-format refresh.bat
102.08.21 17:24 B C:\jakarta-tomcat-3.2.4\webapps\cocoon\exslt\date\elements\date-format\update.bat --> ftp.exslt.org /www.exslt.org/public_html/date/elements/date-format update.bat
102.08.21 17:30 B C:\jakarta-tomcat-3.2.4\webapps\cocoon\exslt\date\elements\date-format\base.css --> ftp.exslt.org /www.exslt.org/public_html/date/elements/date-format base.css
102.08.21 17:30 B C:\jakarta-tomcat-3.2.4\webapps\cocoon\exslt\date\elements\date-format\date.date-format.1.html --> ftp.exslt.org /www.exslt.org/public_html/date/elements/date-format date.date-format.1.html
102.08.21 17:30 B C:\jakarta-tomcat-3.2.4\webapps\cocoon\exslt\date\elements\date-format\date.date-format.html --> ftp.exslt.org /www.exslt.org/public_html/date/elements/date-format date.date-format.html
102.08.21 17:30 B C:\jakarta-tomcat-3.2.4\webapps\cocoon\exslt\date\elements\date-format\date.date-format.package.txt --> ftp.exslt.org /www.exslt.org/public_html/date/elements/date-format date.date-format.package.txt
102.08.21 17:30 B C:\jakarta-tomcat-3.2.4\webapps\cocoon\exslt\date\elements\date-format\date.date-format.use-cases.txt --> ftp.exslt.org /www.exslt.org/public_html/date/elements/date-format date.date-format.use-cases.txt
102.08.21 17:30 B C:\jakarta-tomcat-3.2.4\webapps\cocoon\exslt\date\elements\date-format\date.date-format.use-cases.zip --> ftp.exslt.org /www.exslt.org/public_html/date/elements/date-format date.date-format.use-cases.zip
102.08.21 17:30 B C:\jakarta-tomcat-3.2.4\webapps\cocoon\exslt\date\elements\date-format\date.date-format.xml --> ftp.exslt.org /www.exslt.org/public_html/date/elements/date-format date.date-format.xml
102.08.21 17:30 B C:\jakarta-tomcat-3.2.4\webapps\cocoon\exslt\date\elements\date-format\date.date-format.zip --> ftp.exslt.org /www.exslt.org/public_html/date/elements/date-format date.date-format.zip
102.08.21 17:30 B C:\jakarta-tomcat-3.2.4\webapps\cocoon\exslt\date\elements\date-format\index.html --> ftp.exslt.org /www.exslt.org/public_html/date/elements/date-format index.html
102.08.21 17:30 B C:\jakarta-tomcat-3.2.4\webapps\cocoon\exslt\date\elements\date-format\refresh.bat --> ftp.exslt.org /www.exslt.org/public_html/date/elements/date-format refresh.bat
102.08.21 17:30 B C:\jakarta-tomcat-3.2.4\webapps\cocoon\exslt\date\elements\date-format\update.bat --> ftp.exslt.org /www.exslt.org/public_html/date/elements/date-format update.bat
102.08.21 17:30 B C:\jakarta-tomcat-3.2.4\webapps\cocoon\exslt\date\elements\date-format\WS_FTP.LOG --> ftp.exslt.org /www.exslt.org/public_html/date/elements/date-format WS_FTP.LOG
102.11.19 13:13 B C:\jakarta-tomcat-3.2.4\webapps\cocoon\exslt\date\elements\date-format\base.css --> ftp.exslt.org /www.exslt.org/public_html/date/elements/date-format base.css
102.11.19 13:13 B C:\jakarta-tomcat-3.2.4\webapps\cocoon\exslt\date\elements\date-format\date.date-format.1.html --> ftp.exslt.org /www.exslt.org/public_html/date/elements/date-format date.date-format.1.html
102.11.19 13:13 B C:\jakarta-tomcat-3.2.4\webapps\cocoon\exslt\date\elements\date-format\date.date-format.html --> ftp.exslt.org /www.exslt.org/public_html/date/elements/date-format date.date-format.html
102.11.19 13:13 B C:\jakarta-tomcat-3.2.4\webapps\cocoon\exslt\date\elements\date-format\date.date-format.package.txt --> ftp.exslt.org /www.exslt.org/public_html/date/elements/date-format date.date-format.package.txt
102.11.19 13:13 B C:\jakarta-tomcat-3.2.4\webapps\cocoon\exslt\date\elements\date-format\date.date-format.use-cases.txt --> ftp.exslt.org /www.exslt.org/public_html/date/elements/date-format date.date-format.use-cases.txt
102.11.19 13:13 B C:\jakarta-tomcat-3.2.4\webapps\cocoon\exslt\date\elements\date-format\date.date-format.use-cases.zip --> ftp.exslt.org /www.exslt.org/public_html/date/elements/date-format date.date-format.use-cases.zip
102.11.19 13:13 B C:\jakarta-tomcat-3.2.4\webapps\cocoon\exslt\date\elements\date-format\date.date-format.xml --> ftp.exslt.org /www.exslt.org/public_html/date/elements/date-format date.date-format.xml
102.11.19 13:13 B C:\jakarta-tomcat-3.2.4\webapps\cocoon\exslt\date\elements\date-format\date.date-format.zip --> ftp.exslt.org /www.exslt.org/public_html/date/elements/date-format date.date-format.zip
102.11.19 13:13 B C:\jakarta-tomcat-3.2.4\webapps\cocoon\exslt\date\elements\date-format\index.html --> ftp.exslt.org /www.exslt.org/public_html/date/elements/date-format index.html
102.11.19 13:13 B C:\jakarta-tomcat-3.2.4\webapps\cocoon\exslt\date\elements\date-format\refresh.bat --> ftp.exslt.org /www.exslt.org/public_html/date/elements/date-format refresh.bat
102.11.19 13:13 B C:\jakarta-tomcat-3.2.4\webapps\cocoon\exslt\date\elements\date-format\update.bat --> ftp.exslt.org /www.exslt.org/public_html/date/elements/date-format update.bat
102.11.19 13:13 B C:\jakarta-tomcat-3.2.4\webapps\cocoon\exslt\date\elements\date-format\WS_FTP.LOG --> ftp.exslt.org /www.exslt.org/public_html/date/elements/date-format WS_FTP.LOG
102.11.19 13:20 B C:\jakarta-tomcat-3.2.4\webapps\cocoon\exslt\date\elements\date-format\base.css --> ftp.exslt.org /www.exslt.org/public_html/date/elements/date-format base.css
102.11.19 13:20 B C:\jakarta-tomcat-3.2.4\webapps\cocoon\exslt\date\elements\date-format\date.date-format.1.html --> ftp.exslt.org /www.exslt.org/public_html/date/elements/date-format date.date-format.1.html
102.11.19 13:20 B C:\jakarta-tomcat-3.2.4\webapps\cocoon\exslt\date\elements\date-format\date.date-format.html --> ftp.exslt.org /www.exslt.org/public_html/date/elements/date-format date.date-format.html
102.11.19 13:20 B C:\jakarta-tomcat-3.2.4\webapps\cocoon\exslt\date\elements\date-format\date.date-format.package.txt --> ftp.exslt.org /www.exslt.org/public_html/date/elements/date-format date.date-format.package.txt
102.11.19 13:20 B C:\jakarta-tomcat-3.2.4\webapps\cocoon\exslt\date\elements\date-format\date.date-format.use-cases.txt --> ftp.exslt.org /www.exslt.org/public_html/date/elements/date-format date.date-format.use-cases.txt
102.11.19 13:20 B C:\jakarta-tomcat-3.2.4\webapps\cocoon\exslt\date\elements\date-format\date.date-format.use-cases.zip --> ftp.exslt.org /www.exslt.org/public_html/date/elements/date-format date.date-format.use-cases.zip
102.11.19 13:20 B C:\jakarta-tomcat-3.2.4\webapps\cocoon\exslt\date\elements\date-format\date.date-format.xml --> ftp.exslt.org /www.exslt.org/public_html/date/elements/date-format date.date-format.xml
102.11.19 13:20 B C:\jakarta-tomcat-3.2.4\webapps\cocoon\exslt\date\elements\date-format\date.date-format.zip --> ftp.exslt.org /www.exslt.org/public_html/date/elements/date-format date.date-format.zip
102.11.19 13:20 B C:\jakarta-tomcat-3.2.4\webapps\cocoon\exslt\date\elements\date-format\index.html --> ftp.exslt.org /www.exslt.org/public_html/date/elements/date-format index.html
102.11.19 13:20 B C:\jakarta-tomcat-3.2.4\webapps\cocoon\exslt\date\elements\date-format\refresh.bat --> ftp.exslt.org /www.exslt.org/public_html/date/elements/date-format refresh.bat
102.11.19 13:20 B C:\jakarta-tomcat-3.2.4\webapps\cocoon\exslt\date\elements\date-format\update.bat --> ftp.exslt.org /www.exslt.org/public_html/date/elements/date-format update.bat
102.12.02 12:21 B C:\jakarta-tomcat-3.2.4\webapps\cocoon\exslt\public_html\date\elements\date-format\WS_FTP.LOG <-- ftp.exslt.org /www.exslt.org/public_html/date/elements/date-format WS_FTP.LOG
102.12.03 11:04 B C:\jakarta-tomcat-3.2.4\webapps\cocoon\exslt\date\elements\date-format\base.css --> ftp.exslt.org /www.exslt.org/public_html/date/elements/date-format base.css
102.12.03 11:04 B C:\jakarta-tomcat-3.2.4\webapps\cocoon\exslt\date\elements\date-format\date.date-format.1.html --> ftp.exslt.org /www.exslt.org/public_html/date/elements/date-format date.date-format.1.html
102.12.03 11:04 B C:\jakarta-tomcat-3.2.4\webapps\cocoon\exslt\date\elements\date-format\date.date-format.html --> ftp.exslt.org /www.exslt.org/public_html/date/elements/date-format date.date-format.html
102.12.03 11:04 B C:\jakarta-tomcat-3.2.4\webapps\cocoon\exslt\date\elements\date-format\date.date-format.package.txt --> ftp.exslt.org /www.exslt.org/public_html/date/elements/date-format date.date-format.package.txt
102.12.03 11:04 B C:\jakarta-tomcat-3.2.4\webapps\cocoon\exslt\date\elements\date-format\date.date-format.use-cases.txt --> ftp.exslt.org /www.exslt.org/public_html/date/elements/date-format date.date-format.use-cases.txt
102.12.03 11:04 B C:\jakarta-tomcat-3.2.4\webapps\cocoon\exslt\date\elements\date-format\date.date-format.use-cases.zip --> ftp.exslt.org /www.exslt.org/public_html/date/elements/date-format date.date-format.use-cases.zip
102.12.03 11:04 B C:\jakarta-tomcat-3.2.4\webapps\cocoon\exslt\date\elements\date-format\date.date-format.xml --> ftp.exslt.org /www.exslt.org/public_html/date/elements/date-format date.date-format.xml
102.12.03 11:04 B C:\jakarta-tomcat-3.2.4\webapps\cocoon\exslt\date\elements\date-format\date.date-format.zip --> ftp.exslt.org /www.exslt.org/public_html/date/elements/date-format date.date-format.zip
102.12.03 11:04 B C:\jakarta-tomcat-3.2.4\webapps\cocoon\exslt\date\elements\date-format\index.html --> ftp.exslt.org /www.exslt.org/public_html/date/elements/date-format index.html
102.12.03 11:04 B C:\jakarta-tomcat-3.2.4\webapps\cocoon\exslt\date\elements\date-format\refresh.bat --> ftp.exslt.org /www.exslt.org/public_html/date/elements/date-format refresh.bat
102.12.03 11:04 B C:\jakarta-tomcat-3.2.4\webapps\cocoon\exslt\date\elements\date-format\update.bat --> ftp.exslt.org /www.exslt.org/public_html/date/elements/date-format update.bat
102.12.03 11:04 B C:\jakarta-tomcat-3.2.4\webapps\cocoon\exslt\date\elements\date-format\WS_FTP.LOG --> ftp.exslt.org /www.exslt.org/public_html/date/elements/date-format WS_FTP.LOG
102.12.03 11:09 B C:\jakarta-tomcat-3.2.4\webapps\cocoon\exslt\date\elements\date-format\base.css --> ftp.exslt.org /www.exslt.org/public_html/date/elements/date-format base.css
102.12.03 11:09 B C:\jakarta-tomcat-3.2.4\webapps\cocoon\exslt\date\elements\date-format\date.date-format.1.html --> ftp.exslt.org /www.exslt.org/public_html/date/elements/date-format date.date-format.1.html
102.12.03 11:09 B C:\jakarta-tomcat-3.2.4\webapps\cocoon\exslt\date\elements\date-format\date.date-format.html --> ftp.exslt.org /www.exslt.org/public_html/date/elements/date-format date.date-format.html
102.12.03 11:09 B C:\jakarta-tomcat-3.2.4\webapps\cocoon\exslt\date\elements\date-format\date.date-format.package.txt --> ftp.exslt.org /www.exslt.org/public_html/date/elements/date-format date.date-format.package.txt
102.12.03 11:09 B C:\jakarta-tomcat-3.2.4\webapps\cocoon\exslt\date\elements\date-format\date.date-format.use-cases.txt --> ftp.exslt.org /www.exslt.org/public_html/date/elements/date-format date.date-format.use-cases.txt
102.12.03 11:09 B C:\jakarta-tomcat-3.2.4\webapps\cocoon\exslt\date\elements\date-format\date.date-format.use-cases.zip --> ftp.exslt.org /www.exslt.org/public_html/date/elements/date-format date.date-format.use-cases.zip
102.12.03 11:09 B C:\jakarta-tomcat-3.2.4\webapps\cocoon\exslt\date\elements\date-format\date.date-format.xml --> ftp.exslt.org /www.exslt.org/public_html/date/elements/date-format date.date-format.xml
102.12.03 11:09 B C:\jakarta-tomcat-3.2.4\webapps\cocoon\exslt\date\elements\date-format\date.date-format.zip --> ftp.exslt.org /www.exslt.org/public_html/date/elements/date-format date.date-format.zip
102.12.03 11:09 B C:\jakarta-tomcat-3.2.4\webapps\cocoon\exslt\date\elements\date-format\index.html --> ftp.exslt.org /www.exslt.org/public_html/date/elements/date-format index.html
102.12.03 11:09 B C:\jakarta-tomcat-3.2.4\webapps\cocoon\exslt\date\elements\date-format\refresh.bat --> ftp.exslt.org /www.exslt.org/public_html/date/elements/date-format refresh.bat
102.12.03 11:09 B C:\jakarta-tomcat-3.2.4\webapps\cocoon\exslt\date\elements\date-format\update.bat --> ftp.exslt.org /www.exslt.org/public_html/date/elements/date-format update.bat
102.12.03 11:09 B C:\jakarta-tomcat-3.2.4\webapps\cocoon\exslt\date\elements\date-format\WS_FTP.LOG --> ftp.exslt.org /www.exslt.org/public_html/date/elements/date-format WS_FTP.LOG
102.12.11 10:53 B C:\jakarta-tomcat-3.2.4\webapps\cocoon\exslt\date\elements\date-format\base.css --> ftp.exslt.org /www.exslt.org/public_html/date/elements/date-format base.css
102.12.11 10:53 B C:\jakarta-tomcat-3.2.4\webapps\cocoon\exslt\date\elements\date-format\date.date-format.1.html --> ftp.exslt.org /www.exslt.org/public_html/date/elements/date-format date.date-format.1.html
102.12.11 10:53 B C:\jakarta-tomcat-3.2.4\webapps\cocoon\exslt\date\elements\date-format\date.date-format.html --> ftp.exslt.org /www.exslt.org/public_html/date/elements/date-format date.date-format.html
102.12.11 10:53 B C:\jakarta-tomcat-3.2.4\webapps\cocoon\exslt\date\elements\date-format\date.date-format.package.txt --> ftp.exslt.org /www.exslt.org/public_html/date/elements/date-format date.date-format.package.txt
102.12.11 10:53 B C:\jakarta-tomcat-3.2.4\webapps\cocoon\exslt\date\elements\date-format\date.date-format.use-cases.txt --> ftp.exslt.org /www.exslt.org/public_html/date/elements/date-format date.date-format.use-cases.txt
102.12.11 10:53 B C:\jakarta-tomcat-3.2.4\webapps\cocoon\exslt\date\elements\date-format\date.date-format.use-cases.zip --> ftp.exslt.org /www.exslt.org/public_html/date/elements/date-format date.date-format.use-cases.zip
102.12.11 10:53 B C:\jakarta-tomcat-3.2.4\webapps\cocoon\exslt\date\elements\date-format\date.date-format.xml --> ftp.exslt.org /www.exslt.org/public_html/date/elements/date-format date.date-format.xml
102.12.11 10:53 B C:\jakarta-tomcat-3.2.4\webapps\cocoon\exslt\date\elements\date-format\date.date-format.zip --> ftp.exslt.org /www.exslt.org/public_html/date/elements/date-format date.date-format.zip
102.12.11 10:53 B C:\jakarta-tomcat-3.2.4\webapps\cocoon\exslt\date\elements\date-format\index.html --> ftp.exslt.org /www.exslt.org/public_html/date/elements/date-format index.html
102.12.11 10:53 B C:\jakarta-tomcat-3.2.4\webapps\cocoon\exslt\date\elements\date-format\refresh.bat --> ftp.exslt.org /www.exslt.org/public_html/date/elements/date-format refresh.bat
102.12.11 10:53 B C:\jakarta-tomcat-3.2.4\webapps\cocoon\exslt\date\elements\date-format\update.bat --> ftp.exslt.org /www.exslt.org/public_html/date/elements/date-format update.bat
102.12.11 10:53 B C:\jakarta-tomcat-3.2.4\webapps\cocoon\exslt\date\elements\date-format\WS_FTP.LOG --> ftp.exslt.org /www.exslt.org/public_html/date/elements/date-format WS_FTP.LOG
102.12.11 11:01 B C:\jakarta-tomcat-3.2.4\webapps\cocoon\exslt\date\elements\date-format\base.css --> ftp.exslt.org /www.exslt.org/public_html/date/elements/date-format base.css
102.12.11 11:01 B C:\jakarta-tomcat-3.2.4\webapps\cocoon\exslt\date\elements\date-format\date.date-format.1.html --> ftp.exslt.org /www.exslt.org/public_html/date/elements/date-format date.date-format.1.html
102.12.11 11:01 B C:\jakarta-tomcat-3.2.4\webapps\cocoon\exslt\date\elements\date-format\date.date-format.html --> ftp.exslt.org /www.exslt.org/public_html/date/elements/date-format date.date-format.html
102.12.11 11:01 B C:\jakarta-tomcat-3.2.4\webapps\cocoon\exslt\date\elements\date-format\date.date-format.package.txt --> ftp.exslt.org /www.exslt.org/public_html/date/elements/date-format date.date-format.package.txt
102.12.11 11:01 B C:\jakarta-tomcat-3.2.4\webapps\cocoon\exslt\date\elements\date-format\date.date-format.use-cases.txt --> ftp.exslt.org /www.exslt.org/public_html/date/elements/date-format date.date-format.use-cases.txt
102.12.11 11:01 B C:\jakarta-tomcat-3.2.4\webapps\cocoon\exslt\date\elements\date-format\date.date-format.use-cases.zip --> ftp.exslt.org /www.exslt.org/public_html/date/elements/date-format date.date-format.use-cases.zip
102.12.11 11:01 B C:\jakarta-tomcat-3.2.4\webapps\cocoon\exslt\date\elements\date-format\date.date-format.xml --> ftp.exslt.org /www.exslt.org/public_html/date/elements/date-format date.date-format.xml
102.12.11 11:01 B C:\jakarta-tomcat-3.2.4\webapps\cocoon\exslt\date\elements\date-format\date.date-format.zip --> ftp.exslt.org /www.exslt.org/public_html/date/elements/date-format date.date-format.zip
102.12.11 11:01 B C:\jakarta-tomcat-3.2.4\webapps\cocoon\exslt\date\elements\date-format\index.html --> ftp.exslt.org /www.exslt.org/public_html/date/elements/date-format index.html
102.12.11 11:01 B C:\jakarta-tomcat-3.2.4\webapps\cocoon\exslt\date\elements\date-format\refresh.bat --> ftp.exslt.org /www.exslt.org/public_html/date/elements/date-format refresh.bat
102.12.11 11:01 B C:\jakarta-tomcat-3.2.4\webapps\cocoon\exslt\date\elements\date-format\update.bat --> ftp.exslt.org /www.exslt.org/public_html/date/elements/date-format update.bat
102.12.11 11:01 B C:\jakarta-tomcat-3.2.4\webapps\cocoon\exslt\date\elements\date-format\WS_FTP.LOG --> ftp.exslt.org /www.exslt.org/public_html/date/elements/date-format WS_FTP.LOG
102.12.11 11:03 B C:\jakarta-tomcat-3.2.4\webapps\cocoon\exslt\date\elements\date-format\base.css --> ftp.exslt.org /www.exslt.org/public_html/date/elements/date-format base.css
102.12.11 11:03 B C:\jakarta-tomcat-3.2.4\webapps\cocoon\exslt\date\elements\date-format\date.date-format.1.html --> ftp.exslt.org /www.exslt.org/public_html/date/elements/date-format date.date-format.1.html
102.12.11 11:03 B C:\jakarta-tomcat-3.2.4\webapps\cocoon\exslt\date\elements\date-format\date.date-format.html --> ftp.exslt.org /www.exslt.org/public_html/date/elements/date-format date.date-format.html
102.12.11 11:03 B C:\jakarta-tomcat-3.2.4\webapps\cocoon\exslt\date\elements\date-format\date.date-format.package.txt --> ftp.exslt.org /www.exslt.org/public_html/date/elements/date-format date.date-format.package.txt
102.12.11 11:03 B C:\jakarta-tomcat-3.2.4\webapps\cocoon\exslt\date\elements\date-format\date.date-format.use-cases.txt --> ftp.exslt.org /www.exslt.org/public_html/date/elements/date-format date.date-format.use-cases.txt
102.12.11 11:03 B C:\jakarta-tomcat-3.2.4\webapps\cocoon\exslt\date\elements\date-format\date.date-format.use-cases.zip --> ftp.exslt.org /www.exslt.org/public_html/date/elements/date-format date.date-format.use-cases.zip
102.12.11 11:03 B C:\jakarta-tomcat-3.2.4\webapps\cocoon\exslt\date\elements\date-format\date.date-format.xml --> ftp.exslt.org /www.exslt.org/public_html/date/elements/date-format date.date-format.xml
102.12.11 11:03 B C:\jakarta-tomcat-3.2.4\webapps\cocoon\exslt\date\elements\date-format\date.date-format.zip --> ftp.exslt.org /www.exslt.org/public_html/date/elements/date-format date.date-format.zip
102.12.11 11:03 B C:\jakarta-tomcat-3.2.4\webapps\cocoon\exslt\date\elements\date-format\index.html --> ftp.exslt.org /www.exslt.org/public_html/date/elements/date-format index.html
102.12.11 11:03 B C:\jakarta-tomcat-3.2.4\webapps\cocoon\exslt\date\elements\date-format\refresh.bat --> ftp.exslt.org /www.exslt.org/public_html/date/elements/date-format refresh.bat
102.12.11 11:03 B C:\jakarta-tomcat-3.2.4\webapps\cocoon\exslt\date\elements\date-format\update.bat --> ftp.exslt.org /www.exslt.org/public_html/date/elements/date-format update.bat
103.09.29 14:53 B C:\jakarta-tomcat-3.2.4\webapps\cocoon\exslt\date\elements\date-format\WS_FTP.LOG <-- ftp.exslt.org /www.exslt.org/public_html/date/elements/date-format WS_FTP.LOG
103.10.17 10:53 B C:\jakarta-tomcat-3.2.4\webapps\cocoon\exslt\date\elements\date-format\base.css --> ftp.exslt.org /www.exslt.org/public_html/date/elements/date-format base.css
103.10.17 10:53 B C:\jakarta-tomcat-3.2.4\webapps\cocoon\exslt\date\elements\date-format\date.date-format.1.html --> ftp.exslt.org /www.exslt.org/public_html/date/elements/date-format date.date-format.1.html
103.10.17 10:53 B C:\jakarta-tomcat-3.2.4\webapps\cocoon\exslt\date\elements\date-format\date.date-format.html --> ftp.exslt.org /www.exslt.org/public_html/date/elements/date-format date.date-format.html
103.10.17 10:53 B C:\jakarta-tomcat-3.2.4\webapps\cocoon\exslt\date\elements\date-format\date.date-format.package.txt --> ftp.exslt.org /www.exslt.org/public_html/date/elements/date-format date.date-format.package.txt
103.10.17 10:53 B C:\jakarta-tomcat-3.2.4\webapps\cocoon\exslt\date\elements\date-format\date.date-format.use-cases.txt --> ftp.exslt.org /www.exslt.org/public_html/date/elements/date-format date.date-format.use-cases.txt
103.10.17 10:53 B C:\jakarta-tomcat-3.2.4\webapps\cocoon\exslt\date\elements\date-format\date.date-format.use-cases.zip --> ftp.exslt.org /www.exslt.org/public_html/date/elements/date-format date.date-format.use-cases.zip
103.10.17 10:53 B C:\jakarta-tomcat-3.2.4\webapps\cocoon\exslt\date\elements\date-format\date.date-format.xml --> ftp.exslt.org /www.exslt.org/public_html/date/elements/date-format date.date-format.xml
103.10.17 10:53 B C:\jakarta-tomcat-3.2.4\webapps\cocoon\exslt\date\elements\date-format\date.date-format.zip --> ftp.exslt.org /www.exslt.org/public_html/date/elements/date-format date.date-format.zip
103.10.17 10:54 B C:\jakarta-tomcat-3.2.4\webapps\cocoon\exslt\date\elements\date-format\index.html --> ftp.exslt.org /www.exslt.org/public_html/date/elements/date-format index.html
103.10.17 10:54 B C:\jakarta-tomcat-3.2.4\webapps\cocoon\exslt\date\elements\date-format\refresh.bat --> ftp.exslt.org /www.exslt.org/public_html/date/elements/date-format refresh.bat
103.10.17 10:54 B C:\jakarta-tomcat-3.2.4\webapps\cocoon\exslt\date\elements\date-format\update.bat --> ftp.exslt.org /www.exslt.org/public_html/date/elements/date-format update.bat
103.10.17 10:54 B C:\jakarta-tomcat-3.2.4\webapps\cocoon\exslt\date\elements\date-format\WS_FTP.LOG --> ftp.exslt.org /www.exslt.org/public_html/date/elements/date-format WS_FTP.LOG
103.10.17 10:57 B C:\jakarta-tomcat-3.2.4\webapps\cocoon\exslt\date\elements\date-format\base.css --> ftp.exslt.org /www.exslt.org/public_html/date/elements/date-format base.css
103.10.17 10:57 B C:\jakarta-tomcat-3.2.4\webapps\cocoon\exslt\date\elements\date-format\date.date-format.1.html --> ftp.exslt.org /www.exslt.org/public_html/date/elements/date-format date.date-format.1.html
103.10.17 10:57 B C:\jakarta-tomcat-3.2.4\webapps\cocoon\exslt\date\elements\date-format\date.date-format.html --> ftp.exslt.org /www.exslt.org/public_html/date/elements/date-format date.date-format.html
103.10.17 10:57 B C:\jakarta-tomcat-3.2.4\webapps\cocoon\exslt\date\elements\date-format\date.date-format.package.txt --> ftp.exslt.org /www.exslt.org/public_html/date/elements/date-format date.date-format.package.txt
103.10.17 10:57 B C:\jakarta-tomcat-3.2.4\webapps\cocoon\exslt\date\elements\date-format\date.date-format.use-cases.txt --> ftp.exslt.org /www.exslt.org/public_html/date/elements/date-format date.date-format.use-cases.txt
103.10.17 10:57 B C:\jakarta-tomcat-3.2.4\webapps\cocoon\exslt\date\elements\date-format\date.date-format.use-cases.zip --> ftp.exslt.org /www.exslt.org/public_html/date/elements/date-format date.date-format.use-cases.zip
103.10.17 10:57 B C:\jakarta-tomcat-3.2.4\webapps\cocoon\exslt\date\elements\date-format\date.date-format.xml --> ftp.exslt.org /www.exslt.org/public_html/date/elements/date-format date.date-format.xml
103.10.17 10:57 B C:\jakarta-tomcat-3.2.4\webapps\cocoon\exslt\date\elements\date-format\date.date-format.zip --> ftp.exslt.org /www.exslt.org/public_html/date/elements/date-format date.date-format.zip
103.10.17 10:57 B C:\jakarta-tomcat-3.2.4\webapps\cocoon\exslt\date\elements\date-format\index.html --> ftp.exslt.org /www.exslt.org/public_html/date/elements/date-format index.html
103.10.17 10:57 B C:\jakarta-tomcat-3.2.4\webapps\cocoon\exslt\date\elements\date-format\refresh.bat --> ftp.exslt.org /www.exslt.org/public_html/date/elements/date-format refresh.bat
103.10.17 10:57 B C:\jakarta-tomcat-3.2.4\webapps\cocoon\exslt\date\elements\date-format\update.bat --> ftp.exslt.org /www.exslt.org/public_html/date/elements/date-format update.bat
103.10.17 10:57 B C:\jakarta-tomcat-3.2.4\webapps\cocoon\exslt\date\elements\date-format\WS_FTP.LOG --> ftp.exslt.org /www.exslt.org/public_html/date/elements/date-format WS_FTP.LOG
103.10.21 12:10 B C:\jakarta-tomcat-3.2.4\webapps\cocoon\exslt\date\elements\date-format\base.css --> ftp.exslt.org /www.exslt.org/public_html/date/elements/date-format base.css
103.10.21 12:10 B C:\jakarta-tomcat-3.2.4\webapps\cocoon\exslt\date\elements\date-format\date.date-format.1.html --> ftp.exslt.org /www.exslt.org/public_html/date/elements/date-format date.date-format.1.html
103.10.21 12:10 B C:\jakarta-tomcat-3.2.4\webapps\cocoon\exslt\date\elements\date-format\date.date-format.html --> ftp.exslt.org /www.exslt.org/public_html/date/elements/date-format date.date-format.html
103.10.21 12:10 B C:\jakarta-tomcat-3.2.4\webapps\cocoon\exslt\date\elements\date-format\date.date-format.package.txt --> ftp.exslt.org /www.exslt.org/public_html/date/elements/date-format date.date-format.package.txt
103.10.21 12:10 B C:\jakarta-tomcat-3.2.4\webapps\cocoon\exslt\date\elements\date-format\date.date-format.use-cases.txt --> ftp.exslt.org /www.exslt.org/public_html/date/elements/date-format date.date-format.use-cases.txt
103.10.21 12:10 B C:\jakarta-tomcat-3.2.4\webapps\cocoon\exslt\date\elements\date-format\date.date-format.use-cases.zip --> ftp.exslt.org /www.exslt.org/public_html/date/elements/date-format date.date-format.use-cases.zip
103.10.21 12:10 B C:\jakarta-tomcat-3.2.4\webapps\cocoon\exslt\date\elements\date-format\date.date-format.xml --> ftp.exslt.org /www.exslt.org/public_html/date/elements/date-format date.date-format.xml
103.10.21 12:10 B C:\jakarta-tomcat-3.2.4\webapps\cocoon\exslt\date\elements\date-format\date.date-format.zip --> ftp.exslt.org /www.exslt.org/public_html/date/elements/date-format date.date-format.zip
103.10.21 12:10 B C:\jakarta-tomcat-3.2.4\webapps\cocoon\exslt\date\elements\date-format\index.html --> ftp.exslt.org /www.exslt.org/public_html/date/elements/date-format index.html
103.10.21 12:10 B C:\jakarta-tomcat-3.2.4\webapps\cocoon\exslt\date\elements\date-format\refresh.bat --> ftp.exslt.org /www.exslt.org/public_html/date/elements/date-format refresh.bat
103.10.21 12:10 B C:\jakarta-tomcat-3.2.4\webapps\cocoon\exslt\date\elements\date-format\update.bat --> ftp.exslt.org /www.exslt.org/public_html/date/elements/date-format update.bat
103.10.21 12:10 B C:\jakarta-tomcat-3.2.4\webapps\cocoon\exslt\date\elements\date-format\WS_FTP.LOG --> ftp.exslt.org /www.exslt.org/public_html/date/elements/date-format WS_FTP.LOG
103.10.21 13:03 B C:\jakarta-tomcat-3.2.4\webapps\cocoon\exslt\date\elements\date-format\base.css --> marian.cs.nott.ac.uk /stud/pg/cds/exslt/date/elements/date-format base.css
103.10.21 13:03 B C:\jakarta-tomcat-3.2.4\webapps\cocoon\exslt\date\elements\date-format\date.date-format.1.html --> marian.cs.nott.ac.uk /stud/pg/cds/exslt/date/elements/date-format date.date-format.1.html
103.10.21 13:03 B C:\jakarta-tomcat-3.2.4\webapps\cocoon\exslt\date\elements\date-format\date.date-format.html --> marian.cs.nott.ac.uk /stud/pg/cds/exslt/date/elements/date-format date.date-format.html
103.10.21 13:03 B C:\jakarta-tomcat-3.2.4\webapps\cocoon\exslt\date\elements\date-format\date.date-format.package.txt --> marian.cs.nott.ac.uk /stud/pg/cds/exslt/date/elements/date-format date.date-format.package.txt
103.10.21 13:03 B C:\jakarta-tomcat-3.2.4\webapps\cocoon\exslt\date\elements\date-format\date.date-format.use-cases.txt --> marian.cs.nott.ac.uk /stud/pg/cds/exslt/date/elements/date-format date.date-format.use-cases.txt
103.10.21 13:03 B C:\jakarta-tomcat-3.2.4\webapps\cocoon\exslt\date\elements\date-format\date.date-format.use-cases.zip --> marian.cs.nott.ac.uk /stud/pg/cds/exslt/date/elements/date-format date.date-format.use-cases.zip
103.10.21 13:03 B C:\jakarta-tomcat-3.2.4\webapps\cocoon\exslt\date\elements\date-format\date.date-format.xml --> marian.cs.nott.ac.uk /stud/pg/cds/exslt/date/elements/date-format date.date-format.xml
103.10.21 13:03 B C:\jakarta-tomcat-3.2.4\webapps\cocoon\exslt\date\elements\date-format\date.date-format.zip --> marian.cs.nott.ac.uk /stud/pg/cds/exslt/date/elements/date-format date.date-format.zip
103.10.21 13:03 B C:\jakarta-tomcat-3.2.4\webapps\cocoon\exslt\date\elements\date-format\index.html --> marian.cs.nott.ac.uk /stud/pg/cds/exslt/date/elements/date-format index.html
103.10.21 13:03 B C:\jakarta-tomcat-3.2.4\webapps\cocoon\exslt\date\elements\date-format\refresh.bat --> marian.cs.nott.ac.uk /stud/pg/cds/exslt/date/elements/date-format refresh.bat
103.10.21 13:03 B C:\jakarta-tomcat-3.2.4\webapps\cocoon\exslt\date\elements\date-format\update.bat --> marian.cs.nott.ac.uk /stud/pg/cds/exslt/date/elements/date-format update.bat
103.10.21 13:03 B C:\jakarta-tomcat-3.2.4\webapps\cocoon\exslt\date\elements\date-format\WS_FTP.LOG --> marian.cs.nott.ac.uk /stud/pg/cds/exslt/date/elements/date-format WS_FTP.LOG
103.10.23 15:36 B C:\jakarta-tomcat-3.2.4\webapps\cocoon\exslt\date\elements\date-format\base.css --> ftp.exslt.org /www.exslt.org/public_html/date/elements/date-format base.css
103.10.23 15:36 B C:\jakarta-tomcat-3.2.4\webapps\cocoon\exslt\date\elements\date-format\date.date-format.1.html --> ftp.exslt.org /www.exslt.org/public_html/date/elements/date-format date.date-format.1.html
103.10.23 15:36 B C:\jakarta-tomcat-3.2.4\webapps\cocoon\exslt\date\elements\date-format\date.date-format.html --> ftp.exslt.org /www.exslt.org/public_html/date/elements/date-format date.date-format.html
103.10.23 15:36 B C:\jakarta-tomcat-3.2.4\webapps\cocoon\exslt\date\elements\date-format\date.date-format.package.txt --> ftp.exslt.org /www.exslt.org/public_html/date/elements/date-format date.date-format.package.txt
103.10.23 15:36 B C:\jakarta-tomcat-3.2.4\webapps\cocoon\exslt\date\elements\date-format\date.date-format.use-cases.txt --> ftp.exslt.org /www.exslt.org/public_html/date/elements/date-format date.date-format.use-cases.txt
103.10.23 15:36 B C:\jakarta-tomcat-3.2.4\webapps\cocoon\exslt\date\elements\date-format\date.date-format.use-cases.zip --> ftp.exslt.org /www.exslt.org/public_html/date/elements/date-format date.date-format.use-cases.zip
103.10.23 15:36 B C:\jakarta-tomcat-3.2.4\webapps\cocoon\exslt\date\elements\date-format\date.date-format.xml --> ftp.exslt.org /www.exslt.org/public_html/date/elements/date-format date.date-format.xml
103.10.23 15:36 B C:\jakarta-tomcat-3.2.4\webapps\cocoon\exslt\date\elements\date-format\date.date-format.zip --> ftp.exslt.org /www.exslt.org/public_html/date/elements/date-format date.date-format.zip
103.10.23 15:37 B C:\jakarta-tomcat-3.2.4\webapps\cocoon\exslt\date\elements\date-format\index.html --> ftp.exslt.org /www.exslt.org/public_html/date/elements/date-format index.html
103.10.23 15:37 B C:\jakarta-tomcat-3.2.4\webapps\cocoon\exslt\date\elements\date-format\refresh.bat --> ftp.exslt.org /www.exslt.org/public_html/date/elements/date-format refresh.bat
103.10.23 15:37 B C:\jakarta-tomcat-3.2.4\webapps\cocoon\exslt\date\elements\date-format\update.bat --> ftp.exslt.org /www.exslt.org/public_html/date/elements/date-format update.bat
