102.08.21 17:31 B C:\jakarta-tomcat-3.2.4\webapps\cocoon\exslt\dyn\functions\min\base.css --> ftp.exslt.org /www.exslt.org/public_html/dyn/functions/min base.css
102.08.21 17:31 B C:\jakarta-tomcat-3.2.4\webapps\cocoon\exslt\dyn\functions\min\dyn.min.1.html --> ftp.exslt.org /www.exslt.org/public_html/dyn/functions/min dyn.min.1.html
102.08.21 17:31 B C:\jakarta-tomcat-3.2.4\webapps\cocoon\exslt\dyn\functions\min\dyn.min.html --> ftp.exslt.org /www.exslt.org/public_html/dyn/functions/min dyn.min.html
102.08.21 17:31 B C:\jakarta-tomcat-3.2.4\webapps\cocoon\exslt\dyn\functions\min\dyn.min.package.txt --> ftp.exslt.org /www.exslt.org/public_html/dyn/functions/min dyn.min.package.txt
102.08.21 17:31 B C:\jakarta-tomcat-3.2.4\webapps\cocoon\exslt\dyn\functions\min\dyn.min.use-cases.txt --> ftp.exslt.org /www.exslt.org/public_html/dyn/functions/min dyn.min.use-cases.txt
102.08.21 17:31 B C:\jakarta-tomcat-3.2.4\webapps\cocoon\exslt\dyn\functions\min\dyn.min.use-cases.zip --> ftp.exslt.org /www.exslt.org/public_html/dyn/functions/min dyn.min.use-cases.zip
102.08.21 17:31 B C:\jakarta-tomcat-3.2.4\webapps\cocoon\exslt\dyn\functions\min\dyn.min.xml --> ftp.exslt.org /www.exslt.org/public_html/dyn/functions/min dyn.min.xml
102.08.21 17:31 B C:\jakarta-tomcat-3.2.4\webapps\cocoon\exslt\dyn\functions\min\dyn.min.zip --> ftp.exslt.org /www.exslt.org/public_html/dyn/functions/min dyn.min.zip
102.08.21 17:31 B C:\jakarta-tomcat-3.2.4\webapps\cocoon\exslt\dyn\functions\min\index.html --> ftp.exslt.org /www.exslt.org/public_html/dyn/functions/min index.html
102.08.21 17:31 B C:\jakarta-tomcat-3.2.4\webapps\cocoon\exslt\dyn\functions\min\refresh.bat --> ftp.exslt.org /www.exslt.org/public_html/dyn/functions/min refresh.bat
102.08.21 17:31 B C:\jakarta-tomcat-3.2.4\webapps\cocoon\exslt\dyn\functions\min\update.bat --> ftp.exslt.org /www.exslt.org/public_html/dyn/functions/min update.bat
102.11.19 13:15 B C:\jakarta-tomcat-3.2.4\webapps\cocoon\exslt\dyn\functions\min\base.css --> ftp.exslt.org /www.exslt.org/public_html/dyn/functions/min base.css
102.11.19 13:15 B C:\jakarta-tomcat-3.2.4\webapps\cocoon\exslt\dyn\functions\min\dyn.min.1.html --> ftp.exslt.org /www.exslt.org/public_html/dyn/functions/min dyn.min.1.html
102.11.19 13:15 B C:\jakarta-tomcat-3.2.4\webapps\cocoon\exslt\dyn\functions\min\dyn.min.html --> ftp.exslt.org /www.exslt.org/public_html/dyn/functions/min dyn.min.html
102.11.19 13:15 B C:\jakarta-tomcat-3.2.4\webapps\cocoon\exslt\dyn\functions\min\dyn.min.package.txt --> ftp.exslt.org /www.exslt.org/public_html/dyn/functions/min dyn.min.package.txt
102.11.19 13:15 B C:\jakarta-tomcat-3.2.4\webapps\cocoon\exslt\dyn\functions\min\dyn.min.use-cases.txt --> ftp.exslt.org /www.exslt.org/public_html/dyn/functions/min dyn.min.use-cases.txt
102.11.19 13:15 B C:\jakarta-tomcat-3.2.4\webapps\cocoon\exslt\dyn\functions\min\dyn.min.use-cases.zip --> ftp.exslt.org /www.exslt.org/public_html/dyn/functions/min dyn.min.use-cases.zip
102.11.19 13:15 B C:\jakarta-tomcat-3.2.4\webapps\cocoon\exslt\dyn\functions\min\dyn.min.xml --> ftp.exslt.org /www.exslt.org/public_html/dyn/functions/min dyn.min.xml
102.11.19 13:15 B C:\jakarta-tomcat-3.2.4\webapps\cocoon\exslt\dyn\functions\min\dyn.min.zip --> ftp.exslt.org /www.exslt.org/public_html/dyn/functions/min dyn.min.zip
102.11.19 13:15 B C:\jakarta-tomcat-3.2.4\webapps\cocoon\exslt\dyn\functions\min\index.html --> ftp.exslt.org /www.exslt.org/public_html/dyn/functions/min index.html
102.11.19 13:15 B C:\jakarta-tomcat-3.2.4\webapps\cocoon\exslt\dyn\functions\min\refresh.bat --> ftp.exslt.org /www.exslt.org/public_html/dyn/functions/min refresh.bat
102.11.19 13:15 B C:\jakarta-tomcat-3.2.4\webapps\cocoon\exslt\dyn\functions\min\update.bat --> ftp.exslt.org /www.exslt.org/public_html/dyn/functions/min update.bat
102.11.19 13:15 B C:\jakarta-tomcat-3.2.4\webapps\cocoon\exslt\dyn\functions\min\WS_FTP.LOG --> ftp.exslt.org /www.exslt.org/public_html/dyn/functions/min WS_FTP.LOG
102.11.19 13:21 B C:\jakarta-tomcat-3.2.4\webapps\cocoon\exslt\dyn\functions\min\base.css --> ftp.exslt.org /www.exslt.org/public_html/dyn/functions/min base.css
102.11.19 13:21 B C:\jakarta-tomcat-3.2.4\webapps\cocoon\exslt\dyn\functions\min\dyn.min.1.html --> ftp.exslt.org /www.exslt.org/public_html/dyn/functions/min dyn.min.1.html
102.11.19 13:21 B C:\jakarta-tomcat-3.2.4\webapps\cocoon\exslt\dyn\functions\min\dyn.min.html --> ftp.exslt.org /www.exslt.org/public_html/dyn/functions/min dyn.min.html
102.11.19 13:21 B C:\jakarta-tomcat-3.2.4\webapps\cocoon\exslt\dyn\functions\min\dyn.min.package.txt --> ftp.exslt.org /www.exslt.org/public_html/dyn/functions/min dyn.min.package.txt
102.11.19 13:21 B C:\jakarta-tomcat-3.2.4\webapps\cocoon\exslt\dyn\functions\min\dyn.min.use-cases.txt --> ftp.exslt.org /www.exslt.org/public_html/dyn/functions/min dyn.min.use-cases.txt
102.11.19 13:21 B C:\jakarta-tomcat-3.2.4\webapps\cocoon\exslt\dyn\functions\min\dyn.min.use-cases.zip --> ftp.exslt.org /www.exslt.org/public_html/dyn/functions/min dyn.min.use-cases.zip
102.11.19 13:21 B C:\jakarta-tomcat-3.2.4\webapps\cocoon\exslt\dyn\functions\min\dyn.min.xml --> ftp.exslt.org /www.exslt.org/public_html/dyn/functions/min dyn.min.xml
102.11.19 13:21 B C:\jakarta-tomcat-3.2.4\webapps\cocoon\exslt\dyn\functions\min\dyn.min.zip --> ftp.exslt.org /www.exslt.org/public_html/dyn/functions/min dyn.min.zip
102.11.19 13:21 B C:\jakarta-tomcat-3.2.4\webapps\cocoon\exslt\dyn\functions\min\index.html --> ftp.exslt.org /www.exslt.org/public_html/dyn/functions/min index.html
102.11.19 13:21 B C:\jakarta-tomcat-3.2.4\webapps\cocoon\exslt\dyn\functions\min\refresh.bat --> ftp.exslt.org /www.exslt.org/public_html/dyn/functions/min refresh.bat
102.11.19 13:21 B C:\jakarta-tomcat-3.2.4\webapps\cocoon\exslt\dyn\functions\min\update.bat --> ftp.exslt.org /www.exslt.org/public_html/dyn/functions/min update.bat
102.12.02 12:22 B C:\jakarta-tomcat-3.2.4\webapps\cocoon\exslt\public_html\dyn\functions\min\WS_FTP.LOG <-- ftp.exslt.org /www.exslt.org/public_html/dyn/functions/min WS_FTP.LOG
102.12.03 11:10 B C:\jakarta-tomcat-3.2.4\webapps\cocoon\exslt\dyn\functions\min\base.css --> ftp.exslt.org /www.exslt.org/public_html/dyn/functions/min base.css
102.12.03 11:10 B C:\jakarta-tomcat-3.2.4\webapps\cocoon\exslt\dyn\functions\min\dyn.min.1.html --> ftp.exslt.org /www.exslt.org/public_html/dyn/functions/min dyn.min.1.html
102.12.03 11:10 B C:\jakarta-tomcat-3.2.4\webapps\cocoon\exslt\dyn\functions\min\dyn.min.html --> ftp.exslt.org /www.exslt.org/public_html/dyn/functions/min dyn.min.html
102.12.03 11:10 B C:\jakarta-tomcat-3.2.4\webapps\cocoon\exslt\dyn\functions\min\dyn.min.package.txt --> ftp.exslt.org /www.exslt.org/public_html/dyn/functions/min dyn.min.package.txt
102.12.03 11:10 B C:\jakarta-tomcat-3.2.4\webapps\cocoon\exslt\dyn\functions\min\dyn.min.use-cases.txt --> ftp.exslt.org /www.exslt.org/public_html/dyn/functions/min dyn.min.use-cases.txt
102.12.03 11:10 B C:\jakarta-tomcat-3.2.4\webapps\cocoon\exslt\dyn\functions\min\dyn.min.use-cases.zip --> ftp.exslt.org /www.exslt.org/public_html/dyn/functions/min dyn.min.use-cases.zip
102.12.03 11:10 B C:\jakarta-tomcat-3.2.4\webapps\cocoon\exslt\dyn\functions\min\dyn.min.xml --> ftp.exslt.org /www.exslt.org/public_html/dyn/functions/min dyn.min.xml
102.12.03 11:10 B C:\jakarta-tomcat-3.2.4\webapps\cocoon\exslt\dyn\functions\min\dyn.min.zip --> ftp.exslt.org /www.exslt.org/public_html/dyn/functions/min dyn.min.zip
102.12.03 11:10 B C:\jakarta-tomcat-3.2.4\webapps\cocoon\exslt\dyn\functions\min\index.html --> ftp.exslt.org /www.exslt.org/public_html/dyn/functions/min index.html
102.12.03 11:10 B C:\jakarta-tomcat-3.2.4\webapps\cocoon\exslt\dyn\functions\min\refresh.bat --> ftp.exslt.org /www.exslt.org/public_html/dyn/functions/min refresh.bat
102.12.03 11:10 B C:\jakarta-tomcat-3.2.4\webapps\cocoon\exslt\dyn\functions\min\update.bat --> ftp.exslt.org /www.exslt.org/public_html/dyn/functions/min update.bat
102.12.03 11:10 B C:\jakarta-tomcat-3.2.4\webapps\cocoon\exslt\dyn\functions\min\WS_FTP.LOG --> ftp.exslt.org /www.exslt.org/public_html/dyn/functions/min WS_FTP.LOG
102.12.11 11:04 B C:\jakarta-tomcat-3.2.4\webapps\cocoon\exslt\dyn\functions\min\base.css --> ftp.exslt.org /www.exslt.org/public_html/dyn/functions/min base.css
102.12.11 11:04 B C:\jakarta-tomcat-3.2.4\webapps\cocoon\exslt\dyn\functions\min\dyn.min.1.html --> ftp.exslt.org /www.exslt.org/public_html/dyn/functions/min dyn.min.1.html
102.12.11 11:04 B C:\jakarta-tomcat-3.2.4\webapps\cocoon\exslt\dyn\functions\min\dyn.min.html --> ftp.exslt.org /www.exslt.org/public_html/dyn/functions/min dyn.min.html
102.12.11 11:04 B C:\jakarta-tomcat-3.2.4\webapps\cocoon\exslt\dyn\functions\min\dyn.min.package.txt --> ftp.exslt.org /www.exslt.org/public_html/dyn/functions/min dyn.min.package.txt
102.12.11 11:04 B C:\jakarta-tomcat-3.2.4\webapps\cocoon\exslt\dyn\functions\min\dyn.min.use-cases.txt --> ftp.exslt.org /www.exslt.org/public_html/dyn/functions/min dyn.min.use-cases.txt
102.12.11 11:04 B C:\jakarta-tomcat-3.2.4\webapps\cocoon\exslt\dyn\functions\min\dyn.min.use-cases.zip --> ftp.exslt.org /www.exslt.org/public_html/dyn/functions/min dyn.min.use-cases.zip
102.12.11 11:04 B C:\jakarta-tomcat-3.2.4\webapps\cocoon\exslt\dyn\functions\min\dyn.min.xml --> ftp.exslt.org /www.exslt.org/public_html/dyn/functions/min dyn.min.xml
102.12.11 11:04 B C:\jakarta-tomcat-3.2.4\webapps\cocoon\exslt\dyn\functions\min\dyn.min.zip --> ftp.exslt.org /www.exslt.org/public_html/dyn/functions/min dyn.min.zip
102.12.11 11:04 B C:\jakarta-tomcat-3.2.4\webapps\cocoon\exslt\dyn\functions\min\index.html --> ftp.exslt.org /www.exslt.org/public_html/dyn/functions/min index.html
102.12.11 11:04 B C:\jakarta-tomcat-3.2.4\webapps\cocoon\exslt\dyn\functions\min\refresh.bat --> ftp.exslt.org /www.exslt.org/public_html/dyn/functions/min refresh.bat
102.12.11 11:04 B C:\jakarta-tomcat-3.2.4\webapps\cocoon\exslt\dyn\functions\min\update.bat --> ftp.exslt.org /www.exslt.org/public_html/dyn/functions/min update.bat
103.09.29 15:27 B C:\jakarta-tomcat-3.2.4\webapps\cocoon\exslt\dyn\functions\min\WS_FTP.LOG <-- ftp.exslt.org /www.exslt.org/public_html/dyn/functions/min WS_FTP.LOG
103.10.21 13:06 B C:\jakarta-tomcat-3.2.4\webapps\cocoon\exslt\dyn\functions\min\base.css --> marian.cs.nott.ac.uk /stud/pg/cds/exslt/dyn/functions/min base.css
103.10.21 13:06 B C:\jakarta-tomcat-3.2.4\webapps\cocoon\exslt\dyn\functions\min\dyn.min.1.html --> marian.cs.nott.ac.uk /stud/pg/cds/exslt/dyn/functions/min dyn.min.1.html
103.10.21 13:06 B C:\jakarta-tomcat-3.2.4\webapps\cocoon\exslt\dyn\functions\min\dyn.min.html --> marian.cs.nott.ac.uk /stud/pg/cds/exslt/dyn/functions/min dyn.min.html
103.10.21 13:06 B C:\jakarta-tomcat-3.2.4\webapps\cocoon\exslt\dyn\functions\min\dyn.min.package.txt --> marian.cs.nott.ac.uk /stud/pg/cds/exslt/dyn/functions/min dyn.min.package.txt
103.10.21 13:06 B C:\jakarta-tomcat-3.2.4\webapps\cocoon\exslt\dyn\functions\min\dyn.min.use-cases.txt --> marian.cs.nott.ac.uk /stud/pg/cds/exslt/dyn/functions/min dyn.min.use-cases.txt
103.10.21 13:06 B C:\jakarta-tomcat-3.2.4\webapps\cocoon\exslt\dyn\functions\min\dyn.min.use-cases.zip --> marian.cs.nott.ac.uk /stud/pg/cds/exslt/dyn/functions/min dyn.min.use-cases.zip
103.10.21 13:06 B C:\jakarta-tomcat-3.2.4\webapps\cocoon\exslt\dyn\functions\min\dyn.min.xml --> marian.cs.nott.ac.uk /stud/pg/cds/exslt/dyn/functions/min dyn.min.xml
103.10.21 13:06 B C:\jakarta-tomcat-3.2.4\webapps\cocoon\exslt\dyn\functions\min\dyn.min.zip --> marian.cs.nott.ac.uk /stud/pg/cds/exslt/dyn/functions/min dyn.min.zip
103.10.21 13:06 B C:\jakarta-tomcat-3.2.4\webapps\cocoon\exslt\dyn\functions\min\index.html --> marian.cs.nott.ac.uk /stud/pg/cds/exslt/dyn/functions/min index.html
103.10.21 13:06 B C:\jakarta-tomcat-3.2.4\webapps\cocoon\exslt\dyn\functions\min\refresh.bat --> marian.cs.nott.ac.uk /stud/pg/cds/exslt/dyn/functions/min refresh.bat
103.10.21 13:06 B C:\jakarta-tomcat-3.2.4\webapps\cocoon\exslt\dyn\functions\min\update.bat --> marian.cs.nott.ac.uk /stud/pg/cds/exslt/dyn/functions/min update.bat
103.10.21 13:06 B C:\jakarta-tomcat-3.2.4\webapps\cocoon\exslt\dyn\functions\min\WS_FTP.LOG --> marian.cs.nott.ac.uk /stud/pg/cds/exslt/dyn/functions/min WS_FTP.LOG
103.10.23 15:39 B C:\jakarta-tomcat-3.2.4\webapps\cocoon\exslt\dyn\functions\min\base.css --> ftp.exslt.org /www.exslt.org/public_html/dyn/functions/min base.css
103.10.23 15:39 B C:\jakarta-tomcat-3.2.4\webapps\cocoon\exslt\dyn\functions\min\dyn.min.1.html --> ftp.exslt.org /www.exslt.org/public_html/dyn/functions/min dyn.min.1.html
103.10.23 15:39 B C:\jakarta-tomcat-3.2.4\webapps\cocoon\exslt\dyn\functions\min\dyn.min.html --> ftp.exslt.org /www.exslt.org/public_html/dyn/functions/min dyn.min.html
103.10.23 15:39 B C:\jakarta-tomcat-3.2.4\webapps\cocoon\exslt\dyn\functions\min\dyn.min.package.txt --> ftp.exslt.org /www.exslt.org/public_html/dyn/functions/min dyn.min.package.txt
103.10.23 15:39 B C:\jakarta-tomcat-3.2.4\webapps\cocoon\exslt\dyn\functions\min\dyn.min.use-cases.txt --> ftp.exslt.org /www.exslt.org/public_html/dyn/functions/min dyn.min.use-cases.txt
103.10.23 15:39 B C:\jakarta-tomcat-3.2.4\webapps\cocoon\exslt\dyn\functions\min\dyn.min.use-cases.zip --> ftp.exslt.org /www.exslt.org/public_html/dyn/functions/min dyn.min.use-cases.zip
103.10.23 15:40 B C:\jakarta-tomcat-3.2.4\webapps\cocoon\exslt\dyn\functions\min\dyn.min.xml --> ftp.exslt.org /www.exslt.org/public_html/dyn/functions/min dyn.min.xml
103.10.23 15:40 B C:\jakarta-tomcat-3.2.4\webapps\cocoon\exslt\dyn\functions\min\dyn.min.zip --> ftp.exslt.org /www.exslt.org/public_html/dyn/functions/min dyn.min.zip
103.10.23 15:40 B C:\jakarta-tomcat-3.2.4\webapps\cocoon\exslt\dyn\functions\min\index.html --> ftp.exslt.org /www.exslt.org/public_html/dyn/functions/min index.html
103.10.23 15:40 B C:\jakarta-tomcat-3.2.4\webapps\cocoon\exslt\dyn\functions\min\refresh.bat --> ftp.exslt.org /www.exslt.org/public_html/dyn/functions/min refresh.bat
103.10.23 15:40 B C:\jakarta-tomcat-3.2.4\webapps\cocoon\exslt\dyn\functions\min\update.bat --> ftp.exslt.org /www.exslt.org/public_html/dyn/functions/min update.bat
