102.08.21 17:34 B C:\jakarta-tomcat-3.2.4\webapps\cocoon\exslt\submissions\element-submission-template.xml --> ftp.exslt.org /www.exslt.org/public_html/submissions element-submission-template.xml
102.08.21 17:34 B C:\jakarta-tomcat-3.2.4\webapps\cocoon\exslt\submissions\element-submission.dtd --> ftp.exslt.org /www.exslt.org/public_html/submissions element-submission.dtd
102.08.21 17:34 B C:\jakarta-tomcat-3.2.4\webapps\cocoon\exslt\submissions\element-template.xml --> ftp.exslt.org /www.exslt.org/public_html/submissions element-template.xml
102.08.21 17:34 B C:\jakarta-tomcat-3.2.4\webapps\cocoon\exslt\submissions\exslt-submission.dtd --> ftp.exslt.org /www.exslt.org/public_html/submissions exslt-submission.dtd
102.08.21 17:34 B C:\jakarta-tomcat-3.2.4\webapps\cocoon\exslt\submissions\function-submission-template.xml --> ftp.exslt.org /www.exslt.org/public_html/submissions function-submission-template.xml
102.08.21 17:34 B C:\jakarta-tomcat-3.2.4\webapps\cocoon\exslt\submissions\function-submission.dtd --> ftp.exslt.org /www.exslt.org/public_html/submissions function-submission.dtd
102.08.21 17:34 B C:\jakarta-tomcat-3.2.4\webapps\cocoon\exslt\submissions\function-template.xml --> ftp.exslt.org /www.exslt.org/public_html/submissions function-template.xml
102.08.21 17:34 B C:\jakarta-tomcat-3.2.4\webapps\cocoon\exslt\submissions\implementation-submission-template.xml --> ftp.exslt.org /www.exslt.org/public_html/submissions implementation-submission-template.xml
102.08.21 17:34 B C:\jakarta-tomcat-3.2.4\webapps\cocoon\exslt\submissions\implementation-submission.dtd --> ftp.exslt.org /www.exslt.org/public_html/submissions implementation-submission.dtd
102.08.21 17:34 B C:\jakarta-tomcat-3.2.4\webapps\cocoon\exslt\submissions\implementation-template.xml --> ftp.exslt.org /www.exslt.org/public_html/submissions implementation-template.xml
102.08.21 17:34 B C:\jakarta-tomcat-3.2.4\webapps\cocoon\exslt\submissions\index.html --> ftp.exslt.org /www.exslt.org/public_html/submissions index.html
102.08.21 17:34 B C:\jakarta-tomcat-3.2.4\webapps\cocoon\exslt\submissions\math.power.submission.xml --> ftp.exslt.org /www.exslt.org/public_html/submissions math.power.submission.xml
102.08.21 17:34 B C:\jakarta-tomcat-3.2.4\webapps\cocoon\exslt\submissions\math.power.template.submission.xml --> ftp.exslt.org /www.exslt.org/public_html/submissions math.power.template.submission.xml
102.08.21 17:34 B C:\jakarta-tomcat-3.2.4\webapps\cocoon\exslt\submissions\submission-package.dtd --> ftp.exslt.org /www.exslt.org/public_html/submissions submission-package.dtd
102.08.21 17:34 B C:\jakarta-tomcat-3.2.4\webapps\cocoon\exslt\submissions\submissions.xsl --> ftp.exslt.org /www.exslt.org/public_html/submissions submissions.xsl
102.08.21 17:34 B C:\jakarta-tomcat-3.2.4\webapps\cocoon\exslt\submissions\use-case-submission-template.xml --> ftp.exslt.org /www.exslt.org/public_html/submissions use-case-submission-template.xml
102.08.21 17:34 B C:\jakarta-tomcat-3.2.4\webapps\cocoon\exslt\submissions\use-case-submission.dtd --> ftp.exslt.org /www.exslt.org/public_html/submissions use-case-submission.dtd
102.08.21 17:34 B C:\jakarta-tomcat-3.2.4\webapps\cocoon\exslt\submissions\use-case-template.xml --> ftp.exslt.org /www.exslt.org/public_html/submissions use-case-template.xml
102.11.19 14:12 B C:\jakarta-tomcat-3.2.4\webapps\cocoon\exslt\submissions\element-submission-template.xml --> ftp.exslt.org /www.exslt.org/public_html/submissions element-submission-template.xml
102.11.19 14:12 B C:\jakarta-tomcat-3.2.4\webapps\cocoon\exslt\submissions\element-submission.dtd --> ftp.exslt.org /www.exslt.org/public_html/submissions element-submission.dtd
102.11.19 14:12 B C:\jakarta-tomcat-3.2.4\webapps\cocoon\exslt\submissions\element-template.xml --> ftp.exslt.org /www.exslt.org/public_html/submissions element-template.xml
102.11.19 14:12 B C:\jakarta-tomcat-3.2.4\webapps\cocoon\exslt\submissions\exslt-submission.dtd --> ftp.exslt.org /www.exslt.org/public_html/submissions exslt-submission.dtd
102.11.19 14:12 B C:\jakarta-tomcat-3.2.4\webapps\cocoon\exslt\submissions\function-submission-template.xml --> ftp.exslt.org /www.exslt.org/public_html/submissions function-submission-template.xml
102.11.19 14:12 B C:\jakarta-tomcat-3.2.4\webapps\cocoon\exslt\submissions\function-submission.dtd --> ftp.exslt.org /www.exslt.org/public_html/submissions function-submission.dtd
102.11.19 14:12 B C:\jakarta-tomcat-3.2.4\webapps\cocoon\exslt\submissions\function-template.xml --> ftp.exslt.org /www.exslt.org/public_html/submissions function-template.xml
102.11.19 14:12 B C:\jakarta-tomcat-3.2.4\webapps\cocoon\exslt\submissions\implementation-submission-template.xml --> ftp.exslt.org /www.exslt.org/public_html/submissions implementation-submission-template.xml
102.11.19 14:12 B C:\jakarta-tomcat-3.2.4\webapps\cocoon\exslt\submissions\implementation-submission.dtd --> ftp.exslt.org /www.exslt.org/public_html/submissions implementation-submission.dtd
102.11.19 14:12 B C:\jakarta-tomcat-3.2.4\webapps\cocoon\exslt\submissions\implementation-template.xml --> ftp.exslt.org /www.exslt.org/public_html/submissions implementation-template.xml
102.11.19 14:12 B C:\jakarta-tomcat-3.2.4\webapps\cocoon\exslt\submissions\index.html --> ftp.exslt.org /www.exslt.org/public_html/submissions index.html
102.11.19 14:12 B C:\jakarta-tomcat-3.2.4\webapps\cocoon\exslt\submissions\math.power.submission.xml --> ftp.exslt.org /www.exslt.org/public_html/submissions math.power.submission.xml
102.11.19 14:12 B C:\jakarta-tomcat-3.2.4\webapps\cocoon\exslt\submissions\math.power.template.submission.xml --> ftp.exslt.org /www.exslt.org/public_html/submissions math.power.template.submission.xml
102.11.19 14:12 B C:\jakarta-tomcat-3.2.4\webapps\cocoon\exslt\submissions\submission-package.dtd --> ftp.exslt.org /www.exslt.org/public_html/submissions submission-package.dtd
102.11.19 14:12 B C:\jakarta-tomcat-3.2.4\webapps\cocoon\exslt\submissions\submissions.xsl --> ftp.exslt.org /www.exslt.org/public_html/submissions submissions.xsl
102.11.19 14:12 B C:\jakarta-tomcat-3.2.4\webapps\cocoon\exslt\submissions\use-case-submission-template.xml --> ftp.exslt.org /www.exslt.org/public_html/submissions use-case-submission-template.xml
102.11.19 14:12 B C:\jakarta-tomcat-3.2.4\webapps\cocoon\exslt\submissions\use-case-submission.dtd --> ftp.exslt.org /www.exslt.org/public_html/submissions use-case-submission.dtd
102.11.19 14:12 B C:\jakarta-tomcat-3.2.4\webapps\cocoon\exslt\submissions\use-case-template.xml --> ftp.exslt.org /www.exslt.org/public_html/submissions use-case-template.xml
102.12.02 12:35 B C:\jakarta-tomcat-3.2.4\webapps\cocoon\exslt\public_html\submissions\WS_FTP.LOG <-- ftp.exslt.org /www.exslt.org/public_html/submissions WS_FTP.LOG
102.12.03 11:16 B C:\jakarta-tomcat-3.2.4\webapps\cocoon\exslt\submissions\base.css --> ftp.exslt.org /www.exslt.org/public_html/submissions base.css
102.12.03 11:16 B C:\jakarta-tomcat-3.2.4\webapps\cocoon\exslt\submissions\download.xml --> ftp.exslt.org /www.exslt.org/public_html/submissions download.xml
102.12.03 11:16 B C:\jakarta-tomcat-3.2.4\webapps\cocoon\exslt\submissions\element-submission-template.xml --> ftp.exslt.org /www.exslt.org/public_html/submissions element-submission-template.xml
102.12.03 11:16 B C:\jakarta-tomcat-3.2.4\webapps\cocoon\exslt\submissions\element-submission.dtd --> ftp.exslt.org /www.exslt.org/public_html/submissions element-submission.dtd
102.12.03 11:16 B C:\jakarta-tomcat-3.2.4\webapps\cocoon\exslt\submissions\element-submission.zip --> ftp.exslt.org /www.exslt.org/public_html/submissions element-submission.zip
102.12.03 11:16 B C:\jakarta-tomcat-3.2.4\webapps\cocoon\exslt\submissions\element-template.xml --> ftp.exslt.org /www.exslt.org/public_html/submissions element-template.xml
102.12.03 11:16 B C:\jakarta-tomcat-3.2.4\webapps\cocoon\exslt\submissions\exslt-submission.dtd --> ftp.exslt.org /www.exslt.org/public_html/submissions exslt-submission.dtd
102.12.03 11:16 B C:\jakarta-tomcat-3.2.4\webapps\cocoon\exslt\submissions\function-submission-template.xml --> ftp.exslt.org /www.exslt.org/public_html/submissions function-submission-template.xml
102.12.03 11:16 B C:\jakarta-tomcat-3.2.4\webapps\cocoon\exslt\submissions\function-submission.dtd --> ftp.exslt.org /www.exslt.org/public_html/submissions function-submission.dtd
102.12.03 11:16 B C:\jakarta-tomcat-3.2.4\webapps\cocoon\exslt\submissions\function-submission.zip --> ftp.exslt.org /www.exslt.org/public_html/submissions function-submission.zip
102.12.03 11:16 B C:\jakarta-tomcat-3.2.4\webapps\cocoon\exslt\submissions\function-template.xml --> ftp.exslt.org /www.exslt.org/public_html/submissions function-template.xml
102.12.03 11:16 B C:\jakarta-tomcat-3.2.4\webapps\cocoon\exslt\submissions\implementation-submission-template.xml --> ftp.exslt.org /www.exslt.org/public_html/submissions implementation-submission-template.xml
102.12.03 11:16 B C:\jakarta-tomcat-3.2.4\webapps\cocoon\exslt\submissions\implementation-submission.dtd --> ftp.exslt.org /www.exslt.org/public_html/submissions implementation-submission.dtd
102.12.03 11:16 B C:\jakarta-tomcat-3.2.4\webapps\cocoon\exslt\submissions\implementation-submission.zip --> ftp.exslt.org /www.exslt.org/public_html/submissions implementation-submission.zip
102.12.03 11:16 B C:\jakarta-tomcat-3.2.4\webapps\cocoon\exslt\submissions\implementation-template.xml --> ftp.exslt.org /www.exslt.org/public_html/submissions implementation-template.xml
102.12.03 11:16 B C:\jakarta-tomcat-3.2.4\webapps\cocoon\exslt\submissions\index.html --> ftp.exslt.org /www.exslt.org/public_html/submissions index.html
102.12.03 11:16 B C:\jakarta-tomcat-3.2.4\webapps\cocoon\exslt\submissions\math.power.submission.xml --> ftp.exslt.org /www.exslt.org/public_html/submissions math.power.submission.xml
102.12.03 11:16 B C:\jakarta-tomcat-3.2.4\webapps\cocoon\exslt\submissions\math.power.template.submission.xml --> ftp.exslt.org /www.exslt.org/public_html/submissions math.power.template.submission.xml
102.12.03 11:16 B C:\jakarta-tomcat-3.2.4\webapps\cocoon\exslt\submissions\out.html --> ftp.exslt.org /www.exslt.org/public_html/submissions out.html
102.12.03 11:16 B C:\jakarta-tomcat-3.2.4\webapps\cocoon\exslt\submissions\regexp.match.js.xml --> ftp.exslt.org /www.exslt.org/public_html/submissions regexp.match.js.xml
102.12.03 11:16 B C:\jakarta-tomcat-3.2.4\webapps\cocoon\exslt\submissions\regexp.match.msxsl.xml --> ftp.exslt.org /www.exslt.org/public_html/submissions regexp.match.msxsl.xml
102.12.03 11:16 B C:\jakarta-tomcat-3.2.4\webapps\cocoon\exslt\submissions\regexp.match.submission.xml --> ftp.exslt.org /www.exslt.org/public_html/submissions regexp.match.submission.xml
102.12.03 11:16 B C:\jakarta-tomcat-3.2.4\webapps\cocoon\exslt\submissions\regexp.match.use-case.1.xml --> ftp.exslt.org /www.exslt.org/public_html/submissions regexp.match.use-case.1.xml
102.12.03 11:16 B C:\jakarta-tomcat-3.2.4\webapps\cocoon\exslt\submissions\regexp.match.use-case.zip --> ftp.exslt.org /www.exslt.org/public_html/submissions regexp.match.use-case.zip
102.12.03 11:16 B C:\jakarta-tomcat-3.2.4\webapps\cocoon\exslt\submissions\regexp.match.zip --> ftp.exslt.org /www.exslt.org/public_html/submissions regexp.match.zip
102.12.03 11:16 B C:\jakarta-tomcat-3.2.4\webapps\cocoon\exslt\submissions\regexp.replace.js.xml --> ftp.exslt.org /www.exslt.org/public_html/submissions regexp.replace.js.xml
102.12.03 11:16 B C:\jakarta-tomcat-3.2.4\webapps\cocoon\exslt\submissions\regexp.replace.msxsl.xml --> ftp.exslt.org /www.exslt.org/public_html/submissions regexp.replace.msxsl.xml
102.12.03 11:16 B C:\jakarta-tomcat-3.2.4\webapps\cocoon\exslt\submissions\regexp.replace.submission.xml --> ftp.exslt.org /www.exslt.org/public_html/submissions regexp.replace.submission.xml
102.12.03 11:16 B C:\jakarta-tomcat-3.2.4\webapps\cocoon\exslt\submissions\regexp.replace.use-case.1.xml --> ftp.exslt.org /www.exslt.org/public_html/submissions regexp.replace.use-case.1.xml
102.12.03 11:16 B C:\jakarta-tomcat-3.2.4\webapps\cocoon\exslt\submissions\regexp.replace.zip --> ftp.exslt.org /www.exslt.org/public_html/submissions regexp.replace.zip
102.12.03 11:16 B C:\jakarta-tomcat-3.2.4\webapps\cocoon\exslt\submissions\regexp.test.js.xml --> ftp.exslt.org /www.exslt.org/public_html/submissions regexp.test.js.xml
102.12.03 11:16 B C:\jakarta-tomcat-3.2.4\webapps\cocoon\exslt\submissions\regexp.test.msxsl.xml --> ftp.exslt.org /www.exslt.org/public_html/submissions regexp.test.msxsl.xml
102.12.03 11:16 B C:\jakarta-tomcat-3.2.4\webapps\cocoon\exslt\submissions\regexp.test.submission.xml --> ftp.exslt.org /www.exslt.org/public_html/submissions regexp.test.submission.xml
102.12.03 11:16 B C:\jakarta-tomcat-3.2.4\webapps\cocoon\exslt\submissions\regexp.test.use-case.1.xml --> ftp.exslt.org /www.exslt.org/public_html/submissions regexp.test.use-case.1.xml
102.12.03 11:16 B C:\jakarta-tomcat-3.2.4\webapps\cocoon\exslt\submissions\regexp.test.zip --> ftp.exslt.org /www.exslt.org/public_html/submissions regexp.test.zip
102.12.03 11:16 B C:\jakarta-tomcat-3.2.4\webapps\cocoon\exslt\submissions\regular-expressions.concat.1.xml --> ftp.exslt.org /www.exslt.org/public_html/submissions regular-expressions.concat.1.xml
102.12.03 11:16 B C:\jakarta-tomcat-3.2.4\webapps\cocoon\exslt\submissions\regular-expressions.concat.1.xsl --> ftp.exslt.org /www.exslt.org/public_html/submissions regular-expressions.concat.1.xsl
102.12.03 11:16 B C:\jakarta-tomcat-3.2.4\webapps\cocoon\exslt\submissions\regular-expressions.concat.js --> ftp.exslt.org /www.exslt.org/public_html/submissions regular-expressions.concat.js
102.12.03 11:16 B C:\jakarta-tomcat-3.2.4\webapps\cocoon\exslt\submissions\regular-expressions.concat.msxml.xsl --> ftp.exslt.org /www.exslt.org/public_html/submissions regular-expressions.concat.msxml.xsl
102.12.03 11:16 B C:\jakarta-tomcat-3.2.4\webapps\cocoon\exslt\submissions\regular-expressions.match.1.xml --> ftp.exslt.org /www.exslt.org/public_html/submissions regular-expressions.match.1.xml
102.12.03 11:16 B C:\jakarta-tomcat-3.2.4\webapps\cocoon\exslt\submissions\regular-expressions.match.1.xsl --> ftp.exslt.org /www.exslt.org/public_html/submissions regular-expressions.match.1.xsl
102.12.03 11:16 B C:\jakarta-tomcat-3.2.4\webapps\cocoon\exslt\submissions\regular-expressions.match.js --> ftp.exslt.org /www.exslt.org/public_html/submissions regular-expressions.match.js
102.12.03 11:16 B C:\jakarta-tomcat-3.2.4\webapps\cocoon\exslt\submissions\regular-expressions.match.msxml.xsl --> ftp.exslt.org /www.exslt.org/public_html/submissions regular-expressions.match.msxml.xsl
102.12.03 11:16 B C:\jakarta-tomcat-3.2.4\webapps\cocoon\exslt\submissions\regular-expressions.replace.1.xml --> ftp.exslt.org /www.exslt.org/public_html/submissions regular-expressions.replace.1.xml
102.12.03 11:16 B C:\jakarta-tomcat-3.2.4\webapps\cocoon\exslt\submissions\regular-expressions.replace.1.xsl --> ftp.exslt.org /www.exslt.org/public_html/submissions regular-expressions.replace.1.xsl
102.12.03 11:16 B C:\jakarta-tomcat-3.2.4\webapps\cocoon\exslt\submissions\regular-expressions.replace.js --> ftp.exslt.org /www.exslt.org/public_html/submissions regular-expressions.replace.js
102.12.03 11:16 B C:\jakarta-tomcat-3.2.4\webapps\cocoon\exslt\submissions\regular-expressions.replace.msxml.xsl --> ftp.exslt.org /www.exslt.org/public_html/submissions regular-expressions.replace.msxml.xsl
102.12.03 11:16 B C:\jakarta-tomcat-3.2.4\webapps\cocoon\exslt\submissions\regular-expressions.replace.xsl --> ftp.exslt.org /www.exslt.org/public_html/submissions regular-expressions.replace.xsl
102.12.03 11:16 B C:\jakarta-tomcat-3.2.4\webapps\cocoon\exslt\submissions\regular-expressions.test.1.xml --> ftp.exslt.org /www.exslt.org/public_html/submissions regular-expressions.test.1.xml
102.12.03 11:16 B C:\jakarta-tomcat-3.2.4\webapps\cocoon\exslt\submissions\regular-expressions.test.1.xsl --> ftp.exslt.org /www.exslt.org/public_html/submissions regular-expressions.test.1.xsl
102.12.03 11:16 B C:\jakarta-tomcat-3.2.4\webapps\cocoon\exslt\submissions\regular-expressions.test.js --> ftp.exslt.org /www.exslt.org/public_html/submissions regular-expressions.test.js
102.12.03 11:16 B C:\jakarta-tomcat-3.2.4\webapps\cocoon\exslt\submissions\regular-expressions.test.msxml.xsl --> ftp.exslt.org /www.exslt.org/public_html/submissions regular-expressions.test.msxml.xsl
102.12.03 11:16 B C:\jakarta-tomcat-3.2.4\webapps\cocoon\exslt\submissions\regular-expressions.test.xsl --> ftp.exslt.org /www.exslt.org/public_html/submissions regular-expressions.test.xsl
102.12.03 11:16 B C:\jakarta-tomcat-3.2.4\webapps\cocoon\exslt\submissions\str.concat.js.xml --> ftp.exslt.org /www.exslt.org/public_html/submissions str.concat.js.xml
102.12.03 11:16 B C:\jakarta-tomcat-3.2.4\webapps\cocoon\exslt\submissions\str.concat.msxsl.xml --> ftp.exslt.org /www.exslt.org/public_html/submissions str.concat.msxsl.xml
102.12.03 11:16 B C:\jakarta-tomcat-3.2.4\webapps\cocoon\exslt\submissions\str.concat.submission.xml --> ftp.exslt.org /www.exslt.org/public_html/submissions str.concat.submission.xml
102.12.03 11:16 B C:\jakarta-tomcat-3.2.4\webapps\cocoon\exslt\submissions\str.concat.use-case.1.xml --> ftp.exslt.org /www.exslt.org/public_html/submissions str.concat.use-case.1.xml
102.12.03 11:16 B C:\jakarta-tomcat-3.2.4\webapps\cocoon\exslt\submissions\str.decode-uri.js.xml --> ftp.exslt.org /www.exslt.org/public_html/submissions str.decode-uri.js.xml
102.12.03 11:16 B C:\jakarta-tomcat-3.2.4\webapps\cocoon\exslt\submissions\str.decode-uri.msxsl.xml --> ftp.exslt.org /www.exslt.org/public_html/submissions str.decode-uri.msxsl.xml
102.12.03 11:16 B C:\jakarta-tomcat-3.2.4\webapps\cocoon\exslt\submissions\str.decode-uri.submission.xml --> ftp.exslt.org /www.exslt.org/public_html/submissions str.decode-uri.submission.xml
102.12.03 11:16 B C:\jakarta-tomcat-3.2.4\webapps\cocoon\exslt\submissions\str.encode-uri.js.xml --> ftp.exslt.org /www.exslt.org/public_html/submissions str.encode-uri.js.xml
102.12.03 11:16 B C:\jakarta-tomcat-3.2.4\webapps\cocoon\exslt\submissions\str.encode-uri.msxsl.xml --> ftp.exslt.org /www.exslt.org/public_html/submissions str.encode-uri.msxsl.xml
102.12.03 11:16 B C:\jakarta-tomcat-3.2.4\webapps\cocoon\exslt\submissions\str.encode-uri.submission.xml --> ftp.exslt.org /www.exslt.org/public_html/submissions str.encode-uri.submission.xml
102.12.03 11:16 B C:\jakarta-tomcat-3.2.4\webapps\cocoon\exslt\submissions\submission-package.dtd --> ftp.exslt.org /www.exslt.org/public_html/submissions submission-package.dtd
102.12.03 11:17 B C:\jakarta-tomcat-3.2.4\webapps\cocoon\exslt\submissions\submission_form.html --> ftp.exslt.org /www.exslt.org/public_html/submissions submission_form.html
102.12.03 11:17 B C:\jakarta-tomcat-3.2.4\webapps\cocoon\exslt\submissions\submission_form_upload.html --> ftp.exslt.org /www.exslt.org/public_html/submissions submission_form_upload.html
102.12.03 11:17 B C:\jakarta-tomcat-3.2.4\webapps\cocoon\exslt\submissions\submissions.xsl --> ftp.exslt.org /www.exslt.org/public_html/submissions submissions.xsl
102.12.03 11:17 B C:\jakarta-tomcat-3.2.4\webapps\cocoon\exslt\submissions\testcase.xml --> ftp.exslt.org /www.exslt.org/public_html/submissions testcase.xml
102.12.03 11:17 B C:\jakarta-tomcat-3.2.4\webapps\cocoon\exslt\submissions\testcase.xsl --> ftp.exslt.org /www.exslt.org/public_html/submissions testcase.xsl
102.12.03 11:17 B C:\jakarta-tomcat-3.2.4\webapps\cocoon\exslt\submissions\use-case-submission-template.xml --> ftp.exslt.org /www.exslt.org/public_html/submissions use-case-submission-template.xml
102.12.03 11:17 B C:\jakarta-tomcat-3.2.4\webapps\cocoon\exslt\submissions\use-case-submission.dtd --> ftp.exslt.org /www.exslt.org/public_html/submissions use-case-submission.dtd
102.12.03 11:17 B C:\jakarta-tomcat-3.2.4\webapps\cocoon\exslt\submissions\use-case-submission.zip --> ftp.exslt.org /www.exslt.org/public_html/submissions use-case-submission.zip
102.12.03 11:17 B C:\jakarta-tomcat-3.2.4\webapps\cocoon\exslt\submissions\use-case-template.xml --> ftp.exslt.org /www.exslt.org/public_html/submissions use-case-template.xml
102.12.03 11:17 B C:\jakarta-tomcat-3.2.4\webapps\cocoon\exslt\submissions\WS_FTP.LOG --> ftp.exslt.org /www.exslt.org/public_html/submissions WS_FTP.LOG
102.12.11 11:14 B C:\jakarta-tomcat-3.2.4\webapps\cocoon\exslt\submissions\base.css --> ftp.exslt.org /www.exslt.org/public_html/submissions base.css
102.12.11 11:14 B C:\jakarta-tomcat-3.2.4\webapps\cocoon\exslt\submissions\download.xml --> ftp.exslt.org /www.exslt.org/public_html/submissions download.xml
102.12.11 11:14 B C:\jakarta-tomcat-3.2.4\webapps\cocoon\exslt\submissions\element-submission-template.xml --> ftp.exslt.org /www.exslt.org/public_html/submissions element-submission-template.xml
102.12.11 11:14 B C:\jakarta-tomcat-3.2.4\webapps\cocoon\exslt\submissions\element-submission.dtd --> ftp.exslt.org /www.exslt.org/public_html/submissions element-submission.dtd
102.12.11 11:14 B C:\jakarta-tomcat-3.2.4\webapps\cocoon\exslt\submissions\element-submission.zip --> ftp.exslt.org /www.exslt.org/public_html/submissions element-submission.zip
102.12.11 11:14 B C:\jakarta-tomcat-3.2.4\webapps\cocoon\exslt\submissions\element-template.xml --> ftp.exslt.org /www.exslt.org/public_html/submissions element-template.xml
102.12.11 11:14 B C:\jakarta-tomcat-3.2.4\webapps\cocoon\exslt\submissions\exslt-submission.dtd --> ftp.exslt.org /www.exslt.org/public_html/submissions exslt-submission.dtd
102.12.11 11:14 B C:\jakarta-tomcat-3.2.4\webapps\cocoon\exslt\submissions\function-submission-template.xml --> ftp.exslt.org /www.exslt.org/public_html/submissions function-submission-template.xml
102.12.11 11:14 B C:\jakarta-tomcat-3.2.4\webapps\cocoon\exslt\submissions\function-submission.dtd --> ftp.exslt.org /www.exslt.org/public_html/submissions function-submission.dtd
102.12.11 11:14 B C:\jakarta-tomcat-3.2.4\webapps\cocoon\exslt\submissions\function-submission.zip --> ftp.exslt.org /www.exslt.org/public_html/submissions function-submission.zip
102.12.11 11:14 B C:\jakarta-tomcat-3.2.4\webapps\cocoon\exslt\submissions\function-template.xml --> ftp.exslt.org /www.exslt.org/public_html/submissions function-template.xml
102.12.11 11:14 B C:\jakarta-tomcat-3.2.4\webapps\cocoon\exslt\submissions\implementation-submission-template.xml --> ftp.exslt.org /www.exslt.org/public_html/submissions implementation-submission-template.xml
102.12.11 11:14 B C:\jakarta-tomcat-3.2.4\webapps\cocoon\exslt\submissions\implementation-submission.dtd --> ftp.exslt.org /www.exslt.org/public_html/submissions implementation-submission.dtd
102.12.11 11:14 B C:\jakarta-tomcat-3.2.4\webapps\cocoon\exslt\submissions\implementation-submission.zip --> ftp.exslt.org /www.exslt.org/public_html/submissions implementation-submission.zip
102.12.11 11:14 B C:\jakarta-tomcat-3.2.4\webapps\cocoon\exslt\submissions\implementation-template.xml --> ftp.exslt.org /www.exslt.org/public_html/submissions implementation-template.xml
102.12.11 11:14 B C:\jakarta-tomcat-3.2.4\webapps\cocoon\exslt\submissions\index.html --> ftp.exslt.org /www.exslt.org/public_html/submissions index.html
102.12.11 11:14 B C:\jakarta-tomcat-3.2.4\webapps\cocoon\exslt\submissions\math.power.submission.xml --> ftp.exslt.org /www.exslt.org/public_html/submissions math.power.submission.xml
102.12.11 11:14 B C:\jakarta-tomcat-3.2.4\webapps\cocoon\exslt\submissions\math.power.template.submission.xml --> ftp.exslt.org /www.exslt.org/public_html/submissions math.power.template.submission.xml
102.12.11 11:14 B C:\jakarta-tomcat-3.2.4\webapps\cocoon\exslt\submissions\out.html --> ftp.exslt.org /www.exslt.org/public_html/submissions out.html
102.12.11 11:14 B C:\jakarta-tomcat-3.2.4\webapps\cocoon\exslt\submissions\regexp.match.js.xml --> ftp.exslt.org /www.exslt.org/public_html/submissions regexp.match.js.xml
102.12.11 11:14 B C:\jakarta-tomcat-3.2.4\webapps\cocoon\exslt\submissions\regexp.match.msxsl.xml --> ftp.exslt.org /www.exslt.org/public_html/submissions regexp.match.msxsl.xml
102.12.11 11:14 B C:\jakarta-tomcat-3.2.4\webapps\cocoon\exslt\submissions\regexp.match.submission.xml --> ftp.exslt.org /www.exslt.org/public_html/submissions regexp.match.submission.xml
102.12.11 11:14 B C:\jakarta-tomcat-3.2.4\webapps\cocoon\exslt\submissions\regexp.match.use-case.1.xml --> ftp.exslt.org /www.exslt.org/public_html/submissions regexp.match.use-case.1.xml
102.12.11 11:14 B C:\jakarta-tomcat-3.2.4\webapps\cocoon\exslt\submissions\regexp.match.use-case.zip --> ftp.exslt.org /www.exslt.org/public_html/submissions regexp.match.use-case.zip
102.12.11 11:14 B C:\jakarta-tomcat-3.2.4\webapps\cocoon\exslt\submissions\regexp.match.zip --> ftp.exslt.org /www.exslt.org/public_html/submissions regexp.match.zip
102.12.11 11:14 B C:\jakarta-tomcat-3.2.4\webapps\cocoon\exslt\submissions\regexp.replace.js.xml --> ftp.exslt.org /www.exslt.org/public_html/submissions regexp.replace.js.xml
102.12.11 11:14 B C:\jakarta-tomcat-3.2.4\webapps\cocoon\exslt\submissions\regexp.replace.msxsl.xml --> ftp.exslt.org /www.exslt.org/public_html/submissions regexp.replace.msxsl.xml
102.12.11 11:14 B C:\jakarta-tomcat-3.2.4\webapps\cocoon\exslt\submissions\regexp.replace.submission.xml --> ftp.exslt.org /www.exslt.org/public_html/submissions regexp.replace.submission.xml
102.12.11 11:14 B C:\jakarta-tomcat-3.2.4\webapps\cocoon\exslt\submissions\regexp.replace.use-case.1.xml --> ftp.exslt.org /www.exslt.org/public_html/submissions regexp.replace.use-case.1.xml
102.12.11 11:14 B C:\jakarta-tomcat-3.2.4\webapps\cocoon\exslt\submissions\regexp.replace.zip --> ftp.exslt.org /www.exslt.org/public_html/submissions regexp.replace.zip
102.12.11 11:14 B C:\jakarta-tomcat-3.2.4\webapps\cocoon\exslt\submissions\regexp.test.js.xml --> ftp.exslt.org /www.exslt.org/public_html/submissions regexp.test.js.xml
102.12.11 11:14 B C:\jakarta-tomcat-3.2.4\webapps\cocoon\exslt\submissions\regexp.test.msxsl.xml --> ftp.exslt.org /www.exslt.org/public_html/submissions regexp.test.msxsl.xml
102.12.11 11:14 B C:\jakarta-tomcat-3.2.4\webapps\cocoon\exslt\submissions\regexp.test.submission.xml --> ftp.exslt.org /www.exslt.org/public_html/submissions regexp.test.submission.xml
102.12.11 11:14 B C:\jakarta-tomcat-3.2.4\webapps\cocoon\exslt\submissions\regexp.test.use-case.1.xml --> ftp.exslt.org /www.exslt.org/public_html/submissions regexp.test.use-case.1.xml
102.12.11 11:14 B C:\jakarta-tomcat-3.2.4\webapps\cocoon\exslt\submissions\regexp.test.zip --> ftp.exslt.org /www.exslt.org/public_html/submissions regexp.test.zip
102.12.11 11:14 B C:\jakarta-tomcat-3.2.4\webapps\cocoon\exslt\submissions\regular-expressions.concat.1.xml --> ftp.exslt.org /www.exslt.org/public_html/submissions regular-expressions.concat.1.xml
102.12.11 11:14 B C:\jakarta-tomcat-3.2.4\webapps\cocoon\exslt\submissions\regular-expressions.concat.1.xsl --> ftp.exslt.org /www.exslt.org/public_html/submissions regular-expressions.concat.1.xsl
102.12.11 11:14 B C:\jakarta-tomcat-3.2.4\webapps\cocoon\exslt\submissions\regular-expressions.concat.js --> ftp.exslt.org /www.exslt.org/public_html/submissions regular-expressions.concat.js
102.12.11 11:14 B C:\jakarta-tomcat-3.2.4\webapps\cocoon\exslt\submissions\regular-expressions.concat.msxml.xsl --> ftp.exslt.org /www.exslt.org/public_html/submissions regular-expressions.concat.msxml.xsl
102.12.11 11:14 B C:\jakarta-tomcat-3.2.4\webapps\cocoon\exslt\submissions\regular-expressions.match.1.xml --> ftp.exslt.org /www.exslt.org/public_html/submissions regular-expressions.match.1.xml
102.12.11 11:14 B C:\jakarta-tomcat-3.2.4\webapps\cocoon\exslt\submissions\regular-expressions.match.1.xsl --> ftp.exslt.org /www.exslt.org/public_html/submissions regular-expressions.match.1.xsl
102.12.11 11:14 B C:\jakarta-tomcat-3.2.4\webapps\cocoon\exslt\submissions\regular-expressions.match.js --> ftp.exslt.org /www.exslt.org/public_html/submissions regular-expressions.match.js
102.12.11 11:14 B C:\jakarta-tomcat-3.2.4\webapps\cocoon\exslt\submissions\regular-expressions.match.msxml.xsl --> ftp.exslt.org /www.exslt.org/public_html/submissions regular-expressions.match.msxml.xsl
102.12.11 11:14 B C:\jakarta-tomcat-3.2.4\webapps\cocoon\exslt\submissions\regular-expressions.replace.1.xml --> ftp.exslt.org /www.exslt.org/public_html/submissions regular-expressions.replace.1.xml
102.12.11 11:14 B C:\jakarta-tomcat-3.2.4\webapps\cocoon\exslt\submissions\regular-expressions.replace.1.xsl --> ftp.exslt.org /www.exslt.org/public_html/submissions regular-expressions.replace.1.xsl
102.12.11 11:14 B C:\jakarta-tomcat-3.2.4\webapps\cocoon\exslt\submissions\regular-expressions.replace.js --> ftp.exslt.org /www.exslt.org/public_html/submissions regular-expressions.replace.js
102.12.11 11:14 B C:\jakarta-tomcat-3.2.4\webapps\cocoon\exslt\submissions\regular-expressions.replace.msxml.xsl --> ftp.exslt.org /www.exslt.org/public_html/submissions regular-expressions.replace.msxml.xsl
102.12.11 11:14 B C:\jakarta-tomcat-3.2.4\webapps\cocoon\exslt\submissions\regular-expressions.replace.xsl --> ftp.exslt.org /www.exslt.org/public_html/submissions regular-expressions.replace.xsl
102.12.11 11:14 B C:\jakarta-tomcat-3.2.4\webapps\cocoon\exslt\submissions\regular-expressions.test.1.xml --> ftp.exslt.org /www.exslt.org/public_html/submissions regular-expressions.test.1.xml
102.12.11 11:14 B C:\jakarta-tomcat-3.2.4\webapps\cocoon\exslt\submissions\regular-expressions.test.1.xsl --> ftp.exslt.org /www.exslt.org/public_html/submissions regular-expressions.test.1.xsl
102.12.11 11:14 B C:\jakarta-tomcat-3.2.4\webapps\cocoon\exslt\submissions\regular-expressions.test.js --> ftp.exslt.org /www.exslt.org/public_html/submissions regular-expressions.test.js
102.12.11 11:14 B C:\jakarta-tomcat-3.2.4\webapps\cocoon\exslt\submissions\regular-expressions.test.msxml.xsl --> ftp.exslt.org /www.exslt.org/public_html/submissions regular-expressions.test.msxml.xsl
102.12.11 11:14 B C:\jakarta-tomcat-3.2.4\webapps\cocoon\exslt\submissions\regular-expressions.test.xsl --> ftp.exslt.org /www.exslt.org/public_html/submissions regular-expressions.test.xsl
102.12.11 11:14 B C:\jakarta-tomcat-3.2.4\webapps\cocoon\exslt\submissions\str.concat.js.xml --> ftp.exslt.org /www.exslt.org/public_html/submissions str.concat.js.xml
102.12.11 11:14 B C:\jakarta-tomcat-3.2.4\webapps\cocoon\exslt\submissions\str.concat.msxsl.xml --> ftp.exslt.org /www.exslt.org/public_html/submissions str.concat.msxsl.xml
102.12.11 11:14 B C:\jakarta-tomcat-3.2.4\webapps\cocoon\exslt\submissions\str.concat.submission.xml --> ftp.exslt.org /www.exslt.org/public_html/submissions str.concat.submission.xml
102.12.11 11:14 B C:\jakarta-tomcat-3.2.4\webapps\cocoon\exslt\submissions\str.concat.use-case.1.xml --> ftp.exslt.org /www.exslt.org/public_html/submissions str.concat.use-case.1.xml
102.12.11 11:14 B C:\jakarta-tomcat-3.2.4\webapps\cocoon\exslt\submissions\str.decode-uri.js.xml --> ftp.exslt.org /www.exslt.org/public_html/submissions str.decode-uri.js.xml
102.12.11 11:14 B C:\jakarta-tomcat-3.2.4\webapps\cocoon\exslt\submissions\str.decode-uri.msxsl.xml --> ftp.exslt.org /www.exslt.org/public_html/submissions str.decode-uri.msxsl.xml
102.12.11 11:14 B C:\jakarta-tomcat-3.2.4\webapps\cocoon\exslt\submissions\str.decode-uri.submission.xml --> ftp.exslt.org /www.exslt.org/public_html/submissions str.decode-uri.submission.xml
102.12.11 11:14 B C:\jakarta-tomcat-3.2.4\webapps\cocoon\exslt\submissions\str.encode-uri.js.xml --> ftp.exslt.org /www.exslt.org/public_html/submissions str.encode-uri.js.xml
102.12.11 11:14 B C:\jakarta-tomcat-3.2.4\webapps\cocoon\exslt\submissions\str.encode-uri.msxsl.xml --> ftp.exslt.org /www.exslt.org/public_html/submissions str.encode-uri.msxsl.xml
102.12.11 11:14 B C:\jakarta-tomcat-3.2.4\webapps\cocoon\exslt\submissions\str.encode-uri.submission.xml --> ftp.exslt.org /www.exslt.org/public_html/submissions str.encode-uri.submission.xml
102.12.11 11:14 B C:\jakarta-tomcat-3.2.4\webapps\cocoon\exslt\submissions\submission-package.dtd --> ftp.exslt.org /www.exslt.org/public_html/submissions submission-package.dtd
102.12.11 11:14 B C:\jakarta-tomcat-3.2.4\webapps\cocoon\exslt\submissions\submission_form.html --> ftp.exslt.org /www.exslt.org/public_html/submissions submission_form.html
102.12.11 11:14 B C:\jakarta-tomcat-3.2.4\webapps\cocoon\exslt\submissions\submission_form_upload.html --> ftp.exslt.org /www.exslt.org/public_html/submissions submission_form_upload.html
102.12.11 11:14 B C:\jakarta-tomcat-3.2.4\webapps\cocoon\exslt\submissions\submissions.xsl --> ftp.exslt.org /www.exslt.org/public_html/submissions submissions.xsl
102.12.11 11:14 B C:\jakarta-tomcat-3.2.4\webapps\cocoon\exslt\submissions\testcase.xml --> ftp.exslt.org /www.exslt.org/public_html/submissions testcase.xml
102.12.11 11:14 B C:\jakarta-tomcat-3.2.4\webapps\cocoon\exslt\submissions\testcase.xsl --> ftp.exslt.org /www.exslt.org/public_html/submissions testcase.xsl
102.12.11 11:14 B C:\jakarta-tomcat-3.2.4\webapps\cocoon\exslt\submissions\use-case-submission-template.xml --> ftp.exslt.org /www.exslt.org/public_html/submissions use-case-submission-template.xml
102.12.11 11:14 B C:\jakarta-tomcat-3.2.4\webapps\cocoon\exslt\submissions\use-case-submission.dtd --> ftp.exslt.org /www.exslt.org/public_html/submissions use-case-submission.dtd
102.12.11 11:14 B C:\jakarta-tomcat-3.2.4\webapps\cocoon\exslt\submissions\use-case-submission.zip --> ftp.exslt.org /www.exslt.org/public_html/submissions use-case-submission.zip
102.12.11 11:14 B C:\jakarta-tomcat-3.2.4\webapps\cocoon\exslt\submissions\use-case-template.xml --> ftp.exslt.org /www.exslt.org/public_html/submissions use-case-template.xml
