102.12.02 12:33 B C:\jakarta-tomcat-3.2.4\webapps\cocoon\exslt\public_html\schema\min\math.min.1.xsl <-- ftp.exslt.org /www.exslt.org/public_html/schema/min math.min.1.xsl
102.12.02 12:33 B C:\jakarta-tomcat-3.2.4\webapps\cocoon\exslt\public_html\schema\min\math.min.2.xsl <-- ftp.exslt.org /www.exslt.org/public_html/schema/min math.min.2.xsl
102.12.02 12:33 B C:\jakarta-tomcat-3.2.4\webapps\cocoon\exslt\public_html\schema\min\math.min.3.xsl <-- ftp.exslt.org /www.exslt.org/public_html/schema/min math.min.3.xsl
102.12.02 12:33 B C:\jakarta-tomcat-3.2.4\webapps\cocoon\exslt\public_html\schema\min\math.min.4.xsl <-- ftp.exslt.org /www.exslt.org/public_html/schema/min math.min.4.xsl
102.12.02 12:33 B C:\jakarta-tomcat-3.2.4\webapps\cocoon\exslt\public_html\schema\min\math.min.data.1.xml <-- ftp.exslt.org /www.exslt.org/public_html/schema/min math.min.data.1.xml
102.12.02 12:33 B C:\jakarta-tomcat-3.2.4\webapps\cocoon\exslt\public_html\schema\min\math.min.data.2.xml <-- ftp.exslt.org /www.exslt.org/public_html/schema/min math.min.data.2.xml
102.12.02 12:33 B C:\jakarta-tomcat-3.2.4\webapps\cocoon\exslt\public_html\schema\min\math.min.function.xsl <-- ftp.exslt.org /www.exslt.org/public_html/schema/min math.min.function.xsl
102.12.02 12:33 B C:\jakarta-tomcat-3.2.4\webapps\cocoon\exslt\public_html\schema\min\math.min.js <-- ftp.exslt.org /www.exslt.org/public_html/schema/min math.min.js
102.12.02 12:33 B C:\jakarta-tomcat-3.2.4\webapps\cocoon\exslt\public_html\schema\min\math.min.result.1.txt <-- ftp.exslt.org /www.exslt.org/public_html/schema/min math.min.result.1.txt
102.12.02 12:33 B C:\jakarta-tomcat-3.2.4\webapps\cocoon\exslt\public_html\schema\min\math.min.result.2.txt <-- ftp.exslt.org /www.exslt.org/public_html/schema/min math.min.result.2.txt
102.12.02 12:33 B C:\jakarta-tomcat-3.2.4\webapps\cocoon\exslt\public_html\schema\min\math.min.template.xsl <-- ftp.exslt.org /www.exslt.org/public_html/schema/min math.min.template.xsl
102.12.02 12:33 B C:\jakarta-tomcat-3.2.4\webapps\cocoon\exslt\public_html\schema\min\min.1.xml <-- ftp.exslt.org /www.exslt.org/public_html/schema/min min.1.xml
102.12.03 11:12 B C:\jakarta-tomcat-3.2.4\webapps\cocoon\exslt\schema\min\math.min.1.xsl --> ftp.exslt.org /www.exslt.org/public_html/schema/min math.min.1.xsl
102.12.03 11:12 B C:\jakarta-tomcat-3.2.4\webapps\cocoon\exslt\schema\min\math.min.2.xsl --> ftp.exslt.org /www.exslt.org/public_html/schema/min math.min.2.xsl
102.12.03 11:12 B C:\jakarta-tomcat-3.2.4\webapps\cocoon\exslt\schema\min\math.min.3.xsl --> ftp.exslt.org /www.exslt.org/public_html/schema/min math.min.3.xsl
102.12.03 11:12 B C:\jakarta-tomcat-3.2.4\webapps\cocoon\exslt\schema\min\math.min.4.xsl --> ftp.exslt.org /www.exslt.org/public_html/schema/min math.min.4.xsl
102.12.03 11:12 B C:\jakarta-tomcat-3.2.4\webapps\cocoon\exslt\schema\min\math.min.data.1.xml --> ftp.exslt.org /www.exslt.org/public_html/schema/min math.min.data.1.xml
102.12.03 11:12 B C:\jakarta-tomcat-3.2.4\webapps\cocoon\exslt\schema\min\math.min.data.2.xml --> ftp.exslt.org /www.exslt.org/public_html/schema/min math.min.data.2.xml
102.12.03 11:12 B C:\jakarta-tomcat-3.2.4\webapps\cocoon\exslt\schema\min\math.min.function.xsl --> ftp.exslt.org /www.exslt.org/public_html/schema/min math.min.function.xsl
102.12.03 11:12 B C:\jakarta-tomcat-3.2.4\webapps\cocoon\exslt\schema\min\math.min.js --> ftp.exslt.org /www.exslt.org/public_html/schema/min math.min.js
102.12.03 11:12 B C:\jakarta-tomcat-3.2.4\webapps\cocoon\exslt\schema\min\math.min.result.1.txt --> ftp.exslt.org /www.exslt.org/public_html/schema/min math.min.result.1.txt
102.12.03 11:12 B C:\jakarta-tomcat-3.2.4\webapps\cocoon\exslt\schema\min\math.min.result.2.txt --> ftp.exslt.org /www.exslt.org/public_html/schema/min math.min.result.2.txt
102.12.03 11:12 B C:\jakarta-tomcat-3.2.4\webapps\cocoon\exslt\schema\min\math.min.template.xsl --> ftp.exslt.org /www.exslt.org/public_html/schema/min math.min.template.xsl
102.12.03 11:12 B C:\jakarta-tomcat-3.2.4\webapps\cocoon\exslt\schema\min\min.1.xml --> ftp.exslt.org /www.exslt.org/public_html/schema/min min.1.xml
102.12.03 11:12 B C:\jakarta-tomcat-3.2.4\webapps\cocoon\exslt\schema\min\WS_FTP.LOG --> ftp.exslt.org /www.exslt.org/public_html/schema/min WS_FTP.LOG
102.12.11 11:07 B C:\jakarta-tomcat-3.2.4\webapps\cocoon\exslt\schema\min\math.min.1.xsl --> ftp.exslt.org /www.exslt.org/public_html/schema/min math.min.1.xsl
102.12.11 11:07 B C:\jakarta-tomcat-3.2.4\webapps\cocoon\exslt\schema\min\math.min.2.xsl --> ftp.exslt.org /www.exslt.org/public_html/schema/min math.min.2.xsl
102.12.11 11:07 B C:\jakarta-tomcat-3.2.4\webapps\cocoon\exslt\schema\min\math.min.3.xsl --> ftp.exslt.org /www.exslt.org/public_html/schema/min math.min.3.xsl
102.12.11 11:07 B C:\jakarta-tomcat-3.2.4\webapps\cocoon\exslt\schema\min\math.min.4.xsl --> ftp.exslt.org /www.exslt.org/public_html/schema/min math.min.4.xsl
102.12.11 11:07 B C:\jakarta-tomcat-3.2.4\webapps\cocoon\exslt\schema\min\math.min.data.1.xml --> ftp.exslt.org /www.exslt.org/public_html/schema/min math.min.data.1.xml
102.12.11 11:07 B C:\jakarta-tomcat-3.2.4\webapps\cocoon\exslt\schema\min\math.min.data.2.xml --> ftp.exslt.org /www.exslt.org/public_html/schema/min math.min.data.2.xml
102.12.11 11:07 B C:\jakarta-tomcat-3.2.4\webapps\cocoon\exslt\schema\min\math.min.function.xsl --> ftp.exslt.org /www.exslt.org/public_html/schema/min math.min.function.xsl
102.12.11 11:07 B C:\jakarta-tomcat-3.2.4\webapps\cocoon\exslt\schema\min\math.min.js --> ftp.exslt.org /www.exslt.org/public_html/schema/min math.min.js
102.12.11 11:07 B C:\jakarta-tomcat-3.2.4\webapps\cocoon\exslt\schema\min\math.min.result.1.txt --> ftp.exslt.org /www.exslt.org/public_html/schema/min math.min.result.1.txt
102.12.11 11:07 B C:\jakarta-tomcat-3.2.4\webapps\cocoon\exslt\schema\min\math.min.result.2.txt --> ftp.exslt.org /www.exslt.org/public_html/schema/min math.min.result.2.txt
102.12.11 11:07 B C:\jakarta-tomcat-3.2.4\webapps\cocoon\exslt\schema\min\math.min.template.xsl --> ftp.exslt.org /www.exslt.org/public_html/schema/min math.min.template.xsl
102.12.11 11:07 B C:\jakarta-tomcat-3.2.4\webapps\cocoon\exslt\schema\min\min.1.xml --> ftp.exslt.org /www.exslt.org/public_html/schema/min min.1.xml
102.12.11 11:07 B C:\jakarta-tomcat-3.2.4\webapps\cocoon\exslt\schema\min\WS_FTP.LOG --> ftp.exslt.org /www.exslt.org/public_html/schema/min WS_FTP.LOG
102.12.11 11:11 B C:\jakarta-tomcat-3.2.4\webapps\cocoon\exslt\schema\min\math.min.1.xsl --> ftp.exslt.org /www.exslt.org/public_html/schema/min math.min.1.xsl
102.12.11 11:11 B C:\jakarta-tomcat-3.2.4\webapps\cocoon\exslt\schema\min\math.min.2.xsl --> ftp.exslt.org /www.exslt.org/public_html/schema/min math.min.2.xsl
102.12.11 11:11 B C:\jakarta-tomcat-3.2.4\webapps\cocoon\exslt\schema\min\math.min.3.xsl --> ftp.exslt.org /www.exslt.org/public_html/schema/min math.min.3.xsl
102.12.11 11:11 B C:\jakarta-tomcat-3.2.4\webapps\cocoon\exslt\schema\min\math.min.4.xsl --> ftp.exslt.org /www.exslt.org/public_html/schema/min math.min.4.xsl
102.12.11 11:11 B C:\jakarta-tomcat-3.2.4\webapps\cocoon\exslt\schema\min\math.min.data.1.xml --> ftp.exslt.org /www.exslt.org/public_html/schema/min math.min.data.1.xml
102.12.11 11:11 B C:\jakarta-tomcat-3.2.4\webapps\cocoon\exslt\schema\min\math.min.data.2.xml --> ftp.exslt.org /www.exslt.org/public_html/schema/min math.min.data.2.xml
102.12.11 11:11 B C:\jakarta-tomcat-3.2.4\webapps\cocoon\exslt\schema\min\math.min.function.xsl --> ftp.exslt.org /www.exslt.org/public_html/schema/min math.min.function.xsl
102.12.11 11:11 B C:\jakarta-tomcat-3.2.4\webapps\cocoon\exslt\schema\min\math.min.js --> ftp.exslt.org /www.exslt.org/public_html/schema/min math.min.js
102.12.11 11:11 B C:\jakarta-tomcat-3.2.4\webapps\cocoon\exslt\schema\min\math.min.result.1.txt --> ftp.exslt.org /www.exslt.org/public_html/schema/min math.min.result.1.txt
102.12.11 11:11 B C:\jakarta-tomcat-3.2.4\webapps\cocoon\exslt\schema\min\math.min.result.2.txt --> ftp.exslt.org /www.exslt.org/public_html/schema/min math.min.result.2.txt
102.12.11 11:11 B C:\jakarta-tomcat-3.2.4\webapps\cocoon\exslt\schema\min\math.min.template.xsl --> ftp.exslt.org /www.exslt.org/public_html/schema/min math.min.template.xsl
102.12.11 11:11 B C:\jakarta-tomcat-3.2.4\webapps\cocoon\exslt\schema\min\min.1.xml --> ftp.exslt.org /www.exslt.org/public_html/schema/min min.1.xml
