102.08.21 17:25 B C:\jakarta-tomcat-3.2.4\webapps\cocoon\exslt\date\functions\date-time\base.css --> ftp.exslt.org /www.exslt.org/public_html/date/functions/date-time base.css
102.08.21 17:25 B C:\jakarta-tomcat-3.2.4\webapps\cocoon\exslt\date\functions\date-time\date.date-time.1.html --> ftp.exslt.org /www.exslt.org/public_html/date/functions/date-time date.date-time.1.html
102.08.21 17:25 B C:\jakarta-tomcat-3.2.4\webapps\cocoon\exslt\date\functions\date-time\date.date-time.html --> ftp.exslt.org /www.exslt.org/public_html/date/functions/date-time date.date-time.html
102.08.21 17:25 B C:\jakarta-tomcat-3.2.4\webapps\cocoon\exslt\date\functions\date-time\date.date-time.package.txt --> ftp.exslt.org /www.exslt.org/public_html/date/functions/date-time date.date-time.package.txt
102.08.21 17:25 B C:\jakarta-tomcat-3.2.4\webapps\cocoon\exslt\date\functions\date-time\date.date-time.use-cases.txt --> ftp.exslt.org /www.exslt.org/public_html/date/functions/date-time date.date-time.use-cases.txt
102.08.21 17:25 B C:\jakarta-tomcat-3.2.4\webapps\cocoon\exslt\date\functions\date-time\date.date-time.use-cases.zip --> ftp.exslt.org /www.exslt.org/public_html/date/functions/date-time date.date-time.use-cases.zip
102.08.21 17:25 B C:\jakarta-tomcat-3.2.4\webapps\cocoon\exslt\date\functions\date-time\date.date-time.xml --> ftp.exslt.org /www.exslt.org/public_html/date/functions/date-time date.date-time.xml
102.08.21 17:25 B C:\jakarta-tomcat-3.2.4\webapps\cocoon\exslt\date\functions\date-time\date.date-time.xsl --> ftp.exslt.org /www.exslt.org/public_html/date/functions/date-time date.date-time.xsl
102.08.21 17:25 B C:\jakarta-tomcat-3.2.4\webapps\cocoon\exslt\date\functions\date-time\date.date-time.zip --> ftp.exslt.org /www.exslt.org/public_html/date/functions/date-time date.date-time.zip
102.08.21 17:25 B C:\jakarta-tomcat-3.2.4\webapps\cocoon\exslt\date\functions\date-time\date.js --> ftp.exslt.org /www.exslt.org/public_html/date/functions/date-time date.js
102.08.21 17:25 B C:\jakarta-tomcat-3.2.4\webapps\cocoon\exslt\date\functions\date-time\date.js.html --> ftp.exslt.org /www.exslt.org/public_html/date/functions/date-time date.js.html
102.08.21 17:25 B C:\jakarta-tomcat-3.2.4\webapps\cocoon\exslt\date\functions\date-time\date.msxsl.xsl --> ftp.exslt.org /www.exslt.org/public_html/date/functions/date-time date.msxsl.xsl
102.08.21 17:25 B C:\jakarta-tomcat-3.2.4\webapps\cocoon\exslt\date\functions\date-time\date.msxsl.xsl.html --> ftp.exslt.org /www.exslt.org/public_html/date/functions/date-time date.msxsl.xsl.html
102.08.21 17:25 B C:\jakarta-tomcat-3.2.4\webapps\cocoon\exslt\date\functions\date-time\index.html --> ftp.exslt.org /www.exslt.org/public_html/date/functions/date-time index.html
102.08.21 17:25 B C:\jakarta-tomcat-3.2.4\webapps\cocoon\exslt\date\functions\date-time\refresh.bat --> ftp.exslt.org /www.exslt.org/public_html/date/functions/date-time refresh.bat
102.08.21 17:25 B C:\jakarta-tomcat-3.2.4\webapps\cocoon\exslt\date\functions\date-time\update.bat --> ftp.exslt.org /www.exslt.org/public_html/date/functions/date-time update.bat
102.08.21 17:30 B C:\jakarta-tomcat-3.2.4\webapps\cocoon\exslt\date\functions\date-time\base.css --> ftp.exslt.org /www.exslt.org/public_html/date/functions/date-time base.css
102.08.21 17:30 B C:\jakarta-tomcat-3.2.4\webapps\cocoon\exslt\date\functions\date-time\date.date-time.1.html --> ftp.exslt.org /www.exslt.org/public_html/date/functions/date-time date.date-time.1.html
102.08.21 17:30 B C:\jakarta-tomcat-3.2.4\webapps\cocoon\exslt\date\functions\date-time\date.date-time.html --> ftp.exslt.org /www.exslt.org/public_html/date/functions/date-time date.date-time.html
102.08.21 17:30 B C:\jakarta-tomcat-3.2.4\webapps\cocoon\exslt\date\functions\date-time\date.date-time.package.txt --> ftp.exslt.org /www.exslt.org/public_html/date/functions/date-time date.date-time.package.txt
102.08.21 17:30 B C:\jakarta-tomcat-3.2.4\webapps\cocoon\exslt\date\functions\date-time\date.date-time.use-cases.txt --> ftp.exslt.org /www.exslt.org/public_html/date/functions/date-time date.date-time.use-cases.txt
102.08.21 17:30 B C:\jakarta-tomcat-3.2.4\webapps\cocoon\exslt\date\functions\date-time\date.date-time.use-cases.zip --> ftp.exslt.org /www.exslt.org/public_html/date/functions/date-time date.date-time.use-cases.zip
102.08.21 17:30 B C:\jakarta-tomcat-3.2.4\webapps\cocoon\exslt\date\functions\date-time\date.date-time.xml --> ftp.exslt.org /www.exslt.org/public_html/date/functions/date-time date.date-time.xml
102.08.21 17:30 B C:\jakarta-tomcat-3.2.4\webapps\cocoon\exslt\date\functions\date-time\date.date-time.xsl --> ftp.exslt.org /www.exslt.org/public_html/date/functions/date-time date.date-time.xsl
102.08.21 17:30 B C:\jakarta-tomcat-3.2.4\webapps\cocoon\exslt\date\functions\date-time\date.date-time.zip --> ftp.exslt.org /www.exslt.org/public_html/date/functions/date-time date.date-time.zip
102.08.21 17:30 B C:\jakarta-tomcat-3.2.4\webapps\cocoon\exslt\date\functions\date-time\date.js --> ftp.exslt.org /www.exslt.org/public_html/date/functions/date-time date.js
102.08.21 17:30 B C:\jakarta-tomcat-3.2.4\webapps\cocoon\exslt\date\functions\date-time\date.js.html --> ftp.exslt.org /www.exslt.org/public_html/date/functions/date-time date.js.html
102.08.21 17:30 B C:\jakarta-tomcat-3.2.4\webapps\cocoon\exslt\date\functions\date-time\date.msxsl.xsl --> ftp.exslt.org /www.exslt.org/public_html/date/functions/date-time date.msxsl.xsl
102.08.21 17:30 B C:\jakarta-tomcat-3.2.4\webapps\cocoon\exslt\date\functions\date-time\date.msxsl.xsl.html --> ftp.exslt.org /www.exslt.org/public_html/date/functions/date-time date.msxsl.xsl.html
102.08.21 17:30 B C:\jakarta-tomcat-3.2.4\webapps\cocoon\exslt\date\functions\date-time\index.html --> ftp.exslt.org /www.exslt.org/public_html/date/functions/date-time index.html
102.08.21 17:30 B C:\jakarta-tomcat-3.2.4\webapps\cocoon\exslt\date\functions\date-time\refresh.bat --> ftp.exslt.org /www.exslt.org/public_html/date/functions/date-time refresh.bat
102.08.21 17:30 B C:\jakarta-tomcat-3.2.4\webapps\cocoon\exslt\date\functions\date-time\update.bat --> ftp.exslt.org /www.exslt.org/public_html/date/functions/date-time update.bat
102.08.21 17:30 B C:\jakarta-tomcat-3.2.4\webapps\cocoon\exslt\date\functions\date-time\WS_FTP.LOG --> ftp.exslt.org /www.exslt.org/public_html/date/functions/date-time WS_FTP.LOG
102.11.19 13:14 B C:\jakarta-tomcat-3.2.4\webapps\cocoon\exslt\date\functions\date-time\base.css --> ftp.exslt.org /www.exslt.org/public_html/date/functions/date-time base.css
102.11.19 13:14 B C:\jakarta-tomcat-3.2.4\webapps\cocoon\exslt\date\functions\date-time\date.date-time.1.html --> ftp.exslt.org /www.exslt.org/public_html/date/functions/date-time date.date-time.1.html
102.11.19 13:14 B C:\jakarta-tomcat-3.2.4\webapps\cocoon\exslt\date\functions\date-time\date.date-time.html --> ftp.exslt.org /www.exslt.org/public_html/date/functions/date-time date.date-time.html
102.11.19 13:14 B C:\jakarta-tomcat-3.2.4\webapps\cocoon\exslt\date\functions\date-time\date.date-time.package.txt --> ftp.exslt.org /www.exslt.org/public_html/date/functions/date-time date.date-time.package.txt
102.11.19 13:14 B C:\jakarta-tomcat-3.2.4\webapps\cocoon\exslt\date\functions\date-time\date.date-time.use-cases.txt --> ftp.exslt.org /www.exslt.org/public_html/date/functions/date-time date.date-time.use-cases.txt
102.11.19 13:14 B C:\jakarta-tomcat-3.2.4\webapps\cocoon\exslt\date\functions\date-time\date.date-time.use-cases.zip --> ftp.exslt.org /www.exslt.org/public_html/date/functions/date-time date.date-time.use-cases.zip
102.11.19 13:14 B C:\jakarta-tomcat-3.2.4\webapps\cocoon\exslt\date\functions\date-time\date.date-time.xml --> ftp.exslt.org /www.exslt.org/public_html/date/functions/date-time date.date-time.xml
102.11.19 13:14 B C:\jakarta-tomcat-3.2.4\webapps\cocoon\exslt\date\functions\date-time\date.date-time.xsl --> ftp.exslt.org /www.exslt.org/public_html/date/functions/date-time date.date-time.xsl
102.11.19 13:14 B C:\jakarta-tomcat-3.2.4\webapps\cocoon\exslt\date\functions\date-time\date.date-time.zip --> ftp.exslt.org /www.exslt.org/public_html/date/functions/date-time date.date-time.zip
102.11.19 13:14 B C:\jakarta-tomcat-3.2.4\webapps\cocoon\exslt\date\functions\date-time\date.js --> ftp.exslt.org /www.exslt.org/public_html/date/functions/date-time date.js
102.11.19 13:14 B C:\jakarta-tomcat-3.2.4\webapps\cocoon\exslt\date\functions\date-time\date.js.html --> ftp.exslt.org /www.exslt.org/public_html/date/functions/date-time date.js.html
102.11.19 13:14 B C:\jakarta-tomcat-3.2.4\webapps\cocoon\exslt\date\functions\date-time\date.msxsl.xsl --> ftp.exslt.org /www.exslt.org/public_html/date/functions/date-time date.msxsl.xsl
102.11.19 13:14 B C:\jakarta-tomcat-3.2.4\webapps\cocoon\exslt\date\functions\date-time\date.msxsl.xsl.html --> ftp.exslt.org /www.exslt.org/public_html/date/functions/date-time date.msxsl.xsl.html
102.11.19 13:14 B C:\jakarta-tomcat-3.2.4\webapps\cocoon\exslt\date\functions\date-time\index.html --> ftp.exslt.org /www.exslt.org/public_html/date/functions/date-time index.html
102.11.19 13:14 B C:\jakarta-tomcat-3.2.4\webapps\cocoon\exslt\date\functions\date-time\refresh.bat --> ftp.exslt.org /www.exslt.org/public_html/date/functions/date-time refresh.bat
102.11.19 13:14 B C:\jakarta-tomcat-3.2.4\webapps\cocoon\exslt\date\functions\date-time\update.bat --> ftp.exslt.org /www.exslt.org/public_html/date/functions/date-time update.bat
102.11.19 13:14 B C:\jakarta-tomcat-3.2.4\webapps\cocoon\exslt\date\functions\date-time\WS_FTP.LOG --> ftp.exslt.org /www.exslt.org/public_html/date/functions/date-time WS_FTP.LOG
102.11.19 13:20 B C:\jakarta-tomcat-3.2.4\webapps\cocoon\exslt\date\functions\date-time\base.css --> ftp.exslt.org /www.exslt.org/public_html/date/functions/date-time base.css
102.11.19 13:20 B C:\jakarta-tomcat-3.2.4\webapps\cocoon\exslt\date\functions\date-time\date.date-time.1.html --> ftp.exslt.org /www.exslt.org/public_html/date/functions/date-time date.date-time.1.html
102.11.19 13:20 B C:\jakarta-tomcat-3.2.4\webapps\cocoon\exslt\date\functions\date-time\date.date-time.html --> ftp.exslt.org /www.exslt.org/public_html/date/functions/date-time date.date-time.html
102.11.19 13:20 B C:\jakarta-tomcat-3.2.4\webapps\cocoon\exslt\date\functions\date-time\date.date-time.package.txt --> ftp.exslt.org /www.exslt.org/public_html/date/functions/date-time date.date-time.package.txt
102.11.19 13:20 B C:\jakarta-tomcat-3.2.4\webapps\cocoon\exslt\date\functions\date-time\date.date-time.use-cases.txt --> ftp.exslt.org /www.exslt.org/public_html/date/functions/date-time date.date-time.use-cases.txt
102.11.19 13:20 B C:\jakarta-tomcat-3.2.4\webapps\cocoon\exslt\date\functions\date-time\date.date-time.use-cases.zip --> ftp.exslt.org /www.exslt.org/public_html/date/functions/date-time date.date-time.use-cases.zip
102.11.19 13:20 B C:\jakarta-tomcat-3.2.4\webapps\cocoon\exslt\date\functions\date-time\date.date-time.xml --> ftp.exslt.org /www.exslt.org/public_html/date/functions/date-time date.date-time.xml
102.11.19 13:20 B C:\jakarta-tomcat-3.2.4\webapps\cocoon\exslt\date\functions\date-time\date.date-time.xsl --> ftp.exslt.org /www.exslt.org/public_html/date/functions/date-time date.date-time.xsl
102.11.19 13:20 B C:\jakarta-tomcat-3.2.4\webapps\cocoon\exslt\date\functions\date-time\date.date-time.zip --> ftp.exslt.org /www.exslt.org/public_html/date/functions/date-time date.date-time.zip
102.11.19 13:20 B C:\jakarta-tomcat-3.2.4\webapps\cocoon\exslt\date\functions\date-time\date.js --> ftp.exslt.org /www.exslt.org/public_html/date/functions/date-time date.js
102.11.19 13:20 B C:\jakarta-tomcat-3.2.4\webapps\cocoon\exslt\date\functions\date-time\date.js.html --> ftp.exslt.org /www.exslt.org/public_html/date/functions/date-time date.js.html
102.11.19 13:20 B C:\jakarta-tomcat-3.2.4\webapps\cocoon\exslt\date\functions\date-time\date.msxsl.xsl --> ftp.exslt.org /www.exslt.org/public_html/date/functions/date-time date.msxsl.xsl
102.11.19 13:20 B C:\jakarta-tomcat-3.2.4\webapps\cocoon\exslt\date\functions\date-time\date.msxsl.xsl.html --> ftp.exslt.org /www.exslt.org/public_html/date/functions/date-time date.msxsl.xsl.html
102.11.19 13:21 B C:\jakarta-tomcat-3.2.4\webapps\cocoon\exslt\date\functions\date-time\index.html --> ftp.exslt.org /www.exslt.org/public_html/date/functions/date-time index.html
102.11.19 13:21 B C:\jakarta-tomcat-3.2.4\webapps\cocoon\exslt\date\functions\date-time\refresh.bat --> ftp.exslt.org /www.exslt.org/public_html/date/functions/date-time refresh.bat
102.11.19 13:21 B C:\jakarta-tomcat-3.2.4\webapps\cocoon\exslt\date\functions\date-time\update.bat --> ftp.exslt.org /www.exslt.org/public_html/date/functions/date-time update.bat
102.12.02 12:21 B C:\jakarta-tomcat-3.2.4\webapps\cocoon\exslt\public_html\date\functions\date-time\WS_FTP.LOG <-- ftp.exslt.org /www.exslt.org/public_html/date/functions/date-time WS_FTP.LOG
102.12.03 11:04 B C:\jakarta-tomcat-3.2.4\webapps\cocoon\exslt\date\functions\date-time\base.css --> ftp.exslt.org /www.exslt.org/public_html/date/functions/date-time base.css
102.12.03 11:04 B C:\jakarta-tomcat-3.2.4\webapps\cocoon\exslt\date\functions\date-time\date.date-time.1.html --> ftp.exslt.org /www.exslt.org/public_html/date/functions/date-time date.date-time.1.html
102.12.03 11:04 B C:\jakarta-tomcat-3.2.4\webapps\cocoon\exslt\date\functions\date-time\date.date-time.1.xml --> ftp.exslt.org /www.exslt.org/public_html/date/functions/date-time date.date-time.1.xml
102.12.03 11:04 B C:\jakarta-tomcat-3.2.4\webapps\cocoon\exslt\date\functions\date-time\date.date-time.html --> ftp.exslt.org /www.exslt.org/public_html/date/functions/date-time date.date-time.html
102.12.03 11:04 B C:\jakarta-tomcat-3.2.4\webapps\cocoon\exslt\date\functions\date-time\date.date-time.package.txt --> ftp.exslt.org /www.exslt.org/public_html/date/functions/date-time date.date-time.package.txt
102.12.03 11:04 B C:\jakarta-tomcat-3.2.4\webapps\cocoon\exslt\date\functions\date-time\date.date-time.use-cases.txt --> ftp.exslt.org /www.exslt.org/public_html/date/functions/date-time date.date-time.use-cases.txt
102.12.03 11:04 B C:\jakarta-tomcat-3.2.4\webapps\cocoon\exslt\date\functions\date-time\date.date-time.use-cases.zip --> ftp.exslt.org /www.exslt.org/public_html/date/functions/date-time date.date-time.use-cases.zip
102.12.03 11:04 B C:\jakarta-tomcat-3.2.4\webapps\cocoon\exslt\date\functions\date-time\date.date-time.xml --> ftp.exslt.org /www.exslt.org/public_html/date/functions/date-time date.date-time.xml
102.12.03 11:04 B C:\jakarta-tomcat-3.2.4\webapps\cocoon\exslt\date\functions\date-time\date.date-time.xsl --> ftp.exslt.org /www.exslt.org/public_html/date/functions/date-time date.date-time.xsl
102.12.03 11:04 B C:\jakarta-tomcat-3.2.4\webapps\cocoon\exslt\date\functions\date-time\date.date-time.zip --> ftp.exslt.org /www.exslt.org/public_html/date/functions/date-time date.date-time.zip
102.12.03 11:04 B C:\jakarta-tomcat-3.2.4\webapps\cocoon\exslt\date\functions\date-time\date.js --> ftp.exslt.org /www.exslt.org/public_html/date/functions/date-time date.js
102.12.03 11:04 B C:\jakarta-tomcat-3.2.4\webapps\cocoon\exslt\date\functions\date-time\date.js.html --> ftp.exslt.org /www.exslt.org/public_html/date/functions/date-time date.js.html
102.12.03 11:04 B C:\jakarta-tomcat-3.2.4\webapps\cocoon\exslt\date\functions\date-time\date.msxsl.xsl --> ftp.exslt.org /www.exslt.org/public_html/date/functions/date-time date.msxsl.xsl
102.12.03 11:04 B C:\jakarta-tomcat-3.2.4\webapps\cocoon\exslt\date\functions\date-time\date.msxsl.xsl.html --> ftp.exslt.org /www.exslt.org/public_html/date/functions/date-time date.msxsl.xsl.html
102.12.03 11:04 B C:\jakarta-tomcat-3.2.4\webapps\cocoon\exslt\date\functions\date-time\index.html --> ftp.exslt.org /www.exslt.org/public_html/date/functions/date-time index.html
102.12.03 11:04 B C:\jakarta-tomcat-3.2.4\webapps\cocoon\exslt\date\functions\date-time\refresh.bat --> ftp.exslt.org /www.exslt.org/public_html/date/functions/date-time refresh.bat
102.12.03 11:04 B C:\jakarta-tomcat-3.2.4\webapps\cocoon\exslt\date\functions\date-time\update.bat --> ftp.exslt.org /www.exslt.org/public_html/date/functions/date-time update.bat
102.12.03 11:04 B C:\jakarta-tomcat-3.2.4\webapps\cocoon\exslt\date\functions\date-time\WS_FTP.LOG --> ftp.exslt.org /www.exslt.org/public_html/date/functions/date-time WS_FTP.LOG
102.12.03 11:09 B C:\jakarta-tomcat-3.2.4\webapps\cocoon\exslt\date\functions\date-time\base.css --> ftp.exslt.org /www.exslt.org/public_html/date/functions/date-time base.css
102.12.03 11:09 B C:\jakarta-tomcat-3.2.4\webapps\cocoon\exslt\date\functions\date-time\date.date-time.1.html --> ftp.exslt.org /www.exslt.org/public_html/date/functions/date-time date.date-time.1.html
102.12.03 11:09 B C:\jakarta-tomcat-3.2.4\webapps\cocoon\exslt\date\functions\date-time\date.date-time.1.xml --> ftp.exslt.org /www.exslt.org/public_html/date/functions/date-time date.date-time.1.xml
102.12.03 11:09 B C:\jakarta-tomcat-3.2.4\webapps\cocoon\exslt\date\functions\date-time\date.date-time.html --> ftp.exslt.org /www.exslt.org/public_html/date/functions/date-time date.date-time.html
102.12.03 11:09 B C:\jakarta-tomcat-3.2.4\webapps\cocoon\exslt\date\functions\date-time\date.date-time.package.txt --> ftp.exslt.org /www.exslt.org/public_html/date/functions/date-time date.date-time.package.txt
102.12.03 11:09 B C:\jakarta-tomcat-3.2.4\webapps\cocoon\exslt\date\functions\date-time\date.date-time.use-cases.txt --> ftp.exslt.org /www.exslt.org/public_html/date/functions/date-time date.date-time.use-cases.txt
102.12.03 11:09 B C:\jakarta-tomcat-3.2.4\webapps\cocoon\exslt\date\functions\date-time\date.date-time.use-cases.zip --> ftp.exslt.org /www.exslt.org/public_html/date/functions/date-time date.date-time.use-cases.zip
102.12.03 11:09 B C:\jakarta-tomcat-3.2.4\webapps\cocoon\exslt\date\functions\date-time\date.date-time.xml --> ftp.exslt.org /www.exslt.org/public_html/date/functions/date-time date.date-time.xml
102.12.03 11:09 B C:\jakarta-tomcat-3.2.4\webapps\cocoon\exslt\date\functions\date-time\date.date-time.xsl --> ftp.exslt.org /www.exslt.org/public_html/date/functions/date-time date.date-time.xsl
102.12.03 11:09 B C:\jakarta-tomcat-3.2.4\webapps\cocoon\exslt\date\functions\date-time\date.date-time.zip --> ftp.exslt.org /www.exslt.org/public_html/date/functions/date-time date.date-time.zip
102.12.03 11:09 B C:\jakarta-tomcat-3.2.4\webapps\cocoon\exslt\date\functions\date-time\date.js --> ftp.exslt.org /www.exslt.org/public_html/date/functions/date-time date.js
102.12.03 11:09 B C:\jakarta-tomcat-3.2.4\webapps\cocoon\exslt\date\functions\date-time\date.js.html --> ftp.exslt.org /www.exslt.org/public_html/date/functions/date-time date.js.html
102.12.03 11:09 B C:\jakarta-tomcat-3.2.4\webapps\cocoon\exslt\date\functions\date-time\date.msxsl.xsl --> ftp.exslt.org /www.exslt.org/public_html/date/functions/date-time date.msxsl.xsl
102.12.03 11:09 B C:\jakarta-tomcat-3.2.4\webapps\cocoon\exslt\date\functions\date-time\date.msxsl.xsl.html --> ftp.exslt.org /www.exslt.org/public_html/date/functions/date-time date.msxsl.xsl.html
102.12.03 11:09 B C:\jakarta-tomcat-3.2.4\webapps\cocoon\exslt\date\functions\date-time\index.html --> ftp.exslt.org /www.exslt.org/public_html/date/functions/date-time index.html
102.12.03 11:09 B C:\jakarta-tomcat-3.2.4\webapps\cocoon\exslt\date\functions\date-time\refresh.bat --> ftp.exslt.org /www.exslt.org/public_html/date/functions/date-time refresh.bat
102.12.03 11:09 B C:\jakarta-tomcat-3.2.4\webapps\cocoon\exslt\date\functions\date-time\update.bat --> ftp.exslt.org /www.exslt.org/public_html/date/functions/date-time update.bat
102.12.03 11:09 B C:\jakarta-tomcat-3.2.4\webapps\cocoon\exslt\date\functions\date-time\WS_FTP.LOG --> ftp.exslt.org /www.exslt.org/public_html/date/functions/date-time WS_FTP.LOG
102.12.11 10:54 B C:\jakarta-tomcat-3.2.4\webapps\cocoon\exslt\date\functions\date-time\base.css --> ftp.exslt.org /www.exslt.org/public_html/date/functions/date-time base.css
102.12.11 10:54 B C:\jakarta-tomcat-3.2.4\webapps\cocoon\exslt\date\functions\date-time\date.date-time.1.html --> ftp.exslt.org /www.exslt.org/public_html/date/functions/date-time date.date-time.1.html
102.12.11 10:54 B C:\jakarta-tomcat-3.2.4\webapps\cocoon\exslt\date\functions\date-time\date.date-time.1.xml --> ftp.exslt.org /www.exslt.org/public_html/date/functions/date-time date.date-time.1.xml
102.12.11 10:54 B C:\jakarta-tomcat-3.2.4\webapps\cocoon\exslt\date\functions\date-time\date.date-time.html --> ftp.exslt.org /www.exslt.org/public_html/date/functions/date-time date.date-time.html
102.12.11 10:54 B C:\jakarta-tomcat-3.2.4\webapps\cocoon\exslt\date\functions\date-time\date.date-time.package.txt --> ftp.exslt.org /www.exslt.org/public_html/date/functions/date-time date.date-time.package.txt
102.12.11 10:54 B C:\jakarta-tomcat-3.2.4\webapps\cocoon\exslt\date\functions\date-time\date.date-time.use-cases.txt --> ftp.exslt.org /www.exslt.org/public_html/date/functions/date-time date.date-time.use-cases.txt
102.12.11 10:54 B C:\jakarta-tomcat-3.2.4\webapps\cocoon\exslt\date\functions\date-time\date.date-time.use-cases.zip --> ftp.exslt.org /www.exslt.org/public_html/date/functions/date-time date.date-time.use-cases.zip
102.12.11 10:54 B C:\jakarta-tomcat-3.2.4\webapps\cocoon\exslt\date\functions\date-time\date.date-time.xml --> ftp.exslt.org /www.exslt.org/public_html/date/functions/date-time date.date-time.xml
102.12.11 10:54 B C:\jakarta-tomcat-3.2.4\webapps\cocoon\exslt\date\functions\date-time\date.date-time.xsl --> ftp.exslt.org /www.exslt.org/public_html/date/functions/date-time date.date-time.xsl
102.12.11 10:54 B C:\jakarta-tomcat-3.2.4\webapps\cocoon\exslt\date\functions\date-time\date.date-time.zip --> ftp.exslt.org /www.exslt.org/public_html/date/functions/date-time date.date-time.zip
102.12.11 10:54 B C:\jakarta-tomcat-3.2.4\webapps\cocoon\exslt\date\functions\date-time\date.js --> ftp.exslt.org /www.exslt.org/public_html/date/functions/date-time date.js
102.12.11 10:54 B C:\jakarta-tomcat-3.2.4\webapps\cocoon\exslt\date\functions\date-time\date.js.html --> ftp.exslt.org /www.exslt.org/public_html/date/functions/date-time date.js.html
102.12.11 10:54 B C:\jakarta-tomcat-3.2.4\webapps\cocoon\exslt\date\functions\date-time\date.msxsl.xsl --> ftp.exslt.org /www.exslt.org/public_html/date/functions/date-time date.msxsl.xsl
102.12.11 10:54 B C:\jakarta-tomcat-3.2.4\webapps\cocoon\exslt\date\functions\date-time\date.msxsl.xsl.html --> ftp.exslt.org /www.exslt.org/public_html/date/functions/date-time date.msxsl.xsl.html
102.12.11 10:54 B C:\jakarta-tomcat-3.2.4\webapps\cocoon\exslt\date\functions\date-time\index.html --> ftp.exslt.org /www.exslt.org/public_html/date/functions/date-time index.html
102.12.11 11:01 B C:\jakarta-tomcat-3.2.4\webapps\cocoon\exslt\date\functions\date-time\base.css --> ftp.exslt.org /www.exslt.org/public_html/date/functions/date-time base.css
102.12.11 11:01 B C:\jakarta-tomcat-3.2.4\webapps\cocoon\exslt\date\functions\date-time\date.date-time.1.html --> ftp.exslt.org /www.exslt.org/public_html/date/functions/date-time date.date-time.1.html
102.12.11 11:01 B C:\jakarta-tomcat-3.2.4\webapps\cocoon\exslt\date\functions\date-time\date.date-time.1.xml --> ftp.exslt.org /www.exslt.org/public_html/date/functions/date-time date.date-time.1.xml
102.12.11 11:01 B C:\jakarta-tomcat-3.2.4\webapps\cocoon\exslt\date\functions\date-time\date.date-time.html --> ftp.exslt.org /www.exslt.org/public_html/date/functions/date-time date.date-time.html
102.12.11 11:01 B C:\jakarta-tomcat-3.2.4\webapps\cocoon\exslt\date\functions\date-time\date.date-time.package.txt --> ftp.exslt.org /www.exslt.org/public_html/date/functions/date-time date.date-time.package.txt
102.12.11 11:01 B C:\jakarta-tomcat-3.2.4\webapps\cocoon\exslt\date\functions\date-time\date.date-time.use-cases.txt --> ftp.exslt.org /www.exslt.org/public_html/date/functions/date-time date.date-time.use-cases.txt
102.12.11 11:01 B C:\jakarta-tomcat-3.2.4\webapps\cocoon\exslt\date\functions\date-time\date.date-time.use-cases.zip --> ftp.exslt.org /www.exslt.org/public_html/date/functions/date-time date.date-time.use-cases.zip
102.12.11 11:01 B C:\jakarta-tomcat-3.2.4\webapps\cocoon\exslt\date\functions\date-time\date.date-time.xml --> ftp.exslt.org /www.exslt.org/public_html/date/functions/date-time date.date-time.xml
102.12.11 11:01 B C:\jakarta-tomcat-3.2.4\webapps\cocoon\exslt\date\functions\date-time\date.date-time.xsl --> ftp.exslt.org /www.exslt.org/public_html/date/functions/date-time date.date-time.xsl
102.12.11 11:01 B C:\jakarta-tomcat-3.2.4\webapps\cocoon\exslt\date\functions\date-time\date.date-time.zip --> ftp.exslt.org /www.exslt.org/public_html/date/functions/date-time date.date-time.zip
102.12.11 11:01 B C:\jakarta-tomcat-3.2.4\webapps\cocoon\exslt\date\functions\date-time\date.js --> ftp.exslt.org /www.exslt.org/public_html/date/functions/date-time date.js
102.12.11 11:01 B C:\jakarta-tomcat-3.2.4\webapps\cocoon\exslt\date\functions\date-time\date.js.html --> ftp.exslt.org /www.exslt.org/public_html/date/functions/date-time date.js.html
102.12.11 11:01 B C:\jakarta-tomcat-3.2.4\webapps\cocoon\exslt\date\functions\date-time\date.msxsl.xsl --> ftp.exslt.org /www.exslt.org/public_html/date/functions/date-time date.msxsl.xsl
102.12.11 11:01 B C:\jakarta-tomcat-3.2.4\webapps\cocoon\exslt\date\functions\date-time\date.msxsl.xsl.html --> ftp.exslt.org /www.exslt.org/public_html/date/functions/date-time date.msxsl.xsl.html
102.12.11 11:01 B C:\jakarta-tomcat-3.2.4\webapps\cocoon\exslt\date\functions\date-time\index.html --> ftp.exslt.org /www.exslt.org/public_html/date/functions/date-time index.html
102.12.11 11:01 B C:\jakarta-tomcat-3.2.4\webapps\cocoon\exslt\date\functions\date-time\refresh.bat --> ftp.exslt.org /www.exslt.org/public_html/date/functions/date-time refresh.bat
102.12.11 11:01 B C:\jakarta-tomcat-3.2.4\webapps\cocoon\exslt\date\functions\date-time\update.bat --> ftp.exslt.org /www.exslt.org/public_html/date/functions/date-time update.bat
102.12.11 11:01 B C:\jakarta-tomcat-3.2.4\webapps\cocoon\exslt\date\functions\date-time\WS_FTP.LOG --> ftp.exslt.org /www.exslt.org/public_html/date/functions/date-time WS_FTP.LOG
102.12.11 11:03 B C:\jakarta-tomcat-3.2.4\webapps\cocoon\exslt\date\functions\date-time\base.css --> ftp.exslt.org /www.exslt.org/public_html/date/functions/date-time base.css
102.12.11 11:03 B C:\jakarta-tomcat-3.2.4\webapps\cocoon\exslt\date\functions\date-time\date.date-time.1.html --> ftp.exslt.org /www.exslt.org/public_html/date/functions/date-time date.date-time.1.html
102.12.11 11:03 B C:\jakarta-tomcat-3.2.4\webapps\cocoon\exslt\date\functions\date-time\date.date-time.1.xml --> ftp.exslt.org /www.exslt.org/public_html/date/functions/date-time date.date-time.1.xml
102.12.11 11:03 B C:\jakarta-tomcat-3.2.4\webapps\cocoon\exslt\date\functions\date-time\date.date-time.html --> ftp.exslt.org /www.exslt.org/public_html/date/functions/date-time date.date-time.html
102.12.11 11:03 B C:\jakarta-tomcat-3.2.4\webapps\cocoon\exslt\date\functions\date-time\date.date-time.package.txt --> ftp.exslt.org /www.exslt.org/public_html/date/functions/date-time date.date-time.package.txt
102.12.11 11:03 B C:\jakarta-tomcat-3.2.4\webapps\cocoon\exslt\date\functions\date-time\date.date-time.use-cases.txt --> ftp.exslt.org /www.exslt.org/public_html/date/functions/date-time date.date-time.use-cases.txt
102.12.11 11:03 B C:\jakarta-tomcat-3.2.4\webapps\cocoon\exslt\date\functions\date-time\date.date-time.use-cases.zip --> ftp.exslt.org /www.exslt.org/public_html/date/functions/date-time date.date-time.use-cases.zip
102.12.11 11:03 B C:\jakarta-tomcat-3.2.4\webapps\cocoon\exslt\date\functions\date-time\date.date-time.xml --> ftp.exslt.org /www.exslt.org/public_html/date/functions/date-time date.date-time.xml
102.12.11 11:03 B C:\jakarta-tomcat-3.2.4\webapps\cocoon\exslt\date\functions\date-time\date.date-time.xsl --> ftp.exslt.org /www.exslt.org/public_html/date/functions/date-time date.date-time.xsl
102.12.11 11:03 B C:\jakarta-tomcat-3.2.4\webapps\cocoon\exslt\date\functions\date-time\date.date-time.zip --> ftp.exslt.org /www.exslt.org/public_html/date/functions/date-time date.date-time.zip
102.12.11 11:03 B C:\jakarta-tomcat-3.2.4\webapps\cocoon\exslt\date\functions\date-time\date.js --> ftp.exslt.org /www.exslt.org/public_html/date/functions/date-time date.js
102.12.11 11:03 B C:\jakarta-tomcat-3.2.4\webapps\cocoon\exslt\date\functions\date-time\date.js.html --> ftp.exslt.org /www.exslt.org/public_html/date/functions/date-time date.js.html
102.12.11 11:03 B C:\jakarta-tomcat-3.2.4\webapps\cocoon\exslt\date\functions\date-time\date.msxsl.xsl --> ftp.exslt.org /www.exslt.org/public_html/date/functions/date-time date.msxsl.xsl
102.12.11 11:03 B C:\jakarta-tomcat-3.2.4\webapps\cocoon\exslt\date\functions\date-time\date.msxsl.xsl.html --> ftp.exslt.org /www.exslt.org/public_html/date/functions/date-time date.msxsl.xsl.html
102.12.11 11:03 B C:\jakarta-tomcat-3.2.4\webapps\cocoon\exslt\date\functions\date-time\index.html --> ftp.exslt.org /www.exslt.org/public_html/date/functions/date-time index.html
102.12.11 11:03 B C:\jakarta-tomcat-3.2.4\webapps\cocoon\exslt\date\functions\date-time\refresh.bat --> ftp.exslt.org /www.exslt.org/public_html/date/functions/date-time refresh.bat
102.12.11 11:03 B C:\jakarta-tomcat-3.2.4\webapps\cocoon\exslt\date\functions\date-time\update.bat --> ftp.exslt.org /www.exslt.org/public_html/date/functions/date-time update.bat
103.09.29 14:55 B C:\jakarta-tomcat-3.2.4\webapps\cocoon\exslt\date\functions\date-time\WS_FTP.LOG <-- ftp.exslt.org /www.exslt.org/public_html/date/functions/date-time WS_FTP.LOG
103.10.21 12:38 B C:\jakarta-tomcat-3.2.4\webapps\cocoon\exslt\date\functions\date-time\base.css --> ftp.exslt.org /www.exslt.org/public_html/date/functions/date-time base.css
103.10.21 12:39 B C:\jakarta-tomcat-3.2.4\webapps\cocoon\exslt\date\functions\date-time\date.date-time.1.html --> ftp.exslt.org /www.exslt.org/public_html/date/functions/date-time date.date-time.1.html
103.10.21 12:39 B C:\jakarta-tomcat-3.2.4\webapps\cocoon\exslt\date\functions\date-time\date.date-time.1.xml --> ftp.exslt.org /www.exslt.org/public_html/date/functions/date-time date.date-time.1.xml
103.10.21 12:39 B C:\jakarta-tomcat-3.2.4\webapps\cocoon\exslt\date\functions\date-time\date.date-time.html --> ftp.exslt.org /www.exslt.org/public_html/date/functions/date-time date.date-time.html
103.10.21 12:39 B C:\jakarta-tomcat-3.2.4\webapps\cocoon\exslt\date\functions\date-time\date.date-time.package.txt --> ftp.exslt.org /www.exslt.org/public_html/date/functions/date-time date.date-time.package.txt
103.10.21 12:39 B C:\jakarta-tomcat-3.2.4\webapps\cocoon\exslt\date\functions\date-time\date.date-time.use-cases.txt --> ftp.exslt.org /www.exslt.org/public_html/date/functions/date-time date.date-time.use-cases.txt
103.10.21 12:39 B C:\jakarta-tomcat-3.2.4\webapps\cocoon\exslt\date\functions\date-time\date.date-time.use-cases.zip --> ftp.exslt.org /www.exslt.org/public_html/date/functions/date-time date.date-time.use-cases.zip
103.10.21 12:39 B C:\jakarta-tomcat-3.2.4\webapps\cocoon\exslt\date\functions\date-time\date.date-time.xml --> ftp.exslt.org /www.exslt.org/public_html/date/functions/date-time date.date-time.xml
103.10.21 12:39 B C:\jakarta-tomcat-3.2.4\webapps\cocoon\exslt\date\functions\date-time\date.date-time.xsl --> ftp.exslt.org /www.exslt.org/public_html/date/functions/date-time date.date-time.xsl
103.10.21 12:39 B C:\jakarta-tomcat-3.2.4\webapps\cocoon\exslt\date\functions\date-time\date.date-time.zip --> ftp.exslt.org /www.exslt.org/public_html/date/functions/date-time date.date-time.zip
103.10.21 12:40 B C:\jakarta-tomcat-3.2.4\webapps\cocoon\exslt\date\functions\date-time\date.js --> ftp.exslt.org /www.exslt.org/public_html/date/functions/date-time date.js
103.10.21 12:40 B C:\jakarta-tomcat-3.2.4\webapps\cocoon\exslt\date\functions\date-time\date.js.html --> ftp.exslt.org /www.exslt.org/public_html/date/functions/date-time date.js.html
103.10.21 12:40 B C:\jakarta-tomcat-3.2.4\webapps\cocoon\exslt\date\functions\date-time\date.msxsl.xsl --> ftp.exslt.org /www.exslt.org/public_html/date/functions/date-time date.msxsl.xsl
103.10.21 12:40 B C:\jakarta-tomcat-3.2.4\webapps\cocoon\exslt\date\functions\date-time\date.msxsl.xsl.html --> ftp.exslt.org /www.exslt.org/public_html/date/functions/date-time date.msxsl.xsl.html
103.10.21 12:40 B C:\jakarta-tomcat-3.2.4\webapps\cocoon\exslt\date\functions\date-time\index.html --> ftp.exslt.org /www.exslt.org/public_html/date/functions/date-time index.html
103.10.21 12:40 B C:\jakarta-tomcat-3.2.4\webapps\cocoon\exslt\date\functions\date-time\refresh.bat --> ftp.exslt.org /www.exslt.org/public_html/date/functions/date-time refresh.bat
103.10.21 12:40 B C:\jakarta-tomcat-3.2.4\webapps\cocoon\exslt\date\functions\date-time\update.bat --> ftp.exslt.org /www.exslt.org/public_html/date/functions/date-time update.bat
103.10.21 12:40 B C:\jakarta-tomcat-3.2.4\webapps\cocoon\exslt\date\functions\date-time\WS_FTP.LOG --> ftp.exslt.org /www.exslt.org/public_html/date/functions/date-time WS_FTP.LOG
103.10.21 13:04 B C:\jakarta-tomcat-3.2.4\webapps\cocoon\exslt\date\functions\date-time\base.css --> marian.cs.nott.ac.uk /stud/pg/cds/exslt/date/functions/date-time base.css
103.10.21 13:04 B C:\jakarta-tomcat-3.2.4\webapps\cocoon\exslt\date\functions\date-time\date.date-time.1.html --> marian.cs.nott.ac.uk /stud/pg/cds/exslt/date/functions/date-time date.date-time.1.html
103.10.21 13:04 B C:\jakarta-tomcat-3.2.4\webapps\cocoon\exslt\date\functions\date-time\date.date-time.1.xml --> marian.cs.nott.ac.uk /stud/pg/cds/exslt/date/functions/date-time date.date-time.1.xml
103.10.21 13:04 B C:\jakarta-tomcat-3.2.4\webapps\cocoon\exslt\date\functions\date-time\date.date-time.html --> marian.cs.nott.ac.uk /stud/pg/cds/exslt/date/functions/date-time date.date-time.html
103.10.21 13:04 B C:\jakarta-tomcat-3.2.4\webapps\cocoon\exslt\date\functions\date-time\date.date-time.package.txt --> marian.cs.nott.ac.uk /stud/pg/cds/exslt/date/functions/date-time date.date-time.package.txt
103.10.21 13:04 B C:\jakarta-tomcat-3.2.4\webapps\cocoon\exslt\date\functions\date-time\date.date-time.use-cases.txt --> marian.cs.nott.ac.uk /stud/pg/cds/exslt/date/functions/date-time date.date-time.use-cases.txt
103.10.21 13:04 B C:\jakarta-tomcat-3.2.4\webapps\cocoon\exslt\date\functions\date-time\date.date-time.use-cases.zip --> marian.cs.nott.ac.uk /stud/pg/cds/exslt/date/functions/date-time date.date-time.use-cases.zip
103.10.21 13:04 B C:\jakarta-tomcat-3.2.4\webapps\cocoon\exslt\date\functions\date-time\date.date-time.xml --> marian.cs.nott.ac.uk /stud/pg/cds/exslt/date/functions/date-time date.date-time.xml
103.10.21 13:04 B C:\jakarta-tomcat-3.2.4\webapps\cocoon\exslt\date\functions\date-time\date.date-time.xsl --> marian.cs.nott.ac.uk /stud/pg/cds/exslt/date/functions/date-time date.date-time.xsl
103.10.21 13:04 B C:\jakarta-tomcat-3.2.4\webapps\cocoon\exslt\date\functions\date-time\date.date-time.zip --> marian.cs.nott.ac.uk /stud/pg/cds/exslt/date/functions/date-time date.date-time.zip
103.10.21 13:04 B C:\jakarta-tomcat-3.2.4\webapps\cocoon\exslt\date\functions\date-time\date.js --> marian.cs.nott.ac.uk /stud/pg/cds/exslt/date/functions/date-time date.js
103.10.21 13:04 B C:\jakarta-tomcat-3.2.4\webapps\cocoon\exslt\date\functions\date-time\date.js.html --> marian.cs.nott.ac.uk /stud/pg/cds/exslt/date/functions/date-time date.js.html
103.10.21 13:04 B C:\jakarta-tomcat-3.2.4\webapps\cocoon\exslt\date\functions\date-time\date.msxsl.xsl --> marian.cs.nott.ac.uk /stud/pg/cds/exslt/date/functions/date-time date.msxsl.xsl
103.10.21 13:04 B C:\jakarta-tomcat-3.2.4\webapps\cocoon\exslt\date\functions\date-time\date.msxsl.xsl.html --> marian.cs.nott.ac.uk /stud/pg/cds/exslt/date/functions/date-time date.msxsl.xsl.html
103.10.21 13:04 B C:\jakarta-tomcat-3.2.4\webapps\cocoon\exslt\date\functions\date-time\index.html --> marian.cs.nott.ac.uk /stud/pg/cds/exslt/date/functions/date-time index.html
103.10.21 13:04 B C:\jakarta-tomcat-3.2.4\webapps\cocoon\exslt\date\functions\date-time\refresh.bat --> marian.cs.nott.ac.uk /stud/pg/cds/exslt/date/functions/date-time refresh.bat
103.10.21 13:04 B C:\jakarta-tomcat-3.2.4\webapps\cocoon\exslt\date\functions\date-time\update.bat --> marian.cs.nott.ac.uk /stud/pg/cds/exslt/date/functions/date-time update.bat
103.10.21 13:04 B C:\jakarta-tomcat-3.2.4\webapps\cocoon\exslt\date\functions\date-time\WS_FTP.LOG --> marian.cs.nott.ac.uk /stud/pg/cds/exslt/date/functions/date-time WS_FTP.LOG
103.10.21 15:19 B C:\jakarta-tomcat-3.2.4\webapps\cocoon\exslt\date\functions\date-time\base.css --> ftp.exslt.org /www.exslt.org/public_html/date/functions/date-time base.css
103.10.21 15:19 B C:\jakarta-tomcat-3.2.4\webapps\cocoon\exslt\date\functions\date-time\date.date-time.1.html --> ftp.exslt.org /www.exslt.org/public_html/date/functions/date-time date.date-time.1.html
103.10.21 15:19 B C:\jakarta-tomcat-3.2.4\webapps\cocoon\exslt\date\functions\date-time\date.date-time.1.xml --> ftp.exslt.org /www.exslt.org/public_html/date/functions/date-time date.date-time.1.xml
103.10.21 15:20 B C:\jakarta-tomcat-3.2.4\webapps\cocoon\exslt\date\functions\date-time\date.date-time.html --> ftp.exslt.org /www.exslt.org/public_html/date/functions/date-time date.date-time.html
103.10.21 15:20 B C:\jakarta-tomcat-3.2.4\webapps\cocoon\exslt\date\functions\date-time\date.date-time.package.txt --> ftp.exslt.org /www.exslt.org/public_html/date/functions/date-time date.date-time.package.txt
103.10.21 15:20 B C:\jakarta-tomcat-3.2.4\webapps\cocoon\exslt\date\functions\date-time\date.date-time.use-cases.txt --> ftp.exslt.org /www.exslt.org/public_html/date/functions/date-time date.date-time.use-cases.txt
103.10.21 15:20 B C:\jakarta-tomcat-3.2.4\webapps\cocoon\exslt\date\functions\date-time\date.date-time.use-cases.zip --> ftp.exslt.org /www.exslt.org/public_html/date/functions/date-time date.date-time.use-cases.zip
103.10.21 15:20 B C:\jakarta-tomcat-3.2.4\webapps\cocoon\exslt\date\functions\date-time\date.date-time.xml --> ftp.exslt.org /www.exslt.org/public_html/date/functions/date-time date.date-time.xml
103.10.21 15:20 B C:\jakarta-tomcat-3.2.4\webapps\cocoon\exslt\date\functions\date-time\date.date-time.xsl --> ftp.exslt.org /www.exslt.org/public_html/date/functions/date-time date.date-time.xsl
103.10.21 15:20 B C:\jakarta-tomcat-3.2.4\webapps\cocoon\exslt\date\functions\date-time\date.date-time.zip --> ftp.exslt.org /www.exslt.org/public_html/date/functions/date-time date.date-time.zip
103.10.21 15:20 B C:\jakarta-tomcat-3.2.4\webapps\cocoon\exslt\date\functions\date-time\date.js --> ftp.exslt.org /www.exslt.org/public_html/date/functions/date-time date.js
103.10.21 15:20 B C:\jakarta-tomcat-3.2.4\webapps\cocoon\exslt\date\functions\date-time\date.js.html --> ftp.exslt.org /www.exslt.org/public_html/date/functions/date-time date.js.html
103.10.21 15:20 B C:\jakarta-tomcat-3.2.4\webapps\cocoon\exslt\date\functions\date-time\date.msxsl.xsl --> ftp.exslt.org /www.exslt.org/public_html/date/functions/date-time date.msxsl.xsl
103.10.21 15:20 B C:\jakarta-tomcat-3.2.4\webapps\cocoon\exslt\date\functions\date-time\date.msxsl.xsl.html --> ftp.exslt.org /www.exslt.org/public_html/date/functions/date-time date.msxsl.xsl.html
103.10.21 15:20 B C:\jakarta-tomcat-3.2.4\webapps\cocoon\exslt\date\functions\date-time\index.html --> ftp.exslt.org /www.exslt.org/public_html/date/functions/date-time index.html
103.10.21 15:20 B C:\jakarta-tomcat-3.2.4\webapps\cocoon\exslt\date\functions\date-time\refresh.bat --> ftp.exslt.org /www.exslt.org/public_html/date/functions/date-time refresh.bat
103.10.21 15:20 B C:\jakarta-tomcat-3.2.4\webapps\cocoon\exslt\date\functions\date-time\update.bat --> ftp.exslt.org /www.exslt.org/public_html/date/functions/date-time update.bat
