102.08.21 17:33 B C:\jakarta-tomcat-3.2.4\webapps\cocoon\exslt\set\functions\intersection\base.css --> ftp.exslt.org /www.exslt.org/public_html/set/functions/intersection base.css
102.08.21 17:33 B C:\jakarta-tomcat-3.2.4\webapps\cocoon\exslt\set\functions\intersection\index.html --> ftp.exslt.org /www.exslt.org/public_html/set/functions/intersection index.html
102.08.21 17:33 B C:\jakarta-tomcat-3.2.4\webapps\cocoon\exslt\set\functions\intersection\refresh.bat --> ftp.exslt.org /www.exslt.org/public_html/set/functions/intersection refresh.bat
102.08.21 17:33 B C:\jakarta-tomcat-3.2.4\webapps\cocoon\exslt\set\functions\intersection\set.intersection.1.html --> ftp.exslt.org /www.exslt.org/public_html/set/functions/intersection set.intersection.1.html
102.08.21 17:33 B C:\jakarta-tomcat-3.2.4\webapps\cocoon\exslt\set\functions\intersection\set.intersection.1.xsl --> ftp.exslt.org /www.exslt.org/public_html/set/functions/intersection set.intersection.1.xsl
102.08.21 17:33 B C:\jakarta-tomcat-3.2.4\webapps\cocoon\exslt\set\functions\intersection\set.intersection.data.1.xml --> ftp.exslt.org /www.exslt.org/public_html/set/functions/intersection set.intersection.data.1.xml
102.08.21 17:33 B C:\jakarta-tomcat-3.2.4\webapps\cocoon\exslt\set\functions\intersection\set.intersection.function.xsl --> ftp.exslt.org /www.exslt.org/public_html/set/functions/intersection set.intersection.function.xsl
102.08.21 17:33 B C:\jakarta-tomcat-3.2.4\webapps\cocoon\exslt\set\functions\intersection\set.intersection.function.xsl.html --> ftp.exslt.org /www.exslt.org/public_html/set/functions/intersection set.intersection.function.xsl.html
102.08.21 17:33 B C:\jakarta-tomcat-3.2.4\webapps\cocoon\exslt\set\functions\intersection\set.intersection.html --> ftp.exslt.org /www.exslt.org/public_html/set/functions/intersection set.intersection.html
102.08.21 17:33 B C:\jakarta-tomcat-3.2.4\webapps\cocoon\exslt\set\functions\intersection\set.intersection.package.txt --> ftp.exslt.org /www.exslt.org/public_html/set/functions/intersection set.intersection.package.txt
102.08.21 17:33 B C:\jakarta-tomcat-3.2.4\webapps\cocoon\exslt\set\functions\intersection\set.intersection.result.1.xml --> ftp.exslt.org /www.exslt.org/public_html/set/functions/intersection set.intersection.result.1.xml
102.08.21 17:33 B C:\jakarta-tomcat-3.2.4\webapps\cocoon\exslt\set\functions\intersection\set.intersection.template.xsl --> ftp.exslt.org /www.exslt.org/public_html/set/functions/intersection set.intersection.template.xsl
102.08.21 17:33 B C:\jakarta-tomcat-3.2.4\webapps\cocoon\exslt\set\functions\intersection\set.intersection.template.xsl.html --> ftp.exslt.org /www.exslt.org/public_html/set/functions/intersection set.intersection.template.xsl.html
102.08.21 17:33 B C:\jakarta-tomcat-3.2.4\webapps\cocoon\exslt\set\functions\intersection\set.intersection.use-case.1.html --> ftp.exslt.org /www.exslt.org/public_html/set/functions/intersection set.intersection.use-case.1.html
102.08.21 17:33 B C:\jakarta-tomcat-3.2.4\webapps\cocoon\exslt\set\functions\intersection\set.intersection.use-cases.txt --> ftp.exslt.org /www.exslt.org/public_html/set/functions/intersection set.intersection.use-cases.txt
102.08.21 17:33 B C:\jakarta-tomcat-3.2.4\webapps\cocoon\exslt\set\functions\intersection\set.intersection.use-cases.zip --> ftp.exslt.org /www.exslt.org/public_html/set/functions/intersection set.intersection.use-cases.zip
102.08.21 17:33 B C:\jakarta-tomcat-3.2.4\webapps\cocoon\exslt\set\functions\intersection\set.intersection.xml --> ftp.exslt.org /www.exslt.org/public_html/set/functions/intersection set.intersection.xml
102.08.21 17:33 B C:\jakarta-tomcat-3.2.4\webapps\cocoon\exslt\set\functions\intersection\set.intersection.xsl --> ftp.exslt.org /www.exslt.org/public_html/set/functions/intersection set.intersection.xsl
102.08.21 17:33 B C:\jakarta-tomcat-3.2.4\webapps\cocoon\exslt\set\functions\intersection\set.intersection.zip --> ftp.exslt.org /www.exslt.org/public_html/set/functions/intersection set.intersection.zip
102.08.21 17:33 B C:\jakarta-tomcat-3.2.4\webapps\cocoon\exslt\set\functions\intersection\update.bat --> ftp.exslt.org /www.exslt.org/public_html/set/functions/intersection update.bat
102.11.19 14:12 B C:\jakarta-tomcat-3.2.4\webapps\cocoon\exslt\set\functions\intersection\base.css --> ftp.exslt.org /www.exslt.org/public_html/set/functions/intersection base.css
102.11.19 14:12 B C:\jakarta-tomcat-3.2.4\webapps\cocoon\exslt\set\functions\intersection\index.html --> ftp.exslt.org /www.exslt.org/public_html/set/functions/intersection index.html
102.11.19 14:12 B C:\jakarta-tomcat-3.2.4\webapps\cocoon\exslt\set\functions\intersection\refresh.bat --> ftp.exslt.org /www.exslt.org/public_html/set/functions/intersection refresh.bat
102.11.19 14:12 B C:\jakarta-tomcat-3.2.4\webapps\cocoon\exslt\set\functions\intersection\set.intersection.1.html --> ftp.exslt.org /www.exslt.org/public_html/set/functions/intersection set.intersection.1.html
102.11.19 14:12 B C:\jakarta-tomcat-3.2.4\webapps\cocoon\exslt\set\functions\intersection\set.intersection.1.xsl --> ftp.exslt.org /www.exslt.org/public_html/set/functions/intersection set.intersection.1.xsl
102.11.19 14:12 B C:\jakarta-tomcat-3.2.4\webapps\cocoon\exslt\set\functions\intersection\set.intersection.data.1.xml --> ftp.exslt.org /www.exslt.org/public_html/set/functions/intersection set.intersection.data.1.xml
102.11.19 14:12 B C:\jakarta-tomcat-3.2.4\webapps\cocoon\exslt\set\functions\intersection\set.intersection.function.xsl --> ftp.exslt.org /www.exslt.org/public_html/set/functions/intersection set.intersection.function.xsl
102.11.19 14:12 B C:\jakarta-tomcat-3.2.4\webapps\cocoon\exslt\set\functions\intersection\set.intersection.function.xsl.html --> ftp.exslt.org /www.exslt.org/public_html/set/functions/intersection set.intersection.function.xsl.html
102.11.19 14:12 B C:\jakarta-tomcat-3.2.4\webapps\cocoon\exslt\set\functions\intersection\set.intersection.html --> ftp.exslt.org /www.exslt.org/public_html/set/functions/intersection set.intersection.html
102.11.19 14:12 B C:\jakarta-tomcat-3.2.4\webapps\cocoon\exslt\set\functions\intersection\set.intersection.package.txt --> ftp.exslt.org /www.exslt.org/public_html/set/functions/intersection set.intersection.package.txt
102.11.19 14:12 B C:\jakarta-tomcat-3.2.4\webapps\cocoon\exslt\set\functions\intersection\set.intersection.result.1.xml --> ftp.exslt.org /www.exslt.org/public_html/set/functions/intersection set.intersection.result.1.xml
102.11.19 14:12 B C:\jakarta-tomcat-3.2.4\webapps\cocoon\exslt\set\functions\intersection\set.intersection.template.xsl --> ftp.exslt.org /www.exslt.org/public_html/set/functions/intersection set.intersection.template.xsl
102.11.19 14:12 B C:\jakarta-tomcat-3.2.4\webapps\cocoon\exslt\set\functions\intersection\set.intersection.template.xsl.html --> ftp.exslt.org /www.exslt.org/public_html/set/functions/intersection set.intersection.template.xsl.html
102.11.19 14:12 B C:\jakarta-tomcat-3.2.4\webapps\cocoon\exslt\set\functions\intersection\set.intersection.use-case.1.html --> ftp.exslt.org /www.exslt.org/public_html/set/functions/intersection set.intersection.use-case.1.html
102.11.19 14:12 B C:\jakarta-tomcat-3.2.4\webapps\cocoon\exslt\set\functions\intersection\set.intersection.use-cases.txt --> ftp.exslt.org /www.exslt.org/public_html/set/functions/intersection set.intersection.use-cases.txt
102.11.19 14:12 B C:\jakarta-tomcat-3.2.4\webapps\cocoon\exslt\set\functions\intersection\set.intersection.use-cases.zip --> ftp.exslt.org /www.exslt.org/public_html/set/functions/intersection set.intersection.use-cases.zip
102.11.19 14:12 B C:\jakarta-tomcat-3.2.4\webapps\cocoon\exslt\set\functions\intersection\set.intersection.xml --> ftp.exslt.org /www.exslt.org/public_html/set/functions/intersection set.intersection.xml
102.11.19 14:12 B C:\jakarta-tomcat-3.2.4\webapps\cocoon\exslt\set\functions\intersection\set.intersection.xsl --> ftp.exslt.org /www.exslt.org/public_html/set/functions/intersection set.intersection.xsl
102.11.19 14:12 B C:\jakarta-tomcat-3.2.4\webapps\cocoon\exslt\set\functions\intersection\set.intersection.zip --> ftp.exslt.org /www.exslt.org/public_html/set/functions/intersection set.intersection.zip
102.11.19 14:12 B C:\jakarta-tomcat-3.2.4\webapps\cocoon\exslt\set\functions\intersection\update.bat --> ftp.exslt.org /www.exslt.org/public_html/set/functions/intersection update.bat
102.12.02 12:33 B C:\jakarta-tomcat-3.2.4\webapps\cocoon\exslt\public_html\set\functions\intersection\WS_FTP.LOG <-- ftp.exslt.org /www.exslt.org/public_html/set/functions/intersection WS_FTP.LOG
102.12.03 11:12 B C:\jakarta-tomcat-3.2.4\webapps\cocoon\exslt\set\functions\intersection\base.css --> ftp.exslt.org /www.exslt.org/public_html/set/functions/intersection base.css
102.12.03 11:12 B C:\jakarta-tomcat-3.2.4\webapps\cocoon\exslt\set\functions\intersection\index.html --> ftp.exslt.org /www.exslt.org/public_html/set/functions/intersection index.html
102.12.03 11:12 B C:\jakarta-tomcat-3.2.4\webapps\cocoon\exslt\set\functions\intersection\refresh.bat --> ftp.exslt.org /www.exslt.org/public_html/set/functions/intersection refresh.bat
102.12.03 11:12 B C:\jakarta-tomcat-3.2.4\webapps\cocoon\exslt\set\functions\intersection\set.intersection.1.html --> ftp.exslt.org /www.exslt.org/public_html/set/functions/intersection set.intersection.1.html
102.12.03 11:12 B C:\jakarta-tomcat-3.2.4\webapps\cocoon\exslt\set\functions\intersection\set.intersection.1.xsl --> ftp.exslt.org /www.exslt.org/public_html/set/functions/intersection set.intersection.1.xsl
102.12.03 11:13 B C:\jakarta-tomcat-3.2.4\webapps\cocoon\exslt\set\functions\intersection\set.intersection.data.1.xml --> ftp.exslt.org /www.exslt.org/public_html/set/functions/intersection set.intersection.data.1.xml
102.12.03 11:13 B C:\jakarta-tomcat-3.2.4\webapps\cocoon\exslt\set\functions\intersection\set.intersection.function.xsl --> ftp.exslt.org /www.exslt.org/public_html/set/functions/intersection set.intersection.function.xsl
102.12.03 11:13 B C:\jakarta-tomcat-3.2.4\webapps\cocoon\exslt\set\functions\intersection\set.intersection.function.xsl.html --> ftp.exslt.org /www.exslt.org/public_html/set/functions/intersection set.intersection.function.xsl.html
102.12.03 11:13 B C:\jakarta-tomcat-3.2.4\webapps\cocoon\exslt\set\functions\intersection\set.intersection.html --> ftp.exslt.org /www.exslt.org/public_html/set/functions/intersection set.intersection.html
102.12.03 11:13 B C:\jakarta-tomcat-3.2.4\webapps\cocoon\exslt\set\functions\intersection\set.intersection.package.txt --> ftp.exslt.org /www.exslt.org/public_html/set/functions/intersection set.intersection.package.txt
102.12.03 11:13 B C:\jakarta-tomcat-3.2.4\webapps\cocoon\exslt\set\functions\intersection\set.intersection.result.1.xml --> ftp.exslt.org /www.exslt.org/public_html/set/functions/intersection set.intersection.result.1.xml
102.12.03 11:13 B C:\jakarta-tomcat-3.2.4\webapps\cocoon\exslt\set\functions\intersection\set.intersection.template.xsl --> ftp.exslt.org /www.exslt.org/public_html/set/functions/intersection set.intersection.template.xsl
102.12.03 11:13 B C:\jakarta-tomcat-3.2.4\webapps\cocoon\exslt\set\functions\intersection\set.intersection.template.xsl.html --> ftp.exslt.org /www.exslt.org/public_html/set/functions/intersection set.intersection.template.xsl.html
102.12.03 11:13 B C:\jakarta-tomcat-3.2.4\webapps\cocoon\exslt\set\functions\intersection\set.intersection.use-case.1.html --> ftp.exslt.org /www.exslt.org/public_html/set/functions/intersection set.intersection.use-case.1.html
102.12.03 11:13 B C:\jakarta-tomcat-3.2.4\webapps\cocoon\exslt\set\functions\intersection\set.intersection.use-cases.txt --> ftp.exslt.org /www.exslt.org/public_html/set/functions/intersection set.intersection.use-cases.txt
102.12.03 11:13 B C:\jakarta-tomcat-3.2.4\webapps\cocoon\exslt\set\functions\intersection\set.intersection.use-cases.zip --> ftp.exslt.org /www.exslt.org/public_html/set/functions/intersection set.intersection.use-cases.zip
102.12.03 11:13 B C:\jakarta-tomcat-3.2.4\webapps\cocoon\exslt\set\functions\intersection\set.intersection.xml --> ftp.exslt.org /www.exslt.org/public_html/set/functions/intersection set.intersection.xml
102.12.03 11:13 B C:\jakarta-tomcat-3.2.4\webapps\cocoon\exslt\set\functions\intersection\set.intersection.xsl --> ftp.exslt.org /www.exslt.org/public_html/set/functions/intersection set.intersection.xsl
102.12.03 11:13 B C:\jakarta-tomcat-3.2.4\webapps\cocoon\exslt\set\functions\intersection\set.intersection.zip --> ftp.exslt.org /www.exslt.org/public_html/set/functions/intersection set.intersection.zip
102.12.03 11:13 B C:\jakarta-tomcat-3.2.4\webapps\cocoon\exslt\set\functions\intersection\update.bat --> ftp.exslt.org /www.exslt.org/public_html/set/functions/intersection update.bat
102.12.03 11:15 B C:\jakarta-tomcat-3.2.4\webapps\cocoon\exslt\set\functions\intersection\base.css --> ftp.exslt.org /www.exslt.org/public_html/set/functions/intersection base.css
102.12.03 11:15 B C:\jakarta-tomcat-3.2.4\webapps\cocoon\exslt\set\functions\intersection\index.html --> ftp.exslt.org /www.exslt.org/public_html/set/functions/intersection index.html
102.12.03 11:15 B C:\jakarta-tomcat-3.2.4\webapps\cocoon\exslt\set\functions\intersection\refresh.bat --> ftp.exslt.org /www.exslt.org/public_html/set/functions/intersection refresh.bat
102.12.03 11:15 B C:\jakarta-tomcat-3.2.4\webapps\cocoon\exslt\set\functions\intersection\set.intersection.1.html --> ftp.exslt.org /www.exslt.org/public_html/set/functions/intersection set.intersection.1.html
102.12.03 11:15 B C:\jakarta-tomcat-3.2.4\webapps\cocoon\exslt\set\functions\intersection\set.intersection.1.xsl --> ftp.exslt.org /www.exslt.org/public_html/set/functions/intersection set.intersection.1.xsl
102.12.03 11:15 B C:\jakarta-tomcat-3.2.4\webapps\cocoon\exslt\set\functions\intersection\set.intersection.data.1.xml --> ftp.exslt.org /www.exslt.org/public_html/set/functions/intersection set.intersection.data.1.xml
102.12.03 11:15 B C:\jakarta-tomcat-3.2.4\webapps\cocoon\exslt\set\functions\intersection\set.intersection.function.xsl --> ftp.exslt.org /www.exslt.org/public_html/set/functions/intersection set.intersection.function.xsl
102.12.03 11:15 B C:\jakarta-tomcat-3.2.4\webapps\cocoon\exslt\set\functions\intersection\set.intersection.function.xsl.html --> ftp.exslt.org /www.exslt.org/public_html/set/functions/intersection set.intersection.function.xsl.html
102.12.03 11:15 B C:\jakarta-tomcat-3.2.4\webapps\cocoon\exslt\set\functions\intersection\set.intersection.html --> ftp.exslt.org /www.exslt.org/public_html/set/functions/intersection set.intersection.html
102.12.03 11:15 B C:\jakarta-tomcat-3.2.4\webapps\cocoon\exslt\set\functions\intersection\set.intersection.package.txt --> ftp.exslt.org /www.exslt.org/public_html/set/functions/intersection set.intersection.package.txt
102.12.03 11:15 B C:\jakarta-tomcat-3.2.4\webapps\cocoon\exslt\set\functions\intersection\set.intersection.result.1.xml --> ftp.exslt.org /www.exslt.org/public_html/set/functions/intersection set.intersection.result.1.xml
102.12.03 11:15 B C:\jakarta-tomcat-3.2.4\webapps\cocoon\exslt\set\functions\intersection\set.intersection.template.xsl --> ftp.exslt.org /www.exslt.org/public_html/set/functions/intersection set.intersection.template.xsl
102.12.03 11:15 B C:\jakarta-tomcat-3.2.4\webapps\cocoon\exslt\set\functions\intersection\set.intersection.template.xsl.html --> ftp.exslt.org /www.exslt.org/public_html/set/functions/intersection set.intersection.template.xsl.html
102.12.03 11:15 B C:\jakarta-tomcat-3.2.4\webapps\cocoon\exslt\set\functions\intersection\set.intersection.use-case.1.html --> ftp.exslt.org /www.exslt.org/public_html/set/functions/intersection set.intersection.use-case.1.html
102.12.03 11:15 B C:\jakarta-tomcat-3.2.4\webapps\cocoon\exslt\set\functions\intersection\set.intersection.use-cases.txt --> ftp.exslt.org /www.exslt.org/public_html/set/functions/intersection set.intersection.use-cases.txt
102.12.03 11:15 B C:\jakarta-tomcat-3.2.4\webapps\cocoon\exslt\set\functions\intersection\set.intersection.use-cases.zip --> ftp.exslt.org /www.exslt.org/public_html/set/functions/intersection set.intersection.use-cases.zip
102.12.03 11:15 B C:\jakarta-tomcat-3.2.4\webapps\cocoon\exslt\set\functions\intersection\set.intersection.xml --> ftp.exslt.org /www.exslt.org/public_html/set/functions/intersection set.intersection.xml
102.12.03 11:15 B C:\jakarta-tomcat-3.2.4\webapps\cocoon\exslt\set\functions\intersection\set.intersection.xsl --> ftp.exslt.org /www.exslt.org/public_html/set/functions/intersection set.intersection.xsl
102.12.03 11:15 B C:\jakarta-tomcat-3.2.4\webapps\cocoon\exslt\set\functions\intersection\set.intersection.zip --> ftp.exslt.org /www.exslt.org/public_html/set/functions/intersection set.intersection.zip
102.12.03 11:15 B C:\jakarta-tomcat-3.2.4\webapps\cocoon\exslt\set\functions\intersection\update.bat --> ftp.exslt.org /www.exslt.org/public_html/set/functions/intersection update.bat
102.12.03 11:15 B C:\jakarta-tomcat-3.2.4\webapps\cocoon\exslt\set\functions\intersection\WS_FTP.LOG --> ftp.exslt.org /www.exslt.org/public_html/set/functions/intersection WS_FTP.LOG
102.12.11 11:07 B C:\jakarta-tomcat-3.2.4\webapps\cocoon\exslt\set\functions\intersection\base.css --> ftp.exslt.org /www.exslt.org/public_html/set/functions/intersection base.css
102.12.11 11:07 B C:\jakarta-tomcat-3.2.4\webapps\cocoon\exslt\set\functions\intersection\index.html --> ftp.exslt.org /www.exslt.org/public_html/set/functions/intersection index.html
102.12.11 11:07 B C:\jakarta-tomcat-3.2.4\webapps\cocoon\exslt\set\functions\intersection\refresh.bat --> ftp.exslt.org /www.exslt.org/public_html/set/functions/intersection refresh.bat
102.12.11 11:07 B C:\jakarta-tomcat-3.2.4\webapps\cocoon\exslt\set\functions\intersection\set.intersection.1.html --> ftp.exslt.org /www.exslt.org/public_html/set/functions/intersection set.intersection.1.html
102.12.11 11:07 B C:\jakarta-tomcat-3.2.4\webapps\cocoon\exslt\set\functions\intersection\set.intersection.1.xsl --> ftp.exslt.org /www.exslt.org/public_html/set/functions/intersection set.intersection.1.xsl
102.12.11 11:07 B C:\jakarta-tomcat-3.2.4\webapps\cocoon\exslt\set\functions\intersection\set.intersection.data.1.xml --> ftp.exslt.org /www.exslt.org/public_html/set/functions/intersection set.intersection.data.1.xml
102.12.11 11:07 B C:\jakarta-tomcat-3.2.4\webapps\cocoon\exslt\set\functions\intersection\set.intersection.function.xsl --> ftp.exslt.org /www.exslt.org/public_html/set/functions/intersection set.intersection.function.xsl
102.12.11 11:07 B C:\jakarta-tomcat-3.2.4\webapps\cocoon\exslt\set\functions\intersection\set.intersection.function.xsl.html --> ftp.exslt.org /www.exslt.org/public_html/set/functions/intersection set.intersection.function.xsl.html
102.12.11 11:07 B C:\jakarta-tomcat-3.2.4\webapps\cocoon\exslt\set\functions\intersection\set.intersection.html --> ftp.exslt.org /www.exslt.org/public_html/set/functions/intersection set.intersection.html
102.12.11 11:07 B C:\jakarta-tomcat-3.2.4\webapps\cocoon\exslt\set\functions\intersection\set.intersection.package.txt --> ftp.exslt.org /www.exslt.org/public_html/set/functions/intersection set.intersection.package.txt
102.12.11 11:07 B C:\jakarta-tomcat-3.2.4\webapps\cocoon\exslt\set\functions\intersection\set.intersection.result.1.xml --> ftp.exslt.org /www.exslt.org/public_html/set/functions/intersection set.intersection.result.1.xml
102.12.11 11:07 B C:\jakarta-tomcat-3.2.4\webapps\cocoon\exslt\set\functions\intersection\set.intersection.template.xsl --> ftp.exslt.org /www.exslt.org/public_html/set/functions/intersection set.intersection.template.xsl
102.12.11 11:07 B C:\jakarta-tomcat-3.2.4\webapps\cocoon\exslt\set\functions\intersection\set.intersection.template.xsl.html --> ftp.exslt.org /www.exslt.org/public_html/set/functions/intersection set.intersection.template.xsl.html
102.12.11 11:07 B C:\jakarta-tomcat-3.2.4\webapps\cocoon\exslt\set\functions\intersection\set.intersection.use-case.1.html --> ftp.exslt.org /www.exslt.org/public_html/set/functions/intersection set.intersection.use-case.1.html
102.12.11 11:07 B C:\jakarta-tomcat-3.2.4\webapps\cocoon\exslt\set\functions\intersection\set.intersection.use-cases.txt --> ftp.exslt.org /www.exslt.org/public_html/set/functions/intersection set.intersection.use-cases.txt
102.12.11 11:07 B C:\jakarta-tomcat-3.2.4\webapps\cocoon\exslt\set\functions\intersection\set.intersection.use-cases.zip --> ftp.exslt.org /www.exslt.org/public_html/set/functions/intersection set.intersection.use-cases.zip
102.12.11 11:07 B C:\jakarta-tomcat-3.2.4\webapps\cocoon\exslt\set\functions\intersection\set.intersection.xml --> ftp.exslt.org /www.exslt.org/public_html/set/functions/intersection set.intersection.xml
102.12.11 11:07 B C:\jakarta-tomcat-3.2.4\webapps\cocoon\exslt\set\functions\intersection\set.intersection.xsl --> ftp.exslt.org /www.exslt.org/public_html/set/functions/intersection set.intersection.xsl
102.12.11 11:07 B C:\jakarta-tomcat-3.2.4\webapps\cocoon\exslt\set\functions\intersection\set.intersection.zip --> ftp.exslt.org /www.exslt.org/public_html/set/functions/intersection set.intersection.zip
102.12.11 11:07 B C:\jakarta-tomcat-3.2.4\webapps\cocoon\exslt\set\functions\intersection\update.bat --> ftp.exslt.org /www.exslt.org/public_html/set/functions/intersection update.bat
102.12.11 11:07 B C:\jakarta-tomcat-3.2.4\webapps\cocoon\exslt\set\functions\intersection\WS_FTP.LOG --> ftp.exslt.org /www.exslt.org/public_html/set/functions/intersection WS_FTP.LOG
102.12.11 11:11 B C:\jakarta-tomcat-3.2.4\webapps\cocoon\exslt\set\functions\intersection\base.css --> ftp.exslt.org /www.exslt.org/public_html/set/functions/intersection base.css
102.12.11 11:11 B C:\jakarta-tomcat-3.2.4\webapps\cocoon\exslt\set\functions\intersection\index.html --> ftp.exslt.org /www.exslt.org/public_html/set/functions/intersection index.html
102.12.11 11:11 B C:\jakarta-tomcat-3.2.4\webapps\cocoon\exslt\set\functions\intersection\refresh.bat --> ftp.exslt.org /www.exslt.org/public_html/set/functions/intersection refresh.bat
102.12.11 11:11 B C:\jakarta-tomcat-3.2.4\webapps\cocoon\exslt\set\functions\intersection\set.intersection.1.html --> ftp.exslt.org /www.exslt.org/public_html/set/functions/intersection set.intersection.1.html
102.12.11 11:11 B C:\jakarta-tomcat-3.2.4\webapps\cocoon\exslt\set\functions\intersection\set.intersection.1.xsl --> ftp.exslt.org /www.exslt.org/public_html/set/functions/intersection set.intersection.1.xsl
102.12.11 11:11 B C:\jakarta-tomcat-3.2.4\webapps\cocoon\exslt\set\functions\intersection\set.intersection.data.1.xml --> ftp.exslt.org /www.exslt.org/public_html/set/functions/intersection set.intersection.data.1.xml
102.12.11 11:11 B C:\jakarta-tomcat-3.2.4\webapps\cocoon\exslt\set\functions\intersection\set.intersection.function.xsl --> ftp.exslt.org /www.exslt.org/public_html/set/functions/intersection set.intersection.function.xsl
102.12.11 11:11 B C:\jakarta-tomcat-3.2.4\webapps\cocoon\exslt\set\functions\intersection\set.intersection.function.xsl.html --> ftp.exslt.org /www.exslt.org/public_html/set/functions/intersection set.intersection.function.xsl.html
102.12.11 11:11 B C:\jakarta-tomcat-3.2.4\webapps\cocoon\exslt\set\functions\intersection\set.intersection.html --> ftp.exslt.org /www.exslt.org/public_html/set/functions/intersection set.intersection.html
102.12.11 11:11 B C:\jakarta-tomcat-3.2.4\webapps\cocoon\exslt\set\functions\intersection\set.intersection.package.txt --> ftp.exslt.org /www.exslt.org/public_html/set/functions/intersection set.intersection.package.txt
102.12.11 11:11 B C:\jakarta-tomcat-3.2.4\webapps\cocoon\exslt\set\functions\intersection\set.intersection.result.1.xml --> ftp.exslt.org /www.exslt.org/public_html/set/functions/intersection set.intersection.result.1.xml
102.12.11 11:11 B C:\jakarta-tomcat-3.2.4\webapps\cocoon\exslt\set\functions\intersection\set.intersection.template.xsl --> ftp.exslt.org /www.exslt.org/public_html/set/functions/intersection set.intersection.template.xsl
102.12.11 11:11 B C:\jakarta-tomcat-3.2.4\webapps\cocoon\exslt\set\functions\intersection\set.intersection.template.xsl.html --> ftp.exslt.org /www.exslt.org/public_html/set/functions/intersection set.intersection.template.xsl.html
102.12.11 11:11 B C:\jakarta-tomcat-3.2.4\webapps\cocoon\exslt\set\functions\intersection\set.intersection.use-case.1.html --> ftp.exslt.org /www.exslt.org/public_html/set/functions/intersection set.intersection.use-case.1.html
102.12.11 11:11 B C:\jakarta-tomcat-3.2.4\webapps\cocoon\exslt\set\functions\intersection\set.intersection.use-cases.txt --> ftp.exslt.org /www.exslt.org/public_html/set/functions/intersection set.intersection.use-cases.txt
102.12.11 11:11 B C:\jakarta-tomcat-3.2.4\webapps\cocoon\exslt\set\functions\intersection\set.intersection.use-cases.zip --> ftp.exslt.org /www.exslt.org/public_html/set/functions/intersection set.intersection.use-cases.zip
102.12.11 11:11 B C:\jakarta-tomcat-3.2.4\webapps\cocoon\exslt\set\functions\intersection\set.intersection.xml --> ftp.exslt.org /www.exslt.org/public_html/set/functions/intersection set.intersection.xml
102.12.11 11:11 B C:\jakarta-tomcat-3.2.4\webapps\cocoon\exslt\set\functions\intersection\set.intersection.xsl --> ftp.exslt.org /www.exslt.org/public_html/set/functions/intersection set.intersection.xsl
102.12.11 11:11 B C:\jakarta-tomcat-3.2.4\webapps\cocoon\exslt\set\functions\intersection\set.intersection.zip --> ftp.exslt.org /www.exslt.org/public_html/set/functions/intersection set.intersection.zip
102.12.11 11:11 B C:\jakarta-tomcat-3.2.4\webapps\cocoon\exslt\set\functions\intersection\update.bat --> ftp.exslt.org /www.exslt.org/public_html/set/functions/intersection update.bat
103.09.29 15:58 B C:\jakarta-tomcat-3.2.4\webapps\cocoon\exslt\set\functions\intersection\WS_FTP.LOG <-- ftp.exslt.org /www.exslt.org/public_html/set/functions/intersection WS_FTP.LOG
103.10.21 13:11 B C:\jakarta-tomcat-3.2.4\webapps\cocoon\exslt\set\functions\intersection\base.css --> marian.cs.nott.ac.uk /stud/pg/cds/exslt/set/functions/intersection base.css
103.10.21 13:11 B C:\jakarta-tomcat-3.2.4\webapps\cocoon\exslt\set\functions\intersection\index.html --> marian.cs.nott.ac.uk /stud/pg/cds/exslt/set/functions/intersection index.html
103.10.21 13:11 B C:\jakarta-tomcat-3.2.4\webapps\cocoon\exslt\set\functions\intersection\refresh.bat --> marian.cs.nott.ac.uk /stud/pg/cds/exslt/set/functions/intersection refresh.bat
103.10.21 13:11 B C:\jakarta-tomcat-3.2.4\webapps\cocoon\exslt\set\functions\intersection\set.intersection.1.html --> marian.cs.nott.ac.uk /stud/pg/cds/exslt/set/functions/intersection set.intersection.1.html
103.10.21 13:11 B C:\jakarta-tomcat-3.2.4\webapps\cocoon\exslt\set\functions\intersection\set.intersection.1.xsl --> marian.cs.nott.ac.uk /stud/pg/cds/exslt/set/functions/intersection set.intersection.1.xsl
103.10.21 13:11 B C:\jakarta-tomcat-3.2.4\webapps\cocoon\exslt\set\functions\intersection\set.intersection.data.1.xml --> marian.cs.nott.ac.uk /stud/pg/cds/exslt/set/functions/intersection set.intersection.data.1.xml
103.10.21 13:11 B C:\jakarta-tomcat-3.2.4\webapps\cocoon\exslt\set\functions\intersection\set.intersection.function.xsl --> marian.cs.nott.ac.uk /stud/pg/cds/exslt/set/functions/intersection set.intersection.function.xsl
103.10.21 13:11 B C:\jakarta-tomcat-3.2.4\webapps\cocoon\exslt\set\functions\intersection\set.intersection.function.xsl.html --> marian.cs.nott.ac.uk /stud/pg/cds/exslt/set/functions/intersection set.intersection.function.xsl.html
103.10.21 13:11 B C:\jakarta-tomcat-3.2.4\webapps\cocoon\exslt\set\functions\intersection\set.intersection.html --> marian.cs.nott.ac.uk /stud/pg/cds/exslt/set/functions/intersection set.intersection.html
103.10.21 13:11 B C:\jakarta-tomcat-3.2.4\webapps\cocoon\exslt\set\functions\intersection\set.intersection.package.txt --> marian.cs.nott.ac.uk /stud/pg/cds/exslt/set/functions/intersection set.intersection.package.txt
103.10.21 13:11 B C:\jakarta-tomcat-3.2.4\webapps\cocoon\exslt\set\functions\intersection\set.intersection.result.1.xml --> marian.cs.nott.ac.uk /stud/pg/cds/exslt/set/functions/intersection set.intersection.result.1.xml
103.10.21 13:11 B C:\jakarta-tomcat-3.2.4\webapps\cocoon\exslt\set\functions\intersection\set.intersection.template.xsl --> marian.cs.nott.ac.uk /stud/pg/cds/exslt/set/functions/intersection set.intersection.template.xsl
103.10.21 13:11 B C:\jakarta-tomcat-3.2.4\webapps\cocoon\exslt\set\functions\intersection\set.intersection.template.xsl.html --> marian.cs.nott.ac.uk /stud/pg/cds/exslt/set/functions/intersection set.intersection.template.xsl.html
103.10.21 13:11 B C:\jakarta-tomcat-3.2.4\webapps\cocoon\exslt\set\functions\intersection\set.intersection.use-case.1.html --> marian.cs.nott.ac.uk /stud/pg/cds/exslt/set/functions/intersection set.intersection.use-case.1.html
103.10.21 13:11 B C:\jakarta-tomcat-3.2.4\webapps\cocoon\exslt\set\functions\intersection\set.intersection.use-cases.txt --> marian.cs.nott.ac.uk /stud/pg/cds/exslt/set/functions/intersection set.intersection.use-cases.txt
103.10.21 13:11 B C:\jakarta-tomcat-3.2.4\webapps\cocoon\exslt\set\functions\intersection\set.intersection.use-cases.zip --> marian.cs.nott.ac.uk /stud/pg/cds/exslt/set/functions/intersection set.intersection.use-cases.zip
103.10.21 13:11 B C:\jakarta-tomcat-3.2.4\webapps\cocoon\exslt\set\functions\intersection\set.intersection.xml --> marian.cs.nott.ac.uk /stud/pg/cds/exslt/set/functions/intersection set.intersection.xml
103.10.21 13:11 B C:\jakarta-tomcat-3.2.4\webapps\cocoon\exslt\set\functions\intersection\set.intersection.xsl --> marian.cs.nott.ac.uk /stud/pg/cds/exslt/set/functions/intersection set.intersection.xsl
103.10.21 13:11 B C:\jakarta-tomcat-3.2.4\webapps\cocoon\exslt\set\functions\intersection\set.intersection.zip --> marian.cs.nott.ac.uk /stud/pg/cds/exslt/set/functions/intersection set.intersection.zip
103.10.21 13:11 B C:\jakarta-tomcat-3.2.4\webapps\cocoon\exslt\set\functions\intersection\update.bat --> marian.cs.nott.ac.uk /stud/pg/cds/exslt/set/functions/intersection update.bat
103.10.21 13:11 B C:\jakarta-tomcat-3.2.4\webapps\cocoon\exslt\set\functions\intersection\WS_FTP.LOG --> marian.cs.nott.ac.uk /stud/pg/cds/exslt/set/functions/intersection WS_FTP.LOG
103.10.24 10:20 B C:\jakarta-tomcat-3.2.4\webapps\cocoon\exslt\set\functions\intersection\base.css --> ftp.exslt.org /www.exslt.org/public_html/set/functions/intersection base.css
103.10.24 10:20 B C:\jakarta-tomcat-3.2.4\webapps\cocoon\exslt\set\functions\intersection\index.html --> ftp.exslt.org /www.exslt.org/public_html/set/functions/intersection index.html
103.10.24 10:20 B C:\jakarta-tomcat-3.2.4\webapps\cocoon\exslt\set\functions\intersection\refresh.bat --> ftp.exslt.org /www.exslt.org/public_html/set/functions/intersection refresh.bat
103.10.24 10:20 B C:\jakarta-tomcat-3.2.4\webapps\cocoon\exslt\set\functions\intersection\set.intersection.1.html --> ftp.exslt.org /www.exslt.org/public_html/set/functions/intersection set.intersection.1.html
103.10.24 10:20 B C:\jakarta-tomcat-3.2.4\webapps\cocoon\exslt\set\functions\intersection\set.intersection.1.xsl --> ftp.exslt.org /www.exslt.org/public_html/set/functions/intersection set.intersection.1.xsl
103.10.24 10:21 B C:\jakarta-tomcat-3.2.4\webapps\cocoon\exslt\set\functions\intersection\set.intersection.data.1.xml --> ftp.exslt.org /www.exslt.org/public_html/set/functions/intersection set.intersection.data.1.xml
103.10.24 10:21 B C:\jakarta-tomcat-3.2.4\webapps\cocoon\exslt\set\functions\intersection\set.intersection.function.xsl --> ftp.exslt.org /www.exslt.org/public_html/set/functions/intersection set.intersection.function.xsl
103.10.24 10:21 B C:\jakarta-tomcat-3.2.4\webapps\cocoon\exslt\set\functions\intersection\set.intersection.function.xsl.html --> ftp.exslt.org /www.exslt.org/public_html/set/functions/intersection set.intersection.function.xsl.html
103.10.24 10:21 B C:\jakarta-tomcat-3.2.4\webapps\cocoon\exslt\set\functions\intersection\set.intersection.html --> ftp.exslt.org /www.exslt.org/public_html/set/functions/intersection set.intersection.html
103.10.24 10:21 B C:\jakarta-tomcat-3.2.4\webapps\cocoon\exslt\set\functions\intersection\set.intersection.package.txt --> ftp.exslt.org /www.exslt.org/public_html/set/functions/intersection set.intersection.package.txt
103.10.24 10:21 B C:\jakarta-tomcat-3.2.4\webapps\cocoon\exslt\set\functions\intersection\set.intersection.result.1.xml --> ftp.exslt.org /www.exslt.org/public_html/set/functions/intersection set.intersection.result.1.xml
103.10.24 10:21 B C:\jakarta-tomcat-3.2.4\webapps\cocoon\exslt\set\functions\intersection\set.intersection.template.xsl --> ftp.exslt.org /www.exslt.org/public_html/set/functions/intersection set.intersection.template.xsl
103.10.24 10:21 B C:\jakarta-tomcat-3.2.4\webapps\cocoon\exslt\set\functions\intersection\set.intersection.template.xsl.html --> ftp.exslt.org /www.exslt.org/public_html/set/functions/intersection set.intersection.template.xsl.html
103.10.24 10:21 B C:\jakarta-tomcat-3.2.4\webapps\cocoon\exslt\set\functions\intersection\set.intersection.use-case.1.html --> ftp.exslt.org /www.exslt.org/public_html/set/functions/intersection set.intersection.use-case.1.html
103.10.24 10:21 B C:\jakarta-tomcat-3.2.4\webapps\cocoon\exslt\set\functions\intersection\set.intersection.use-cases.txt --> ftp.exslt.org /www.exslt.org/public_html/set/functions/intersection set.intersection.use-cases.txt
103.10.24 10:21 B C:\jakarta-tomcat-3.2.4\webapps\cocoon\exslt\set\functions\intersection\set.intersection.use-cases.zip --> ftp.exslt.org /www.exslt.org/public_html/set/functions/intersection set.intersection.use-cases.zip
103.10.24 10:21 B C:\jakarta-tomcat-3.2.4\webapps\cocoon\exslt\set\functions\intersection\set.intersection.xml --> ftp.exslt.org /www.exslt.org/public_html/set/functions/intersection set.intersection.xml
103.10.24 10:21 B C:\jakarta-tomcat-3.2.4\webapps\cocoon\exslt\set\functions\intersection\set.intersection.xsl --> ftp.exslt.org /www.exslt.org/public_html/set/functions/intersection set.intersection.xsl
103.10.24 10:21 B C:\jakarta-tomcat-3.2.4\webapps\cocoon\exslt\set\functions\intersection\set.intersection.zip --> ftp.exslt.org /www.exslt.org/public_html/set/functions/intersection set.intersection.zip
103.10.24 10:21 B C:\jakarta-tomcat-3.2.4\webapps\cocoon\exslt\set\functions\intersection\update.bat --> ftp.exslt.org /www.exslt.org/public_html/set/functions/intersection update.bat
103.10.24 10:21 B C:\jakarta-tomcat-3.2.4\webapps\cocoon\exslt\set\functions\intersection\WS_FTP.LOG --> ftp.exslt.org /www.exslt.org/public_html/set/functions/intersection WS_FTP.LOG
103.10.24 10:55 B C:\jakarta-tomcat-3.2.4\webapps\cocoon\exslt\set\functions\intersection\base.css --> ftp.exslt.org /www.exslt.org/public_html/set/functions/intersection base.css
103.10.24 10:56 B C:\jakarta-tomcat-3.2.4\webapps\cocoon\exslt\set\functions\intersection\index.html --> ftp.exslt.org /www.exslt.org/public_html/set/functions/intersection index.html
103.10.24 10:56 B C:\jakarta-tomcat-3.2.4\webapps\cocoon\exslt\set\functions\intersection\refresh.bat --> ftp.exslt.org /www.exslt.org/public_html/set/functions/intersection refresh.bat
103.10.24 10:56 B C:\jakarta-tomcat-3.2.4\webapps\cocoon\exslt\set\functions\intersection\set.intersection.1.html --> ftp.exslt.org /www.exslt.org/public_html/set/functions/intersection set.intersection.1.html
103.10.24 10:56 B C:\jakarta-tomcat-3.2.4\webapps\cocoon\exslt\set\functions\intersection\set.intersection.1.xsl --> ftp.exslt.org /www.exslt.org/public_html/set/functions/intersection set.intersection.1.xsl
103.10.24 10:56 B C:\jakarta-tomcat-3.2.4\webapps\cocoon\exslt\set\functions\intersection\set.intersection.data.1.xml --> ftp.exslt.org /www.exslt.org/public_html/set/functions/intersection set.intersection.data.1.xml
103.10.24 10:56 B C:\jakarta-tomcat-3.2.4\webapps\cocoon\exslt\set\functions\intersection\set.intersection.function.xsl --> ftp.exslt.org /www.exslt.org/public_html/set/functions/intersection set.intersection.function.xsl
103.10.24 10:56 B C:\jakarta-tomcat-3.2.4\webapps\cocoon\exslt\set\functions\intersection\set.intersection.function.xsl.html --> ftp.exslt.org /www.exslt.org/public_html/set/functions/intersection set.intersection.function.xsl.html
103.10.24 10:56 B C:\jakarta-tomcat-3.2.4\webapps\cocoon\exslt\set\functions\intersection\set.intersection.html --> ftp.exslt.org /www.exslt.org/public_html/set/functions/intersection set.intersection.html
103.10.24 10:56 B C:\jakarta-tomcat-3.2.4\webapps\cocoon\exslt\set\functions\intersection\set.intersection.package.txt --> ftp.exslt.org /www.exslt.org/public_html/set/functions/intersection set.intersection.package.txt
103.10.24 10:56 B C:\jakarta-tomcat-3.2.4\webapps\cocoon\exslt\set\functions\intersection\set.intersection.result.1.xml --> ftp.exslt.org /www.exslt.org/public_html/set/functions/intersection set.intersection.result.1.xml
103.10.24 10:56 B C:\jakarta-tomcat-3.2.4\webapps\cocoon\exslt\set\functions\intersection\set.intersection.template.xsl --> ftp.exslt.org /www.exslt.org/public_html/set/functions/intersection set.intersection.template.xsl
103.10.24 10:56 B C:\jakarta-tomcat-3.2.4\webapps\cocoon\exslt\set\functions\intersection\set.intersection.template.xsl.html --> ftp.exslt.org /www.exslt.org/public_html/set/functions/intersection set.intersection.template.xsl.html
103.10.24 10:56 B C:\jakarta-tomcat-3.2.4\webapps\cocoon\exslt\set\functions\intersection\set.intersection.use-case.1.html --> ftp.exslt.org /www.exslt.org/public_html/set/functions/intersection set.intersection.use-case.1.html
103.10.24 10:56 B C:\jakarta-tomcat-3.2.4\webapps\cocoon\exslt\set\functions\intersection\set.intersection.use-cases.txt --> ftp.exslt.org /www.exslt.org/public_html/set/functions/intersection set.intersection.use-cases.txt
103.10.24 10:56 B C:\jakarta-tomcat-3.2.4\webapps\cocoon\exslt\set\functions\intersection\set.intersection.use-cases.zip --> ftp.exslt.org /www.exslt.org/public_html/set/functions/intersection set.intersection.use-cases.zip
103.10.24 10:56 B C:\jakarta-tomcat-3.2.4\webapps\cocoon\exslt\set\functions\intersection\set.intersection.xml --> ftp.exslt.org /www.exslt.org/public_html/set/functions/intersection set.intersection.xml
103.10.24 10:56 B C:\jakarta-tomcat-3.2.4\webapps\cocoon\exslt\set\functions\intersection\set.intersection.xsl --> ftp.exslt.org /www.exslt.org/public_html/set/functions/intersection set.intersection.xsl
103.10.24 10:56 B C:\jakarta-tomcat-3.2.4\webapps\cocoon\exslt\set\functions\intersection\set.intersection.zip --> ftp.exslt.org /www.exslt.org/public_html/set/functions/intersection set.intersection.zip
103.10.24 10:56 B C:\jakarta-tomcat-3.2.4\webapps\cocoon\exslt\set\functions\intersection\update.bat --> ftp.exslt.org /www.exslt.org/public_html/set/functions/intersection update.bat
