102.12.02 12:34 B C:\jakarta-tomcat-3.2.4\webapps\cocoon\exslt\public_html\submissions\math\math\functions\ceil\math.ceil.1.xml <-- ftp.exslt.org /www.exslt.org/public_html/submissions/math/math/functions/ceil math.ceil.1.xml
102.12.02 12:34 B C:\jakarta-tomcat-3.2.4\webapps\cocoon\exslt\public_html\submissions\math\math\functions\ceil\math.ceil.1.xsl <-- ftp.exslt.org /www.exslt.org/public_html/submissions/math/math/functions/ceil math.ceil.1.xsl
102.12.02 12:34 B C:\jakarta-tomcat-3.2.4\webapps\cocoon\exslt\public_html\submissions\math\math\functions\ceil\math.ceil.javascript.submission.xml <-- ftp.exslt.org /www.exslt.org/public_html/submissions/math/math/functions/ceil math.ceil.javascript.submission.xml
102.12.02 12:34 B C:\jakarta-tomcat-3.2.4\webapps\cocoon\exslt\public_html\submissions\math\math\functions\ceil\math.ceil.js <-- ftp.exslt.org /www.exslt.org/public_html/submissions/math/math/functions/ceil math.ceil.js
102.12.02 12:34 B C:\jakarta-tomcat-3.2.4\webapps\cocoon\exslt\public_html\submissions\math\math\functions\ceil\math.ceil.msxslt.submission.xml <-- ftp.exslt.org /www.exslt.org/public_html/submissions/math/math/functions/ceil math.ceil.msxslt.submission.xml
102.12.02 12:34 B C:\jakarta-tomcat-3.2.4\webapps\cocoon\exslt\public_html\submissions\math\math\functions\ceil\math.ceil.msxslt.xsl <-- ftp.exslt.org /www.exslt.org/public_html/submissions/math/math/functions/ceil math.ceil.msxslt.xsl
102.12.02 12:34 B C:\jakarta-tomcat-3.2.4\webapps\cocoon\exslt\public_html\submissions\math\math\functions\ceil\math.ceil.submission.xml <-- ftp.exslt.org /www.exslt.org/public_html/submissions/math/math/functions/ceil math.ceil.submission.xml
102.12.02 12:34 B C:\jakarta-tomcat-3.2.4\webapps\cocoon\exslt\public_html\submissions\math\math\functions\ceil\math.ceil.xsl <-- ftp.exslt.org /www.exslt.org/public_html/submissions/math/math/functions/ceil math.ceil.xsl
102.12.03 11:16 B C:\jakarta-tomcat-3.2.4\webapps\cocoon\exslt\submissions\math\math\functions\ceil\math.ceil.1.xml --> ftp.exslt.org /www.exslt.org/public_html/submissions/math/math/functions/ceil math.ceil.1.xml
102.12.03 11:16 B C:\jakarta-tomcat-3.2.4\webapps\cocoon\exslt\submissions\math\math\functions\ceil\math.ceil.1.xsl --> ftp.exslt.org /www.exslt.org/public_html/submissions/math/math/functions/ceil math.ceil.1.xsl
102.12.03 11:16 B C:\jakarta-tomcat-3.2.4\webapps\cocoon\exslt\submissions\math\math\functions\ceil\math.ceil.javascript.submission.xml --> ftp.exslt.org /www.exslt.org/public_html/submissions/math/math/functions/ceil math.ceil.javascript.submission.xml
102.12.03 11:16 B C:\jakarta-tomcat-3.2.4\webapps\cocoon\exslt\submissions\math\math\functions\ceil\math.ceil.js --> ftp.exslt.org /www.exslt.org/public_html/submissions/math/math/functions/ceil math.ceil.js
102.12.03 11:16 B C:\jakarta-tomcat-3.2.4\webapps\cocoon\exslt\submissions\math\math\functions\ceil\math.ceil.msxslt.submission.xml --> ftp.exslt.org /www.exslt.org/public_html/submissions/math/math/functions/ceil math.ceil.msxslt.submission.xml
102.12.03 11:16 B C:\jakarta-tomcat-3.2.4\webapps\cocoon\exslt\submissions\math\math\functions\ceil\math.ceil.msxslt.xsl --> ftp.exslt.org /www.exslt.org/public_html/submissions/math/math/functions/ceil math.ceil.msxslt.xsl
102.12.03 11:16 B C:\jakarta-tomcat-3.2.4\webapps\cocoon\exslt\submissions\math\math\functions\ceil\math.ceil.submission.xml --> ftp.exslt.org /www.exslt.org/public_html/submissions/math/math/functions/ceil math.ceil.submission.xml
102.12.03 11:16 B C:\jakarta-tomcat-3.2.4\webapps\cocoon\exslt\submissions\math\math\functions\ceil\math.ceil.xsl --> ftp.exslt.org /www.exslt.org/public_html/submissions/math/math/functions/ceil math.ceil.xsl
102.12.03 11:16 B C:\jakarta-tomcat-3.2.4\webapps\cocoon\exslt\submissions\math\math\functions\ceil\WS_FTP.LOG --> ftp.exslt.org /www.exslt.org/public_html/submissions/math/math/functions/ceil WS_FTP.LOG
102.12.11 11:14 B C:\jakarta-tomcat-3.2.4\webapps\cocoon\exslt\submissions\math\math\functions\ceil\math.ceil.1.xml --> ftp.exslt.org /www.exslt.org/public_html/submissions/math/math/functions/ceil math.ceil.1.xml
102.12.11 11:14 B C:\jakarta-tomcat-3.2.4\webapps\cocoon\exslt\submissions\math\math\functions\ceil\math.ceil.1.xsl --> ftp.exslt.org /www.exslt.org/public_html/submissions/math/math/functions/ceil math.ceil.1.xsl
102.12.11 11:14 B C:\jakarta-tomcat-3.2.4\webapps\cocoon\exslt\submissions\math\math\functions\ceil\math.ceil.javascript.submission.xml --> ftp.exslt.org /www.exslt.org/public_html/submissions/math/math/functions/ceil math.ceil.javascript.submission.xml
102.12.11 11:14 B C:\jakarta-tomcat-3.2.4\webapps\cocoon\exslt\submissions\math\math\functions\ceil\math.ceil.js --> ftp.exslt.org /www.exslt.org/public_html/submissions/math/math/functions/ceil math.ceil.js
102.12.11 11:14 B C:\jakarta-tomcat-3.2.4\webapps\cocoon\exslt\submissions\math\math\functions\ceil\math.ceil.msxslt.submission.xml --> ftp.exslt.org /www.exslt.org/public_html/submissions/math/math/functions/ceil math.ceil.msxslt.submission.xml
102.12.11 11:14 B C:\jakarta-tomcat-3.2.4\webapps\cocoon\exslt\submissions\math\math\functions\ceil\math.ceil.msxslt.xsl --> ftp.exslt.org /www.exslt.org/public_html/submissions/math/math/functions/ceil math.ceil.msxslt.xsl
102.12.11 11:14 B C:\jakarta-tomcat-3.2.4\webapps\cocoon\exslt\submissions\math\math\functions\ceil\math.ceil.submission.xml --> ftp.exslt.org /www.exslt.org/public_html/submissions/math/math/functions/ceil math.ceil.submission.xml
102.12.11 11:14 B C:\jakarta-tomcat-3.2.4\webapps\cocoon\exslt\submissions\math\math\functions\ceil\math.ceil.xsl --> ftp.exslt.org /www.exslt.org/public_html/submissions/math/math/functions/ceil math.ceil.xsl
