102.08.21 17:33 B C:\jakarta-tomcat-3.2.4\webapps\cocoon\exslt\regexp\base.css --> ftp.exslt.org /www.exslt.org/public_html/regexp base.css
102.08.21 17:33 B C:\jakarta-tomcat-3.2.4\webapps\cocoon\exslt\regexp\index.html --> ftp.exslt.org /www.exslt.org/public_html/regexp index.html
102.08.21 17:33 B C:\jakarta-tomcat-3.2.4\webapps\cocoon\exslt\regexp\refresh.bat --> ftp.exslt.org /www.exslt.org/public_html/regexp refresh.bat
102.08.21 17:33 B C:\jakarta-tomcat-3.2.4\webapps\cocoon\exslt\regexp\regexp.1.html --> ftp.exslt.org /www.exslt.org/public_html/regexp regexp.1.html
102.08.21 17:33 B C:\jakarta-tomcat-3.2.4\webapps\cocoon\exslt\regexp\regexp.html --> ftp.exslt.org /www.exslt.org/public_html/regexp regexp.html
102.08.21 17:33 B C:\jakarta-tomcat-3.2.4\webapps\cocoon\exslt\regexp\regexp.package.txt --> ftp.exslt.org /www.exslt.org/public_html/regexp regexp.package.txt
102.08.21 17:33 B C:\jakarta-tomcat-3.2.4\webapps\cocoon\exslt\regexp\regexp.xml --> ftp.exslt.org /www.exslt.org/public_html/regexp regexp.xml
102.08.21 17:33 B C:\jakarta-tomcat-3.2.4\webapps\cocoon\exslt\regexp\regexp.xsl --> ftp.exslt.org /www.exslt.org/public_html/regexp regexp.xsl
102.08.21 17:33 B C:\jakarta-tomcat-3.2.4\webapps\cocoon\exslt\regexp\regexp.zip --> ftp.exslt.org /www.exslt.org/public_html/regexp regexp.zip
102.08.21 17:33 B C:\jakarta-tomcat-3.2.4\webapps\cocoon\exslt\regexp\update.bat --> ftp.exslt.org /www.exslt.org/public_html/regexp update.bat
102.11.19 14:11 B C:\jakarta-tomcat-3.2.4\webapps\cocoon\exslt\regexp\base.css --> ftp.exslt.org /www.exslt.org/public_html/regexp base.css
102.11.19 14:11 B C:\jakarta-tomcat-3.2.4\webapps\cocoon\exslt\regexp\index.html --> ftp.exslt.org /www.exslt.org/public_html/regexp index.html
102.11.19 14:11 B C:\jakarta-tomcat-3.2.4\webapps\cocoon\exslt\regexp\refresh.bat --> ftp.exslt.org /www.exslt.org/public_html/regexp refresh.bat
102.11.19 14:11 B C:\jakarta-tomcat-3.2.4\webapps\cocoon\exslt\regexp\regexp.1.html --> ftp.exslt.org /www.exslt.org/public_html/regexp regexp.1.html
102.11.19 14:11 B C:\jakarta-tomcat-3.2.4\webapps\cocoon\exslt\regexp\regexp.html --> ftp.exslt.org /www.exslt.org/public_html/regexp regexp.html
102.11.19 14:11 B C:\jakarta-tomcat-3.2.4\webapps\cocoon\exslt\regexp\regexp.package.txt --> ftp.exslt.org /www.exslt.org/public_html/regexp regexp.package.txt
102.11.19 14:11 B C:\jakarta-tomcat-3.2.4\webapps\cocoon\exslt\regexp\regexp.xml --> ftp.exslt.org /www.exslt.org/public_html/regexp regexp.xml
102.11.19 14:11 B C:\jakarta-tomcat-3.2.4\webapps\cocoon\exslt\regexp\regexp.xsl --> ftp.exslt.org /www.exslt.org/public_html/regexp regexp.xsl
102.11.19 14:11 B C:\jakarta-tomcat-3.2.4\webapps\cocoon\exslt\regexp\regexp.zip --> ftp.exslt.org /www.exslt.org/public_html/regexp regexp.zip
102.11.19 14:11 B C:\jakarta-tomcat-3.2.4\webapps\cocoon\exslt\regexp\update.bat --> ftp.exslt.org /www.exslt.org/public_html/regexp update.bat
102.12.02 12:33 B C:\jakarta-tomcat-3.2.4\webapps\cocoon\exslt\public_html\regexp\WS_FTP.LOG <-- ftp.exslt.org /www.exslt.org/public_html/regexp WS_FTP.LOG
102.12.03 11:12 B C:\jakarta-tomcat-3.2.4\webapps\cocoon\exslt\regexp\base.css --> ftp.exslt.org /www.exslt.org/public_html/regexp base.css
102.12.03 11:12 B C:\jakarta-tomcat-3.2.4\webapps\cocoon\exslt\regexp\index.html --> ftp.exslt.org /www.exslt.org/public_html/regexp index.html
102.12.03 11:12 B C:\jakarta-tomcat-3.2.4\webapps\cocoon\exslt\regexp\refresh.bat --> ftp.exslt.org /www.exslt.org/public_html/regexp refresh.bat
102.12.03 11:12 B C:\jakarta-tomcat-3.2.4\webapps\cocoon\exslt\regexp\regexp.1.html --> ftp.exslt.org /www.exslt.org/public_html/regexp regexp.1.html
102.12.03 11:12 B C:\jakarta-tomcat-3.2.4\webapps\cocoon\exslt\regexp\regexp.html --> ftp.exslt.org /www.exslt.org/public_html/regexp regexp.html
102.12.03 11:12 B C:\jakarta-tomcat-3.2.4\webapps\cocoon\exslt\regexp\regexp.package.txt --> ftp.exslt.org /www.exslt.org/public_html/regexp regexp.package.txt
102.12.03 11:12 B C:\jakarta-tomcat-3.2.4\webapps\cocoon\exslt\regexp\regexp.xml --> ftp.exslt.org /www.exslt.org/public_html/regexp regexp.xml
102.12.03 11:12 B C:\jakarta-tomcat-3.2.4\webapps\cocoon\exslt\regexp\regexp.xsl --> ftp.exslt.org /www.exslt.org/public_html/regexp regexp.xsl
102.12.03 11:12 B C:\jakarta-tomcat-3.2.4\webapps\cocoon\exslt\regexp\regexp.zip --> ftp.exslt.org /www.exslt.org/public_html/regexp regexp.zip
102.12.03 11:12 B C:\jakarta-tomcat-3.2.4\webapps\cocoon\exslt\regexp\update.bat --> ftp.exslt.org /www.exslt.org/public_html/regexp update.bat
102.12.03 11:12 B C:\jakarta-tomcat-3.2.4\webapps\cocoon\exslt\regexp\WS_FTP.LOG --> ftp.exslt.org /www.exslt.org/public_html/regexp WS_FTP.LOG
102.12.11 11:07 B C:\jakarta-tomcat-3.2.4\webapps\cocoon\exslt\regexp\base.css --> ftp.exslt.org /www.exslt.org/public_html/regexp base.css
102.12.11 11:07 B C:\jakarta-tomcat-3.2.4\webapps\cocoon\exslt\regexp\index.html --> ftp.exslt.org /www.exslt.org/public_html/regexp index.html
102.12.11 11:07 B C:\jakarta-tomcat-3.2.4\webapps\cocoon\exslt\regexp\refresh.bat --> ftp.exslt.org /www.exslt.org/public_html/regexp refresh.bat
102.12.11 11:07 B C:\jakarta-tomcat-3.2.4\webapps\cocoon\exslt\regexp\regexp.1.html --> ftp.exslt.org /www.exslt.org/public_html/regexp regexp.1.html
102.12.11 11:07 B C:\jakarta-tomcat-3.2.4\webapps\cocoon\exslt\regexp\regexp.html --> ftp.exslt.org /www.exslt.org/public_html/regexp regexp.html
102.12.11 11:07 B C:\jakarta-tomcat-3.2.4\webapps\cocoon\exslt\regexp\regexp.package.txt --> ftp.exslt.org /www.exslt.org/public_html/regexp regexp.package.txt
102.12.11 11:07 B C:\jakarta-tomcat-3.2.4\webapps\cocoon\exslt\regexp\regexp.xml --> ftp.exslt.org /www.exslt.org/public_html/regexp regexp.xml
102.12.11 11:07 B C:\jakarta-tomcat-3.2.4\webapps\cocoon\exslt\regexp\regexp.xsl --> ftp.exslt.org /www.exslt.org/public_html/regexp regexp.xsl
102.12.11 11:07 B C:\jakarta-tomcat-3.2.4\webapps\cocoon\exslt\regexp\regexp.zip --> ftp.exslt.org /www.exslt.org/public_html/regexp regexp.zip
102.12.11 11:07 B C:\jakarta-tomcat-3.2.4\webapps\cocoon\exslt\regexp\update.bat --> ftp.exslt.org /www.exslt.org/public_html/regexp update.bat
102.12.11 11:07 B C:\jakarta-tomcat-3.2.4\webapps\cocoon\exslt\regexp\WS_FTP.LOG --> ftp.exslt.org /www.exslt.org/public_html/regexp WS_FTP.LOG
102.12.11 11:11 B C:\jakarta-tomcat-3.2.4\webapps\cocoon\exslt\regexp\base.css --> ftp.exslt.org /www.exslt.org/public_html/regexp base.css
102.12.11 11:11 B C:\jakarta-tomcat-3.2.4\webapps\cocoon\exslt\regexp\index.html --> ftp.exslt.org /www.exslt.org/public_html/regexp index.html
102.12.11 11:11 B C:\jakarta-tomcat-3.2.4\webapps\cocoon\exslt\regexp\refresh.bat --> ftp.exslt.org /www.exslt.org/public_html/regexp refresh.bat
102.12.11 11:11 B C:\jakarta-tomcat-3.2.4\webapps\cocoon\exslt\regexp\regexp.1.html --> ftp.exslt.org /www.exslt.org/public_html/regexp regexp.1.html
102.12.11 11:11 B C:\jakarta-tomcat-3.2.4\webapps\cocoon\exslt\regexp\regexp.html --> ftp.exslt.org /www.exslt.org/public_html/regexp regexp.html
102.12.11 11:11 B C:\jakarta-tomcat-3.2.4\webapps\cocoon\exslt\regexp\regexp.package.txt --> ftp.exslt.org /www.exslt.org/public_html/regexp regexp.package.txt
102.12.11 11:11 B C:\jakarta-tomcat-3.2.4\webapps\cocoon\exslt\regexp\regexp.xml --> ftp.exslt.org /www.exslt.org/public_html/regexp regexp.xml
102.12.11 11:11 B C:\jakarta-tomcat-3.2.4\webapps\cocoon\exslt\regexp\regexp.xsl --> ftp.exslt.org /www.exslt.org/public_html/regexp regexp.xsl
102.12.11 11:11 B C:\jakarta-tomcat-3.2.4\webapps\cocoon\exslt\regexp\regexp.zip --> ftp.exslt.org /www.exslt.org/public_html/regexp regexp.zip
102.12.11 11:11 B C:\jakarta-tomcat-3.2.4\webapps\cocoon\exslt\regexp\update.bat --> ftp.exslt.org /www.exslt.org/public_html/regexp update.bat
103.09.29 15:55 B C:\jakarta-tomcat-3.2.4\webapps\cocoon\exslt\regexp\WS_FTP.LOG <-- ftp.exslt.org /www.exslt.org/public_html/regexp WS_FTP.LOG
103.10.21 13:10 B C:\jakarta-tomcat-3.2.4\webapps\cocoon\exslt\regexp\base.css --> marian.cs.nott.ac.uk /stud/pg/cds/exslt/regexp base.css
103.10.21 13:10 B C:\jakarta-tomcat-3.2.4\webapps\cocoon\exslt\regexp\index.html --> marian.cs.nott.ac.uk /stud/pg/cds/exslt/regexp index.html
103.10.21 13:10 B C:\jakarta-tomcat-3.2.4\webapps\cocoon\exslt\regexp\refresh.bat --> marian.cs.nott.ac.uk /stud/pg/cds/exslt/regexp refresh.bat
103.10.21 13:10 B C:\jakarta-tomcat-3.2.4\webapps\cocoon\exslt\regexp\regexp.1.html --> marian.cs.nott.ac.uk /stud/pg/cds/exslt/regexp regexp.1.html
103.10.21 13:10 B C:\jakarta-tomcat-3.2.4\webapps\cocoon\exslt\regexp\regexp.html --> marian.cs.nott.ac.uk /stud/pg/cds/exslt/regexp regexp.html
103.10.21 13:10 B C:\jakarta-tomcat-3.2.4\webapps\cocoon\exslt\regexp\regexp.package.txt --> marian.cs.nott.ac.uk /stud/pg/cds/exslt/regexp regexp.package.txt
103.10.21 13:10 B C:\jakarta-tomcat-3.2.4\webapps\cocoon\exslt\regexp\regexp.xml --> marian.cs.nott.ac.uk /stud/pg/cds/exslt/regexp regexp.xml
103.10.21 13:10 B C:\jakarta-tomcat-3.2.4\webapps\cocoon\exslt\regexp\regexp.xsl --> marian.cs.nott.ac.uk /stud/pg/cds/exslt/regexp regexp.xsl
103.10.21 13:10 B C:\jakarta-tomcat-3.2.4\webapps\cocoon\exslt\regexp\regexp.zip --> marian.cs.nott.ac.uk /stud/pg/cds/exslt/regexp regexp.zip
103.10.21 13:10 B C:\jakarta-tomcat-3.2.4\webapps\cocoon\exslt\regexp\update.bat --> marian.cs.nott.ac.uk /stud/pg/cds/exslt/regexp update.bat
103.10.21 13:10 B C:\jakarta-tomcat-3.2.4\webapps\cocoon\exslt\regexp\WS_FTP.LOG --> marian.cs.nott.ac.uk /stud/pg/cds/exslt/regexp WS_FTP.LOG
103.10.24 10:12 B C:\jakarta-tomcat-3.2.4\webapps\cocoon\exslt\regexp\base.css --> ftp.exslt.org /www.exslt.org/public_html/regexp base.css
103.10.24 10:12 B C:\jakarta-tomcat-3.2.4\webapps\cocoon\exslt\regexp\index.html --> ftp.exslt.org /www.exslt.org/public_html/regexp index.html
103.10.24 10:12 B C:\jakarta-tomcat-3.2.4\webapps\cocoon\exslt\regexp\refresh.bat --> ftp.exslt.org /www.exslt.org/public_html/regexp refresh.bat
103.10.24 10:12 B C:\jakarta-tomcat-3.2.4\webapps\cocoon\exslt\regexp\regexp.1.html --> ftp.exslt.org /www.exslt.org/public_html/regexp regexp.1.html
103.10.24 10:12 B C:\jakarta-tomcat-3.2.4\webapps\cocoon\exslt\regexp\regexp.html --> ftp.exslt.org /www.exslt.org/public_html/regexp regexp.html
103.10.24 10:12 B C:\jakarta-tomcat-3.2.4\webapps\cocoon\exslt\regexp\regexp.package.txt --> ftp.exslt.org /www.exslt.org/public_html/regexp regexp.package.txt
103.10.24 10:12 B C:\jakarta-tomcat-3.2.4\webapps\cocoon\exslt\regexp\regexp.xml --> ftp.exslt.org /www.exslt.org/public_html/regexp regexp.xml
103.10.24 10:12 B C:\jakarta-tomcat-3.2.4\webapps\cocoon\exslt\regexp\regexp.xsl --> ftp.exslt.org /www.exslt.org/public_html/regexp regexp.xsl
103.10.24 10:12 B C:\jakarta-tomcat-3.2.4\webapps\cocoon\exslt\regexp\regexp.zip --> ftp.exslt.org /www.exslt.org/public_html/regexp regexp.zip
103.10.24 10:12 B C:\jakarta-tomcat-3.2.4\webapps\cocoon\exslt\regexp\update.bat --> ftp.exslt.org /www.exslt.org/public_html/regexp update.bat
