102.08.21 17:25 B C:\jakarta-tomcat-3.2.4\webapps\cocoon\exslt\date\functions\day-in-week\base.css --> ftp.exslt.org /www.exslt.org/public_html/date/functions/day-in-week base.css
102.08.21 17:25 B C:\jakarta-tomcat-3.2.4\webapps\cocoon\exslt\date\functions\day-in-week\date.day-in-week.2.html --> ftp.exslt.org /www.exslt.org/public_html/date/functions/day-in-week date.day-in-week.2.html
102.08.21 17:25 B C:\jakarta-tomcat-3.2.4\webapps\cocoon\exslt\date\functions\day-in-week\date.day-in-week.function.xsl --> ftp.exslt.org /www.exslt.org/public_html/date/functions/day-in-week date.day-in-week.function.xsl
102.08.21 17:25 B C:\jakarta-tomcat-3.2.4\webapps\cocoon\exslt\date\functions\day-in-week\date.day-in-week.function.xsl.html --> ftp.exslt.org /www.exslt.org/public_html/date/functions/day-in-week date.day-in-week.function.xsl.html
102.08.21 17:25 B C:\jakarta-tomcat-3.2.4\webapps\cocoon\exslt\date\functions\day-in-week\date.day-in-week.html --> ftp.exslt.org /www.exslt.org/public_html/date/functions/day-in-week date.day-in-week.html
102.08.21 17:25 B C:\jakarta-tomcat-3.2.4\webapps\cocoon\exslt\date\functions\day-in-week\date.day-in-week.package.txt --> ftp.exslt.org /www.exslt.org/public_html/date/functions/day-in-week date.day-in-week.package.txt
102.08.21 17:25 B C:\jakarta-tomcat-3.2.4\webapps\cocoon\exslt\date\functions\day-in-week\date.day-in-week.template.xsl --> ftp.exslt.org /www.exslt.org/public_html/date/functions/day-in-week date.day-in-week.template.xsl
102.08.21 17:25 B C:\jakarta-tomcat-3.2.4\webapps\cocoon\exslt\date\functions\day-in-week\date.day-in-week.template.xsl.html --> ftp.exslt.org /www.exslt.org/public_html/date/functions/day-in-week date.day-in-week.template.xsl.html
102.08.21 17:25 B C:\jakarta-tomcat-3.2.4\webapps\cocoon\exslt\date\functions\day-in-week\date.day-in-week.use-cases.txt --> ftp.exslt.org /www.exslt.org/public_html/date/functions/day-in-week date.day-in-week.use-cases.txt
102.08.21 17:25 B C:\jakarta-tomcat-3.2.4\webapps\cocoon\exslt\date\functions\day-in-week\date.day-in-week.use-cases.zip --> ftp.exslt.org /www.exslt.org/public_html/date/functions/day-in-week date.day-in-week.use-cases.zip
102.08.21 17:25 B C:\jakarta-tomcat-3.2.4\webapps\cocoon\exslt\date\functions\day-in-week\date.day-in-week.xml --> ftp.exslt.org /www.exslt.org/public_html/date/functions/day-in-week date.day-in-week.xml
102.08.21 17:25 B C:\jakarta-tomcat-3.2.4\webapps\cocoon\exslt\date\functions\day-in-week\date.day-in-week.xsl --> ftp.exslt.org /www.exslt.org/public_html/date/functions/day-in-week date.day-in-week.xsl
102.08.21 17:25 B C:\jakarta-tomcat-3.2.4\webapps\cocoon\exslt\date\functions\day-in-week\date.day-in-week.zip --> ftp.exslt.org /www.exslt.org/public_html/date/functions/day-in-week date.day-in-week.zip
102.08.21 17:25 B C:\jakarta-tomcat-3.2.4\webapps\cocoon\exslt\date\functions\day-in-week\date.js --> ftp.exslt.org /www.exslt.org/public_html/date/functions/day-in-week date.js
102.08.21 17:25 B C:\jakarta-tomcat-3.2.4\webapps\cocoon\exslt\date\functions\day-in-week\date.js.html --> ftp.exslt.org /www.exslt.org/public_html/date/functions/day-in-week date.js.html
102.08.21 17:25 B C:\jakarta-tomcat-3.2.4\webapps\cocoon\exslt\date\functions\day-in-week\date.msxsl.xsl --> ftp.exslt.org /www.exslt.org/public_html/date/functions/day-in-week date.msxsl.xsl
102.08.21 17:25 B C:\jakarta-tomcat-3.2.4\webapps\cocoon\exslt\date\functions\day-in-week\date.msxsl.xsl.html --> ftp.exslt.org /www.exslt.org/public_html/date/functions/day-in-week date.msxsl.xsl.html
102.08.21 17:25 B C:\jakarta-tomcat-3.2.4\webapps\cocoon\exslt\date\functions\day-in-week\index.html --> ftp.exslt.org /www.exslt.org/public_html/date/functions/day-in-week index.html
102.08.21 17:25 B C:\jakarta-tomcat-3.2.4\webapps\cocoon\exslt\date\functions\day-in-week\refresh.bat --> ftp.exslt.org /www.exslt.org/public_html/date/functions/day-in-week refresh.bat
102.08.21 17:25 B C:\jakarta-tomcat-3.2.4\webapps\cocoon\exslt\date\functions\day-in-week\update.bat --> ftp.exslt.org /www.exslt.org/public_html/date/functions/day-in-week update.bat
102.08.21 17:30 B C:\jakarta-tomcat-3.2.4\webapps\cocoon\exslt\date\functions\day-in-week\base.css --> ftp.exslt.org /www.exslt.org/public_html/date/functions/day-in-week base.css
102.08.21 17:30 B C:\jakarta-tomcat-3.2.4\webapps\cocoon\exslt\date\functions\day-in-week\date.day-in-week.2.html --> ftp.exslt.org /www.exslt.org/public_html/date/functions/day-in-week date.day-in-week.2.html
102.08.21 17:30 B C:\jakarta-tomcat-3.2.4\webapps\cocoon\exslt\date\functions\day-in-week\date.day-in-week.function.xsl --> ftp.exslt.org /www.exslt.org/public_html/date/functions/day-in-week date.day-in-week.function.xsl
102.08.21 17:30 B C:\jakarta-tomcat-3.2.4\webapps\cocoon\exslt\date\functions\day-in-week\date.day-in-week.function.xsl.html --> ftp.exslt.org /www.exslt.org/public_html/date/functions/day-in-week date.day-in-week.function.xsl.html
102.08.21 17:30 B C:\jakarta-tomcat-3.2.4\webapps\cocoon\exslt\date\functions\day-in-week\date.day-in-week.html --> ftp.exslt.org /www.exslt.org/public_html/date/functions/day-in-week date.day-in-week.html
102.08.21 17:30 B C:\jakarta-tomcat-3.2.4\webapps\cocoon\exslt\date\functions\day-in-week\date.day-in-week.package.txt --> ftp.exslt.org /www.exslt.org/public_html/date/functions/day-in-week date.day-in-week.package.txt
102.08.21 17:30 B C:\jakarta-tomcat-3.2.4\webapps\cocoon\exslt\date\functions\day-in-week\date.day-in-week.template.xsl --> ftp.exslt.org /www.exslt.org/public_html/date/functions/day-in-week date.day-in-week.template.xsl
102.08.21 17:30 B C:\jakarta-tomcat-3.2.4\webapps\cocoon\exslt\date\functions\day-in-week\date.day-in-week.template.xsl.html --> ftp.exslt.org /www.exslt.org/public_html/date/functions/day-in-week date.day-in-week.template.xsl.html
102.08.21 17:30 B C:\jakarta-tomcat-3.2.4\webapps\cocoon\exslt\date\functions\day-in-week\date.day-in-week.use-cases.txt --> ftp.exslt.org /www.exslt.org/public_html/date/functions/day-in-week date.day-in-week.use-cases.txt
102.08.21 17:30 B C:\jakarta-tomcat-3.2.4\webapps\cocoon\exslt\date\functions\day-in-week\date.day-in-week.use-cases.zip --> ftp.exslt.org /www.exslt.org/public_html/date/functions/day-in-week date.day-in-week.use-cases.zip
102.08.21 17:30 B C:\jakarta-tomcat-3.2.4\webapps\cocoon\exslt\date\functions\day-in-week\date.day-in-week.xml --> ftp.exslt.org /www.exslt.org/public_html/date/functions/day-in-week date.day-in-week.xml
102.08.21 17:30 B C:\jakarta-tomcat-3.2.4\webapps\cocoon\exslt\date\functions\day-in-week\date.day-in-week.xsl --> ftp.exslt.org /www.exslt.org/public_html/date/functions/day-in-week date.day-in-week.xsl
102.08.21 17:30 B C:\jakarta-tomcat-3.2.4\webapps\cocoon\exslt\date\functions\day-in-week\date.day-in-week.zip --> ftp.exslt.org /www.exslt.org/public_html/date/functions/day-in-week date.day-in-week.zip
102.08.21 17:30 B C:\jakarta-tomcat-3.2.4\webapps\cocoon\exslt\date\functions\day-in-week\date.js --> ftp.exslt.org /www.exslt.org/public_html/date/functions/day-in-week date.js
102.08.21 17:30 B C:\jakarta-tomcat-3.2.4\webapps\cocoon\exslt\date\functions\day-in-week\date.js.html --> ftp.exslt.org /www.exslt.org/public_html/date/functions/day-in-week date.js.html
102.08.21 17:30 B C:\jakarta-tomcat-3.2.4\webapps\cocoon\exslt\date\functions\day-in-week\date.msxsl.xsl --> ftp.exslt.org /www.exslt.org/public_html/date/functions/day-in-week date.msxsl.xsl
102.08.21 17:30 B C:\jakarta-tomcat-3.2.4\webapps\cocoon\exslt\date\functions\day-in-week\date.msxsl.xsl.html --> ftp.exslt.org /www.exslt.org/public_html/date/functions/day-in-week date.msxsl.xsl.html
102.08.21 17:30 B C:\jakarta-tomcat-3.2.4\webapps\cocoon\exslt\date\functions\day-in-week\index.html --> ftp.exslt.org /www.exslt.org/public_html/date/functions/day-in-week index.html
102.08.21 17:30 B C:\jakarta-tomcat-3.2.4\webapps\cocoon\exslt\date\functions\day-in-week\refresh.bat --> ftp.exslt.org /www.exslt.org/public_html/date/functions/day-in-week refresh.bat
102.08.21 17:30 B C:\jakarta-tomcat-3.2.4\webapps\cocoon\exslt\date\functions\day-in-week\update.bat --> ftp.exslt.org /www.exslt.org/public_html/date/functions/day-in-week update.bat
102.08.21 17:30 B C:\jakarta-tomcat-3.2.4\webapps\cocoon\exslt\date\functions\day-in-week\WS_FTP.LOG --> ftp.exslt.org /www.exslt.org/public_html/date/functions/day-in-week WS_FTP.LOG
102.11.19 13:14 B C:\jakarta-tomcat-3.2.4\webapps\cocoon\exslt\date\functions\day-in-week\base.css --> ftp.exslt.org /www.exslt.org/public_html/date/functions/day-in-week base.css
102.11.19 13:14 B C:\jakarta-tomcat-3.2.4\webapps\cocoon\exslt\date\functions\day-in-week\date.day-in-week.2.html --> ftp.exslt.org /www.exslt.org/public_html/date/functions/day-in-week date.day-in-week.2.html
102.11.19 13:14 B C:\jakarta-tomcat-3.2.4\webapps\cocoon\exslt\date\functions\day-in-week\date.day-in-week.function.xsl --> ftp.exslt.org /www.exslt.org/public_html/date/functions/day-in-week date.day-in-week.function.xsl
102.11.19 13:14 B C:\jakarta-tomcat-3.2.4\webapps\cocoon\exslt\date\functions\day-in-week\date.day-in-week.function.xsl.html --> ftp.exslt.org /www.exslt.org/public_html/date/functions/day-in-week date.day-in-week.function.xsl.html
102.11.19 13:14 B C:\jakarta-tomcat-3.2.4\webapps\cocoon\exslt\date\functions\day-in-week\date.day-in-week.html --> ftp.exslt.org /www.exslt.org/public_html/date/functions/day-in-week date.day-in-week.html
102.11.19 13:14 B C:\jakarta-tomcat-3.2.4\webapps\cocoon\exslt\date\functions\day-in-week\date.day-in-week.package.txt --> ftp.exslt.org /www.exslt.org/public_html/date/functions/day-in-week date.day-in-week.package.txt
102.11.19 13:14 B C:\jakarta-tomcat-3.2.4\webapps\cocoon\exslt\date\functions\day-in-week\date.day-in-week.template.xsl --> ftp.exslt.org /www.exslt.org/public_html/date/functions/day-in-week date.day-in-week.template.xsl
102.11.19 13:14 B C:\jakarta-tomcat-3.2.4\webapps\cocoon\exslt\date\functions\day-in-week\date.day-in-week.template.xsl.html --> ftp.exslt.org /www.exslt.org/public_html/date/functions/day-in-week date.day-in-week.template.xsl.html
102.11.19 13:14 B C:\jakarta-tomcat-3.2.4\webapps\cocoon\exslt\date\functions\day-in-week\date.day-in-week.use-cases.txt --> ftp.exslt.org /www.exslt.org/public_html/date/functions/day-in-week date.day-in-week.use-cases.txt
102.11.19 13:14 B C:\jakarta-tomcat-3.2.4\webapps\cocoon\exslt\date\functions\day-in-week\date.day-in-week.use-cases.zip --> ftp.exslt.org /www.exslt.org/public_html/date/functions/day-in-week date.day-in-week.use-cases.zip
102.11.19 13:14 B C:\jakarta-tomcat-3.2.4\webapps\cocoon\exslt\date\functions\day-in-week\date.day-in-week.xml --> ftp.exslt.org /www.exslt.org/public_html/date/functions/day-in-week date.day-in-week.xml
102.11.19 13:14 B C:\jakarta-tomcat-3.2.4\webapps\cocoon\exslt\date\functions\day-in-week\date.day-in-week.xsl --> ftp.exslt.org /www.exslt.org/public_html/date/functions/day-in-week date.day-in-week.xsl
102.11.19 13:14 B C:\jakarta-tomcat-3.2.4\webapps\cocoon\exslt\date\functions\day-in-week\date.day-in-week.zip --> ftp.exslt.org /www.exslt.org/public_html/date/functions/day-in-week date.day-in-week.zip
102.11.19 13:14 B C:\jakarta-tomcat-3.2.4\webapps\cocoon\exslt\date\functions\day-in-week\date.js --> ftp.exslt.org /www.exslt.org/public_html/date/functions/day-in-week date.js
102.11.19 13:14 B C:\jakarta-tomcat-3.2.4\webapps\cocoon\exslt\date\functions\day-in-week\date.js.html --> ftp.exslt.org /www.exslt.org/public_html/date/functions/day-in-week date.js.html
102.11.19 13:14 B C:\jakarta-tomcat-3.2.4\webapps\cocoon\exslt\date\functions\day-in-week\date.msxsl.xsl --> ftp.exslt.org /www.exslt.org/public_html/date/functions/day-in-week date.msxsl.xsl
102.11.19 13:14 B C:\jakarta-tomcat-3.2.4\webapps\cocoon\exslt\date\functions\day-in-week\date.msxsl.xsl.html --> ftp.exslt.org /www.exslt.org/public_html/date/functions/day-in-week date.msxsl.xsl.html
102.11.19 13:14 B C:\jakarta-tomcat-3.2.4\webapps\cocoon\exslt\date\functions\day-in-week\index.html --> ftp.exslt.org /www.exslt.org/public_html/date/functions/day-in-week index.html
102.11.19 13:14 B C:\jakarta-tomcat-3.2.4\webapps\cocoon\exslt\date\functions\day-in-week\refresh.bat --> ftp.exslt.org /www.exslt.org/public_html/date/functions/day-in-week refresh.bat
102.11.19 13:14 B C:\jakarta-tomcat-3.2.4\webapps\cocoon\exslt\date\functions\day-in-week\update.bat --> ftp.exslt.org /www.exslt.org/public_html/date/functions/day-in-week update.bat
102.11.19 13:14 B C:\jakarta-tomcat-3.2.4\webapps\cocoon\exslt\date\functions\day-in-week\WS_FTP.LOG --> ftp.exslt.org /www.exslt.org/public_html/date/functions/day-in-week WS_FTP.LOG
102.11.19 13:21 B C:\jakarta-tomcat-3.2.4\webapps\cocoon\exslt\date\functions\day-in-week\base.css --> ftp.exslt.org /www.exslt.org/public_html/date/functions/day-in-week base.css
102.11.19 13:21 B C:\jakarta-tomcat-3.2.4\webapps\cocoon\exslt\date\functions\day-in-week\date.day-in-week.2.html --> ftp.exslt.org /www.exslt.org/public_html/date/functions/day-in-week date.day-in-week.2.html
102.11.19 13:21 B C:\jakarta-tomcat-3.2.4\webapps\cocoon\exslt\date\functions\day-in-week\date.day-in-week.function.xsl --> ftp.exslt.org /www.exslt.org/public_html/date/functions/day-in-week date.day-in-week.function.xsl
102.11.19 13:21 B C:\jakarta-tomcat-3.2.4\webapps\cocoon\exslt\date\functions\day-in-week\date.day-in-week.function.xsl.html --> ftp.exslt.org /www.exslt.org/public_html/date/functions/day-in-week date.day-in-week.function.xsl.html
102.11.19 13:21 B C:\jakarta-tomcat-3.2.4\webapps\cocoon\exslt\date\functions\day-in-week\date.day-in-week.html --> ftp.exslt.org /www.exslt.org/public_html/date/functions/day-in-week date.day-in-week.html
102.11.19 13:21 B C:\jakarta-tomcat-3.2.4\webapps\cocoon\exslt\date\functions\day-in-week\date.day-in-week.package.txt --> ftp.exslt.org /www.exslt.org/public_html/date/functions/day-in-week date.day-in-week.package.txt
102.11.19 13:21 B C:\jakarta-tomcat-3.2.4\webapps\cocoon\exslt\date\functions\day-in-week\date.day-in-week.template.xsl --> ftp.exslt.org /www.exslt.org/public_html/date/functions/day-in-week date.day-in-week.template.xsl
102.11.19 13:21 B C:\jakarta-tomcat-3.2.4\webapps\cocoon\exslt\date\functions\day-in-week\date.day-in-week.template.xsl.html --> ftp.exslt.org /www.exslt.org/public_html/date/functions/day-in-week date.day-in-week.template.xsl.html
102.11.19 13:21 B C:\jakarta-tomcat-3.2.4\webapps\cocoon\exslt\date\functions\day-in-week\date.day-in-week.use-cases.txt --> ftp.exslt.org /www.exslt.org/public_html/date/functions/day-in-week date.day-in-week.use-cases.txt
102.11.19 13:21 B C:\jakarta-tomcat-3.2.4\webapps\cocoon\exslt\date\functions\day-in-week\date.day-in-week.use-cases.zip --> ftp.exslt.org /www.exslt.org/public_html/date/functions/day-in-week date.day-in-week.use-cases.zip
102.11.19 13:21 B C:\jakarta-tomcat-3.2.4\webapps\cocoon\exslt\date\functions\day-in-week\date.day-in-week.xml --> ftp.exslt.org /www.exslt.org/public_html/date/functions/day-in-week date.day-in-week.xml
102.11.19 13:21 B C:\jakarta-tomcat-3.2.4\webapps\cocoon\exslt\date\functions\day-in-week\date.day-in-week.xsl --> ftp.exslt.org /www.exslt.org/public_html/date/functions/day-in-week date.day-in-week.xsl
102.11.19 13:21 B C:\jakarta-tomcat-3.2.4\webapps\cocoon\exslt\date\functions\day-in-week\date.day-in-week.zip --> ftp.exslt.org /www.exslt.org/public_html/date/functions/day-in-week date.day-in-week.zip
102.11.19 13:21 B C:\jakarta-tomcat-3.2.4\webapps\cocoon\exslt\date\functions\day-in-week\date.js --> ftp.exslt.org /www.exslt.org/public_html/date/functions/day-in-week date.js
102.11.19 13:21 B C:\jakarta-tomcat-3.2.4\webapps\cocoon\exslt\date\functions\day-in-week\date.js.html --> ftp.exslt.org /www.exslt.org/public_html/date/functions/day-in-week date.js.html
102.11.19 13:21 B C:\jakarta-tomcat-3.2.4\webapps\cocoon\exslt\date\functions\day-in-week\date.msxsl.xsl --> ftp.exslt.org /www.exslt.org/public_html/date/functions/day-in-week date.msxsl.xsl
102.11.19 13:21 B C:\jakarta-tomcat-3.2.4\webapps\cocoon\exslt\date\functions\day-in-week\date.msxsl.xsl.html --> ftp.exslt.org /www.exslt.org/public_html/date/functions/day-in-week date.msxsl.xsl.html
102.11.19 13:21 B C:\jakarta-tomcat-3.2.4\webapps\cocoon\exslt\date\functions\day-in-week\index.html --> ftp.exslt.org /www.exslt.org/public_html/date/functions/day-in-week index.html
102.11.19 13:21 B C:\jakarta-tomcat-3.2.4\webapps\cocoon\exslt\date\functions\day-in-week\refresh.bat --> ftp.exslt.org /www.exslt.org/public_html/date/functions/day-in-week refresh.bat
102.11.19 13:21 B C:\jakarta-tomcat-3.2.4\webapps\cocoon\exslt\date\functions\day-in-week\update.bat --> ftp.exslt.org /www.exslt.org/public_html/date/functions/day-in-week update.bat
102.12.02 12:21 B C:\jakarta-tomcat-3.2.4\webapps\cocoon\exslt\public_html\date\functions\day-in-week\WS_FTP.LOG <-- ftp.exslt.org /www.exslt.org/public_html/date/functions/day-in-week WS_FTP.LOG
102.12.03 11:09 B C:\jakarta-tomcat-3.2.4\webapps\cocoon\exslt\date\functions\day-in-week\base.css --> ftp.exslt.org /www.exslt.org/public_html/date/functions/day-in-week base.css
102.12.03 11:09 B C:\jakarta-tomcat-3.2.4\webapps\cocoon\exslt\date\functions\day-in-week\date.day-in-week.1.html --> ftp.exslt.org /www.exslt.org/public_html/date/functions/day-in-week date.day-in-week.1.html
102.12.03 11:09 B C:\jakarta-tomcat-3.2.4\webapps\cocoon\exslt\date\functions\day-in-week\date.day-in-week.1.xml --> ftp.exslt.org /www.exslt.org/public_html/date/functions/day-in-week date.day-in-week.1.xml
102.12.03 11:09 B C:\jakarta-tomcat-3.2.4\webapps\cocoon\exslt\date\functions\day-in-week\date.day-in-week.2.html --> ftp.exslt.org /www.exslt.org/public_html/date/functions/day-in-week date.day-in-week.2.html
102.12.03 11:09 B C:\jakarta-tomcat-3.2.4\webapps\cocoon\exslt\date\functions\day-in-week\date.day-in-week.function.xsl --> ftp.exslt.org /www.exslt.org/public_html/date/functions/day-in-week date.day-in-week.function.xsl
102.12.03 11:09 B C:\jakarta-tomcat-3.2.4\webapps\cocoon\exslt\date\functions\day-in-week\date.day-in-week.function.xsl.html --> ftp.exslt.org /www.exslt.org/public_html/date/functions/day-in-week date.day-in-week.function.xsl.html
102.12.03 11:09 B C:\jakarta-tomcat-3.2.4\webapps\cocoon\exslt\date\functions\day-in-week\date.day-in-week.html --> ftp.exslt.org /www.exslt.org/public_html/date/functions/day-in-week date.day-in-week.html
102.12.03 11:09 B C:\jakarta-tomcat-3.2.4\webapps\cocoon\exslt\date\functions\day-in-week\date.day-in-week.package.txt --> ftp.exslt.org /www.exslt.org/public_html/date/functions/day-in-week date.day-in-week.package.txt
102.12.03 11:09 B C:\jakarta-tomcat-3.2.4\webapps\cocoon\exslt\date\functions\day-in-week\date.day-in-week.template.xsl --> ftp.exslt.org /www.exslt.org/public_html/date/functions/day-in-week date.day-in-week.template.xsl
102.12.03 11:09 B C:\jakarta-tomcat-3.2.4\webapps\cocoon\exslt\date\functions\day-in-week\date.day-in-week.template.xsl.html --> ftp.exslt.org /www.exslt.org/public_html/date/functions/day-in-week date.day-in-week.template.xsl.html
102.12.03 11:09 B C:\jakarta-tomcat-3.2.4\webapps\cocoon\exslt\date\functions\day-in-week\date.day-in-week.use-cases.txt --> ftp.exslt.org /www.exslt.org/public_html/date/functions/day-in-week date.day-in-week.use-cases.txt
102.12.03 11:09 B C:\jakarta-tomcat-3.2.4\webapps\cocoon\exslt\date\functions\day-in-week\date.day-in-week.use-cases.zip --> ftp.exslt.org /www.exslt.org/public_html/date/functions/day-in-week date.day-in-week.use-cases.zip
102.12.03 11:09 B C:\jakarta-tomcat-3.2.4\webapps\cocoon\exslt\date\functions\day-in-week\date.day-in-week.xml --> ftp.exslt.org /www.exslt.org/public_html/date/functions/day-in-week date.day-in-week.xml
102.12.03 11:09 B C:\jakarta-tomcat-3.2.4\webapps\cocoon\exslt\date\functions\day-in-week\date.day-in-week.xsl --> ftp.exslt.org /www.exslt.org/public_html/date/functions/day-in-week date.day-in-week.xsl
102.12.03 11:09 B C:\jakarta-tomcat-3.2.4\webapps\cocoon\exslt\date\functions\day-in-week\date.day-in-week.zip --> ftp.exslt.org /www.exslt.org/public_html/date/functions/day-in-week date.day-in-week.zip
102.12.03 11:09 B C:\jakarta-tomcat-3.2.4\webapps\cocoon\exslt\date\functions\day-in-week\date.js --> ftp.exslt.org /www.exslt.org/public_html/date/functions/day-in-week date.js
102.12.03 11:09 B C:\jakarta-tomcat-3.2.4\webapps\cocoon\exslt\date\functions\day-in-week\date.js.html --> ftp.exslt.org /www.exslt.org/public_html/date/functions/day-in-week date.js.html
102.12.03 11:09 B C:\jakarta-tomcat-3.2.4\webapps\cocoon\exslt\date\functions\day-in-week\date.msxsl.xsl --> ftp.exslt.org /www.exslt.org/public_html/date/functions/day-in-week date.msxsl.xsl
102.12.03 11:09 B C:\jakarta-tomcat-3.2.4\webapps\cocoon\exslt\date\functions\day-in-week\date.msxsl.xsl.html --> ftp.exslt.org /www.exslt.org/public_html/date/functions/day-in-week date.msxsl.xsl.html
102.12.03 11:09 B C:\jakarta-tomcat-3.2.4\webapps\cocoon\exslt\date\functions\day-in-week\index.html --> ftp.exslt.org /www.exslt.org/public_html/date/functions/day-in-week index.html
102.12.03 11:09 B C:\jakarta-tomcat-3.2.4\webapps\cocoon\exslt\date\functions\day-in-week\out.html --> ftp.exslt.org /www.exslt.org/public_html/date/functions/day-in-week out.html
102.12.03 11:09 B C:\jakarta-tomcat-3.2.4\webapps\cocoon\exslt\date\functions\day-in-week\refresh.bat --> ftp.exslt.org /www.exslt.org/public_html/date/functions/day-in-week refresh.bat
102.12.03 11:09 B C:\jakarta-tomcat-3.2.4\webapps\cocoon\exslt\date\functions\day-in-week\update.bat --> ftp.exslt.org /www.exslt.org/public_html/date/functions/day-in-week update.bat
102.12.03 11:09 B C:\jakarta-tomcat-3.2.4\webapps\cocoon\exslt\date\functions\day-in-week\WS_FTP.LOG --> ftp.exslt.org /www.exslt.org/public_html/date/functions/day-in-week WS_FTP.LOG
102.12.11 11:01 B C:\jakarta-tomcat-3.2.4\webapps\cocoon\exslt\date\functions\day-in-week\base.css --> ftp.exslt.org /www.exslt.org/public_html/date/functions/day-in-week base.css
102.12.11 11:01 B C:\jakarta-tomcat-3.2.4\webapps\cocoon\exslt\date\functions\day-in-week\date.day-in-week.1.html --> ftp.exslt.org /www.exslt.org/public_html/date/functions/day-in-week date.day-in-week.1.html
102.12.11 11:01 B C:\jakarta-tomcat-3.2.4\webapps\cocoon\exslt\date\functions\day-in-week\date.day-in-week.1.xml --> ftp.exslt.org /www.exslt.org/public_html/date/functions/day-in-week date.day-in-week.1.xml
102.12.11 11:01 B C:\jakarta-tomcat-3.2.4\webapps\cocoon\exslt\date\functions\day-in-week\date.day-in-week.2.html --> ftp.exslt.org /www.exslt.org/public_html/date/functions/day-in-week date.day-in-week.2.html
102.12.11 11:01 B C:\jakarta-tomcat-3.2.4\webapps\cocoon\exslt\date\functions\day-in-week\date.day-in-week.function.xsl --> ftp.exslt.org /www.exslt.org/public_html/date/functions/day-in-week date.day-in-week.function.xsl
102.12.11 11:01 B C:\jakarta-tomcat-3.2.4\webapps\cocoon\exslt\date\functions\day-in-week\date.day-in-week.function.xsl.html --> ftp.exslt.org /www.exslt.org/public_html/date/functions/day-in-week date.day-in-week.function.xsl.html
102.12.11 11:01 B C:\jakarta-tomcat-3.2.4\webapps\cocoon\exslt\date\functions\day-in-week\date.day-in-week.html --> ftp.exslt.org /www.exslt.org/public_html/date/functions/day-in-week date.day-in-week.html
102.12.11 11:01 B C:\jakarta-tomcat-3.2.4\webapps\cocoon\exslt\date\functions\day-in-week\date.day-in-week.package.txt --> ftp.exslt.org /www.exslt.org/public_html/date/functions/day-in-week date.day-in-week.package.txt
102.12.11 11:01 B C:\jakarta-tomcat-3.2.4\webapps\cocoon\exslt\date\functions\day-in-week\date.day-in-week.template.xsl --> ftp.exslt.org /www.exslt.org/public_html/date/functions/day-in-week date.day-in-week.template.xsl
102.12.11 11:01 B C:\jakarta-tomcat-3.2.4\webapps\cocoon\exslt\date\functions\day-in-week\date.day-in-week.template.xsl.html --> ftp.exslt.org /www.exslt.org/public_html/date/functions/day-in-week date.day-in-week.template.xsl.html
102.12.11 11:01 B C:\jakarta-tomcat-3.2.4\webapps\cocoon\exslt\date\functions\day-in-week\date.day-in-week.use-cases.txt --> ftp.exslt.org /www.exslt.org/public_html/date/functions/day-in-week date.day-in-week.use-cases.txt
102.12.11 11:01 B C:\jakarta-tomcat-3.2.4\webapps\cocoon\exslt\date\functions\day-in-week\date.day-in-week.use-cases.zip --> ftp.exslt.org /www.exslt.org/public_html/date/functions/day-in-week date.day-in-week.use-cases.zip
102.12.11 11:01 B C:\jakarta-tomcat-3.2.4\webapps\cocoon\exslt\date\functions\day-in-week\date.day-in-week.xml --> ftp.exslt.org /www.exslt.org/public_html/date/functions/day-in-week date.day-in-week.xml
102.12.11 11:01 B C:\jakarta-tomcat-3.2.4\webapps\cocoon\exslt\date\functions\day-in-week\date.day-in-week.xsl --> ftp.exslt.org /www.exslt.org/public_html/date/functions/day-in-week date.day-in-week.xsl
102.12.11 11:01 B C:\jakarta-tomcat-3.2.4\webapps\cocoon\exslt\date\functions\day-in-week\date.day-in-week.zip --> ftp.exslt.org /www.exslt.org/public_html/date/functions/day-in-week date.day-in-week.zip
102.12.11 11:01 B C:\jakarta-tomcat-3.2.4\webapps\cocoon\exslt\date\functions\day-in-week\date.js --> ftp.exslt.org /www.exslt.org/public_html/date/functions/day-in-week date.js
102.12.11 11:01 B C:\jakarta-tomcat-3.2.4\webapps\cocoon\exslt\date\functions\day-in-week\date.js.html --> ftp.exslt.org /www.exslt.org/public_html/date/functions/day-in-week date.js.html
102.12.11 11:01 B C:\jakarta-tomcat-3.2.4\webapps\cocoon\exslt\date\functions\day-in-week\date.msxsl.xsl --> ftp.exslt.org /www.exslt.org/public_html/date/functions/day-in-week date.msxsl.xsl
102.12.11 11:01 B C:\jakarta-tomcat-3.2.4\webapps\cocoon\exslt\date\functions\day-in-week\date.msxsl.xsl.html --> ftp.exslt.org /www.exslt.org/public_html/date/functions/day-in-week date.msxsl.xsl.html
102.12.11 11:01 B C:\jakarta-tomcat-3.2.4\webapps\cocoon\exslt\date\functions\day-in-week\index.html --> ftp.exslt.org /www.exslt.org/public_html/date/functions/day-in-week index.html
102.12.11 11:01 B C:\jakarta-tomcat-3.2.4\webapps\cocoon\exslt\date\functions\day-in-week\out.html --> ftp.exslt.org /www.exslt.org/public_html/date/functions/day-in-week out.html
102.12.11 11:01 B C:\jakarta-tomcat-3.2.4\webapps\cocoon\exslt\date\functions\day-in-week\refresh.bat --> ftp.exslt.org /www.exslt.org/public_html/date/functions/day-in-week refresh.bat
102.12.11 11:01 B C:\jakarta-tomcat-3.2.4\webapps\cocoon\exslt\date\functions\day-in-week\update.bat --> ftp.exslt.org /www.exslt.org/public_html/date/functions/day-in-week update.bat
102.12.11 11:01 B C:\jakarta-tomcat-3.2.4\webapps\cocoon\exslt\date\functions\day-in-week\WS_FTP.LOG --> ftp.exslt.org /www.exslt.org/public_html/date/functions/day-in-week WS_FTP.LOG
102.12.11 11:03 B C:\jakarta-tomcat-3.2.4\webapps\cocoon\exslt\date\functions\day-in-week\base.css --> ftp.exslt.org /www.exslt.org/public_html/date/functions/day-in-week base.css
102.12.11 11:03 B C:\jakarta-tomcat-3.2.4\webapps\cocoon\exslt\date\functions\day-in-week\date.day-in-week.1.html --> ftp.exslt.org /www.exslt.org/public_html/date/functions/day-in-week date.day-in-week.1.html
102.12.11 11:03 B C:\jakarta-tomcat-3.2.4\webapps\cocoon\exslt\date\functions\day-in-week\date.day-in-week.1.xml --> ftp.exslt.org /www.exslt.org/public_html/date/functions/day-in-week date.day-in-week.1.xml
102.12.11 11:03 B C:\jakarta-tomcat-3.2.4\webapps\cocoon\exslt\date\functions\day-in-week\date.day-in-week.2.html --> ftp.exslt.org /www.exslt.org/public_html/date/functions/day-in-week date.day-in-week.2.html
102.12.11 11:03 B C:\jakarta-tomcat-3.2.4\webapps\cocoon\exslt\date\functions\day-in-week\date.day-in-week.function.xsl --> ftp.exslt.org /www.exslt.org/public_html/date/functions/day-in-week date.day-in-week.function.xsl
102.12.11 11:03 B C:\jakarta-tomcat-3.2.4\webapps\cocoon\exslt\date\functions\day-in-week\date.day-in-week.function.xsl.html --> ftp.exslt.org /www.exslt.org/public_html/date/functions/day-in-week date.day-in-week.function.xsl.html
102.12.11 11:03 B C:\jakarta-tomcat-3.2.4\webapps\cocoon\exslt\date\functions\day-in-week\date.day-in-week.html --> ftp.exslt.org /www.exslt.org/public_html/date/functions/day-in-week date.day-in-week.html
102.12.11 11:03 B C:\jakarta-tomcat-3.2.4\webapps\cocoon\exslt\date\functions\day-in-week\date.day-in-week.package.txt --> ftp.exslt.org /www.exslt.org/public_html/date/functions/day-in-week date.day-in-week.package.txt
102.12.11 11:03 B C:\jakarta-tomcat-3.2.4\webapps\cocoon\exslt\date\functions\day-in-week\date.day-in-week.template.xsl --> ftp.exslt.org /www.exslt.org/public_html/date/functions/day-in-week date.day-in-week.template.xsl
102.12.11 11:03 B C:\jakarta-tomcat-3.2.4\webapps\cocoon\exslt\date\functions\day-in-week\date.day-in-week.template.xsl.html --> ftp.exslt.org /www.exslt.org/public_html/date/functions/day-in-week date.day-in-week.template.xsl.html
102.12.11 11:03 B C:\jakarta-tomcat-3.2.4\webapps\cocoon\exslt\date\functions\day-in-week\date.day-in-week.use-cases.txt --> ftp.exslt.org /www.exslt.org/public_html/date/functions/day-in-week date.day-in-week.use-cases.txt
102.12.11 11:03 B C:\jakarta-tomcat-3.2.4\webapps\cocoon\exslt\date\functions\day-in-week\date.day-in-week.use-cases.zip --> ftp.exslt.org /www.exslt.org/public_html/date/functions/day-in-week date.day-in-week.use-cases.zip
102.12.11 11:03 B C:\jakarta-tomcat-3.2.4\webapps\cocoon\exslt\date\functions\day-in-week\date.day-in-week.xml --> ftp.exslt.org /www.exslt.org/public_html/date/functions/day-in-week date.day-in-week.xml
102.12.11 11:03 B C:\jakarta-tomcat-3.2.4\webapps\cocoon\exslt\date\functions\day-in-week\date.day-in-week.xsl --> ftp.exslt.org /www.exslt.org/public_html/date/functions/day-in-week date.day-in-week.xsl
102.12.11 11:03 B C:\jakarta-tomcat-3.2.4\webapps\cocoon\exslt\date\functions\day-in-week\date.day-in-week.zip --> ftp.exslt.org /www.exslt.org/public_html/date/functions/day-in-week date.day-in-week.zip
102.12.11 11:03 B C:\jakarta-tomcat-3.2.4\webapps\cocoon\exslt\date\functions\day-in-week\date.js --> ftp.exslt.org /www.exslt.org/public_html/date/functions/day-in-week date.js
102.12.11 11:03 B C:\jakarta-tomcat-3.2.4\webapps\cocoon\exslt\date\functions\day-in-week\date.js.html --> ftp.exslt.org /www.exslt.org/public_html/date/functions/day-in-week date.js.html
102.12.11 11:03 B C:\jakarta-tomcat-3.2.4\webapps\cocoon\exslt\date\functions\day-in-week\date.msxsl.xsl --> ftp.exslt.org /www.exslt.org/public_html/date/functions/day-in-week date.msxsl.xsl
102.12.11 11:03 B C:\jakarta-tomcat-3.2.4\webapps\cocoon\exslt\date\functions\day-in-week\date.msxsl.xsl.html --> ftp.exslt.org /www.exslt.org/public_html/date/functions/day-in-week date.msxsl.xsl.html
102.12.11 11:03 B C:\jakarta-tomcat-3.2.4\webapps\cocoon\exslt\date\functions\day-in-week\index.html --> ftp.exslt.org /www.exslt.org/public_html/date/functions/day-in-week index.html
102.12.11 11:03 B C:\jakarta-tomcat-3.2.4\webapps\cocoon\exslt\date\functions\day-in-week\out.html --> ftp.exslt.org /www.exslt.org/public_html/date/functions/day-in-week out.html
102.12.11 11:03 B C:\jakarta-tomcat-3.2.4\webapps\cocoon\exslt\date\functions\day-in-week\refresh.bat --> ftp.exslt.org /www.exslt.org/public_html/date/functions/day-in-week refresh.bat
102.12.11 11:03 B C:\jakarta-tomcat-3.2.4\webapps\cocoon\exslt\date\functions\day-in-week\update.bat --> ftp.exslt.org /www.exslt.org/public_html/date/functions/day-in-week update.bat
103.09.29 14:58 B C:\jakarta-tomcat-3.2.4\webapps\cocoon\exslt\date\functions\day-in-week\WS_FTP.LOG <-- ftp.exslt.org /www.exslt.org/public_html/date/functions/day-in-week WS_FTP.LOG
103.10.21 13:04 B C:\jakarta-tomcat-3.2.4\webapps\cocoon\exslt\date\functions\day-in-week\base.css --> marian.cs.nott.ac.uk /stud/pg/cds/exslt/date/functions/day-in-week base.css
103.10.21 13:04 B C:\jakarta-tomcat-3.2.4\webapps\cocoon\exslt\date\functions\day-in-week\date.day-in-week.1.html --> marian.cs.nott.ac.uk /stud/pg/cds/exslt/date/functions/day-in-week date.day-in-week.1.html
103.10.21 13:04 B C:\jakarta-tomcat-3.2.4\webapps\cocoon\exslt\date\functions\day-in-week\date.day-in-week.1.xml --> marian.cs.nott.ac.uk /stud/pg/cds/exslt/date/functions/day-in-week date.day-in-week.1.xml
103.10.21 13:04 B C:\jakarta-tomcat-3.2.4\webapps\cocoon\exslt\date\functions\day-in-week\date.day-in-week.2.html --> marian.cs.nott.ac.uk /stud/pg/cds/exslt/date/functions/day-in-week date.day-in-week.2.html
103.10.21 13:04 B C:\jakarta-tomcat-3.2.4\webapps\cocoon\exslt\date\functions\day-in-week\date.day-in-week.function.xsl --> marian.cs.nott.ac.uk /stud/pg/cds/exslt/date/functions/day-in-week date.day-in-week.function.xsl
103.10.21 13:04 B C:\jakarta-tomcat-3.2.4\webapps\cocoon\exslt\date\functions\day-in-week\date.day-in-week.function.xsl.html --> marian.cs.nott.ac.uk /stud/pg/cds/exslt/date/functions/day-in-week date.day-in-week.function.xsl.html
103.10.21 13:04 B C:\jakarta-tomcat-3.2.4\webapps\cocoon\exslt\date\functions\day-in-week\date.day-in-week.html --> marian.cs.nott.ac.uk /stud/pg/cds/exslt/date/functions/day-in-week date.day-in-week.html
103.10.21 13:04 B C:\jakarta-tomcat-3.2.4\webapps\cocoon\exslt\date\functions\day-in-week\date.day-in-week.package.txt --> marian.cs.nott.ac.uk /stud/pg/cds/exslt/date/functions/day-in-week date.day-in-week.package.txt
103.10.21 13:04 B C:\jakarta-tomcat-3.2.4\webapps\cocoon\exslt\date\functions\day-in-week\date.day-in-week.template.xsl --> marian.cs.nott.ac.uk /stud/pg/cds/exslt/date/functions/day-in-week date.day-in-week.template.xsl
103.10.21 13:04 B C:\jakarta-tomcat-3.2.4\webapps\cocoon\exslt\date\functions\day-in-week\date.day-in-week.template.xsl.html --> marian.cs.nott.ac.uk /stud/pg/cds/exslt/date/functions/day-in-week date.day-in-week.template.xsl.html
103.10.21 13:04 B C:\jakarta-tomcat-3.2.4\webapps\cocoon\exslt\date\functions\day-in-week\date.day-in-week.use-cases.txt --> marian.cs.nott.ac.uk /stud/pg/cds/exslt/date/functions/day-in-week date.day-in-week.use-cases.txt
103.10.21 13:04 B C:\jakarta-tomcat-3.2.4\webapps\cocoon\exslt\date\functions\day-in-week\date.day-in-week.use-cases.zip --> marian.cs.nott.ac.uk /stud/pg/cds/exslt/date/functions/day-in-week date.day-in-week.use-cases.zip
103.10.21 13:04 B C:\jakarta-tomcat-3.2.4\webapps\cocoon\exslt\date\functions\day-in-week\date.day-in-week.xml --> marian.cs.nott.ac.uk /stud/pg/cds/exslt/date/functions/day-in-week date.day-in-week.xml
103.10.21 13:04 B C:\jakarta-tomcat-3.2.4\webapps\cocoon\exslt\date\functions\day-in-week\date.day-in-week.xsl --> marian.cs.nott.ac.uk /stud/pg/cds/exslt/date/functions/day-in-week date.day-in-week.xsl
103.10.21 13:04 B C:\jakarta-tomcat-3.2.4\webapps\cocoon\exslt\date\functions\day-in-week\date.day-in-week.zip --> marian.cs.nott.ac.uk /stud/pg/cds/exslt/date/functions/day-in-week date.day-in-week.zip
103.10.21 13:04 B C:\jakarta-tomcat-3.2.4\webapps\cocoon\exslt\date\functions\day-in-week\date.js --> marian.cs.nott.ac.uk /stud/pg/cds/exslt/date/functions/day-in-week date.js
103.10.21 13:04 B C:\jakarta-tomcat-3.2.4\webapps\cocoon\exslt\date\functions\day-in-week\date.js.html --> marian.cs.nott.ac.uk /stud/pg/cds/exslt/date/functions/day-in-week date.js.html
103.10.21 13:04 B C:\jakarta-tomcat-3.2.4\webapps\cocoon\exslt\date\functions\day-in-week\date.msxsl.xsl --> marian.cs.nott.ac.uk /stud/pg/cds/exslt/date/functions/day-in-week date.msxsl.xsl
103.10.21 13:04 B C:\jakarta-tomcat-3.2.4\webapps\cocoon\exslt\date\functions\day-in-week\date.msxsl.xsl.html --> marian.cs.nott.ac.uk /stud/pg/cds/exslt/date/functions/day-in-week date.msxsl.xsl.html
103.10.21 13:04 B C:\jakarta-tomcat-3.2.4\webapps\cocoon\exslt\date\functions\day-in-week\index.html --> marian.cs.nott.ac.uk /stud/pg/cds/exslt/date/functions/day-in-week index.html
103.10.21 13:04 B C:\jakarta-tomcat-3.2.4\webapps\cocoon\exslt\date\functions\day-in-week\out.html --> marian.cs.nott.ac.uk /stud/pg/cds/exslt/date/functions/day-in-week out.html
103.10.21 13:04 B C:\jakarta-tomcat-3.2.4\webapps\cocoon\exslt\date\functions\day-in-week\refresh.bat --> marian.cs.nott.ac.uk /stud/pg/cds/exslt/date/functions/day-in-week refresh.bat
103.10.21 13:04 B C:\jakarta-tomcat-3.2.4\webapps\cocoon\exslt\date\functions\day-in-week\update.bat --> marian.cs.nott.ac.uk /stud/pg/cds/exslt/date/functions/day-in-week update.bat
103.10.21 13:04 B C:\jakarta-tomcat-3.2.4\webapps\cocoon\exslt\date\functions\day-in-week\WS_FTP.LOG --> marian.cs.nott.ac.uk /stud/pg/cds/exslt/date/functions/day-in-week WS_FTP.LOG
103.10.21 15:48 B C:\jakarta-tomcat-3.2.4\webapps\cocoon\exslt\date\functions\day-in-week\base.css --> ftp.exslt.org /www.exslt.org/public_html/date/functions/day-in-week base.css
103.10.21 15:48 B C:\jakarta-tomcat-3.2.4\webapps\cocoon\exslt\date\functions\day-in-week\date.day-in-week.1.html --> ftp.exslt.org /www.exslt.org/public_html/date/functions/day-in-week date.day-in-week.1.html
103.10.21 15:48 B C:\jakarta-tomcat-3.2.4\webapps\cocoon\exslt\date\functions\day-in-week\date.day-in-week.1.xml --> ftp.exslt.org /www.exslt.org/public_html/date/functions/day-in-week date.day-in-week.1.xml
103.10.21 15:48 B C:\jakarta-tomcat-3.2.4\webapps\cocoon\exslt\date\functions\day-in-week\date.day-in-week.2.html --> ftp.exslt.org /www.exslt.org/public_html/date/functions/day-in-week date.day-in-week.2.html
103.10.21 15:48 B C:\jakarta-tomcat-3.2.4\webapps\cocoon\exslt\date\functions\day-in-week\date.day-in-week.function.xsl --> ftp.exslt.org /www.exslt.org/public_html/date/functions/day-in-week date.day-in-week.function.xsl
103.10.21 15:48 B C:\jakarta-tomcat-3.2.4\webapps\cocoon\exslt\date\functions\day-in-week\date.day-in-week.function.xsl.html --> ftp.exslt.org /www.exslt.org/public_html/date/functions/day-in-week date.day-in-week.function.xsl.html
103.10.21 15:48 B C:\jakarta-tomcat-3.2.4\webapps\cocoon\exslt\date\functions\day-in-week\date.day-in-week.html --> ftp.exslt.org /www.exslt.org/public_html/date/functions/day-in-week date.day-in-week.html
103.10.21 15:48 B C:\jakarta-tomcat-3.2.4\webapps\cocoon\exslt\date\functions\day-in-week\date.day-in-week.package.txt --> ftp.exslt.org /www.exslt.org/public_html/date/functions/day-in-week date.day-in-week.package.txt
103.10.21 15:48 B C:\jakarta-tomcat-3.2.4\webapps\cocoon\exslt\date\functions\day-in-week\date.day-in-week.template.xsl --> ftp.exslt.org /www.exslt.org/public_html/date/functions/day-in-week date.day-in-week.template.xsl
103.10.21 15:48 B C:\jakarta-tomcat-3.2.4\webapps\cocoon\exslt\date\functions\day-in-week\date.day-in-week.template.xsl.html --> ftp.exslt.org /www.exslt.org/public_html/date/functions/day-in-week date.day-in-week.template.xsl.html
103.10.21 15:48 B C:\jakarta-tomcat-3.2.4\webapps\cocoon\exslt\date\functions\day-in-week\date.day-in-week.use-cases.txt --> ftp.exslt.org /www.exslt.org/public_html/date/functions/day-in-week date.day-in-week.use-cases.txt
103.10.21 15:48 B C:\jakarta-tomcat-3.2.4\webapps\cocoon\exslt\date\functions\day-in-week\date.day-in-week.use-cases.zip --> ftp.exslt.org /www.exslt.org/public_html/date/functions/day-in-week date.day-in-week.use-cases.zip
103.10.21 15:48 B C:\jakarta-tomcat-3.2.4\webapps\cocoon\exslt\date\functions\day-in-week\date.day-in-week.xml --> ftp.exslt.org /www.exslt.org/public_html/date/functions/day-in-week date.day-in-week.xml
103.10.21 15:48 B C:\jakarta-tomcat-3.2.4\webapps\cocoon\exslt\date\functions\day-in-week\date.day-in-week.xsl --> ftp.exslt.org /www.exslt.org/public_html/date/functions/day-in-week date.day-in-week.xsl
103.10.21 15:48 B C:\jakarta-tomcat-3.2.4\webapps\cocoon\exslt\date\functions\day-in-week\date.day-in-week.zip --> ftp.exslt.org /www.exslt.org/public_html/date/functions/day-in-week date.day-in-week.zip
103.10.21 15:49 B C:\jakarta-tomcat-3.2.4\webapps\cocoon\exslt\date\functions\day-in-week\date.js --> ftp.exslt.org /www.exslt.org/public_html/date/functions/day-in-week date.js
103.10.21 15:49 B C:\jakarta-tomcat-3.2.4\webapps\cocoon\exslt\date\functions\day-in-week\date.js.html --> ftp.exslt.org /www.exslt.org/public_html/date/functions/day-in-week date.js.html
103.10.21 15:49 B C:\jakarta-tomcat-3.2.4\webapps\cocoon\exslt\date\functions\day-in-week\date.msxsl.xsl --> ftp.exslt.org /www.exslt.org/public_html/date/functions/day-in-week date.msxsl.xsl
103.10.21 15:49 B C:\jakarta-tomcat-3.2.4\webapps\cocoon\exslt\date\functions\day-in-week\date.msxsl.xsl.html --> ftp.exslt.org /www.exslt.org/public_html/date/functions/day-in-week date.msxsl.xsl.html
103.10.21 15:49 B C:\jakarta-tomcat-3.2.4\webapps\cocoon\exslt\date\functions\day-in-week\index.html --> ftp.exslt.org /www.exslt.org/public_html/date/functions/day-in-week index.html
103.10.21 15:49 B C:\jakarta-tomcat-3.2.4\webapps\cocoon\exslt\date\functions\day-in-week\out.html --> ftp.exslt.org /www.exslt.org/public_html/date/functions/day-in-week out.html
103.10.21 15:49 B C:\jakarta-tomcat-3.2.4\webapps\cocoon\exslt\date\functions\day-in-week\refresh.bat --> ftp.exslt.org /www.exslt.org/public_html/date/functions/day-in-week refresh.bat
103.10.21 15:49 B C:\jakarta-tomcat-3.2.4\webapps\cocoon\exslt\date\functions\day-in-week\update.bat --> ftp.exslt.org /www.exslt.org/public_html/date/functions/day-in-week update.bat
