102.08.21 17:32 B C:\jakarta-tomcat-3.2.4\webapps\cocoon\exslt\genericSearchSort\functions\sort\genericSearchSort.sort.1.xsl --> ftp.exslt.org /www.exslt.org/public_html/genericSearchSort/functions/sort genericSearchSort.sort.1.xsl
102.08.21 17:32 B C:\jakarta-tomcat-3.2.4\webapps\cocoon\exslt\genericSearchSort\functions\sort\genericSearchSort.sort.data.1.xml --> ftp.exslt.org /www.exslt.org/public_html/genericSearchSort/functions/sort genericSearchSort.sort.data.1.xml
102.08.21 17:32 B C:\jakarta-tomcat-3.2.4\webapps\cocoon\exslt\genericSearchSort\functions\sort\genericSearchSort.sort.result.1.xml --> ftp.exslt.org /www.exslt.org/public_html/genericSearchSort/functions/sort genericSearchSort.sort.result.1.xml
102.08.21 17:32 B C:\jakarta-tomcat-3.2.4\webapps\cocoon\exslt\genericSearchSort\functions\sort\genericSearchSort.sort.template.xsl --> ftp.exslt.org /www.exslt.org/public_html/genericSearchSort/functions/sort genericSearchSort.sort.template.xsl
102.08.21 17:32 B C:\jakarta-tomcat-3.2.4\webapps\cocoon\exslt\genericSearchSort\functions\sort\genericSearchSort.sort.xml --> ftp.exslt.org /www.exslt.org/public_html/genericSearchSort/functions/sort genericSearchSort.sort.xml
102.11.19 13:16 B C:\jakarta-tomcat-3.2.4\webapps\cocoon\exslt\genericSearchSort\functions\sort\genericSearchSort.sort.1.xsl --> ftp.exslt.org /www.exslt.org/public_html/genericSearchSort/functions/sort genericSearchSort.sort.1.xsl
102.11.19 13:16 B C:\jakarta-tomcat-3.2.4\webapps\cocoon\exslt\genericSearchSort\functions\sort\genericSearchSort.sort.data.1.xml --> ftp.exslt.org /www.exslt.org/public_html/genericSearchSort/functions/sort genericSearchSort.sort.data.1.xml
102.11.19 13:16 B C:\jakarta-tomcat-3.2.4\webapps\cocoon\exslt\genericSearchSort\functions\sort\genericSearchSort.sort.result.1.xml --> ftp.exslt.org /www.exslt.org/public_html/genericSearchSort/functions/sort genericSearchSort.sort.result.1.xml
102.11.19 13:16 B C:\jakarta-tomcat-3.2.4\webapps\cocoon\exslt\genericSearchSort\functions\sort\genericSearchSort.sort.template.xsl --> ftp.exslt.org /www.exslt.org/public_html/genericSearchSort/functions/sort genericSearchSort.sort.template.xsl
102.11.19 13:16 B C:\jakarta-tomcat-3.2.4\webapps\cocoon\exslt\genericSearchSort\functions\sort\genericSearchSort.sort.xml --> ftp.exslt.org /www.exslt.org/public_html/genericSearchSort/functions/sort genericSearchSort.sort.xml
102.11.19 13:16 B C:\jakarta-tomcat-3.2.4\webapps\cocoon\exslt\genericSearchSort\functions\sort\WS_FTP.LOG --> ftp.exslt.org /www.exslt.org/public_html/genericSearchSort/functions/sort WS_FTP.LOG
102.11.19 13:22 B C:\jakarta-tomcat-3.2.4\webapps\cocoon\exslt\genericSearchSort\functions\sort\genericSearchSort.sort.1.xsl --> ftp.exslt.org /www.exslt.org/public_html/genericSearchSort/functions/sort genericSearchSort.sort.1.xsl
102.11.19 13:22 B C:\jakarta-tomcat-3.2.4\webapps\cocoon\exslt\genericSearchSort\functions\sort\genericSearchSort.sort.data.1.xml --> ftp.exslt.org /www.exslt.org/public_html/genericSearchSort/functions/sort genericSearchSort.sort.data.1.xml
102.11.19 13:22 B C:\jakarta-tomcat-3.2.4\webapps\cocoon\exslt\genericSearchSort\functions\sort\genericSearchSort.sort.result.1.xml --> ftp.exslt.org /www.exslt.org/public_html/genericSearchSort/functions/sort genericSearchSort.sort.result.1.xml
102.11.19 13:22 B C:\jakarta-tomcat-3.2.4\webapps\cocoon\exslt\genericSearchSort\functions\sort\genericSearchSort.sort.template.xsl --> ftp.exslt.org /www.exslt.org/public_html/genericSearchSort/functions/sort genericSearchSort.sort.template.xsl
102.11.19 13:22 B C:\jakarta-tomcat-3.2.4\webapps\cocoon\exslt\genericSearchSort\functions\sort\genericSearchSort.sort.xml --> ftp.exslt.org /www.exslt.org/public_html/genericSearchSort/functions/sort genericSearchSort.sort.xml
102.12.02 12:23 B C:\jakarta-tomcat-3.2.4\webapps\cocoon\exslt\public_html\genericSearchSort\functions\sort\WS_FTP.LOG <-- ftp.exslt.org /www.exslt.org/public_html/genericSearchSort/functions/sort WS_FTP.LOG
102.12.03 11:11 B C:\jakarta-tomcat-3.2.4\webapps\cocoon\exslt\genericSearchSort\functions\sort\genericSearchSort.sort.1.xsl --> ftp.exslt.org /www.exslt.org/public_html/genericSearchSort/functions/sort genericSearchSort.sort.1.xsl
102.12.03 11:11 B C:\jakarta-tomcat-3.2.4\webapps\cocoon\exslt\genericSearchSort\functions\sort\genericSearchSort.sort.data.1.xml --> ftp.exslt.org /www.exslt.org/public_html/genericSearchSort/functions/sort genericSearchSort.sort.data.1.xml
102.12.03 11:11 B C:\jakarta-tomcat-3.2.4\webapps\cocoon\exslt\genericSearchSort\functions\sort\genericSearchSort.sort.result.1.xml --> ftp.exslt.org /www.exslt.org/public_html/genericSearchSort/functions/sort genericSearchSort.sort.result.1.xml
102.12.03 11:11 B C:\jakarta-tomcat-3.2.4\webapps\cocoon\exslt\genericSearchSort\functions\sort\genericSearchSort.sort.template.xsl --> ftp.exslt.org /www.exslt.org/public_html/genericSearchSort/functions/sort genericSearchSort.sort.template.xsl
102.12.03 11:11 B C:\jakarta-tomcat-3.2.4\webapps\cocoon\exslt\genericSearchSort\functions\sort\genericSearchSort.sort.xml --> ftp.exslt.org /www.exslt.org/public_html/genericSearchSort/functions/sort genericSearchSort.sort.xml
102.12.03 11:11 B C:\jakarta-tomcat-3.2.4\webapps\cocoon\exslt\genericSearchSort\functions\sort\WS_FTP.LOG --> ftp.exslt.org /www.exslt.org/public_html/genericSearchSort/functions/sort WS_FTP.LOG
102.12.11 11:05 B C:\jakarta-tomcat-3.2.4\webapps\cocoon\exslt\genericSearchSort\functions\sort\genericSearchSort.sort.1.xsl --> ftp.exslt.org /www.exslt.org/public_html/genericSearchSort/functions/sort genericSearchSort.sort.1.xsl
102.12.11 11:05 B C:\jakarta-tomcat-3.2.4\webapps\cocoon\exslt\genericSearchSort\functions\sort\genericSearchSort.sort.data.1.xml --> ftp.exslt.org /www.exslt.org/public_html/genericSearchSort/functions/sort genericSearchSort.sort.data.1.xml
102.12.11 11:05 B C:\jakarta-tomcat-3.2.4\webapps\cocoon\exslt\genericSearchSort\functions\sort\genericSearchSort.sort.result.1.xml --> ftp.exslt.org /www.exslt.org/public_html/genericSearchSort/functions/sort genericSearchSort.sort.result.1.xml
102.12.11 11:05 B C:\jakarta-tomcat-3.2.4\webapps\cocoon\exslt\genericSearchSort\functions\sort\genericSearchSort.sort.template.xsl --> ftp.exslt.org /www.exslt.org/public_html/genericSearchSort/functions/sort genericSearchSort.sort.template.xsl
102.12.11 11:05 B C:\jakarta-tomcat-3.2.4\webapps\cocoon\exslt\genericSearchSort\functions\sort\genericSearchSort.sort.xml --> ftp.exslt.org /www.exslt.org/public_html/genericSearchSort/functions/sort genericSearchSort.sort.xml
103.09.29 15:38 B C:\jakarta-tomcat-3.2.4\webapps\cocoon\exslt\genericSearchSort\functions\sort\WS_FTP.LOG <-- ftp.exslt.org /www.exslt.org/public_html/genericSearchSort/functions/sort WS_FTP.LOG
103.10.21 13:07 B C:\jakarta-tomcat-3.2.4\webapps\cocoon\exslt\genericSearchSort\functions\sort\genericSearchSort.sort.1.xsl --> marian.cs.nott.ac.uk /stud/pg/cds/exslt/genericSearchSort/functions/sort genericSearchSort.sort.1.xsl
103.10.21 13:07 B C:\jakarta-tomcat-3.2.4\webapps\cocoon\exslt\genericSearchSort\functions\sort\genericSearchSort.sort.data.1.xml --> marian.cs.nott.ac.uk /stud/pg/cds/exslt/genericSearchSort/functions/sort genericSearchSort.sort.data.1.xml
103.10.21 13:07 B C:\jakarta-tomcat-3.2.4\webapps\cocoon\exslt\genericSearchSort\functions\sort\genericSearchSort.sort.result.1.xml --> marian.cs.nott.ac.uk /stud/pg/cds/exslt/genericSearchSort/functions/sort genericSearchSort.sort.result.1.xml
103.10.21 13:08 B C:\jakarta-tomcat-3.2.4\webapps\cocoon\exslt\genericSearchSort\functions\sort\genericSearchSort.sort.template.xsl --> marian.cs.nott.ac.uk /stud/pg/cds/exslt/genericSearchSort/functions/sort genericSearchSort.sort.template.xsl
103.10.21 13:08 B C:\jakarta-tomcat-3.2.4\webapps\cocoon\exslt\genericSearchSort\functions\sort\genericSearchSort.sort.xml --> marian.cs.nott.ac.uk /stud/pg/cds/exslt/genericSearchSort/functions/sort genericSearchSort.sort.xml
103.10.21 13:08 B C:\jakarta-tomcat-3.2.4\webapps\cocoon\exslt\genericSearchSort\functions\sort\WS_FTP.LOG --> marian.cs.nott.ac.uk /stud/pg/cds/exslt/genericSearchSort/functions/sort WS_FTP.LOG
103.10.23 16:18 B C:\jakarta-tomcat-3.2.4\webapps\cocoon\exslt\genericSearchSort\functions\sort\genericSearchSort.sort.1.xsl --> ftp.exslt.org /www.exslt.org/public_html/genericSearchSort/functions/sort genericSearchSort.sort.1.xsl
103.10.23 16:18 B C:\jakarta-tomcat-3.2.4\webapps\cocoon\exslt\genericSearchSort\functions\sort\genericSearchSort.sort.data.1.xml --> ftp.exslt.org /www.exslt.org/public_html/genericSearchSort/functions/sort genericSearchSort.sort.data.1.xml
103.10.23 16:18 B C:\jakarta-tomcat-3.2.4\webapps\cocoon\exslt\genericSearchSort\functions\sort\genericSearchSort.sort.result.1.xml --> ftp.exslt.org /www.exslt.org/public_html/genericSearchSort/functions/sort genericSearchSort.sort.result.1.xml
103.10.23 16:18 B C:\jakarta-tomcat-3.2.4\webapps\cocoon\exslt\genericSearchSort\functions\sort\genericSearchSort.sort.template.xsl --> ftp.exslt.org /www.exslt.org/public_html/genericSearchSort/functions/sort genericSearchSort.sort.template.xsl
103.10.23 16:18 B C:\jakarta-tomcat-3.2.4\webapps\cocoon\exslt\genericSearchSort\functions\sort\genericSearchSort.sort.xml --> ftp.exslt.org /www.exslt.org/public_html/genericSearchSort/functions/sort genericSearchSort.sort.xml
