102.08.21 17:25 B C:\jakarta-tomcat-3.2.4\webapps\cocoon\exslt\date\functions\month-abbreviation\base.css --> ftp.exslt.org /www.exslt.org/public_html/date/functions/month-abbreviation base.css
102.08.21 17:25 B C:\jakarta-tomcat-3.2.4\webapps\cocoon\exslt\date\functions\month-abbreviation\date.js --> ftp.exslt.org /www.exslt.org/public_html/date/functions/month-abbreviation date.js
102.08.21 17:25 B C:\jakarta-tomcat-3.2.4\webapps\cocoon\exslt\date\functions\month-abbreviation\date.js.html --> ftp.exslt.org /www.exslt.org/public_html/date/functions/month-abbreviation date.js.html
102.08.21 17:25 B C:\jakarta-tomcat-3.2.4\webapps\cocoon\exslt\date\functions\month-abbreviation\date.month-abbreviation.2.html --> ftp.exslt.org /www.exslt.org/public_html/date/functions/month-abbreviation date.month-abbreviation.2.html
102.08.21 17:25 B C:\jakarta-tomcat-3.2.4\webapps\cocoon\exslt\date\functions\month-abbreviation\date.month-abbreviation.function.xsl --> ftp.exslt.org /www.exslt.org/public_html/date/functions/month-abbreviation date.month-abbreviation.function.xsl
102.08.21 17:25 B C:\jakarta-tomcat-3.2.4\webapps\cocoon\exslt\date\functions\month-abbreviation\date.month-abbreviation.function.xsl.html --> ftp.exslt.org /www.exslt.org/public_html/date/functions/month-abbreviation date.month-abbreviation.function.xsl.html
102.08.21 17:25 B C:\jakarta-tomcat-3.2.4\webapps\cocoon\exslt\date\functions\month-abbreviation\date.month-abbreviation.html --> ftp.exslt.org /www.exslt.org/public_html/date/functions/month-abbreviation date.month-abbreviation.html
102.08.21 17:25 B C:\jakarta-tomcat-3.2.4\webapps\cocoon\exslt\date\functions\month-abbreviation\date.month-abbreviation.package.txt --> ftp.exslt.org /www.exslt.org/public_html/date/functions/month-abbreviation date.month-abbreviation.package.txt
102.08.21 17:25 B C:\jakarta-tomcat-3.2.4\webapps\cocoon\exslt\date\functions\month-abbreviation\date.month-abbreviation.template.xsl --> ftp.exslt.org /www.exslt.org/public_html/date/functions/month-abbreviation date.month-abbreviation.template.xsl
102.08.21 17:25 B C:\jakarta-tomcat-3.2.4\webapps\cocoon\exslt\date\functions\month-abbreviation\date.month-abbreviation.template.xsl.html --> ftp.exslt.org /www.exslt.org/public_html/date/functions/month-abbreviation date.month-abbreviation.template.xsl.html
102.08.21 17:25 B C:\jakarta-tomcat-3.2.4\webapps\cocoon\exslt\date\functions\month-abbreviation\date.month-abbreviation.use-cases.txt --> ftp.exslt.org /www.exslt.org/public_html/date/functions/month-abbreviation date.month-abbreviation.use-cases.txt
102.08.21 17:25 B C:\jakarta-tomcat-3.2.4\webapps\cocoon\exslt\date\functions\month-abbreviation\date.month-abbreviation.use-cases.zip --> ftp.exslt.org /www.exslt.org/public_html/date/functions/month-abbreviation date.month-abbreviation.use-cases.zip
102.08.21 17:25 B C:\jakarta-tomcat-3.2.4\webapps\cocoon\exslt\date\functions\month-abbreviation\date.month-abbreviation.xml --> ftp.exslt.org /www.exslt.org/public_html/date/functions/month-abbreviation date.month-abbreviation.xml
102.08.21 17:25 B C:\jakarta-tomcat-3.2.4\webapps\cocoon\exslt\date\functions\month-abbreviation\date.month-abbreviation.xsl --> ftp.exslt.org /www.exslt.org/public_html/date/functions/month-abbreviation date.month-abbreviation.xsl
102.08.21 17:25 B C:\jakarta-tomcat-3.2.4\webapps\cocoon\exslt\date\functions\month-abbreviation\date.month-abbreviation.zip --> ftp.exslt.org /www.exslt.org/public_html/date/functions/month-abbreviation date.month-abbreviation.zip
102.08.21 17:25 B C:\jakarta-tomcat-3.2.4\webapps\cocoon\exslt\date\functions\month-abbreviation\date.msxsl.xsl --> ftp.exslt.org /www.exslt.org/public_html/date/functions/month-abbreviation date.msxsl.xsl
102.08.21 17:25 B C:\jakarta-tomcat-3.2.4\webapps\cocoon\exslt\date\functions\month-abbreviation\date.msxsl.xsl.html --> ftp.exslt.org /www.exslt.org/public_html/date/functions/month-abbreviation date.msxsl.xsl.html
102.08.21 17:25 B C:\jakarta-tomcat-3.2.4\webapps\cocoon\exslt\date\functions\month-abbreviation\index.html --> ftp.exslt.org /www.exslt.org/public_html/date/functions/month-abbreviation index.html
102.08.21 17:25 B C:\jakarta-tomcat-3.2.4\webapps\cocoon\exslt\date\functions\month-abbreviation\refresh.bat --> ftp.exslt.org /www.exslt.org/public_html/date/functions/month-abbreviation refresh.bat
102.08.21 17:25 B C:\jakarta-tomcat-3.2.4\webapps\cocoon\exslt\date\functions\month-abbreviation\update.bat --> ftp.exslt.org /www.exslt.org/public_html/date/functions/month-abbreviation update.bat
102.08.21 17:31 B C:\jakarta-tomcat-3.2.4\webapps\cocoon\exslt\date\functions\month-abbreviation\base.css --> ftp.exslt.org /www.exslt.org/public_html/date/functions/month-abbreviation base.css
102.08.21 17:31 B C:\jakarta-tomcat-3.2.4\webapps\cocoon\exslt\date\functions\month-abbreviation\date.js --> ftp.exslt.org /www.exslt.org/public_html/date/functions/month-abbreviation date.js
102.08.21 17:31 B C:\jakarta-tomcat-3.2.4\webapps\cocoon\exslt\date\functions\month-abbreviation\date.js.html --> ftp.exslt.org /www.exslt.org/public_html/date/functions/month-abbreviation date.js.html
102.08.21 17:31 B C:\jakarta-tomcat-3.2.4\webapps\cocoon\exslt\date\functions\month-abbreviation\date.month-abbreviation.2.html --> ftp.exslt.org /www.exslt.org/public_html/date/functions/month-abbreviation date.month-abbreviation.2.html
102.08.21 17:31 B C:\jakarta-tomcat-3.2.4\webapps\cocoon\exslt\date\functions\month-abbreviation\date.month-abbreviation.function.xsl --> ftp.exslt.org /www.exslt.org/public_html/date/functions/month-abbreviation date.month-abbreviation.function.xsl
102.08.21 17:31 B C:\jakarta-tomcat-3.2.4\webapps\cocoon\exslt\date\functions\month-abbreviation\date.month-abbreviation.function.xsl.html --> ftp.exslt.org /www.exslt.org/public_html/date/functions/month-abbreviation date.month-abbreviation.function.xsl.html
102.08.21 17:31 B C:\jakarta-tomcat-3.2.4\webapps\cocoon\exslt\date\functions\month-abbreviation\date.month-abbreviation.html --> ftp.exslt.org /www.exslt.org/public_html/date/functions/month-abbreviation date.month-abbreviation.html
102.08.21 17:31 B C:\jakarta-tomcat-3.2.4\webapps\cocoon\exslt\date\functions\month-abbreviation\date.month-abbreviation.package.txt --> ftp.exslt.org /www.exslt.org/public_html/date/functions/month-abbreviation date.month-abbreviation.package.txt
102.08.21 17:31 B C:\jakarta-tomcat-3.2.4\webapps\cocoon\exslt\date\functions\month-abbreviation\date.month-abbreviation.template.xsl --> ftp.exslt.org /www.exslt.org/public_html/date/functions/month-abbreviation date.month-abbreviation.template.xsl
102.08.21 17:31 B C:\jakarta-tomcat-3.2.4\webapps\cocoon\exslt\date\functions\month-abbreviation\date.month-abbreviation.template.xsl.html --> ftp.exslt.org /www.exslt.org/public_html/date/functions/month-abbreviation date.month-abbreviation.template.xsl.html
102.08.21 17:31 B C:\jakarta-tomcat-3.2.4\webapps\cocoon\exslt\date\functions\month-abbreviation\date.month-abbreviation.use-cases.txt --> ftp.exslt.org /www.exslt.org/public_html/date/functions/month-abbreviation date.month-abbreviation.use-cases.txt
102.08.21 17:31 B C:\jakarta-tomcat-3.2.4\webapps\cocoon\exslt\date\functions\month-abbreviation\date.month-abbreviation.use-cases.zip --> ftp.exslt.org /www.exslt.org/public_html/date/functions/month-abbreviation date.month-abbreviation.use-cases.zip
102.08.21 17:31 B C:\jakarta-tomcat-3.2.4\webapps\cocoon\exslt\date\functions\month-abbreviation\date.month-abbreviation.xml --> ftp.exslt.org /www.exslt.org/public_html/date/functions/month-abbreviation date.month-abbreviation.xml
102.08.21 17:31 B C:\jakarta-tomcat-3.2.4\webapps\cocoon\exslt\date\functions\month-abbreviation\date.month-abbreviation.xsl --> ftp.exslt.org /www.exslt.org/public_html/date/functions/month-abbreviation date.month-abbreviation.xsl
102.08.21 17:31 B C:\jakarta-tomcat-3.2.4\webapps\cocoon\exslt\date\functions\month-abbreviation\date.month-abbreviation.zip --> ftp.exslt.org /www.exslt.org/public_html/date/functions/month-abbreviation date.month-abbreviation.zip
102.08.21 17:31 B C:\jakarta-tomcat-3.2.4\webapps\cocoon\exslt\date\functions\month-abbreviation\date.msxsl.xsl --> ftp.exslt.org /www.exslt.org/public_html/date/functions/month-abbreviation date.msxsl.xsl
102.08.21 17:31 B C:\jakarta-tomcat-3.2.4\webapps\cocoon\exslt\date\functions\month-abbreviation\date.msxsl.xsl.html --> ftp.exslt.org /www.exslt.org/public_html/date/functions/month-abbreviation date.msxsl.xsl.html
102.08.21 17:31 B C:\jakarta-tomcat-3.2.4\webapps\cocoon\exslt\date\functions\month-abbreviation\index.html --> ftp.exslt.org /www.exslt.org/public_html/date/functions/month-abbreviation index.html
102.08.21 17:31 B C:\jakarta-tomcat-3.2.4\webapps\cocoon\exslt\date\functions\month-abbreviation\refresh.bat --> ftp.exslt.org /www.exslt.org/public_html/date/functions/month-abbreviation refresh.bat
102.08.21 17:31 B C:\jakarta-tomcat-3.2.4\webapps\cocoon\exslt\date\functions\month-abbreviation\update.bat --> ftp.exslt.org /www.exslt.org/public_html/date/functions/month-abbreviation update.bat
102.08.21 17:31 B C:\jakarta-tomcat-3.2.4\webapps\cocoon\exslt\date\functions\month-abbreviation\WS_FTP.LOG --> ftp.exslt.org /www.exslt.org/public_html/date/functions/month-abbreviation WS_FTP.LOG
102.11.19 13:14 B C:\jakarta-tomcat-3.2.4\webapps\cocoon\exslt\date\functions\month-abbreviation\base.css --> ftp.exslt.org /www.exslt.org/public_html/date/functions/month-abbreviation base.css
102.11.19 13:14 B C:\jakarta-tomcat-3.2.4\webapps\cocoon\exslt\date\functions\month-abbreviation\date.js --> ftp.exslt.org /www.exslt.org/public_html/date/functions/month-abbreviation date.js
102.11.19 13:14 B C:\jakarta-tomcat-3.2.4\webapps\cocoon\exslt\date\functions\month-abbreviation\date.js.html --> ftp.exslt.org /www.exslt.org/public_html/date/functions/month-abbreviation date.js.html
102.11.19 13:14 B C:\jakarta-tomcat-3.2.4\webapps\cocoon\exslt\date\functions\month-abbreviation\date.month-abbreviation.2.html --> ftp.exslt.org /www.exslt.org/public_html/date/functions/month-abbreviation date.month-abbreviation.2.html
102.11.19 13:14 B C:\jakarta-tomcat-3.2.4\webapps\cocoon\exslt\date\functions\month-abbreviation\date.month-abbreviation.function.xsl --> ftp.exslt.org /www.exslt.org/public_html/date/functions/month-abbreviation date.month-abbreviation.function.xsl
102.11.19 13:14 B C:\jakarta-tomcat-3.2.4\webapps\cocoon\exslt\date\functions\month-abbreviation\date.month-abbreviation.function.xsl.html --> ftp.exslt.org /www.exslt.org/public_html/date/functions/month-abbreviation date.month-abbreviation.function.xsl.html
102.11.19 13:14 B C:\jakarta-tomcat-3.2.4\webapps\cocoon\exslt\date\functions\month-abbreviation\date.month-abbreviation.html --> ftp.exslt.org /www.exslt.org/public_html/date/functions/month-abbreviation date.month-abbreviation.html
102.11.19 13:14 B C:\jakarta-tomcat-3.2.4\webapps\cocoon\exslt\date\functions\month-abbreviation\date.month-abbreviation.package.txt --> ftp.exslt.org /www.exslt.org/public_html/date/functions/month-abbreviation date.month-abbreviation.package.txt
102.11.19 13:14 B C:\jakarta-tomcat-3.2.4\webapps\cocoon\exslt\date\functions\month-abbreviation\date.month-abbreviation.template.xsl --> ftp.exslt.org /www.exslt.org/public_html/date/functions/month-abbreviation date.month-abbreviation.template.xsl
102.11.19 13:14 B C:\jakarta-tomcat-3.2.4\webapps\cocoon\exslt\date\functions\month-abbreviation\date.month-abbreviation.template.xsl.html --> ftp.exslt.org /www.exslt.org/public_html/date/functions/month-abbreviation date.month-abbreviation.template.xsl.html
102.11.19 13:14 B C:\jakarta-tomcat-3.2.4\webapps\cocoon\exslt\date\functions\month-abbreviation\date.month-abbreviation.use-cases.txt --> ftp.exslt.org /www.exslt.org/public_html/date/functions/month-abbreviation date.month-abbreviation.use-cases.txt
102.11.19 13:14 B C:\jakarta-tomcat-3.2.4\webapps\cocoon\exslt\date\functions\month-abbreviation\date.month-abbreviation.use-cases.zip --> ftp.exslt.org /www.exslt.org/public_html/date/functions/month-abbreviation date.month-abbreviation.use-cases.zip
102.11.19 13:14 B C:\jakarta-tomcat-3.2.4\webapps\cocoon\exslt\date\functions\month-abbreviation\date.month-abbreviation.xml --> ftp.exslt.org /www.exslt.org/public_html/date/functions/month-abbreviation date.month-abbreviation.xml
102.11.19 13:14 B C:\jakarta-tomcat-3.2.4\webapps\cocoon\exslt\date\functions\month-abbreviation\date.month-abbreviation.xsl --> ftp.exslt.org /www.exslt.org/public_html/date/functions/month-abbreviation date.month-abbreviation.xsl
102.11.19 13:14 B C:\jakarta-tomcat-3.2.4\webapps\cocoon\exslt\date\functions\month-abbreviation\date.month-abbreviation.zip --> ftp.exslt.org /www.exslt.org/public_html/date/functions/month-abbreviation date.month-abbreviation.zip
102.11.19 13:14 B C:\jakarta-tomcat-3.2.4\webapps\cocoon\exslt\date\functions\month-abbreviation\date.msxsl.xsl --> ftp.exslt.org /www.exslt.org/public_html/date/functions/month-abbreviation date.msxsl.xsl
102.11.19 13:14 B C:\jakarta-tomcat-3.2.4\webapps\cocoon\exslt\date\functions\month-abbreviation\date.msxsl.xsl.html --> ftp.exslt.org /www.exslt.org/public_html/date/functions/month-abbreviation date.msxsl.xsl.html
102.11.19 13:14 B C:\jakarta-tomcat-3.2.4\webapps\cocoon\exslt\date\functions\month-abbreviation\index.html --> ftp.exslt.org /www.exslt.org/public_html/date/functions/month-abbreviation index.html
102.11.19 13:14 B C:\jakarta-tomcat-3.2.4\webapps\cocoon\exslt\date\functions\month-abbreviation\refresh.bat --> ftp.exslt.org /www.exslt.org/public_html/date/functions/month-abbreviation refresh.bat
102.11.19 13:14 B C:\jakarta-tomcat-3.2.4\webapps\cocoon\exslt\date\functions\month-abbreviation\update.bat --> ftp.exslt.org /www.exslt.org/public_html/date/functions/month-abbreviation update.bat
102.11.19 13:14 B C:\jakarta-tomcat-3.2.4\webapps\cocoon\exslt\date\functions\month-abbreviation\WS_FTP.LOG --> ftp.exslt.org /www.exslt.org/public_html/date/functions/month-abbreviation WS_FTP.LOG
102.11.19 13:21 B C:\jakarta-tomcat-3.2.4\webapps\cocoon\exslt\date\functions\month-abbreviation\base.css --> ftp.exslt.org /www.exslt.org/public_html/date/functions/month-abbreviation base.css
102.11.19 13:21 B C:\jakarta-tomcat-3.2.4\webapps\cocoon\exslt\date\functions\month-abbreviation\date.js --> ftp.exslt.org /www.exslt.org/public_html/date/functions/month-abbreviation date.js
102.11.19 13:21 B C:\jakarta-tomcat-3.2.4\webapps\cocoon\exslt\date\functions\month-abbreviation\date.js.html --> ftp.exslt.org /www.exslt.org/public_html/date/functions/month-abbreviation date.js.html
102.11.19 13:21 B C:\jakarta-tomcat-3.2.4\webapps\cocoon\exslt\date\functions\month-abbreviation\date.month-abbreviation.2.html --> ftp.exslt.org /www.exslt.org/public_html/date/functions/month-abbreviation date.month-abbreviation.2.html
102.11.19 13:21 B C:\jakarta-tomcat-3.2.4\webapps\cocoon\exslt\date\functions\month-abbreviation\date.month-abbreviation.function.xsl --> ftp.exslt.org /www.exslt.org/public_html/date/functions/month-abbreviation date.month-abbreviation.function.xsl
102.11.19 13:21 B C:\jakarta-tomcat-3.2.4\webapps\cocoon\exslt\date\functions\month-abbreviation\date.month-abbreviation.function.xsl.html --> ftp.exslt.org /www.exslt.org/public_html/date/functions/month-abbreviation date.month-abbreviation.function.xsl.html
102.11.19 13:21 B C:\jakarta-tomcat-3.2.4\webapps\cocoon\exslt\date\functions\month-abbreviation\date.month-abbreviation.html --> ftp.exslt.org /www.exslt.org/public_html/date/functions/month-abbreviation date.month-abbreviation.html
102.11.19 13:21 B C:\jakarta-tomcat-3.2.4\webapps\cocoon\exslt\date\functions\month-abbreviation\date.month-abbreviation.package.txt --> ftp.exslt.org /www.exslt.org/public_html/date/functions/month-abbreviation date.month-abbreviation.package.txt
102.11.19 13:21 B C:\jakarta-tomcat-3.2.4\webapps\cocoon\exslt\date\functions\month-abbreviation\date.month-abbreviation.template.xsl --> ftp.exslt.org /www.exslt.org/public_html/date/functions/month-abbreviation date.month-abbreviation.template.xsl
102.11.19 13:21 B C:\jakarta-tomcat-3.2.4\webapps\cocoon\exslt\date\functions\month-abbreviation\date.month-abbreviation.template.xsl.html --> ftp.exslt.org /www.exslt.org/public_html/date/functions/month-abbreviation date.month-abbreviation.template.xsl.html
102.11.19 13:21 B C:\jakarta-tomcat-3.2.4\webapps\cocoon\exslt\date\functions\month-abbreviation\date.month-abbreviation.use-cases.txt --> ftp.exslt.org /www.exslt.org/public_html/date/functions/month-abbreviation date.month-abbreviation.use-cases.txt
102.11.19 13:21 B C:\jakarta-tomcat-3.2.4\webapps\cocoon\exslt\date\functions\month-abbreviation\date.month-abbreviation.use-cases.zip --> ftp.exslt.org /www.exslt.org/public_html/date/functions/month-abbreviation date.month-abbreviation.use-cases.zip
102.11.19 13:21 B C:\jakarta-tomcat-3.2.4\webapps\cocoon\exslt\date\functions\month-abbreviation\date.month-abbreviation.xml --> ftp.exslt.org /www.exslt.org/public_html/date/functions/month-abbreviation date.month-abbreviation.xml
102.11.19 13:21 B C:\jakarta-tomcat-3.2.4\webapps\cocoon\exslt\date\functions\month-abbreviation\date.month-abbreviation.xsl --> ftp.exslt.org /www.exslt.org/public_html/date/functions/month-abbreviation date.month-abbreviation.xsl
102.11.19 13:21 B C:\jakarta-tomcat-3.2.4\webapps\cocoon\exslt\date\functions\month-abbreviation\date.month-abbreviation.zip --> ftp.exslt.org /www.exslt.org/public_html/date/functions/month-abbreviation date.month-abbreviation.zip
102.11.19 13:21 B C:\jakarta-tomcat-3.2.4\webapps\cocoon\exslt\date\functions\month-abbreviation\date.msxsl.xsl --> ftp.exslt.org /www.exslt.org/public_html/date/functions/month-abbreviation date.msxsl.xsl
102.11.19 13:21 B C:\jakarta-tomcat-3.2.4\webapps\cocoon\exslt\date\functions\month-abbreviation\date.msxsl.xsl.html --> ftp.exslt.org /www.exslt.org/public_html/date/functions/month-abbreviation date.msxsl.xsl.html
102.11.19 13:21 B C:\jakarta-tomcat-3.2.4\webapps\cocoon\exslt\date\functions\month-abbreviation\index.html --> ftp.exslt.org /www.exslt.org/public_html/date/functions/month-abbreviation index.html
102.11.19 13:21 B C:\jakarta-tomcat-3.2.4\webapps\cocoon\exslt\date\functions\month-abbreviation\refresh.bat --> ftp.exslt.org /www.exslt.org/public_html/date/functions/month-abbreviation refresh.bat
102.11.19 13:21 B C:\jakarta-tomcat-3.2.4\webapps\cocoon\exslt\date\functions\month-abbreviation\update.bat --> ftp.exslt.org /www.exslt.org/public_html/date/functions/month-abbreviation update.bat
102.12.02 12:21 B C:\jakarta-tomcat-3.2.4\webapps\cocoon\exslt\public_html\date\functions\month-abbreviation\WS_FTP.LOG <-- ftp.exslt.org /www.exslt.org/public_html/date/functions/month-abbreviation WS_FTP.LOG
102.12.03 11:10 B C:\jakarta-tomcat-3.2.4\webapps\cocoon\exslt\date\functions\month-abbreviation\base.css --> ftp.exslt.org /www.exslt.org/public_html/date/functions/month-abbreviation base.css
102.12.03 11:10 B C:\jakarta-tomcat-3.2.4\webapps\cocoon\exslt\date\functions\month-abbreviation\date.js --> ftp.exslt.org /www.exslt.org/public_html/date/functions/month-abbreviation date.js
102.12.03 11:10 B C:\jakarta-tomcat-3.2.4\webapps\cocoon\exslt\date\functions\month-abbreviation\date.js.html --> ftp.exslt.org /www.exslt.org/public_html/date/functions/month-abbreviation date.js.html
102.12.03 11:10 B C:\jakarta-tomcat-3.2.4\webapps\cocoon\exslt\date\functions\month-abbreviation\date.month-abbreviation.1.html --> ftp.exslt.org /www.exslt.org/public_html/date/functions/month-abbreviation date.month-abbreviation.1.html
102.12.03 11:10 B C:\jakarta-tomcat-3.2.4\webapps\cocoon\exslt\date\functions\month-abbreviation\date.month-abbreviation.1.xml --> ftp.exslt.org /www.exslt.org/public_html/date/functions/month-abbreviation date.month-abbreviation.1.xml
102.12.03 11:10 B C:\jakarta-tomcat-3.2.4\webapps\cocoon\exslt\date\functions\month-abbreviation\date.month-abbreviation.2.html --> ftp.exslt.org /www.exslt.org/public_html/date/functions/month-abbreviation date.month-abbreviation.2.html
102.12.03 11:10 B C:\jakarta-tomcat-3.2.4\webapps\cocoon\exslt\date\functions\month-abbreviation\date.month-abbreviation.function.xsl --> ftp.exslt.org /www.exslt.org/public_html/date/functions/month-abbreviation date.month-abbreviation.function.xsl
102.12.03 11:10 B C:\jakarta-tomcat-3.2.4\webapps\cocoon\exslt\date\functions\month-abbreviation\date.month-abbreviation.function.xsl.html --> ftp.exslt.org /www.exslt.org/public_html/date/functions/month-abbreviation date.month-abbreviation.function.xsl.html
102.12.03 11:10 B C:\jakarta-tomcat-3.2.4\webapps\cocoon\exslt\date\functions\month-abbreviation\date.month-abbreviation.html --> ftp.exslt.org /www.exslt.org/public_html/date/functions/month-abbreviation date.month-abbreviation.html
102.12.03 11:10 B C:\jakarta-tomcat-3.2.4\webapps\cocoon\exslt\date\functions\month-abbreviation\date.month-abbreviation.package.txt --> ftp.exslt.org /www.exslt.org/public_html/date/functions/month-abbreviation date.month-abbreviation.package.txt
102.12.03 11:10 B C:\jakarta-tomcat-3.2.4\webapps\cocoon\exslt\date\functions\month-abbreviation\date.month-abbreviation.template.xsl --> ftp.exslt.org /www.exslt.org/public_html/date/functions/month-abbreviation date.month-abbreviation.template.xsl
102.12.03 11:10 B C:\jakarta-tomcat-3.2.4\webapps\cocoon\exslt\date\functions\month-abbreviation\date.month-abbreviation.template.xsl.html --> ftp.exslt.org /www.exslt.org/public_html/date/functions/month-abbreviation date.month-abbreviation.template.xsl.html
102.12.03 11:10 B C:\jakarta-tomcat-3.2.4\webapps\cocoon\exslt\date\functions\month-abbreviation\date.month-abbreviation.use-cases.txt --> ftp.exslt.org /www.exslt.org/public_html/date/functions/month-abbreviation date.month-abbreviation.use-cases.txt
102.12.03 11:10 B C:\jakarta-tomcat-3.2.4\webapps\cocoon\exslt\date\functions\month-abbreviation\date.month-abbreviation.use-cases.zip --> ftp.exslt.org /www.exslt.org/public_html/date/functions/month-abbreviation date.month-abbreviation.use-cases.zip
102.12.03 11:10 B C:\jakarta-tomcat-3.2.4\webapps\cocoon\exslt\date\functions\month-abbreviation\date.month-abbreviation.xml --> ftp.exslt.org /www.exslt.org/public_html/date/functions/month-abbreviation date.month-abbreviation.xml
102.12.03 11:10 B C:\jakarta-tomcat-3.2.4\webapps\cocoon\exslt\date\functions\month-abbreviation\date.month-abbreviation.xsl --> ftp.exslt.org /www.exslt.org/public_html/date/functions/month-abbreviation date.month-abbreviation.xsl
102.12.03 11:10 B C:\jakarta-tomcat-3.2.4\webapps\cocoon\exslt\date\functions\month-abbreviation\date.month-abbreviation.zip --> ftp.exslt.org /www.exslt.org/public_html/date/functions/month-abbreviation date.month-abbreviation.zip
102.12.03 11:10 B C:\jakarta-tomcat-3.2.4\webapps\cocoon\exslt\date\functions\month-abbreviation\date.msxsl.xsl --> ftp.exslt.org /www.exslt.org/public_html/date/functions/month-abbreviation date.msxsl.xsl
102.12.03 11:10 B C:\jakarta-tomcat-3.2.4\webapps\cocoon\exslt\date\functions\month-abbreviation\date.msxsl.xsl.html --> ftp.exslt.org /www.exslt.org/public_html/date/functions/month-abbreviation date.msxsl.xsl.html
102.12.03 11:10 B C:\jakarta-tomcat-3.2.4\webapps\cocoon\exslt\date\functions\month-abbreviation\index.html --> ftp.exslt.org /www.exslt.org/public_html/date/functions/month-abbreviation index.html
102.12.03 11:10 B C:\jakarta-tomcat-3.2.4\webapps\cocoon\exslt\date\functions\month-abbreviation\out.html --> ftp.exslt.org /www.exslt.org/public_html/date/functions/month-abbreviation out.html
102.12.03 11:10 B C:\jakarta-tomcat-3.2.4\webapps\cocoon\exslt\date\functions\month-abbreviation\refresh.bat --> ftp.exslt.org /www.exslt.org/public_html/date/functions/month-abbreviation refresh.bat
102.12.03 11:10 B C:\jakarta-tomcat-3.2.4\webapps\cocoon\exslt\date\functions\month-abbreviation\update.bat --> ftp.exslt.org /www.exslt.org/public_html/date/functions/month-abbreviation update.bat
102.12.03 11:10 B C:\jakarta-tomcat-3.2.4\webapps\cocoon\exslt\date\functions\month-abbreviation\WS_FTP.LOG --> ftp.exslt.org /www.exslt.org/public_html/date/functions/month-abbreviation WS_FTP.LOG
102.12.11 11:01 B C:\jakarta-tomcat-3.2.4\webapps\cocoon\exslt\date\functions\month-abbreviation\base.css --> ftp.exslt.org /www.exslt.org/public_html/date/functions/month-abbreviation base.css
102.12.11 11:01 B C:\jakarta-tomcat-3.2.4\webapps\cocoon\exslt\date\functions\month-abbreviation\date.js --> ftp.exslt.org /www.exslt.org/public_html/date/functions/month-abbreviation date.js
102.12.11 11:01 B C:\jakarta-tomcat-3.2.4\webapps\cocoon\exslt\date\functions\month-abbreviation\date.js.html --> ftp.exslt.org /www.exslt.org/public_html/date/functions/month-abbreviation date.js.html
102.12.11 11:01 B C:\jakarta-tomcat-3.2.4\webapps\cocoon\exslt\date\functions\month-abbreviation\date.month-abbreviation.1.html --> ftp.exslt.org /www.exslt.org/public_html/date/functions/month-abbreviation date.month-abbreviation.1.html
102.12.11 11:01 B C:\jakarta-tomcat-3.2.4\webapps\cocoon\exslt\date\functions\month-abbreviation\date.month-abbreviation.1.xml --> ftp.exslt.org /www.exslt.org/public_html/date/functions/month-abbreviation date.month-abbreviation.1.xml
102.12.11 11:01 B C:\jakarta-tomcat-3.2.4\webapps\cocoon\exslt\date\functions\month-abbreviation\date.month-abbreviation.2.html --> ftp.exslt.org /www.exslt.org/public_html/date/functions/month-abbreviation date.month-abbreviation.2.html
102.12.11 11:01 B C:\jakarta-tomcat-3.2.4\webapps\cocoon\exslt\date\functions\month-abbreviation\date.month-abbreviation.function.xsl --> ftp.exslt.org /www.exslt.org/public_html/date/functions/month-abbreviation date.month-abbreviation.function.xsl
102.12.11 11:01 B C:\jakarta-tomcat-3.2.4\webapps\cocoon\exslt\date\functions\month-abbreviation\date.month-abbreviation.function.xsl.html --> ftp.exslt.org /www.exslt.org/public_html/date/functions/month-abbreviation date.month-abbreviation.function.xsl.html
102.12.11 11:01 B C:\jakarta-tomcat-3.2.4\webapps\cocoon\exslt\date\functions\month-abbreviation\date.month-abbreviation.html --> ftp.exslt.org /www.exslt.org/public_html/date/functions/month-abbreviation date.month-abbreviation.html
102.12.11 11:01 B C:\jakarta-tomcat-3.2.4\webapps\cocoon\exslt\date\functions\month-abbreviation\date.month-abbreviation.package.txt --> ftp.exslt.org /www.exslt.org/public_html/date/functions/month-abbreviation date.month-abbreviation.package.txt
102.12.11 11:01 B C:\jakarta-tomcat-3.2.4\webapps\cocoon\exslt\date\functions\month-abbreviation\date.month-abbreviation.template.xsl --> ftp.exslt.org /www.exslt.org/public_html/date/functions/month-abbreviation date.month-abbreviation.template.xsl
102.12.11 11:01 B C:\jakarta-tomcat-3.2.4\webapps\cocoon\exslt\date\functions\month-abbreviation\date.month-abbreviation.template.xsl.html --> ftp.exslt.org /www.exslt.org/public_html/date/functions/month-abbreviation date.month-abbreviation.template.xsl.html
102.12.11 11:01 B C:\jakarta-tomcat-3.2.4\webapps\cocoon\exslt\date\functions\month-abbreviation\date.month-abbreviation.use-cases.txt --> ftp.exslt.org /www.exslt.org/public_html/date/functions/month-abbreviation date.month-abbreviation.use-cases.txt
102.12.11 11:01 B C:\jakarta-tomcat-3.2.4\webapps\cocoon\exslt\date\functions\month-abbreviation\date.month-abbreviation.use-cases.zip --> ftp.exslt.org /www.exslt.org/public_html/date/functions/month-abbreviation date.month-abbreviation.use-cases.zip
102.12.11 11:01 B C:\jakarta-tomcat-3.2.4\webapps\cocoon\exslt\date\functions\month-abbreviation\date.month-abbreviation.xml --> ftp.exslt.org /www.exslt.org/public_html/date/functions/month-abbreviation date.month-abbreviation.xml
102.12.11 11:01 B C:\jakarta-tomcat-3.2.4\webapps\cocoon\exslt\date\functions\month-abbreviation\date.month-abbreviation.xsl --> ftp.exslt.org /www.exslt.org/public_html/date/functions/month-abbreviation date.month-abbreviation.xsl
102.12.11 11:01 B C:\jakarta-tomcat-3.2.4\webapps\cocoon\exslt\date\functions\month-abbreviation\date.month-abbreviation.zip --> ftp.exslt.org /www.exslt.org/public_html/date/functions/month-abbreviation date.month-abbreviation.zip
102.12.11 11:01 B C:\jakarta-tomcat-3.2.4\webapps\cocoon\exslt\date\functions\month-abbreviation\date.msxsl.xsl --> ftp.exslt.org /www.exslt.org/public_html/date/functions/month-abbreviation date.msxsl.xsl
102.12.11 11:01 B C:\jakarta-tomcat-3.2.4\webapps\cocoon\exslt\date\functions\month-abbreviation\date.msxsl.xsl.html --> ftp.exslt.org /www.exslt.org/public_html/date/functions/month-abbreviation date.msxsl.xsl.html
102.12.11 11:01 B C:\jakarta-tomcat-3.2.4\webapps\cocoon\exslt\date\functions\month-abbreviation\index.html --> ftp.exslt.org /www.exslt.org/public_html/date/functions/month-abbreviation index.html
102.12.11 11:01 B C:\jakarta-tomcat-3.2.4\webapps\cocoon\exslt\date\functions\month-abbreviation\out.html --> ftp.exslt.org /www.exslt.org/public_html/date/functions/month-abbreviation out.html
102.12.11 11:01 B C:\jakarta-tomcat-3.2.4\webapps\cocoon\exslt\date\functions\month-abbreviation\refresh.bat --> ftp.exslt.org /www.exslt.org/public_html/date/functions/month-abbreviation refresh.bat
102.12.11 11:01 B C:\jakarta-tomcat-3.2.4\webapps\cocoon\exslt\date\functions\month-abbreviation\update.bat --> ftp.exslt.org /www.exslt.org/public_html/date/functions/month-abbreviation update.bat
102.12.11 11:01 B C:\jakarta-tomcat-3.2.4\webapps\cocoon\exslt\date\functions\month-abbreviation\WS_FTP.LOG --> ftp.exslt.org /www.exslt.org/public_html/date/functions/month-abbreviation WS_FTP.LOG
102.12.11 11:04 B C:\jakarta-tomcat-3.2.4\webapps\cocoon\exslt\date\functions\month-abbreviation\base.css --> ftp.exslt.org /www.exslt.org/public_html/date/functions/month-abbreviation base.css
102.12.11 11:04 B C:\jakarta-tomcat-3.2.4\webapps\cocoon\exslt\date\functions\month-abbreviation\date.js --> ftp.exslt.org /www.exslt.org/public_html/date/functions/month-abbreviation date.js
102.12.11 11:04 B C:\jakarta-tomcat-3.2.4\webapps\cocoon\exslt\date\functions\month-abbreviation\date.js.html --> ftp.exslt.org /www.exslt.org/public_html/date/functions/month-abbreviation date.js.html
102.12.11 11:04 B C:\jakarta-tomcat-3.2.4\webapps\cocoon\exslt\date\functions\month-abbreviation\date.month-abbreviation.1.html --> ftp.exslt.org /www.exslt.org/public_html/date/functions/month-abbreviation date.month-abbreviation.1.html
102.12.11 11:04 B C:\jakarta-tomcat-3.2.4\webapps\cocoon\exslt\date\functions\month-abbreviation\date.month-abbreviation.1.xml --> ftp.exslt.org /www.exslt.org/public_html/date/functions/month-abbreviation date.month-abbreviation.1.xml
102.12.11 11:04 B C:\jakarta-tomcat-3.2.4\webapps\cocoon\exslt\date\functions\month-abbreviation\date.month-abbreviation.2.html --> ftp.exslt.org /www.exslt.org/public_html/date/functions/month-abbreviation date.month-abbreviation.2.html
102.12.11 11:04 B C:\jakarta-tomcat-3.2.4\webapps\cocoon\exslt\date\functions\month-abbreviation\date.month-abbreviation.function.xsl --> ftp.exslt.org /www.exslt.org/public_html/date/functions/month-abbreviation date.month-abbreviation.function.xsl
102.12.11 11:04 B C:\jakarta-tomcat-3.2.4\webapps\cocoon\exslt\date\functions\month-abbreviation\date.month-abbreviation.function.xsl.html --> ftp.exslt.org /www.exslt.org/public_html/date/functions/month-abbreviation date.month-abbreviation.function.xsl.html
102.12.11 11:04 B C:\jakarta-tomcat-3.2.4\webapps\cocoon\exslt\date\functions\month-abbreviation\date.month-abbreviation.html --> ftp.exslt.org /www.exslt.org/public_html/date/functions/month-abbreviation date.month-abbreviation.html
102.12.11 11:04 B C:\jakarta-tomcat-3.2.4\webapps\cocoon\exslt\date\functions\month-abbreviation\date.month-abbreviation.package.txt --> ftp.exslt.org /www.exslt.org/public_html/date/functions/month-abbreviation date.month-abbreviation.package.txt
102.12.11 11:04 B C:\jakarta-tomcat-3.2.4\webapps\cocoon\exslt\date\functions\month-abbreviation\date.month-abbreviation.template.xsl --> ftp.exslt.org /www.exslt.org/public_html/date/functions/month-abbreviation date.month-abbreviation.template.xsl
102.12.11 11:04 B C:\jakarta-tomcat-3.2.4\webapps\cocoon\exslt\date\functions\month-abbreviation\date.month-abbreviation.template.xsl.html --> ftp.exslt.org /www.exslt.org/public_html/date/functions/month-abbreviation date.month-abbreviation.template.xsl.html
102.12.11 11:04 B C:\jakarta-tomcat-3.2.4\webapps\cocoon\exslt\date\functions\month-abbreviation\date.month-abbreviation.use-cases.txt --> ftp.exslt.org /www.exslt.org/public_html/date/functions/month-abbreviation date.month-abbreviation.use-cases.txt
102.12.11 11:04 B C:\jakarta-tomcat-3.2.4\webapps\cocoon\exslt\date\functions\month-abbreviation\date.month-abbreviation.use-cases.zip --> ftp.exslt.org /www.exslt.org/public_html/date/functions/month-abbreviation date.month-abbreviation.use-cases.zip
102.12.11 11:04 B C:\jakarta-tomcat-3.2.4\webapps\cocoon\exslt\date\functions\month-abbreviation\date.month-abbreviation.xml --> ftp.exslt.org /www.exslt.org/public_html/date/functions/month-abbreviation date.month-abbreviation.xml
102.12.11 11:04 B C:\jakarta-tomcat-3.2.4\webapps\cocoon\exslt\date\functions\month-abbreviation\date.month-abbreviation.xsl --> ftp.exslt.org /www.exslt.org/public_html/date/functions/month-abbreviation date.month-abbreviation.xsl
102.12.11 11:04 B C:\jakarta-tomcat-3.2.4\webapps\cocoon\exslt\date\functions\month-abbreviation\date.month-abbreviation.zip --> ftp.exslt.org /www.exslt.org/public_html/date/functions/month-abbreviation date.month-abbreviation.zip
102.12.11 11:04 B C:\jakarta-tomcat-3.2.4\webapps\cocoon\exslt\date\functions\month-abbreviation\date.msxsl.xsl --> ftp.exslt.org /www.exslt.org/public_html/date/functions/month-abbreviation date.msxsl.xsl
102.12.11 11:04 B C:\jakarta-tomcat-3.2.4\webapps\cocoon\exslt\date\functions\month-abbreviation\date.msxsl.xsl.html --> ftp.exslt.org /www.exslt.org/public_html/date/functions/month-abbreviation date.msxsl.xsl.html
102.12.11 11:04 B C:\jakarta-tomcat-3.2.4\webapps\cocoon\exslt\date\functions\month-abbreviation\index.html --> ftp.exslt.org /www.exslt.org/public_html/date/functions/month-abbreviation index.html
102.12.11 11:04 B C:\jakarta-tomcat-3.2.4\webapps\cocoon\exslt\date\functions\month-abbreviation\out.html --> ftp.exslt.org /www.exslt.org/public_html/date/functions/month-abbreviation out.html
102.12.11 11:04 B C:\jakarta-tomcat-3.2.4\webapps\cocoon\exslt\date\functions\month-abbreviation\refresh.bat --> ftp.exslt.org /www.exslt.org/public_html/date/functions/month-abbreviation refresh.bat
102.12.11 11:04 B C:\jakarta-tomcat-3.2.4\webapps\cocoon\exslt\date\functions\month-abbreviation\update.bat --> ftp.exslt.org /www.exslt.org/public_html/date/functions/month-abbreviation update.bat
103.09.29 15:13 B C:\jakarta-tomcat-3.2.4\webapps\cocoon\exslt\date\functions\month-abbreviation\WS_FTP.LOG <-- ftp.exslt.org /www.exslt.org/public_html/date/functions/month-abbreviation WS_FTP.LOG
103.10.21 13:05 B C:\jakarta-tomcat-3.2.4\webapps\cocoon\exslt\date\functions\month-abbreviation\base.css --> marian.cs.nott.ac.uk /stud/pg/cds/exslt/date/functions/month-abbreviation base.css
103.10.21 13:05 B C:\jakarta-tomcat-3.2.4\webapps\cocoon\exslt\date\functions\month-abbreviation\date.js --> marian.cs.nott.ac.uk /stud/pg/cds/exslt/date/functions/month-abbreviation date.js
103.10.21 13:05 B C:\jakarta-tomcat-3.2.4\webapps\cocoon\exslt\date\functions\month-abbreviation\date.js.html --> marian.cs.nott.ac.uk /stud/pg/cds/exslt/date/functions/month-abbreviation date.js.html
103.10.21 13:05 B C:\jakarta-tomcat-3.2.4\webapps\cocoon\exslt\date\functions\month-abbreviation\date.month-abbreviation.1.html --> marian.cs.nott.ac.uk /stud/pg/cds/exslt/date/functions/month-abbreviation date.month-abbreviation.1.html
103.10.21 13:05 B C:\jakarta-tomcat-3.2.4\webapps\cocoon\exslt\date\functions\month-abbreviation\date.month-abbreviation.1.xml --> marian.cs.nott.ac.uk /stud/pg/cds/exslt/date/functions/month-abbreviation date.month-abbreviation.1.xml
103.10.21 13:05 B C:\jakarta-tomcat-3.2.4\webapps\cocoon\exslt\date\functions\month-abbreviation\date.month-abbreviation.2.html --> marian.cs.nott.ac.uk /stud/pg/cds/exslt/date/functions/month-abbreviation date.month-abbreviation.2.html
103.10.21 13:05 B C:\jakarta-tomcat-3.2.4\webapps\cocoon\exslt\date\functions\month-abbreviation\date.month-abbreviation.function.xsl --> marian.cs.nott.ac.uk /stud/pg/cds/exslt/date/functions/month-abbreviation date.month-abbreviation.function.xsl
103.10.21 13:05 B C:\jakarta-tomcat-3.2.4\webapps\cocoon\exslt\date\functions\month-abbreviation\date.month-abbreviation.function.xsl.html --> marian.cs.nott.ac.uk /stud/pg/cds/exslt/date/functions/month-abbreviation date.month-abbreviation.function.xsl.html
103.10.21 13:05 B C:\jakarta-tomcat-3.2.4\webapps\cocoon\exslt\date\functions\month-abbreviation\date.month-abbreviation.html --> marian.cs.nott.ac.uk /stud/pg/cds/exslt/date/functions/month-abbreviation date.month-abbreviation.html
103.10.21 13:05 B C:\jakarta-tomcat-3.2.4\webapps\cocoon\exslt\date\functions\month-abbreviation\date.month-abbreviation.package.txt --> marian.cs.nott.ac.uk /stud/pg/cds/exslt/date/functions/month-abbreviation date.month-abbreviation.package.txt
103.10.21 13:05 B C:\jakarta-tomcat-3.2.4\webapps\cocoon\exslt\date\functions\month-abbreviation\date.month-abbreviation.template.xsl --> marian.cs.nott.ac.uk /stud/pg/cds/exslt/date/functions/month-abbreviation date.month-abbreviation.template.xsl
103.10.21 13:05 B C:\jakarta-tomcat-3.2.4\webapps\cocoon\exslt\date\functions\month-abbreviation\date.month-abbreviation.template.xsl.html --> marian.cs.nott.ac.uk /stud/pg/cds/exslt/date/functions/month-abbreviation date.month-abbreviation.template.xsl.html
103.10.21 13:05 B C:\jakarta-tomcat-3.2.4\webapps\cocoon\exslt\date\functions\month-abbreviation\date.month-abbreviation.use-cases.txt --> marian.cs.nott.ac.uk /stud/pg/cds/exslt/date/functions/month-abbreviation date.month-abbreviation.use-cases.txt
103.10.21 13:05 B C:\jakarta-tomcat-3.2.4\webapps\cocoon\exslt\date\functions\month-abbreviation\date.month-abbreviation.use-cases.zip --> marian.cs.nott.ac.uk /stud/pg/cds/exslt/date/functions/month-abbreviation date.month-abbreviation.use-cases.zip
103.10.21 13:05 B C:\jakarta-tomcat-3.2.4\webapps\cocoon\exslt\date\functions\month-abbreviation\date.month-abbreviation.xml --> marian.cs.nott.ac.uk /stud/pg/cds/exslt/date/functions/month-abbreviation date.month-abbreviation.xml
103.10.21 13:05 B C:\jakarta-tomcat-3.2.4\webapps\cocoon\exslt\date\functions\month-abbreviation\date.month-abbreviation.xsl --> marian.cs.nott.ac.uk /stud/pg/cds/exslt/date/functions/month-abbreviation date.month-abbreviation.xsl
103.10.21 13:05 B C:\jakarta-tomcat-3.2.4\webapps\cocoon\exslt\date\functions\month-abbreviation\date.month-abbreviation.zip --> marian.cs.nott.ac.uk /stud/pg/cds/exslt/date/functions/month-abbreviation date.month-abbreviation.zip
103.10.21 13:05 B C:\jakarta-tomcat-3.2.4\webapps\cocoon\exslt\date\functions\month-abbreviation\date.msxsl.xsl --> marian.cs.nott.ac.uk /stud/pg/cds/exslt/date/functions/month-abbreviation date.msxsl.xsl
103.10.21 13:05 B C:\jakarta-tomcat-3.2.4\webapps\cocoon\exslt\date\functions\month-abbreviation\date.msxsl.xsl.html --> marian.cs.nott.ac.uk /stud/pg/cds/exslt/date/functions/month-abbreviation date.msxsl.xsl.html
103.10.21 13:05 B C:\jakarta-tomcat-3.2.4\webapps\cocoon\exslt\date\functions\month-abbreviation\index.html --> marian.cs.nott.ac.uk /stud/pg/cds/exslt/date/functions/month-abbreviation index.html
103.10.21 13:05 B C:\jakarta-tomcat-3.2.4\webapps\cocoon\exslt\date\functions\month-abbreviation\out.html --> marian.cs.nott.ac.uk /stud/pg/cds/exslt/date/functions/month-abbreviation out.html
103.10.21 13:05 B C:\jakarta-tomcat-3.2.4\webapps\cocoon\exslt\date\functions\month-abbreviation\refresh.bat --> marian.cs.nott.ac.uk /stud/pg/cds/exslt/date/functions/month-abbreviation refresh.bat
103.10.21 13:05 B C:\jakarta-tomcat-3.2.4\webapps\cocoon\exslt\date\functions\month-abbreviation\update.bat --> marian.cs.nott.ac.uk /stud/pg/cds/exslt/date/functions/month-abbreviation update.bat
103.10.21 13:05 B C:\jakarta-tomcat-3.2.4\webapps\cocoon\exslt\date\functions\month-abbreviation\WS_FTP.LOG --> marian.cs.nott.ac.uk /stud/pg/cds/exslt/date/functions/month-abbreviation WS_FTP.LOG
103.10.23 13:18 B C:\jakarta-tomcat-3.2.4\webapps\cocoon\exslt\date\functions\month-abbreviation\base.css --> ftp.exslt.org /www.exslt.org/public_html/date/functions/month-abbreviation base.css
103.10.23 13:18 B C:\jakarta-tomcat-3.2.4\webapps\cocoon\exslt\date\functions\month-abbreviation\date.js --> ftp.exslt.org /www.exslt.org/public_html/date/functions/month-abbreviation date.js
103.10.23 13:18 B C:\jakarta-tomcat-3.2.4\webapps\cocoon\exslt\date\functions\month-abbreviation\date.js.html --> ftp.exslt.org /www.exslt.org/public_html/date/functions/month-abbreviation date.js.html
103.10.23 13:18 B C:\jakarta-tomcat-3.2.4\webapps\cocoon\exslt\date\functions\month-abbreviation\date.month-abbreviation.1.html --> ftp.exslt.org /www.exslt.org/public_html/date/functions/month-abbreviation date.month-abbreviation.1.html
103.10.23 13:18 B C:\jakarta-tomcat-3.2.4\webapps\cocoon\exslt\date\functions\month-abbreviation\date.month-abbreviation.1.xml --> ftp.exslt.org /www.exslt.org/public_html/date/functions/month-abbreviation date.month-abbreviation.1.xml
103.10.23 13:18 B C:\jakarta-tomcat-3.2.4\webapps\cocoon\exslt\date\functions\month-abbreviation\date.month-abbreviation.2.html --> ftp.exslt.org /www.exslt.org/public_html/date/functions/month-abbreviation date.month-abbreviation.2.html
103.10.23 13:18 B C:\jakarta-tomcat-3.2.4\webapps\cocoon\exslt\date\functions\month-abbreviation\date.month-abbreviation.function.xsl --> ftp.exslt.org /www.exslt.org/public_html/date/functions/month-abbreviation date.month-abbreviation.function.xsl
103.10.23 13:18 B C:\jakarta-tomcat-3.2.4\webapps\cocoon\exslt\date\functions\month-abbreviation\date.month-abbreviation.function.xsl.html --> ftp.exslt.org /www.exslt.org/public_html/date/functions/month-abbreviation date.month-abbreviation.function.xsl.html
103.10.23 13:18 B C:\jakarta-tomcat-3.2.4\webapps\cocoon\exslt\date\functions\month-abbreviation\date.month-abbreviation.html --> ftp.exslt.org /www.exslt.org/public_html/date/functions/month-abbreviation date.month-abbreviation.html
103.10.23 13:18 B C:\jakarta-tomcat-3.2.4\webapps\cocoon\exslt\date\functions\month-abbreviation\date.month-abbreviation.package.txt --> ftp.exslt.org /www.exslt.org/public_html/date/functions/month-abbreviation date.month-abbreviation.package.txt
103.10.23 13:18 B C:\jakarta-tomcat-3.2.4\webapps\cocoon\exslt\date\functions\month-abbreviation\date.month-abbreviation.template.xsl --> ftp.exslt.org /www.exslt.org/public_html/date/functions/month-abbreviation date.month-abbreviation.template.xsl
103.10.23 13:18 B C:\jakarta-tomcat-3.2.4\webapps\cocoon\exslt\date\functions\month-abbreviation\date.month-abbreviation.template.xsl.html --> ftp.exslt.org /www.exslt.org/public_html/date/functions/month-abbreviation date.month-abbreviation.template.xsl.html
103.10.23 13:18 B C:\jakarta-tomcat-3.2.4\webapps\cocoon\exslt\date\functions\month-abbreviation\date.month-abbreviation.use-cases.txt --> ftp.exslt.org /www.exslt.org/public_html/date/functions/month-abbreviation date.month-abbreviation.use-cases.txt
103.10.23 13:18 B C:\jakarta-tomcat-3.2.4\webapps\cocoon\exslt\date\functions\month-abbreviation\date.month-abbreviation.use-cases.zip --> ftp.exslt.org /www.exslt.org/public_html/date/functions/month-abbreviation date.month-abbreviation.use-cases.zip
103.10.23 13:18 B C:\jakarta-tomcat-3.2.4\webapps\cocoon\exslt\date\functions\month-abbreviation\date.month-abbreviation.xml --> ftp.exslt.org /www.exslt.org/public_html/date/functions/month-abbreviation date.month-abbreviation.xml
103.10.23 13:18 B C:\jakarta-tomcat-3.2.4\webapps\cocoon\exslt\date\functions\month-abbreviation\date.month-abbreviation.xsl --> ftp.exslt.org /www.exslt.org/public_html/date/functions/month-abbreviation date.month-abbreviation.xsl
103.10.23 13:18 B C:\jakarta-tomcat-3.2.4\webapps\cocoon\exslt\date\functions\month-abbreviation\date.month-abbreviation.zip --> ftp.exslt.org /www.exslt.org/public_html/date/functions/month-abbreviation date.month-abbreviation.zip
103.10.23 13:19 B C:\jakarta-tomcat-3.2.4\webapps\cocoon\exslt\date\functions\month-abbreviation\date.msxsl.xsl --> ftp.exslt.org /www.exslt.org/public_html/date/functions/month-abbreviation date.msxsl.xsl
103.10.23 13:19 B C:\jakarta-tomcat-3.2.4\webapps\cocoon\exslt\date\functions\month-abbreviation\date.msxsl.xsl.html --> ftp.exslt.org /www.exslt.org/public_html/date/functions/month-abbreviation date.msxsl.xsl.html
103.10.23 13:19 B C:\jakarta-tomcat-3.2.4\webapps\cocoon\exslt\date\functions\month-abbreviation\index.html --> ftp.exslt.org /www.exslt.org/public_html/date/functions/month-abbreviation index.html
103.10.23 13:19 B C:\jakarta-tomcat-3.2.4\webapps\cocoon\exslt\date\functions\month-abbreviation\out.html --> ftp.exslt.org /www.exslt.org/public_html/date/functions/month-abbreviation out.html
103.10.23 13:19 B C:\jakarta-tomcat-3.2.4\webapps\cocoon\exslt\date\functions\month-abbreviation\refresh.bat --> ftp.exslt.org /www.exslt.org/public_html/date/functions/month-abbreviation refresh.bat
103.10.23 13:19 B C:\jakarta-tomcat-3.2.4\webapps\cocoon\exslt\date\functions\month-abbreviation\update.bat --> ftp.exslt.org /www.exslt.org/public_html/date/functions/month-abbreviation update.bat
103.10.23 13:19 B C:\jakarta-tomcat-3.2.4\webapps\cocoon\exslt\date\functions\month-abbreviation\WS_FTP.LOG --> ftp.exslt.org /www.exslt.org/public_html/date/functions/month-abbreviation WS_FTP.LOG
103.10.23 13:31 B C:\jakarta-tomcat-3.2.4\webapps\cocoon\exslt\date\functions\month-abbreviation\base.css --> ftp.exslt.org /www.exslt.org/public_html/month-abbreviation base.css
103.10.23 13:44 B C:\jakarta-tomcat-3.2.4\webapps\cocoon\exslt\date\functions\month-abbreviation\base.css --> ftp.exslt.org /www.exslt.org/public_html/month-abbreviation base.css
103.10.23 13:44 B C:\jakarta-tomcat-3.2.4\webapps\cocoon\exslt\date\functions\month-abbreviation\date.js --> ftp.exslt.org /www.exslt.org/public_html/month-abbreviation date.js
103.10.23 13:44 B C:\jakarta-tomcat-3.2.4\webapps\cocoon\exslt\date\functions\month-abbreviation\date.js.html --> ftp.exslt.org /www.exslt.org/public_html/month-abbreviation date.js.html
103.10.23 13:44 B C:\jakarta-tomcat-3.2.4\webapps\cocoon\exslt\date\functions\month-abbreviation\date.month-abbreviation.1.html --> ftp.exslt.org /www.exslt.org/public_html/month-abbreviation date.month-abbreviation.1.html
103.10.23 13:44 B C:\jakarta-tomcat-3.2.4\webapps\cocoon\exslt\date\functions\month-abbreviation\date.month-abbreviation.1.xml --> ftp.exslt.org /www.exslt.org/public_html/month-abbreviation date.month-abbreviation.1.xml
103.10.23 13:44 B C:\jakarta-tomcat-3.2.4\webapps\cocoon\exslt\date\functions\month-abbreviation\date.month-abbreviation.2.html --> ftp.exslt.org /www.exslt.org/public_html/month-abbreviation date.month-abbreviation.2.html
103.10.23 13:44 B C:\jakarta-tomcat-3.2.4\webapps\cocoon\exslt\date\functions\month-abbreviation\date.month-abbreviation.function.xsl --> ftp.exslt.org /www.exslt.org/public_html/month-abbreviation date.month-abbreviation.function.xsl
103.10.23 13:45 B C:\jakarta-tomcat-3.2.4\webapps\cocoon\exslt\date\functions\month-abbreviation\date.month-abbreviation.function.xsl.html --> ftp.exslt.org /www.exslt.org/public_html/month-abbreviation date.month-abbreviation.function.xsl.html
103.10.23 13:54 B C:\jakarta-tomcat-3.2.4\webapps\cocoon\exslt\date\functions\month-abbreviation\base.css --> ftp.exslt.org /www.exslt.org/public_html/month-abbreviation base.css
103.10.23 13:54 B C:\jakarta-tomcat-3.2.4\webapps\cocoon\exslt\date\functions\month-abbreviation\date.js --> ftp.exslt.org /www.exslt.org/public_html/month-abbreviation date.js
103.10.23 13:54 B C:\jakarta-tomcat-3.2.4\webapps\cocoon\exslt\date\functions\month-abbreviation\date.js.html --> ftp.exslt.org /www.exslt.org/public_html/month-abbreviation date.js.html
103.10.23 13:54 B C:\jakarta-tomcat-3.2.4\webapps\cocoon\exslt\date\functions\month-abbreviation\date.month-abbreviation.1.html --> ftp.exslt.org /www.exslt.org/public_html/month-abbreviation date.month-abbreviation.1.html
103.10.23 13:54 B C:\jakarta-tomcat-3.2.4\webapps\cocoon\exslt\date\functions\month-abbreviation\date.month-abbreviation.1.xml --> ftp.exslt.org /www.exslt.org/public_html/month-abbreviation date.month-abbreviation.1.xml
103.10.23 13:54 B C:\jakarta-tomcat-3.2.4\webapps\cocoon\exslt\date\functions\month-abbreviation\date.month-abbreviation.2.html --> ftp.exslt.org /www.exslt.org/public_html/month-abbreviation date.month-abbreviation.2.html
103.10.23 13:54 B C:\jakarta-tomcat-3.2.4\webapps\cocoon\exslt\date\functions\month-abbreviation\date.month-abbreviation.function.xsl --> ftp.exslt.org /www.exslt.org/public_html/month-abbreviation date.month-abbreviation.function.xsl
103.10.23 13:54 B C:\jakarta-tomcat-3.2.4\webapps\cocoon\exslt\date\functions\month-abbreviation\date.month-abbreviation.function.xsl.html --> ftp.exslt.org /www.exslt.org/public_html/month-abbreviation date.month-abbreviation.function.xsl.html
103.10.23 13:54 B C:\jakarta-tomcat-3.2.4\webapps\cocoon\exslt\date\functions\month-abbreviation\date.month-abbreviation.html --> ftp.exslt.org /www.exslt.org/public_html/month-abbreviation date.month-abbreviation.html
103.10.23 13:54 B C:\jakarta-tomcat-3.2.4\webapps\cocoon\exslt\date\functions\month-abbreviation\date.month-abbreviation.package.txt --> ftp.exslt.org /www.exslt.org/public_html/month-abbreviation date.month-abbreviation.package.txt
103.10.23 13:54 B C:\jakarta-tomcat-3.2.4\webapps\cocoon\exslt\date\functions\month-abbreviation\date.month-abbreviation.template.xsl --> ftp.exslt.org /www.exslt.org/public_html/month-abbreviation date.month-abbreviation.template.xsl
103.10.23 13:55 B C:\jakarta-tomcat-3.2.4\webapps\cocoon\exslt\date\functions\month-abbreviation\date.month-abbreviation.template.xsl.html --> ftp.exslt.org /www.exslt.org/public_html/month-abbreviation date.month-abbreviation.template.xsl.html
103.10.23 13:55 B C:\jakarta-tomcat-3.2.4\webapps\cocoon\exslt\date\functions\month-abbreviation\date.month-abbreviation.use-cases.txt --> ftp.exslt.org /www.exslt.org/public_html/month-abbreviation date.month-abbreviation.use-cases.txt
103.10.23 13:55 B C:\jakarta-tomcat-3.2.4\webapps\cocoon\exslt\date\functions\month-abbreviation\date.month-abbreviation.use-cases.zip --> ftp.exslt.org /www.exslt.org/public_html/month-abbreviation date.month-abbreviation.use-cases.zip
103.10.23 13:55 B C:\jakarta-tomcat-3.2.4\webapps\cocoon\exslt\date\functions\month-abbreviation\date.month-abbreviation.xml --> ftp.exslt.org /www.exslt.org/public_html/month-abbreviation date.month-abbreviation.xml
103.10.23 13:55 B C:\jakarta-tomcat-3.2.4\webapps\cocoon\exslt\date\functions\month-abbreviation\date.month-abbreviation.xsl --> ftp.exslt.org /www.exslt.org/public_html/month-abbreviation date.month-abbreviation.xsl
103.10.23 13:55 B C:\jakarta-tomcat-3.2.4\webapps\cocoon\exslt\date\functions\month-abbreviation\date.month-abbreviation.zip --> ftp.exslt.org /www.exslt.org/public_html/month-abbreviation date.month-abbreviation.zip
103.10.23 13:55 B C:\jakarta-tomcat-3.2.4\webapps\cocoon\exslt\date\functions\month-abbreviation\date.msxsl.xsl --> ftp.exslt.org /www.exslt.org/public_html/month-abbreviation date.msxsl.xsl
103.10.23 13:55 B C:\jakarta-tomcat-3.2.4\webapps\cocoon\exslt\date\functions\month-abbreviation\date.msxsl.xsl.html --> ftp.exslt.org /www.exslt.org/public_html/month-abbreviation date.msxsl.xsl.html
103.10.23 13:55 B C:\jakarta-tomcat-3.2.4\webapps\cocoon\exslt\date\functions\month-abbreviation\index.html --> ftp.exslt.org /www.exslt.org/public_html/month-abbreviation index.html
103.10.23 13:55 B C:\jakarta-tomcat-3.2.4\webapps\cocoon\exslt\date\functions\month-abbreviation\out.html --> ftp.exslt.org /www.exslt.org/public_html/month-abbreviation out.html
103.10.23 13:55 B C:\jakarta-tomcat-3.2.4\webapps\cocoon\exslt\date\functions\month-abbreviation\refresh.bat --> ftp.exslt.org /www.exslt.org/public_html/month-abbreviation refresh.bat
103.10.23 13:55 B C:\jakarta-tomcat-3.2.4\webapps\cocoon\exslt\date\functions\month-abbreviation\update.bat --> ftp.exslt.org /www.exslt.org/public_html/month-abbreviation update.bat
103.10.23 13:56 B C:\jakarta-tomcat-3.2.4\webapps\cocoon\exslt\date\functions\month-abbreviation\WS_FTP.LOG --> ftp.exslt.org /www.exslt.org/public_html/month-abbreviation WS_FTP.LOG
103.10.23 14:47 B C:\jakarta-tomcat-3.2.4\webapps\cocoon\exslt\date\functions\month-abbreviation\base.css --> ftp.exslt.org /www.exslt.org/public_html/date/functions/month-abbreviation base.css
103.10.23 14:47 B C:\jakarta-tomcat-3.2.4\webapps\cocoon\exslt\date\functions\month-abbreviation\date.js --> ftp.exslt.org /www.exslt.org/public_html/date/functions/month-abbreviation date.js
103.10.23 14:47 B C:\jakarta-tomcat-3.2.4\webapps\cocoon\exslt\date\functions\month-abbreviation\date.js.html --> ftp.exslt.org /www.exslt.org/public_html/date/functions/month-abbreviation date.js.html
103.10.23 14:47 B C:\jakarta-tomcat-3.2.4\webapps\cocoon\exslt\date\functions\month-abbreviation\date.month-abbreviation.1.html --> ftp.exslt.org /www.exslt.org/public_html/date/functions/month-abbreviation date.month-abbreviation.1.html
103.10.23 14:47 B C:\jakarta-tomcat-3.2.4\webapps\cocoon\exslt\date\functions\month-abbreviation\date.month-abbreviation.1.xml --> ftp.exslt.org /www.exslt.org/public_html/date/functions/month-abbreviation date.month-abbreviation.1.xml
103.10.23 14:47 B C:\jakarta-tomcat-3.2.4\webapps\cocoon\exslt\date\functions\month-abbreviation\date.month-abbreviation.2.html --> ftp.exslt.org /www.exslt.org/public_html/date/functions/month-abbreviation date.month-abbreviation.2.html
103.10.23 14:47 B C:\jakarta-tomcat-3.2.4\webapps\cocoon\exslt\date\functions\month-abbreviation\date.month-abbreviation.function.xsl --> ftp.exslt.org /www.exslt.org/public_html/date/functions/month-abbreviation date.month-abbreviation.function.xsl
103.10.23 14:48 B C:\jakarta-tomcat-3.2.4\webapps\cocoon\exslt\date\functions\month-abbreviation\date.month-abbreviation.function.xsl.html --> ftp.exslt.org /www.exslt.org/public_html/date/functions/month-abbreviation date.month-abbreviation.function.xsl.html
103.10.23 14:48 B C:\jakarta-tomcat-3.2.4\webapps\cocoon\exslt\date\functions\month-abbreviation\date.month-abbreviation.html --> ftp.exslt.org /www.exslt.org/public_html/date/functions/month-abbreviation date.month-abbreviation.html
103.10.23 14:48 B C:\jakarta-tomcat-3.2.4\webapps\cocoon\exslt\date\functions\month-abbreviation\date.month-abbreviation.package.txt --> ftp.exslt.org /www.exslt.org/public_html/date/functions/month-abbreviation date.month-abbreviation.package.txt
103.10.23 14:48 B C:\jakarta-tomcat-3.2.4\webapps\cocoon\exslt\date\functions\month-abbreviation\date.month-abbreviation.template.xsl --> ftp.exslt.org /www.exslt.org/public_html/date/functions/month-abbreviation date.month-abbreviation.template.xsl
103.10.23 14:48 B C:\jakarta-tomcat-3.2.4\webapps\cocoon\exslt\date\functions\month-abbreviation\date.month-abbreviation.template.xsl.html --> ftp.exslt.org /www.exslt.org/public_html/date/functions/month-abbreviation date.month-abbreviation.template.xsl.html
103.10.23 14:48 B C:\jakarta-tomcat-3.2.4\webapps\cocoon\exslt\date\functions\month-abbreviation\date.month-abbreviation.use-cases.txt --> ftp.exslt.org /www.exslt.org/public_html/date/functions/month-abbreviation date.month-abbreviation.use-cases.txt
103.10.23 14:48 B C:\jakarta-tomcat-3.2.4\webapps\cocoon\exslt\date\functions\month-abbreviation\date.month-abbreviation.use-cases.zip --> ftp.exslt.org /www.exslt.org/public_html/date/functions/month-abbreviation date.month-abbreviation.use-cases.zip
103.10.23 14:48 B C:\jakarta-tomcat-3.2.4\webapps\cocoon\exslt\date\functions\month-abbreviation\date.month-abbreviation.xml --> ftp.exslt.org /www.exslt.org/public_html/date/functions/month-abbreviation date.month-abbreviation.xml
103.10.23 14:48 B C:\jakarta-tomcat-3.2.4\webapps\cocoon\exslt\date\functions\month-abbreviation\date.month-abbreviation.xsl --> ftp.exslt.org /www.exslt.org/public_html/date/functions/month-abbreviation date.month-abbreviation.xsl
103.10.23 14:48 B C:\jakarta-tomcat-3.2.4\webapps\cocoon\exslt\date\functions\month-abbreviation\date.month-abbreviation.zip --> ftp.exslt.org /www.exslt.org/public_html/date/functions/month-abbreviation date.month-abbreviation.zip
103.10.23 14:48 B C:\jakarta-tomcat-3.2.4\webapps\cocoon\exslt\date\functions\month-abbreviation\date.msxsl.xsl --> ftp.exslt.org /www.exslt.org/public_html/date/functions/month-abbreviation date.msxsl.xsl
103.10.23 14:48 B C:\jakarta-tomcat-3.2.4\webapps\cocoon\exslt\date\functions\month-abbreviation\date.msxsl.xsl.html --> ftp.exslt.org /www.exslt.org/public_html/date/functions/month-abbreviation date.msxsl.xsl.html
103.10.23 14:48 B C:\jakarta-tomcat-3.2.4\webapps\cocoon\exslt\date\functions\month-abbreviation\index.html --> ftp.exslt.org /www.exslt.org/public_html/date/functions/month-abbreviation index.html
103.10.23 14:48 B C:\jakarta-tomcat-3.2.4\webapps\cocoon\exslt\date\functions\month-abbreviation\out.html --> ftp.exslt.org /www.exslt.org/public_html/date/functions/month-abbreviation out.html
103.10.23 14:48 B C:\jakarta-tomcat-3.2.4\webapps\cocoon\exslt\date\functions\month-abbreviation\refresh.bat --> ftp.exslt.org /www.exslt.org/public_html/date/functions/month-abbreviation refresh.bat
103.10.23 14:49 B C:\jakarta-tomcat-3.2.4\webapps\cocoon\exslt\date\functions\month-abbreviation\update.bat --> ftp.exslt.org /www.exslt.org/public_html/date/functions/month-abbreviation update.bat
103.10.23 14:49 B C:\jakarta-tomcat-3.2.4\webapps\cocoon\exslt\date\functions\month-abbreviation\WS_FTP.LOG --> ftp.exslt.org /www.exslt.org/public_html/date/functions/month-abbreviation WS_FTP.LOG
103.10.23 14:54 B C:\jakarta-tomcat-3.2.4\webapps\cocoon\exslt\date\functions\month-abbreviation\base.css --> ftp.exslt.org /www.exslt.org/public_html/date/functions/month-abbreviation base.css
103.10.23 14:55 B C:\jakarta-tomcat-3.2.4\webapps\cocoon\exslt\date\functions\month-abbreviation\date.js --> ftp.exslt.org /www.exslt.org/public_html/date/functions/month-abbreviation date.js
103.10.23 14:55 B C:\jakarta-tomcat-3.2.4\webapps\cocoon\exslt\date\functions\month-abbreviation\date.js.html --> ftp.exslt.org /www.exslt.org/public_html/date/functions/month-abbreviation date.js.html
103.10.23 14:55 B C:\jakarta-tomcat-3.2.4\webapps\cocoon\exslt\date\functions\month-abbreviation\date.month-abbreviation.1.html --> ftp.exslt.org /www.exslt.org/public_html/date/functions/month-abbreviation date.month-abbreviation.1.html
103.10.23 14:55 B C:\jakarta-tomcat-3.2.4\webapps\cocoon\exslt\date\functions\month-abbreviation\date.month-abbreviation.1.xml --> ftp.exslt.org /www.exslt.org/public_html/date/functions/month-abbreviation date.month-abbreviation.1.xml
103.10.23 14:55 B C:\jakarta-tomcat-3.2.4\webapps\cocoon\exslt\date\functions\month-abbreviation\date.month-abbreviation.2.html --> ftp.exslt.org /www.exslt.org/public_html/date/functions/month-abbreviation date.month-abbreviation.2.html
103.10.23 14:55 B C:\jakarta-tomcat-3.2.4\webapps\cocoon\exslt\date\functions\month-abbreviation\date.month-abbreviation.function.xsl --> ftp.exslt.org /www.exslt.org/public_html/date/functions/month-abbreviation date.month-abbreviation.function.xsl
103.10.23 14:55 B C:\jakarta-tomcat-3.2.4\webapps\cocoon\exslt\date\functions\month-abbreviation\date.month-abbreviation.function.xsl.html --> ftp.exslt.org /www.exslt.org/public_html/date/functions/month-abbreviation date.month-abbreviation.function.xsl.html
103.10.23 14:55 B C:\jakarta-tomcat-3.2.4\webapps\cocoon\exslt\date\functions\month-abbreviation\date.month-abbreviation.html --> ftp.exslt.org /www.exslt.org/public_html/date/functions/month-abbreviation date.month-abbreviation.html
103.10.23 14:55 B C:\jakarta-tomcat-3.2.4\webapps\cocoon\exslt\date\functions\month-abbreviation\date.month-abbreviation.package.txt --> ftp.exslt.org /www.exslt.org/public_html/date/functions/month-abbreviation date.month-abbreviation.package.txt
103.10.23 14:55 B C:\jakarta-tomcat-3.2.4\webapps\cocoon\exslt\date\functions\month-abbreviation\date.month-abbreviation.template.xsl --> ftp.exslt.org /www.exslt.org/public_html/date/functions/month-abbreviation date.month-abbreviation.template.xsl
103.10.23 14:55 B C:\jakarta-tomcat-3.2.4\webapps\cocoon\exslt\date\functions\month-abbreviation\date.month-abbreviation.template.xsl.html --> ftp.exslt.org /www.exslt.org/public_html/date/functions/month-abbreviation date.month-abbreviation.template.xsl.html
103.10.23 14:55 B C:\jakarta-tomcat-3.2.4\webapps\cocoon\exslt\date\functions\month-abbreviation\date.month-abbreviation.use-cases.txt --> ftp.exslt.org /www.exslt.org/public_html/date/functions/month-abbreviation date.month-abbreviation.use-cases.txt
103.10.23 14:55 B C:\jakarta-tomcat-3.2.4\webapps\cocoon\exslt\date\functions\month-abbreviation\date.month-abbreviation.use-cases.zip --> ftp.exslt.org /www.exslt.org/public_html/date/functions/month-abbreviation date.month-abbreviation.use-cases.zip
103.10.23 14:55 B C:\jakarta-tomcat-3.2.4\webapps\cocoon\exslt\date\functions\month-abbreviation\date.month-abbreviation.xml --> ftp.exslt.org /www.exslt.org/public_html/date/functions/month-abbreviation date.month-abbreviation.xml
103.10.23 14:55 B C:\jakarta-tomcat-3.2.4\webapps\cocoon\exslt\date\functions\month-abbreviation\date.month-abbreviation.xsl --> ftp.exslt.org /www.exslt.org/public_html/date/functions/month-abbreviation date.month-abbreviation.xsl
103.10.23 14:55 B C:\jakarta-tomcat-3.2.4\webapps\cocoon\exslt\date\functions\month-abbreviation\date.month-abbreviation.zip --> ftp.exslt.org /www.exslt.org/public_html/date/functions/month-abbreviation date.month-abbreviation.zip
103.10.23 14:55 B C:\jakarta-tomcat-3.2.4\webapps\cocoon\exslt\date\functions\month-abbreviation\date.msxsl.xsl --> ftp.exslt.org /www.exslt.org/public_html/date/functions/month-abbreviation date.msxsl.xsl
103.10.23 14:55 B C:\jakarta-tomcat-3.2.4\webapps\cocoon\exslt\date\functions\month-abbreviation\date.msxsl.xsl.html --> ftp.exslt.org /www.exslt.org/public_html/date/functions/month-abbreviation date.msxsl.xsl.html
103.10.23 14:55 B C:\jakarta-tomcat-3.2.4\webapps\cocoon\exslt\date\functions\month-abbreviation\index.html --> ftp.exslt.org /www.exslt.org/public_html/date/functions/month-abbreviation index.html
103.10.23 14:55 B C:\jakarta-tomcat-3.2.4\webapps\cocoon\exslt\date\functions\month-abbreviation\out.html --> ftp.exslt.org /www.exslt.org/public_html/date/functions/month-abbreviation out.html
103.10.23 14:55 B C:\jakarta-tomcat-3.2.4\webapps\cocoon\exslt\date\functions\month-abbreviation\refresh.bat --> ftp.exslt.org /www.exslt.org/public_html/date/functions/month-abbreviation refresh.bat
103.10.23 14:55 B C:\jakarta-tomcat-3.2.4\webapps\cocoon\exslt\date\functions\month-abbreviation\update.bat --> ftp.exslt.org /www.exslt.org/public_html/date/functions/month-abbreviation update.bat
