102.08.21 17:33 B C:\jakarta-tomcat-3.2.4\webapps\cocoon\exslt\str\functions\replace\base.css --> ftp.exslt.org /www.exslt.org/public_html/str/functions/replace base.css
102.08.21 17:33 B C:\jakarta-tomcat-3.2.4\webapps\cocoon\exslt\str\functions\replace\index.html --> ftp.exslt.org /www.exslt.org/public_html/str/functions/replace index.html
102.08.21 17:33 B C:\jakarta-tomcat-3.2.4\webapps\cocoon\exslt\str\functions\replace\refresh.bat --> ftp.exslt.org /www.exslt.org/public_html/str/functions/replace refresh.bat
102.08.21 17:33 B C:\jakarta-tomcat-3.2.4\webapps\cocoon\exslt\str\functions\replace\str.replace.1.html --> ftp.exslt.org /www.exslt.org/public_html/str/functions/replace str.replace.1.html
102.08.21 17:33 B C:\jakarta-tomcat-3.2.4\webapps\cocoon\exslt\str\functions\replace\str.replace.function.xsl --> ftp.exslt.org /www.exslt.org/public_html/str/functions/replace str.replace.function.xsl
102.08.21 17:33 B C:\jakarta-tomcat-3.2.4\webapps\cocoon\exslt\str\functions\replace\str.replace.function.xsl.html --> ftp.exslt.org /www.exslt.org/public_html/str/functions/replace str.replace.function.xsl.html
102.08.21 17:33 B C:\jakarta-tomcat-3.2.4\webapps\cocoon\exslt\str\functions\replace\str.replace.html --> ftp.exslt.org /www.exslt.org/public_html/str/functions/replace str.replace.html
102.08.21 17:33 B C:\jakarta-tomcat-3.2.4\webapps\cocoon\exslt\str\functions\replace\str.replace.package.txt --> ftp.exslt.org /www.exslt.org/public_html/str/functions/replace str.replace.package.txt
102.08.21 17:33 B C:\jakarta-tomcat-3.2.4\webapps\cocoon\exslt\str\functions\replace\str.replace.template.xsl --> ftp.exslt.org /www.exslt.org/public_html/str/functions/replace str.replace.template.xsl
102.08.21 17:33 B C:\jakarta-tomcat-3.2.4\webapps\cocoon\exslt\str\functions\replace\str.replace.template.xsl.html --> ftp.exslt.org /www.exslt.org/public_html/str/functions/replace str.replace.template.xsl.html
102.08.21 17:33 B C:\jakarta-tomcat-3.2.4\webapps\cocoon\exslt\str\functions\replace\str.replace.use-cases.txt --> ftp.exslt.org /www.exslt.org/public_html/str/functions/replace str.replace.use-cases.txt
102.08.21 17:33 B C:\jakarta-tomcat-3.2.4\webapps\cocoon\exslt\str\functions\replace\str.replace.use-cases.zip --> ftp.exslt.org /www.exslt.org/public_html/str/functions/replace str.replace.use-cases.zip
102.08.21 17:33 B C:\jakarta-tomcat-3.2.4\webapps\cocoon\exslt\str\functions\replace\str.replace.xml --> ftp.exslt.org /www.exslt.org/public_html/str/functions/replace str.replace.xml
102.08.21 17:33 B C:\jakarta-tomcat-3.2.4\webapps\cocoon\exslt\str\functions\replace\str.replace.xsl --> ftp.exslt.org /www.exslt.org/public_html/str/functions/replace str.replace.xsl
102.08.21 17:33 B C:\jakarta-tomcat-3.2.4\webapps\cocoon\exslt\str\functions\replace\str.replace.zip --> ftp.exslt.org /www.exslt.org/public_html/str/functions/replace str.replace.zip
102.08.21 17:33 B C:\jakarta-tomcat-3.2.4\webapps\cocoon\exslt\str\functions\replace\update.bat --> ftp.exslt.org /www.exslt.org/public_html/str/functions/replace update.bat
102.11.19 14:12 B C:\jakarta-tomcat-3.2.4\webapps\cocoon\exslt\str\functions\replace\base.css --> ftp.exslt.org /www.exslt.org/public_html/str/functions/replace base.css
102.11.19 14:12 B C:\jakarta-tomcat-3.2.4\webapps\cocoon\exslt\str\functions\replace\index.html --> ftp.exslt.org /www.exslt.org/public_html/str/functions/replace index.html
102.11.19 14:12 B C:\jakarta-tomcat-3.2.4\webapps\cocoon\exslt\str\functions\replace\refresh.bat --> ftp.exslt.org /www.exslt.org/public_html/str/functions/replace refresh.bat
102.11.19 14:12 B C:\jakarta-tomcat-3.2.4\webapps\cocoon\exslt\str\functions\replace\str.replace.1.html --> ftp.exslt.org /www.exslt.org/public_html/str/functions/replace str.replace.1.html
102.11.19 14:12 B C:\jakarta-tomcat-3.2.4\webapps\cocoon\exslt\str\functions\replace\str.replace.function.xsl --> ftp.exslt.org /www.exslt.org/public_html/str/functions/replace str.replace.function.xsl
102.11.19 14:12 B C:\jakarta-tomcat-3.2.4\webapps\cocoon\exslt\str\functions\replace\str.replace.function.xsl.html --> ftp.exslt.org /www.exslt.org/public_html/str/functions/replace str.replace.function.xsl.html
102.11.19 14:12 B C:\jakarta-tomcat-3.2.4\webapps\cocoon\exslt\str\functions\replace\str.replace.html --> ftp.exslt.org /www.exslt.org/public_html/str/functions/replace str.replace.html
102.11.19 14:12 B C:\jakarta-tomcat-3.2.4\webapps\cocoon\exslt\str\functions\replace\str.replace.package.txt --> ftp.exslt.org /www.exslt.org/public_html/str/functions/replace str.replace.package.txt
102.11.19 14:12 B C:\jakarta-tomcat-3.2.4\webapps\cocoon\exslt\str\functions\replace\str.replace.template.xsl --> ftp.exslt.org /www.exslt.org/public_html/str/functions/replace str.replace.template.xsl
102.11.19 14:12 B C:\jakarta-tomcat-3.2.4\webapps\cocoon\exslt\str\functions\replace\str.replace.template.xsl.html --> ftp.exslt.org /www.exslt.org/public_html/str/functions/replace str.replace.template.xsl.html
102.11.19 14:12 B C:\jakarta-tomcat-3.2.4\webapps\cocoon\exslt\str\functions\replace\str.replace.use-cases.txt --> ftp.exslt.org /www.exslt.org/public_html/str/functions/replace str.replace.use-cases.txt
102.11.19 14:12 B C:\jakarta-tomcat-3.2.4\webapps\cocoon\exslt\str\functions\replace\str.replace.use-cases.zip --> ftp.exslt.org /www.exslt.org/public_html/str/functions/replace str.replace.use-cases.zip
102.11.19 14:12 B C:\jakarta-tomcat-3.2.4\webapps\cocoon\exslt\str\functions\replace\str.replace.xml --> ftp.exslt.org /www.exslt.org/public_html/str/functions/replace str.replace.xml
102.11.19 14:12 B C:\jakarta-tomcat-3.2.4\webapps\cocoon\exslt\str\functions\replace\str.replace.xsl --> ftp.exslt.org /www.exslt.org/public_html/str/functions/replace str.replace.xsl
102.11.19 14:12 B C:\jakarta-tomcat-3.2.4\webapps\cocoon\exslt\str\functions\replace\str.replace.zip --> ftp.exslt.org /www.exslt.org/public_html/str/functions/replace str.replace.zip
102.11.19 14:12 B C:\jakarta-tomcat-3.2.4\webapps\cocoon\exslt\str\functions\replace\update.bat --> ftp.exslt.org /www.exslt.org/public_html/str/functions/replace update.bat
102.12.02 12:34 B C:\jakarta-tomcat-3.2.4\webapps\cocoon\exslt\public_html\str\functions\replace\WS_FTP.LOG <-- ftp.exslt.org /www.exslt.org/public_html/str/functions/replace WS_FTP.LOG
102.12.03 11:15 B C:\jakarta-tomcat-3.2.4\webapps\cocoon\exslt\str\functions\replace\base.css --> ftp.exslt.org /www.exslt.org/public_html/str/functions/replace base.css
102.12.03 11:15 B C:\jakarta-tomcat-3.2.4\webapps\cocoon\exslt\str\functions\replace\index.html --> ftp.exslt.org /www.exslt.org/public_html/str/functions/replace index.html
102.12.03 11:15 B C:\jakarta-tomcat-3.2.4\webapps\cocoon\exslt\str\functions\replace\refresh.bat --> ftp.exslt.org /www.exslt.org/public_html/str/functions/replace refresh.bat
102.12.03 11:15 B C:\jakarta-tomcat-3.2.4\webapps\cocoon\exslt\str\functions\replace\str.out.xml --> ftp.exslt.org /www.exslt.org/public_html/str/functions/replace str.out.xml
102.12.03 11:15 B C:\jakarta-tomcat-3.2.4\webapps\cocoon\exslt\str\functions\replace\str.replace.1.html --> ftp.exslt.org /www.exslt.org/public_html/str/functions/replace str.replace.1.html
102.12.03 11:15 B C:\jakarta-tomcat-3.2.4\webapps\cocoon\exslt\str\functions\replace\str.replace.function.xsl --> ftp.exslt.org /www.exslt.org/public_html/str/functions/replace str.replace.function.xsl
102.12.03 11:15 B C:\jakarta-tomcat-3.2.4\webapps\cocoon\exslt\str\functions\replace\str.replace.function.xsl.html --> ftp.exslt.org /www.exslt.org/public_html/str/functions/replace str.replace.function.xsl.html
102.12.03 11:15 B C:\jakarta-tomcat-3.2.4\webapps\cocoon\exslt\str\functions\replace\str.replace.html --> ftp.exslt.org /www.exslt.org/public_html/str/functions/replace str.replace.html
102.12.03 11:15 B C:\jakarta-tomcat-3.2.4\webapps\cocoon\exslt\str\functions\replace\str.replace.package.txt --> ftp.exslt.org /www.exslt.org/public_html/str/functions/replace str.replace.package.txt
102.12.03 11:15 B C:\jakarta-tomcat-3.2.4\webapps\cocoon\exslt\str\functions\replace\str.replace.template.xsl --> ftp.exslt.org /www.exslt.org/public_html/str/functions/replace str.replace.template.xsl
102.12.03 11:15 B C:\jakarta-tomcat-3.2.4\webapps\cocoon\exslt\str\functions\replace\str.replace.template.xsl.html --> ftp.exslt.org /www.exslt.org/public_html/str/functions/replace str.replace.template.xsl.html
102.12.03 11:15 B C:\jakarta-tomcat-3.2.4\webapps\cocoon\exslt\str\functions\replace\str.replace.use-cases.txt --> ftp.exslt.org /www.exslt.org/public_html/str/functions/replace str.replace.use-cases.txt
102.12.03 11:15 B C:\jakarta-tomcat-3.2.4\webapps\cocoon\exslt\str\functions\replace\str.replace.use-cases.zip --> ftp.exslt.org /www.exslt.org/public_html/str/functions/replace str.replace.use-cases.zip
102.12.03 11:15 B C:\jakarta-tomcat-3.2.4\webapps\cocoon\exslt\str\functions\replace\str.replace.xml --> ftp.exslt.org /www.exslt.org/public_html/str/functions/replace str.replace.xml
102.12.03 11:15 B C:\jakarta-tomcat-3.2.4\webapps\cocoon\exslt\str\functions\replace\str.replace.xsl --> ftp.exslt.org /www.exslt.org/public_html/str/functions/replace str.replace.xsl
102.12.03 11:15 B C:\jakarta-tomcat-3.2.4\webapps\cocoon\exslt\str\functions\replace\str.replace.zip --> ftp.exslt.org /www.exslt.org/public_html/str/functions/replace str.replace.zip
102.12.03 11:15 B C:\jakarta-tomcat-3.2.4\webapps\cocoon\exslt\str\functions\replace\update.bat --> ftp.exslt.org /www.exslt.org/public_html/str/functions/replace update.bat
103.09.29 16:33 B C:\jakarta-tomcat-3.2.4\webapps\cocoon\exslt\str\functions\replace\WS_FTP.LOG <-- ftp.exslt.org /www.exslt.org/public_html/str/functions/replace WS_FTP.LOG
103.10.21 13:11 B C:\jakarta-tomcat-3.2.4\webapps\cocoon\exslt\str\functions\replace\base.css --> marian.cs.nott.ac.uk /stud/pg/cds/exslt/str/functions/replace base.css
103.10.21 13:11 B C:\jakarta-tomcat-3.2.4\webapps\cocoon\exslt\str\functions\replace\index.html --> marian.cs.nott.ac.uk /stud/pg/cds/exslt/str/functions/replace index.html
103.10.21 13:11 B C:\jakarta-tomcat-3.2.4\webapps\cocoon\exslt\str\functions\replace\refresh.bat --> marian.cs.nott.ac.uk /stud/pg/cds/exslt/str/functions/replace refresh.bat
103.10.21 13:11 B C:\jakarta-tomcat-3.2.4\webapps\cocoon\exslt\str\functions\replace\str.out.xml --> marian.cs.nott.ac.uk /stud/pg/cds/exslt/str/functions/replace str.out.xml
103.10.21 13:11 B C:\jakarta-tomcat-3.2.4\webapps\cocoon\exslt\str\functions\replace\str.replace.1.html --> marian.cs.nott.ac.uk /stud/pg/cds/exslt/str/functions/replace str.replace.1.html
103.10.21 13:12 B C:\jakarta-tomcat-3.2.4\webapps\cocoon\exslt\str\functions\replace\str.replace.function.xsl --> marian.cs.nott.ac.uk /stud/pg/cds/exslt/str/functions/replace str.replace.function.xsl
103.10.21 13:12 B C:\jakarta-tomcat-3.2.4\webapps\cocoon\exslt\str\functions\replace\str.replace.function.xsl.html --> marian.cs.nott.ac.uk /stud/pg/cds/exslt/str/functions/replace str.replace.function.xsl.html
103.10.21 13:12 B C:\jakarta-tomcat-3.2.4\webapps\cocoon\exslt\str\functions\replace\str.replace.html --> marian.cs.nott.ac.uk /stud/pg/cds/exslt/str/functions/replace str.replace.html
103.10.21 13:12 B C:\jakarta-tomcat-3.2.4\webapps\cocoon\exslt\str\functions\replace\str.replace.package.txt --> marian.cs.nott.ac.uk /stud/pg/cds/exslt/str/functions/replace str.replace.package.txt
103.10.21 13:12 B C:\jakarta-tomcat-3.2.4\webapps\cocoon\exslt\str\functions\replace\str.replace.template.xsl --> marian.cs.nott.ac.uk /stud/pg/cds/exslt/str/functions/replace str.replace.template.xsl
103.10.21 13:12 B C:\jakarta-tomcat-3.2.4\webapps\cocoon\exslt\str\functions\replace\str.replace.template.xsl.html --> marian.cs.nott.ac.uk /stud/pg/cds/exslt/str/functions/replace str.replace.template.xsl.html
103.10.21 13:12 B C:\jakarta-tomcat-3.2.4\webapps\cocoon\exslt\str\functions\replace\str.replace.use-cases.txt --> marian.cs.nott.ac.uk /stud/pg/cds/exslt/str/functions/replace str.replace.use-cases.txt
103.10.21 13:12 B C:\jakarta-tomcat-3.2.4\webapps\cocoon\exslt\str\functions\replace\str.replace.use-cases.zip --> marian.cs.nott.ac.uk /stud/pg/cds/exslt/str/functions/replace str.replace.use-cases.zip
103.10.21 13:12 B C:\jakarta-tomcat-3.2.4\webapps\cocoon\exslt\str\functions\replace\str.replace.xml --> marian.cs.nott.ac.uk /stud/pg/cds/exslt/str/functions/replace str.replace.xml
103.10.21 13:12 B C:\jakarta-tomcat-3.2.4\webapps\cocoon\exslt\str\functions\replace\str.replace.xsl --> marian.cs.nott.ac.uk /stud/pg/cds/exslt/str/functions/replace str.replace.xsl
103.10.21 13:12 B C:\jakarta-tomcat-3.2.4\webapps\cocoon\exslt\str\functions\replace\str.replace.zip --> marian.cs.nott.ac.uk /stud/pg/cds/exslt/str/functions/replace str.replace.zip
103.10.21 13:12 B C:\jakarta-tomcat-3.2.4\webapps\cocoon\exslt\str\functions\replace\update.bat --> marian.cs.nott.ac.uk /stud/pg/cds/exslt/str/functions/replace update.bat
103.10.21 13:12 B C:\jakarta-tomcat-3.2.4\webapps\cocoon\exslt\str\functions\replace\WS_FTP.LOG --> marian.cs.nott.ac.uk /stud/pg/cds/exslt/str/functions/replace WS_FTP.LOG
103.10.24 11:15 B C:\jakarta-tomcat-3.2.4\webapps\cocoon\exslt\str\functions\replace\base.css --> ftp.exslt.org /www.exslt.org/public_html/str/functions/replace base.css
103.10.24 11:15 B C:\jakarta-tomcat-3.2.4\webapps\cocoon\exslt\str\functions\replace\index.html --> ftp.exslt.org /www.exslt.org/public_html/str/functions/replace index.html
103.10.24 11:15 B C:\jakarta-tomcat-3.2.4\webapps\cocoon\exslt\str\functions\replace\refresh.bat --> ftp.exslt.org /www.exslt.org/public_html/str/functions/replace refresh.bat
103.10.24 11:15 B C:\jakarta-tomcat-3.2.4\webapps\cocoon\exslt\str\functions\replace\str.out.xml --> ftp.exslt.org /www.exslt.org/public_html/str/functions/replace str.out.xml
103.10.24 11:15 B C:\jakarta-tomcat-3.2.4\webapps\cocoon\exslt\str\functions\replace\str.replace.1.html --> ftp.exslt.org /www.exslt.org/public_html/str/functions/replace str.replace.1.html
103.10.24 11:15 B C:\jakarta-tomcat-3.2.4\webapps\cocoon\exslt\str\functions\replace\str.replace.function.xsl --> ftp.exslt.org /www.exslt.org/public_html/str/functions/replace str.replace.function.xsl
103.10.24 11:15 B C:\jakarta-tomcat-3.2.4\webapps\cocoon\exslt\str\functions\replace\str.replace.function.xsl.html --> ftp.exslt.org /www.exslt.org/public_html/str/functions/replace str.replace.function.xsl.html
103.10.24 11:16 B C:\jakarta-tomcat-3.2.4\webapps\cocoon\exslt\str\functions\replace\str.replace.html --> ftp.exslt.org /www.exslt.org/public_html/str/functions/replace str.replace.html
103.10.24 11:16 B C:\jakarta-tomcat-3.2.4\webapps\cocoon\exslt\str\functions\replace\str.replace.package.txt --> ftp.exslt.org /www.exslt.org/public_html/str/functions/replace str.replace.package.txt
103.10.24 11:16 B C:\jakarta-tomcat-3.2.4\webapps\cocoon\exslt\str\functions\replace\str.replace.template.xsl --> ftp.exslt.org /www.exslt.org/public_html/str/functions/replace str.replace.template.xsl
103.10.24 11:16 B C:\jakarta-tomcat-3.2.4\webapps\cocoon\exslt\str\functions\replace\str.replace.template.xsl.html --> ftp.exslt.org /www.exslt.org/public_html/str/functions/replace str.replace.template.xsl.html
103.10.24 11:16 B C:\jakarta-tomcat-3.2.4\webapps\cocoon\exslt\str\functions\replace\str.replace.use-cases.txt --> ftp.exslt.org /www.exslt.org/public_html/str/functions/replace str.replace.use-cases.txt
103.10.24 11:16 B C:\jakarta-tomcat-3.2.4\webapps\cocoon\exslt\str\functions\replace\str.replace.use-cases.zip --> ftp.exslt.org /www.exslt.org/public_html/str/functions/replace str.replace.use-cases.zip
103.10.24 11:16 B C:\jakarta-tomcat-3.2.4\webapps\cocoon\exslt\str\functions\replace\str.replace.xml --> ftp.exslt.org /www.exslt.org/public_html/str/functions/replace str.replace.xml
103.10.24 11:16 B C:\jakarta-tomcat-3.2.4\webapps\cocoon\exslt\str\functions\replace\str.replace.xsl --> ftp.exslt.org /www.exslt.org/public_html/str/functions/replace str.replace.xsl
103.10.24 11:16 B C:\jakarta-tomcat-3.2.4\webapps\cocoon\exslt\str\functions\replace\str.replace.zip --> ftp.exslt.org /www.exslt.org/public_html/str/functions/replace str.replace.zip
103.10.24 11:16 B C:\jakarta-tomcat-3.2.4\webapps\cocoon\exslt\str\functions\replace\update.bat --> ftp.exslt.org /www.exslt.org/public_html/str/functions/replace update.bat
