102.08.21 17:33 B C:\jakarta-tomcat-3.2.4\webapps\cocoon\exslt\str\functions\align\base.css --> ftp.exslt.org /www.exslt.org/public_html/str/functions/align base.css
102.08.21 17:33 B C:\jakarta-tomcat-3.2.4\webapps\cocoon\exslt\str\functions\align\index.html --> ftp.exslt.org /www.exslt.org/public_html/str/functions/align index.html
102.08.21 17:33 B C:\jakarta-tomcat-3.2.4\webapps\cocoon\exslt\str\functions\align\refresh.bat --> ftp.exslt.org /www.exslt.org/public_html/str/functions/align refresh.bat
102.08.21 17:33 B C:\jakarta-tomcat-3.2.4\webapps\cocoon\exslt\str\functions\align\str.align.1.html --> ftp.exslt.org /www.exslt.org/public_html/str/functions/align str.align.1.html
102.08.21 17:33 B C:\jakarta-tomcat-3.2.4\webapps\cocoon\exslt\str\functions\align\str.align.1.xsl --> ftp.exslt.org /www.exslt.org/public_html/str/functions/align str.align.1.xsl
102.08.21 17:33 B C:\jakarta-tomcat-3.2.4\webapps\cocoon\exslt\str\functions\align\str.align.data.1.xml --> ftp.exslt.org /www.exslt.org/public_html/str/functions/align str.align.data.1.xml
102.08.21 17:33 B C:\jakarta-tomcat-3.2.4\webapps\cocoon\exslt\str\functions\align\str.align.function.xsl --> ftp.exslt.org /www.exslt.org/public_html/str/functions/align str.align.function.xsl
102.08.21 17:33 B C:\jakarta-tomcat-3.2.4\webapps\cocoon\exslt\str\functions\align\str.align.function.xsl.html --> ftp.exslt.org /www.exslt.org/public_html/str/functions/align str.align.function.xsl.html
102.08.21 17:33 B C:\jakarta-tomcat-3.2.4\webapps\cocoon\exslt\str\functions\align\str.align.html --> ftp.exslt.org /www.exslt.org/public_html/str/functions/align str.align.html
102.08.21 17:33 B C:\jakarta-tomcat-3.2.4\webapps\cocoon\exslt\str\functions\align\str.align.js --> ftp.exslt.org /www.exslt.org/public_html/str/functions/align str.align.js
102.08.21 17:33 B C:\jakarta-tomcat-3.2.4\webapps\cocoon\exslt\str\functions\align\str.align.js.html --> ftp.exslt.org /www.exslt.org/public_html/str/functions/align str.align.js.html
102.08.21 17:33 B C:\jakarta-tomcat-3.2.4\webapps\cocoon\exslt\str\functions\align\str.align.msxsl.xsl --> ftp.exslt.org /www.exslt.org/public_html/str/functions/align str.align.msxsl.xsl
102.08.21 17:33 B C:\jakarta-tomcat-3.2.4\webapps\cocoon\exslt\str\functions\align\str.align.msxsl.xsl.html --> ftp.exslt.org /www.exslt.org/public_html/str/functions/align str.align.msxsl.xsl.html
102.08.21 17:33 B C:\jakarta-tomcat-3.2.4\webapps\cocoon\exslt\str\functions\align\str.align.package.txt --> ftp.exslt.org /www.exslt.org/public_html/str/functions/align str.align.package.txt
102.08.21 17:33 B C:\jakarta-tomcat-3.2.4\webapps\cocoon\exslt\str\functions\align\str.align.template.xsl --> ftp.exslt.org /www.exslt.org/public_html/str/functions/align str.align.template.xsl
102.08.21 17:33 B C:\jakarta-tomcat-3.2.4\webapps\cocoon\exslt\str\functions\align\str.align.template.xsl.html --> ftp.exslt.org /www.exslt.org/public_html/str/functions/align str.align.template.xsl.html
102.08.21 17:33 B C:\jakarta-tomcat-3.2.4\webapps\cocoon\exslt\str\functions\align\str.align.use-case.1.html --> ftp.exslt.org /www.exslt.org/public_html/str/functions/align str.align.use-case.1.html
102.08.21 17:33 B C:\jakarta-tomcat-3.2.4\webapps\cocoon\exslt\str\functions\align\str.align.use-cases.txt --> ftp.exslt.org /www.exslt.org/public_html/str/functions/align str.align.use-cases.txt
102.08.21 17:33 B C:\jakarta-tomcat-3.2.4\webapps\cocoon\exslt\str\functions\align\str.align.use-cases.zip --> ftp.exslt.org /www.exslt.org/public_html/str/functions/align str.align.use-cases.zip
102.08.21 17:33 B C:\jakarta-tomcat-3.2.4\webapps\cocoon\exslt\str\functions\align\str.align.xml --> ftp.exslt.org /www.exslt.org/public_html/str/functions/align str.align.xml
102.08.21 17:33 B C:\jakarta-tomcat-3.2.4\webapps\cocoon\exslt\str\functions\align\str.align.xsl --> ftp.exslt.org /www.exslt.org/public_html/str/functions/align str.align.xsl
102.08.21 17:33 B C:\jakarta-tomcat-3.2.4\webapps\cocoon\exslt\str\functions\align\str.align.zip --> ftp.exslt.org /www.exslt.org/public_html/str/functions/align str.align.zip
102.08.21 17:33 B C:\jakarta-tomcat-3.2.4\webapps\cocoon\exslt\str\functions\align\update.bat --> ftp.exslt.org /www.exslt.org/public_html/str/functions/align update.bat
102.11.19 14:12 B C:\jakarta-tomcat-3.2.4\webapps\cocoon\exslt\str\functions\align\base.css --> ftp.exslt.org /www.exslt.org/public_html/str/functions/align base.css
102.11.19 14:12 B C:\jakarta-tomcat-3.2.4\webapps\cocoon\exslt\str\functions\align\index.html --> ftp.exslt.org /www.exslt.org/public_html/str/functions/align index.html
102.11.19 14:12 B C:\jakarta-tomcat-3.2.4\webapps\cocoon\exslt\str\functions\align\refresh.bat --> ftp.exslt.org /www.exslt.org/public_html/str/functions/align refresh.bat
102.11.19 14:12 B C:\jakarta-tomcat-3.2.4\webapps\cocoon\exslt\str\functions\align\str.align.1.html --> ftp.exslt.org /www.exslt.org/public_html/str/functions/align str.align.1.html
102.11.19 14:12 B C:\jakarta-tomcat-3.2.4\webapps\cocoon\exslt\str\functions\align\str.align.1.xsl --> ftp.exslt.org /www.exslt.org/public_html/str/functions/align str.align.1.xsl
102.11.19 14:12 B C:\jakarta-tomcat-3.2.4\webapps\cocoon\exslt\str\functions\align\str.align.data.1.xml --> ftp.exslt.org /www.exslt.org/public_html/str/functions/align str.align.data.1.xml
102.11.19 14:12 B C:\jakarta-tomcat-3.2.4\webapps\cocoon\exslt\str\functions\align\str.align.function.xsl --> ftp.exslt.org /www.exslt.org/public_html/str/functions/align str.align.function.xsl
102.11.19 14:12 B C:\jakarta-tomcat-3.2.4\webapps\cocoon\exslt\str\functions\align\str.align.function.xsl.html --> ftp.exslt.org /www.exslt.org/public_html/str/functions/align str.align.function.xsl.html
102.11.19 14:12 B C:\jakarta-tomcat-3.2.4\webapps\cocoon\exslt\str\functions\align\str.align.html --> ftp.exslt.org /www.exslt.org/public_html/str/functions/align str.align.html
102.11.19 14:12 B C:\jakarta-tomcat-3.2.4\webapps\cocoon\exslt\str\functions\align\str.align.js --> ftp.exslt.org /www.exslt.org/public_html/str/functions/align str.align.js
102.11.19 14:12 B C:\jakarta-tomcat-3.2.4\webapps\cocoon\exslt\str\functions\align\str.align.js.html --> ftp.exslt.org /www.exslt.org/public_html/str/functions/align str.align.js.html
102.11.19 14:12 B C:\jakarta-tomcat-3.2.4\webapps\cocoon\exslt\str\functions\align\str.align.msxsl.xsl --> ftp.exslt.org /www.exslt.org/public_html/str/functions/align str.align.msxsl.xsl
102.11.19 14:12 B C:\jakarta-tomcat-3.2.4\webapps\cocoon\exslt\str\functions\align\str.align.msxsl.xsl.html --> ftp.exslt.org /www.exslt.org/public_html/str/functions/align str.align.msxsl.xsl.html
102.11.19 14:12 B C:\jakarta-tomcat-3.2.4\webapps\cocoon\exslt\str\functions\align\str.align.package.txt --> ftp.exslt.org /www.exslt.org/public_html/str/functions/align str.align.package.txt
102.11.19 14:12 B C:\jakarta-tomcat-3.2.4\webapps\cocoon\exslt\str\functions\align\str.align.template.xsl --> ftp.exslt.org /www.exslt.org/public_html/str/functions/align str.align.template.xsl
102.11.19 14:12 B C:\jakarta-tomcat-3.2.4\webapps\cocoon\exslt\str\functions\align\str.align.template.xsl.html --> ftp.exslt.org /www.exslt.org/public_html/str/functions/align str.align.template.xsl.html
102.11.19 14:12 B C:\jakarta-tomcat-3.2.4\webapps\cocoon\exslt\str\functions\align\str.align.use-case.1.html --> ftp.exslt.org /www.exslt.org/public_html/str/functions/align str.align.use-case.1.html
102.11.19 14:12 B C:\jakarta-tomcat-3.2.4\webapps\cocoon\exslt\str\functions\align\str.align.use-cases.txt --> ftp.exslt.org /www.exslt.org/public_html/str/functions/align str.align.use-cases.txt
102.11.19 14:12 B C:\jakarta-tomcat-3.2.4\webapps\cocoon\exslt\str\functions\align\str.align.use-cases.zip --> ftp.exslt.org /www.exslt.org/public_html/str/functions/align str.align.use-cases.zip
102.11.19 14:12 B C:\jakarta-tomcat-3.2.4\webapps\cocoon\exslt\str\functions\align\str.align.xml --> ftp.exslt.org /www.exslt.org/public_html/str/functions/align str.align.xml
102.11.19 14:12 B C:\jakarta-tomcat-3.2.4\webapps\cocoon\exslt\str\functions\align\str.align.xsl --> ftp.exslt.org /www.exslt.org/public_html/str/functions/align str.align.xsl
102.11.19 14:12 B C:\jakarta-tomcat-3.2.4\webapps\cocoon\exslt\str\functions\align\str.align.zip --> ftp.exslt.org /www.exslt.org/public_html/str/functions/align str.align.zip
102.11.19 14:12 B C:\jakarta-tomcat-3.2.4\webapps\cocoon\exslt\str\functions\align\update.bat --> ftp.exslt.org /www.exslt.org/public_html/str/functions/align update.bat
102.12.02 12:33 B C:\jakarta-tomcat-3.2.4\webapps\cocoon\exslt\public_html\str\functions\align\WS_FTP.LOG <-- ftp.exslt.org /www.exslt.org/public_html/str/functions/align WS_FTP.LOG
102.12.03 11:15 B C:\jakarta-tomcat-3.2.4\webapps\cocoon\exslt\str\functions\align\base.css --> ftp.exslt.org /www.exslt.org/public_html/str/functions/align base.css
102.12.03 11:15 B C:\jakarta-tomcat-3.2.4\webapps\cocoon\exslt\str\functions\align\index.html --> ftp.exslt.org /www.exslt.org/public_html/str/functions/align index.html
102.12.03 11:15 B C:\jakarta-tomcat-3.2.4\webapps\cocoon\exslt\str\functions\align\out.html --> ftp.exslt.org /www.exslt.org/public_html/str/functions/align out.html
102.12.03 11:15 B C:\jakarta-tomcat-3.2.4\webapps\cocoon\exslt\str\functions\align\refresh.bat --> ftp.exslt.org /www.exslt.org/public_html/str/functions/align refresh.bat
102.12.03 11:15 B C:\jakarta-tomcat-3.2.4\webapps\cocoon\exslt\str\functions\align\str.align.1.html --> ftp.exslt.org /www.exslt.org/public_html/str/functions/align str.align.1.html
102.12.03 11:15 B C:\jakarta-tomcat-3.2.4\webapps\cocoon\exslt\str\functions\align\str.align.1.xsl --> ftp.exslt.org /www.exslt.org/public_html/str/functions/align str.align.1.xsl
102.12.03 11:15 B C:\jakarta-tomcat-3.2.4\webapps\cocoon\exslt\str\functions\align\str.align.data.1.xml --> ftp.exslt.org /www.exslt.org/public_html/str/functions/align str.align.data.1.xml
102.12.03 11:15 B C:\jakarta-tomcat-3.2.4\webapps\cocoon\exslt\str\functions\align\str.align.function.xsl --> ftp.exslt.org /www.exslt.org/public_html/str/functions/align str.align.function.xsl
102.12.03 11:15 B C:\jakarta-tomcat-3.2.4\webapps\cocoon\exslt\str\functions\align\str.align.function.xsl.html --> ftp.exslt.org /www.exslt.org/public_html/str/functions/align str.align.function.xsl.html
102.12.03 11:15 B C:\jakarta-tomcat-3.2.4\webapps\cocoon\exslt\str\functions\align\str.align.html --> ftp.exslt.org /www.exslt.org/public_html/str/functions/align str.align.html
102.12.03 11:15 B C:\jakarta-tomcat-3.2.4\webapps\cocoon\exslt\str\functions\align\str.align.js --> ftp.exslt.org /www.exslt.org/public_html/str/functions/align str.align.js
102.12.03 11:15 B C:\jakarta-tomcat-3.2.4\webapps\cocoon\exslt\str\functions\align\str.align.js.html --> ftp.exslt.org /www.exslt.org/public_html/str/functions/align str.align.js.html
102.12.03 11:15 B C:\jakarta-tomcat-3.2.4\webapps\cocoon\exslt\str\functions\align\str.align.msxsl.xsl --> ftp.exslt.org /www.exslt.org/public_html/str/functions/align str.align.msxsl.xsl
102.12.03 11:15 B C:\jakarta-tomcat-3.2.4\webapps\cocoon\exslt\str\functions\align\str.align.msxsl.xsl.html --> ftp.exslt.org /www.exslt.org/public_html/str/functions/align str.align.msxsl.xsl.html
102.12.03 11:15 B C:\jakarta-tomcat-3.2.4\webapps\cocoon\exslt\str\functions\align\str.align.package.txt --> ftp.exslt.org /www.exslt.org/public_html/str/functions/align str.align.package.txt
102.12.03 11:15 B C:\jakarta-tomcat-3.2.4\webapps\cocoon\exslt\str\functions\align\str.align.template.xsl --> ftp.exslt.org /www.exslt.org/public_html/str/functions/align str.align.template.xsl
102.12.03 11:15 B C:\jakarta-tomcat-3.2.4\webapps\cocoon\exslt\str\functions\align\str.align.template.xsl.html --> ftp.exslt.org /www.exslt.org/public_html/str/functions/align str.align.template.xsl.html
102.12.03 11:15 B C:\jakarta-tomcat-3.2.4\webapps\cocoon\exslt\str\functions\align\str.align.use-case.1.html --> ftp.exslt.org /www.exslt.org/public_html/str/functions/align str.align.use-case.1.html
102.12.03 11:15 B C:\jakarta-tomcat-3.2.4\webapps\cocoon\exslt\str\functions\align\str.align.use-cases.txt --> ftp.exslt.org /www.exslt.org/public_html/str/functions/align str.align.use-cases.txt
102.12.03 11:15 B C:\jakarta-tomcat-3.2.4\webapps\cocoon\exslt\str\functions\align\str.align.use-cases.zip --> ftp.exslt.org /www.exslt.org/public_html/str/functions/align str.align.use-cases.zip
102.12.03 11:15 B C:\jakarta-tomcat-3.2.4\webapps\cocoon\exslt\str\functions\align\str.align.xml --> ftp.exslt.org /www.exslt.org/public_html/str/functions/align str.align.xml
102.12.03 11:15 B C:\jakarta-tomcat-3.2.4\webapps\cocoon\exslt\str\functions\align\str.align.xsl --> ftp.exslt.org /www.exslt.org/public_html/str/functions/align str.align.xsl
102.12.03 11:15 B C:\jakarta-tomcat-3.2.4\webapps\cocoon\exslt\str\functions\align\str.align.zip --> ftp.exslt.org /www.exslt.org/public_html/str/functions/align str.align.zip
102.12.03 11:15 B C:\jakarta-tomcat-3.2.4\webapps\cocoon\exslt\str\functions\align\update.bat --> ftp.exslt.org /www.exslt.org/public_html/str/functions/align update.bat
103.09.29 16:00 B C:\jakarta-tomcat-3.2.4\webapps\cocoon\exslt\str\functions\align\WS_FTP.LOG <-- ftp.exslt.org /www.exslt.org/public_html/str/functions/align WS_FTP.LOG
103.10.21 13:11 B C:\jakarta-tomcat-3.2.4\webapps\cocoon\exslt\str\functions\align\base.css --> marian.cs.nott.ac.uk /stud/pg/cds/exslt/str/functions/align base.css
103.10.21 13:11 B C:\jakarta-tomcat-3.2.4\webapps\cocoon\exslt\str\functions\align\index.html --> marian.cs.nott.ac.uk /stud/pg/cds/exslt/str/functions/align index.html
103.10.21 13:11 B C:\jakarta-tomcat-3.2.4\webapps\cocoon\exslt\str\functions\align\out.html --> marian.cs.nott.ac.uk /stud/pg/cds/exslt/str/functions/align out.html
103.10.21 13:11 B C:\jakarta-tomcat-3.2.4\webapps\cocoon\exslt\str\functions\align\refresh.bat --> marian.cs.nott.ac.uk /stud/pg/cds/exslt/str/functions/align refresh.bat
103.10.21 13:11 B C:\jakarta-tomcat-3.2.4\webapps\cocoon\exslt\str\functions\align\str.align.1.html --> marian.cs.nott.ac.uk /stud/pg/cds/exslt/str/functions/align str.align.1.html
103.10.21 13:11 B C:\jakarta-tomcat-3.2.4\webapps\cocoon\exslt\str\functions\align\str.align.1.xsl --> marian.cs.nott.ac.uk /stud/pg/cds/exslt/str/functions/align str.align.1.xsl
103.10.21 13:11 B C:\jakarta-tomcat-3.2.4\webapps\cocoon\exslt\str\functions\align\str.align.data.1.xml --> marian.cs.nott.ac.uk /stud/pg/cds/exslt/str/functions/align str.align.data.1.xml
103.10.21 13:11 B C:\jakarta-tomcat-3.2.4\webapps\cocoon\exslt\str\functions\align\str.align.function.xsl --> marian.cs.nott.ac.uk /stud/pg/cds/exslt/str/functions/align str.align.function.xsl
103.10.21 13:11 B C:\jakarta-tomcat-3.2.4\webapps\cocoon\exslt\str\functions\align\str.align.function.xsl.html --> marian.cs.nott.ac.uk /stud/pg/cds/exslt/str/functions/align str.align.function.xsl.html
103.10.21 13:11 B C:\jakarta-tomcat-3.2.4\webapps\cocoon\exslt\str\functions\align\str.align.html --> marian.cs.nott.ac.uk /stud/pg/cds/exslt/str/functions/align str.align.html
103.10.21 13:11 B C:\jakarta-tomcat-3.2.4\webapps\cocoon\exslt\str\functions\align\str.align.js --> marian.cs.nott.ac.uk /stud/pg/cds/exslt/str/functions/align str.align.js
103.10.21 13:11 B C:\jakarta-tomcat-3.2.4\webapps\cocoon\exslt\str\functions\align\str.align.js.html --> marian.cs.nott.ac.uk /stud/pg/cds/exslt/str/functions/align str.align.js.html
103.10.21 13:11 B C:\jakarta-tomcat-3.2.4\webapps\cocoon\exslt\str\functions\align\str.align.msxsl.xsl --> marian.cs.nott.ac.uk /stud/pg/cds/exslt/str/functions/align str.align.msxsl.xsl
103.10.21 13:11 B C:\jakarta-tomcat-3.2.4\webapps\cocoon\exslt\str\functions\align\str.align.msxsl.xsl.html --> marian.cs.nott.ac.uk /stud/pg/cds/exslt/str/functions/align str.align.msxsl.xsl.html
103.10.21 13:11 B C:\jakarta-tomcat-3.2.4\webapps\cocoon\exslt\str\functions\align\str.align.package.txt --> marian.cs.nott.ac.uk /stud/pg/cds/exslt/str/functions/align str.align.package.txt
103.10.21 13:11 B C:\jakarta-tomcat-3.2.4\webapps\cocoon\exslt\str\functions\align\str.align.template.xsl --> marian.cs.nott.ac.uk /stud/pg/cds/exslt/str/functions/align str.align.template.xsl
103.10.21 13:11 B C:\jakarta-tomcat-3.2.4\webapps\cocoon\exslt\str\functions\align\str.align.template.xsl.html --> marian.cs.nott.ac.uk /stud/pg/cds/exslt/str/functions/align str.align.template.xsl.html
103.10.21 13:11 B C:\jakarta-tomcat-3.2.4\webapps\cocoon\exslt\str\functions\align\str.align.use-case.1.html --> marian.cs.nott.ac.uk /stud/pg/cds/exslt/str/functions/align str.align.use-case.1.html
103.10.21 13:11 B C:\jakarta-tomcat-3.2.4\webapps\cocoon\exslt\str\functions\align\str.align.use-cases.txt --> marian.cs.nott.ac.uk /stud/pg/cds/exslt/str/functions/align str.align.use-cases.txt
103.10.21 13:11 B C:\jakarta-tomcat-3.2.4\webapps\cocoon\exslt\str\functions\align\str.align.use-cases.zip --> marian.cs.nott.ac.uk /stud/pg/cds/exslt/str/functions/align str.align.use-cases.zip
103.10.21 13:11 B C:\jakarta-tomcat-3.2.4\webapps\cocoon\exslt\str\functions\align\str.align.xml --> marian.cs.nott.ac.uk /stud/pg/cds/exslt/str/functions/align str.align.xml
103.10.21 13:11 B C:\jakarta-tomcat-3.2.4\webapps\cocoon\exslt\str\functions\align\str.align.xsl --> marian.cs.nott.ac.uk /stud/pg/cds/exslt/str/functions/align str.align.xsl
103.10.21 13:11 B C:\jakarta-tomcat-3.2.4\webapps\cocoon\exslt\str\functions\align\str.align.zip --> marian.cs.nott.ac.uk /stud/pg/cds/exslt/str/functions/align str.align.zip
103.10.21 13:11 B C:\jakarta-tomcat-3.2.4\webapps\cocoon\exslt\str\functions\align\update.bat --> marian.cs.nott.ac.uk /stud/pg/cds/exslt/str/functions/align update.bat
103.10.21 13:11 B C:\jakarta-tomcat-3.2.4\webapps\cocoon\exslt\str\functions\align\WS_FTP.LOG --> marian.cs.nott.ac.uk /stud/pg/cds/exslt/str/functions/align WS_FTP.LOG
103.10.24 11:01 B C:\jakarta-tomcat-3.2.4\webapps\cocoon\exslt\str\functions\align\base.css --> ftp.exslt.org /www.exslt.org/public_html/str/functions/align base.css
103.10.24 11:01 B C:\jakarta-tomcat-3.2.4\webapps\cocoon\exslt\str\functions\align\index.html --> ftp.exslt.org /www.exslt.org/public_html/str/functions/align index.html
103.10.24 11:01 B C:\jakarta-tomcat-3.2.4\webapps\cocoon\exslt\str\functions\align\out.html --> ftp.exslt.org /www.exslt.org/public_html/str/functions/align out.html
103.10.24 11:01 B C:\jakarta-tomcat-3.2.4\webapps\cocoon\exslt\str\functions\align\refresh.bat --> ftp.exslt.org /www.exslt.org/public_html/str/functions/align refresh.bat
103.10.24 11:01 B C:\jakarta-tomcat-3.2.4\webapps\cocoon\exslt\str\functions\align\str.align.1.html --> ftp.exslt.org /www.exslt.org/public_html/str/functions/align str.align.1.html
103.10.24 11:01 B C:\jakarta-tomcat-3.2.4\webapps\cocoon\exslt\str\functions\align\str.align.1.xsl --> ftp.exslt.org /www.exslt.org/public_html/str/functions/align str.align.1.xsl
103.10.24 11:01 B C:\jakarta-tomcat-3.2.4\webapps\cocoon\exslt\str\functions\align\str.align.data.1.xml --> ftp.exslt.org /www.exslt.org/public_html/str/functions/align str.align.data.1.xml
103.10.24 11:01 B C:\jakarta-tomcat-3.2.4\webapps\cocoon\exslt\str\functions\align\str.align.function.xsl --> ftp.exslt.org /www.exslt.org/public_html/str/functions/align str.align.function.xsl
103.10.24 11:01 B C:\jakarta-tomcat-3.2.4\webapps\cocoon\exslt\str\functions\align\str.align.function.xsl.html --> ftp.exslt.org /www.exslt.org/public_html/str/functions/align str.align.function.xsl.html
103.10.24 11:01 B C:\jakarta-tomcat-3.2.4\webapps\cocoon\exslt\str\functions\align\str.align.html --> ftp.exslt.org /www.exslt.org/public_html/str/functions/align str.align.html
103.10.24 11:01 B C:\jakarta-tomcat-3.2.4\webapps\cocoon\exslt\str\functions\align\str.align.js --> ftp.exslt.org /www.exslt.org/public_html/str/functions/align str.align.js
103.10.24 11:01 B C:\jakarta-tomcat-3.2.4\webapps\cocoon\exslt\str\functions\align\str.align.js.html --> ftp.exslt.org /www.exslt.org/public_html/str/functions/align str.align.js.html
103.10.24 11:01 B C:\jakarta-tomcat-3.2.4\webapps\cocoon\exslt\str\functions\align\str.align.msxsl.xsl --> ftp.exslt.org /www.exslt.org/public_html/str/functions/align str.align.msxsl.xsl
103.10.24 11:01 B C:\jakarta-tomcat-3.2.4\webapps\cocoon\exslt\str\functions\align\str.align.msxsl.xsl.html --> ftp.exslt.org /www.exslt.org/public_html/str/functions/align str.align.msxsl.xsl.html
103.10.24 11:01 B C:\jakarta-tomcat-3.2.4\webapps\cocoon\exslt\str\functions\align\str.align.package.txt --> ftp.exslt.org /www.exslt.org/public_html/str/functions/align str.align.package.txt
103.10.24 11:01 B C:\jakarta-tomcat-3.2.4\webapps\cocoon\exslt\str\functions\align\str.align.template.xsl --> ftp.exslt.org /www.exslt.org/public_html/str/functions/align str.align.template.xsl
103.10.24 11:02 B C:\jakarta-tomcat-3.2.4\webapps\cocoon\exslt\str\functions\align\str.align.template.xsl.html --> ftp.exslt.org /www.exslt.org/public_html/str/functions/align str.align.template.xsl.html
103.10.24 11:02 B C:\jakarta-tomcat-3.2.4\webapps\cocoon\exslt\str\functions\align\str.align.use-case.1.html --> ftp.exslt.org /www.exslt.org/public_html/str/functions/align str.align.use-case.1.html
103.10.24 11:05 B C:\jakarta-tomcat-3.2.4\webapps\cocoon\exslt\str\functions\align\base.css --> ftp.exslt.org /www.exslt.org/public_html/str/functions/align base.css
103.10.24 11:05 B C:\jakarta-tomcat-3.2.4\webapps\cocoon\exslt\str\functions\align\index.html --> ftp.exslt.org /www.exslt.org/public_html/str/functions/align index.html
103.10.24 11:05 B C:\jakarta-tomcat-3.2.4\webapps\cocoon\exslt\str\functions\align\out.html --> ftp.exslt.org /www.exslt.org/public_html/str/functions/align out.html
103.10.24 11:05 B C:\jakarta-tomcat-3.2.4\webapps\cocoon\exslt\str\functions\align\refresh.bat --> ftp.exslt.org /www.exslt.org/public_html/str/functions/align refresh.bat
103.10.24 11:05 B C:\jakarta-tomcat-3.2.4\webapps\cocoon\exslt\str\functions\align\str.align.1.html --> ftp.exslt.org /www.exslt.org/public_html/str/functions/align str.align.1.html
103.10.24 11:05 B C:\jakarta-tomcat-3.2.4\webapps\cocoon\exslt\str\functions\align\str.align.1.xsl --> ftp.exslt.org /www.exslt.org/public_html/str/functions/align str.align.1.xsl
103.10.24 11:05 B C:\jakarta-tomcat-3.2.4\webapps\cocoon\exslt\str\functions\align\str.align.data.1.xml --> ftp.exslt.org /www.exslt.org/public_html/str/functions/align str.align.data.1.xml
103.10.24 11:05 B C:\jakarta-tomcat-3.2.4\webapps\cocoon\exslt\str\functions\align\str.align.function.xsl --> ftp.exslt.org /www.exslt.org/public_html/str/functions/align str.align.function.xsl
103.10.24 11:05 B C:\jakarta-tomcat-3.2.4\webapps\cocoon\exslt\str\functions\align\str.align.function.xsl.html --> ftp.exslt.org /www.exslt.org/public_html/str/functions/align str.align.function.xsl.html
103.10.24 11:05 B C:\jakarta-tomcat-3.2.4\webapps\cocoon\exslt\str\functions\align\str.align.html --> ftp.exslt.org /www.exslt.org/public_html/str/functions/align str.align.html
103.10.24 11:05 B C:\jakarta-tomcat-3.2.4\webapps\cocoon\exslt\str\functions\align\str.align.js --> ftp.exslt.org /www.exslt.org/public_html/str/functions/align str.align.js
103.10.24 11:05 B C:\jakarta-tomcat-3.2.4\webapps\cocoon\exslt\str\functions\align\str.align.js.html --> ftp.exslt.org /www.exslt.org/public_html/str/functions/align str.align.js.html
103.10.24 11:05 B C:\jakarta-tomcat-3.2.4\webapps\cocoon\exslt\str\functions\align\str.align.msxsl.xsl --> ftp.exslt.org /www.exslt.org/public_html/str/functions/align str.align.msxsl.xsl
103.10.24 11:05 B C:\jakarta-tomcat-3.2.4\webapps\cocoon\exslt\str\functions\align\str.align.msxsl.xsl.html --> ftp.exslt.org /www.exslt.org/public_html/str/functions/align str.align.msxsl.xsl.html
103.10.24 11:05 B C:\jakarta-tomcat-3.2.4\webapps\cocoon\exslt\str\functions\align\str.align.package.txt --> ftp.exslt.org /www.exslt.org/public_html/str/functions/align str.align.package.txt
103.10.24 11:05 B C:\jakarta-tomcat-3.2.4\webapps\cocoon\exslt\str\functions\align\str.align.template.xsl --> ftp.exslt.org /www.exslt.org/public_html/str/functions/align str.align.template.xsl
103.10.24 11:05 B C:\jakarta-tomcat-3.2.4\webapps\cocoon\exslt\str\functions\align\str.align.template.xsl.html --> ftp.exslt.org /www.exslt.org/public_html/str/functions/align str.align.template.xsl.html
103.10.24 11:05 B C:\jakarta-tomcat-3.2.4\webapps\cocoon\exslt\str\functions\align\str.align.use-case.1.html --> ftp.exslt.org /www.exslt.org/public_html/str/functions/align str.align.use-case.1.html
103.10.24 11:05 B C:\jakarta-tomcat-3.2.4\webapps\cocoon\exslt\str\functions\align\str.align.use-cases.txt --> ftp.exslt.org /www.exslt.org/public_html/str/functions/align str.align.use-cases.txt
103.10.24 11:05 B C:\jakarta-tomcat-3.2.4\webapps\cocoon\exslt\str\functions\align\str.align.use-cases.zip --> ftp.exslt.org /www.exslt.org/public_html/str/functions/align str.align.use-cases.zip
103.10.24 11:05 B C:\jakarta-tomcat-3.2.4\webapps\cocoon\exslt\str\functions\align\str.align.xml --> ftp.exslt.org /www.exslt.org/public_html/str/functions/align str.align.xml
103.10.24 11:06 B C:\jakarta-tomcat-3.2.4\webapps\cocoon\exslt\str\functions\align\str.align.xsl --> ftp.exslt.org /www.exslt.org/public_html/str/functions/align str.align.xsl
103.10.24 11:06 B C:\jakarta-tomcat-3.2.4\webapps\cocoon\exslt\str\functions\align\str.align.zip --> ftp.exslt.org /www.exslt.org/public_html/str/functions/align str.align.zip
103.10.24 11:06 B C:\jakarta-tomcat-3.2.4\webapps\cocoon\exslt\str\functions\align\update.bat --> ftp.exslt.org /www.exslt.org/public_html/str/functions/align update.bat
