102.12.02 12:34 B C:\jakarta-tomcat-3.2.4\webapps\cocoon\exslt\public_html\submissions\craig\exsl.base-uri.submission.xml <-- ftp.exslt.org /www.exslt.org/public_html/submissions/craig exsl.base-uri.submission.xml
102.12.02 12:34 B C:\jakarta-tomcat-3.2.4\webapps\cocoon\exslt\public_html\submissions\craig\str.decode-uri.submission.xml <-- ftp.exslt.org /www.exslt.org/public_html/submissions/craig str.decode-uri.submission.xml
102.12.02 12:34 B C:\jakarta-tomcat-3.2.4\webapps\cocoon\exslt\public_html\submissions\craig\str.encode-uri.submission.xml <-- ftp.exslt.org /www.exslt.org/public_html/submissions/craig str.encode-uri.submission.xml
102.12.03 11:16 B C:\jakarta-tomcat-3.2.4\webapps\cocoon\exslt\submissions\craig\exsl.base-uri.submission.xml --> ftp.exslt.org /www.exslt.org/public_html/submissions/craig exsl.base-uri.submission.xml
102.12.03 11:16 B C:\jakarta-tomcat-3.2.4\webapps\cocoon\exslt\submissions\craig\str.decode-uri.submission.xml --> ftp.exslt.org /www.exslt.org/public_html/submissions/craig str.decode-uri.submission.xml
102.12.03 11:16 B C:\jakarta-tomcat-3.2.4\webapps\cocoon\exslt\submissions\craig\str.encode-uri.submission.xml --> ftp.exslt.org /www.exslt.org/public_html/submissions/craig str.encode-uri.submission.xml
102.12.03 11:16 B C:\jakarta-tomcat-3.2.4\webapps\cocoon\exslt\submissions\craig\WS_FTP.LOG --> ftp.exslt.org /www.exslt.org/public_html/submissions/craig WS_FTP.LOG
102.12.11 11:13 B C:\jakarta-tomcat-3.2.4\webapps\cocoon\exslt\submissions\craig\exsl.base-uri.submission.xml --> ftp.exslt.org /www.exslt.org/public_html/submissions/craig exsl.base-uri.submission.xml
102.12.11 11:13 B C:\jakarta-tomcat-3.2.4\webapps\cocoon\exslt\submissions\craig\str.decode-uri.submission.xml --> ftp.exslt.org /www.exslt.org/public_html/submissions/craig str.decode-uri.submission.xml
102.12.11 11:13 B C:\jakarta-tomcat-3.2.4\webapps\cocoon\exslt\submissions\craig\str.encode-uri.submission.xml --> ftp.exslt.org /www.exslt.org/public_html/submissions/craig str.encode-uri.submission.xml
103.09.29 16:36 B C:\jakarta-tomcat-3.2.4\webapps\cocoon\exslt\submissions\craig\WS_FTP.LOG <-- ftp.exslt.org /www.exslt.org/public_html/submissions/craig WS_FTP.LOG
103.10.21 13:12 B C:\jakarta-tomcat-3.2.4\webapps\cocoon\exslt\submissions\craig\exsl.base-uri.submission.xml --> marian.cs.nott.ac.uk /stud/pg/cds/exslt/submissions/craig exsl.base-uri.submission.xml
103.10.21 13:12 B C:\jakarta-tomcat-3.2.4\webapps\cocoon\exslt\submissions\craig\str.decode-uri.submission.xml --> marian.cs.nott.ac.uk /stud/pg/cds/exslt/submissions/craig str.decode-uri.submission.xml
103.10.21 13:12 B C:\jakarta-tomcat-3.2.4\webapps\cocoon\exslt\submissions\craig\str.encode-uri.submission.xml --> marian.cs.nott.ac.uk /stud/pg/cds/exslt/submissions/craig str.encode-uri.submission.xml
103.10.21 13:12 B C:\jakarta-tomcat-3.2.4\webapps\cocoon\exslt\submissions\craig\WS_FTP.LOG --> marian.cs.nott.ac.uk /stud/pg/cds/exslt/submissions/craig WS_FTP.LOG
103.10.24 11:31 B C:\jakarta-tomcat-3.2.4\webapps\cocoon\exslt\submissions\craig\exsl.base-uri.submission.xml --> ftp.exslt.org /www.exslt.org/public_html/submissions/craig exsl.base-uri.submission.xml
103.10.24 11:31 B C:\jakarta-tomcat-3.2.4\webapps\cocoon\exslt\submissions\craig\str.decode-uri.submission.xml --> ftp.exslt.org /www.exslt.org/public_html/submissions/craig str.decode-uri.submission.xml
103.10.24 11:31 B C:\jakarta-tomcat-3.2.4\webapps\cocoon\exslt\submissions\craig\str.encode-uri.submission.xml --> ftp.exslt.org /www.exslt.org/public_html/submissions/craig str.encode-uri.submission.xml
103.10.24 11:31 B C:\jakarta-tomcat-3.2.4\webapps\cocoon\exslt\submissions\craig\WS_FTP.LOG --> ftp.exslt.org /www.exslt.org/public_html/submissions/craig WS_FTP.LOG
103.10.24 11:39 B C:\jakarta-tomcat-3.2.4\webapps\cocoon\exslt\submissions\craig\exsl.base-uri.submission.xml --> ftp.exslt.org /www.exslt.org/public_html/submissions/craig exsl.base-uri.submission.xml
103.10.24 11:39 B C:\jakarta-tomcat-3.2.4\webapps\cocoon\exslt\submissions\craig\str.decode-uri.submission.xml --> ftp.exslt.org /www.exslt.org/public_html/submissions/craig str.decode-uri.submission.xml
103.10.24 11:39 B C:\jakarta-tomcat-3.2.4\webapps\cocoon\exslt\submissions\craig\str.encode-uri.submission.xml --> ftp.exslt.org /www.exslt.org/public_html/submissions/craig str.encode-uri.submission.xml
