102.08.21 17:32 B C:\jakarta-tomcat-3.2.4\webapps\cocoon\exslt\math\functions\atan2\base.css --> ftp.exslt.org /www.exslt.org/public_html/math/functions/atan2 base.css
102.08.21 17:32 B C:\jakarta-tomcat-3.2.4\webapps\cocoon\exslt\math\functions\atan2\index.html --> ftp.exslt.org /www.exslt.org/public_html/math/functions/atan2 index.html
102.08.21 17:32 B C:\jakarta-tomcat-3.2.4\webapps\cocoon\exslt\math\functions\atan2\math.atan2.1.html --> ftp.exslt.org /www.exslt.org/public_html/math/functions/atan2 math.atan2.1.html
102.08.21 17:32 B C:\jakarta-tomcat-3.2.4\webapps\cocoon\exslt\math\functions\atan2\math.atan2.html --> ftp.exslt.org /www.exslt.org/public_html/math/functions/atan2 math.atan2.html
102.08.21 17:32 B C:\jakarta-tomcat-3.2.4\webapps\cocoon\exslt\math\functions\atan2\math.atan2.js --> ftp.exslt.org /www.exslt.org/public_html/math/functions/atan2 math.atan2.js
102.08.21 17:32 B C:\jakarta-tomcat-3.2.4\webapps\cocoon\exslt\math\functions\atan2\math.atan2.js.html --> ftp.exslt.org /www.exslt.org/public_html/math/functions/atan2 math.atan2.js.html
102.08.21 17:32 B C:\jakarta-tomcat-3.2.4\webapps\cocoon\exslt\math\functions\atan2\math.atan2.msxsl.xsl --> ftp.exslt.org /www.exslt.org/public_html/math/functions/atan2 math.atan2.msxsl.xsl
102.08.21 17:32 B C:\jakarta-tomcat-3.2.4\webapps\cocoon\exslt\math\functions\atan2\math.atan2.msxsl.xsl.html --> ftp.exslt.org /www.exslt.org/public_html/math/functions/atan2 math.atan2.msxsl.xsl.html
102.08.21 17:32 B C:\jakarta-tomcat-3.2.4\webapps\cocoon\exslt\math\functions\atan2\math.atan2.package.txt --> ftp.exslt.org /www.exslt.org/public_html/math/functions/atan2 math.atan2.package.txt
102.08.21 17:32 B C:\jakarta-tomcat-3.2.4\webapps\cocoon\exslt\math\functions\atan2\math.atan2.use-cases.txt --> ftp.exslt.org /www.exslt.org/public_html/math/functions/atan2 math.atan2.use-cases.txt
102.08.21 17:32 B C:\jakarta-tomcat-3.2.4\webapps\cocoon\exslt\math\functions\atan2\math.atan2.use-cases.zip --> ftp.exslt.org /www.exslt.org/public_html/math/functions/atan2 math.atan2.use-cases.zip
102.08.21 17:32 B C:\jakarta-tomcat-3.2.4\webapps\cocoon\exslt\math\functions\atan2\math.atan2.xml --> ftp.exslt.org /www.exslt.org/public_html/math/functions/atan2 math.atan2.xml
102.08.21 17:32 B C:\jakarta-tomcat-3.2.4\webapps\cocoon\exslt\math\functions\atan2\math.atan2.xsl --> ftp.exslt.org /www.exslt.org/public_html/math/functions/atan2 math.atan2.xsl
102.08.21 17:32 B C:\jakarta-tomcat-3.2.4\webapps\cocoon\exslt\math\functions\atan2\math.atan2.zip --> ftp.exslt.org /www.exslt.org/public_html/math/functions/atan2 math.atan2.zip
102.08.21 17:32 B C:\jakarta-tomcat-3.2.4\webapps\cocoon\exslt\math\functions\atan2\refresh.bat --> ftp.exslt.org /www.exslt.org/public_html/math/functions/atan2 refresh.bat
102.08.21 17:32 B C:\jakarta-tomcat-3.2.4\webapps\cocoon\exslt\math\functions\atan2\update.bat --> ftp.exslt.org /www.exslt.org/public_html/math/functions/atan2 update.bat
102.11.19 13:16 B C:\jakarta-tomcat-3.2.4\webapps\cocoon\exslt\math\functions\atan2\base.css --> ftp.exslt.org /www.exslt.org/public_html/math/functions/atan2 base.css
102.11.19 13:16 B C:\jakarta-tomcat-3.2.4\webapps\cocoon\exslt\math\functions\atan2\index.html --> ftp.exslt.org /www.exslt.org/public_html/math/functions/atan2 index.html
102.11.19 13:16 B C:\jakarta-tomcat-3.2.4\webapps\cocoon\exslt\math\functions\atan2\math.atan2.1.html --> ftp.exslt.org /www.exslt.org/public_html/math/functions/atan2 math.atan2.1.html
102.11.19 13:16 B C:\jakarta-tomcat-3.2.4\webapps\cocoon\exslt\math\functions\atan2\math.atan2.html --> ftp.exslt.org /www.exslt.org/public_html/math/functions/atan2 math.atan2.html
102.11.19 13:22 B C:\jakarta-tomcat-3.2.4\webapps\cocoon\exslt\math\functions\atan2\base.css --> ftp.exslt.org /www.exslt.org/public_html/math/functions/atan2 base.css
102.11.19 13:22 B C:\jakarta-tomcat-3.2.4\webapps\cocoon\exslt\math\functions\atan2\index.html --> ftp.exslt.org /www.exslt.org/public_html/math/functions/atan2 index.html
102.11.19 13:22 B C:\jakarta-tomcat-3.2.4\webapps\cocoon\exslt\math\functions\atan2\math.atan2.1.html --> ftp.exslt.org /www.exslt.org/public_html/math/functions/atan2 math.atan2.1.html
102.11.19 13:22 B C:\jakarta-tomcat-3.2.4\webapps\cocoon\exslt\math\functions\atan2\math.atan2.html --> ftp.exslt.org /www.exslt.org/public_html/math/functions/atan2 math.atan2.html
102.11.19 13:22 B C:\jakarta-tomcat-3.2.4\webapps\cocoon\exslt\math\functions\atan2\math.atan2.js --> ftp.exslt.org /www.exslt.org/public_html/math/functions/atan2 math.atan2.js
102.11.19 13:22 B C:\jakarta-tomcat-3.2.4\webapps\cocoon\exslt\math\functions\atan2\math.atan2.js.html --> ftp.exslt.org /www.exslt.org/public_html/math/functions/atan2 math.atan2.js.html
102.11.19 13:22 B C:\jakarta-tomcat-3.2.4\webapps\cocoon\exslt\math\functions\atan2\math.atan2.msxsl.xsl --> ftp.exslt.org /www.exslt.org/public_html/math/functions/atan2 math.atan2.msxsl.xsl
102.11.19 13:22 B C:\jakarta-tomcat-3.2.4\webapps\cocoon\exslt\math\functions\atan2\math.atan2.msxsl.xsl.html --> ftp.exslt.org /www.exslt.org/public_html/math/functions/atan2 math.atan2.msxsl.xsl.html
102.11.19 13:22 B C:\jakarta-tomcat-3.2.4\webapps\cocoon\exslt\math\functions\atan2\math.atan2.package.txt --> ftp.exslt.org /www.exslt.org/public_html/math/functions/atan2 math.atan2.package.txt
102.11.19 13:22 B C:\jakarta-tomcat-3.2.4\webapps\cocoon\exslt\math\functions\atan2\math.atan2.use-cases.txt --> ftp.exslt.org /www.exslt.org/public_html/math/functions/atan2 math.atan2.use-cases.txt
102.11.19 13:22 B C:\jakarta-tomcat-3.2.4\webapps\cocoon\exslt\math\functions\atan2\math.atan2.use-cases.zip --> ftp.exslt.org /www.exslt.org/public_html/math/functions/atan2 math.atan2.use-cases.zip
102.11.19 13:22 B C:\jakarta-tomcat-3.2.4\webapps\cocoon\exslt\math\functions\atan2\math.atan2.xml --> ftp.exslt.org /www.exslt.org/public_html/math/functions/atan2 math.atan2.xml
102.11.19 13:22 B C:\jakarta-tomcat-3.2.4\webapps\cocoon\exslt\math\functions\atan2\math.atan2.xsl --> ftp.exslt.org /www.exslt.org/public_html/math/functions/atan2 math.atan2.xsl
102.11.19 13:22 B C:\jakarta-tomcat-3.2.4\webapps\cocoon\exslt\math\functions\atan2\math.atan2.zip --> ftp.exslt.org /www.exslt.org/public_html/math/functions/atan2 math.atan2.zip
102.11.19 13:22 B C:\jakarta-tomcat-3.2.4\webapps\cocoon\exslt\math\functions\atan2\refresh.bat --> ftp.exslt.org /www.exslt.org/public_html/math/functions/atan2 refresh.bat
102.11.19 13:22 B C:\jakarta-tomcat-3.2.4\webapps\cocoon\exslt\math\functions\atan2\update.bat --> ftp.exslt.org /www.exslt.org/public_html/math/functions/atan2 update.bat
102.11.19 13:22 B C:\jakarta-tomcat-3.2.4\webapps\cocoon\exslt\math\functions\atan2\WS_FTP.LOG --> ftp.exslt.org /www.exslt.org/public_html/math/functions/atan2 WS_FTP.LOG
102.11.19 13:27 B C:\jakarta-tomcat-3.2.4\webapps\cocoon\exslt\math\functions\atan2\base.css --> ftp.exslt.org /www.exslt.org/public_html/math/functions/atan2 base.css
102.11.19 13:27 B C:\jakarta-tomcat-3.2.4\webapps\cocoon\exslt\math\functions\atan2\index.html --> ftp.exslt.org /www.exslt.org/public_html/math/functions/atan2 index.html
102.11.19 13:27 B C:\jakarta-tomcat-3.2.4\webapps\cocoon\exslt\math\functions\atan2\math.atan2.1.html --> ftp.exslt.org /www.exslt.org/public_html/math/functions/atan2 math.atan2.1.html
102.11.19 13:27 B C:\jakarta-tomcat-3.2.4\webapps\cocoon\exslt\math\functions\atan2\math.atan2.html --> ftp.exslt.org /www.exslt.org/public_html/math/functions/atan2 math.atan2.html
102.11.19 13:27 B C:\jakarta-tomcat-3.2.4\webapps\cocoon\exslt\math\functions\atan2\math.atan2.js --> ftp.exslt.org /www.exslt.org/public_html/math/functions/atan2 math.atan2.js
102.11.19 13:27 B C:\jakarta-tomcat-3.2.4\webapps\cocoon\exslt\math\functions\atan2\math.atan2.js.html --> ftp.exslt.org /www.exslt.org/public_html/math/functions/atan2 math.atan2.js.html
102.11.19 13:27 B C:\jakarta-tomcat-3.2.4\webapps\cocoon\exslt\math\functions\atan2\math.atan2.msxsl.xsl --> ftp.exslt.org /www.exslt.org/public_html/math/functions/atan2 math.atan2.msxsl.xsl
102.11.19 13:27 B C:\jakarta-tomcat-3.2.4\webapps\cocoon\exslt\math\functions\atan2\math.atan2.msxsl.xsl.html --> ftp.exslt.org /www.exslt.org/public_html/math/functions/atan2 math.atan2.msxsl.xsl.html
102.11.19 13:27 B C:\jakarta-tomcat-3.2.4\webapps\cocoon\exslt\math\functions\atan2\math.atan2.package.txt --> ftp.exslt.org /www.exslt.org/public_html/math/functions/atan2 math.atan2.package.txt
102.11.19 13:27 B C:\jakarta-tomcat-3.2.4\webapps\cocoon\exslt\math\functions\atan2\math.atan2.use-cases.txt --> ftp.exslt.org /www.exslt.org/public_html/math/functions/atan2 math.atan2.use-cases.txt
102.11.19 13:27 B C:\jakarta-tomcat-3.2.4\webapps\cocoon\exslt\math\functions\atan2\math.atan2.use-cases.zip --> ftp.exslt.org /www.exslt.org/public_html/math/functions/atan2 math.atan2.use-cases.zip
102.11.19 13:27 B C:\jakarta-tomcat-3.2.4\webapps\cocoon\exslt\math\functions\atan2\math.atan2.xml --> ftp.exslt.org /www.exslt.org/public_html/math/functions/atan2 math.atan2.xml
102.11.19 13:27 B C:\jakarta-tomcat-3.2.4\webapps\cocoon\exslt\math\functions\atan2\math.atan2.xsl --> ftp.exslt.org /www.exslt.org/public_html/math/functions/atan2 math.atan2.xsl
102.11.19 13:27 B C:\jakarta-tomcat-3.2.4\webapps\cocoon\exslt\math\functions\atan2\math.atan2.zip --> ftp.exslt.org /www.exslt.org/public_html/math/functions/atan2 math.atan2.zip
102.11.19 13:27 B C:\jakarta-tomcat-3.2.4\webapps\cocoon\exslt\math\functions\atan2\refresh.bat --> ftp.exslt.org /www.exslt.org/public_html/math/functions/atan2 refresh.bat
102.11.19 13:27 B C:\jakarta-tomcat-3.2.4\webapps\cocoon\exslt\math\functions\atan2\update.bat --> ftp.exslt.org /www.exslt.org/public_html/math/functions/atan2 update.bat
102.12.02 12:32 B C:\jakarta-tomcat-3.2.4\webapps\cocoon\exslt\public_html\math\functions\atan2\WS_FTP.LOG <-- ftp.exslt.org /www.exslt.org/public_html/math/functions/atan2 WS_FTP.LOG
102.12.03 11:11 B C:\jakarta-tomcat-3.2.4\webapps\cocoon\exslt\math\functions\atan2\base.css --> ftp.exslt.org /www.exslt.org/public_html/math/functions/atan2 base.css
102.12.03 11:11 B C:\jakarta-tomcat-3.2.4\webapps\cocoon\exslt\math\functions\atan2\index.html --> ftp.exslt.org /www.exslt.org/public_html/math/functions/atan2 index.html
102.12.03 11:11 B C:\jakarta-tomcat-3.2.4\webapps\cocoon\exslt\math\functions\atan2\math.atan2.1.html --> ftp.exslt.org /www.exslt.org/public_html/math/functions/atan2 math.atan2.1.html
102.12.03 11:11 B C:\jakarta-tomcat-3.2.4\webapps\cocoon\exslt\math\functions\atan2\math.atan2.1.xml --> ftp.exslt.org /www.exslt.org/public_html/math/functions/atan2 math.atan2.1.xml
102.12.03 11:11 B C:\jakarta-tomcat-3.2.4\webapps\cocoon\exslt\math\functions\atan2\math.atan2.1.xsl --> ftp.exslt.org /www.exslt.org/public_html/math/functions/atan2 math.atan2.1.xsl
102.12.03 11:11 B C:\jakarta-tomcat-3.2.4\webapps\cocoon\exslt\math\functions\atan2\math.atan2.html --> ftp.exslt.org /www.exslt.org/public_html/math/functions/atan2 math.atan2.html
102.12.03 11:11 B C:\jakarta-tomcat-3.2.4\webapps\cocoon\exslt\math\functions\atan2\math.atan2.js --> ftp.exslt.org /www.exslt.org/public_html/math/functions/atan2 math.atan2.js
102.12.03 11:11 B C:\jakarta-tomcat-3.2.4\webapps\cocoon\exslt\math\functions\atan2\math.atan2.js.html --> ftp.exslt.org /www.exslt.org/public_html/math/functions/atan2 math.atan2.js.html
102.12.03 11:11 B C:\jakarta-tomcat-3.2.4\webapps\cocoon\exslt\math\functions\atan2\math.atan2.msxsl.xsl --> ftp.exslt.org /www.exslt.org/public_html/math/functions/atan2 math.atan2.msxsl.xsl
102.12.03 11:11 B C:\jakarta-tomcat-3.2.4\webapps\cocoon\exslt\math\functions\atan2\math.atan2.msxsl.xsl.html --> ftp.exslt.org /www.exslt.org/public_html/math/functions/atan2 math.atan2.msxsl.xsl.html
102.12.03 11:11 B C:\jakarta-tomcat-3.2.4\webapps\cocoon\exslt\math\functions\atan2\math.atan2.package.txt --> ftp.exslt.org /www.exslt.org/public_html/math/functions/atan2 math.atan2.package.txt
102.12.03 11:11 B C:\jakarta-tomcat-3.2.4\webapps\cocoon\exslt\math\functions\atan2\math.atan2.use-cases.txt --> ftp.exslt.org /www.exslt.org/public_html/math/functions/atan2 math.atan2.use-cases.txt
102.12.03 11:11 B C:\jakarta-tomcat-3.2.4\webapps\cocoon\exslt\math\functions\atan2\math.atan2.use-cases.zip --> ftp.exslt.org /www.exslt.org/public_html/math/functions/atan2 math.atan2.use-cases.zip
102.12.03 11:11 B C:\jakarta-tomcat-3.2.4\webapps\cocoon\exslt\math\functions\atan2\math.atan2.xml --> ftp.exslt.org /www.exslt.org/public_html/math/functions/atan2 math.atan2.xml
102.12.03 11:11 B C:\jakarta-tomcat-3.2.4\webapps\cocoon\exslt\math\functions\atan2\math.atan2.xsl --> ftp.exslt.org /www.exslt.org/public_html/math/functions/atan2 math.atan2.xsl
102.12.03 11:11 B C:\jakarta-tomcat-3.2.4\webapps\cocoon\exslt\math\functions\atan2\math.atan2.zip --> ftp.exslt.org /www.exslt.org/public_html/math/functions/atan2 math.atan2.zip
102.12.03 11:11 B C:\jakarta-tomcat-3.2.4\webapps\cocoon\exslt\math\functions\atan2\refresh.bat --> ftp.exslt.org /www.exslt.org/public_html/math/functions/atan2 refresh.bat
102.12.03 11:11 B C:\jakarta-tomcat-3.2.4\webapps\cocoon\exslt\math\functions\atan2\update.bat --> ftp.exslt.org /www.exslt.org/public_html/math/functions/atan2 update.bat
102.12.03 11:11 B C:\jakarta-tomcat-3.2.4\webapps\cocoon\exslt\math\functions\atan2\WS_FTP.LOG --> ftp.exslt.org /www.exslt.org/public_html/math/functions/atan2 WS_FTP.LOG
102.12.11 11:05 B C:\jakarta-tomcat-3.2.4\webapps\cocoon\exslt\math\functions\atan2\base.css --> ftp.exslt.org /www.exslt.org/public_html/math/functions/atan2 base.css
102.12.11 11:05 B C:\jakarta-tomcat-3.2.4\webapps\cocoon\exslt\math\functions\atan2\index.html --> ftp.exslt.org /www.exslt.org/public_html/math/functions/atan2 index.html
102.12.11 11:05 B C:\jakarta-tomcat-3.2.4\webapps\cocoon\exslt\math\functions\atan2\math.atan2.1.html --> ftp.exslt.org /www.exslt.org/public_html/math/functions/atan2 math.atan2.1.html
102.12.11 11:05 B C:\jakarta-tomcat-3.2.4\webapps\cocoon\exslt\math\functions\atan2\math.atan2.1.xml --> ftp.exslt.org /www.exslt.org/public_html/math/functions/atan2 math.atan2.1.xml
102.12.11 11:05 B C:\jakarta-tomcat-3.2.4\webapps\cocoon\exslt\math\functions\atan2\math.atan2.1.xsl --> ftp.exslt.org /www.exslt.org/public_html/math/functions/atan2 math.atan2.1.xsl
102.12.11 11:05 B C:\jakarta-tomcat-3.2.4\webapps\cocoon\exslt\math\functions\atan2\math.atan2.html --> ftp.exslt.org /www.exslt.org/public_html/math/functions/atan2 math.atan2.html
102.12.11 11:05 B C:\jakarta-tomcat-3.2.4\webapps\cocoon\exslt\math\functions\atan2\math.atan2.js --> ftp.exslt.org /www.exslt.org/public_html/math/functions/atan2 math.atan2.js
102.12.11 11:05 B C:\jakarta-tomcat-3.2.4\webapps\cocoon\exslt\math\functions\atan2\math.atan2.js.html --> ftp.exslt.org /www.exslt.org/public_html/math/functions/atan2 math.atan2.js.html
102.12.11 11:05 B C:\jakarta-tomcat-3.2.4\webapps\cocoon\exslt\math\functions\atan2\math.atan2.msxsl.xsl --> ftp.exslt.org /www.exslt.org/public_html/math/functions/atan2 math.atan2.msxsl.xsl
102.12.11 11:05 B C:\jakarta-tomcat-3.2.4\webapps\cocoon\exslt\math\functions\atan2\math.atan2.msxsl.xsl.html --> ftp.exslt.org /www.exslt.org/public_html/math/functions/atan2 math.atan2.msxsl.xsl.html
102.12.11 11:05 B C:\jakarta-tomcat-3.2.4\webapps\cocoon\exslt\math\functions\atan2\math.atan2.package.txt --> ftp.exslt.org /www.exslt.org/public_html/math/functions/atan2 math.atan2.package.txt
102.12.11 11:05 B C:\jakarta-tomcat-3.2.4\webapps\cocoon\exslt\math\functions\atan2\math.atan2.use-cases.txt --> ftp.exslt.org /www.exslt.org/public_html/math/functions/atan2 math.atan2.use-cases.txt
102.12.11 11:05 B C:\jakarta-tomcat-3.2.4\webapps\cocoon\exslt\math\functions\atan2\math.atan2.use-cases.zip --> ftp.exslt.org /www.exslt.org/public_html/math/functions/atan2 math.atan2.use-cases.zip
102.12.11 11:05 B C:\jakarta-tomcat-3.2.4\webapps\cocoon\exslt\math\functions\atan2\math.atan2.xml --> ftp.exslt.org /www.exslt.org/public_html/math/functions/atan2 math.atan2.xml
102.12.11 11:05 B C:\jakarta-tomcat-3.2.4\webapps\cocoon\exslt\math\functions\atan2\math.atan2.xsl --> ftp.exslt.org /www.exslt.org/public_html/math/functions/atan2 math.atan2.xsl
102.12.11 11:05 B C:\jakarta-tomcat-3.2.4\webapps\cocoon\exslt\math\functions\atan2\math.atan2.zip --> ftp.exslt.org /www.exslt.org/public_html/math/functions/atan2 math.atan2.zip
102.12.11 11:05 B C:\jakarta-tomcat-3.2.4\webapps\cocoon\exslt\math\functions\atan2\refresh.bat --> ftp.exslt.org /www.exslt.org/public_html/math/functions/atan2 refresh.bat
102.12.11 11:05 B C:\jakarta-tomcat-3.2.4\webapps\cocoon\exslt\math\functions\atan2\update.bat --> ftp.exslt.org /www.exslt.org/public_html/math/functions/atan2 update.bat
103.03.03 16:49 B C:\jakarta-tomcat-3.2.4\webapps\cocoon\exslt\math\functions\atan2\WS_FTP.LOG <-- ftp.exslt.org /www.exslt.org/public_html/math/functions/atan2 WS_FTP.LOG
103.03.03 17:12 B C:\jakarta-tomcat-3.2.4\webapps\cocoon\exslt\math\functions\atan2\base.css --> ftp.exslt.org /www.exslt.org/public_html/math/functions/atan2 base.css
103.03.03 17:12 B C:\jakarta-tomcat-3.2.4\webapps\cocoon\exslt\math\functions\atan2\index.html --> ftp.exslt.org /www.exslt.org/public_html/math/functions/atan2 index.html
103.03.03 17:12 B C:\jakarta-tomcat-3.2.4\webapps\cocoon\exslt\math\functions\atan2\math.atan2.1.html --> ftp.exslt.org /www.exslt.org/public_html/math/functions/atan2 math.atan2.1.html
103.03.03 17:12 B C:\jakarta-tomcat-3.2.4\webapps\cocoon\exslt\math\functions\atan2\math.atan2.1.xml --> ftp.exslt.org /www.exslt.org/public_html/math/functions/atan2 math.atan2.1.xml
103.03.03 17:12 B C:\jakarta-tomcat-3.2.4\webapps\cocoon\exslt\math\functions\atan2\math.atan2.1.xsl --> ftp.exslt.org /www.exslt.org/public_html/math/functions/atan2 math.atan2.1.xsl
103.03.03 17:12 B C:\jakarta-tomcat-3.2.4\webapps\cocoon\exslt\math\functions\atan2\math.atan2.html --> ftp.exslt.org /www.exslt.org/public_html/math/functions/atan2 math.atan2.html
103.03.03 17:12 B C:\jakarta-tomcat-3.2.4\webapps\cocoon\exslt\math\functions\atan2\math.atan2.js --> ftp.exslt.org /www.exslt.org/public_html/math/functions/atan2 math.atan2.js
103.03.03 17:12 B C:\jakarta-tomcat-3.2.4\webapps\cocoon\exslt\math\functions\atan2\math.atan2.js.html --> ftp.exslt.org /www.exslt.org/public_html/math/functions/atan2 math.atan2.js.html
103.03.03 17:12 B C:\jakarta-tomcat-3.2.4\webapps\cocoon\exslt\math\functions\atan2\math.atan2.msxsl.xsl --> ftp.exslt.org /www.exslt.org/public_html/math/functions/atan2 math.atan2.msxsl.xsl
103.03.03 17:12 B C:\jakarta-tomcat-3.2.4\webapps\cocoon\exslt\math\functions\atan2\math.atan2.msxsl.xsl.html --> ftp.exslt.org /www.exslt.org/public_html/math/functions/atan2 math.atan2.msxsl.xsl.html
103.03.03 17:12 B C:\jakarta-tomcat-3.2.4\webapps\cocoon\exslt\math\functions\atan2\math.atan2.package.txt --> ftp.exslt.org /www.exslt.org/public_html/math/functions/atan2 math.atan2.package.txt
103.03.03 17:12 B C:\jakarta-tomcat-3.2.4\webapps\cocoon\exslt\math\functions\atan2\math.atan2.use-cases.txt --> ftp.exslt.org /www.exslt.org/public_html/math/functions/atan2 math.atan2.use-cases.txt
103.03.03 17:12 B C:\jakarta-tomcat-3.2.4\webapps\cocoon\exslt\math\functions\atan2\math.atan2.use-cases.zip --> ftp.exslt.org /www.exslt.org/public_html/math/functions/atan2 math.atan2.use-cases.zip
103.03.03 17:12 B C:\jakarta-tomcat-3.2.4\webapps\cocoon\exslt\math\functions\atan2\math.atan2.xml --> ftp.exslt.org /www.exslt.org/public_html/math/functions/atan2 math.atan2.xml
103.03.03 17:12 B C:\jakarta-tomcat-3.2.4\webapps\cocoon\exslt\math\functions\atan2\math.atan2.xsl --> ftp.exslt.org /www.exslt.org/public_html/math/functions/atan2 math.atan2.xsl
103.03.03 17:12 B C:\jakarta-tomcat-3.2.4\webapps\cocoon\exslt\math\functions\atan2\math.atan2.zip --> ftp.exslt.org /www.exslt.org/public_html/math/functions/atan2 math.atan2.zip
103.03.03 17:12 B C:\jakarta-tomcat-3.2.4\webapps\cocoon\exslt\math\functions\atan2\refresh.bat --> ftp.exslt.org /www.exslt.org/public_html/math/functions/atan2 refresh.bat
103.03.03 17:12 B C:\jakarta-tomcat-3.2.4\webapps\cocoon\exslt\math\functions\atan2\update.bat --> ftp.exslt.org /www.exslt.org/public_html/math/functions/atan2 update.bat
103.09.29 15:41 B C:\jakarta-tomcat-3.2.4\webapps\cocoon\exslt\math\functions\atan2\WS_FTP.LOG <-- ftp.exslt.org /www.exslt.org/public_html/math/functions/atan2 WS_FTP.LOG
103.10.21 13:08 B C:\jakarta-tomcat-3.2.4\webapps\cocoon\exslt\math\functions\atan2\base.css --> marian.cs.nott.ac.uk /stud/pg/cds/exslt/math/functions/atan2 base.css
103.10.21 13:08 B C:\jakarta-tomcat-3.2.4\webapps\cocoon\exslt\math\functions\atan2\index.html --> marian.cs.nott.ac.uk /stud/pg/cds/exslt/math/functions/atan2 index.html
103.10.21 13:08 B C:\jakarta-tomcat-3.2.4\webapps\cocoon\exslt\math\functions\atan2\math.atan2.1.html --> marian.cs.nott.ac.uk /stud/pg/cds/exslt/math/functions/atan2 math.atan2.1.html
103.10.21 13:08 B C:\jakarta-tomcat-3.2.4\webapps\cocoon\exslt\math\functions\atan2\math.atan2.1.xml --> marian.cs.nott.ac.uk /stud/pg/cds/exslt/math/functions/atan2 math.atan2.1.xml
103.10.21 13:08 B C:\jakarta-tomcat-3.2.4\webapps\cocoon\exslt\math\functions\atan2\math.atan2.1.xsl --> marian.cs.nott.ac.uk /stud/pg/cds/exslt/math/functions/atan2 math.atan2.1.xsl
103.10.21 13:08 B C:\jakarta-tomcat-3.2.4\webapps\cocoon\exslt\math\functions\atan2\math.atan2.html --> marian.cs.nott.ac.uk /stud/pg/cds/exslt/math/functions/atan2 math.atan2.html
103.10.21 13:08 B C:\jakarta-tomcat-3.2.4\webapps\cocoon\exslt\math\functions\atan2\math.atan2.js --> marian.cs.nott.ac.uk /stud/pg/cds/exslt/math/functions/atan2 math.atan2.js
103.10.21 13:08 B C:\jakarta-tomcat-3.2.4\webapps\cocoon\exslt\math\functions\atan2\math.atan2.js.html --> marian.cs.nott.ac.uk /stud/pg/cds/exslt/math/functions/atan2 math.atan2.js.html
103.10.21 13:08 B C:\jakarta-tomcat-3.2.4\webapps\cocoon\exslt\math\functions\atan2\math.atan2.msxsl.xsl --> marian.cs.nott.ac.uk /stud/pg/cds/exslt/math/functions/atan2 math.atan2.msxsl.xsl
103.10.21 13:08 B C:\jakarta-tomcat-3.2.4\webapps\cocoon\exslt\math\functions\atan2\math.atan2.msxsl.xsl.html --> marian.cs.nott.ac.uk /stud/pg/cds/exslt/math/functions/atan2 math.atan2.msxsl.xsl.html
103.10.21 13:08 B C:\jakarta-tomcat-3.2.4\webapps\cocoon\exslt\math\functions\atan2\math.atan2.package.txt --> marian.cs.nott.ac.uk /stud/pg/cds/exslt/math/functions/atan2 math.atan2.package.txt
103.10.21 13:08 B C:\jakarta-tomcat-3.2.4\webapps\cocoon\exslt\math\functions\atan2\math.atan2.use-cases.txt --> marian.cs.nott.ac.uk /stud/pg/cds/exslt/math/functions/atan2 math.atan2.use-cases.txt
103.10.21 13:08 B C:\jakarta-tomcat-3.2.4\webapps\cocoon\exslt\math\functions\atan2\math.atan2.use-cases.zip --> marian.cs.nott.ac.uk /stud/pg/cds/exslt/math/functions/atan2 math.atan2.use-cases.zip
103.10.21 13:08 B C:\jakarta-tomcat-3.2.4\webapps\cocoon\exslt\math\functions\atan2\math.atan2.xml --> marian.cs.nott.ac.uk /stud/pg/cds/exslt/math/functions/atan2 math.atan2.xml
103.10.21 13:08 B C:\jakarta-tomcat-3.2.4\webapps\cocoon\exslt\math\functions\atan2\math.atan2.xsl --> marian.cs.nott.ac.uk /stud/pg/cds/exslt/math/functions/atan2 math.atan2.xsl
103.10.21 13:08 B C:\jakarta-tomcat-3.2.4\webapps\cocoon\exslt\math\functions\atan2\math.atan2.zip --> marian.cs.nott.ac.uk /stud/pg/cds/exslt/math/functions/atan2 math.atan2.zip
103.10.21 13:08 B C:\jakarta-tomcat-3.2.4\webapps\cocoon\exslt\math\functions\atan2\refresh.bat --> marian.cs.nott.ac.uk /stud/pg/cds/exslt/math/functions/atan2 refresh.bat
103.10.21 13:08 B C:\jakarta-tomcat-3.2.4\webapps\cocoon\exslt\math\functions\atan2\update.bat --> marian.cs.nott.ac.uk /stud/pg/cds/exslt/math/functions/atan2 update.bat
103.10.21 13:08 B C:\jakarta-tomcat-3.2.4\webapps\cocoon\exslt\math\functions\atan2\WS_FTP.LOG --> marian.cs.nott.ac.uk /stud/pg/cds/exslt/math/functions/atan2 WS_FTP.LOG
103.10.23 16:29 B C:\jakarta-tomcat-3.2.4\webapps\cocoon\exslt\math\functions\atan2\base.css --> ftp.exslt.org /www.exslt.org/public_html/math/functions/atan2 base.css
103.10.23 16:29 B C:\jakarta-tomcat-3.2.4\webapps\cocoon\exslt\math\functions\atan2\index.html --> ftp.exslt.org /www.exslt.org/public_html/math/functions/atan2 index.html
103.10.23 16:29 B C:\jakarta-tomcat-3.2.4\webapps\cocoon\exslt\math\functions\atan2\math.atan2.1.html --> ftp.exslt.org /www.exslt.org/public_html/math/functions/atan2 math.atan2.1.html
103.10.23 16:30 B C:\jakarta-tomcat-3.2.4\webapps\cocoon\exslt\math\functions\atan2\math.atan2.1.xml --> ftp.exslt.org /www.exslt.org/public_html/math/functions/atan2 math.atan2.1.xml
103.10.23 16:30 B C:\jakarta-tomcat-3.2.4\webapps\cocoon\exslt\math\functions\atan2\math.atan2.1.xsl --> ftp.exslt.org /www.exslt.org/public_html/math/functions/atan2 math.atan2.1.xsl
103.10.23 16:30 B C:\jakarta-tomcat-3.2.4\webapps\cocoon\exslt\math\functions\atan2\math.atan2.html --> ftp.exslt.org /www.exslt.org/public_html/math/functions/atan2 math.atan2.html
103.10.23 16:30 B C:\jakarta-tomcat-3.2.4\webapps\cocoon\exslt\math\functions\atan2\math.atan2.js --> ftp.exslt.org /www.exslt.org/public_html/math/functions/atan2 math.atan2.js
103.10.23 16:30 B C:\jakarta-tomcat-3.2.4\webapps\cocoon\exslt\math\functions\atan2\math.atan2.js.html --> ftp.exslt.org /www.exslt.org/public_html/math/functions/atan2 math.atan2.js.html
103.10.23 16:30 B C:\jakarta-tomcat-3.2.4\webapps\cocoon\exslt\math\functions\atan2\math.atan2.msxsl.xsl --> ftp.exslt.org /www.exslt.org/public_html/math/functions/atan2 math.atan2.msxsl.xsl
103.10.23 16:30 B C:\jakarta-tomcat-3.2.4\webapps\cocoon\exslt\math\functions\atan2\math.atan2.msxsl.xsl.html --> ftp.exslt.org /www.exslt.org/public_html/math/functions/atan2 math.atan2.msxsl.xsl.html
103.10.23 16:30 B C:\jakarta-tomcat-3.2.4\webapps\cocoon\exslt\math\functions\atan2\math.atan2.package.txt --> ftp.exslt.org /www.exslt.org/public_html/math/functions/atan2 math.atan2.package.txt
103.10.23 16:30 B C:\jakarta-tomcat-3.2.4\webapps\cocoon\exslt\math\functions\atan2\math.atan2.use-cases.txt --> ftp.exslt.org /www.exslt.org/public_html/math/functions/atan2 math.atan2.use-cases.txt
103.10.23 16:30 B C:\jakarta-tomcat-3.2.4\webapps\cocoon\exslt\math\functions\atan2\math.atan2.use-cases.zip --> ftp.exslt.org /www.exslt.org/public_html/math/functions/atan2 math.atan2.use-cases.zip
103.10.23 16:30 B C:\jakarta-tomcat-3.2.4\webapps\cocoon\exslt\math\functions\atan2\math.atan2.xml --> ftp.exslt.org /www.exslt.org/public_html/math/functions/atan2 math.atan2.xml
103.10.23 16:30 B C:\jakarta-tomcat-3.2.4\webapps\cocoon\exslt\math\functions\atan2\math.atan2.xsl --> ftp.exslt.org /www.exslt.org/public_html/math/functions/atan2 math.atan2.xsl
103.10.23 16:30 B C:\jakarta-tomcat-3.2.4\webapps\cocoon\exslt\math\functions\atan2\math.atan2.zip --> ftp.exslt.org /www.exslt.org/public_html/math/functions/atan2 math.atan2.zip
103.10.23 16:30 B C:\jakarta-tomcat-3.2.4\webapps\cocoon\exslt\math\functions\atan2\refresh.bat --> ftp.exslt.org /www.exslt.org/public_html/math/functions/atan2 refresh.bat
103.10.23 16:30 B C:\jakarta-tomcat-3.2.4\webapps\cocoon\exslt\math\functions\atan2\update.bat --> ftp.exslt.org /www.exslt.org/public_html/math/functions/atan2 update.bat
