102.08.21 17:33 B C:\jakarta-tomcat-3.2.4\webapps\cocoon\exslt\math\base.css --> ftp.exslt.org /www.exslt.org/public_html/math base.css
102.08.21 17:33 B C:\jakarta-tomcat-3.2.4\webapps\cocoon\exslt\math\index.html --> ftp.exslt.org /www.exslt.org/public_html/math index.html
102.08.21 17:33 B C:\jakarta-tomcat-3.2.4\webapps\cocoon\exslt\math\math.1.html --> ftp.exslt.org /www.exslt.org/public_html/math math.1.html
102.08.21 17:33 B C:\jakarta-tomcat-3.2.4\webapps\cocoon\exslt\math\math.html --> ftp.exslt.org /www.exslt.org/public_html/math math.html
102.08.21 17:33 B C:\jakarta-tomcat-3.2.4\webapps\cocoon\exslt\math\math.package.txt --> ftp.exslt.org /www.exslt.org/public_html/math math.package.txt
102.08.21 17:33 B C:\jakarta-tomcat-3.2.4\webapps\cocoon\exslt\math\math.xml --> ftp.exslt.org /www.exslt.org/public_html/math math.xml
102.08.21 17:33 B C:\jakarta-tomcat-3.2.4\webapps\cocoon\exslt\math\math.xsl --> ftp.exslt.org /www.exslt.org/public_html/math math.xsl
102.08.21 17:33 B C:\jakarta-tomcat-3.2.4\webapps\cocoon\exslt\math\math.zip --> ftp.exslt.org /www.exslt.org/public_html/math math.zip
102.08.21 17:33 B C:\jakarta-tomcat-3.2.4\webapps\cocoon\exslt\math\refresh.bat --> ftp.exslt.org /www.exslt.org/public_html/math refresh.bat
102.08.21 17:33 B C:\jakarta-tomcat-3.2.4\webapps\cocoon\exslt\math\update.bat --> ftp.exslt.org /www.exslt.org/public_html/math update.bat
102.11.19 13:27 B C:\jakarta-tomcat-3.2.4\webapps\cocoon\exslt\math\base.css --> ftp.exslt.org /www.exslt.org/public_html/math base.css
102.11.19 13:27 B C:\jakarta-tomcat-3.2.4\webapps\cocoon\exslt\math\index.html --> ftp.exslt.org /www.exslt.org/public_html/math index.html
102.11.19 13:27 B C:\jakarta-tomcat-3.2.4\webapps\cocoon\exslt\math\math.1.html --> ftp.exslt.org /www.exslt.org/public_html/math math.1.html
102.11.19 13:27 B C:\jakarta-tomcat-3.2.4\webapps\cocoon\exslt\math\math.html --> ftp.exslt.org /www.exslt.org/public_html/math math.html
102.11.19 13:27 B C:\jakarta-tomcat-3.2.4\webapps\cocoon\exslt\math\math.package.txt --> ftp.exslt.org /www.exslt.org/public_html/math math.package.txt
102.11.19 13:27 B C:\jakarta-tomcat-3.2.4\webapps\cocoon\exslt\math\math.xml --> ftp.exslt.org /www.exslt.org/public_html/math math.xml
102.11.19 13:27 B C:\jakarta-tomcat-3.2.4\webapps\cocoon\exslt\math\math.xsl --> ftp.exslt.org /www.exslt.org/public_html/math math.xsl
102.11.19 13:27 B C:\jakarta-tomcat-3.2.4\webapps\cocoon\exslt\math\math.zip --> ftp.exslt.org /www.exslt.org/public_html/math math.zip
102.11.19 13:27 B C:\jakarta-tomcat-3.2.4\webapps\cocoon\exslt\math\refresh.bat --> ftp.exslt.org /www.exslt.org/public_html/math refresh.bat
102.11.19 13:27 B C:\jakarta-tomcat-3.2.4\webapps\cocoon\exslt\math\update.bat --> ftp.exslt.org /www.exslt.org/public_html/math update.bat
102.12.02 12:33 B C:\jakarta-tomcat-3.2.4\webapps\cocoon\exslt\public_html\math\WS_FTP.LOG <-- ftp.exslt.org /www.exslt.org/public_html/math WS_FTP.LOG
102.12.03 11:12 B C:\jakarta-tomcat-3.2.4\webapps\cocoon\exslt\math\base.css --> ftp.exslt.org /www.exslt.org/public_html/math base.css
102.12.03 11:12 B C:\jakarta-tomcat-3.2.4\webapps\cocoon\exslt\math\index.html --> ftp.exslt.org /www.exslt.org/public_html/math index.html
102.12.03 11:12 B C:\jakarta-tomcat-3.2.4\webapps\cocoon\exslt\math\math.1.html --> ftp.exslt.org /www.exslt.org/public_html/math math.1.html
102.12.03 11:12 B C:\jakarta-tomcat-3.2.4\webapps\cocoon\exslt\math\math.html --> ftp.exslt.org /www.exslt.org/public_html/math math.html
102.12.03 11:12 B C:\jakarta-tomcat-3.2.4\webapps\cocoon\exslt\math\math.package.txt --> ftp.exslt.org /www.exslt.org/public_html/math math.package.txt
102.12.03 11:12 B C:\jakarta-tomcat-3.2.4\webapps\cocoon\exslt\math\math.xml --> ftp.exslt.org /www.exslt.org/public_html/math math.xml
102.12.03 11:12 B C:\jakarta-tomcat-3.2.4\webapps\cocoon\exslt\math\math.xsl --> ftp.exslt.org /www.exslt.org/public_html/math math.xsl
102.12.03 11:12 B C:\jakarta-tomcat-3.2.4\webapps\cocoon\exslt\math\math.zip --> ftp.exslt.org /www.exslt.org/public_html/math math.zip
102.12.03 11:12 B C:\jakarta-tomcat-3.2.4\webapps\cocoon\exslt\math\out.html --> ftp.exslt.org /www.exslt.org/public_html/math out.html
102.12.03 11:12 B C:\jakarta-tomcat-3.2.4\webapps\cocoon\exslt\math\refresh.bat --> ftp.exslt.org /www.exslt.org/public_html/math refresh.bat
102.12.03 11:12 B C:\jakarta-tomcat-3.2.4\webapps\cocoon\exslt\math\update.bat --> ftp.exslt.org /www.exslt.org/public_html/math update.bat
102.12.03 11:12 B C:\jakarta-tomcat-3.2.4\webapps\cocoon\exslt\math\upload.bat --> ftp.exslt.org /www.exslt.org/public_html/math upload.bat
102.12.03 11:12 B C:\jakarta-tomcat-3.2.4\webapps\cocoon\exslt\math\WS_FTP.LOG --> ftp.exslt.org /www.exslt.org/public_html/math WS_FTP.LOG
102.12.11 11:06 B C:\jakarta-tomcat-3.2.4\webapps\cocoon\exslt\math\base.css --> ftp.exslt.org /www.exslt.org/public_html/math base.css
102.12.11 11:06 B C:\jakarta-tomcat-3.2.4\webapps\cocoon\exslt\math\index.html --> ftp.exslt.org /www.exslt.org/public_html/math index.html
102.12.11 11:06 B C:\jakarta-tomcat-3.2.4\webapps\cocoon\exslt\math\math.1.html --> ftp.exslt.org /www.exslt.org/public_html/math math.1.html
102.12.11 11:06 B C:\jakarta-tomcat-3.2.4\webapps\cocoon\exslt\math\math.html --> ftp.exslt.org /www.exslt.org/public_html/math math.html
102.12.11 11:06 B C:\jakarta-tomcat-3.2.4\webapps\cocoon\exslt\math\math.package.txt --> ftp.exslt.org /www.exslt.org/public_html/math math.package.txt
102.12.11 11:06 B C:\jakarta-tomcat-3.2.4\webapps\cocoon\exslt\math\math.xml --> ftp.exslt.org /www.exslt.org/public_html/math math.xml
102.12.11 11:06 B C:\jakarta-tomcat-3.2.4\webapps\cocoon\exslt\math\math.xsl --> ftp.exslt.org /www.exslt.org/public_html/math math.xsl
102.12.11 11:06 B C:\jakarta-tomcat-3.2.4\webapps\cocoon\exslt\math\math.zip --> ftp.exslt.org /www.exslt.org/public_html/math math.zip
102.12.11 11:06 B C:\jakarta-tomcat-3.2.4\webapps\cocoon\exslt\math\out.html --> ftp.exslt.org /www.exslt.org/public_html/math out.html
102.12.11 11:06 B C:\jakarta-tomcat-3.2.4\webapps\cocoon\exslt\math\refresh.bat --> ftp.exslt.org /www.exslt.org/public_html/math refresh.bat
102.12.11 11:06 B C:\jakarta-tomcat-3.2.4\webapps\cocoon\exslt\math\update.bat --> ftp.exslt.org /www.exslt.org/public_html/math update.bat
102.12.11 11:06 B C:\jakarta-tomcat-3.2.4\webapps\cocoon\exslt\math\upload.bat --> ftp.exslt.org /www.exslt.org/public_html/math upload.bat
103.09.29 15:52 B C:\jakarta-tomcat-3.2.4\webapps\cocoon\exslt\math\WS_FTP.LOG <-- ftp.exslt.org /www.exslt.org/public_html/math WS_FTP.LOG
103.10.17 10:58 B C:\jakarta-tomcat-3.2.4\webapps\cocoon\exslt\random\base.css --> ftp.exslt.org /www.exslt.org/public_html/random base.css
103.10.17 10:58 B C:\jakarta-tomcat-3.2.4\webapps\cocoon\exslt\random\index.html --> ftp.exslt.org /www.exslt.org/public_html/random index.html
103.10.17 10:58 B C:\jakarta-tomcat-3.2.4\webapps\cocoon\exslt\random\out.html --> ftp.exslt.org /www.exslt.org/public_html/random out.html
103.10.17 10:58 B C:\jakarta-tomcat-3.2.4\webapps\cocoon\exslt\random\random.1.html --> ftp.exslt.org /www.exslt.org/public_html/random random.1.html
103.10.17 10:59 B C:\jakarta-tomcat-3.2.4\webapps\cocoon\exslt\random\random.html --> ftp.exslt.org /www.exslt.org/public_html/random random.html
103.10.17 10:59 B C:\jakarta-tomcat-3.2.4\webapps\cocoon\exslt\random\random.package.txt --> ftp.exslt.org /www.exslt.org/public_html/random random.package.txt
103.10.17 10:59 B C:\jakarta-tomcat-3.2.4\webapps\cocoon\exslt\random\random.xml --> ftp.exslt.org /www.exslt.org/public_html/random random.xml
103.10.17 10:59 B C:\jakarta-tomcat-3.2.4\webapps\cocoon\exslt\random\random.xsl --> ftp.exslt.org /www.exslt.org/public_html/random random.xsl
103.10.17 10:59 B C:\jakarta-tomcat-3.2.4\webapps\cocoon\exslt\random\random.zip --> ftp.exslt.org /www.exslt.org/public_html/random random.zip
103.10.17 10:59 B C:\jakarta-tomcat-3.2.4\webapps\cocoon\exslt\random\refresh.bat --> ftp.exslt.org /www.exslt.org/public_html/random refresh.bat
103.10.17 10:59 B C:\jakarta-tomcat-3.2.4\webapps\cocoon\exslt\random\update.bat --> ftp.exslt.org /www.exslt.org/public_html/random update.bat
103.10.17 10:59 B C:\jakarta-tomcat-3.2.4\webapps\cocoon\exslt\random\upload.bat --> ftp.exslt.org /www.exslt.org/public_html/random upload.bat
103.10.17 10:59 B C:\jakarta-tomcat-3.2.4\webapps\cocoon\exslt\random\WS_FTP.LOG --> ftp.exslt.org /www.exslt.org/public_html/random WS_FTP.LOG
103.10.20 14:43 B C:\jakarta-tomcat-3.2.4\webapps\cocoon\exslt\random\base.css --> ftp.exslt.org /www.exslt.org/public_html/random base.css
103.10.20 14:43 B C:\jakarta-tomcat-3.2.4\webapps\cocoon\exslt\random\index.html --> ftp.exslt.org /www.exslt.org/public_html/random index.html
103.10.20 14:43 B C:\jakarta-tomcat-3.2.4\webapps\cocoon\exslt\random\out.html --> ftp.exslt.org /www.exslt.org/public_html/random out.html
103.10.20 14:43 B C:\jakarta-tomcat-3.2.4\webapps\cocoon\exslt\random\random.1.html --> ftp.exslt.org /www.exslt.org/public_html/random random.1.html
103.10.20 14:43 B C:\jakarta-tomcat-3.2.4\webapps\cocoon\exslt\random\random.html --> ftp.exslt.org /www.exslt.org/public_html/random random.html
103.10.20 14:43 B C:\jakarta-tomcat-3.2.4\webapps\cocoon\exslt\random\random.package.txt --> ftp.exslt.org /www.exslt.org/public_html/random random.package.txt
103.10.20 14:43 B C:\jakarta-tomcat-3.2.4\webapps\cocoon\exslt\random\random.xml --> ftp.exslt.org /www.exslt.org/public_html/random random.xml
103.10.20 14:43 B C:\jakarta-tomcat-3.2.4\webapps\cocoon\exslt\random\random.xsl --> ftp.exslt.org /www.exslt.org/public_html/random random.xsl
103.10.20 14:43 B C:\jakarta-tomcat-3.2.4\webapps\cocoon\exslt\random\random.zip --> ftp.exslt.org /www.exslt.org/public_html/random random.zip
103.10.20 14:43 B C:\jakarta-tomcat-3.2.4\webapps\cocoon\exslt\random\refresh.bat --> ftp.exslt.org /www.exslt.org/public_html/random refresh.bat
103.10.20 14:43 B C:\jakarta-tomcat-3.2.4\webapps\cocoon\exslt\random\update.bat --> ftp.exslt.org /www.exslt.org/public_html/random update.bat
103.10.20 14:43 B C:\jakarta-tomcat-3.2.4\webapps\cocoon\exslt\random\upload.bat --> ftp.exslt.org /www.exslt.org/public_html/random upload.bat
