102.08.21 17:31 B C:\jakarta-tomcat-3.2.4\webapps\cocoon\exslt\exsl\functions\object-type\base.css --> ftp.exslt.org /www.exslt.org/public_html/exsl/functions/object-type base.css
102.08.21 17:31 B C:\jakarta-tomcat-3.2.4\webapps\cocoon\exslt\exsl\functions\object-type\exsl.object-type.1.xsl --> ftp.exslt.org /www.exslt.org/public_html/exsl/functions/object-type exsl.object-type.1.xsl
102.08.21 17:31 B C:\jakarta-tomcat-3.2.4\webapps\cocoon\exslt\exsl\functions\object-type\exsl.object-type.2.html --> ftp.exslt.org /www.exslt.org/public_html/exsl/functions/object-type exsl.object-type.2.html
102.08.21 17:31 B C:\jakarta-tomcat-3.2.4\webapps\cocoon\exslt\exsl\functions\object-type\exsl.object-type.data.1.xml --> ftp.exslt.org /www.exslt.org/public_html/exsl/functions/object-type exsl.object-type.data.1.xml
102.08.21 17:31 B C:\jakarta-tomcat-3.2.4\webapps\cocoon\exslt\exsl\functions\object-type\exsl.object-type.html --> ftp.exslt.org /www.exslt.org/public_html/exsl/functions/object-type exsl.object-type.html
102.08.21 17:31 B C:\jakarta-tomcat-3.2.4\webapps\cocoon\exslt\exsl\functions\object-type\exsl.object-type.package.txt --> ftp.exslt.org /www.exslt.org/public_html/exsl/functions/object-type exsl.object-type.package.txt
102.08.21 17:31 B C:\jakarta-tomcat-3.2.4\webapps\cocoon\exslt\exsl\functions\object-type\exsl.object-type.result.1.xml --> ftp.exslt.org /www.exslt.org/public_html/exsl/functions/object-type exsl.object-type.result.1.xml
102.08.21 17:31 B C:\jakarta-tomcat-3.2.4\webapps\cocoon\exslt\exsl\functions\object-type\exsl.object-type.use-case.1.html --> ftp.exslt.org /www.exslt.org/public_html/exsl/functions/object-type exsl.object-type.use-case.1.html
102.08.21 17:31 B C:\jakarta-tomcat-3.2.4\webapps\cocoon\exslt\exsl\functions\object-type\exsl.object-type.use-cases.txt --> ftp.exslt.org /www.exslt.org/public_html/exsl/functions/object-type exsl.object-type.use-cases.txt
102.08.21 17:31 B C:\jakarta-tomcat-3.2.4\webapps\cocoon\exslt\exsl\functions\object-type\exsl.object-type.use-cases.zip --> ftp.exslt.org /www.exslt.org/public_html/exsl/functions/object-type exsl.object-type.use-cases.zip
102.08.21 17:31 B C:\jakarta-tomcat-3.2.4\webapps\cocoon\exslt\exsl\functions\object-type\exsl.object-type.xml --> ftp.exslt.org /www.exslt.org/public_html/exsl/functions/object-type exsl.object-type.xml
102.08.21 17:31 B C:\jakarta-tomcat-3.2.4\webapps\cocoon\exslt\exsl\functions\object-type\exsl.object-type.zip --> ftp.exslt.org /www.exslt.org/public_html/exsl/functions/object-type exsl.object-type.zip
102.08.21 17:31 B C:\jakarta-tomcat-3.2.4\webapps\cocoon\exslt\exsl\functions\object-type\index.html --> ftp.exslt.org /www.exslt.org/public_html/exsl/functions/object-type index.html
102.08.21 17:31 B C:\jakarta-tomcat-3.2.4\webapps\cocoon\exslt\exsl\functions\object-type\refresh.bat --> ftp.exslt.org /www.exslt.org/public_html/exsl/functions/object-type refresh.bat
102.08.21 17:31 B C:\jakarta-tomcat-3.2.4\webapps\cocoon\exslt\exsl\functions\object-type\update.bat --> ftp.exslt.org /www.exslt.org/public_html/exsl/functions/object-type update.bat
102.11.19 13:15 B C:\jakarta-tomcat-3.2.4\webapps\cocoon\exslt\exsl\functions\object-type\base.css --> ftp.exslt.org /www.exslt.org/public_html/exsl/functions/object-type base.css
102.11.19 13:15 B C:\jakarta-tomcat-3.2.4\webapps\cocoon\exslt\exsl\functions\object-type\exsl.object-type.1.xsl --> ftp.exslt.org /www.exslt.org/public_html/exsl/functions/object-type exsl.object-type.1.xsl
102.11.19 13:15 B C:\jakarta-tomcat-3.2.4\webapps\cocoon\exslt\exsl\functions\object-type\exsl.object-type.2.html --> ftp.exslt.org /www.exslt.org/public_html/exsl/functions/object-type exsl.object-type.2.html
102.11.19 13:15 B C:\jakarta-tomcat-3.2.4\webapps\cocoon\exslt\exsl\functions\object-type\exsl.object-type.data.1.xml --> ftp.exslt.org /www.exslt.org/public_html/exsl/functions/object-type exsl.object-type.data.1.xml
102.11.19 13:15 B C:\jakarta-tomcat-3.2.4\webapps\cocoon\exslt\exsl\functions\object-type\exsl.object-type.html --> ftp.exslt.org /www.exslt.org/public_html/exsl/functions/object-type exsl.object-type.html
102.11.19 13:15 B C:\jakarta-tomcat-3.2.4\webapps\cocoon\exslt\exsl\functions\object-type\exsl.object-type.package.txt --> ftp.exslt.org /www.exslt.org/public_html/exsl/functions/object-type exsl.object-type.package.txt
102.11.19 13:15 B C:\jakarta-tomcat-3.2.4\webapps\cocoon\exslt\exsl\functions\object-type\exsl.object-type.result.1.xml --> ftp.exslt.org /www.exslt.org/public_html/exsl/functions/object-type exsl.object-type.result.1.xml
102.11.19 13:15 B C:\jakarta-tomcat-3.2.4\webapps\cocoon\exslt\exsl\functions\object-type\exsl.object-type.use-case.1.html --> ftp.exslt.org /www.exslt.org/public_html/exsl/functions/object-type exsl.object-type.use-case.1.html
102.11.19 13:15 B C:\jakarta-tomcat-3.2.4\webapps\cocoon\exslt\exsl\functions\object-type\exsl.object-type.use-cases.txt --> ftp.exslt.org /www.exslt.org/public_html/exsl/functions/object-type exsl.object-type.use-cases.txt
102.11.19 13:15 B C:\jakarta-tomcat-3.2.4\webapps\cocoon\exslt\exsl\functions\object-type\exsl.object-type.use-cases.zip --> ftp.exslt.org /www.exslt.org/public_html/exsl/functions/object-type exsl.object-type.use-cases.zip
102.11.19 13:15 B C:\jakarta-tomcat-3.2.4\webapps\cocoon\exslt\exsl\functions\object-type\exsl.object-type.xml --> ftp.exslt.org /www.exslt.org/public_html/exsl/functions/object-type exsl.object-type.xml
102.11.19 13:15 B C:\jakarta-tomcat-3.2.4\webapps\cocoon\exslt\exsl\functions\object-type\exsl.object-type.zip --> ftp.exslt.org /www.exslt.org/public_html/exsl/functions/object-type exsl.object-type.zip
102.11.19 13:15 B C:\jakarta-tomcat-3.2.4\webapps\cocoon\exslt\exsl\functions\object-type\index.html --> ftp.exslt.org /www.exslt.org/public_html/exsl/functions/object-type index.html
102.11.19 13:15 B C:\jakarta-tomcat-3.2.4\webapps\cocoon\exslt\exsl\functions\object-type\refresh.bat --> ftp.exslt.org /www.exslt.org/public_html/exsl/functions/object-type refresh.bat
102.11.19 13:15 B C:\jakarta-tomcat-3.2.4\webapps\cocoon\exslt\exsl\functions\object-type\update.bat --> ftp.exslt.org /www.exslt.org/public_html/exsl/functions/object-type update.bat
102.11.19 13:15 B C:\jakarta-tomcat-3.2.4\webapps\cocoon\exslt\exsl\functions\object-type\WS_FTP.LOG --> ftp.exslt.org /www.exslt.org/public_html/exsl/functions/object-type WS_FTP.LOG
102.11.19 13:22 B C:\jakarta-tomcat-3.2.4\webapps\cocoon\exslt\exsl\functions\object-type\base.css --> ftp.exslt.org /www.exslt.org/public_html/exsl/functions/object-type base.css
102.11.19 13:22 B C:\jakarta-tomcat-3.2.4\webapps\cocoon\exslt\exsl\functions\object-type\exsl.object-type.1.xsl --> ftp.exslt.org /www.exslt.org/public_html/exsl/functions/object-type exsl.object-type.1.xsl
102.11.19 13:22 B C:\jakarta-tomcat-3.2.4\webapps\cocoon\exslt\exsl\functions\object-type\exsl.object-type.2.html --> ftp.exslt.org /www.exslt.org/public_html/exsl/functions/object-type exsl.object-type.2.html
102.11.19 13:22 B C:\jakarta-tomcat-3.2.4\webapps\cocoon\exslt\exsl\functions\object-type\exsl.object-type.data.1.xml --> ftp.exslt.org /www.exslt.org/public_html/exsl/functions/object-type exsl.object-type.data.1.xml
102.11.19 13:22 B C:\jakarta-tomcat-3.2.4\webapps\cocoon\exslt\exsl\functions\object-type\exsl.object-type.html --> ftp.exslt.org /www.exslt.org/public_html/exsl/functions/object-type exsl.object-type.html
102.11.19 13:22 B C:\jakarta-tomcat-3.2.4\webapps\cocoon\exslt\exsl\functions\object-type\exsl.object-type.package.txt --> ftp.exslt.org /www.exslt.org/public_html/exsl/functions/object-type exsl.object-type.package.txt
102.11.19 13:22 B C:\jakarta-tomcat-3.2.4\webapps\cocoon\exslt\exsl\functions\object-type\exsl.object-type.result.1.xml --> ftp.exslt.org /www.exslt.org/public_html/exsl/functions/object-type exsl.object-type.result.1.xml
102.11.19 13:22 B C:\jakarta-tomcat-3.2.4\webapps\cocoon\exslt\exsl\functions\object-type\exsl.object-type.use-case.1.html --> ftp.exslt.org /www.exslt.org/public_html/exsl/functions/object-type exsl.object-type.use-case.1.html
102.11.19 13:22 B C:\jakarta-tomcat-3.2.4\webapps\cocoon\exslt\exsl\functions\object-type\exsl.object-type.use-cases.txt --> ftp.exslt.org /www.exslt.org/public_html/exsl/functions/object-type exsl.object-type.use-cases.txt
102.11.19 13:22 B C:\jakarta-tomcat-3.2.4\webapps\cocoon\exslt\exsl\functions\object-type\exsl.object-type.use-cases.zip --> ftp.exslt.org /www.exslt.org/public_html/exsl/functions/object-type exsl.object-type.use-cases.zip
102.11.19 13:22 B C:\jakarta-tomcat-3.2.4\webapps\cocoon\exslt\exsl\functions\object-type\exsl.object-type.xml --> ftp.exslt.org /www.exslt.org/public_html/exsl/functions/object-type exsl.object-type.xml
102.11.19 13:22 B C:\jakarta-tomcat-3.2.4\webapps\cocoon\exslt\exsl\functions\object-type\exsl.object-type.zip --> ftp.exslt.org /www.exslt.org/public_html/exsl/functions/object-type exsl.object-type.zip
102.11.19 13:22 B C:\jakarta-tomcat-3.2.4\webapps\cocoon\exslt\exsl\functions\object-type\index.html --> ftp.exslt.org /www.exslt.org/public_html/exsl/functions/object-type index.html
102.11.19 13:22 B C:\jakarta-tomcat-3.2.4\webapps\cocoon\exslt\exsl\functions\object-type\refresh.bat --> ftp.exslt.org /www.exslt.org/public_html/exsl/functions/object-type refresh.bat
102.11.19 13:22 B C:\jakarta-tomcat-3.2.4\webapps\cocoon\exslt\exsl\functions\object-type\update.bat --> ftp.exslt.org /www.exslt.org/public_html/exsl/functions/object-type update.bat
102.12.02 12:22 B C:\jakarta-tomcat-3.2.4\webapps\cocoon\exslt\public_html\exsl\functions\object-type\WS_FTP.LOG <-- ftp.exslt.org /www.exslt.org/public_html/exsl/functions/object-type WS_FTP.LOG
102.12.03 11:11 B C:\jakarta-tomcat-3.2.4\webapps\cocoon\exslt\exsl\functions\object-type\base.css --> ftp.exslt.org /www.exslt.org/public_html/exsl/functions/object-type base.css
102.12.03 11:11 B C:\jakarta-tomcat-3.2.4\webapps\cocoon\exslt\exsl\functions\object-type\exsl.object-type.1.html --> ftp.exslt.org /www.exslt.org/public_html/exsl/functions/object-type exsl.object-type.1.html
102.12.03 11:11 B C:\jakarta-tomcat-3.2.4\webapps\cocoon\exslt\exsl\functions\object-type\exsl.object-type.1.xsl --> ftp.exslt.org /www.exslt.org/public_html/exsl/functions/object-type exsl.object-type.1.xsl
102.12.03 11:11 B C:\jakarta-tomcat-3.2.4\webapps\cocoon\exslt\exsl\functions\object-type\exsl.object-type.2.html --> ftp.exslt.org /www.exslt.org/public_html/exsl/functions/object-type exsl.object-type.2.html
102.12.03 11:11 B C:\jakarta-tomcat-3.2.4\webapps\cocoon\exslt\exsl\functions\object-type\exsl.object-type.data.1.xml --> ftp.exslt.org /www.exslt.org/public_html/exsl/functions/object-type exsl.object-type.data.1.xml
102.12.03 11:11 B C:\jakarta-tomcat-3.2.4\webapps\cocoon\exslt\exsl\functions\object-type\exsl.object-type.html --> ftp.exslt.org /www.exslt.org/public_html/exsl/functions/object-type exsl.object-type.html
102.12.03 11:11 B C:\jakarta-tomcat-3.2.4\webapps\cocoon\exslt\exsl\functions\object-type\exsl.object-type.package.txt --> ftp.exslt.org /www.exslt.org/public_html/exsl/functions/object-type exsl.object-type.package.txt
102.12.03 11:11 B C:\jakarta-tomcat-3.2.4\webapps\cocoon\exslt\exsl\functions\object-type\exsl.object-type.result.1.xml --> ftp.exslt.org /www.exslt.org/public_html/exsl/functions/object-type exsl.object-type.result.1.xml
102.12.03 11:11 B C:\jakarta-tomcat-3.2.4\webapps\cocoon\exslt\exsl\functions\object-type\exsl.object-type.use-case.1.html --> ftp.exslt.org /www.exslt.org/public_html/exsl/functions/object-type exsl.object-type.use-case.1.html
102.12.03 11:11 B C:\jakarta-tomcat-3.2.4\webapps\cocoon\exslt\exsl\functions\object-type\exsl.object-type.use-cases.txt --> ftp.exslt.org /www.exslt.org/public_html/exsl/functions/object-type exsl.object-type.use-cases.txt
102.12.03 11:11 B C:\jakarta-tomcat-3.2.4\webapps\cocoon\exslt\exsl\functions\object-type\exsl.object-type.use-cases.zip --> ftp.exslt.org /www.exslt.org/public_html/exsl/functions/object-type exsl.object-type.use-cases.zip
102.12.03 11:11 B C:\jakarta-tomcat-3.2.4\webapps\cocoon\exslt\exsl\functions\object-type\exsl.object-type.xml --> ftp.exslt.org /www.exslt.org/public_html/exsl/functions/object-type exsl.object-type.xml
102.12.03 11:11 B C:\jakarta-tomcat-3.2.4\webapps\cocoon\exslt\exsl\functions\object-type\exsl.object-type.zip --> ftp.exslt.org /www.exslt.org/public_html/exsl/functions/object-type exsl.object-type.zip
102.12.03 11:11 B C:\jakarta-tomcat-3.2.4\webapps\cocoon\exslt\exsl\functions\object-type\index.html --> ftp.exslt.org /www.exslt.org/public_html/exsl/functions/object-type index.html
102.12.03 11:11 B C:\jakarta-tomcat-3.2.4\webapps\cocoon\exslt\exsl\functions\object-type\refresh.bat --> ftp.exslt.org /www.exslt.org/public_html/exsl/functions/object-type refresh.bat
102.12.03 11:11 B C:\jakarta-tomcat-3.2.4\webapps\cocoon\exslt\exsl\functions\object-type\update.bat --> ftp.exslt.org /www.exslt.org/public_html/exsl/functions/object-type update.bat
102.12.03 11:11 B C:\jakarta-tomcat-3.2.4\webapps\cocoon\exslt\exsl\functions\object-type\WS_FTP.LOG --> ftp.exslt.org /www.exslt.org/public_html/exsl/functions/object-type WS_FTP.LOG
102.12.11 11:05 B C:\jakarta-tomcat-3.2.4\webapps\cocoon\exslt\exsl\functions\object-type\base.css --> ftp.exslt.org /www.exslt.org/public_html/exsl/functions/object-type base.css
102.12.11 11:05 B C:\jakarta-tomcat-3.2.4\webapps\cocoon\exslt\exsl\functions\object-type\exsl.object-type.1.html --> ftp.exslt.org /www.exslt.org/public_html/exsl/functions/object-type exsl.object-type.1.html
102.12.11 11:05 B C:\jakarta-tomcat-3.2.4\webapps\cocoon\exslt\exsl\functions\object-type\exsl.object-type.1.xsl --> ftp.exslt.org /www.exslt.org/public_html/exsl/functions/object-type exsl.object-type.1.xsl
102.12.11 11:05 B C:\jakarta-tomcat-3.2.4\webapps\cocoon\exslt\exsl\functions\object-type\exsl.object-type.2.html --> ftp.exslt.org /www.exslt.org/public_html/exsl/functions/object-type exsl.object-type.2.html
102.12.11 11:05 B C:\jakarta-tomcat-3.2.4\webapps\cocoon\exslt\exsl\functions\object-type\exsl.object-type.data.1.xml --> ftp.exslt.org /www.exslt.org/public_html/exsl/functions/object-type exsl.object-type.data.1.xml
102.12.11 11:05 B C:\jakarta-tomcat-3.2.4\webapps\cocoon\exslt\exsl\functions\object-type\exsl.object-type.html --> ftp.exslt.org /www.exslt.org/public_html/exsl/functions/object-type exsl.object-type.html
102.12.11 11:05 B C:\jakarta-tomcat-3.2.4\webapps\cocoon\exslt\exsl\functions\object-type\exsl.object-type.package.txt --> ftp.exslt.org /www.exslt.org/public_html/exsl/functions/object-type exsl.object-type.package.txt
102.12.11 11:05 B C:\jakarta-tomcat-3.2.4\webapps\cocoon\exslt\exsl\functions\object-type\exsl.object-type.result.1.xml --> ftp.exslt.org /www.exslt.org/public_html/exsl/functions/object-type exsl.object-type.result.1.xml
102.12.11 11:05 B C:\jakarta-tomcat-3.2.4\webapps\cocoon\exslt\exsl\functions\object-type\exsl.object-type.use-case.1.html --> ftp.exslt.org /www.exslt.org/public_html/exsl/functions/object-type exsl.object-type.use-case.1.html
102.12.11 11:05 B C:\jakarta-tomcat-3.2.4\webapps\cocoon\exslt\exsl\functions\object-type\exsl.object-type.use-cases.txt --> ftp.exslt.org /www.exslt.org/public_html/exsl/functions/object-type exsl.object-type.use-cases.txt
102.12.11 11:05 B C:\jakarta-tomcat-3.2.4\webapps\cocoon\exslt\exsl\functions\object-type\exsl.object-type.use-cases.zip --> ftp.exslt.org /www.exslt.org/public_html/exsl/functions/object-type exsl.object-type.use-cases.zip
102.12.11 11:05 B C:\jakarta-tomcat-3.2.4\webapps\cocoon\exslt\exsl\functions\object-type\exsl.object-type.xml --> ftp.exslt.org /www.exslt.org/public_html/exsl/functions/object-type exsl.object-type.xml
102.12.11 11:05 B C:\jakarta-tomcat-3.2.4\webapps\cocoon\exslt\exsl\functions\object-type\exsl.object-type.zip --> ftp.exslt.org /www.exslt.org/public_html/exsl/functions/object-type exsl.object-type.zip
102.12.11 11:05 B C:\jakarta-tomcat-3.2.4\webapps\cocoon\exslt\exsl\functions\object-type\index.html --> ftp.exslt.org /www.exslt.org/public_html/exsl/functions/object-type index.html
102.12.11 11:05 B C:\jakarta-tomcat-3.2.4\webapps\cocoon\exslt\exsl\functions\object-type\refresh.bat --> ftp.exslt.org /www.exslt.org/public_html/exsl/functions/object-type refresh.bat
102.12.11 11:05 B C:\jakarta-tomcat-3.2.4\webapps\cocoon\exslt\exsl\functions\object-type\update.bat --> ftp.exslt.org /www.exslt.org/public_html/exsl/functions/object-type update.bat
103.09.29 15:32 B C:\jakarta-tomcat-3.2.4\webapps\cocoon\exslt\exsl\functions\object-type\WS_FTP.LOG <-- ftp.exslt.org /www.exslt.org/public_html/exsl/functions/object-type WS_FTP.LOG
103.10.21 13:07 B C:\jakarta-tomcat-3.2.4\webapps\cocoon\exslt\exsl\functions\object-type\base.css --> marian.cs.nott.ac.uk /stud/pg/cds/exslt/exsl/functions/object-type base.css
103.10.21 13:07 B C:\jakarta-tomcat-3.2.4\webapps\cocoon\exslt\exsl\functions\object-type\exsl.object-type.1.html --> marian.cs.nott.ac.uk /stud/pg/cds/exslt/exsl/functions/object-type exsl.object-type.1.html
103.10.21 13:07 B C:\jakarta-tomcat-3.2.4\webapps\cocoon\exslt\exsl\functions\object-type\exsl.object-type.1.xsl --> marian.cs.nott.ac.uk /stud/pg/cds/exslt/exsl/functions/object-type exsl.object-type.1.xsl
103.10.21 13:07 B C:\jakarta-tomcat-3.2.4\webapps\cocoon\exslt\exsl\functions\object-type\exsl.object-type.2.html --> marian.cs.nott.ac.uk /stud/pg/cds/exslt/exsl/functions/object-type exsl.object-type.2.html
103.10.21 13:07 B C:\jakarta-tomcat-3.2.4\webapps\cocoon\exslt\exsl\functions\object-type\exsl.object-type.data.1.xml --> marian.cs.nott.ac.uk /stud/pg/cds/exslt/exsl/functions/object-type exsl.object-type.data.1.xml
103.10.21 13:07 B C:\jakarta-tomcat-3.2.4\webapps\cocoon\exslt\exsl\functions\object-type\exsl.object-type.html --> marian.cs.nott.ac.uk /stud/pg/cds/exslt/exsl/functions/object-type exsl.object-type.html
103.10.21 13:07 B C:\jakarta-tomcat-3.2.4\webapps\cocoon\exslt\exsl\functions\object-type\exsl.object-type.package.txt --> marian.cs.nott.ac.uk /stud/pg/cds/exslt/exsl/functions/object-type exsl.object-type.package.txt
103.10.21 13:07 B C:\jakarta-tomcat-3.2.4\webapps\cocoon\exslt\exsl\functions\object-type\exsl.object-type.result.1.xml --> marian.cs.nott.ac.uk /stud/pg/cds/exslt/exsl/functions/object-type exsl.object-type.result.1.xml
103.10.21 13:07 B C:\jakarta-tomcat-3.2.4\webapps\cocoon\exslt\exsl\functions\object-type\exsl.object-type.use-case.1.html --> marian.cs.nott.ac.uk /stud/pg/cds/exslt/exsl/functions/object-type exsl.object-type.use-case.1.html
103.10.21 13:07 B C:\jakarta-tomcat-3.2.4\webapps\cocoon\exslt\exsl\functions\object-type\exsl.object-type.use-cases.txt --> marian.cs.nott.ac.uk /stud/pg/cds/exslt/exsl/functions/object-type exsl.object-type.use-cases.txt
103.10.21 13:07 B C:\jakarta-tomcat-3.2.4\webapps\cocoon\exslt\exsl\functions\object-type\exsl.object-type.use-cases.zip --> marian.cs.nott.ac.uk /stud/pg/cds/exslt/exsl/functions/object-type exsl.object-type.use-cases.zip
103.10.21 13:07 B C:\jakarta-tomcat-3.2.4\webapps\cocoon\exslt\exsl\functions\object-type\exsl.object-type.xml --> marian.cs.nott.ac.uk /stud/pg/cds/exslt/exsl/functions/object-type exsl.object-type.xml
103.10.21 13:07 B C:\jakarta-tomcat-3.2.4\webapps\cocoon\exslt\exsl\functions\object-type\exsl.object-type.zip --> marian.cs.nott.ac.uk /stud/pg/cds/exslt/exsl/functions/object-type exsl.object-type.zip
103.10.21 13:07 B C:\jakarta-tomcat-3.2.4\webapps\cocoon\exslt\exsl\functions\object-type\index.html --> marian.cs.nott.ac.uk /stud/pg/cds/exslt/exsl/functions/object-type index.html
103.10.21 13:07 B C:\jakarta-tomcat-3.2.4\webapps\cocoon\exslt\exsl\functions\object-type\refresh.bat --> marian.cs.nott.ac.uk /stud/pg/cds/exslt/exsl/functions/object-type refresh.bat
103.10.21 13:07 B C:\jakarta-tomcat-3.2.4\webapps\cocoon\exslt\exsl\functions\object-type\update.bat --> marian.cs.nott.ac.uk /stud/pg/cds/exslt/exsl/functions/object-type update.bat
103.10.21 13:07 B C:\jakarta-tomcat-3.2.4\webapps\cocoon\exslt\exsl\functions\object-type\WS_FTP.LOG --> marian.cs.nott.ac.uk /stud/pg/cds/exslt/exsl/functions/object-type WS_FTP.LOG
103.10.23 15:48 B C:\jakarta-tomcat-3.2.4\webapps\cocoon\exslt\exsl\functions\object-type\base.css --> ftp.exslt.org /www.exslt.org/public_html/exsl/functions/object-type base.css
103.10.23 15:48 B C:\jakarta-tomcat-3.2.4\webapps\cocoon\exslt\exsl\functions\object-type\exsl.object-type.1.html --> ftp.exslt.org /www.exslt.org/public_html/exsl/functions/object-type exsl.object-type.1.html
103.10.23 15:48 B C:\jakarta-tomcat-3.2.4\webapps\cocoon\exslt\exsl\functions\object-type\exsl.object-type.1.xsl --> ftp.exslt.org /www.exslt.org/public_html/exsl/functions/object-type exsl.object-type.1.xsl
103.10.23 15:48 B C:\jakarta-tomcat-3.2.4\webapps\cocoon\exslt\exsl\functions\object-type\exsl.object-type.2.html --> ftp.exslt.org /www.exslt.org/public_html/exsl/functions/object-type exsl.object-type.2.html
103.10.23 15:48 B C:\jakarta-tomcat-3.2.4\webapps\cocoon\exslt\exsl\functions\object-type\exsl.object-type.data.1.xml --> ftp.exslt.org /www.exslt.org/public_html/exsl/functions/object-type exsl.object-type.data.1.xml
103.10.23 15:48 B C:\jakarta-tomcat-3.2.4\webapps\cocoon\exslt\exsl\functions\object-type\exsl.object-type.html --> ftp.exslt.org /www.exslt.org/public_html/exsl/functions/object-type exsl.object-type.html
103.10.23 15:48 B C:\jakarta-tomcat-3.2.4\webapps\cocoon\exslt\exsl\functions\object-type\exsl.object-type.package.txt --> ftp.exslt.org /www.exslt.org/public_html/exsl/functions/object-type exsl.object-type.package.txt
103.10.23 15:48 B C:\jakarta-tomcat-3.2.4\webapps\cocoon\exslt\exsl\functions\object-type\exsl.object-type.result.1.xml --> ftp.exslt.org /www.exslt.org/public_html/exsl/functions/object-type exsl.object-type.result.1.xml
103.10.23 15:48 B C:\jakarta-tomcat-3.2.4\webapps\cocoon\exslt\exsl\functions\object-type\exsl.object-type.use-case.1.html --> ftp.exslt.org /www.exslt.org/public_html/exsl/functions/object-type exsl.object-type.use-case.1.html
103.10.23 15:48 B C:\jakarta-tomcat-3.2.4\webapps\cocoon\exslt\exsl\functions\object-type\exsl.object-type.use-cases.txt --> ftp.exslt.org /www.exslt.org/public_html/exsl/functions/object-type exsl.object-type.use-cases.txt
103.10.23 15:48 B C:\jakarta-tomcat-3.2.4\webapps\cocoon\exslt\exsl\functions\object-type\exsl.object-type.use-cases.zip --> ftp.exslt.org /www.exslt.org/public_html/exsl/functions/object-type exsl.object-type.use-cases.zip
103.10.23 15:48 B C:\jakarta-tomcat-3.2.4\webapps\cocoon\exslt\exsl\functions\object-type\exsl.object-type.xml --> ftp.exslt.org /www.exslt.org/public_html/exsl/functions/object-type exsl.object-type.xml
103.10.23 15:48 B C:\jakarta-tomcat-3.2.4\webapps\cocoon\exslt\exsl\functions\object-type\exsl.object-type.zip --> ftp.exslt.org /www.exslt.org/public_html/exsl/functions/object-type exsl.object-type.zip
103.10.23 15:49 B C:\jakarta-tomcat-3.2.4\webapps\cocoon\exslt\exsl\functions\object-type\index.html --> ftp.exslt.org /www.exslt.org/public_html/exsl/functions/object-type index.html
103.10.23 15:49 B C:\jakarta-tomcat-3.2.4\webapps\cocoon\exslt\exsl\functions\object-type\refresh.bat --> ftp.exslt.org /www.exslt.org/public_html/exsl/functions/object-type refresh.bat
103.10.23 15:49 B C:\jakarta-tomcat-3.2.4\webapps\cocoon\exslt\exsl\functions\object-type\update.bat --> ftp.exslt.org /www.exslt.org/public_html/exsl/functions/object-type update.bat
