102.12.02 12:34 B C:\jakarta-tomcat-3.2.4\webapps\cocoon\exslt\public_html\submissions\math\math\functions\atan2\math.atan2.1.xml <-- ftp.exslt.org /www.exslt.org/public_html/submissions/math/math/functions/atan2 math.atan2.1.xml
102.12.02 12:34 B C:\jakarta-tomcat-3.2.4\webapps\cocoon\exslt\public_html\submissions\math\math\functions\atan2\math.atan2.1.xsl <-- ftp.exslt.org /www.exslt.org/public_html/submissions/math/math/functions/atan2 math.atan2.1.xsl
102.12.02 12:34 B C:\jakarta-tomcat-3.2.4\webapps\cocoon\exslt\public_html\submissions\math\math\functions\atan2\math.atan2.javascript.submission.xml <-- ftp.exslt.org /www.exslt.org/public_html/submissions/math/math/functions/atan2 math.atan2.javascript.submission.xml
102.12.02 12:34 B C:\jakarta-tomcat-3.2.4\webapps\cocoon\exslt\public_html\submissions\math\math\functions\atan2\math.atan2.js <-- ftp.exslt.org /www.exslt.org/public_html/submissions/math/math/functions/atan2 math.atan2.js
102.12.02 12:34 B C:\jakarta-tomcat-3.2.4\webapps\cocoon\exslt\public_html\submissions\math\math\functions\atan2\math.atan2.msxslt.submission.xml <-- ftp.exslt.org /www.exslt.org/public_html/submissions/math/math/functions/atan2 math.atan2.msxslt.submission.xml
102.12.02 12:34 B C:\jakarta-tomcat-3.2.4\webapps\cocoon\exslt\public_html\submissions\math\math\functions\atan2\math.atan2.msxslt.xsl <-- ftp.exslt.org /www.exslt.org/public_html/submissions/math/math/functions/atan2 math.atan2.msxslt.xsl
102.12.02 12:34 B C:\jakarta-tomcat-3.2.4\webapps\cocoon\exslt\public_html\submissions\math\math\functions\atan2\math.atan2.submission.xml <-- ftp.exslt.org /www.exslt.org/public_html/submissions/math/math/functions/atan2 math.atan2.submission.xml
102.12.02 12:34 B C:\jakarta-tomcat-3.2.4\webapps\cocoon\exslt\public_html\submissions\math\math\functions\atan2\math.atan2.xsl <-- ftp.exslt.org /www.exslt.org/public_html/submissions/math/math/functions/atan2 math.atan2.xsl
102.12.03 11:16 B C:\jakarta-tomcat-3.2.4\webapps\cocoon\exslt\submissions\math\math\functions\atan2\math.atan2.1.xml --> ftp.exslt.org /www.exslt.org/public_html/submissions/math/math/functions/atan2 math.atan2.1.xml
102.12.03 11:16 B C:\jakarta-tomcat-3.2.4\webapps\cocoon\exslt\submissions\math\math\functions\atan2\math.atan2.1.xsl --> ftp.exslt.org /www.exslt.org/public_html/submissions/math/math/functions/atan2 math.atan2.1.xsl
102.12.03 11:16 B C:\jakarta-tomcat-3.2.4\webapps\cocoon\exslt\submissions\math\math\functions\atan2\math.atan2.javascript.submission.xml --> ftp.exslt.org /www.exslt.org/public_html/submissions/math/math/functions/atan2 math.atan2.javascript.submission.xml
102.12.03 11:16 B C:\jakarta-tomcat-3.2.4\webapps\cocoon\exslt\submissions\math\math\functions\atan2\math.atan2.js --> ftp.exslt.org /www.exslt.org/public_html/submissions/math/math/functions/atan2 math.atan2.js
102.12.03 11:16 B C:\jakarta-tomcat-3.2.4\webapps\cocoon\exslt\submissions\math\math\functions\atan2\math.atan2.msxslt.submission.xml --> ftp.exslt.org /www.exslt.org/public_html/submissions/math/math/functions/atan2 math.atan2.msxslt.submission.xml
102.12.03 11:16 B C:\jakarta-tomcat-3.2.4\webapps\cocoon\exslt\submissions\math\math\functions\atan2\math.atan2.msxslt.xsl --> ftp.exslt.org /www.exslt.org/public_html/submissions/math/math/functions/atan2 math.atan2.msxslt.xsl
102.12.03 11:16 B C:\jakarta-tomcat-3.2.4\webapps\cocoon\exslt\submissions\math\math\functions\atan2\math.atan2.submission.xml --> ftp.exslt.org /www.exslt.org/public_html/submissions/math/math/functions/atan2 math.atan2.submission.xml
102.12.03 11:16 B C:\jakarta-tomcat-3.2.4\webapps\cocoon\exslt\submissions\math\math\functions\atan2\math.atan2.xsl --> ftp.exslt.org /www.exslt.org/public_html/submissions/math/math/functions/atan2 math.atan2.xsl
102.12.03 11:16 B C:\jakarta-tomcat-3.2.4\webapps\cocoon\exslt\submissions\math\math\functions\atan2\WS_FTP.LOG --> ftp.exslt.org /www.exslt.org/public_html/submissions/math/math/functions/atan2 WS_FTP.LOG
102.12.11 11:13 B C:\jakarta-tomcat-3.2.4\webapps\cocoon\exslt\submissions\math\math\functions\atan2\math.atan2.1.xml --> ftp.exslt.org /www.exslt.org/public_html/submissions/math/math/functions/atan2 math.atan2.1.xml
102.12.11 11:13 B C:\jakarta-tomcat-3.2.4\webapps\cocoon\exslt\submissions\math\math\functions\atan2\math.atan2.1.xsl --> ftp.exslt.org /www.exslt.org/public_html/submissions/math/math/functions/atan2 math.atan2.1.xsl
102.12.11 11:13 B C:\jakarta-tomcat-3.2.4\webapps\cocoon\exslt\submissions\math\math\functions\atan2\math.atan2.javascript.submission.xml --> ftp.exslt.org /www.exslt.org/public_html/submissions/math/math/functions/atan2 math.atan2.javascript.submission.xml
102.12.11 11:13 B C:\jakarta-tomcat-3.2.4\webapps\cocoon\exslt\submissions\math\math\functions\atan2\math.atan2.js --> ftp.exslt.org /www.exslt.org/public_html/submissions/math/math/functions/atan2 math.atan2.js
102.12.11 11:13 B C:\jakarta-tomcat-3.2.4\webapps\cocoon\exslt\submissions\math\math\functions\atan2\math.atan2.msxslt.submission.xml --> ftp.exslt.org /www.exslt.org/public_html/submissions/math/math/functions/atan2 math.atan2.msxslt.submission.xml
102.12.11 11:13 B C:\jakarta-tomcat-3.2.4\webapps\cocoon\exslt\submissions\math\math\functions\atan2\math.atan2.msxslt.xsl --> ftp.exslt.org /www.exslt.org/public_html/submissions/math/math/functions/atan2 math.atan2.msxslt.xsl
102.12.11 11:13 B C:\jakarta-tomcat-3.2.4\webapps\cocoon\exslt\submissions\math\math\functions\atan2\math.atan2.submission.xml --> ftp.exslt.org /www.exslt.org/public_html/submissions/math/math/functions/atan2 math.atan2.submission.xml
102.12.11 11:13 B C:\jakarta-tomcat-3.2.4\webapps\cocoon\exslt\submissions\math\math\functions\atan2\math.atan2.xsl --> ftp.exslt.org /www.exslt.org/public_html/submissions/math/math/functions/atan2 math.atan2.xsl
