102.08.21 17:25 B C:\jakarta-tomcat-3.2.4\webapps\cocoon\exslt\date\functions\minute-in-hour\base.css --> ftp.exslt.org /www.exslt.org/public_html/date/functions/minute-in-hour base.css
102.08.21 17:25 B C:\jakarta-tomcat-3.2.4\webapps\cocoon\exslt\date\functions\minute-in-hour\date.js --> ftp.exslt.org /www.exslt.org/public_html/date/functions/minute-in-hour date.js
102.08.21 17:25 B C:\jakarta-tomcat-3.2.4\webapps\cocoon\exslt\date\functions\minute-in-hour\date.js.html --> ftp.exslt.org /www.exslt.org/public_html/date/functions/minute-in-hour date.js.html
102.08.21 17:25 B C:\jakarta-tomcat-3.2.4\webapps\cocoon\exslt\date\functions\minute-in-hour\date.minute-in-hour.2.html --> ftp.exslt.org /www.exslt.org/public_html/date/functions/minute-in-hour date.minute-in-hour.2.html
102.08.21 17:25 B C:\jakarta-tomcat-3.2.4\webapps\cocoon\exslt\date\functions\minute-in-hour\date.minute-in-hour.function.xsl --> ftp.exslt.org /www.exslt.org/public_html/date/functions/minute-in-hour date.minute-in-hour.function.xsl
102.08.21 17:25 B C:\jakarta-tomcat-3.2.4\webapps\cocoon\exslt\date\functions\minute-in-hour\date.minute-in-hour.function.xsl.html --> ftp.exslt.org /www.exslt.org/public_html/date/functions/minute-in-hour date.minute-in-hour.function.xsl.html
102.08.21 17:25 B C:\jakarta-tomcat-3.2.4\webapps\cocoon\exslt\date\functions\minute-in-hour\date.minute-in-hour.html --> ftp.exslt.org /www.exslt.org/public_html/date/functions/minute-in-hour date.minute-in-hour.html
102.08.21 17:25 B C:\jakarta-tomcat-3.2.4\webapps\cocoon\exslt\date\functions\minute-in-hour\date.minute-in-hour.package.txt --> ftp.exslt.org /www.exslt.org/public_html/date/functions/minute-in-hour date.minute-in-hour.package.txt
102.08.21 17:25 B C:\jakarta-tomcat-3.2.4\webapps\cocoon\exslt\date\functions\minute-in-hour\date.minute-in-hour.template.xsl --> ftp.exslt.org /www.exslt.org/public_html/date/functions/minute-in-hour date.minute-in-hour.template.xsl
102.08.21 17:25 B C:\jakarta-tomcat-3.2.4\webapps\cocoon\exslt\date\functions\minute-in-hour\date.minute-in-hour.template.xsl.html --> ftp.exslt.org /www.exslt.org/public_html/date/functions/minute-in-hour date.minute-in-hour.template.xsl.html
102.08.21 17:25 B C:\jakarta-tomcat-3.2.4\webapps\cocoon\exslt\date\functions\minute-in-hour\date.minute-in-hour.use-cases.txt --> ftp.exslt.org /www.exslt.org/public_html/date/functions/minute-in-hour date.minute-in-hour.use-cases.txt
102.08.21 17:25 B C:\jakarta-tomcat-3.2.4\webapps\cocoon\exslt\date\functions\minute-in-hour\date.minute-in-hour.use-cases.zip --> ftp.exslt.org /www.exslt.org/public_html/date/functions/minute-in-hour date.minute-in-hour.use-cases.zip
102.08.21 17:25 B C:\jakarta-tomcat-3.2.4\webapps\cocoon\exslt\date\functions\minute-in-hour\date.minute-in-hour.xml --> ftp.exslt.org /www.exslt.org/public_html/date/functions/minute-in-hour date.minute-in-hour.xml
102.08.21 17:25 B C:\jakarta-tomcat-3.2.4\webapps\cocoon\exslt\date\functions\minute-in-hour\date.minute-in-hour.xsl --> ftp.exslt.org /www.exslt.org/public_html/date/functions/minute-in-hour date.minute-in-hour.xsl
102.08.21 17:25 B C:\jakarta-tomcat-3.2.4\webapps\cocoon\exslt\date\functions\minute-in-hour\date.minute-in-hour.zip --> ftp.exslt.org /www.exslt.org/public_html/date/functions/minute-in-hour date.minute-in-hour.zip
102.08.21 17:25 B C:\jakarta-tomcat-3.2.4\webapps\cocoon\exslt\date\functions\minute-in-hour\date.msxsl.xsl --> ftp.exslt.org /www.exslt.org/public_html/date/functions/minute-in-hour date.msxsl.xsl
102.08.21 17:25 B C:\jakarta-tomcat-3.2.4\webapps\cocoon\exslt\date\functions\minute-in-hour\date.msxsl.xsl.html --> ftp.exslt.org /www.exslt.org/public_html/date/functions/minute-in-hour date.msxsl.xsl.html
102.08.21 17:25 B C:\jakarta-tomcat-3.2.4\webapps\cocoon\exslt\date\functions\minute-in-hour\index.html --> ftp.exslt.org /www.exslt.org/public_html/date/functions/minute-in-hour index.html
102.08.21 17:25 B C:\jakarta-tomcat-3.2.4\webapps\cocoon\exslt\date\functions\minute-in-hour\refresh.bat --> ftp.exslt.org /www.exslt.org/public_html/date/functions/minute-in-hour refresh.bat
102.08.21 17:25 B C:\jakarta-tomcat-3.2.4\webapps\cocoon\exslt\date\functions\minute-in-hour\update.bat --> ftp.exslt.org /www.exslt.org/public_html/date/functions/minute-in-hour update.bat
102.08.21 17:31 B C:\jakarta-tomcat-3.2.4\webapps\cocoon\exslt\date\functions\minute-in-hour\base.css --> ftp.exslt.org /www.exslt.org/public_html/date/functions/minute-in-hour base.css
102.08.21 17:31 B C:\jakarta-tomcat-3.2.4\webapps\cocoon\exslt\date\functions\minute-in-hour\date.js --> ftp.exslt.org /www.exslt.org/public_html/date/functions/minute-in-hour date.js
102.08.21 17:31 B C:\jakarta-tomcat-3.2.4\webapps\cocoon\exslt\date\functions\minute-in-hour\date.js.html --> ftp.exslt.org /www.exslt.org/public_html/date/functions/minute-in-hour date.js.html
102.08.21 17:31 B C:\jakarta-tomcat-3.2.4\webapps\cocoon\exslt\date\functions\minute-in-hour\date.minute-in-hour.2.html --> ftp.exslt.org /www.exslt.org/public_html/date/functions/minute-in-hour date.minute-in-hour.2.html
102.08.21 17:31 B C:\jakarta-tomcat-3.2.4\webapps\cocoon\exslt\date\functions\minute-in-hour\date.minute-in-hour.function.xsl --> ftp.exslt.org /www.exslt.org/public_html/date/functions/minute-in-hour date.minute-in-hour.function.xsl
102.08.21 17:31 B C:\jakarta-tomcat-3.2.4\webapps\cocoon\exslt\date\functions\minute-in-hour\date.minute-in-hour.function.xsl.html --> ftp.exslt.org /www.exslt.org/public_html/date/functions/minute-in-hour date.minute-in-hour.function.xsl.html
102.08.21 17:31 B C:\jakarta-tomcat-3.2.4\webapps\cocoon\exslt\date\functions\minute-in-hour\date.minute-in-hour.html --> ftp.exslt.org /www.exslt.org/public_html/date/functions/minute-in-hour date.minute-in-hour.html
102.08.21 17:31 B C:\jakarta-tomcat-3.2.4\webapps\cocoon\exslt\date\functions\minute-in-hour\date.minute-in-hour.package.txt --> ftp.exslt.org /www.exslt.org/public_html/date/functions/minute-in-hour date.minute-in-hour.package.txt
102.08.21 17:31 B C:\jakarta-tomcat-3.2.4\webapps\cocoon\exslt\date\functions\minute-in-hour\date.minute-in-hour.template.xsl --> ftp.exslt.org /www.exslt.org/public_html/date/functions/minute-in-hour date.minute-in-hour.template.xsl
102.08.21 17:31 B C:\jakarta-tomcat-3.2.4\webapps\cocoon\exslt\date\functions\minute-in-hour\date.minute-in-hour.template.xsl.html --> ftp.exslt.org /www.exslt.org/public_html/date/functions/minute-in-hour date.minute-in-hour.template.xsl.html
102.08.21 17:31 B C:\jakarta-tomcat-3.2.4\webapps\cocoon\exslt\date\functions\minute-in-hour\date.minute-in-hour.use-cases.txt --> ftp.exslt.org /www.exslt.org/public_html/date/functions/minute-in-hour date.minute-in-hour.use-cases.txt
102.08.21 17:31 B C:\jakarta-tomcat-3.2.4\webapps\cocoon\exslt\date\functions\minute-in-hour\date.minute-in-hour.use-cases.zip --> ftp.exslt.org /www.exslt.org/public_html/date/functions/minute-in-hour date.minute-in-hour.use-cases.zip
102.08.21 17:31 B C:\jakarta-tomcat-3.2.4\webapps\cocoon\exslt\date\functions\minute-in-hour\date.minute-in-hour.xml --> ftp.exslt.org /www.exslt.org/public_html/date/functions/minute-in-hour date.minute-in-hour.xml
102.08.21 17:31 B C:\jakarta-tomcat-3.2.4\webapps\cocoon\exslt\date\functions\minute-in-hour\date.minute-in-hour.xsl --> ftp.exslt.org /www.exslt.org/public_html/date/functions/minute-in-hour date.minute-in-hour.xsl
102.08.21 17:31 B C:\jakarta-tomcat-3.2.4\webapps\cocoon\exslt\date\functions\minute-in-hour\date.minute-in-hour.zip --> ftp.exslt.org /www.exslt.org/public_html/date/functions/minute-in-hour date.minute-in-hour.zip
102.08.21 17:31 B C:\jakarta-tomcat-3.2.4\webapps\cocoon\exslt\date\functions\minute-in-hour\date.msxsl.xsl --> ftp.exslt.org /www.exslt.org/public_html/date/functions/minute-in-hour date.msxsl.xsl
102.08.21 17:31 B C:\jakarta-tomcat-3.2.4\webapps\cocoon\exslt\date\functions\minute-in-hour\date.msxsl.xsl.html --> ftp.exslt.org /www.exslt.org/public_html/date/functions/minute-in-hour date.msxsl.xsl.html
102.08.21 17:31 B C:\jakarta-tomcat-3.2.4\webapps\cocoon\exslt\date\functions\minute-in-hour\index.html --> ftp.exslt.org /www.exslt.org/public_html/date/functions/minute-in-hour index.html
102.08.21 17:31 B C:\jakarta-tomcat-3.2.4\webapps\cocoon\exslt\date\functions\minute-in-hour\refresh.bat --> ftp.exslt.org /www.exslt.org/public_html/date/functions/minute-in-hour refresh.bat
102.08.21 17:31 B C:\jakarta-tomcat-3.2.4\webapps\cocoon\exslt\date\functions\minute-in-hour\update.bat --> ftp.exslt.org /www.exslt.org/public_html/date/functions/minute-in-hour update.bat
102.08.21 17:31 B C:\jakarta-tomcat-3.2.4\webapps\cocoon\exslt\date\functions\minute-in-hour\WS_FTP.LOG --> ftp.exslt.org /www.exslt.org/public_html/date/functions/minute-in-hour WS_FTP.LOG
102.11.19 13:14 B C:\jakarta-tomcat-3.2.4\webapps\cocoon\exslt\date\functions\minute-in-hour\base.css --> ftp.exslt.org /www.exslt.org/public_html/date/functions/minute-in-hour base.css
102.11.19 13:14 B C:\jakarta-tomcat-3.2.4\webapps\cocoon\exslt\date\functions\minute-in-hour\date.js --> ftp.exslt.org /www.exslt.org/public_html/date/functions/minute-in-hour date.js
102.11.19 13:14 B C:\jakarta-tomcat-3.2.4\webapps\cocoon\exslt\date\functions\minute-in-hour\date.js.html --> ftp.exslt.org /www.exslt.org/public_html/date/functions/minute-in-hour date.js.html
102.11.19 13:14 B C:\jakarta-tomcat-3.2.4\webapps\cocoon\exslt\date\functions\minute-in-hour\date.minute-in-hour.2.html --> ftp.exslt.org /www.exslt.org/public_html/date/functions/minute-in-hour date.minute-in-hour.2.html
102.11.19 13:14 B C:\jakarta-tomcat-3.2.4\webapps\cocoon\exslt\date\functions\minute-in-hour\date.minute-in-hour.function.xsl --> ftp.exslt.org /www.exslt.org/public_html/date/functions/minute-in-hour date.minute-in-hour.function.xsl
102.11.19 13:14 B C:\jakarta-tomcat-3.2.4\webapps\cocoon\exslt\date\functions\minute-in-hour\date.minute-in-hour.function.xsl.html --> ftp.exslt.org /www.exslt.org/public_html/date/functions/minute-in-hour date.minute-in-hour.function.xsl.html
102.11.19 13:14 B C:\jakarta-tomcat-3.2.4\webapps\cocoon\exslt\date\functions\minute-in-hour\date.minute-in-hour.html --> ftp.exslt.org /www.exslt.org/public_html/date/functions/minute-in-hour date.minute-in-hour.html
102.11.19 13:14 B C:\jakarta-tomcat-3.2.4\webapps\cocoon\exslt\date\functions\minute-in-hour\date.minute-in-hour.package.txt --> ftp.exslt.org /www.exslt.org/public_html/date/functions/minute-in-hour date.minute-in-hour.package.txt
102.11.19 13:14 B C:\jakarta-tomcat-3.2.4\webapps\cocoon\exslt\date\functions\minute-in-hour\date.minute-in-hour.template.xsl --> ftp.exslt.org /www.exslt.org/public_html/date/functions/minute-in-hour date.minute-in-hour.template.xsl
102.11.19 13:14 B C:\jakarta-tomcat-3.2.4\webapps\cocoon\exslt\date\functions\minute-in-hour\date.minute-in-hour.template.xsl.html --> ftp.exslt.org /www.exslt.org/public_html/date/functions/minute-in-hour date.minute-in-hour.template.xsl.html
102.11.19 13:14 B C:\jakarta-tomcat-3.2.4\webapps\cocoon\exslt\date\functions\minute-in-hour\date.minute-in-hour.use-cases.txt --> ftp.exslt.org /www.exslt.org/public_html/date/functions/minute-in-hour date.minute-in-hour.use-cases.txt
102.11.19 13:14 B C:\jakarta-tomcat-3.2.4\webapps\cocoon\exslt\date\functions\minute-in-hour\date.minute-in-hour.use-cases.zip --> ftp.exslt.org /www.exslt.org/public_html/date/functions/minute-in-hour date.minute-in-hour.use-cases.zip
102.11.19 13:14 B C:\jakarta-tomcat-3.2.4\webapps\cocoon\exslt\date\functions\minute-in-hour\date.minute-in-hour.xml --> ftp.exslt.org /www.exslt.org/public_html/date/functions/minute-in-hour date.minute-in-hour.xml
102.11.19 13:14 B C:\jakarta-tomcat-3.2.4\webapps\cocoon\exslt\date\functions\minute-in-hour\date.minute-in-hour.xsl --> ftp.exslt.org /www.exslt.org/public_html/date/functions/minute-in-hour date.minute-in-hour.xsl
102.11.19 13:14 B C:\jakarta-tomcat-3.2.4\webapps\cocoon\exslt\date\functions\minute-in-hour\date.minute-in-hour.zip --> ftp.exslt.org /www.exslt.org/public_html/date/functions/minute-in-hour date.minute-in-hour.zip
102.11.19 13:14 B C:\jakarta-tomcat-3.2.4\webapps\cocoon\exslt\date\functions\minute-in-hour\date.msxsl.xsl --> ftp.exslt.org /www.exslt.org/public_html/date/functions/minute-in-hour date.msxsl.xsl
102.11.19 13:14 B C:\jakarta-tomcat-3.2.4\webapps\cocoon\exslt\date\functions\minute-in-hour\date.msxsl.xsl.html --> ftp.exslt.org /www.exslt.org/public_html/date/functions/minute-in-hour date.msxsl.xsl.html
102.11.19 13:14 B C:\jakarta-tomcat-3.2.4\webapps\cocoon\exslt\date\functions\minute-in-hour\index.html --> ftp.exslt.org /www.exslt.org/public_html/date/functions/minute-in-hour index.html
102.11.19 13:14 B C:\jakarta-tomcat-3.2.4\webapps\cocoon\exslt\date\functions\minute-in-hour\refresh.bat --> ftp.exslt.org /www.exslt.org/public_html/date/functions/minute-in-hour refresh.bat
102.11.19 13:14 B C:\jakarta-tomcat-3.2.4\webapps\cocoon\exslt\date\functions\minute-in-hour\update.bat --> ftp.exslt.org /www.exslt.org/public_html/date/functions/minute-in-hour update.bat
102.11.19 13:14 B C:\jakarta-tomcat-3.2.4\webapps\cocoon\exslt\date\functions\minute-in-hour\WS_FTP.LOG --> ftp.exslt.org /www.exslt.org/public_html/date/functions/minute-in-hour WS_FTP.LOG
102.11.19 13:21 B C:\jakarta-tomcat-3.2.4\webapps\cocoon\exslt\date\functions\minute-in-hour\base.css --> ftp.exslt.org /www.exslt.org/public_html/date/functions/minute-in-hour base.css
102.11.19 13:21 B C:\jakarta-tomcat-3.2.4\webapps\cocoon\exslt\date\functions\minute-in-hour\date.js --> ftp.exslt.org /www.exslt.org/public_html/date/functions/minute-in-hour date.js
102.11.19 13:21 B C:\jakarta-tomcat-3.2.4\webapps\cocoon\exslt\date\functions\minute-in-hour\date.js.html --> ftp.exslt.org /www.exslt.org/public_html/date/functions/minute-in-hour date.js.html
102.11.19 13:21 B C:\jakarta-tomcat-3.2.4\webapps\cocoon\exslt\date\functions\minute-in-hour\date.minute-in-hour.2.html --> ftp.exslt.org /www.exslt.org/public_html/date/functions/minute-in-hour date.minute-in-hour.2.html
102.11.19 13:21 B C:\jakarta-tomcat-3.2.4\webapps\cocoon\exslt\date\functions\minute-in-hour\date.minute-in-hour.function.xsl --> ftp.exslt.org /www.exslt.org/public_html/date/functions/minute-in-hour date.minute-in-hour.function.xsl
102.11.19 13:21 B C:\jakarta-tomcat-3.2.4\webapps\cocoon\exslt\date\functions\minute-in-hour\date.minute-in-hour.function.xsl.html --> ftp.exslt.org /www.exslt.org/public_html/date/functions/minute-in-hour date.minute-in-hour.function.xsl.html
102.11.19 13:21 B C:\jakarta-tomcat-3.2.4\webapps\cocoon\exslt\date\functions\minute-in-hour\date.minute-in-hour.html --> ftp.exslt.org /www.exslt.org/public_html/date/functions/minute-in-hour date.minute-in-hour.html
102.11.19 13:21 B C:\jakarta-tomcat-3.2.4\webapps\cocoon\exslt\date\functions\minute-in-hour\date.minute-in-hour.package.txt --> ftp.exslt.org /www.exslt.org/public_html/date/functions/minute-in-hour date.minute-in-hour.package.txt
102.11.19 13:21 B C:\jakarta-tomcat-3.2.4\webapps\cocoon\exslt\date\functions\minute-in-hour\date.minute-in-hour.template.xsl --> ftp.exslt.org /www.exslt.org/public_html/date/functions/minute-in-hour date.minute-in-hour.template.xsl
102.11.19 13:21 B C:\jakarta-tomcat-3.2.4\webapps\cocoon\exslt\date\functions\minute-in-hour\date.minute-in-hour.template.xsl.html --> ftp.exslt.org /www.exslt.org/public_html/date/functions/minute-in-hour date.minute-in-hour.template.xsl.html
102.11.19 13:21 B C:\jakarta-tomcat-3.2.4\webapps\cocoon\exslt\date\functions\minute-in-hour\date.minute-in-hour.use-cases.txt --> ftp.exslt.org /www.exslt.org/public_html/date/functions/minute-in-hour date.minute-in-hour.use-cases.txt
102.11.19 13:21 B C:\jakarta-tomcat-3.2.4\webapps\cocoon\exslt\date\functions\minute-in-hour\date.minute-in-hour.use-cases.zip --> ftp.exslt.org /www.exslt.org/public_html/date/functions/minute-in-hour date.minute-in-hour.use-cases.zip
102.11.19 13:21 B C:\jakarta-tomcat-3.2.4\webapps\cocoon\exslt\date\functions\minute-in-hour\date.minute-in-hour.xml --> ftp.exslt.org /www.exslt.org/public_html/date/functions/minute-in-hour date.minute-in-hour.xml
102.11.19 13:21 B C:\jakarta-tomcat-3.2.4\webapps\cocoon\exslt\date\functions\minute-in-hour\date.minute-in-hour.xsl --> ftp.exslt.org /www.exslt.org/public_html/date/functions/minute-in-hour date.minute-in-hour.xsl
102.11.19 13:21 B C:\jakarta-tomcat-3.2.4\webapps\cocoon\exslt\date\functions\minute-in-hour\date.minute-in-hour.zip --> ftp.exslt.org /www.exslt.org/public_html/date/functions/minute-in-hour date.minute-in-hour.zip
102.11.19 13:21 B C:\jakarta-tomcat-3.2.4\webapps\cocoon\exslt\date\functions\minute-in-hour\date.msxsl.xsl --> ftp.exslt.org /www.exslt.org/public_html/date/functions/minute-in-hour date.msxsl.xsl
102.11.19 13:21 B C:\jakarta-tomcat-3.2.4\webapps\cocoon\exslt\date\functions\minute-in-hour\date.msxsl.xsl.html --> ftp.exslt.org /www.exslt.org/public_html/date/functions/minute-in-hour date.msxsl.xsl.html
102.11.19 13:21 B C:\jakarta-tomcat-3.2.4\webapps\cocoon\exslt\date\functions\minute-in-hour\index.html --> ftp.exslt.org /www.exslt.org/public_html/date/functions/minute-in-hour index.html
102.11.19 13:21 B C:\jakarta-tomcat-3.2.4\webapps\cocoon\exslt\date\functions\minute-in-hour\refresh.bat --> ftp.exslt.org /www.exslt.org/public_html/date/functions/minute-in-hour refresh.bat
102.11.19 13:21 B C:\jakarta-tomcat-3.2.4\webapps\cocoon\exslt\date\functions\minute-in-hour\update.bat --> ftp.exslt.org /www.exslt.org/public_html/date/functions/minute-in-hour update.bat
102.12.02 12:21 B C:\jakarta-tomcat-3.2.4\webapps\cocoon\exslt\public_html\date\functions\minute-in-hour\WS_FTP.LOG <-- ftp.exslt.org /www.exslt.org/public_html/date/functions/minute-in-hour WS_FTP.LOG
102.12.03 11:10 B C:\jakarta-tomcat-3.2.4\webapps\cocoon\exslt\date\functions\minute-in-hour\base.css --> ftp.exslt.org /www.exslt.org/public_html/date/functions/minute-in-hour base.css
102.12.03 11:10 B C:\jakarta-tomcat-3.2.4\webapps\cocoon\exslt\date\functions\minute-in-hour\date.js --> ftp.exslt.org /www.exslt.org/public_html/date/functions/minute-in-hour date.js
102.12.03 11:10 B C:\jakarta-tomcat-3.2.4\webapps\cocoon\exslt\date\functions\minute-in-hour\date.js.html --> ftp.exslt.org /www.exslt.org/public_html/date/functions/minute-in-hour date.js.html
102.12.03 11:10 B C:\jakarta-tomcat-3.2.4\webapps\cocoon\exslt\date\functions\minute-in-hour\date.minute-in-hour.1.html --> ftp.exslt.org /www.exslt.org/public_html/date/functions/minute-in-hour date.minute-in-hour.1.html
102.12.03 11:10 B C:\jakarta-tomcat-3.2.4\webapps\cocoon\exslt\date\functions\minute-in-hour\date.minute-in-hour.1.xml --> ftp.exslt.org /www.exslt.org/public_html/date/functions/minute-in-hour date.minute-in-hour.1.xml
102.12.03 11:10 B C:\jakarta-tomcat-3.2.4\webapps\cocoon\exslt\date\functions\minute-in-hour\date.minute-in-hour.2.html --> ftp.exslt.org /www.exslt.org/public_html/date/functions/minute-in-hour date.minute-in-hour.2.html
102.12.03 11:10 B C:\jakarta-tomcat-3.2.4\webapps\cocoon\exslt\date\functions\minute-in-hour\date.minute-in-hour.function.xsl --> ftp.exslt.org /www.exslt.org/public_html/date/functions/minute-in-hour date.minute-in-hour.function.xsl
102.12.03 11:10 B C:\jakarta-tomcat-3.2.4\webapps\cocoon\exslt\date\functions\minute-in-hour\date.minute-in-hour.function.xsl.html --> ftp.exslt.org /www.exslt.org/public_html/date/functions/minute-in-hour date.minute-in-hour.function.xsl.html
102.12.03 11:10 B C:\jakarta-tomcat-3.2.4\webapps\cocoon\exslt\date\functions\minute-in-hour\date.minute-in-hour.html --> ftp.exslt.org /www.exslt.org/public_html/date/functions/minute-in-hour date.minute-in-hour.html
102.12.03 11:10 B C:\jakarta-tomcat-3.2.4\webapps\cocoon\exslt\date\functions\minute-in-hour\date.minute-in-hour.package.txt --> ftp.exslt.org /www.exslt.org/public_html/date/functions/minute-in-hour date.minute-in-hour.package.txt
102.12.03 11:10 B C:\jakarta-tomcat-3.2.4\webapps\cocoon\exslt\date\functions\minute-in-hour\date.minute-in-hour.template.xsl --> ftp.exslt.org /www.exslt.org/public_html/date/functions/minute-in-hour date.minute-in-hour.template.xsl
102.12.03 11:10 B C:\jakarta-tomcat-3.2.4\webapps\cocoon\exslt\date\functions\minute-in-hour\date.minute-in-hour.template.xsl.html --> ftp.exslt.org /www.exslt.org/public_html/date/functions/minute-in-hour date.minute-in-hour.template.xsl.html
102.12.03 11:10 B C:\jakarta-tomcat-3.2.4\webapps\cocoon\exslt\date\functions\minute-in-hour\date.minute-in-hour.use-cases.txt --> ftp.exslt.org /www.exslt.org/public_html/date/functions/minute-in-hour date.minute-in-hour.use-cases.txt
102.12.03 11:10 B C:\jakarta-tomcat-3.2.4\webapps\cocoon\exslt\date\functions\minute-in-hour\date.minute-in-hour.use-cases.zip --> ftp.exslt.org /www.exslt.org/public_html/date/functions/minute-in-hour date.minute-in-hour.use-cases.zip
102.12.03 11:10 B C:\jakarta-tomcat-3.2.4\webapps\cocoon\exslt\date\functions\minute-in-hour\date.minute-in-hour.xml --> ftp.exslt.org /www.exslt.org/public_html/date/functions/minute-in-hour date.minute-in-hour.xml
102.12.03 11:10 B C:\jakarta-tomcat-3.2.4\webapps\cocoon\exslt\date\functions\minute-in-hour\date.minute-in-hour.xsl --> ftp.exslt.org /www.exslt.org/public_html/date/functions/minute-in-hour date.minute-in-hour.xsl
102.12.03 11:10 B C:\jakarta-tomcat-3.2.4\webapps\cocoon\exslt\date\functions\minute-in-hour\date.minute-in-hour.zip --> ftp.exslt.org /www.exslt.org/public_html/date/functions/minute-in-hour date.minute-in-hour.zip
102.12.03 11:10 B C:\jakarta-tomcat-3.2.4\webapps\cocoon\exslt\date\functions\minute-in-hour\date.msxsl.xsl --> ftp.exslt.org /www.exslt.org/public_html/date/functions/minute-in-hour date.msxsl.xsl
102.12.03 11:10 B C:\jakarta-tomcat-3.2.4\webapps\cocoon\exslt\date\functions\minute-in-hour\date.msxsl.xsl.html --> ftp.exslt.org /www.exslt.org/public_html/date/functions/minute-in-hour date.msxsl.xsl.html
102.12.03 11:10 B C:\jakarta-tomcat-3.2.4\webapps\cocoon\exslt\date\functions\minute-in-hour\index.html --> ftp.exslt.org /www.exslt.org/public_html/date/functions/minute-in-hour index.html
102.12.03 11:10 B C:\jakarta-tomcat-3.2.4\webapps\cocoon\exslt\date\functions\minute-in-hour\refresh.bat --> ftp.exslt.org /www.exslt.org/public_html/date/functions/minute-in-hour refresh.bat
102.12.03 11:10 B C:\jakarta-tomcat-3.2.4\webapps\cocoon\exslt\date\functions\minute-in-hour\update.bat --> ftp.exslt.org /www.exslt.org/public_html/date/functions/minute-in-hour update.bat
102.12.03 11:10 B C:\jakarta-tomcat-3.2.4\webapps\cocoon\exslt\date\functions\minute-in-hour\WS_FTP.LOG --> ftp.exslt.org /www.exslt.org/public_html/date/functions/minute-in-hour WS_FTP.LOG
102.12.11 11:01 B C:\jakarta-tomcat-3.2.4\webapps\cocoon\exslt\date\functions\minute-in-hour\base.css --> ftp.exslt.org /www.exslt.org/public_html/date/functions/minute-in-hour base.css
102.12.11 11:01 B C:\jakarta-tomcat-3.2.4\webapps\cocoon\exslt\date\functions\minute-in-hour\date.js --> ftp.exslt.org /www.exslt.org/public_html/date/functions/minute-in-hour date.js
102.12.11 11:01 B C:\jakarta-tomcat-3.2.4\webapps\cocoon\exslt\date\functions\minute-in-hour\date.js.html --> ftp.exslt.org /www.exslt.org/public_html/date/functions/minute-in-hour date.js.html
102.12.11 11:01 B C:\jakarta-tomcat-3.2.4\webapps\cocoon\exslt\date\functions\minute-in-hour\date.minute-in-hour.1.html --> ftp.exslt.org /www.exslt.org/public_html/date/functions/minute-in-hour date.minute-in-hour.1.html
102.12.11 11:01 B C:\jakarta-tomcat-3.2.4\webapps\cocoon\exslt\date\functions\minute-in-hour\date.minute-in-hour.1.xml --> ftp.exslt.org /www.exslt.org/public_html/date/functions/minute-in-hour date.minute-in-hour.1.xml
102.12.11 11:01 B C:\jakarta-tomcat-3.2.4\webapps\cocoon\exslt\date\functions\minute-in-hour\date.minute-in-hour.2.html --> ftp.exslt.org /www.exslt.org/public_html/date/functions/minute-in-hour date.minute-in-hour.2.html
102.12.11 11:01 B C:\jakarta-tomcat-3.2.4\webapps\cocoon\exslt\date\functions\minute-in-hour\date.minute-in-hour.function.xsl --> ftp.exslt.org /www.exslt.org/public_html/date/functions/minute-in-hour date.minute-in-hour.function.xsl
102.12.11 11:01 B C:\jakarta-tomcat-3.2.4\webapps\cocoon\exslt\date\functions\minute-in-hour\date.minute-in-hour.function.xsl.html --> ftp.exslt.org /www.exslt.org/public_html/date/functions/minute-in-hour date.minute-in-hour.function.xsl.html
102.12.11 11:01 B C:\jakarta-tomcat-3.2.4\webapps\cocoon\exslt\date\functions\minute-in-hour\date.minute-in-hour.html --> ftp.exslt.org /www.exslt.org/public_html/date/functions/minute-in-hour date.minute-in-hour.html
102.12.11 11:01 B C:\jakarta-tomcat-3.2.4\webapps\cocoon\exslt\date\functions\minute-in-hour\date.minute-in-hour.package.txt --> ftp.exslt.org /www.exslt.org/public_html/date/functions/minute-in-hour date.minute-in-hour.package.txt
102.12.11 11:01 B C:\jakarta-tomcat-3.2.4\webapps\cocoon\exslt\date\functions\minute-in-hour\date.minute-in-hour.template.xsl --> ftp.exslt.org /www.exslt.org/public_html/date/functions/minute-in-hour date.minute-in-hour.template.xsl
102.12.11 11:01 B C:\jakarta-tomcat-3.2.4\webapps\cocoon\exslt\date\functions\minute-in-hour\date.minute-in-hour.template.xsl.html --> ftp.exslt.org /www.exslt.org/public_html/date/functions/minute-in-hour date.minute-in-hour.template.xsl.html
102.12.11 11:01 B C:\jakarta-tomcat-3.2.4\webapps\cocoon\exslt\date\functions\minute-in-hour\date.minute-in-hour.use-cases.txt --> ftp.exslt.org /www.exslt.org/public_html/date/functions/minute-in-hour date.minute-in-hour.use-cases.txt
102.12.11 11:01 B C:\jakarta-tomcat-3.2.4\webapps\cocoon\exslt\date\functions\minute-in-hour\date.minute-in-hour.use-cases.zip --> ftp.exslt.org /www.exslt.org/public_html/date/functions/minute-in-hour date.minute-in-hour.use-cases.zip
102.12.11 11:01 B C:\jakarta-tomcat-3.2.4\webapps\cocoon\exslt\date\functions\minute-in-hour\date.minute-in-hour.xml --> ftp.exslt.org /www.exslt.org/public_html/date/functions/minute-in-hour date.minute-in-hour.xml
102.12.11 11:01 B C:\jakarta-tomcat-3.2.4\webapps\cocoon\exslt\date\functions\minute-in-hour\date.minute-in-hour.xsl --> ftp.exslt.org /www.exslt.org/public_html/date/functions/minute-in-hour date.minute-in-hour.xsl
102.12.11 11:01 B C:\jakarta-tomcat-3.2.4\webapps\cocoon\exslt\date\functions\minute-in-hour\date.minute-in-hour.zip --> ftp.exslt.org /www.exslt.org/public_html/date/functions/minute-in-hour date.minute-in-hour.zip
102.12.11 11:01 B C:\jakarta-tomcat-3.2.4\webapps\cocoon\exslt\date\functions\minute-in-hour\date.msxsl.xsl --> ftp.exslt.org /www.exslt.org/public_html/date/functions/minute-in-hour date.msxsl.xsl
102.12.11 11:01 B C:\jakarta-tomcat-3.2.4\webapps\cocoon\exslt\date\functions\minute-in-hour\date.msxsl.xsl.html --> ftp.exslt.org /www.exslt.org/public_html/date/functions/minute-in-hour date.msxsl.xsl.html
102.12.11 11:01 B C:\jakarta-tomcat-3.2.4\webapps\cocoon\exslt\date\functions\minute-in-hour\index.html --> ftp.exslt.org /www.exslt.org/public_html/date/functions/minute-in-hour index.html
102.12.11 11:01 B C:\jakarta-tomcat-3.2.4\webapps\cocoon\exslt\date\functions\minute-in-hour\refresh.bat --> ftp.exslt.org /www.exslt.org/public_html/date/functions/minute-in-hour refresh.bat
102.12.11 11:01 B C:\jakarta-tomcat-3.2.4\webapps\cocoon\exslt\date\functions\minute-in-hour\update.bat --> ftp.exslt.org /www.exslt.org/public_html/date/functions/minute-in-hour update.bat
102.12.11 11:01 B C:\jakarta-tomcat-3.2.4\webapps\cocoon\exslt\date\functions\minute-in-hour\WS_FTP.LOG --> ftp.exslt.org /www.exslt.org/public_html/date/functions/minute-in-hour WS_FTP.LOG
102.12.11 11:04 B C:\jakarta-tomcat-3.2.4\webapps\cocoon\exslt\date\functions\minute-in-hour\base.css --> ftp.exslt.org /www.exslt.org/public_html/date/functions/minute-in-hour base.css
102.12.11 11:04 B C:\jakarta-tomcat-3.2.4\webapps\cocoon\exslt\date\functions\minute-in-hour\date.js --> ftp.exslt.org /www.exslt.org/public_html/date/functions/minute-in-hour date.js
102.12.11 11:04 B C:\jakarta-tomcat-3.2.4\webapps\cocoon\exslt\date\functions\minute-in-hour\date.js.html --> ftp.exslt.org /www.exslt.org/public_html/date/functions/minute-in-hour date.js.html
102.12.11 11:04 B C:\jakarta-tomcat-3.2.4\webapps\cocoon\exslt\date\functions\minute-in-hour\date.minute-in-hour.1.html --> ftp.exslt.org /www.exslt.org/public_html/date/functions/minute-in-hour date.minute-in-hour.1.html
102.12.11 11:04 B C:\jakarta-tomcat-3.2.4\webapps\cocoon\exslt\date\functions\minute-in-hour\date.minute-in-hour.1.xml --> ftp.exslt.org /www.exslt.org/public_html/date/functions/minute-in-hour date.minute-in-hour.1.xml
102.12.11 11:04 B C:\jakarta-tomcat-3.2.4\webapps\cocoon\exslt\date\functions\minute-in-hour\date.minute-in-hour.2.html --> ftp.exslt.org /www.exslt.org/public_html/date/functions/minute-in-hour date.minute-in-hour.2.html
102.12.11 11:04 B C:\jakarta-tomcat-3.2.4\webapps\cocoon\exslt\date\functions\minute-in-hour\date.minute-in-hour.function.xsl --> ftp.exslt.org /www.exslt.org/public_html/date/functions/minute-in-hour date.minute-in-hour.function.xsl
102.12.11 11:04 B C:\jakarta-tomcat-3.2.4\webapps\cocoon\exslt\date\functions\minute-in-hour\date.minute-in-hour.function.xsl.html --> ftp.exslt.org /www.exslt.org/public_html/date/functions/minute-in-hour date.minute-in-hour.function.xsl.html
102.12.11 11:04 B C:\jakarta-tomcat-3.2.4\webapps\cocoon\exslt\date\functions\minute-in-hour\date.minute-in-hour.html --> ftp.exslt.org /www.exslt.org/public_html/date/functions/minute-in-hour date.minute-in-hour.html
102.12.11 11:04 B C:\jakarta-tomcat-3.2.4\webapps\cocoon\exslt\date\functions\minute-in-hour\date.minute-in-hour.package.txt --> ftp.exslt.org /www.exslt.org/public_html/date/functions/minute-in-hour date.minute-in-hour.package.txt
102.12.11 11:04 B C:\jakarta-tomcat-3.2.4\webapps\cocoon\exslt\date\functions\minute-in-hour\date.minute-in-hour.template.xsl --> ftp.exslt.org /www.exslt.org/public_html/date/functions/minute-in-hour date.minute-in-hour.template.xsl
102.12.11 11:04 B C:\jakarta-tomcat-3.2.4\webapps\cocoon\exslt\date\functions\minute-in-hour\date.minute-in-hour.template.xsl.html --> ftp.exslt.org /www.exslt.org/public_html/date/functions/minute-in-hour date.minute-in-hour.template.xsl.html
102.12.11 11:04 B C:\jakarta-tomcat-3.2.4\webapps\cocoon\exslt\date\functions\minute-in-hour\date.minute-in-hour.use-cases.txt --> ftp.exslt.org /www.exslt.org/public_html/date/functions/minute-in-hour date.minute-in-hour.use-cases.txt
102.12.11 11:04 B C:\jakarta-tomcat-3.2.4\webapps\cocoon\exslt\date\functions\minute-in-hour\date.minute-in-hour.use-cases.zip --> ftp.exslt.org /www.exslt.org/public_html/date/functions/minute-in-hour date.minute-in-hour.use-cases.zip
102.12.11 11:04 B C:\jakarta-tomcat-3.2.4\webapps\cocoon\exslt\date\functions\minute-in-hour\date.minute-in-hour.xml --> ftp.exslt.org /www.exslt.org/public_html/date/functions/minute-in-hour date.minute-in-hour.xml
102.12.11 11:04 B C:\jakarta-tomcat-3.2.4\webapps\cocoon\exslt\date\functions\minute-in-hour\date.minute-in-hour.xsl --> ftp.exslt.org /www.exslt.org/public_html/date/functions/minute-in-hour date.minute-in-hour.xsl
102.12.11 11:04 B C:\jakarta-tomcat-3.2.4\webapps\cocoon\exslt\date\functions\minute-in-hour\date.minute-in-hour.zip --> ftp.exslt.org /www.exslt.org/public_html/date/functions/minute-in-hour date.minute-in-hour.zip
102.12.11 11:04 B C:\jakarta-tomcat-3.2.4\webapps\cocoon\exslt\date\functions\minute-in-hour\date.msxsl.xsl --> ftp.exslt.org /www.exslt.org/public_html/date/functions/minute-in-hour date.msxsl.xsl
102.12.11 11:04 B C:\jakarta-tomcat-3.2.4\webapps\cocoon\exslt\date\functions\minute-in-hour\date.msxsl.xsl.html --> ftp.exslt.org /www.exslt.org/public_html/date/functions/minute-in-hour date.msxsl.xsl.html
102.12.11 11:04 B C:\jakarta-tomcat-3.2.4\webapps\cocoon\exslt\date\functions\minute-in-hour\index.html --> ftp.exslt.org /www.exslt.org/public_html/date/functions/minute-in-hour index.html
102.12.11 11:04 B C:\jakarta-tomcat-3.2.4\webapps\cocoon\exslt\date\functions\minute-in-hour\refresh.bat --> ftp.exslt.org /www.exslt.org/public_html/date/functions/minute-in-hour refresh.bat
102.12.11 11:04 B C:\jakarta-tomcat-3.2.4\webapps\cocoon\exslt\date\functions\minute-in-hour\update.bat --> ftp.exslt.org /www.exslt.org/public_html/date/functions/minute-in-hour update.bat
103.09.29 15:08 B C:\jakarta-tomcat-3.2.4\webapps\cocoon\exslt\date\functions\minute-in-hour\WS_FTP.LOG <-- ftp.exslt.org /www.exslt.org/public_html/date/functions/minute-in-hour WS_FTP.LOG
103.10.21 13:05 B C:\jakarta-tomcat-3.2.4\webapps\cocoon\exslt\date\functions\minute-in-hour\base.css --> marian.cs.nott.ac.uk /stud/pg/cds/exslt/date/functions/minute-in-hour base.css
103.10.21 13:05 B C:\jakarta-tomcat-3.2.4\webapps\cocoon\exslt\date\functions\minute-in-hour\date.js --> marian.cs.nott.ac.uk /stud/pg/cds/exslt/date/functions/minute-in-hour date.js
103.10.21 13:05 B C:\jakarta-tomcat-3.2.4\webapps\cocoon\exslt\date\functions\minute-in-hour\date.js.html --> marian.cs.nott.ac.uk /stud/pg/cds/exslt/date/functions/minute-in-hour date.js.html
103.10.21 13:05 B C:\jakarta-tomcat-3.2.4\webapps\cocoon\exslt\date\functions\minute-in-hour\date.minute-in-hour.1.html --> marian.cs.nott.ac.uk /stud/pg/cds/exslt/date/functions/minute-in-hour date.minute-in-hour.1.html
103.10.21 13:05 B C:\jakarta-tomcat-3.2.4\webapps\cocoon\exslt\date\functions\minute-in-hour\date.minute-in-hour.1.xml --> marian.cs.nott.ac.uk /stud/pg/cds/exslt/date/functions/minute-in-hour date.minute-in-hour.1.xml
103.10.21 13:05 B C:\jakarta-tomcat-3.2.4\webapps\cocoon\exslt\date\functions\minute-in-hour\date.minute-in-hour.2.html --> marian.cs.nott.ac.uk /stud/pg/cds/exslt/date/functions/minute-in-hour date.minute-in-hour.2.html
103.10.21 13:05 B C:\jakarta-tomcat-3.2.4\webapps\cocoon\exslt\date\functions\minute-in-hour\date.minute-in-hour.function.xsl --> marian.cs.nott.ac.uk /stud/pg/cds/exslt/date/functions/minute-in-hour date.minute-in-hour.function.xsl
103.10.21 13:05 B C:\jakarta-tomcat-3.2.4\webapps\cocoon\exslt\date\functions\minute-in-hour\date.minute-in-hour.function.xsl.html --> marian.cs.nott.ac.uk /stud/pg/cds/exslt/date/functions/minute-in-hour date.minute-in-hour.function.xsl.html
103.10.21 13:05 B C:\jakarta-tomcat-3.2.4\webapps\cocoon\exslt\date\functions\minute-in-hour\date.minute-in-hour.html --> marian.cs.nott.ac.uk /stud/pg/cds/exslt/date/functions/minute-in-hour date.minute-in-hour.html
103.10.21 13:05 B C:\jakarta-tomcat-3.2.4\webapps\cocoon\exslt\date\functions\minute-in-hour\date.minute-in-hour.package.txt --> marian.cs.nott.ac.uk /stud/pg/cds/exslt/date/functions/minute-in-hour date.minute-in-hour.package.txt
103.10.21 13:05 B C:\jakarta-tomcat-3.2.4\webapps\cocoon\exslt\date\functions\minute-in-hour\date.minute-in-hour.template.xsl --> marian.cs.nott.ac.uk /stud/pg/cds/exslt/date/functions/minute-in-hour date.minute-in-hour.template.xsl
103.10.21 13:05 B C:\jakarta-tomcat-3.2.4\webapps\cocoon\exslt\date\functions\minute-in-hour\date.minute-in-hour.template.xsl.html --> marian.cs.nott.ac.uk /stud/pg/cds/exslt/date/functions/minute-in-hour date.minute-in-hour.template.xsl.html
103.10.21 13:05 B C:\jakarta-tomcat-3.2.4\webapps\cocoon\exslt\date\functions\minute-in-hour\date.minute-in-hour.use-cases.txt --> marian.cs.nott.ac.uk /stud/pg/cds/exslt/date/functions/minute-in-hour date.minute-in-hour.use-cases.txt
103.10.21 13:05 B C:\jakarta-tomcat-3.2.4\webapps\cocoon\exslt\date\functions\minute-in-hour\date.minute-in-hour.use-cases.zip --> marian.cs.nott.ac.uk /stud/pg/cds/exslt/date/functions/minute-in-hour date.minute-in-hour.use-cases.zip
103.10.21 13:05 B C:\jakarta-tomcat-3.2.4\webapps\cocoon\exslt\date\functions\minute-in-hour\date.minute-in-hour.xml --> marian.cs.nott.ac.uk /stud/pg/cds/exslt/date/functions/minute-in-hour date.minute-in-hour.xml
103.10.21 13:05 B C:\jakarta-tomcat-3.2.4\webapps\cocoon\exslt\date\functions\minute-in-hour\date.minute-in-hour.xsl --> marian.cs.nott.ac.uk /stud/pg/cds/exslt/date/functions/minute-in-hour date.minute-in-hour.xsl
103.10.21 13:05 B C:\jakarta-tomcat-3.2.4\webapps\cocoon\exslt\date\functions\minute-in-hour\date.minute-in-hour.zip --> marian.cs.nott.ac.uk /stud/pg/cds/exslt/date/functions/minute-in-hour date.minute-in-hour.zip
103.10.21 13:05 B C:\jakarta-tomcat-3.2.4\webapps\cocoon\exslt\date\functions\minute-in-hour\date.msxsl.xsl --> marian.cs.nott.ac.uk /stud/pg/cds/exslt/date/functions/minute-in-hour date.msxsl.xsl
103.10.21 13:05 B C:\jakarta-tomcat-3.2.4\webapps\cocoon\exslt\date\functions\minute-in-hour\date.msxsl.xsl.html --> marian.cs.nott.ac.uk /stud/pg/cds/exslt/date/functions/minute-in-hour date.msxsl.xsl.html
103.10.21 13:05 B C:\jakarta-tomcat-3.2.4\webapps\cocoon\exslt\date\functions\minute-in-hour\index.html --> marian.cs.nott.ac.uk /stud/pg/cds/exslt/date/functions/minute-in-hour index.html
103.10.21 13:05 B C:\jakarta-tomcat-3.2.4\webapps\cocoon\exslt\date\functions\minute-in-hour\refresh.bat --> marian.cs.nott.ac.uk /stud/pg/cds/exslt/date/functions/minute-in-hour refresh.bat
103.10.21 13:05 B C:\jakarta-tomcat-3.2.4\webapps\cocoon\exslt\date\functions\minute-in-hour\update.bat --> marian.cs.nott.ac.uk /stud/pg/cds/exslt/date/functions/minute-in-hour update.bat
103.10.21 13:05 B C:\jakarta-tomcat-3.2.4\webapps\cocoon\exslt\date\functions\minute-in-hour\WS_FTP.LOG --> marian.cs.nott.ac.uk /stud/pg/cds/exslt/date/functions/minute-in-hour WS_FTP.LOG
103.10.23 13:16 B C:\jakarta-tomcat-3.2.4\webapps\cocoon\exslt\date\functions\minute-in-hour\base.css --> ftp.exslt.org /www.exslt.org/public_html/date/functions/minute-in-hour base.css
103.10.23 13:16 B C:\jakarta-tomcat-3.2.4\webapps\cocoon\exslt\date\functions\minute-in-hour\date.js --> ftp.exslt.org /www.exslt.org/public_html/date/functions/minute-in-hour date.js
103.10.23 13:16 B C:\jakarta-tomcat-3.2.4\webapps\cocoon\exslt\date\functions\minute-in-hour\date.js.html --> ftp.exslt.org /www.exslt.org/public_html/date/functions/minute-in-hour date.js.html
103.10.23 13:16 B C:\jakarta-tomcat-3.2.4\webapps\cocoon\exslt\date\functions\minute-in-hour\date.minute-in-hour.1.html --> ftp.exslt.org /www.exslt.org/public_html/date/functions/minute-in-hour date.minute-in-hour.1.html
103.10.23 13:16 B C:\jakarta-tomcat-3.2.4\webapps\cocoon\exslt\date\functions\minute-in-hour\date.minute-in-hour.1.xml --> ftp.exslt.org /www.exslt.org/public_html/date/functions/minute-in-hour date.minute-in-hour.1.xml
103.10.23 13:16 B C:\jakarta-tomcat-3.2.4\webapps\cocoon\exslt\date\functions\minute-in-hour\date.minute-in-hour.2.html --> ftp.exslt.org /www.exslt.org/public_html/date/functions/minute-in-hour date.minute-in-hour.2.html
103.10.23 13:16 B C:\jakarta-tomcat-3.2.4\webapps\cocoon\exslt\date\functions\minute-in-hour\date.minute-in-hour.function.xsl --> ftp.exslt.org /www.exslt.org/public_html/date/functions/minute-in-hour date.minute-in-hour.function.xsl
103.10.23 13:16 B C:\jakarta-tomcat-3.2.4\webapps\cocoon\exslt\date\functions\minute-in-hour\date.minute-in-hour.function.xsl.html --> ftp.exslt.org /www.exslt.org/public_html/date/functions/minute-in-hour date.minute-in-hour.function.xsl.html
103.10.23 13:16 B C:\jakarta-tomcat-3.2.4\webapps\cocoon\exslt\date\functions\minute-in-hour\date.minute-in-hour.html --> ftp.exslt.org /www.exslt.org/public_html/date/functions/minute-in-hour date.minute-in-hour.html
103.10.23 13:16 B C:\jakarta-tomcat-3.2.4\webapps\cocoon\exslt\date\functions\minute-in-hour\date.minute-in-hour.package.txt --> ftp.exslt.org /www.exslt.org/public_html/date/functions/minute-in-hour date.minute-in-hour.package.txt
103.10.23 13:17 B C:\jakarta-tomcat-3.2.4\webapps\cocoon\exslt\date\functions\minute-in-hour\date.minute-in-hour.template.xsl --> ftp.exslt.org /www.exslt.org/public_html/date/functions/minute-in-hour date.minute-in-hour.template.xsl
103.10.23 13:17 B C:\jakarta-tomcat-3.2.4\webapps\cocoon\exslt\date\functions\minute-in-hour\date.minute-in-hour.template.xsl.html --> ftp.exslt.org /www.exslt.org/public_html/date/functions/minute-in-hour date.minute-in-hour.template.xsl.html
103.10.23 13:17 B C:\jakarta-tomcat-3.2.4\webapps\cocoon\exslt\date\functions\minute-in-hour\date.minute-in-hour.use-cases.txt --> ftp.exslt.org /www.exslt.org/public_html/date/functions/minute-in-hour date.minute-in-hour.use-cases.txt
103.10.23 13:17 B C:\jakarta-tomcat-3.2.4\webapps\cocoon\exslt\date\functions\minute-in-hour\date.minute-in-hour.use-cases.zip --> ftp.exslt.org /www.exslt.org/public_html/date/functions/minute-in-hour date.minute-in-hour.use-cases.zip
103.10.23 13:17 B C:\jakarta-tomcat-3.2.4\webapps\cocoon\exslt\date\functions\minute-in-hour\date.minute-in-hour.xml --> ftp.exslt.org /www.exslt.org/public_html/date/functions/minute-in-hour date.minute-in-hour.xml
103.10.23 13:17 B C:\jakarta-tomcat-3.2.4\webapps\cocoon\exslt\date\functions\minute-in-hour\date.minute-in-hour.xsl --> ftp.exslt.org /www.exslt.org/public_html/date/functions/minute-in-hour date.minute-in-hour.xsl
103.10.23 13:17 B C:\jakarta-tomcat-3.2.4\webapps\cocoon\exslt\date\functions\minute-in-hour\date.minute-in-hour.zip --> ftp.exslt.org /www.exslt.org/public_html/date/functions/minute-in-hour date.minute-in-hour.zip
103.10.23 13:17 B C:\jakarta-tomcat-3.2.4\webapps\cocoon\exslt\date\functions\minute-in-hour\date.msxsl.xsl --> ftp.exslt.org /www.exslt.org/public_html/date/functions/minute-in-hour date.msxsl.xsl
103.10.23 13:17 B C:\jakarta-tomcat-3.2.4\webapps\cocoon\exslt\date\functions\minute-in-hour\date.msxsl.xsl.html --> ftp.exslt.org /www.exslt.org/public_html/date/functions/minute-in-hour date.msxsl.xsl.html
103.10.23 13:17 B C:\jakarta-tomcat-3.2.4\webapps\cocoon\exslt\date\functions\minute-in-hour\index.html --> ftp.exslt.org /www.exslt.org/public_html/date/functions/minute-in-hour index.html
103.10.23 13:17 B C:\jakarta-tomcat-3.2.4\webapps\cocoon\exslt\date\functions\minute-in-hour\refresh.bat --> ftp.exslt.org /www.exslt.org/public_html/date/functions/minute-in-hour refresh.bat
103.10.23 13:17 B C:\jakarta-tomcat-3.2.4\webapps\cocoon\exslt\date\functions\minute-in-hour\update.bat --> ftp.exslt.org /www.exslt.org/public_html/date/functions/minute-in-hour update.bat
103.10.23 13:17 B C:\jakarta-tomcat-3.2.4\webapps\cocoon\exslt\date\functions\minute-in-hour\WS_FTP.LOG --> ftp.exslt.org /www.exslt.org/public_html/date/functions/minute-in-hour WS_FTP.LOG
103.10.23 13:22 B C:\jakarta-tomcat-3.2.4\webapps\cocoon\exslt\date\functions\minute-in-hour\base.css --> ftp.exslt.org /www.exslt.org/public_html/date/functions/minute-in-hour base.css
103.10.23 13:22 B C:\jakarta-tomcat-3.2.4\webapps\cocoon\exslt\date\functions\minute-in-hour\date.js --> ftp.exslt.org /www.exslt.org/public_html/date/functions/minute-in-hour date.js
103.10.23 13:22 B C:\jakarta-tomcat-3.2.4\webapps\cocoon\exslt\date\functions\minute-in-hour\date.js.html --> ftp.exslt.org /www.exslt.org/public_html/date/functions/minute-in-hour date.js.html
103.10.23 13:22 B C:\jakarta-tomcat-3.2.4\webapps\cocoon\exslt\date\functions\minute-in-hour\date.minute-in-hour.1.html --> ftp.exslt.org /www.exslt.org/public_html/date/functions/minute-in-hour date.minute-in-hour.1.html
103.10.23 13:22 B C:\jakarta-tomcat-3.2.4\webapps\cocoon\exslt\date\functions\minute-in-hour\date.minute-in-hour.1.xml --> ftp.exslt.org /www.exslt.org/public_html/date/functions/minute-in-hour date.minute-in-hour.1.xml
103.10.23 13:23 B C:\jakarta-tomcat-3.2.4\webapps\cocoon\exslt\date\functions\minute-in-hour\date.minute-in-hour.2.html --> ftp.exslt.org /www.exslt.org/public_html/date/functions/minute-in-hour date.minute-in-hour.2.html
103.10.23 13:23 B C:\jakarta-tomcat-3.2.4\webapps\cocoon\exslt\date\functions\minute-in-hour\date.minute-in-hour.function.xsl --> ftp.exslt.org /www.exslt.org/public_html/date/functions/minute-in-hour date.minute-in-hour.function.xsl
103.10.23 13:23 B C:\jakarta-tomcat-3.2.4\webapps\cocoon\exslt\date\functions\minute-in-hour\date.minute-in-hour.function.xsl.html --> ftp.exslt.org /www.exslt.org/public_html/date/functions/minute-in-hour date.minute-in-hour.function.xsl.html
103.10.23 13:23 B C:\jakarta-tomcat-3.2.4\webapps\cocoon\exslt\date\functions\minute-in-hour\date.minute-in-hour.html --> ftp.exslt.org /www.exslt.org/public_html/date/functions/minute-in-hour date.minute-in-hour.html
103.10.23 13:23 B C:\jakarta-tomcat-3.2.4\webapps\cocoon\exslt\date\functions\minute-in-hour\date.minute-in-hour.package.txt --> ftp.exslt.org /www.exslt.org/public_html/date/functions/minute-in-hour date.minute-in-hour.package.txt
103.10.23 13:23 B C:\jakarta-tomcat-3.2.4\webapps\cocoon\exslt\date\functions\minute-in-hour\date.minute-in-hour.template.xsl --> ftp.exslt.org /www.exslt.org/public_html/date/functions/minute-in-hour date.minute-in-hour.template.xsl
103.10.23 13:24 B C:\jakarta-tomcat-3.2.4\webapps\cocoon\exslt\date\functions\minute-in-hour\date.minute-in-hour.template.xsl.html --> ftp.exslt.org /www.exslt.org/public_html/date/functions/minute-in-hour date.minute-in-hour.template.xsl.html
103.10.23 13:29 B C:\jakarta-tomcat-3.2.4\webapps\cocoon\exslt\date\functions\minute-in-hour\base.css --> ftp.exslt.org /www.exslt.org/public_html/minute-in-hour base.css
103.10.23 13:30 B C:\jakarta-tomcat-3.2.4\webapps\cocoon\exslt\date\functions\minute-in-hour\date.js --> ftp.exslt.org /www.exslt.org/public_html/minute-in-hour date.js
103.10.23 13:30 B C:\jakarta-tomcat-3.2.4\webapps\cocoon\exslt\date\functions\minute-in-hour\date.js.html --> ftp.exslt.org /www.exslt.org/public_html/minute-in-hour date.js.html
103.10.23 13:30 B C:\jakarta-tomcat-3.2.4\webapps\cocoon\exslt\date\functions\minute-in-hour\date.minute-in-hour.1.html --> ftp.exslt.org /www.exslt.org/public_html/minute-in-hour date.minute-in-hour.1.html
103.10.23 13:30 B C:\jakarta-tomcat-3.2.4\webapps\cocoon\exslt\date\functions\minute-in-hour\date.minute-in-hour.1.xml --> ftp.exslt.org /www.exslt.org/public_html/minute-in-hour date.minute-in-hour.1.xml
103.10.23 13:30 B C:\jakarta-tomcat-3.2.4\webapps\cocoon\exslt\date\functions\minute-in-hour\date.minute-in-hour.2.html --> ftp.exslt.org /www.exslt.org/public_html/minute-in-hour date.minute-in-hour.2.html
103.10.23 13:30 B C:\jakarta-tomcat-3.2.4\webapps\cocoon\exslt\date\functions\minute-in-hour\date.minute-in-hour.function.xsl --> ftp.exslt.org /www.exslt.org/public_html/minute-in-hour date.minute-in-hour.function.xsl
103.10.23 13:30 B C:\jakarta-tomcat-3.2.4\webapps\cocoon\exslt\date\functions\minute-in-hour\date.minute-in-hour.function.xsl.html --> ftp.exslt.org /www.exslt.org/public_html/minute-in-hour date.minute-in-hour.function.xsl.html
103.10.23 13:30 B C:\jakarta-tomcat-3.2.4\webapps\cocoon\exslt\date\functions\minute-in-hour\date.minute-in-hour.html --> ftp.exslt.org /www.exslt.org/public_html/minute-in-hour date.minute-in-hour.html
103.10.23 13:30 B C:\jakarta-tomcat-3.2.4\webapps\cocoon\exslt\date\functions\minute-in-hour\date.minute-in-hour.package.txt --> ftp.exslt.org /www.exslt.org/public_html/minute-in-hour date.minute-in-hour.package.txt
103.10.23 13:30 B C:\jakarta-tomcat-3.2.4\webapps\cocoon\exslt\date\functions\minute-in-hour\date.minute-in-hour.template.xsl --> ftp.exslt.org /www.exslt.org/public_html/minute-in-hour date.minute-in-hour.template.xsl
103.10.23 13:30 B C:\jakarta-tomcat-3.2.4\webapps\cocoon\exslt\date\functions\minute-in-hour\date.minute-in-hour.template.xsl.html --> ftp.exslt.org /www.exslt.org/public_html/minute-in-hour date.minute-in-hour.template.xsl.html
103.10.23 13:30 B C:\jakarta-tomcat-3.2.4\webapps\cocoon\exslt\date\functions\minute-in-hour\date.minute-in-hour.use-cases.txt --> ftp.exslt.org /www.exslt.org/public_html/minute-in-hour date.minute-in-hour.use-cases.txt
103.10.23 13:30 B C:\jakarta-tomcat-3.2.4\webapps\cocoon\exslt\date\functions\minute-in-hour\date.minute-in-hour.use-cases.zip --> ftp.exslt.org /www.exslt.org/public_html/minute-in-hour date.minute-in-hour.use-cases.zip
103.10.23 13:30 B C:\jakarta-tomcat-3.2.4\webapps\cocoon\exslt\date\functions\minute-in-hour\date.minute-in-hour.xml --> ftp.exslt.org /www.exslt.org/public_html/minute-in-hour date.minute-in-hour.xml
103.10.23 13:30 B C:\jakarta-tomcat-3.2.4\webapps\cocoon\exslt\date\functions\minute-in-hour\date.minute-in-hour.xsl --> ftp.exslt.org /www.exslt.org/public_html/minute-in-hour date.minute-in-hour.xsl
103.10.23 13:30 B C:\jakarta-tomcat-3.2.4\webapps\cocoon\exslt\date\functions\minute-in-hour\date.minute-in-hour.zip --> ftp.exslt.org /www.exslt.org/public_html/minute-in-hour date.minute-in-hour.zip
103.10.23 13:30 B C:\jakarta-tomcat-3.2.4\webapps\cocoon\exslt\date\functions\minute-in-hour\date.msxsl.xsl --> ftp.exslt.org /www.exslt.org/public_html/minute-in-hour date.msxsl.xsl
103.10.23 13:30 B C:\jakarta-tomcat-3.2.4\webapps\cocoon\exslt\date\functions\minute-in-hour\date.msxsl.xsl.html --> ftp.exslt.org /www.exslt.org/public_html/minute-in-hour date.msxsl.xsl.html
103.10.23 13:31 B C:\jakarta-tomcat-3.2.4\webapps\cocoon\exslt\date\functions\minute-in-hour\index.html --> ftp.exslt.org /www.exslt.org/public_html/minute-in-hour index.html
103.10.23 13:31 B C:\jakarta-tomcat-3.2.4\webapps\cocoon\exslt\date\functions\minute-in-hour\refresh.bat --> ftp.exslt.org /www.exslt.org/public_html/minute-in-hour refresh.bat
103.10.23 13:31 B C:\jakarta-tomcat-3.2.4\webapps\cocoon\exslt\date\functions\minute-in-hour\update.bat --> ftp.exslt.org /www.exslt.org/public_html/minute-in-hour update.bat
103.10.23 13:31 B C:\jakarta-tomcat-3.2.4\webapps\cocoon\exslt\date\functions\minute-in-hour\WS_FTP.LOG --> ftp.exslt.org /www.exslt.org/public_html/minute-in-hour WS_FTP.LOG
103.10.23 14:44 B C:\jakarta-tomcat-3.2.4\webapps\cocoon\exslt\date\functions\minute-in-hour\base.css --> ftp.exslt.org /www.exslt.org/public_html/date/functions/minute-in-hour base.css
103.10.23 14:44 B C:\jakarta-tomcat-3.2.4\webapps\cocoon\exslt\date\functions\minute-in-hour\date.js --> ftp.exslt.org /www.exslt.org/public_html/date/functions/minute-in-hour date.js
103.10.23 14:44 B C:\jakarta-tomcat-3.2.4\webapps\cocoon\exslt\date\functions\minute-in-hour\date.js.html --> ftp.exslt.org /www.exslt.org/public_html/date/functions/minute-in-hour date.js.html
103.10.23 14:44 B C:\jakarta-tomcat-3.2.4\webapps\cocoon\exslt\date\functions\minute-in-hour\date.minute-in-hour.1.html --> ftp.exslt.org /www.exslt.org/public_html/date/functions/minute-in-hour date.minute-in-hour.1.html
103.10.23 14:45 B C:\jakarta-tomcat-3.2.4\webapps\cocoon\exslt\date\functions\minute-in-hour\date.minute-in-hour.1.xml --> ftp.exslt.org /www.exslt.org/public_html/date/functions/minute-in-hour date.minute-in-hour.1.xml
103.10.23 14:45 B C:\jakarta-tomcat-3.2.4\webapps\cocoon\exslt\date\functions\minute-in-hour\date.minute-in-hour.2.html --> ftp.exslt.org /www.exslt.org/public_html/date/functions/minute-in-hour date.minute-in-hour.2.html
103.10.23 14:45 B C:\jakarta-tomcat-3.2.4\webapps\cocoon\exslt\date\functions\minute-in-hour\date.minute-in-hour.function.xsl --> ftp.exslt.org /www.exslt.org/public_html/date/functions/minute-in-hour date.minute-in-hour.function.xsl
103.10.23 14:45 B C:\jakarta-tomcat-3.2.4\webapps\cocoon\exslt\date\functions\minute-in-hour\date.minute-in-hour.function.xsl.html --> ftp.exslt.org /www.exslt.org/public_html/date/functions/minute-in-hour date.minute-in-hour.function.xsl.html
103.10.23 14:45 B C:\jakarta-tomcat-3.2.4\webapps\cocoon\exslt\date\functions\minute-in-hour\date.minute-in-hour.html --> ftp.exslt.org /www.exslt.org/public_html/date/functions/minute-in-hour date.minute-in-hour.html
103.10.23 14:45 B C:\jakarta-tomcat-3.2.4\webapps\cocoon\exslt\date\functions\minute-in-hour\date.minute-in-hour.package.txt --> ftp.exslt.org /www.exslt.org/public_html/date/functions/minute-in-hour date.minute-in-hour.package.txt
103.10.23 14:45 B C:\jakarta-tomcat-3.2.4\webapps\cocoon\exslt\date\functions\minute-in-hour\date.minute-in-hour.template.xsl --> ftp.exslt.org /www.exslt.org/public_html/date/functions/minute-in-hour date.minute-in-hour.template.xsl
103.10.23 14:45 B C:\jakarta-tomcat-3.2.4\webapps\cocoon\exslt\date\functions\minute-in-hour\date.minute-in-hour.template.xsl.html --> ftp.exslt.org /www.exslt.org/public_html/date/functions/minute-in-hour date.minute-in-hour.template.xsl.html
103.10.23 14:45 B C:\jakarta-tomcat-3.2.4\webapps\cocoon\exslt\date\functions\minute-in-hour\date.minute-in-hour.use-cases.txt --> ftp.exslt.org /www.exslt.org/public_html/date/functions/minute-in-hour date.minute-in-hour.use-cases.txt
103.10.23 14:45 B C:\jakarta-tomcat-3.2.4\webapps\cocoon\exslt\date\functions\minute-in-hour\date.minute-in-hour.use-cases.zip --> ftp.exslt.org /www.exslt.org/public_html/date/functions/minute-in-hour date.minute-in-hour.use-cases.zip
103.10.23 14:45 B C:\jakarta-tomcat-3.2.4\webapps\cocoon\exslt\date\functions\minute-in-hour\date.minute-in-hour.xml --> ftp.exslt.org /www.exslt.org/public_html/date/functions/minute-in-hour date.minute-in-hour.xml
103.10.23 14:45 B C:\jakarta-tomcat-3.2.4\webapps\cocoon\exslt\date\functions\minute-in-hour\date.minute-in-hour.xsl --> ftp.exslt.org /www.exslt.org/public_html/date/functions/minute-in-hour date.minute-in-hour.xsl
103.10.23 14:45 B C:\jakarta-tomcat-3.2.4\webapps\cocoon\exslt\date\functions\minute-in-hour\date.minute-in-hour.zip --> ftp.exslt.org /www.exslt.org/public_html/date/functions/minute-in-hour date.minute-in-hour.zip
103.10.23 14:45 B C:\jakarta-tomcat-3.2.4\webapps\cocoon\exslt\date\functions\minute-in-hour\date.msxsl.xsl --> ftp.exslt.org /www.exslt.org/public_html/date/functions/minute-in-hour date.msxsl.xsl
103.10.23 14:46 B C:\jakarta-tomcat-3.2.4\webapps\cocoon\exslt\date\functions\minute-in-hour\date.msxsl.xsl.html --> ftp.exslt.org /www.exslt.org/public_html/date/functions/minute-in-hour date.msxsl.xsl.html
103.10.23 14:46 B C:\jakarta-tomcat-3.2.4\webapps\cocoon\exslt\date\functions\minute-in-hour\index.html --> ftp.exslt.org /www.exslt.org/public_html/date/functions/minute-in-hour index.html
103.10.23 14:46 B C:\jakarta-tomcat-3.2.4\webapps\cocoon\exslt\date\functions\minute-in-hour\refresh.bat --> ftp.exslt.org /www.exslt.org/public_html/date/functions/minute-in-hour refresh.bat
103.10.23 14:46 B C:\jakarta-tomcat-3.2.4\webapps\cocoon\exslt\date\functions\minute-in-hour\update.bat --> ftp.exslt.org /www.exslt.org/public_html/date/functions/minute-in-hour update.bat
