102.08.21 17:32 B C:\jakarta-tomcat-3.2.4\webapps\cocoon\exslt\math\functions\asin\base.css --> ftp.exslt.org /www.exslt.org/public_html/math/functions/asin base.css
102.08.21 17:32 B C:\jakarta-tomcat-3.2.4\webapps\cocoon\exslt\math\functions\asin\index.html --> ftp.exslt.org /www.exslt.org/public_html/math/functions/asin index.html
102.08.21 17:32 B C:\jakarta-tomcat-3.2.4\webapps\cocoon\exslt\math\functions\asin\math.asin.1.html --> ftp.exslt.org /www.exslt.org/public_html/math/functions/asin math.asin.1.html
102.08.21 17:32 B C:\jakarta-tomcat-3.2.4\webapps\cocoon\exslt\math\functions\asin\math.asin.html --> ftp.exslt.org /www.exslt.org/public_html/math/functions/asin math.asin.html
102.08.21 17:32 B C:\jakarta-tomcat-3.2.4\webapps\cocoon\exslt\math\functions\asin\math.asin.js --> ftp.exslt.org /www.exslt.org/public_html/math/functions/asin math.asin.js
102.08.21 17:32 B C:\jakarta-tomcat-3.2.4\webapps\cocoon\exslt\math\functions\asin\math.asin.js.html --> ftp.exslt.org /www.exslt.org/public_html/math/functions/asin math.asin.js.html
102.08.21 17:32 B C:\jakarta-tomcat-3.2.4\webapps\cocoon\exslt\math\functions\asin\math.asin.msxsl.xsl --> ftp.exslt.org /www.exslt.org/public_html/math/functions/asin math.asin.msxsl.xsl
102.08.21 17:32 B C:\jakarta-tomcat-3.2.4\webapps\cocoon\exslt\math\functions\asin\math.asin.msxsl.xsl.html --> ftp.exslt.org /www.exslt.org/public_html/math/functions/asin math.asin.msxsl.xsl.html
102.08.21 17:32 B C:\jakarta-tomcat-3.2.4\webapps\cocoon\exslt\math\functions\asin\math.asin.package.txt --> ftp.exslt.org /www.exslt.org/public_html/math/functions/asin math.asin.package.txt
102.08.21 17:32 B C:\jakarta-tomcat-3.2.4\webapps\cocoon\exslt\math\functions\asin\math.asin.use-cases.txt --> ftp.exslt.org /www.exslt.org/public_html/math/functions/asin math.asin.use-cases.txt
102.08.21 17:32 B C:\jakarta-tomcat-3.2.4\webapps\cocoon\exslt\math\functions\asin\math.asin.use-cases.zip --> ftp.exslt.org /www.exslt.org/public_html/math/functions/asin math.asin.use-cases.zip
102.08.21 17:32 B C:\jakarta-tomcat-3.2.4\webapps\cocoon\exslt\math\functions\asin\math.asin.xml --> ftp.exslt.org /www.exslt.org/public_html/math/functions/asin math.asin.xml
102.08.21 17:32 B C:\jakarta-tomcat-3.2.4\webapps\cocoon\exslt\math\functions\asin\math.asin.xsl --> ftp.exslt.org /www.exslt.org/public_html/math/functions/asin math.asin.xsl
102.08.21 17:32 B C:\jakarta-tomcat-3.2.4\webapps\cocoon\exslt\math\functions\asin\math.asin.zip --> ftp.exslt.org /www.exslt.org/public_html/math/functions/asin math.asin.zip
102.08.21 17:32 B C:\jakarta-tomcat-3.2.4\webapps\cocoon\exslt\math\functions\asin\refresh.bat --> ftp.exslt.org /www.exslt.org/public_html/math/functions/asin refresh.bat
102.08.21 17:32 B C:\jakarta-tomcat-3.2.4\webapps\cocoon\exslt\math\functions\asin\update.bat --> ftp.exslt.org /www.exslt.org/public_html/math/functions/asin update.bat
102.11.19 13:16 B C:\jakarta-tomcat-3.2.4\webapps\cocoon\exslt\math\functions\asin\base.css --> ftp.exslt.org /www.exslt.org/public_html/math/functions/asin base.css
102.11.19 13:16 B C:\jakarta-tomcat-3.2.4\webapps\cocoon\exslt\math\functions\asin\index.html --> ftp.exslt.org /www.exslt.org/public_html/math/functions/asin index.html
102.11.19 13:16 B C:\jakarta-tomcat-3.2.4\webapps\cocoon\exslt\math\functions\asin\math.asin.1.html --> ftp.exslt.org /www.exslt.org/public_html/math/functions/asin math.asin.1.html
102.11.19 13:16 B C:\jakarta-tomcat-3.2.4\webapps\cocoon\exslt\math\functions\asin\math.asin.html --> ftp.exslt.org /www.exslt.org/public_html/math/functions/asin math.asin.html
102.11.19 13:16 B C:\jakarta-tomcat-3.2.4\webapps\cocoon\exslt\math\functions\asin\math.asin.js --> ftp.exslt.org /www.exslt.org/public_html/math/functions/asin math.asin.js
102.11.19 13:16 B C:\jakarta-tomcat-3.2.4\webapps\cocoon\exslt\math\functions\asin\math.asin.js.html --> ftp.exslt.org /www.exslt.org/public_html/math/functions/asin math.asin.js.html
102.11.19 13:16 B C:\jakarta-tomcat-3.2.4\webapps\cocoon\exslt\math\functions\asin\math.asin.msxsl.xsl --> ftp.exslt.org /www.exslt.org/public_html/math/functions/asin math.asin.msxsl.xsl
102.11.19 13:16 B C:\jakarta-tomcat-3.2.4\webapps\cocoon\exslt\math\functions\asin\math.asin.msxsl.xsl.html --> ftp.exslt.org /www.exslt.org/public_html/math/functions/asin math.asin.msxsl.xsl.html
102.11.19 13:16 B C:\jakarta-tomcat-3.2.4\webapps\cocoon\exslt\math\functions\asin\math.asin.package.txt --> ftp.exslt.org /www.exslt.org/public_html/math/functions/asin math.asin.package.txt
102.11.19 13:16 B C:\jakarta-tomcat-3.2.4\webapps\cocoon\exslt\math\functions\asin\math.asin.use-cases.txt --> ftp.exslt.org /www.exslt.org/public_html/math/functions/asin math.asin.use-cases.txt
102.11.19 13:16 B C:\jakarta-tomcat-3.2.4\webapps\cocoon\exslt\math\functions\asin\math.asin.use-cases.zip --> ftp.exslt.org /www.exslt.org/public_html/math/functions/asin math.asin.use-cases.zip
102.11.19 13:16 B C:\jakarta-tomcat-3.2.4\webapps\cocoon\exslt\math\functions\asin\math.asin.xml --> ftp.exslt.org /www.exslt.org/public_html/math/functions/asin math.asin.xml
102.11.19 13:16 B C:\jakarta-tomcat-3.2.4\webapps\cocoon\exslt\math\functions\asin\math.asin.xsl --> ftp.exslt.org /www.exslt.org/public_html/math/functions/asin math.asin.xsl
102.11.19 13:16 B C:\jakarta-tomcat-3.2.4\webapps\cocoon\exslt\math\functions\asin\math.asin.zip --> ftp.exslt.org /www.exslt.org/public_html/math/functions/asin math.asin.zip
102.11.19 13:16 B C:\jakarta-tomcat-3.2.4\webapps\cocoon\exslt\math\functions\asin\refresh.bat --> ftp.exslt.org /www.exslt.org/public_html/math/functions/asin refresh.bat
102.11.19 13:16 B C:\jakarta-tomcat-3.2.4\webapps\cocoon\exslt\math\functions\asin\update.bat --> ftp.exslt.org /www.exslt.org/public_html/math/functions/asin update.bat
102.11.19 13:16 B C:\jakarta-tomcat-3.2.4\webapps\cocoon\exslt\math\functions\asin\WS_FTP.LOG --> ftp.exslt.org /www.exslt.org/public_html/math/functions/asin WS_FTP.LOG
102.11.19 13:22 B C:\jakarta-tomcat-3.2.4\webapps\cocoon\exslt\math\functions\asin\base.css --> ftp.exslt.org /www.exslt.org/public_html/math/functions/asin base.css
102.11.19 13:22 B C:\jakarta-tomcat-3.2.4\webapps\cocoon\exslt\math\functions\asin\index.html --> ftp.exslt.org /www.exslt.org/public_html/math/functions/asin index.html
102.11.19 13:22 B C:\jakarta-tomcat-3.2.4\webapps\cocoon\exslt\math\functions\asin\math.asin.1.html --> ftp.exslt.org /www.exslt.org/public_html/math/functions/asin math.asin.1.html
102.11.19 13:22 B C:\jakarta-tomcat-3.2.4\webapps\cocoon\exslt\math\functions\asin\math.asin.html --> ftp.exslt.org /www.exslt.org/public_html/math/functions/asin math.asin.html
102.11.19 13:22 B C:\jakarta-tomcat-3.2.4\webapps\cocoon\exslt\math\functions\asin\math.asin.js --> ftp.exslt.org /www.exslt.org/public_html/math/functions/asin math.asin.js
102.11.19 13:22 B C:\jakarta-tomcat-3.2.4\webapps\cocoon\exslt\math\functions\asin\math.asin.js.html --> ftp.exslt.org /www.exslt.org/public_html/math/functions/asin math.asin.js.html
102.11.19 13:22 B C:\jakarta-tomcat-3.2.4\webapps\cocoon\exslt\math\functions\asin\math.asin.msxsl.xsl --> ftp.exslt.org /www.exslt.org/public_html/math/functions/asin math.asin.msxsl.xsl
102.11.19 13:22 B C:\jakarta-tomcat-3.2.4\webapps\cocoon\exslt\math\functions\asin\math.asin.msxsl.xsl.html --> ftp.exslt.org /www.exslt.org/public_html/math/functions/asin math.asin.msxsl.xsl.html
102.11.19 13:22 B C:\jakarta-tomcat-3.2.4\webapps\cocoon\exslt\math\functions\asin\math.asin.package.txt --> ftp.exslt.org /www.exslt.org/public_html/math/functions/asin math.asin.package.txt
102.11.19 13:22 B C:\jakarta-tomcat-3.2.4\webapps\cocoon\exslt\math\functions\asin\math.asin.use-cases.txt --> ftp.exslt.org /www.exslt.org/public_html/math/functions/asin math.asin.use-cases.txt
102.11.19 13:22 B C:\jakarta-tomcat-3.2.4\webapps\cocoon\exslt\math\functions\asin\math.asin.use-cases.zip --> ftp.exslt.org /www.exslt.org/public_html/math/functions/asin math.asin.use-cases.zip
102.11.19 13:22 B C:\jakarta-tomcat-3.2.4\webapps\cocoon\exslt\math\functions\asin\math.asin.xml --> ftp.exslt.org /www.exslt.org/public_html/math/functions/asin math.asin.xml
102.11.19 13:22 B C:\jakarta-tomcat-3.2.4\webapps\cocoon\exslt\math\functions\asin\math.asin.xsl --> ftp.exslt.org /www.exslt.org/public_html/math/functions/asin math.asin.xsl
102.11.19 13:22 B C:\jakarta-tomcat-3.2.4\webapps\cocoon\exslt\math\functions\asin\math.asin.zip --> ftp.exslt.org /www.exslt.org/public_html/math/functions/asin math.asin.zip
102.11.19 13:22 B C:\jakarta-tomcat-3.2.4\webapps\cocoon\exslt\math\functions\asin\refresh.bat --> ftp.exslt.org /www.exslt.org/public_html/math/functions/asin refresh.bat
102.11.19 13:22 B C:\jakarta-tomcat-3.2.4\webapps\cocoon\exslt\math\functions\asin\update.bat --> ftp.exslt.org /www.exslt.org/public_html/math/functions/asin update.bat
102.11.19 13:22 B C:\jakarta-tomcat-3.2.4\webapps\cocoon\exslt\math\functions\asin\WS_FTP.LOG --> ftp.exslt.org /www.exslt.org/public_html/math/functions/asin WS_FTP.LOG
102.11.19 13:26 B C:\jakarta-tomcat-3.2.4\webapps\cocoon\exslt\math\functions\asin\base.css --> ftp.exslt.org /www.exslt.org/public_html/math/functions/asin base.css
102.11.19 13:26 B C:\jakarta-tomcat-3.2.4\webapps\cocoon\exslt\math\functions\asin\index.html --> ftp.exslt.org /www.exslt.org/public_html/math/functions/asin index.html
102.11.19 13:26 B C:\jakarta-tomcat-3.2.4\webapps\cocoon\exslt\math\functions\asin\math.asin.1.html --> ftp.exslt.org /www.exslt.org/public_html/math/functions/asin math.asin.1.html
102.11.19 13:26 B C:\jakarta-tomcat-3.2.4\webapps\cocoon\exslt\math\functions\asin\math.asin.html --> ftp.exslt.org /www.exslt.org/public_html/math/functions/asin math.asin.html
102.11.19 13:27 B C:\jakarta-tomcat-3.2.4\webapps\cocoon\exslt\math\functions\asin\math.asin.js --> ftp.exslt.org /www.exslt.org/public_html/math/functions/asin math.asin.js
102.11.19 13:27 B C:\jakarta-tomcat-3.2.4\webapps\cocoon\exslt\math\functions\asin\math.asin.js.html --> ftp.exslt.org /www.exslt.org/public_html/math/functions/asin math.asin.js.html
102.11.19 13:27 B C:\jakarta-tomcat-3.2.4\webapps\cocoon\exslt\math\functions\asin\math.asin.msxsl.xsl --> ftp.exslt.org /www.exslt.org/public_html/math/functions/asin math.asin.msxsl.xsl
102.11.19 13:27 B C:\jakarta-tomcat-3.2.4\webapps\cocoon\exslt\math\functions\asin\math.asin.msxsl.xsl.html --> ftp.exslt.org /www.exslt.org/public_html/math/functions/asin math.asin.msxsl.xsl.html
102.11.19 13:27 B C:\jakarta-tomcat-3.2.4\webapps\cocoon\exslt\math\functions\asin\math.asin.package.txt --> ftp.exslt.org /www.exslt.org/public_html/math/functions/asin math.asin.package.txt
102.11.19 13:27 B C:\jakarta-tomcat-3.2.4\webapps\cocoon\exslt\math\functions\asin\math.asin.use-cases.txt --> ftp.exslt.org /www.exslt.org/public_html/math/functions/asin math.asin.use-cases.txt
102.11.19 13:27 B C:\jakarta-tomcat-3.2.4\webapps\cocoon\exslt\math\functions\asin\math.asin.use-cases.zip --> ftp.exslt.org /www.exslt.org/public_html/math/functions/asin math.asin.use-cases.zip
102.11.19 13:27 B C:\jakarta-tomcat-3.2.4\webapps\cocoon\exslt\math\functions\asin\math.asin.xml --> ftp.exslt.org /www.exslt.org/public_html/math/functions/asin math.asin.xml
102.11.19 13:27 B C:\jakarta-tomcat-3.2.4\webapps\cocoon\exslt\math\functions\asin\math.asin.xsl --> ftp.exslt.org /www.exslt.org/public_html/math/functions/asin math.asin.xsl
102.11.19 13:27 B C:\jakarta-tomcat-3.2.4\webapps\cocoon\exslt\math\functions\asin\math.asin.zip --> ftp.exslt.org /www.exslt.org/public_html/math/functions/asin math.asin.zip
102.11.19 13:27 B C:\jakarta-tomcat-3.2.4\webapps\cocoon\exslt\math\functions\asin\refresh.bat --> ftp.exslt.org /www.exslt.org/public_html/math/functions/asin refresh.bat
102.11.19 13:27 B C:\jakarta-tomcat-3.2.4\webapps\cocoon\exslt\math\functions\asin\update.bat --> ftp.exslt.org /www.exslt.org/public_html/math/functions/asin update.bat
102.12.02 12:32 B C:\jakarta-tomcat-3.2.4\webapps\cocoon\exslt\public_html\math\functions\asin\WS_FTP.LOG <-- ftp.exslt.org /www.exslt.org/public_html/math/functions/asin WS_FTP.LOG
102.12.03 11:11 B C:\jakarta-tomcat-3.2.4\webapps\cocoon\exslt\math\functions\asin\base.css --> ftp.exslt.org /www.exslt.org/public_html/math/functions/asin base.css
102.12.03 11:11 B C:\jakarta-tomcat-3.2.4\webapps\cocoon\exslt\math\functions\asin\index.html --> ftp.exslt.org /www.exslt.org/public_html/math/functions/asin index.html
102.12.03 11:11 B C:\jakarta-tomcat-3.2.4\webapps\cocoon\exslt\math\functions\asin\math.asin.1.html --> ftp.exslt.org /www.exslt.org/public_html/math/functions/asin math.asin.1.html
102.12.03 11:11 B C:\jakarta-tomcat-3.2.4\webapps\cocoon\exslt\math\functions\asin\math.asin.1.xml --> ftp.exslt.org /www.exslt.org/public_html/math/functions/asin math.asin.1.xml
102.12.03 11:11 B C:\jakarta-tomcat-3.2.4\webapps\cocoon\exslt\math\functions\asin\math.asin.1.xsl --> ftp.exslt.org /www.exslt.org/public_html/math/functions/asin math.asin.1.xsl
102.12.03 11:11 B C:\jakarta-tomcat-3.2.4\webapps\cocoon\exslt\math\functions\asin\math.asin.html --> ftp.exslt.org /www.exslt.org/public_html/math/functions/asin math.asin.html
102.12.03 11:11 B C:\jakarta-tomcat-3.2.4\webapps\cocoon\exslt\math\functions\asin\math.asin.js --> ftp.exslt.org /www.exslt.org/public_html/math/functions/asin math.asin.js
102.12.03 11:11 B C:\jakarta-tomcat-3.2.4\webapps\cocoon\exslt\math\functions\asin\math.asin.js.html --> ftp.exslt.org /www.exslt.org/public_html/math/functions/asin math.asin.js.html
102.12.03 11:11 B C:\jakarta-tomcat-3.2.4\webapps\cocoon\exslt\math\functions\asin\math.asin.msxsl.xsl --> ftp.exslt.org /www.exslt.org/public_html/math/functions/asin math.asin.msxsl.xsl
102.12.03 11:11 B C:\jakarta-tomcat-3.2.4\webapps\cocoon\exslt\math\functions\asin\math.asin.msxsl.xsl.html --> ftp.exslt.org /www.exslt.org/public_html/math/functions/asin math.asin.msxsl.xsl.html
102.12.03 11:11 B C:\jakarta-tomcat-3.2.4\webapps\cocoon\exslt\math\functions\asin\math.asin.package.txt --> ftp.exslt.org /www.exslt.org/public_html/math/functions/asin math.asin.package.txt
102.12.03 11:11 B C:\jakarta-tomcat-3.2.4\webapps\cocoon\exslt\math\functions\asin\math.asin.use-cases.txt --> ftp.exslt.org /www.exslt.org/public_html/math/functions/asin math.asin.use-cases.txt
102.12.03 11:11 B C:\jakarta-tomcat-3.2.4\webapps\cocoon\exslt\math\functions\asin\math.asin.use-cases.zip --> ftp.exslt.org /www.exslt.org/public_html/math/functions/asin math.asin.use-cases.zip
102.12.03 11:11 B C:\jakarta-tomcat-3.2.4\webapps\cocoon\exslt\math\functions\asin\math.asin.xml --> ftp.exslt.org /www.exslt.org/public_html/math/functions/asin math.asin.xml
102.12.03 11:11 B C:\jakarta-tomcat-3.2.4\webapps\cocoon\exslt\math\functions\asin\math.asin.xsl --> ftp.exslt.org /www.exslt.org/public_html/math/functions/asin math.asin.xsl
102.12.03 11:11 B C:\jakarta-tomcat-3.2.4\webapps\cocoon\exslt\math\functions\asin\math.asin.zip --> ftp.exslt.org /www.exslt.org/public_html/math/functions/asin math.asin.zip
102.12.03 11:11 B C:\jakarta-tomcat-3.2.4\webapps\cocoon\exslt\math\functions\asin\refresh.bat --> ftp.exslt.org /www.exslt.org/public_html/math/functions/asin refresh.bat
102.12.03 11:11 B C:\jakarta-tomcat-3.2.4\webapps\cocoon\exslt\math\functions\asin\update.bat --> ftp.exslt.org /www.exslt.org/public_html/math/functions/asin update.bat
102.12.03 11:11 B C:\jakarta-tomcat-3.2.4\webapps\cocoon\exslt\math\functions\asin\WS_FTP.LOG --> ftp.exslt.org /www.exslt.org/public_html/math/functions/asin WS_FTP.LOG
102.12.11 11:05 B C:\jakarta-tomcat-3.2.4\webapps\cocoon\exslt\math\functions\asin\base.css --> ftp.exslt.org /www.exslt.org/public_html/math/functions/asin base.css
102.12.11 11:05 B C:\jakarta-tomcat-3.2.4\webapps\cocoon\exslt\math\functions\asin\index.html --> ftp.exslt.org /www.exslt.org/public_html/math/functions/asin index.html
102.12.11 11:05 B C:\jakarta-tomcat-3.2.4\webapps\cocoon\exslt\math\functions\asin\math.asin.1.html --> ftp.exslt.org /www.exslt.org/public_html/math/functions/asin math.asin.1.html
102.12.11 11:05 B C:\jakarta-tomcat-3.2.4\webapps\cocoon\exslt\math\functions\asin\math.asin.1.xml --> ftp.exslt.org /www.exslt.org/public_html/math/functions/asin math.asin.1.xml
102.12.11 11:05 B C:\jakarta-tomcat-3.2.4\webapps\cocoon\exslt\math\functions\asin\math.asin.1.xsl --> ftp.exslt.org /www.exslt.org/public_html/math/functions/asin math.asin.1.xsl
102.12.11 11:05 B C:\jakarta-tomcat-3.2.4\webapps\cocoon\exslt\math\functions\asin\math.asin.html --> ftp.exslt.org /www.exslt.org/public_html/math/functions/asin math.asin.html
102.12.11 11:05 B C:\jakarta-tomcat-3.2.4\webapps\cocoon\exslt\math\functions\asin\math.asin.js --> ftp.exslt.org /www.exslt.org/public_html/math/functions/asin math.asin.js
102.12.11 11:05 B C:\jakarta-tomcat-3.2.4\webapps\cocoon\exslt\math\functions\asin\math.asin.js.html --> ftp.exslt.org /www.exslt.org/public_html/math/functions/asin math.asin.js.html
102.12.11 11:05 B C:\jakarta-tomcat-3.2.4\webapps\cocoon\exslt\math\functions\asin\math.asin.msxsl.xsl --> ftp.exslt.org /www.exslt.org/public_html/math/functions/asin math.asin.msxsl.xsl
102.12.11 11:05 B C:\jakarta-tomcat-3.2.4\webapps\cocoon\exslt\math\functions\asin\math.asin.msxsl.xsl.html --> ftp.exslt.org /www.exslt.org/public_html/math/functions/asin math.asin.msxsl.xsl.html
102.12.11 11:05 B C:\jakarta-tomcat-3.2.4\webapps\cocoon\exslt\math\functions\asin\math.asin.package.txt --> ftp.exslt.org /www.exslt.org/public_html/math/functions/asin math.asin.package.txt
102.12.11 11:05 B C:\jakarta-tomcat-3.2.4\webapps\cocoon\exslt\math\functions\asin\math.asin.use-cases.txt --> ftp.exslt.org /www.exslt.org/public_html/math/functions/asin math.asin.use-cases.txt
102.12.11 11:05 B C:\jakarta-tomcat-3.2.4\webapps\cocoon\exslt\math\functions\asin\math.asin.use-cases.zip --> ftp.exslt.org /www.exslt.org/public_html/math/functions/asin math.asin.use-cases.zip
102.12.11 11:05 B C:\jakarta-tomcat-3.2.4\webapps\cocoon\exslt\math\functions\asin\math.asin.xml --> ftp.exslt.org /www.exslt.org/public_html/math/functions/asin math.asin.xml
102.12.11 11:05 B C:\jakarta-tomcat-3.2.4\webapps\cocoon\exslt\math\functions\asin\math.asin.xsl --> ftp.exslt.org /www.exslt.org/public_html/math/functions/asin math.asin.xsl
102.12.11 11:05 B C:\jakarta-tomcat-3.2.4\webapps\cocoon\exslt\math\functions\asin\math.asin.zip --> ftp.exslt.org /www.exslt.org/public_html/math/functions/asin math.asin.zip
102.12.11 11:05 B C:\jakarta-tomcat-3.2.4\webapps\cocoon\exslt\math\functions\asin\refresh.bat --> ftp.exslt.org /www.exslt.org/public_html/math/functions/asin refresh.bat
102.12.11 11:05 B C:\jakarta-tomcat-3.2.4\webapps\cocoon\exslt\math\functions\asin\update.bat --> ftp.exslt.org /www.exslt.org/public_html/math/functions/asin update.bat
103.03.03 16:49 B C:\jakarta-tomcat-3.2.4\webapps\cocoon\exslt\math\functions\asin\WS_FTP.LOG <-- ftp.exslt.org /www.exslt.org/public_html/math/functions/asin WS_FTP.LOG
103.03.03 17:12 B C:\jakarta-tomcat-3.2.4\webapps\cocoon\exslt\math\functions\asin\base.css --> ftp.exslt.org /www.exslt.org/public_html/math/functions/asin base.css
103.03.03 17:12 B C:\jakarta-tomcat-3.2.4\webapps\cocoon\exslt\math\functions\asin\index.html --> ftp.exslt.org /www.exslt.org/public_html/math/functions/asin index.html
103.03.03 17:12 B C:\jakarta-tomcat-3.2.4\webapps\cocoon\exslt\math\functions\asin\math.asin.1.html --> ftp.exslt.org /www.exslt.org/public_html/math/functions/asin math.asin.1.html
103.03.03 17:12 B C:\jakarta-tomcat-3.2.4\webapps\cocoon\exslt\math\functions\asin\math.asin.1.xml --> ftp.exslt.org /www.exslt.org/public_html/math/functions/asin math.asin.1.xml
103.03.03 17:12 B C:\jakarta-tomcat-3.2.4\webapps\cocoon\exslt\math\functions\asin\math.asin.1.xsl --> ftp.exslt.org /www.exslt.org/public_html/math/functions/asin math.asin.1.xsl
103.03.03 17:12 B C:\jakarta-tomcat-3.2.4\webapps\cocoon\exslt\math\functions\asin\math.asin.html --> ftp.exslt.org /www.exslt.org/public_html/math/functions/asin math.asin.html
103.03.03 17:12 B C:\jakarta-tomcat-3.2.4\webapps\cocoon\exslt\math\functions\asin\math.asin.js --> ftp.exslt.org /www.exslt.org/public_html/math/functions/asin math.asin.js
103.03.03 17:12 B C:\jakarta-tomcat-3.2.4\webapps\cocoon\exslt\math\functions\asin\math.asin.js.html --> ftp.exslt.org /www.exslt.org/public_html/math/functions/asin math.asin.js.html
103.03.03 17:12 B C:\jakarta-tomcat-3.2.4\webapps\cocoon\exslt\math\functions\asin\math.asin.msxsl.xsl --> ftp.exslt.org /www.exslt.org/public_html/math/functions/asin math.asin.msxsl.xsl
103.03.03 17:12 B C:\jakarta-tomcat-3.2.4\webapps\cocoon\exslt\math\functions\asin\math.asin.msxsl.xsl.html --> ftp.exslt.org /www.exslt.org/public_html/math/functions/asin math.asin.msxsl.xsl.html
103.03.03 17:12 B C:\jakarta-tomcat-3.2.4\webapps\cocoon\exslt\math\functions\asin\math.asin.package.txt --> ftp.exslt.org /www.exslt.org/public_html/math/functions/asin math.asin.package.txt
103.03.03 17:12 B C:\jakarta-tomcat-3.2.4\webapps\cocoon\exslt\math\functions\asin\math.asin.use-cases.txt --> ftp.exslt.org /www.exslt.org/public_html/math/functions/asin math.asin.use-cases.txt
103.03.03 17:12 B C:\jakarta-tomcat-3.2.4\webapps\cocoon\exslt\math\functions\asin\math.asin.use-cases.zip --> ftp.exslt.org /www.exslt.org/public_html/math/functions/asin math.asin.use-cases.zip
103.03.03 17:12 B C:\jakarta-tomcat-3.2.4\webapps\cocoon\exslt\math\functions\asin\math.asin.xml --> ftp.exslt.org /www.exslt.org/public_html/math/functions/asin math.asin.xml
103.03.03 17:12 B C:\jakarta-tomcat-3.2.4\webapps\cocoon\exslt\math\functions\asin\math.asin.xsl --> ftp.exslt.org /www.exslt.org/public_html/math/functions/asin math.asin.xsl
103.03.03 17:12 B C:\jakarta-tomcat-3.2.4\webapps\cocoon\exslt\math\functions\asin\math.asin.zip --> ftp.exslt.org /www.exslt.org/public_html/math/functions/asin math.asin.zip
103.03.03 17:12 B C:\jakarta-tomcat-3.2.4\webapps\cocoon\exslt\math\functions\asin\refresh.bat --> ftp.exslt.org /www.exslt.org/public_html/math/functions/asin refresh.bat
103.03.03 17:12 B C:\jakarta-tomcat-3.2.4\webapps\cocoon\exslt\math\functions\asin\update.bat --> ftp.exslt.org /www.exslt.org/public_html/math/functions/asin update.bat
103.09.29 15:40 B C:\jakarta-tomcat-3.2.4\webapps\cocoon\exslt\math\functions\asin\WS_FTP.LOG <-- ftp.exslt.org /www.exslt.org/public_html/math/functions/asin WS_FTP.LOG
103.10.21 13:08 B C:\jakarta-tomcat-3.2.4\webapps\cocoon\exslt\math\functions\asin\base.css --> marian.cs.nott.ac.uk /stud/pg/cds/exslt/math/functions/asin base.css
103.10.21 13:08 B C:\jakarta-tomcat-3.2.4\webapps\cocoon\exslt\math\functions\asin\index.html --> marian.cs.nott.ac.uk /stud/pg/cds/exslt/math/functions/asin index.html
103.10.21 13:08 B C:\jakarta-tomcat-3.2.4\webapps\cocoon\exslt\math\functions\asin\math.asin.1.html --> marian.cs.nott.ac.uk /stud/pg/cds/exslt/math/functions/asin math.asin.1.html
103.10.21 13:08 B C:\jakarta-tomcat-3.2.4\webapps\cocoon\exslt\math\functions\asin\math.asin.1.xml --> marian.cs.nott.ac.uk /stud/pg/cds/exslt/math/functions/asin math.asin.1.xml
103.10.21 13:08 B C:\jakarta-tomcat-3.2.4\webapps\cocoon\exslt\math\functions\asin\math.asin.1.xsl --> marian.cs.nott.ac.uk /stud/pg/cds/exslt/math/functions/asin math.asin.1.xsl
103.10.21 13:08 B C:\jakarta-tomcat-3.2.4\webapps\cocoon\exslt\math\functions\asin\math.asin.html --> marian.cs.nott.ac.uk /stud/pg/cds/exslt/math/functions/asin math.asin.html
103.10.21 13:08 B C:\jakarta-tomcat-3.2.4\webapps\cocoon\exslt\math\functions\asin\math.asin.js --> marian.cs.nott.ac.uk /stud/pg/cds/exslt/math/functions/asin math.asin.js
103.10.21 13:08 B C:\jakarta-tomcat-3.2.4\webapps\cocoon\exslt\math\functions\asin\math.asin.js.html --> marian.cs.nott.ac.uk /stud/pg/cds/exslt/math/functions/asin math.asin.js.html
103.10.21 13:08 B C:\jakarta-tomcat-3.2.4\webapps\cocoon\exslt\math\functions\asin\math.asin.msxsl.xsl --> marian.cs.nott.ac.uk /stud/pg/cds/exslt/math/functions/asin math.asin.msxsl.xsl
103.10.21 13:08 B C:\jakarta-tomcat-3.2.4\webapps\cocoon\exslt\math\functions\asin\math.asin.msxsl.xsl.html --> marian.cs.nott.ac.uk /stud/pg/cds/exslt/math/functions/asin math.asin.msxsl.xsl.html
103.10.21 13:08 B C:\jakarta-tomcat-3.2.4\webapps\cocoon\exslt\math\functions\asin\math.asin.package.txt --> marian.cs.nott.ac.uk /stud/pg/cds/exslt/math/functions/asin math.asin.package.txt
103.10.21 13:08 B C:\jakarta-tomcat-3.2.4\webapps\cocoon\exslt\math\functions\asin\math.asin.use-cases.txt --> marian.cs.nott.ac.uk /stud/pg/cds/exslt/math/functions/asin math.asin.use-cases.txt
103.10.21 13:08 B C:\jakarta-tomcat-3.2.4\webapps\cocoon\exslt\math\functions\asin\math.asin.use-cases.zip --> marian.cs.nott.ac.uk /stud/pg/cds/exslt/math/functions/asin math.asin.use-cases.zip
103.10.21 13:08 B C:\jakarta-tomcat-3.2.4\webapps\cocoon\exslt\math\functions\asin\math.asin.xml --> marian.cs.nott.ac.uk /stud/pg/cds/exslt/math/functions/asin math.asin.xml
103.10.21 13:08 B C:\jakarta-tomcat-3.2.4\webapps\cocoon\exslt\math\functions\asin\math.asin.xsl --> marian.cs.nott.ac.uk /stud/pg/cds/exslt/math/functions/asin math.asin.xsl
103.10.21 13:08 B C:\jakarta-tomcat-3.2.4\webapps\cocoon\exslt\math\functions\asin\math.asin.zip --> marian.cs.nott.ac.uk /stud/pg/cds/exslt/math/functions/asin math.asin.zip
103.10.21 13:08 B C:\jakarta-tomcat-3.2.4\webapps\cocoon\exslt\math\functions\asin\refresh.bat --> marian.cs.nott.ac.uk /stud/pg/cds/exslt/math/functions/asin refresh.bat
103.10.21 13:08 B C:\jakarta-tomcat-3.2.4\webapps\cocoon\exslt\math\functions\asin\update.bat --> marian.cs.nott.ac.uk /stud/pg/cds/exslt/math/functions/asin update.bat
103.10.21 13:08 B C:\jakarta-tomcat-3.2.4\webapps\cocoon\exslt\math\functions\asin\WS_FTP.LOG --> marian.cs.nott.ac.uk /stud/pg/cds/exslt/math/functions/asin WS_FTP.LOG
103.10.23 16:27 B C:\jakarta-tomcat-3.2.4\webapps\cocoon\exslt\math\functions\asin\base.css --> ftp.exslt.org /www.exslt.org/public_html/math/functions/asin base.css
103.10.23 16:27 B C:\jakarta-tomcat-3.2.4\webapps\cocoon\exslt\math\functions\asin\index.html --> ftp.exslt.org /www.exslt.org/public_html/math/functions/asin index.html
103.10.23 16:27 B C:\jakarta-tomcat-3.2.4\webapps\cocoon\exslt\math\functions\asin\math.asin.1.html --> ftp.exslt.org /www.exslt.org/public_html/math/functions/asin math.asin.1.html
103.10.23 16:27 B C:\jakarta-tomcat-3.2.4\webapps\cocoon\exslt\math\functions\asin\math.asin.1.xml --> ftp.exslt.org /www.exslt.org/public_html/math/functions/asin math.asin.1.xml
103.10.23 16:27 B C:\jakarta-tomcat-3.2.4\webapps\cocoon\exslt\math\functions\asin\math.asin.1.xsl --> ftp.exslt.org /www.exslt.org/public_html/math/functions/asin math.asin.1.xsl
103.10.23 16:27 B C:\jakarta-tomcat-3.2.4\webapps\cocoon\exslt\math\functions\asin\math.asin.html --> ftp.exslt.org /www.exslt.org/public_html/math/functions/asin math.asin.html
103.10.23 16:27 B C:\jakarta-tomcat-3.2.4\webapps\cocoon\exslt\math\functions\asin\math.asin.js --> ftp.exslt.org /www.exslt.org/public_html/math/functions/asin math.asin.js
103.10.23 16:27 B C:\jakarta-tomcat-3.2.4\webapps\cocoon\exslt\math\functions\asin\math.asin.js.html --> ftp.exslt.org /www.exslt.org/public_html/math/functions/asin math.asin.js.html
103.10.23 16:27 B C:\jakarta-tomcat-3.2.4\webapps\cocoon\exslt\math\functions\asin\math.asin.msxsl.xsl --> ftp.exslt.org /www.exslt.org/public_html/math/functions/asin math.asin.msxsl.xsl
103.10.23 16:28 B C:\jakarta-tomcat-3.2.4\webapps\cocoon\exslt\math\functions\asin\math.asin.msxsl.xsl.html --> ftp.exslt.org /www.exslt.org/public_html/math/functions/asin math.asin.msxsl.xsl.html
103.10.23 16:28 B C:\jakarta-tomcat-3.2.4\webapps\cocoon\exslt\math\functions\asin\math.asin.package.txt --> ftp.exslt.org /www.exslt.org/public_html/math/functions/asin math.asin.package.txt
103.10.23 16:28 B C:\jakarta-tomcat-3.2.4\webapps\cocoon\exslt\math\functions\asin\math.asin.use-cases.txt --> ftp.exslt.org /www.exslt.org/public_html/math/functions/asin math.asin.use-cases.txt
103.10.23 16:28 B C:\jakarta-tomcat-3.2.4\webapps\cocoon\exslt\math\functions\asin\math.asin.use-cases.zip --> ftp.exslt.org /www.exslt.org/public_html/math/functions/asin math.asin.use-cases.zip
103.10.23 16:28 B C:\jakarta-tomcat-3.2.4\webapps\cocoon\exslt\math\functions\asin\math.asin.xml --> ftp.exslt.org /www.exslt.org/public_html/math/functions/asin math.asin.xml
103.10.23 16:28 B C:\jakarta-tomcat-3.2.4\webapps\cocoon\exslt\math\functions\asin\math.asin.xsl --> ftp.exslt.org /www.exslt.org/public_html/math/functions/asin math.asin.xsl
103.10.23 16:28 B C:\jakarta-tomcat-3.2.4\webapps\cocoon\exslt\math\functions\asin\math.asin.zip --> ftp.exslt.org /www.exslt.org/public_html/math/functions/asin math.asin.zip
103.10.23 16:28 B C:\jakarta-tomcat-3.2.4\webapps\cocoon\exslt\math\functions\asin\refresh.bat --> ftp.exslt.org /www.exslt.org/public_html/math/functions/asin refresh.bat
103.10.23 16:28 B C:\jakarta-tomcat-3.2.4\webapps\cocoon\exslt\math\functions\asin\update.bat --> ftp.exslt.org /www.exslt.org/public_html/math/functions/asin update.bat
