102.08.21 17:31 B C:\jakarta-tomcat-3.2.4\webapps\cocoon\exslt\dyn\functions\map\base.css --> ftp.exslt.org /www.exslt.org/public_html/dyn/functions/map base.css
102.08.21 17:31 B C:\jakarta-tomcat-3.2.4\webapps\cocoon\exslt\dyn\functions\map\dyn.map.1.html --> ftp.exslt.org /www.exslt.org/public_html/dyn/functions/map dyn.map.1.html
102.08.21 17:31 B C:\jakarta-tomcat-3.2.4\webapps\cocoon\exslt\dyn\functions\map\dyn.map.html --> ftp.exslt.org /www.exslt.org/public_html/dyn/functions/map dyn.map.html
102.08.21 17:31 B C:\jakarta-tomcat-3.2.4\webapps\cocoon\exslt\dyn\functions\map\dyn.map.package.txt --> ftp.exslt.org /www.exslt.org/public_html/dyn/functions/map dyn.map.package.txt
102.08.21 17:31 B C:\jakarta-tomcat-3.2.4\webapps\cocoon\exslt\dyn\functions\map\dyn.map.use-cases.txt --> ftp.exslt.org /www.exslt.org/public_html/dyn/functions/map dyn.map.use-cases.txt
102.08.21 17:31 B C:\jakarta-tomcat-3.2.4\webapps\cocoon\exslt\dyn\functions\map\dyn.map.use-cases.zip --> ftp.exslt.org /www.exslt.org/public_html/dyn/functions/map dyn.map.use-cases.zip
102.08.21 17:31 B C:\jakarta-tomcat-3.2.4\webapps\cocoon\exslt\dyn\functions\map\dyn.map.xml --> ftp.exslt.org /www.exslt.org/public_html/dyn/functions/map dyn.map.xml
102.08.21 17:31 B C:\jakarta-tomcat-3.2.4\webapps\cocoon\exslt\dyn\functions\map\dyn.map.zip --> ftp.exslt.org /www.exslt.org/public_html/dyn/functions/map dyn.map.zip
102.08.21 17:31 B C:\jakarta-tomcat-3.2.4\webapps\cocoon\exslt\dyn\functions\map\index.html --> ftp.exslt.org /www.exslt.org/public_html/dyn/functions/map index.html
102.08.21 17:31 B C:\jakarta-tomcat-3.2.4\webapps\cocoon\exslt\dyn\functions\map\refresh.bat --> ftp.exslt.org /www.exslt.org/public_html/dyn/functions/map refresh.bat
102.08.21 17:31 B C:\jakarta-tomcat-3.2.4\webapps\cocoon\exslt\dyn\functions\map\update.bat --> ftp.exslt.org /www.exslt.org/public_html/dyn/functions/map update.bat
102.11.19 13:15 B C:\jakarta-tomcat-3.2.4\webapps\cocoon\exslt\dyn\functions\map\base.css --> ftp.exslt.org /www.exslt.org/public_html/dyn/functions/map base.css
102.11.19 13:15 B C:\jakarta-tomcat-3.2.4\webapps\cocoon\exslt\dyn\functions\map\dyn.map.1.html --> ftp.exslt.org /www.exslt.org/public_html/dyn/functions/map dyn.map.1.html
102.11.19 13:15 B C:\jakarta-tomcat-3.2.4\webapps\cocoon\exslt\dyn\functions\map\dyn.map.html --> ftp.exslt.org /www.exslt.org/public_html/dyn/functions/map dyn.map.html
102.11.19 13:15 B C:\jakarta-tomcat-3.2.4\webapps\cocoon\exslt\dyn\functions\map\dyn.map.package.txt --> ftp.exslt.org /www.exslt.org/public_html/dyn/functions/map dyn.map.package.txt
102.11.19 13:15 B C:\jakarta-tomcat-3.2.4\webapps\cocoon\exslt\dyn\functions\map\dyn.map.use-cases.txt --> ftp.exslt.org /www.exslt.org/public_html/dyn/functions/map dyn.map.use-cases.txt
102.11.19 13:15 B C:\jakarta-tomcat-3.2.4\webapps\cocoon\exslt\dyn\functions\map\dyn.map.use-cases.zip --> ftp.exslt.org /www.exslt.org/public_html/dyn/functions/map dyn.map.use-cases.zip
102.11.19 13:15 B C:\jakarta-tomcat-3.2.4\webapps\cocoon\exslt\dyn\functions\map\dyn.map.xml --> ftp.exslt.org /www.exslt.org/public_html/dyn/functions/map dyn.map.xml
102.11.19 13:15 B C:\jakarta-tomcat-3.2.4\webapps\cocoon\exslt\dyn\functions\map\dyn.map.zip --> ftp.exslt.org /www.exslt.org/public_html/dyn/functions/map dyn.map.zip
102.11.19 13:15 B C:\jakarta-tomcat-3.2.4\webapps\cocoon\exslt\dyn\functions\map\index.html --> ftp.exslt.org /www.exslt.org/public_html/dyn/functions/map index.html
102.11.19 13:15 B C:\jakarta-tomcat-3.2.4\webapps\cocoon\exslt\dyn\functions\map\refresh.bat --> ftp.exslt.org /www.exslt.org/public_html/dyn/functions/map refresh.bat
102.11.19 13:15 B C:\jakarta-tomcat-3.2.4\webapps\cocoon\exslt\dyn\functions\map\update.bat --> ftp.exslt.org /www.exslt.org/public_html/dyn/functions/map update.bat
102.11.19 13:15 B C:\jakarta-tomcat-3.2.4\webapps\cocoon\exslt\dyn\functions\map\WS_FTP.LOG --> ftp.exslt.org /www.exslt.org/public_html/dyn/functions/map WS_FTP.LOG
102.11.19 13:21 B C:\jakarta-tomcat-3.2.4\webapps\cocoon\exslt\dyn\functions\map\base.css --> ftp.exslt.org /www.exslt.org/public_html/dyn/functions/map base.css
102.11.19 13:21 B C:\jakarta-tomcat-3.2.4\webapps\cocoon\exslt\dyn\functions\map\dyn.map.1.html --> ftp.exslt.org /www.exslt.org/public_html/dyn/functions/map dyn.map.1.html
102.11.19 13:21 B C:\jakarta-tomcat-3.2.4\webapps\cocoon\exslt\dyn\functions\map\dyn.map.html --> ftp.exslt.org /www.exslt.org/public_html/dyn/functions/map dyn.map.html
102.11.19 13:21 B C:\jakarta-tomcat-3.2.4\webapps\cocoon\exslt\dyn\functions\map\dyn.map.package.txt --> ftp.exslt.org /www.exslt.org/public_html/dyn/functions/map dyn.map.package.txt
102.11.19 13:21 B C:\jakarta-tomcat-3.2.4\webapps\cocoon\exslt\dyn\functions\map\dyn.map.use-cases.txt --> ftp.exslt.org /www.exslt.org/public_html/dyn/functions/map dyn.map.use-cases.txt
102.11.19 13:21 B C:\jakarta-tomcat-3.2.4\webapps\cocoon\exslt\dyn\functions\map\dyn.map.use-cases.zip --> ftp.exslt.org /www.exslt.org/public_html/dyn/functions/map dyn.map.use-cases.zip
102.11.19 13:21 B C:\jakarta-tomcat-3.2.4\webapps\cocoon\exslt\dyn\functions\map\dyn.map.xml --> ftp.exslt.org /www.exslt.org/public_html/dyn/functions/map dyn.map.xml
102.11.19 13:21 B C:\jakarta-tomcat-3.2.4\webapps\cocoon\exslt\dyn\functions\map\dyn.map.zip --> ftp.exslt.org /www.exslt.org/public_html/dyn/functions/map dyn.map.zip
102.11.19 13:21 B C:\jakarta-tomcat-3.2.4\webapps\cocoon\exslt\dyn\functions\map\index.html --> ftp.exslt.org /www.exslt.org/public_html/dyn/functions/map index.html
102.11.19 13:21 B C:\jakarta-tomcat-3.2.4\webapps\cocoon\exslt\dyn\functions\map\refresh.bat --> ftp.exslt.org /www.exslt.org/public_html/dyn/functions/map refresh.bat
102.11.19 13:21 B C:\jakarta-tomcat-3.2.4\webapps\cocoon\exslt\dyn\functions\map\update.bat --> ftp.exslt.org /www.exslt.org/public_html/dyn/functions/map update.bat
102.12.02 12:22 B C:\jakarta-tomcat-3.2.4\webapps\cocoon\exslt\public_html\dyn\functions\map\WS_FTP.LOG <-- ftp.exslt.org /www.exslt.org/public_html/dyn/functions/map WS_FTP.LOG
102.12.03 11:10 B C:\jakarta-tomcat-3.2.4\webapps\cocoon\exslt\dyn\functions\map\base.css --> ftp.exslt.org /www.exslt.org/public_html/dyn/functions/map base.css
102.12.03 11:10 B C:\jakarta-tomcat-3.2.4\webapps\cocoon\exslt\dyn\functions\map\dyn.map.1.html --> ftp.exslt.org /www.exslt.org/public_html/dyn/functions/map dyn.map.1.html
102.12.03 11:10 B C:\jakarta-tomcat-3.2.4\webapps\cocoon\exslt\dyn\functions\map\dyn.map.html --> ftp.exslt.org /www.exslt.org/public_html/dyn/functions/map dyn.map.html
102.12.03 11:10 B C:\jakarta-tomcat-3.2.4\webapps\cocoon\exslt\dyn\functions\map\dyn.map.package.txt --> ftp.exslt.org /www.exslt.org/public_html/dyn/functions/map dyn.map.package.txt
102.12.03 11:10 B C:\jakarta-tomcat-3.2.4\webapps\cocoon\exslt\dyn\functions\map\dyn.map.use-cases.txt --> ftp.exslt.org /www.exslt.org/public_html/dyn/functions/map dyn.map.use-cases.txt
102.12.03 11:10 B C:\jakarta-tomcat-3.2.4\webapps\cocoon\exslt\dyn\functions\map\dyn.map.use-cases.zip --> ftp.exslt.org /www.exslt.org/public_html/dyn/functions/map dyn.map.use-cases.zip
102.12.03 11:10 B C:\jakarta-tomcat-3.2.4\webapps\cocoon\exslt\dyn\functions\map\dyn.map.xml --> ftp.exslt.org /www.exslt.org/public_html/dyn/functions/map dyn.map.xml
102.12.03 11:10 B C:\jakarta-tomcat-3.2.4\webapps\cocoon\exslt\dyn\functions\map\dyn.map.zip --> ftp.exslt.org /www.exslt.org/public_html/dyn/functions/map dyn.map.zip
102.12.03 11:10 B C:\jakarta-tomcat-3.2.4\webapps\cocoon\exslt\dyn\functions\map\index.html --> ftp.exslt.org /www.exslt.org/public_html/dyn/functions/map index.html
102.12.03 11:10 B C:\jakarta-tomcat-3.2.4\webapps\cocoon\exslt\dyn\functions\map\refresh.bat --> ftp.exslt.org /www.exslt.org/public_html/dyn/functions/map refresh.bat
102.12.03 11:10 B C:\jakarta-tomcat-3.2.4\webapps\cocoon\exslt\dyn\functions\map\update.bat --> ftp.exslt.org /www.exslt.org/public_html/dyn/functions/map update.bat
102.12.03 11:10 B C:\jakarta-tomcat-3.2.4\webapps\cocoon\exslt\dyn\functions\map\WS_FTP.LOG --> ftp.exslt.org /www.exslt.org/public_html/dyn/functions/map WS_FTP.LOG
102.12.11 11:04 B C:\jakarta-tomcat-3.2.4\webapps\cocoon\exslt\dyn\functions\map\base.css --> ftp.exslt.org /www.exslt.org/public_html/dyn/functions/map base.css
102.12.11 11:04 B C:\jakarta-tomcat-3.2.4\webapps\cocoon\exslt\dyn\functions\map\dyn.map.1.html --> ftp.exslt.org /www.exslt.org/public_html/dyn/functions/map dyn.map.1.html
102.12.11 11:04 B C:\jakarta-tomcat-3.2.4\webapps\cocoon\exslt\dyn\functions\map\dyn.map.html --> ftp.exslt.org /www.exslt.org/public_html/dyn/functions/map dyn.map.html
102.12.11 11:04 B C:\jakarta-tomcat-3.2.4\webapps\cocoon\exslt\dyn\functions\map\dyn.map.package.txt --> ftp.exslt.org /www.exslt.org/public_html/dyn/functions/map dyn.map.package.txt
102.12.11 11:04 B C:\jakarta-tomcat-3.2.4\webapps\cocoon\exslt\dyn\functions\map\dyn.map.use-cases.txt --> ftp.exslt.org /www.exslt.org/public_html/dyn/functions/map dyn.map.use-cases.txt
102.12.11 11:04 B C:\jakarta-tomcat-3.2.4\webapps\cocoon\exslt\dyn\functions\map\dyn.map.use-cases.zip --> ftp.exslt.org /www.exslt.org/public_html/dyn/functions/map dyn.map.use-cases.zip
102.12.11 11:04 B C:\jakarta-tomcat-3.2.4\webapps\cocoon\exslt\dyn\functions\map\dyn.map.xml --> ftp.exslt.org /www.exslt.org/public_html/dyn/functions/map dyn.map.xml
102.12.11 11:04 B C:\jakarta-tomcat-3.2.4\webapps\cocoon\exslt\dyn\functions\map\dyn.map.zip --> ftp.exslt.org /www.exslt.org/public_html/dyn/functions/map dyn.map.zip
102.12.11 11:04 B C:\jakarta-tomcat-3.2.4\webapps\cocoon\exslt\dyn\functions\map\index.html --> ftp.exslt.org /www.exslt.org/public_html/dyn/functions/map index.html
102.12.11 11:04 B C:\jakarta-tomcat-3.2.4\webapps\cocoon\exslt\dyn\functions\map\refresh.bat --> ftp.exslt.org /www.exslt.org/public_html/dyn/functions/map refresh.bat
102.12.11 11:04 B C:\jakarta-tomcat-3.2.4\webapps\cocoon\exslt\dyn\functions\map\update.bat --> ftp.exslt.org /www.exslt.org/public_html/dyn/functions/map update.bat
103.09.29 15:26 B C:\jakarta-tomcat-3.2.4\webapps\cocoon\exslt\dyn\functions\map\WS_FTP.LOG <-- ftp.exslt.org /www.exslt.org/public_html/dyn/functions/map WS_FTP.LOG
103.10.21 13:06 B C:\jakarta-tomcat-3.2.4\webapps\cocoon\exslt\dyn\functions\map\base.css --> marian.cs.nott.ac.uk /stud/pg/cds/exslt/dyn/functions/map base.css
103.10.21 13:06 B C:\jakarta-tomcat-3.2.4\webapps\cocoon\exslt\dyn\functions\map\dyn.map.1.html --> marian.cs.nott.ac.uk /stud/pg/cds/exslt/dyn/functions/map dyn.map.1.html
103.10.21 13:06 B C:\jakarta-tomcat-3.2.4\webapps\cocoon\exslt\dyn\functions\map\dyn.map.html --> marian.cs.nott.ac.uk /stud/pg/cds/exslt/dyn/functions/map dyn.map.html
103.10.21 13:06 B C:\jakarta-tomcat-3.2.4\webapps\cocoon\exslt\dyn\functions\map\dyn.map.package.txt --> marian.cs.nott.ac.uk /stud/pg/cds/exslt/dyn/functions/map dyn.map.package.txt
103.10.21 13:06 B C:\jakarta-tomcat-3.2.4\webapps\cocoon\exslt\dyn\functions\map\dyn.map.use-cases.txt --> marian.cs.nott.ac.uk /stud/pg/cds/exslt/dyn/functions/map dyn.map.use-cases.txt
103.10.21 13:06 B C:\jakarta-tomcat-3.2.4\webapps\cocoon\exslt\dyn\functions\map\dyn.map.use-cases.zip --> marian.cs.nott.ac.uk /stud/pg/cds/exslt/dyn/functions/map dyn.map.use-cases.zip
103.10.21 13:06 B C:\jakarta-tomcat-3.2.4\webapps\cocoon\exslt\dyn\functions\map\dyn.map.xml --> marian.cs.nott.ac.uk /stud/pg/cds/exslt/dyn/functions/map dyn.map.xml
103.10.21 13:06 B C:\jakarta-tomcat-3.2.4\webapps\cocoon\exslt\dyn\functions\map\dyn.map.zip --> marian.cs.nott.ac.uk /stud/pg/cds/exslt/dyn/functions/map dyn.map.zip
103.10.21 13:06 B C:\jakarta-tomcat-3.2.4\webapps\cocoon\exslt\dyn\functions\map\index.html --> marian.cs.nott.ac.uk /stud/pg/cds/exslt/dyn/functions/map index.html
103.10.21 13:06 B C:\jakarta-tomcat-3.2.4\webapps\cocoon\exslt\dyn\functions\map\refresh.bat --> marian.cs.nott.ac.uk /stud/pg/cds/exslt/dyn/functions/map refresh.bat
103.10.21 13:06 B C:\jakarta-tomcat-3.2.4\webapps\cocoon\exslt\dyn\functions\map\update.bat --> marian.cs.nott.ac.uk /stud/pg/cds/exslt/dyn/functions/map update.bat
103.10.21 13:06 B C:\jakarta-tomcat-3.2.4\webapps\cocoon\exslt\dyn\functions\map\WS_FTP.LOG --> marian.cs.nott.ac.uk /stud/pg/cds/exslt/dyn/functions/map WS_FTP.LOG
103.10.23 15:38 B C:\jakarta-tomcat-3.2.4\webapps\cocoon\exslt\dyn\functions\map\base.css --> ftp.exslt.org /www.exslt.org/public_html/dyn/functions/map base.css
103.10.23 15:38 B C:\jakarta-tomcat-3.2.4\webapps\cocoon\exslt\dyn\functions\map\dyn.map.1.html --> ftp.exslt.org /www.exslt.org/public_html/dyn/functions/map dyn.map.1.html
103.10.23 15:39 B C:\jakarta-tomcat-3.2.4\webapps\cocoon\exslt\dyn\functions\map\dyn.map.html --> ftp.exslt.org /www.exslt.org/public_html/dyn/functions/map dyn.map.html
103.10.23 15:39 B C:\jakarta-tomcat-3.2.4\webapps\cocoon\exslt\dyn\functions\map\dyn.map.package.txt --> ftp.exslt.org /www.exslt.org/public_html/dyn/functions/map dyn.map.package.txt
103.10.23 15:39 B C:\jakarta-tomcat-3.2.4\webapps\cocoon\exslt\dyn\functions\map\dyn.map.use-cases.txt --> ftp.exslt.org /www.exslt.org/public_html/dyn/functions/map dyn.map.use-cases.txt
103.10.23 15:39 B C:\jakarta-tomcat-3.2.4\webapps\cocoon\exslt\dyn\functions\map\dyn.map.use-cases.zip --> ftp.exslt.org /www.exslt.org/public_html/dyn/functions/map dyn.map.use-cases.zip
103.10.23 15:39 B C:\jakarta-tomcat-3.2.4\webapps\cocoon\exslt\dyn\functions\map\dyn.map.xml --> ftp.exslt.org /www.exslt.org/public_html/dyn/functions/map dyn.map.xml
103.10.23 15:39 B C:\jakarta-tomcat-3.2.4\webapps\cocoon\exslt\dyn\functions\map\dyn.map.zip --> ftp.exslt.org /www.exslt.org/public_html/dyn/functions/map dyn.map.zip
103.10.23 15:39 B C:\jakarta-tomcat-3.2.4\webapps\cocoon\exslt\dyn\functions\map\index.html --> ftp.exslt.org /www.exslt.org/public_html/dyn/functions/map index.html
103.10.23 15:39 B C:\jakarta-tomcat-3.2.4\webapps\cocoon\exslt\dyn\functions\map\refresh.bat --> ftp.exslt.org /www.exslt.org/public_html/dyn/functions/map refresh.bat
103.10.23 15:39 B C:\jakarta-tomcat-3.2.4\webapps\cocoon\exslt\dyn\functions\map\update.bat --> ftp.exslt.org /www.exslt.org/public_html/dyn/functions/map update.bat
