102.08.21 17:32 B C:\jakarta-tomcat-3.2.4\webapps\cocoon\exslt\genericMath\functions\min\genericMath.min.xml --> ftp.exslt.org /www.exslt.org/public_html/genericMath/functions/min genericMath.min.xml
102.08.21 17:32 B C:\jakarta-tomcat-3.2.4\webapps\cocoon\exslt\genericMath\functions\min\genericMath.minmax.1.xsl --> ftp.exslt.org /www.exslt.org/public_html/genericMath/functions/min genericMath.minmax.1.xsl
102.08.21 17:32 B C:\jakarta-tomcat-3.2.4\webapps\cocoon\exslt\genericMath\functions\min\genericMath.minmax.data.1.xml --> ftp.exslt.org /www.exslt.org/public_html/genericMath/functions/min genericMath.minmax.data.1.xml
102.08.21 17:32 B C:\jakarta-tomcat-3.2.4\webapps\cocoon\exslt\genericMath\functions\min\genericMath.minmax.function.xsl --> ftp.exslt.org /www.exslt.org/public_html/genericMath/functions/min genericMath.minmax.function.xsl
102.08.21 17:32 B C:\jakarta-tomcat-3.2.4\webapps\cocoon\exslt\genericMath\functions\min\genericMath.minmax.result.1.xml --> ftp.exslt.org /www.exslt.org/public_html/genericMath/functions/min genericMath.minmax.result.1.xml
102.08.21 17:32 B C:\jakarta-tomcat-3.2.4\webapps\cocoon\exslt\genericMath\functions\min\genericMath.minmax.template.xsl --> ftp.exslt.org /www.exslt.org/public_html/genericMath/functions/min genericMath.minmax.template.xsl
102.11.19 13:15 B C:\jakarta-tomcat-3.2.4\webapps\cocoon\exslt\genericMath\functions\min\genericMath.min.xml --> ftp.exslt.org /www.exslt.org/public_html/genericMath/functions/min genericMath.min.xml
102.11.19 13:15 B C:\jakarta-tomcat-3.2.4\webapps\cocoon\exslt\genericMath\functions\min\genericMath.minmax.1.xsl --> ftp.exslt.org /www.exslt.org/public_html/genericMath/functions/min genericMath.minmax.1.xsl
102.11.19 13:15 B C:\jakarta-tomcat-3.2.4\webapps\cocoon\exslt\genericMath\functions\min\genericMath.minmax.data.1.xml --> ftp.exslt.org /www.exslt.org/public_html/genericMath/functions/min genericMath.minmax.data.1.xml
102.11.19 13:16 B C:\jakarta-tomcat-3.2.4\webapps\cocoon\exslt\genericMath\functions\min\genericMath.minmax.function.xsl --> ftp.exslt.org /www.exslt.org/public_html/genericMath/functions/min genericMath.minmax.function.xsl
102.11.19 13:16 B C:\jakarta-tomcat-3.2.4\webapps\cocoon\exslt\genericMath\functions\min\genericMath.minmax.result.1.xml --> ftp.exslt.org /www.exslt.org/public_html/genericMath/functions/min genericMath.minmax.result.1.xml
102.11.19 13:16 B C:\jakarta-tomcat-3.2.4\webapps\cocoon\exslt\genericMath\functions\min\genericMath.minmax.template.xsl --> ftp.exslt.org /www.exslt.org/public_html/genericMath/functions/min genericMath.minmax.template.xsl
102.11.19 13:16 B C:\jakarta-tomcat-3.2.4\webapps\cocoon\exslt\genericMath\functions\min\WS_FTP.LOG --> ftp.exslt.org /www.exslt.org/public_html/genericMath/functions/min WS_FTP.LOG
102.11.19 13:22 B C:\jakarta-tomcat-3.2.4\webapps\cocoon\exslt\genericMath\functions\min\genericMath.min.xml --> ftp.exslt.org /www.exslt.org/public_html/genericMath/functions/min genericMath.min.xml
102.11.19 13:22 B C:\jakarta-tomcat-3.2.4\webapps\cocoon\exslt\genericMath\functions\min\genericMath.minmax.1.xsl --> ftp.exslt.org /www.exslt.org/public_html/genericMath/functions/min genericMath.minmax.1.xsl
102.11.19 13:22 B C:\jakarta-tomcat-3.2.4\webapps\cocoon\exslt\genericMath\functions\min\genericMath.minmax.data.1.xml --> ftp.exslt.org /www.exslt.org/public_html/genericMath/functions/min genericMath.minmax.data.1.xml
102.11.19 13:22 B C:\jakarta-tomcat-3.2.4\webapps\cocoon\exslt\genericMath\functions\min\genericMath.minmax.function.xsl --> ftp.exslt.org /www.exslt.org/public_html/genericMath/functions/min genericMath.minmax.function.xsl
102.11.19 13:22 B C:\jakarta-tomcat-3.2.4\webapps\cocoon\exslt\genericMath\functions\min\genericMath.minmax.result.1.xml --> ftp.exslt.org /www.exslt.org/public_html/genericMath/functions/min genericMath.minmax.result.1.xml
102.11.19 13:22 B C:\jakarta-tomcat-3.2.4\webapps\cocoon\exslt\genericMath\functions\min\genericMath.minmax.template.xsl --> ftp.exslt.org /www.exslt.org/public_html/genericMath/functions/min genericMath.minmax.template.xsl
102.12.02 12:23 B C:\jakarta-tomcat-3.2.4\webapps\cocoon\exslt\public_html\genericMath\functions\min\WS_FTP.LOG <-- ftp.exslt.org /www.exslt.org/public_html/genericMath/functions/min WS_FTP.LOG
102.12.03 11:11 B C:\jakarta-tomcat-3.2.4\webapps\cocoon\exslt\genericMath\functions\min\genericMath.min.xml --> ftp.exslt.org /www.exslt.org/public_html/genericMath/functions/min genericMath.min.xml
102.12.03 11:11 B C:\jakarta-tomcat-3.2.4\webapps\cocoon\exslt\genericMath\functions\min\genericMath.minmax.1.xsl --> ftp.exslt.org /www.exslt.org/public_html/genericMath/functions/min genericMath.minmax.1.xsl
102.12.03 11:11 B C:\jakarta-tomcat-3.2.4\webapps\cocoon\exslt\genericMath\functions\min\genericMath.minmax.data.1.xml --> ftp.exslt.org /www.exslt.org/public_html/genericMath/functions/min genericMath.minmax.data.1.xml
102.12.03 11:11 B C:\jakarta-tomcat-3.2.4\webapps\cocoon\exslt\genericMath\functions\min\genericMath.minmax.function.xsl --> ftp.exslt.org /www.exslt.org/public_html/genericMath/functions/min genericMath.minmax.function.xsl
102.12.03 11:11 B C:\jakarta-tomcat-3.2.4\webapps\cocoon\exslt\genericMath\functions\min\genericMath.minmax.result.1.xml --> ftp.exslt.org /www.exslt.org/public_html/genericMath/functions/min genericMath.minmax.result.1.xml
102.12.03 11:11 B C:\jakarta-tomcat-3.2.4\webapps\cocoon\exslt\genericMath\functions\min\genericMath.minmax.template.xsl --> ftp.exslt.org /www.exslt.org/public_html/genericMath/functions/min genericMath.minmax.template.xsl
102.12.03 11:11 B C:\jakarta-tomcat-3.2.4\webapps\cocoon\exslt\genericMath\functions\min\WS_FTP.LOG --> ftp.exslt.org /www.exslt.org/public_html/genericMath/functions/min WS_FTP.LOG
102.12.11 11:05 B C:\jakarta-tomcat-3.2.4\webapps\cocoon\exslt\genericMath\functions\min\genericMath.min.xml --> ftp.exslt.org /www.exslt.org/public_html/genericMath/functions/min genericMath.min.xml
102.12.11 11:05 B C:\jakarta-tomcat-3.2.4\webapps\cocoon\exslt\genericMath\functions\min\genericMath.minmax.1.xsl --> ftp.exslt.org /www.exslt.org/public_html/genericMath/functions/min genericMath.minmax.1.xsl
102.12.11 11:05 B C:\jakarta-tomcat-3.2.4\webapps\cocoon\exslt\genericMath\functions\min\genericMath.minmax.data.1.xml --> ftp.exslt.org /www.exslt.org/public_html/genericMath/functions/min genericMath.minmax.data.1.xml
102.12.11 11:05 B C:\jakarta-tomcat-3.2.4\webapps\cocoon\exslt\genericMath\functions\min\genericMath.minmax.function.xsl --> ftp.exslt.org /www.exslt.org/public_html/genericMath/functions/min genericMath.minmax.function.xsl
102.12.11 11:05 B C:\jakarta-tomcat-3.2.4\webapps\cocoon\exslt\genericMath\functions\min\genericMath.minmax.result.1.xml --> ftp.exslt.org /www.exslt.org/public_html/genericMath/functions/min genericMath.minmax.result.1.xml
102.12.11 11:05 B C:\jakarta-tomcat-3.2.4\webapps\cocoon\exslt\genericMath\functions\min\genericMath.minmax.template.xsl --> ftp.exslt.org /www.exslt.org/public_html/genericMath/functions/min genericMath.minmax.template.xsl
103.09.29 15:38 B C:\jakarta-tomcat-3.2.4\webapps\cocoon\exslt\genericMath\functions\min\WS_FTP.LOG <-- ftp.exslt.org /www.exslt.org/public_html/genericMath/functions/min WS_FTP.LOG
103.10.21 13:07 B C:\jakarta-tomcat-3.2.4\webapps\cocoon\exslt\genericMath\functions\min\genericMath.min.xml --> marian.cs.nott.ac.uk /stud/pg/cds/exslt/genericMath/functions/min genericMath.min.xml
103.10.21 13:07 B C:\jakarta-tomcat-3.2.4\webapps\cocoon\exslt\genericMath\functions\min\genericMath.minmax.1.xsl --> marian.cs.nott.ac.uk /stud/pg/cds/exslt/genericMath/functions/min genericMath.minmax.1.xsl
103.10.21 13:07 B C:\jakarta-tomcat-3.2.4\webapps\cocoon\exslt\genericMath\functions\min\genericMath.minmax.data.1.xml --> marian.cs.nott.ac.uk /stud/pg/cds/exslt/genericMath/functions/min genericMath.minmax.data.1.xml
103.10.21 13:07 B C:\jakarta-tomcat-3.2.4\webapps\cocoon\exslt\genericMath\functions\min\genericMath.minmax.function.xsl --> marian.cs.nott.ac.uk /stud/pg/cds/exslt/genericMath/functions/min genericMath.minmax.function.xsl
103.10.21 13:07 B C:\jakarta-tomcat-3.2.4\webapps\cocoon\exslt\genericMath\functions\min\genericMath.minmax.result.1.xml --> marian.cs.nott.ac.uk /stud/pg/cds/exslt/genericMath/functions/min genericMath.minmax.result.1.xml
103.10.21 13:07 B C:\jakarta-tomcat-3.2.4\webapps\cocoon\exslt\genericMath\functions\min\genericMath.minmax.template.xsl --> marian.cs.nott.ac.uk /stud/pg/cds/exslt/genericMath/functions/min genericMath.minmax.template.xsl
103.10.21 13:07 B C:\jakarta-tomcat-3.2.4\webapps\cocoon\exslt\genericMath\functions\min\WS_FTP.LOG --> marian.cs.nott.ac.uk /stud/pg/cds/exslt/genericMath/functions/min WS_FTP.LOG
103.10.23 16:17 B C:\jakarta-tomcat-3.2.4\webapps\cocoon\exslt\genericMath\functions\min\genericMath.min.xml --> ftp.exslt.org /www.exslt.org/public_html/genericMath/functions/min genericMath.min.xml
103.10.23 16:17 B C:\jakarta-tomcat-3.2.4\webapps\cocoon\exslt\genericMath\functions\min\genericMath.minmax.1.xsl --> ftp.exslt.org /www.exslt.org/public_html/genericMath/functions/min genericMath.minmax.1.xsl
103.10.23 16:17 B C:\jakarta-tomcat-3.2.4\webapps\cocoon\exslt\genericMath\functions\min\genericMath.minmax.data.1.xml --> ftp.exslt.org /www.exslt.org/public_html/genericMath/functions/min genericMath.minmax.data.1.xml
103.10.23 16:17 B C:\jakarta-tomcat-3.2.4\webapps\cocoon\exslt\genericMath\functions\min\genericMath.minmax.function.xsl --> ftp.exslt.org /www.exslt.org/public_html/genericMath/functions/min genericMath.minmax.function.xsl
103.10.23 16:17 B C:\jakarta-tomcat-3.2.4\webapps\cocoon\exslt\genericMath\functions\min\genericMath.minmax.result.1.xml --> ftp.exslt.org /www.exslt.org/public_html/genericMath/functions/min genericMath.minmax.result.1.xml
103.10.23 16:17 B C:\jakarta-tomcat-3.2.4\webapps\cocoon\exslt\genericMath\functions\min\genericMath.minmax.template.xsl --> ftp.exslt.org /www.exslt.org/public_html/genericMath/functions/min genericMath.minmax.template.xsl
