102.12.02 12:34 B C:\jakarta-tomcat-3.2.4\webapps\cocoon\exslt\public_html\submissions\math\math.abs.1.xml <-- ftp.exslt.org /www.exslt.org/public_html/submissions/math math.abs.1.xml
102.12.02 12:34 B C:\jakarta-tomcat-3.2.4\webapps\cocoon\exslt\public_html\submissions\math\math.abs.1.xsl <-- ftp.exslt.org /www.exslt.org/public_html/submissions/math math.abs.1.xsl
102.12.02 12:34 B C:\jakarta-tomcat-3.2.4\webapps\cocoon\exslt\public_html\submissions\math\math.abs.javascript.submission.xml <-- ftp.exslt.org /www.exslt.org/public_html/submissions/math math.abs.javascript.submission.xml
102.12.02 12:34 B C:\jakarta-tomcat-3.2.4\webapps\cocoon\exslt\public_html\submissions\math\math.abs.js <-- ftp.exslt.org /www.exslt.org/public_html/submissions/math math.abs.js
102.12.02 12:34 B C:\jakarta-tomcat-3.2.4\webapps\cocoon\exslt\public_html\submissions\math\math.abs.msxslt.submission.xml <-- ftp.exslt.org /www.exslt.org/public_html/submissions/math math.abs.msxslt.submission.xml
102.12.02 12:34 B C:\jakarta-tomcat-3.2.4\webapps\cocoon\exslt\public_html\submissions\math\math.abs.msxslt.xsl <-- ftp.exslt.org /www.exslt.org/public_html/submissions/math math.abs.msxslt.xsl
102.12.02 12:34 B C:\jakarta-tomcat-3.2.4\webapps\cocoon\exslt\public_html\submissions\math\math.abs.submission.xml <-- ftp.exslt.org /www.exslt.org/public_html/submissions/math math.abs.submission.xml
102.12.02 12:34 B C:\jakarta-tomcat-3.2.4\webapps\cocoon\exslt\public_html\submissions\math\math.abs.xsl <-- ftp.exslt.org /www.exslt.org/public_html/submissions/math math.abs.xsl
102.12.02 12:34 B C:\jakarta-tomcat-3.2.4\webapps\cocoon\exslt\public_html\submissions\math\math.acos.1.xml <-- ftp.exslt.org /www.exslt.org/public_html/submissions/math math.acos.1.xml
102.12.02 12:34 B C:\jakarta-tomcat-3.2.4\webapps\cocoon\exslt\public_html\submissions\math\math.acos.1.xsl <-- ftp.exslt.org /www.exslt.org/public_html/submissions/math math.acos.1.xsl
102.12.02 12:34 B C:\jakarta-tomcat-3.2.4\webapps\cocoon\exslt\public_html\submissions\math\math.acos.javascript.submission.xml <-- ftp.exslt.org /www.exslt.org/public_html/submissions/math math.acos.javascript.submission.xml
102.12.02 12:34 B C:\jakarta-tomcat-3.2.4\webapps\cocoon\exslt\public_html\submissions\math\math.acos.js <-- ftp.exslt.org /www.exslt.org/public_html/submissions/math math.acos.js
102.12.02 12:34 B C:\jakarta-tomcat-3.2.4\webapps\cocoon\exslt\public_html\submissions\math\math.acos.msxslt.submission.xml <-- ftp.exslt.org /www.exslt.org/public_html/submissions/math math.acos.msxslt.submission.xml
102.12.02 12:34 B C:\jakarta-tomcat-3.2.4\webapps\cocoon\exslt\public_html\submissions\math\math.acos.msxslt.xsl <-- ftp.exslt.org /www.exslt.org/public_html/submissions/math math.acos.msxslt.xsl
102.12.02 12:34 B C:\jakarta-tomcat-3.2.4\webapps\cocoon\exslt\public_html\submissions\math\math.acos.submission.xml <-- ftp.exslt.org /www.exslt.org/public_html/submissions/math math.acos.submission.xml
102.12.02 12:34 B C:\jakarta-tomcat-3.2.4\webapps\cocoon\exslt\public_html\submissions\math\math.acos.xsl <-- ftp.exslt.org /www.exslt.org/public_html/submissions/math math.acos.xsl
102.12.02 12:34 B C:\jakarta-tomcat-3.2.4\webapps\cocoon\exslt\public_html\submissions\math\math.asin.1.xml <-- ftp.exslt.org /www.exslt.org/public_html/submissions/math math.asin.1.xml
102.12.02 12:35 B C:\jakarta-tomcat-3.2.4\webapps\cocoon\exslt\public_html\submissions\math\math.asin.1.xsl <-- ftp.exslt.org /www.exslt.org/public_html/submissions/math math.asin.1.xsl
102.12.02 12:35 B C:\jakarta-tomcat-3.2.4\webapps\cocoon\exslt\public_html\submissions\math\math.asin.javascript.submission.xml <-- ftp.exslt.org /www.exslt.org/public_html/submissions/math math.asin.javascript.submission.xml
102.12.02 12:35 B C:\jakarta-tomcat-3.2.4\webapps\cocoon\exslt\public_html\submissions\math\math.asin.js <-- ftp.exslt.org /www.exslt.org/public_html/submissions/math math.asin.js
102.12.02 12:35 B C:\jakarta-tomcat-3.2.4\webapps\cocoon\exslt\public_html\submissions\math\math.asin.msxslt.submission.xml <-- ftp.exslt.org /www.exslt.org/public_html/submissions/math math.asin.msxslt.submission.xml
102.12.02 12:35 B C:\jakarta-tomcat-3.2.4\webapps\cocoon\exslt\public_html\submissions\math\math.asin.msxslt.xsl <-- ftp.exslt.org /www.exslt.org/public_html/submissions/math math.asin.msxslt.xsl
102.12.02 12:35 B C:\jakarta-tomcat-3.2.4\webapps\cocoon\exslt\public_html\submissions\math\math.asin.submission.xml <-- ftp.exslt.org /www.exslt.org/public_html/submissions/math math.asin.submission.xml
102.12.02 12:35 B C:\jakarta-tomcat-3.2.4\webapps\cocoon\exslt\public_html\submissions\math\math.asin.xsl <-- ftp.exslt.org /www.exslt.org/public_html/submissions/math math.asin.xsl
102.12.02 12:35 B C:\jakarta-tomcat-3.2.4\webapps\cocoon\exslt\public_html\submissions\math\math.atan.1.xml <-- ftp.exslt.org /www.exslt.org/public_html/submissions/math math.atan.1.xml
102.12.02 12:35 B C:\jakarta-tomcat-3.2.4\webapps\cocoon\exslt\public_html\submissions\math\math.atan.1.xsl <-- ftp.exslt.org /www.exslt.org/public_html/submissions/math math.atan.1.xsl
102.12.02 12:35 B C:\jakarta-tomcat-3.2.4\webapps\cocoon\exslt\public_html\submissions\math\math.atan.javascript.submission.xml <-- ftp.exslt.org /www.exslt.org/public_html/submissions/math math.atan.javascript.submission.xml
102.12.02 12:35 B C:\jakarta-tomcat-3.2.4\webapps\cocoon\exslt\public_html\submissions\math\math.atan.js <-- ftp.exslt.org /www.exslt.org/public_html/submissions/math math.atan.js
102.12.02 12:35 B C:\jakarta-tomcat-3.2.4\webapps\cocoon\exslt\public_html\submissions\math\math.atan.msxslt.submission.xml <-- ftp.exslt.org /www.exslt.org/public_html/submissions/math math.atan.msxslt.submission.xml
102.12.02 12:35 B C:\jakarta-tomcat-3.2.4\webapps\cocoon\exslt\public_html\submissions\math\math.atan.msxslt.xsl <-- ftp.exslt.org /www.exslt.org/public_html/submissions/math math.atan.msxslt.xsl
102.12.02 12:35 B C:\jakarta-tomcat-3.2.4\webapps\cocoon\exslt\public_html\submissions\math\math.atan.submission.xml <-- ftp.exslt.org /www.exslt.org/public_html/submissions/math math.atan.submission.xml
102.12.02 12:35 B C:\jakarta-tomcat-3.2.4\webapps\cocoon\exslt\public_html\submissions\math\math.atan.xsl <-- ftp.exslt.org /www.exslt.org/public_html/submissions/math math.atan.xsl
102.12.02 12:35 B C:\jakarta-tomcat-3.2.4\webapps\cocoon\exslt\public_html\submissions\math\math.atan2.1.xml <-- ftp.exslt.org /www.exslt.org/public_html/submissions/math math.atan2.1.xml
102.12.02 12:35 B C:\jakarta-tomcat-3.2.4\webapps\cocoon\exslt\public_html\submissions\math\math.atan2.1.xsl <-- ftp.exslt.org /www.exslt.org/public_html/submissions/math math.atan2.1.xsl
102.12.02 12:35 B C:\jakarta-tomcat-3.2.4\webapps\cocoon\exslt\public_html\submissions\math\math.atan2.javascript.submission.xml <-- ftp.exslt.org /www.exslt.org/public_html/submissions/math math.atan2.javascript.submission.xml
102.12.02 12:35 B C:\jakarta-tomcat-3.2.4\webapps\cocoon\exslt\public_html\submissions\math\math.atan2.js <-- ftp.exslt.org /www.exslt.org/public_html/submissions/math math.atan2.js
102.12.02 12:35 B C:\jakarta-tomcat-3.2.4\webapps\cocoon\exslt\public_html\submissions\math\math.atan2.msxslt.submission.xml <-- ftp.exslt.org /www.exslt.org/public_html/submissions/math math.atan2.msxslt.submission.xml
102.12.02 12:35 B C:\jakarta-tomcat-3.2.4\webapps\cocoon\exslt\public_html\submissions\math\math.atan2.msxslt.xsl <-- ftp.exslt.org /www.exslt.org/public_html/submissions/math math.atan2.msxslt.xsl
102.12.02 12:35 B C:\jakarta-tomcat-3.2.4\webapps\cocoon\exslt\public_html\submissions\math\math.atan2.submission.xml <-- ftp.exslt.org /www.exslt.org/public_html/submissions/math math.atan2.submission.xml
102.12.02 12:35 B C:\jakarta-tomcat-3.2.4\webapps\cocoon\exslt\public_html\submissions\math\math.atan2.xsl <-- ftp.exslt.org /www.exslt.org/public_html/submissions/math math.atan2.xsl
102.12.02 12:35 B C:\jakarta-tomcat-3.2.4\webapps\cocoon\exslt\public_html\submissions\math\math.ceil.1.xml <-- ftp.exslt.org /www.exslt.org/public_html/submissions/math math.ceil.1.xml
102.12.02 12:35 B C:\jakarta-tomcat-3.2.4\webapps\cocoon\exslt\public_html\submissions\math\math.ceil.1.xsl <-- ftp.exslt.org /www.exslt.org/public_html/submissions/math math.ceil.1.xsl
102.12.02 12:35 B C:\jakarta-tomcat-3.2.4\webapps\cocoon\exslt\public_html\submissions\math\math.ceil.javascript.submission.xml <-- ftp.exslt.org /www.exslt.org/public_html/submissions/math math.ceil.javascript.submission.xml
102.12.02 12:35 B C:\jakarta-tomcat-3.2.4\webapps\cocoon\exslt\public_html\submissions\math\math.ceil.js <-- ftp.exslt.org /www.exslt.org/public_html/submissions/math math.ceil.js
102.12.02 12:35 B C:\jakarta-tomcat-3.2.4\webapps\cocoon\exslt\public_html\submissions\math\math.ceil.msxslt.submission.xml <-- ftp.exslt.org /www.exslt.org/public_html/submissions/math math.ceil.msxslt.submission.xml
102.12.02 12:35 B C:\jakarta-tomcat-3.2.4\webapps\cocoon\exslt\public_html\submissions\math\math.ceil.msxslt.xsl <-- ftp.exslt.org /www.exslt.org/public_html/submissions/math math.ceil.msxslt.xsl
102.12.02 12:35 B C:\jakarta-tomcat-3.2.4\webapps\cocoon\exslt\public_html\submissions\math\math.ceil.submission.xml <-- ftp.exslt.org /www.exslt.org/public_html/submissions/math math.ceil.submission.xml
102.12.02 12:35 B C:\jakarta-tomcat-3.2.4\webapps\cocoon\exslt\public_html\submissions\math\math.ceil.xsl <-- ftp.exslt.org /www.exslt.org/public_html/submissions/math math.ceil.xsl
102.12.02 12:35 B C:\jakarta-tomcat-3.2.4\webapps\cocoon\exslt\public_html\submissions\math\math.constant.1.xml <-- ftp.exslt.org /www.exslt.org/public_html/submissions/math math.constant.1.xml
102.12.02 12:35 B C:\jakarta-tomcat-3.2.4\webapps\cocoon\exslt\public_html\submissions\math\math.constant.1.xsl <-- ftp.exslt.org /www.exslt.org/public_html/submissions/math math.constant.1.xsl
102.12.02 12:35 B C:\jakarta-tomcat-3.2.4\webapps\cocoon\exslt\public_html\submissions\math\math.constant.function.submission.xml <-- ftp.exslt.org /www.exslt.org/public_html/submissions/math math.constant.function.submission.xml
102.12.02 12:35 B C:\jakarta-tomcat-3.2.4\webapps\cocoon\exslt\public_html\submissions\math\math.constant.function.xsl <-- ftp.exslt.org /www.exslt.org/public_html/submissions/math math.constant.function.xsl
102.12.02 12:35 B C:\jakarta-tomcat-3.2.4\webapps\cocoon\exslt\public_html\submissions\math\math.constant.javascript.submission.xml <-- ftp.exslt.org /www.exslt.org/public_html/submissions/math math.constant.javascript.submission.xml
102.12.02 12:35 B C:\jakarta-tomcat-3.2.4\webapps\cocoon\exslt\public_html\submissions\math\math.constant.js <-- ftp.exslt.org /www.exslt.org/public_html/submissions/math math.constant.js
102.12.02 12:35 B C:\jakarta-tomcat-3.2.4\webapps\cocoon\exslt\public_html\submissions\math\math.constant.submission.xml <-- ftp.exslt.org /www.exslt.org/public_html/submissions/math math.constant.submission.xml
102.12.02 12:35 B C:\jakarta-tomcat-3.2.4\webapps\cocoon\exslt\public_html\submissions\math\math.constant.template.submission.xml <-- ftp.exslt.org /www.exslt.org/public_html/submissions/math math.constant.template.submission.xml
102.12.02 12:35 B C:\jakarta-tomcat-3.2.4\webapps\cocoon\exslt\public_html\submissions\math\math.constant.template.xsl <-- ftp.exslt.org /www.exslt.org/public_html/submissions/math math.constant.template.xsl
102.12.02 12:35 B C:\jakarta-tomcat-3.2.4\webapps\cocoon\exslt\public_html\submissions\math\math.constant.xsl <-- ftp.exslt.org /www.exslt.org/public_html/submissions/math math.constant.xsl
102.12.02 12:35 B C:\jakarta-tomcat-3.2.4\webapps\cocoon\exslt\public_html\submissions\math\math.cos.1.xml <-- ftp.exslt.org /www.exslt.org/public_html/submissions/math math.cos.1.xml
102.12.02 12:35 B C:\jakarta-tomcat-3.2.4\webapps\cocoon\exslt\public_html\submissions\math\math.cos.1.xsl <-- ftp.exslt.org /www.exslt.org/public_html/submissions/math math.cos.1.xsl
102.12.02 12:35 B C:\jakarta-tomcat-3.2.4\webapps\cocoon\exslt\public_html\submissions\math\math.cos.javascript.submission.xml <-- ftp.exslt.org /www.exslt.org/public_html/submissions/math math.cos.javascript.submission.xml
102.12.02 12:35 B C:\jakarta-tomcat-3.2.4\webapps\cocoon\exslt\public_html\submissions\math\math.cos.js <-- ftp.exslt.org /www.exslt.org/public_html/submissions/math math.cos.js
102.12.02 12:35 B C:\jakarta-tomcat-3.2.4\webapps\cocoon\exslt\public_html\submissions\math\math.cos.msxslt.submission.xml <-- ftp.exslt.org /www.exslt.org/public_html/submissions/math math.cos.msxslt.submission.xml
102.12.02 12:35 B C:\jakarta-tomcat-3.2.4\webapps\cocoon\exslt\public_html\submissions\math\math.cos.msxslt.xsl <-- ftp.exslt.org /www.exslt.org/public_html/submissions/math math.cos.msxslt.xsl
102.12.02 12:35 B C:\jakarta-tomcat-3.2.4\webapps\cocoon\exslt\public_html\submissions\math\math.cos.submission.xml <-- ftp.exslt.org /www.exslt.org/public_html/submissions/math math.cos.submission.xml
102.12.02 12:35 B C:\jakarta-tomcat-3.2.4\webapps\cocoon\exslt\public_html\submissions\math\math.cos.xsl <-- ftp.exslt.org /www.exslt.org/public_html/submissions/math math.cos.xsl
102.12.02 12:35 B C:\jakarta-tomcat-3.2.4\webapps\cocoon\exslt\public_html\submissions\math\math.exp.1.xml <-- ftp.exslt.org /www.exslt.org/public_html/submissions/math math.exp.1.xml
102.12.02 12:35 B C:\jakarta-tomcat-3.2.4\webapps\cocoon\exslt\public_html\submissions\math\math.exp.1.xsl <-- ftp.exslt.org /www.exslt.org/public_html/submissions/math math.exp.1.xsl
102.12.02 12:35 B C:\jakarta-tomcat-3.2.4\webapps\cocoon\exslt\public_html\submissions\math\math.exp.javascript.submission.xml <-- ftp.exslt.org /www.exslt.org/public_html/submissions/math math.exp.javascript.submission.xml
102.12.02 12:35 B C:\jakarta-tomcat-3.2.4\webapps\cocoon\exslt\public_html\submissions\math\math.exp.js <-- ftp.exslt.org /www.exslt.org/public_html/submissions/math math.exp.js
102.12.02 12:35 B C:\jakarta-tomcat-3.2.4\webapps\cocoon\exslt\public_html\submissions\math\math.exp.msxslt.submission.xml <-- ftp.exslt.org /www.exslt.org/public_html/submissions/math math.exp.msxslt.submission.xml
102.12.02 12:35 B C:\jakarta-tomcat-3.2.4\webapps\cocoon\exslt\public_html\submissions\math\math.exp.msxslt.xsl <-- ftp.exslt.org /www.exslt.org/public_html/submissions/math math.exp.msxslt.xsl
102.12.02 12:35 B C:\jakarta-tomcat-3.2.4\webapps\cocoon\exslt\public_html\submissions\math\math.exp.submission.xml <-- ftp.exslt.org /www.exslt.org/public_html/submissions/math math.exp.submission.xml
102.12.02 12:35 B C:\jakarta-tomcat-3.2.4\webapps\cocoon\exslt\public_html\submissions\math\math.exp.xsl <-- ftp.exslt.org /www.exslt.org/public_html/submissions/math math.exp.xsl
102.12.02 12:35 B C:\jakarta-tomcat-3.2.4\webapps\cocoon\exslt\public_html\submissions\math\math.floor.1.xml <-- ftp.exslt.org /www.exslt.org/public_html/submissions/math math.floor.1.xml
102.12.02 12:35 B C:\jakarta-tomcat-3.2.4\webapps\cocoon\exslt\public_html\submissions\math\math.floor.1.xsl <-- ftp.exslt.org /www.exslt.org/public_html/submissions/math math.floor.1.xsl
102.12.02 12:35 B C:\jakarta-tomcat-3.2.4\webapps\cocoon\exslt\public_html\submissions\math\math.floor.javascript.submission.xml <-- ftp.exslt.org /www.exslt.org/public_html/submissions/math math.floor.javascript.submission.xml
102.12.02 12:35 B C:\jakarta-tomcat-3.2.4\webapps\cocoon\exslt\public_html\submissions\math\math.floor.js <-- ftp.exslt.org /www.exslt.org/public_html/submissions/math math.floor.js
102.12.02 12:35 B C:\jakarta-tomcat-3.2.4\webapps\cocoon\exslt\public_html\submissions\math\math.floor.msxslt.submission.xml <-- ftp.exslt.org /www.exslt.org/public_html/submissions/math math.floor.msxslt.submission.xml
102.12.02 12:35 B C:\jakarta-tomcat-3.2.4\webapps\cocoon\exslt\public_html\submissions\math\math.floor.msxslt.xsl <-- ftp.exslt.org /www.exslt.org/public_html/submissions/math math.floor.msxslt.xsl
102.12.02 12:35 B C:\jakarta-tomcat-3.2.4\webapps\cocoon\exslt\public_html\submissions\math\math.floor.submission.xml <-- ftp.exslt.org /www.exslt.org/public_html/submissions/math math.floor.submission.xml
102.12.02 12:35 B C:\jakarta-tomcat-3.2.4\webapps\cocoon\exslt\public_html\submissions\math\math.floor.xsl <-- ftp.exslt.org /www.exslt.org/public_html/submissions/math math.floor.xsl
102.12.02 12:35 B C:\jakarta-tomcat-3.2.4\webapps\cocoon\exslt\public_html\submissions\math\math.highest.function.xsl <-- ftp.exslt.org /www.exslt.org/public_html/submissions/math math.highest.function.xsl
102.12.02 12:35 B C:\jakarta-tomcat-3.2.4\webapps\cocoon\exslt\public_html\submissions\math\math.highest.html <-- ftp.exslt.org /www.exslt.org/public_html/submissions/math math.highest.html
102.12.02 12:35 B C:\jakarta-tomcat-3.2.4\webapps\cocoon\exslt\public_html\submissions\math\math.highest.template.xsl <-- ftp.exslt.org /www.exslt.org/public_html/submissions/math math.highest.template.xsl
102.12.02 12:35 B C:\jakarta-tomcat-3.2.4\webapps\cocoon\exslt\public_html\submissions\math\math.highest.xml <-- ftp.exslt.org /www.exslt.org/public_html/submissions/math math.highest.xml
102.12.02 12:35 B C:\jakarta-tomcat-3.2.4\webapps\cocoon\exslt\public_html\submissions\math\math.highest.xsl <-- ftp.exslt.org /www.exslt.org/public_html/submissions/math math.highest.xsl
102.12.02 12:35 B C:\jakarta-tomcat-3.2.4\webapps\cocoon\exslt\public_html\submissions\math\math.log.1.xml <-- ftp.exslt.org /www.exslt.org/public_html/submissions/math math.log.1.xml
102.12.02 12:35 B C:\jakarta-tomcat-3.2.4\webapps\cocoon\exslt\public_html\submissions\math\math.log.1.xsl <-- ftp.exslt.org /www.exslt.org/public_html/submissions/math math.log.1.xsl
102.12.02 12:35 B C:\jakarta-tomcat-3.2.4\webapps\cocoon\exslt\public_html\submissions\math\math.log.javascript.submission.xml <-- ftp.exslt.org /www.exslt.org/public_html/submissions/math math.log.javascript.submission.xml
102.12.02 12:35 B C:\jakarta-tomcat-3.2.4\webapps\cocoon\exslt\public_html\submissions\math\math.log.js <-- ftp.exslt.org /www.exslt.org/public_html/submissions/math math.log.js
102.12.02 12:35 B C:\jakarta-tomcat-3.2.4\webapps\cocoon\exslt\public_html\submissions\math\math.log.msxslt.submission.xml <-- ftp.exslt.org /www.exslt.org/public_html/submissions/math math.log.msxslt.submission.xml
102.12.02 12:35 B C:\jakarta-tomcat-3.2.4\webapps\cocoon\exslt\public_html\submissions\math\math.log.msxslt.xsl <-- ftp.exslt.org /www.exslt.org/public_html/submissions/math math.log.msxslt.xsl
102.12.02 12:35 B C:\jakarta-tomcat-3.2.4\webapps\cocoon\exslt\public_html\submissions\math\math.log.submission.xml <-- ftp.exslt.org /www.exslt.org/public_html/submissions/math math.log.submission.xml
102.12.02 12:35 B C:\jakarta-tomcat-3.2.4\webapps\cocoon\exslt\public_html\submissions\math\math.log.xsl <-- ftp.exslt.org /www.exslt.org/public_html/submissions/math math.log.xsl
102.12.02 12:35 B C:\jakarta-tomcat-3.2.4\webapps\cocoon\exslt\public_html\submissions\math\math.lowest.function.xsl <-- ftp.exslt.org /www.exslt.org/public_html/submissions/math math.lowest.function.xsl
102.12.02 12:35 B C:\jakarta-tomcat-3.2.4\webapps\cocoon\exslt\public_html\submissions\math\math.lowest.html <-- ftp.exslt.org /www.exslt.org/public_html/submissions/math math.lowest.html
102.12.02 12:35 B C:\jakarta-tomcat-3.2.4\webapps\cocoon\exslt\public_html\submissions\math\math.lowest.template.xsl <-- ftp.exslt.org /www.exslt.org/public_html/submissions/math math.lowest.template.xsl
102.12.02 12:35 B C:\jakarta-tomcat-3.2.4\webapps\cocoon\exslt\public_html\submissions\math\math.lowest.xml <-- ftp.exslt.org /www.exslt.org/public_html/submissions/math math.lowest.xml
102.12.02 12:35 B C:\jakarta-tomcat-3.2.4\webapps\cocoon\exslt\public_html\submissions\math\math.lowest.xsl <-- ftp.exslt.org /www.exslt.org/public_html/submissions/math math.lowest.xsl
102.12.02 12:35 B C:\jakarta-tomcat-3.2.4\webapps\cocoon\exslt\public_html\submissions\math\math.max.function.xsl <-- ftp.exslt.org /www.exslt.org/public_html/submissions/math math.max.function.xsl
102.12.02 12:35 B C:\jakarta-tomcat-3.2.4\webapps\cocoon\exslt\public_html\submissions\math\math.max.html <-- ftp.exslt.org /www.exslt.org/public_html/submissions/math math.max.html
102.12.02 12:35 B C:\jakarta-tomcat-3.2.4\webapps\cocoon\exslt\public_html\submissions\math\math.max.template.xsl <-- ftp.exslt.org /www.exslt.org/public_html/submissions/math math.max.template.xsl
102.12.02 12:35 B C:\jakarta-tomcat-3.2.4\webapps\cocoon\exslt\public_html\submissions\math\math.max.xml <-- ftp.exslt.org /www.exslt.org/public_html/submissions/math math.max.xml
102.12.02 12:35 B C:\jakarta-tomcat-3.2.4\webapps\cocoon\exslt\public_html\submissions\math\math.max.xsl <-- ftp.exslt.org /www.exslt.org/public_html/submissions/math math.max.xsl
102.12.02 12:35 B C:\jakarta-tomcat-3.2.4\webapps\cocoon\exslt\public_html\submissions\math\math.min.function.xsl <-- ftp.exslt.org /www.exslt.org/public_html/submissions/math math.min.function.xsl
102.12.02 12:35 B C:\jakarta-tomcat-3.2.4\webapps\cocoon\exslt\public_html\submissions\math\math.min.html <-- ftp.exslt.org /www.exslt.org/public_html/submissions/math math.min.html
102.12.02 12:35 B C:\jakarta-tomcat-3.2.4\webapps\cocoon\exslt\public_html\submissions\math\math.min.js <-- ftp.exslt.org /www.exslt.org/public_html/submissions/math math.min.js
102.12.02 12:35 B C:\jakarta-tomcat-3.2.4\webapps\cocoon\exslt\public_html\submissions\math\math.min.template.xsl <-- ftp.exslt.org /www.exslt.org/public_html/submissions/math math.min.template.xsl
102.12.02 12:35 B C:\jakarta-tomcat-3.2.4\webapps\cocoon\exslt\public_html\submissions\math\math.min.xml <-- ftp.exslt.org /www.exslt.org/public_html/submissions/math math.min.xml
102.12.02 12:35 B C:\jakarta-tomcat-3.2.4\webapps\cocoon\exslt\public_html\submissions\math\math.min.xsl <-- ftp.exslt.org /www.exslt.org/public_html/submissions/math math.min.xsl
102.12.02 12:35 B C:\jakarta-tomcat-3.2.4\webapps\cocoon\exslt\public_html\submissions\math\math.power.1.xml <-- ftp.exslt.org /www.exslt.org/public_html/submissions/math math.power.1.xml
102.12.02 12:35 B C:\jakarta-tomcat-3.2.4\webapps\cocoon\exslt\public_html\submissions\math\math.power.1.xsl <-- ftp.exslt.org /www.exslt.org/public_html/submissions/math math.power.1.xsl
102.12.02 12:35 B C:\jakarta-tomcat-3.2.4\webapps\cocoon\exslt\public_html\submissions\math\math.power.function.submission.xml <-- ftp.exslt.org /www.exslt.org/public_html/submissions/math math.power.function.submission.xml
102.12.02 12:35 B C:\jakarta-tomcat-3.2.4\webapps\cocoon\exslt\public_html\submissions\math\math.power.function.xsl <-- ftp.exslt.org /www.exslt.org/public_html/submissions/math math.power.function.xsl
102.12.02 12:35 B C:\jakarta-tomcat-3.2.4\webapps\cocoon\exslt\public_html\submissions\math\math.power.javascript.submission.xml <-- ftp.exslt.org /www.exslt.org/public_html/submissions/math math.power.javascript.submission.xml
102.12.02 12:35 B C:\jakarta-tomcat-3.2.4\webapps\cocoon\exslt\public_html\submissions\math\math.power.js <-- ftp.exslt.org /www.exslt.org/public_html/submissions/math math.power.js
102.12.02 12:35 B C:\jakarta-tomcat-3.2.4\webapps\cocoon\exslt\public_html\submissions\math\math.power.msxslt.submission.xml <-- ftp.exslt.org /www.exslt.org/public_html/submissions/math math.power.msxslt.submission.xml
102.12.02 12:35 B C:\jakarta-tomcat-3.2.4\webapps\cocoon\exslt\public_html\submissions\math\math.power.msxslt.xsl <-- ftp.exslt.org /www.exslt.org/public_html/submissions/math math.power.msxslt.xsl
102.12.02 12:35 B C:\jakarta-tomcat-3.2.4\webapps\cocoon\exslt\public_html\submissions\math\math.power.submission.xml <-- ftp.exslt.org /www.exslt.org/public_html/submissions/math math.power.submission.xml
102.12.02 12:35 B C:\jakarta-tomcat-3.2.4\webapps\cocoon\exslt\public_html\submissions\math\math.power.template.submission.xml <-- ftp.exslt.org /www.exslt.org/public_html/submissions/math math.power.template.submission.xml
102.12.02 12:35 B C:\jakarta-tomcat-3.2.4\webapps\cocoon\exslt\public_html\submissions\math\math.power.template.xsl <-- ftp.exslt.org /www.exslt.org/public_html/submissions/math math.power.template.xsl
102.12.02 12:35 B C:\jakarta-tomcat-3.2.4\webapps\cocoon\exslt\public_html\submissions\math\math.power.xsl <-- ftp.exslt.org /www.exslt.org/public_html/submissions/math math.power.xsl
102.12.02 12:35 B C:\jakarta-tomcat-3.2.4\webapps\cocoon\exslt\public_html\submissions\math\math.power.zip <-- ftp.exslt.org /www.exslt.org/public_html/submissions/math math.power.zip
102.12.02 12:35 B C:\jakarta-tomcat-3.2.4\webapps\cocoon\exslt\public_html\submissions\math\math.random.1.xml <-- ftp.exslt.org /www.exslt.org/public_html/submissions/math math.random.1.xml
102.12.02 12:35 B C:\jakarta-tomcat-3.2.4\webapps\cocoon\exslt\public_html\submissions\math\math.random.1.xsl <-- ftp.exslt.org /www.exslt.org/public_html/submissions/math math.random.1.xsl
102.12.02 12:35 B C:\jakarta-tomcat-3.2.4\webapps\cocoon\exslt\public_html\submissions\math\math.random.javascript.submission.xml <-- ftp.exslt.org /www.exslt.org/public_html/submissions/math math.random.javascript.submission.xml
102.12.02 12:35 B C:\jakarta-tomcat-3.2.4\webapps\cocoon\exslt\public_html\submissions\math\math.random.js <-- ftp.exslt.org /www.exslt.org/public_html/submissions/math math.random.js
102.12.02 12:35 B C:\jakarta-tomcat-3.2.4\webapps\cocoon\exslt\public_html\submissions\math\math.random.msxslt.submission.xml <-- ftp.exslt.org /www.exslt.org/public_html/submissions/math math.random.msxslt.submission.xml
102.12.02 12:35 B C:\jakarta-tomcat-3.2.4\webapps\cocoon\exslt\public_html\submissions\math\math.random.msxslt.xsl <-- ftp.exslt.org /www.exslt.org/public_html/submissions/math math.random.msxslt.xsl
102.12.02 12:35 B C:\jakarta-tomcat-3.2.4\webapps\cocoon\exslt\public_html\submissions\math\math.random.submission.xml <-- ftp.exslt.org /www.exslt.org/public_html/submissions/math math.random.submission.xml
102.12.02 12:35 B C:\jakarta-tomcat-3.2.4\webapps\cocoon\exslt\public_html\submissions\math\math.random.xsl <-- ftp.exslt.org /www.exslt.org/public_html/submissions/math math.random.xsl
102.12.02 12:35 B C:\jakarta-tomcat-3.2.4\webapps\cocoon\exslt\public_html\submissions\math\math.round.1.xml <-- ftp.exslt.org /www.exslt.org/public_html/submissions/math math.round.1.xml
102.12.02 12:35 B C:\jakarta-tomcat-3.2.4\webapps\cocoon\exslt\public_html\submissions\math\math.round.1.xsl <-- ftp.exslt.org /www.exslt.org/public_html/submissions/math math.round.1.xsl
102.12.02 12:35 B C:\jakarta-tomcat-3.2.4\webapps\cocoon\exslt\public_html\submissions\math\math.round.javascript.submission.xml <-- ftp.exslt.org /www.exslt.org/public_html/submissions/math math.round.javascript.submission.xml
102.12.02 12:35 B C:\jakarta-tomcat-3.2.4\webapps\cocoon\exslt\public_html\submissions\math\math.round.js <-- ftp.exslt.org /www.exslt.org/public_html/submissions/math math.round.js
102.12.02 12:35 B C:\jakarta-tomcat-3.2.4\webapps\cocoon\exslt\public_html\submissions\math\math.round.msxslt.submission.xml <-- ftp.exslt.org /www.exslt.org/public_html/submissions/math math.round.msxslt.submission.xml
102.12.02 12:35 B C:\jakarta-tomcat-3.2.4\webapps\cocoon\exslt\public_html\submissions\math\math.round.msxslt.xsl <-- ftp.exslt.org /www.exslt.org/public_html/submissions/math math.round.msxslt.xsl
102.12.02 12:35 B C:\jakarta-tomcat-3.2.4\webapps\cocoon\exslt\public_html\submissions\math\math.round.submission.xml <-- ftp.exslt.org /www.exslt.org/public_html/submissions/math math.round.submission.xml
102.12.02 12:35 B C:\jakarta-tomcat-3.2.4\webapps\cocoon\exslt\public_html\submissions\math\math.round.xsl <-- ftp.exslt.org /www.exslt.org/public_html/submissions/math math.round.xsl
102.12.02 12:35 B C:\jakarta-tomcat-3.2.4\webapps\cocoon\exslt\public_html\submissions\math\math.sin.1.xml <-- ftp.exslt.org /www.exslt.org/public_html/submissions/math math.sin.1.xml
102.12.02 12:35 B C:\jakarta-tomcat-3.2.4\webapps\cocoon\exslt\public_html\submissions\math\math.sin.1.xsl <-- ftp.exslt.org /www.exslt.org/public_html/submissions/math math.sin.1.xsl
102.12.02 12:35 B C:\jakarta-tomcat-3.2.4\webapps\cocoon\exslt\public_html\submissions\math\math.sin.javascript.submission.xml <-- ftp.exslt.org /www.exslt.org/public_html/submissions/math math.sin.javascript.submission.xml
102.12.02 12:35 B C:\jakarta-tomcat-3.2.4\webapps\cocoon\exslt\public_html\submissions\math\math.sin.js <-- ftp.exslt.org /www.exslt.org/public_html/submissions/math math.sin.js
102.12.02 12:35 B C:\jakarta-tomcat-3.2.4\webapps\cocoon\exslt\public_html\submissions\math\math.sin.msxslt.submission.xml <-- ftp.exslt.org /www.exslt.org/public_html/submissions/math math.sin.msxslt.submission.xml
102.12.02 12:35 B C:\jakarta-tomcat-3.2.4\webapps\cocoon\exslt\public_html\submissions\math\math.sin.msxslt.xsl <-- ftp.exslt.org /www.exslt.org/public_html/submissions/math math.sin.msxslt.xsl
102.12.02 12:35 B C:\jakarta-tomcat-3.2.4\webapps\cocoon\exslt\public_html\submissions\math\math.sin.submission.xml <-- ftp.exslt.org /www.exslt.org/public_html/submissions/math math.sin.submission.xml
102.12.02 12:35 B C:\jakarta-tomcat-3.2.4\webapps\cocoon\exslt\public_html\submissions\math\math.sin.xsl <-- ftp.exslt.org /www.exslt.org/public_html/submissions/math math.sin.xsl
102.12.02 12:35 B C:\jakarta-tomcat-3.2.4\webapps\cocoon\exslt\public_html\submissions\math\math.sqrt.1.xml <-- ftp.exslt.org /www.exslt.org/public_html/submissions/math math.sqrt.1.xml
102.12.02 12:35 B C:\jakarta-tomcat-3.2.4\webapps\cocoon\exslt\public_html\submissions\math\math.sqrt.1.xsl <-- ftp.exslt.org /www.exslt.org/public_html/submissions/math math.sqrt.1.xsl
102.12.02 12:35 B C:\jakarta-tomcat-3.2.4\webapps\cocoon\exslt\public_html\submissions\math\math.sqrt.javascript.submission.xml <-- ftp.exslt.org /www.exslt.org/public_html/submissions/math math.sqrt.javascript.submission.xml
102.12.02 12:35 B C:\jakarta-tomcat-3.2.4\webapps\cocoon\exslt\public_html\submissions\math\math.sqrt.js <-- ftp.exslt.org /www.exslt.org/public_html/submissions/math math.sqrt.js
102.12.02 12:35 B C:\jakarta-tomcat-3.2.4\webapps\cocoon\exslt\public_html\submissions\math\math.sqrt.msxslt.submission.xml <-- ftp.exslt.org /www.exslt.org/public_html/submissions/math math.sqrt.msxslt.submission.xml
102.12.02 12:35 B C:\jakarta-tomcat-3.2.4\webapps\cocoon\exslt\public_html\submissions\math\math.sqrt.msxslt.xsl <-- ftp.exslt.org /www.exslt.org/public_html/submissions/math math.sqrt.msxslt.xsl
102.12.02 12:35 B C:\jakarta-tomcat-3.2.4\webapps\cocoon\exslt\public_html\submissions\math\math.sqrt.submission.xml <-- ftp.exslt.org /www.exslt.org/public_html/submissions/math math.sqrt.submission.xml
102.12.02 12:35 B C:\jakarta-tomcat-3.2.4\webapps\cocoon\exslt\public_html\submissions\math\math.sqrt.xsl <-- ftp.exslt.org /www.exslt.org/public_html/submissions/math math.sqrt.xsl
102.12.02 12:35 B C:\jakarta-tomcat-3.2.4\webapps\cocoon\exslt\public_html\submissions\math\math.tan.1.xml <-- ftp.exslt.org /www.exslt.org/public_html/submissions/math math.tan.1.xml
102.12.02 12:35 B C:\jakarta-tomcat-3.2.4\webapps\cocoon\exslt\public_html\submissions\math\math.tan.1.xsl <-- ftp.exslt.org /www.exslt.org/public_html/submissions/math math.tan.1.xsl
102.12.02 12:35 B C:\jakarta-tomcat-3.2.4\webapps\cocoon\exslt\public_html\submissions\math\math.tan.javascript.submission.xml <-- ftp.exslt.org /www.exslt.org/public_html/submissions/math math.tan.javascript.submission.xml
102.12.02 12:35 B C:\jakarta-tomcat-3.2.4\webapps\cocoon\exslt\public_html\submissions\math\math.tan.js <-- ftp.exslt.org /www.exslt.org/public_html/submissions/math math.tan.js
102.12.02 12:35 B C:\jakarta-tomcat-3.2.4\webapps\cocoon\exslt\public_html\submissions\math\math.tan.msxslt.submission.xml <-- ftp.exslt.org /www.exslt.org/public_html/submissions/math math.tan.msxslt.submission.xml
102.12.02 12:35 B C:\jakarta-tomcat-3.2.4\webapps\cocoon\exslt\public_html\submissions\math\math.tan.msxslt.xsl <-- ftp.exslt.org /www.exslt.org/public_html/submissions/math math.tan.msxslt.xsl
102.12.02 12:35 B C:\jakarta-tomcat-3.2.4\webapps\cocoon\exslt\public_html\submissions\math\math.tan.submission.xml <-- ftp.exslt.org /www.exslt.org/public_html/submissions/math math.tan.submission.xml
102.12.02 12:35 B C:\jakarta-tomcat-3.2.4\webapps\cocoon\exslt\public_html\submissions\math\math.tan.xsl <-- ftp.exslt.org /www.exslt.org/public_html/submissions/math math.tan.xsl
102.12.03 11:16 B C:\jakarta-tomcat-3.2.4\webapps\cocoon\exslt\submissions\math\math.abs.1.xml --> ftp.exslt.org /www.exslt.org/public_html/submissions/math math.abs.1.xml
102.12.03 11:16 B C:\jakarta-tomcat-3.2.4\webapps\cocoon\exslt\submissions\math\math.abs.1.xsl --> ftp.exslt.org /www.exslt.org/public_html/submissions/math math.abs.1.xsl
102.12.03 11:16 B C:\jakarta-tomcat-3.2.4\webapps\cocoon\exslt\submissions\math\math.abs.javascript.submission.xml --> ftp.exslt.org /www.exslt.org/public_html/submissions/math math.abs.javascript.submission.xml
102.12.03 11:16 B C:\jakarta-tomcat-3.2.4\webapps\cocoon\exslt\submissions\math\math.abs.js --> ftp.exslt.org /www.exslt.org/public_html/submissions/math math.abs.js
102.12.03 11:16 B C:\jakarta-tomcat-3.2.4\webapps\cocoon\exslt\submissions\math\math.abs.msxslt.submission.xml --> ftp.exslt.org /www.exslt.org/public_html/submissions/math math.abs.msxslt.submission.xml
102.12.03 11:16 B C:\jakarta-tomcat-3.2.4\webapps\cocoon\exslt\submissions\math\math.abs.msxslt.xsl --> ftp.exslt.org /www.exslt.org/public_html/submissions/math math.abs.msxslt.xsl
102.12.03 11:16 B C:\jakarta-tomcat-3.2.4\webapps\cocoon\exslt\submissions\math\math.abs.submission.xml --> ftp.exslt.org /www.exslt.org/public_html/submissions/math math.abs.submission.xml
102.12.03 11:16 B C:\jakarta-tomcat-3.2.4\webapps\cocoon\exslt\submissions\math\math.abs.xsl --> ftp.exslt.org /www.exslt.org/public_html/submissions/math math.abs.xsl
102.12.03 11:16 B C:\jakarta-tomcat-3.2.4\webapps\cocoon\exslt\submissions\math\math.acos.1.xml --> ftp.exslt.org /www.exslt.org/public_html/submissions/math math.acos.1.xml
102.12.03 11:16 B C:\jakarta-tomcat-3.2.4\webapps\cocoon\exslt\submissions\math\math.acos.1.xsl --> ftp.exslt.org /www.exslt.org/public_html/submissions/math math.acos.1.xsl
102.12.03 11:16 B C:\jakarta-tomcat-3.2.4\webapps\cocoon\exslt\submissions\math\math.acos.javascript.submission.xml --> ftp.exslt.org /www.exslt.org/public_html/submissions/math math.acos.javascript.submission.xml
102.12.03 11:16 B C:\jakarta-tomcat-3.2.4\webapps\cocoon\exslt\submissions\math\math.acos.js --> ftp.exslt.org /www.exslt.org/public_html/submissions/math math.acos.js
102.12.03 11:16 B C:\jakarta-tomcat-3.2.4\webapps\cocoon\exslt\submissions\math\math.acos.msxslt.submission.xml --> ftp.exslt.org /www.exslt.org/public_html/submissions/math math.acos.msxslt.submission.xml
102.12.03 11:16 B C:\jakarta-tomcat-3.2.4\webapps\cocoon\exslt\submissions\math\math.acos.msxslt.xsl --> ftp.exslt.org /www.exslt.org/public_html/submissions/math math.acos.msxslt.xsl
102.12.03 11:16 B C:\jakarta-tomcat-3.2.4\webapps\cocoon\exslt\submissions\math\math.acos.submission.xml --> ftp.exslt.org /www.exslt.org/public_html/submissions/math math.acos.submission.xml
102.12.03 11:16 B C:\jakarta-tomcat-3.2.4\webapps\cocoon\exslt\submissions\math\math.acos.xsl --> ftp.exslt.org /www.exslt.org/public_html/submissions/math math.acos.xsl
102.12.03 11:16 B C:\jakarta-tomcat-3.2.4\webapps\cocoon\exslt\submissions\math\math.asin.1.xml --> ftp.exslt.org /www.exslt.org/public_html/submissions/math math.asin.1.xml
102.12.03 11:16 B C:\jakarta-tomcat-3.2.4\webapps\cocoon\exslt\submissions\math\math.asin.1.xsl --> ftp.exslt.org /www.exslt.org/public_html/submissions/math math.asin.1.xsl
102.12.03 11:16 B C:\jakarta-tomcat-3.2.4\webapps\cocoon\exslt\submissions\math\math.asin.javascript.submission.xml --> ftp.exslt.org /www.exslt.org/public_html/submissions/math math.asin.javascript.submission.xml
102.12.03 11:16 B C:\jakarta-tomcat-3.2.4\webapps\cocoon\exslt\submissions\math\math.asin.js --> ftp.exslt.org /www.exslt.org/public_html/submissions/math math.asin.js
102.12.03 11:16 B C:\jakarta-tomcat-3.2.4\webapps\cocoon\exslt\submissions\math\math.asin.msxslt.submission.xml --> ftp.exslt.org /www.exslt.org/public_html/submissions/math math.asin.msxslt.submission.xml
102.12.03 11:16 B C:\jakarta-tomcat-3.2.4\webapps\cocoon\exslt\submissions\math\math.asin.msxslt.xsl --> ftp.exslt.org /www.exslt.org/public_html/submissions/math math.asin.msxslt.xsl
102.12.03 11:16 B C:\jakarta-tomcat-3.2.4\webapps\cocoon\exslt\submissions\math\math.asin.submission.xml --> ftp.exslt.org /www.exslt.org/public_html/submissions/math math.asin.submission.xml
102.12.03 11:16 B C:\jakarta-tomcat-3.2.4\webapps\cocoon\exslt\submissions\math\math.asin.xsl --> ftp.exslt.org /www.exslt.org/public_html/submissions/math math.asin.xsl
102.12.03 11:16 B C:\jakarta-tomcat-3.2.4\webapps\cocoon\exslt\submissions\math\math.atan.1.xml --> ftp.exslt.org /www.exslt.org/public_html/submissions/math math.atan.1.xml
102.12.03 11:16 B C:\jakarta-tomcat-3.2.4\webapps\cocoon\exslt\submissions\math\math.atan.1.xsl --> ftp.exslt.org /www.exslt.org/public_html/submissions/math math.atan.1.xsl
102.12.03 11:16 B C:\jakarta-tomcat-3.2.4\webapps\cocoon\exslt\submissions\math\math.atan.javascript.submission.xml --> ftp.exslt.org /www.exslt.org/public_html/submissions/math math.atan.javascript.submission.xml
102.12.03 11:16 B C:\jakarta-tomcat-3.2.4\webapps\cocoon\exslt\submissions\math\math.atan.js --> ftp.exslt.org /www.exslt.org/public_html/submissions/math math.atan.js
102.12.03 11:16 B C:\jakarta-tomcat-3.2.4\webapps\cocoon\exslt\submissions\math\math.atan.msxslt.submission.xml --> ftp.exslt.org /www.exslt.org/public_html/submissions/math math.atan.msxslt.submission.xml
102.12.03 11:16 B C:\jakarta-tomcat-3.2.4\webapps\cocoon\exslt\submissions\math\math.atan.msxslt.xsl --> ftp.exslt.org /www.exslt.org/public_html/submissions/math math.atan.msxslt.xsl
102.12.03 11:16 B C:\jakarta-tomcat-3.2.4\webapps\cocoon\exslt\submissions\math\math.atan.submission.xml --> ftp.exslt.org /www.exslt.org/public_html/submissions/math math.atan.submission.xml
102.12.03 11:16 B C:\jakarta-tomcat-3.2.4\webapps\cocoon\exslt\submissions\math\math.atan.xsl --> ftp.exslt.org /www.exslt.org/public_html/submissions/math math.atan.xsl
102.12.03 11:16 B C:\jakarta-tomcat-3.2.4\webapps\cocoon\exslt\submissions\math\math.atan2.1.xml --> ftp.exslt.org /www.exslt.org/public_html/submissions/math math.atan2.1.xml
102.12.03 11:16 B C:\jakarta-tomcat-3.2.4\webapps\cocoon\exslt\submissions\math\math.atan2.1.xsl --> ftp.exslt.org /www.exslt.org/public_html/submissions/math math.atan2.1.xsl
102.12.03 11:16 B C:\jakarta-tomcat-3.2.4\webapps\cocoon\exslt\submissions\math\math.atan2.javascript.submission.xml --> ftp.exslt.org /www.exslt.org/public_html/submissions/math math.atan2.javascript.submission.xml
102.12.03 11:16 B C:\jakarta-tomcat-3.2.4\webapps\cocoon\exslt\submissions\math\math.atan2.js --> ftp.exslt.org /www.exslt.org/public_html/submissions/math math.atan2.js
102.12.03 11:16 B C:\jakarta-tomcat-3.2.4\webapps\cocoon\exslt\submissions\math\math.atan2.msxslt.submission.xml --> ftp.exslt.org /www.exslt.org/public_html/submissions/math math.atan2.msxslt.submission.xml
102.12.03 11:16 B C:\jakarta-tomcat-3.2.4\webapps\cocoon\exslt\submissions\math\math.atan2.msxslt.xsl --> ftp.exslt.org /www.exslt.org/public_html/submissions/math math.atan2.msxslt.xsl
102.12.03 11:16 B C:\jakarta-tomcat-3.2.4\webapps\cocoon\exslt\submissions\math\math.atan2.submission.xml --> ftp.exslt.org /www.exslt.org/public_html/submissions/math math.atan2.submission.xml
102.12.03 11:16 B C:\jakarta-tomcat-3.2.4\webapps\cocoon\exslt\submissions\math\math.atan2.xsl --> ftp.exslt.org /www.exslt.org/public_html/submissions/math math.atan2.xsl
102.12.03 11:16 B C:\jakarta-tomcat-3.2.4\webapps\cocoon\exslt\submissions\math\math.ceil.1.xml --> ftp.exslt.org /www.exslt.org/public_html/submissions/math math.ceil.1.xml
102.12.03 11:16 B C:\jakarta-tomcat-3.2.4\webapps\cocoon\exslt\submissions\math\math.ceil.1.xsl --> ftp.exslt.org /www.exslt.org/public_html/submissions/math math.ceil.1.xsl
102.12.03 11:16 B C:\jakarta-tomcat-3.2.4\webapps\cocoon\exslt\submissions\math\math.ceil.javascript.submission.xml --> ftp.exslt.org /www.exslt.org/public_html/submissions/math math.ceil.javascript.submission.xml
102.12.03 11:16 B C:\jakarta-tomcat-3.2.4\webapps\cocoon\exslt\submissions\math\math.ceil.js --> ftp.exslt.org /www.exslt.org/public_html/submissions/math math.ceil.js
102.12.03 11:16 B C:\jakarta-tomcat-3.2.4\webapps\cocoon\exslt\submissions\math\math.ceil.msxslt.submission.xml --> ftp.exslt.org /www.exslt.org/public_html/submissions/math math.ceil.msxslt.submission.xml
102.12.03 11:16 B C:\jakarta-tomcat-3.2.4\webapps\cocoon\exslt\submissions\math\math.ceil.msxslt.xsl --> ftp.exslt.org /www.exslt.org/public_html/submissions/math math.ceil.msxslt.xsl
102.12.03 11:16 B C:\jakarta-tomcat-3.2.4\webapps\cocoon\exslt\submissions\math\math.ceil.submission.xml --> ftp.exslt.org /www.exslt.org/public_html/submissions/math math.ceil.submission.xml
102.12.03 11:16 B C:\jakarta-tomcat-3.2.4\webapps\cocoon\exslt\submissions\math\math.ceil.xsl --> ftp.exslt.org /www.exslt.org/public_html/submissions/math math.ceil.xsl
102.12.03 11:16 B C:\jakarta-tomcat-3.2.4\webapps\cocoon\exslt\submissions\math\math.constant.1.xml --> ftp.exslt.org /www.exslt.org/public_html/submissions/math math.constant.1.xml
102.12.03 11:16 B C:\jakarta-tomcat-3.2.4\webapps\cocoon\exslt\submissions\math\math.constant.1.xsl --> ftp.exslt.org /www.exslt.org/public_html/submissions/math math.constant.1.xsl
102.12.03 11:16 B C:\jakarta-tomcat-3.2.4\webapps\cocoon\exslt\submissions\math\math.constant.function.submission.xml --> ftp.exslt.org /www.exslt.org/public_html/submissions/math math.constant.function.submission.xml
102.12.03 11:16 B C:\jakarta-tomcat-3.2.4\webapps\cocoon\exslt\submissions\math\math.constant.function.xsl --> ftp.exslt.org /www.exslt.org/public_html/submissions/math math.constant.function.xsl
102.12.03 11:16 B C:\jakarta-tomcat-3.2.4\webapps\cocoon\exslt\submissions\math\math.constant.javascript.submission.xml --> ftp.exslt.org /www.exslt.org/public_html/submissions/math math.constant.javascript.submission.xml
102.12.03 11:16 B C:\jakarta-tomcat-3.2.4\webapps\cocoon\exslt\submissions\math\math.constant.js --> ftp.exslt.org /www.exslt.org/public_html/submissions/math math.constant.js
102.12.03 11:16 B C:\jakarta-tomcat-3.2.4\webapps\cocoon\exslt\submissions\math\math.constant.submission.xml --> ftp.exslt.org /www.exslt.org/public_html/submissions/math math.constant.submission.xml
102.12.03 11:16 B C:\jakarta-tomcat-3.2.4\webapps\cocoon\exslt\submissions\math\math.constant.template.submission.xml --> ftp.exslt.org /www.exslt.org/public_html/submissions/math math.constant.template.submission.xml
102.12.03 11:16 B C:\jakarta-tomcat-3.2.4\webapps\cocoon\exslt\submissions\math\math.constant.template.xsl --> ftp.exslt.org /www.exslt.org/public_html/submissions/math math.constant.template.xsl
102.12.03 11:16 B C:\jakarta-tomcat-3.2.4\webapps\cocoon\exslt\submissions\math\math.constant.xsl --> ftp.exslt.org /www.exslt.org/public_html/submissions/math math.constant.xsl
102.12.03 11:16 B C:\jakarta-tomcat-3.2.4\webapps\cocoon\exslt\submissions\math\math.cos.1.xml --> ftp.exslt.org /www.exslt.org/public_html/submissions/math math.cos.1.xml
102.12.03 11:16 B C:\jakarta-tomcat-3.2.4\webapps\cocoon\exslt\submissions\math\math.cos.1.xsl --> ftp.exslt.org /www.exslt.org/public_html/submissions/math math.cos.1.xsl
102.12.03 11:16 B C:\jakarta-tomcat-3.2.4\webapps\cocoon\exslt\submissions\math\math.cos.javascript.submission.xml --> ftp.exslt.org /www.exslt.org/public_html/submissions/math math.cos.javascript.submission.xml
102.12.03 11:16 B C:\jakarta-tomcat-3.2.4\webapps\cocoon\exslt\submissions\math\math.cos.js --> ftp.exslt.org /www.exslt.org/public_html/submissions/math math.cos.js
102.12.03 11:16 B C:\jakarta-tomcat-3.2.4\webapps\cocoon\exslt\submissions\math\math.cos.msxslt.submission.xml --> ftp.exslt.org /www.exslt.org/public_html/submissions/math math.cos.msxslt.submission.xml
102.12.03 11:16 B C:\jakarta-tomcat-3.2.4\webapps\cocoon\exslt\submissions\math\math.cos.msxslt.xsl --> ftp.exslt.org /www.exslt.org/public_html/submissions/math math.cos.msxslt.xsl
102.12.03 11:16 B C:\jakarta-tomcat-3.2.4\webapps\cocoon\exslt\submissions\math\math.cos.submission.xml --> ftp.exslt.org /www.exslt.org/public_html/submissions/math math.cos.submission.xml
102.12.03 11:16 B C:\jakarta-tomcat-3.2.4\webapps\cocoon\exslt\submissions\math\math.cos.xsl --> ftp.exslt.org /www.exslt.org/public_html/submissions/math math.cos.xsl
102.12.03 11:16 B C:\jakarta-tomcat-3.2.4\webapps\cocoon\exslt\submissions\math\math.exp.1.xml --> ftp.exslt.org /www.exslt.org/public_html/submissions/math math.exp.1.xml
102.12.03 11:16 B C:\jakarta-tomcat-3.2.4\webapps\cocoon\exslt\submissions\math\math.exp.1.xsl --> ftp.exslt.org /www.exslt.org/public_html/submissions/math math.exp.1.xsl
102.12.03 11:16 B C:\jakarta-tomcat-3.2.4\webapps\cocoon\exslt\submissions\math\math.exp.javascript.submission.xml --> ftp.exslt.org /www.exslt.org/public_html/submissions/math math.exp.javascript.submission.xml
102.12.03 11:16 B C:\jakarta-tomcat-3.2.4\webapps\cocoon\exslt\submissions\math\math.exp.js --> ftp.exslt.org /www.exslt.org/public_html/submissions/math math.exp.js
102.12.03 11:16 B C:\jakarta-tomcat-3.2.4\webapps\cocoon\exslt\submissions\math\math.exp.msxslt.submission.xml --> ftp.exslt.org /www.exslt.org/public_html/submissions/math math.exp.msxslt.submission.xml
102.12.03 11:16 B C:\jakarta-tomcat-3.2.4\webapps\cocoon\exslt\submissions\math\math.exp.msxslt.xsl --> ftp.exslt.org /www.exslt.org/public_html/submissions/math math.exp.msxslt.xsl
102.12.03 11:16 B C:\jakarta-tomcat-3.2.4\webapps\cocoon\exslt\submissions\math\math.exp.submission.xml --> ftp.exslt.org /www.exslt.org/public_html/submissions/math math.exp.submission.xml
102.12.03 11:16 B C:\jakarta-tomcat-3.2.4\webapps\cocoon\exslt\submissions\math\math.exp.xsl --> ftp.exslt.org /www.exslt.org/public_html/submissions/math math.exp.xsl
102.12.03 11:16 B C:\jakarta-tomcat-3.2.4\webapps\cocoon\exslt\submissions\math\math.floor.1.xml --> ftp.exslt.org /www.exslt.org/public_html/submissions/math math.floor.1.xml
102.12.03 11:16 B C:\jakarta-tomcat-3.2.4\webapps\cocoon\exslt\submissions\math\math.floor.1.xsl --> ftp.exslt.org /www.exslt.org/public_html/submissions/math math.floor.1.xsl
102.12.03 11:16 B C:\jakarta-tomcat-3.2.4\webapps\cocoon\exslt\submissions\math\math.floor.javascript.submission.xml --> ftp.exslt.org /www.exslt.org/public_html/submissions/math math.floor.javascript.submission.xml
102.12.03 11:16 B C:\jakarta-tomcat-3.2.4\webapps\cocoon\exslt\submissions\math\math.floor.js --> ftp.exslt.org /www.exslt.org/public_html/submissions/math math.floor.js
102.12.03 11:16 B C:\jakarta-tomcat-3.2.4\webapps\cocoon\exslt\submissions\math\math.floor.msxslt.submission.xml --> ftp.exslt.org /www.exslt.org/public_html/submissions/math math.floor.msxslt.submission.xml
102.12.03 11:16 B C:\jakarta-tomcat-3.2.4\webapps\cocoon\exslt\submissions\math\math.floor.msxslt.xsl --> ftp.exslt.org /www.exslt.org/public_html/submissions/math math.floor.msxslt.xsl
102.12.03 11:16 B C:\jakarta-tomcat-3.2.4\webapps\cocoon\exslt\submissions\math\math.floor.submission.xml --> ftp.exslt.org /www.exslt.org/public_html/submissions/math math.floor.submission.xml
102.12.03 11:16 B C:\jakarta-tomcat-3.2.4\webapps\cocoon\exslt\submissions\math\math.floor.xsl --> ftp.exslt.org /www.exslt.org/public_html/submissions/math math.floor.xsl
102.12.03 11:16 B C:\jakarta-tomcat-3.2.4\webapps\cocoon\exslt\submissions\math\math.highest.function.xsl --> ftp.exslt.org /www.exslt.org/public_html/submissions/math math.highest.function.xsl
102.12.03 11:16 B C:\jakarta-tomcat-3.2.4\webapps\cocoon\exslt\submissions\math\math.highest.html --> ftp.exslt.org /www.exslt.org/public_html/submissions/math math.highest.html
102.12.03 11:16 B C:\jakarta-tomcat-3.2.4\webapps\cocoon\exslt\submissions\math\math.highest.template.xsl --> ftp.exslt.org /www.exslt.org/public_html/submissions/math math.highest.template.xsl
102.12.03 11:16 B C:\jakarta-tomcat-3.2.4\webapps\cocoon\exslt\submissions\math\math.highest.xml --> ftp.exslt.org /www.exslt.org/public_html/submissions/math math.highest.xml
102.12.03 11:16 B C:\jakarta-tomcat-3.2.4\webapps\cocoon\exslt\submissions\math\math.highest.xsl --> ftp.exslt.org /www.exslt.org/public_html/submissions/math math.highest.xsl
102.12.03 11:16 B C:\jakarta-tomcat-3.2.4\webapps\cocoon\exslt\submissions\math\math.log.1.xml --> ftp.exslt.org /www.exslt.org/public_html/submissions/math math.log.1.xml
102.12.03 11:16 B C:\jakarta-tomcat-3.2.4\webapps\cocoon\exslt\submissions\math\math.log.1.xsl --> ftp.exslt.org /www.exslt.org/public_html/submissions/math math.log.1.xsl
102.12.03 11:16 B C:\jakarta-tomcat-3.2.4\webapps\cocoon\exslt\submissions\math\math.log.javascript.submission.xml --> ftp.exslt.org /www.exslt.org/public_html/submissions/math math.log.javascript.submission.xml
102.12.03 11:16 B C:\jakarta-tomcat-3.2.4\webapps\cocoon\exslt\submissions\math\math.log.js --> ftp.exslt.org /www.exslt.org/public_html/submissions/math math.log.js
102.12.03 11:16 B C:\jakarta-tomcat-3.2.4\webapps\cocoon\exslt\submissions\math\math.log.msxslt.submission.xml --> ftp.exslt.org /www.exslt.org/public_html/submissions/math math.log.msxslt.submission.xml
102.12.03 11:16 B C:\jakarta-tomcat-3.2.4\webapps\cocoon\exslt\submissions\math\math.log.msxslt.xsl --> ftp.exslt.org /www.exslt.org/public_html/submissions/math math.log.msxslt.xsl
102.12.03 11:16 B C:\jakarta-tomcat-3.2.4\webapps\cocoon\exslt\submissions\math\math.log.submission.xml --> ftp.exslt.org /www.exslt.org/public_html/submissions/math math.log.submission.xml
102.12.03 11:16 B C:\jakarta-tomcat-3.2.4\webapps\cocoon\exslt\submissions\math\math.log.xsl --> ftp.exslt.org /www.exslt.org/public_html/submissions/math math.log.xsl
102.12.03 11:16 B C:\jakarta-tomcat-3.2.4\webapps\cocoon\exslt\submissions\math\math.lowest.function.xsl --> ftp.exslt.org /www.exslt.org/public_html/submissions/math math.lowest.function.xsl
102.12.03 11:16 B C:\jakarta-tomcat-3.2.4\webapps\cocoon\exslt\submissions\math\math.lowest.html --> ftp.exslt.org /www.exslt.org/public_html/submissions/math math.lowest.html
102.12.03 11:16 B C:\jakarta-tomcat-3.2.4\webapps\cocoon\exslt\submissions\math\math.lowest.template.xsl --> ftp.exslt.org /www.exslt.org/public_html/submissions/math math.lowest.template.xsl
102.12.03 11:16 B C:\jakarta-tomcat-3.2.4\webapps\cocoon\exslt\submissions\math\math.lowest.xml --> ftp.exslt.org /www.exslt.org/public_html/submissions/math math.lowest.xml
102.12.03 11:16 B C:\jakarta-tomcat-3.2.4\webapps\cocoon\exslt\submissions\math\math.lowest.xsl --> ftp.exslt.org /www.exslt.org/public_html/submissions/math math.lowest.xsl
102.12.03 11:16 B C:\jakarta-tomcat-3.2.4\webapps\cocoon\exslt\submissions\math\math.max.function.xsl --> ftp.exslt.org /www.exslt.org/public_html/submissions/math math.max.function.xsl
102.12.03 11:16 B C:\jakarta-tomcat-3.2.4\webapps\cocoon\exslt\submissions\math\math.max.html --> ftp.exslt.org /www.exslt.org/public_html/submissions/math math.max.html
102.12.03 11:16 B C:\jakarta-tomcat-3.2.4\webapps\cocoon\exslt\submissions\math\math.max.template.xsl --> ftp.exslt.org /www.exslt.org/public_html/submissions/math math.max.template.xsl
102.12.03 11:16 B C:\jakarta-tomcat-3.2.4\webapps\cocoon\exslt\submissions\math\math.max.xml --> ftp.exslt.org /www.exslt.org/public_html/submissions/math math.max.xml
102.12.03 11:16 B C:\jakarta-tomcat-3.2.4\webapps\cocoon\exslt\submissions\math\math.max.xsl --> ftp.exslt.org /www.exslt.org/public_html/submissions/math math.max.xsl
102.12.03 11:16 B C:\jakarta-tomcat-3.2.4\webapps\cocoon\exslt\submissions\math\math.min.function.xsl --> ftp.exslt.org /www.exslt.org/public_html/submissions/math math.min.function.xsl
102.12.03 11:16 B C:\jakarta-tomcat-3.2.4\webapps\cocoon\exslt\submissions\math\math.min.html --> ftp.exslt.org /www.exslt.org/public_html/submissions/math math.min.html
102.12.03 11:16 B C:\jakarta-tomcat-3.2.4\webapps\cocoon\exslt\submissions\math\math.min.js --> ftp.exslt.org /www.exslt.org/public_html/submissions/math math.min.js
102.12.03 11:16 B C:\jakarta-tomcat-3.2.4\webapps\cocoon\exslt\submissions\math\math.min.template.xsl --> ftp.exslt.org /www.exslt.org/public_html/submissions/math math.min.template.xsl
102.12.03 11:16 B C:\jakarta-tomcat-3.2.4\webapps\cocoon\exslt\submissions\math\math.min.xml --> ftp.exslt.org /www.exslt.org/public_html/submissions/math math.min.xml
102.12.03 11:16 B C:\jakarta-tomcat-3.2.4\webapps\cocoon\exslt\submissions\math\math.min.xsl --> ftp.exslt.org /www.exslt.org/public_html/submissions/math math.min.xsl
102.12.03 11:16 B C:\jakarta-tomcat-3.2.4\webapps\cocoon\exslt\submissions\math\math.power.1.xml --> ftp.exslt.org /www.exslt.org/public_html/submissions/math math.power.1.xml
102.12.03 11:16 B C:\jakarta-tomcat-3.2.4\webapps\cocoon\exslt\submissions\math\math.power.1.xsl --> ftp.exslt.org /www.exslt.org/public_html/submissions/math math.power.1.xsl
102.12.03 11:16 B C:\jakarta-tomcat-3.2.4\webapps\cocoon\exslt\submissions\math\math.power.function.submission.xml --> ftp.exslt.org /www.exslt.org/public_html/submissions/math math.power.function.submission.xml
102.12.03 11:16 B C:\jakarta-tomcat-3.2.4\webapps\cocoon\exslt\submissions\math\math.power.function.xsl --> ftp.exslt.org /www.exslt.org/public_html/submissions/math math.power.function.xsl
102.12.03 11:16 B C:\jakarta-tomcat-3.2.4\webapps\cocoon\exslt\submissions\math\math.power.javascript.submission.xml --> ftp.exslt.org /www.exslt.org/public_html/submissions/math math.power.javascript.submission.xml
102.12.03 11:16 B C:\jakarta-tomcat-3.2.4\webapps\cocoon\exslt\submissions\math\math.power.js --> ftp.exslt.org /www.exslt.org/public_html/submissions/math math.power.js
102.12.03 11:16 B C:\jakarta-tomcat-3.2.4\webapps\cocoon\exslt\submissions\math\math.power.msxslt.submission.xml --> ftp.exslt.org /www.exslt.org/public_html/submissions/math math.power.msxslt.submission.xml
102.12.03 11:16 B C:\jakarta-tomcat-3.2.4\webapps\cocoon\exslt\submissions\math\math.power.msxslt.xsl --> ftp.exslt.org /www.exslt.org/public_html/submissions/math math.power.msxslt.xsl
102.12.03 11:16 B C:\jakarta-tomcat-3.2.4\webapps\cocoon\exslt\submissions\math\math.power.submission.xml --> ftp.exslt.org /www.exslt.org/public_html/submissions/math math.power.submission.xml
102.12.03 11:16 B C:\jakarta-tomcat-3.2.4\webapps\cocoon\exslt\submissions\math\math.power.template.submission.xml --> ftp.exslt.org /www.exslt.org/public_html/submissions/math math.power.template.submission.xml
102.12.03 11:16 B C:\jakarta-tomcat-3.2.4\webapps\cocoon\exslt\submissions\math\math.power.template.xsl --> ftp.exslt.org /www.exslt.org/public_html/submissions/math math.power.template.xsl
102.12.03 11:16 B C:\jakarta-tomcat-3.2.4\webapps\cocoon\exslt\submissions\math\math.power.xsl --> ftp.exslt.org /www.exslt.org/public_html/submissions/math math.power.xsl
102.12.03 11:16 B C:\jakarta-tomcat-3.2.4\webapps\cocoon\exslt\submissions\math\math.power.zip --> ftp.exslt.org /www.exslt.org/public_html/submissions/math math.power.zip
102.12.03 11:16 B C:\jakarta-tomcat-3.2.4\webapps\cocoon\exslt\submissions\math\math.random.1.xml --> ftp.exslt.org /www.exslt.org/public_html/submissions/math math.random.1.xml
102.12.03 11:16 B C:\jakarta-tomcat-3.2.4\webapps\cocoon\exslt\submissions\math\math.random.1.xsl --> ftp.exslt.org /www.exslt.org/public_html/submissions/math math.random.1.xsl
102.12.03 11:16 B C:\jakarta-tomcat-3.2.4\webapps\cocoon\exslt\submissions\math\math.random.javascript.submission.xml --> ftp.exslt.org /www.exslt.org/public_html/submissions/math math.random.javascript.submission.xml
102.12.03 11:16 B C:\jakarta-tomcat-3.2.4\webapps\cocoon\exslt\submissions\math\math.random.js --> ftp.exslt.org /www.exslt.org/public_html/submissions/math math.random.js
102.12.03 11:16 B C:\jakarta-tomcat-3.2.4\webapps\cocoon\exslt\submissions\math\math.random.msxslt.submission.xml --> ftp.exslt.org /www.exslt.org/public_html/submissions/math math.random.msxslt.submission.xml
102.12.03 11:16 B C:\jakarta-tomcat-3.2.4\webapps\cocoon\exslt\submissions\math\math.random.msxslt.xsl --> ftp.exslt.org /www.exslt.org/public_html/submissions/math math.random.msxslt.xsl
102.12.03 11:16 B C:\jakarta-tomcat-3.2.4\webapps\cocoon\exslt\submissions\math\math.random.submission.xml --> ftp.exslt.org /www.exslt.org/public_html/submissions/math math.random.submission.xml
102.12.03 11:16 B C:\jakarta-tomcat-3.2.4\webapps\cocoon\exslt\submissions\math\math.random.xsl --> ftp.exslt.org /www.exslt.org/public_html/submissions/math math.random.xsl
102.12.03 11:16 B C:\jakarta-tomcat-3.2.4\webapps\cocoon\exslt\submissions\math\math.round.1.xml --> ftp.exslt.org /www.exslt.org/public_html/submissions/math math.round.1.xml
102.12.03 11:16 B C:\jakarta-tomcat-3.2.4\webapps\cocoon\exslt\submissions\math\math.round.1.xsl --> ftp.exslt.org /www.exslt.org/public_html/submissions/math math.round.1.xsl
102.12.03 11:16 B C:\jakarta-tomcat-3.2.4\webapps\cocoon\exslt\submissions\math\math.round.javascript.submission.xml --> ftp.exslt.org /www.exslt.org/public_html/submissions/math math.round.javascript.submission.xml
102.12.03 11:16 B C:\jakarta-tomcat-3.2.4\webapps\cocoon\exslt\submissions\math\math.round.js --> ftp.exslt.org /www.exslt.org/public_html/submissions/math math.round.js
102.12.03 11:16 B C:\jakarta-tomcat-3.2.4\webapps\cocoon\exslt\submissions\math\math.round.msxslt.submission.xml --> ftp.exslt.org /www.exslt.org/public_html/submissions/math math.round.msxslt.submission.xml
102.12.03 11:16 B C:\jakarta-tomcat-3.2.4\webapps\cocoon\exslt\submissions\math\math.round.msxslt.xsl --> ftp.exslt.org /www.exslt.org/public_html/submissions/math math.round.msxslt.xsl
102.12.03 11:16 B C:\jakarta-tomcat-3.2.4\webapps\cocoon\exslt\submissions\math\math.round.submission.xml --> ftp.exslt.org /www.exslt.org/public_html/submissions/math math.round.submission.xml
102.12.03 11:16 B C:\jakarta-tomcat-3.2.4\webapps\cocoon\exslt\submissions\math\math.round.xsl --> ftp.exslt.org /www.exslt.org/public_html/submissions/math math.round.xsl
102.12.03 11:16 B C:\jakarta-tomcat-3.2.4\webapps\cocoon\exslt\submissions\math\math.sin.1.xml --> ftp.exslt.org /www.exslt.org/public_html/submissions/math math.sin.1.xml
102.12.03 11:16 B C:\jakarta-tomcat-3.2.4\webapps\cocoon\exslt\submissions\math\math.sin.1.xsl --> ftp.exslt.org /www.exslt.org/public_html/submissions/math math.sin.1.xsl
102.12.03 11:16 B C:\jakarta-tomcat-3.2.4\webapps\cocoon\exslt\submissions\math\math.sin.javascript.submission.xml --> ftp.exslt.org /www.exslt.org/public_html/submissions/math math.sin.javascript.submission.xml
102.12.03 11:16 B C:\jakarta-tomcat-3.2.4\webapps\cocoon\exslt\submissions\math\math.sin.js --> ftp.exslt.org /www.exslt.org/public_html/submissions/math math.sin.js
102.12.03 11:16 B C:\jakarta-tomcat-3.2.4\webapps\cocoon\exslt\submissions\math\math.sin.msxslt.submission.xml --> ftp.exslt.org /www.exslt.org/public_html/submissions/math math.sin.msxslt.submission.xml
102.12.03 11:16 B C:\jakarta-tomcat-3.2.4\webapps\cocoon\exslt\submissions\math\math.sin.msxslt.xsl --> ftp.exslt.org /www.exslt.org/public_html/submissions/math math.sin.msxslt.xsl
102.12.03 11:16 B C:\jakarta-tomcat-3.2.4\webapps\cocoon\exslt\submissions\math\math.sin.submission.xml --> ftp.exslt.org /www.exslt.org/public_html/submissions/math math.sin.submission.xml
102.12.03 11:16 B C:\jakarta-tomcat-3.2.4\webapps\cocoon\exslt\submissions\math\math.sin.xsl --> ftp.exslt.org /www.exslt.org/public_html/submissions/math math.sin.xsl
102.12.03 11:16 B C:\jakarta-tomcat-3.2.4\webapps\cocoon\exslt\submissions\math\math.sqrt.1.xml --> ftp.exslt.org /www.exslt.org/public_html/submissions/math math.sqrt.1.xml
102.12.03 11:16 B C:\jakarta-tomcat-3.2.4\webapps\cocoon\exslt\submissions\math\math.sqrt.1.xsl --> ftp.exslt.org /www.exslt.org/public_html/submissions/math math.sqrt.1.xsl
102.12.03 11:16 B C:\jakarta-tomcat-3.2.4\webapps\cocoon\exslt\submissions\math\math.sqrt.javascript.submission.xml --> ftp.exslt.org /www.exslt.org/public_html/submissions/math math.sqrt.javascript.submission.xml
102.12.03 11:16 B C:\jakarta-tomcat-3.2.4\webapps\cocoon\exslt\submissions\math\math.sqrt.js --> ftp.exslt.org /www.exslt.org/public_html/submissions/math math.sqrt.js
102.12.03 11:16 B C:\jakarta-tomcat-3.2.4\webapps\cocoon\exslt\submissions\math\math.sqrt.msxslt.submission.xml --> ftp.exslt.org /www.exslt.org/public_html/submissions/math math.sqrt.msxslt.submission.xml
102.12.03 11:16 B C:\jakarta-tomcat-3.2.4\webapps\cocoon\exslt\submissions\math\math.sqrt.msxslt.xsl --> ftp.exslt.org /www.exslt.org/public_html/submissions/math math.sqrt.msxslt.xsl
102.12.03 11:16 B C:\jakarta-tomcat-3.2.4\webapps\cocoon\exslt\submissions\math\math.sqrt.submission.xml --> ftp.exslt.org /www.exslt.org/public_html/submissions/math math.sqrt.submission.xml
102.12.03 11:16 B C:\jakarta-tomcat-3.2.4\webapps\cocoon\exslt\submissions\math\math.sqrt.xsl --> ftp.exslt.org /www.exslt.org/public_html/submissions/math math.sqrt.xsl
102.12.03 11:16 B C:\jakarta-tomcat-3.2.4\webapps\cocoon\exslt\submissions\math\math.tan.1.xml --> ftp.exslt.org /www.exslt.org/public_html/submissions/math math.tan.1.xml
102.12.03 11:16 B C:\jakarta-tomcat-3.2.4\webapps\cocoon\exslt\submissions\math\math.tan.1.xsl --> ftp.exslt.org /www.exslt.org/public_html/submissions/math math.tan.1.xsl
102.12.03 11:16 B C:\jakarta-tomcat-3.2.4\webapps\cocoon\exslt\submissions\math\math.tan.javascript.submission.xml --> ftp.exslt.org /www.exslt.org/public_html/submissions/math math.tan.javascript.submission.xml
102.12.03 11:16 B C:\jakarta-tomcat-3.2.4\webapps\cocoon\exslt\submissions\math\math.tan.js --> ftp.exslt.org /www.exslt.org/public_html/submissions/math math.tan.js
102.12.03 11:16 B C:\jakarta-tomcat-3.2.4\webapps\cocoon\exslt\submissions\math\math.tan.msxslt.submission.xml --> ftp.exslt.org /www.exslt.org/public_html/submissions/math math.tan.msxslt.submission.xml
102.12.03 11:16 B C:\jakarta-tomcat-3.2.4\webapps\cocoon\exslt\submissions\math\math.tan.msxslt.xsl --> ftp.exslt.org /www.exslt.org/public_html/submissions/math math.tan.msxslt.xsl
102.12.03 11:16 B C:\jakarta-tomcat-3.2.4\webapps\cocoon\exslt\submissions\math\math.tan.submission.xml --> ftp.exslt.org /www.exslt.org/public_html/submissions/math math.tan.submission.xml
102.12.03 11:16 B C:\jakarta-tomcat-3.2.4\webapps\cocoon\exslt\submissions\math\math.tan.xsl --> ftp.exslt.org /www.exslt.org/public_html/submissions/math math.tan.xsl
102.12.03 11:16 B C:\jakarta-tomcat-3.2.4\webapps\cocoon\exslt\submissions\math\WS_FTP.LOG --> ftp.exslt.org /www.exslt.org/public_html/submissions/math WS_FTP.LOG
102.12.11 11:14 B C:\jakarta-tomcat-3.2.4\webapps\cocoon\exslt\submissions\math\math.abs.1.xml --> ftp.exslt.org /www.exslt.org/public_html/submissions/math math.abs.1.xml
102.12.11 11:14 B C:\jakarta-tomcat-3.2.4\webapps\cocoon\exslt\submissions\math\math.abs.1.xsl --> ftp.exslt.org /www.exslt.org/public_html/submissions/math math.abs.1.xsl
102.12.11 11:14 B C:\jakarta-tomcat-3.2.4\webapps\cocoon\exslt\submissions\math\math.abs.javascript.submission.xml --> ftp.exslt.org /www.exslt.org/public_html/submissions/math math.abs.javascript.submission.xml
102.12.11 11:14 B C:\jakarta-tomcat-3.2.4\webapps\cocoon\exslt\submissions\math\math.abs.js --> ftp.exslt.org /www.exslt.org/public_html/submissions/math math.abs.js
102.12.11 11:14 B C:\jakarta-tomcat-3.2.4\webapps\cocoon\exslt\submissions\math\math.abs.msxslt.submission.xml --> ftp.exslt.org /www.exslt.org/public_html/submissions/math math.abs.msxslt.submission.xml
102.12.11 11:14 B C:\jakarta-tomcat-3.2.4\webapps\cocoon\exslt\submissions\math\math.abs.msxslt.xsl --> ftp.exslt.org /www.exslt.org/public_html/submissions/math math.abs.msxslt.xsl
102.12.11 11:14 B C:\jakarta-tomcat-3.2.4\webapps\cocoon\exslt\submissions\math\math.abs.submission.xml --> ftp.exslt.org /www.exslt.org/public_html/submissions/math math.abs.submission.xml
102.12.11 11:14 B C:\jakarta-tomcat-3.2.4\webapps\cocoon\exslt\submissions\math\math.abs.xsl --> ftp.exslt.org /www.exslt.org/public_html/submissions/math math.abs.xsl
102.12.11 11:14 B C:\jakarta-tomcat-3.2.4\webapps\cocoon\exslt\submissions\math\math.acos.1.xml --> ftp.exslt.org /www.exslt.org/public_html/submissions/math math.acos.1.xml
102.12.11 11:14 B C:\jakarta-tomcat-3.2.4\webapps\cocoon\exslt\submissions\math\math.acos.1.xsl --> ftp.exslt.org /www.exslt.org/public_html/submissions/math math.acos.1.xsl
102.12.11 11:14 B C:\jakarta-tomcat-3.2.4\webapps\cocoon\exslt\submissions\math\math.acos.javascript.submission.xml --> ftp.exslt.org /www.exslt.org/public_html/submissions/math math.acos.javascript.submission.xml
102.12.11 11:14 B C:\jakarta-tomcat-3.2.4\webapps\cocoon\exslt\submissions\math\math.acos.js --> ftp.exslt.org /www.exslt.org/public_html/submissions/math math.acos.js
102.12.11 11:14 B C:\jakarta-tomcat-3.2.4\webapps\cocoon\exslt\submissions\math\math.acos.msxslt.submission.xml --> ftp.exslt.org /www.exslt.org/public_html/submissions/math math.acos.msxslt.submission.xml
102.12.11 11:14 B C:\jakarta-tomcat-3.2.4\webapps\cocoon\exslt\submissions\math\math.acos.msxslt.xsl --> ftp.exslt.org /www.exslt.org/public_html/submissions/math math.acos.msxslt.xsl
102.12.11 11:14 B C:\jakarta-tomcat-3.2.4\webapps\cocoon\exslt\submissions\math\math.acos.submission.xml --> ftp.exslt.org /www.exslt.org/public_html/submissions/math math.acos.submission.xml
102.12.11 11:14 B C:\jakarta-tomcat-3.2.4\webapps\cocoon\exslt\submissions\math\math.acos.xsl --> ftp.exslt.org /www.exslt.org/public_html/submissions/math math.acos.xsl
102.12.11 11:14 B C:\jakarta-tomcat-3.2.4\webapps\cocoon\exslt\submissions\math\math.asin.1.xml --> ftp.exslt.org /www.exslt.org/public_html/submissions/math math.asin.1.xml
102.12.11 11:14 B C:\jakarta-tomcat-3.2.4\webapps\cocoon\exslt\submissions\math\math.asin.1.xsl --> ftp.exslt.org /www.exslt.org/public_html/submissions/math math.asin.1.xsl
102.12.11 11:14 B C:\jakarta-tomcat-3.2.4\webapps\cocoon\exslt\submissions\math\math.asin.javascript.submission.xml --> ftp.exslt.org /www.exslt.org/public_html/submissions/math math.asin.javascript.submission.xml
102.12.11 11:14 B C:\jakarta-tomcat-3.2.4\webapps\cocoon\exslt\submissions\math\math.asin.js --> ftp.exslt.org /www.exslt.org/public_html/submissions/math math.asin.js
102.12.11 11:14 B C:\jakarta-tomcat-3.2.4\webapps\cocoon\exslt\submissions\math\math.asin.msxslt.submission.xml --> ftp.exslt.org /www.exslt.org/public_html/submissions/math math.asin.msxslt.submission.xml
102.12.11 11:14 B C:\jakarta-tomcat-3.2.4\webapps\cocoon\exslt\submissions\math\math.asin.msxslt.xsl --> ftp.exslt.org /www.exslt.org/public_html/submissions/math math.asin.msxslt.xsl
102.12.11 11:14 B C:\jakarta-tomcat-3.2.4\webapps\cocoon\exslt\submissions\math\math.asin.submission.xml --> ftp.exslt.org /www.exslt.org/public_html/submissions/math math.asin.submission.xml
102.12.11 11:14 B C:\jakarta-tomcat-3.2.4\webapps\cocoon\exslt\submissions\math\math.asin.xsl --> ftp.exslt.org /www.exslt.org/public_html/submissions/math math.asin.xsl
102.12.11 11:14 B C:\jakarta-tomcat-3.2.4\webapps\cocoon\exslt\submissions\math\math.atan.1.xml --> ftp.exslt.org /www.exslt.org/public_html/submissions/math math.atan.1.xml
102.12.11 11:14 B C:\jakarta-tomcat-3.2.4\webapps\cocoon\exslt\submissions\math\math.atan.1.xsl --> ftp.exslt.org /www.exslt.org/public_html/submissions/math math.atan.1.xsl
102.12.11 11:14 B C:\jakarta-tomcat-3.2.4\webapps\cocoon\exslt\submissions\math\math.atan.javascript.submission.xml --> ftp.exslt.org /www.exslt.org/public_html/submissions/math math.atan.javascript.submission.xml
102.12.11 11:14 B C:\jakarta-tomcat-3.2.4\webapps\cocoon\exslt\submissions\math\math.atan.js --> ftp.exslt.org /www.exslt.org/public_html/submissions/math math.atan.js
102.12.11 11:14 B C:\jakarta-tomcat-3.2.4\webapps\cocoon\exslt\submissions\math\math.atan.msxslt.submission.xml --> ftp.exslt.org /www.exslt.org/public_html/submissions/math math.atan.msxslt.submission.xml
102.12.11 11:14 B C:\jakarta-tomcat-3.2.4\webapps\cocoon\exslt\submissions\math\math.atan.msxslt.xsl --> ftp.exslt.org /www.exslt.org/public_html/submissions/math math.atan.msxslt.xsl
102.12.11 11:14 B C:\jakarta-tomcat-3.2.4\webapps\cocoon\exslt\submissions\math\math.atan.submission.xml --> ftp.exslt.org /www.exslt.org/public_html/submissions/math math.atan.submission.xml
102.12.11 11:14 B C:\jakarta-tomcat-3.2.4\webapps\cocoon\exslt\submissions\math\math.atan.xsl --> ftp.exslt.org /www.exslt.org/public_html/submissions/math math.atan.xsl
102.12.11 11:14 B C:\jakarta-tomcat-3.2.4\webapps\cocoon\exslt\submissions\math\math.atan2.1.xml --> ftp.exslt.org /www.exslt.org/public_html/submissions/math math.atan2.1.xml
102.12.11 11:14 B C:\jakarta-tomcat-3.2.4\webapps\cocoon\exslt\submissions\math\math.atan2.1.xsl --> ftp.exslt.org /www.exslt.org/public_html/submissions/math math.atan2.1.xsl
102.12.11 11:14 B C:\jakarta-tomcat-3.2.4\webapps\cocoon\exslt\submissions\math\math.atan2.javascript.submission.xml --> ftp.exslt.org /www.exslt.org/public_html/submissions/math math.atan2.javascript.submission.xml
102.12.11 11:14 B C:\jakarta-tomcat-3.2.4\webapps\cocoon\exslt\submissions\math\math.atan2.js --> ftp.exslt.org /www.exslt.org/public_html/submissions/math math.atan2.js
102.12.11 11:14 B C:\jakarta-tomcat-3.2.4\webapps\cocoon\exslt\submissions\math\math.atan2.msxslt.submission.xml --> ftp.exslt.org /www.exslt.org/public_html/submissions/math math.atan2.msxslt.submission.xml
102.12.11 11:14 B C:\jakarta-tomcat-3.2.4\webapps\cocoon\exslt\submissions\math\math.atan2.msxslt.xsl --> ftp.exslt.org /www.exslt.org/public_html/submissions/math math.atan2.msxslt.xsl
102.12.11 11:14 B C:\jakarta-tomcat-3.2.4\webapps\cocoon\exslt\submissions\math\math.atan2.submission.xml --> ftp.exslt.org /www.exslt.org/public_html/submissions/math math.atan2.submission.xml
102.12.11 11:14 B C:\jakarta-tomcat-3.2.4\webapps\cocoon\exslt\submissions\math\math.atan2.xsl --> ftp.exslt.org /www.exslt.org/public_html/submissions/math math.atan2.xsl
102.12.11 11:14 B C:\jakarta-tomcat-3.2.4\webapps\cocoon\exslt\submissions\math\math.ceil.1.xml --> ftp.exslt.org /www.exslt.org/public_html/submissions/math math.ceil.1.xml
102.12.11 11:14 B C:\jakarta-tomcat-3.2.4\webapps\cocoon\exslt\submissions\math\math.ceil.1.xsl --> ftp.exslt.org /www.exslt.org/public_html/submissions/math math.ceil.1.xsl
102.12.11 11:14 B C:\jakarta-tomcat-3.2.4\webapps\cocoon\exslt\submissions\math\math.ceil.javascript.submission.xml --> ftp.exslt.org /www.exslt.org/public_html/submissions/math math.ceil.javascript.submission.xml
102.12.11 11:14 B C:\jakarta-tomcat-3.2.4\webapps\cocoon\exslt\submissions\math\math.ceil.js --> ftp.exslt.org /www.exslt.org/public_html/submissions/math math.ceil.js
102.12.11 11:14 B C:\jakarta-tomcat-3.2.4\webapps\cocoon\exslt\submissions\math\math.ceil.msxslt.submission.xml --> ftp.exslt.org /www.exslt.org/public_html/submissions/math math.ceil.msxslt.submission.xml
102.12.11 11:14 B C:\jakarta-tomcat-3.2.4\webapps\cocoon\exslt\submissions\math\math.ceil.msxslt.xsl --> ftp.exslt.org /www.exslt.org/public_html/submissions/math math.ceil.msxslt.xsl
102.12.11 11:14 B C:\jakarta-tomcat-3.2.4\webapps\cocoon\exslt\submissions\math\math.ceil.submission.xml --> ftp.exslt.org /www.exslt.org/public_html/submissions/math math.ceil.submission.xml
102.12.11 11:14 B C:\jakarta-tomcat-3.2.4\webapps\cocoon\exslt\submissions\math\math.ceil.xsl --> ftp.exslt.org /www.exslt.org/public_html/submissions/math math.ceil.xsl
102.12.11 11:14 B C:\jakarta-tomcat-3.2.4\webapps\cocoon\exslt\submissions\math\math.constant.1.xml --> ftp.exslt.org /www.exslt.org/public_html/submissions/math math.constant.1.xml
102.12.11 11:14 B C:\jakarta-tomcat-3.2.4\webapps\cocoon\exslt\submissions\math\math.constant.1.xsl --> ftp.exslt.org /www.exslt.org/public_html/submissions/math math.constant.1.xsl
102.12.11 11:14 B C:\jakarta-tomcat-3.2.4\webapps\cocoon\exslt\submissions\math\math.constant.function.submission.xml --> ftp.exslt.org /www.exslt.org/public_html/submissions/math math.constant.function.submission.xml
102.12.11 11:14 B C:\jakarta-tomcat-3.2.4\webapps\cocoon\exslt\submissions\math\math.constant.function.xsl --> ftp.exslt.org /www.exslt.org/public_html/submissions/math math.constant.function.xsl
102.12.11 11:14 B C:\jakarta-tomcat-3.2.4\webapps\cocoon\exslt\submissions\math\math.constant.javascript.submission.xml --> ftp.exslt.org /www.exslt.org/public_html/submissions/math math.constant.javascript.submission.xml
102.12.11 11:14 B C:\jakarta-tomcat-3.2.4\webapps\cocoon\exslt\submissions\math\math.constant.js --> ftp.exslt.org /www.exslt.org/public_html/submissions/math math.constant.js
102.12.11 11:14 B C:\jakarta-tomcat-3.2.4\webapps\cocoon\exslt\submissions\math\math.constant.submission.xml --> ftp.exslt.org /www.exslt.org/public_html/submissions/math math.constant.submission.xml
102.12.11 11:14 B C:\jakarta-tomcat-3.2.4\webapps\cocoon\exslt\submissions\math\math.constant.template.submission.xml --> ftp.exslt.org /www.exslt.org/public_html/submissions/math math.constant.template.submission.xml
102.12.11 11:14 B C:\jakarta-tomcat-3.2.4\webapps\cocoon\exslt\submissions\math\math.constant.template.xsl --> ftp.exslt.org /www.exslt.org/public_html/submissions/math math.constant.template.xsl
102.12.11 11:14 B C:\jakarta-tomcat-3.2.4\webapps\cocoon\exslt\submissions\math\math.constant.xsl --> ftp.exslt.org /www.exslt.org/public_html/submissions/math math.constant.xsl
102.12.11 11:14 B C:\jakarta-tomcat-3.2.4\webapps\cocoon\exslt\submissions\math\math.cos.1.xml --> ftp.exslt.org /www.exslt.org/public_html/submissions/math math.cos.1.xml
102.12.11 11:14 B C:\jakarta-tomcat-3.2.4\webapps\cocoon\exslt\submissions\math\math.cos.1.xsl --> ftp.exslt.org /www.exslt.org/public_html/submissions/math math.cos.1.xsl
102.12.11 11:14 B C:\jakarta-tomcat-3.2.4\webapps\cocoon\exslt\submissions\math\math.cos.javascript.submission.xml --> ftp.exslt.org /www.exslt.org/public_html/submissions/math math.cos.javascript.submission.xml
102.12.11 11:14 B C:\jakarta-tomcat-3.2.4\webapps\cocoon\exslt\submissions\math\math.cos.js --> ftp.exslt.org /www.exslt.org/public_html/submissions/math math.cos.js
102.12.11 11:14 B C:\jakarta-tomcat-3.2.4\webapps\cocoon\exslt\submissions\math\math.cos.msxslt.submission.xml --> ftp.exslt.org /www.exslt.org/public_html/submissions/math math.cos.msxslt.submission.xml
102.12.11 11:14 B C:\jakarta-tomcat-3.2.4\webapps\cocoon\exslt\submissions\math\math.cos.msxslt.xsl --> ftp.exslt.org /www.exslt.org/public_html/submissions/math math.cos.msxslt.xsl
102.12.11 11:14 B C:\jakarta-tomcat-3.2.4\webapps\cocoon\exslt\submissions\math\math.cos.submission.xml --> ftp.exslt.org /www.exslt.org/public_html/submissions/math math.cos.submission.xml
102.12.11 11:14 B C:\jakarta-tomcat-3.2.4\webapps\cocoon\exslt\submissions\math\math.cos.xsl --> ftp.exslt.org /www.exslt.org/public_html/submissions/math math.cos.xsl
102.12.11 11:14 B C:\jakarta-tomcat-3.2.4\webapps\cocoon\exslt\submissions\math\math.exp.1.xml --> ftp.exslt.org /www.exslt.org/public_html/submissions/math math.exp.1.xml
102.12.11 11:14 B C:\jakarta-tomcat-3.2.4\webapps\cocoon\exslt\submissions\math\math.exp.1.xsl --> ftp.exslt.org /www.exslt.org/public_html/submissions/math math.exp.1.xsl
102.12.11 11:14 B C:\jakarta-tomcat-3.2.4\webapps\cocoon\exslt\submissions\math\math.exp.javascript.submission.xml --> ftp.exslt.org /www.exslt.org/public_html/submissions/math math.exp.javascript.submission.xml
102.12.11 11:14 B C:\jakarta-tomcat-3.2.4\webapps\cocoon\exslt\submissions\math\math.exp.js --> ftp.exslt.org /www.exslt.org/public_html/submissions/math math.exp.js
102.12.11 11:14 B C:\jakarta-tomcat-3.2.4\webapps\cocoon\exslt\submissions\math\math.exp.msxslt.submission.xml --> ftp.exslt.org /www.exslt.org/public_html/submissions/math math.exp.msxslt.submission.xml
102.12.11 11:14 B C:\jakarta-tomcat-3.2.4\webapps\cocoon\exslt\submissions\math\math.exp.msxslt.xsl --> ftp.exslt.org /www.exslt.org/public_html/submissions/math math.exp.msxslt.xsl
102.12.11 11:14 B C:\jakarta-tomcat-3.2.4\webapps\cocoon\exslt\submissions\math\math.exp.submission.xml --> ftp.exslt.org /www.exslt.org/public_html/submissions/math math.exp.submission.xml
102.12.11 11:14 B C:\jakarta-tomcat-3.2.4\webapps\cocoon\exslt\submissions\math\math.exp.xsl --> ftp.exslt.org /www.exslt.org/public_html/submissions/math math.exp.xsl
102.12.11 11:14 B C:\jakarta-tomcat-3.2.4\webapps\cocoon\exslt\submissions\math\math.floor.1.xml --> ftp.exslt.org /www.exslt.org/public_html/submissions/math math.floor.1.xml
102.12.11 11:14 B C:\jakarta-tomcat-3.2.4\webapps\cocoon\exslt\submissions\math\math.floor.1.xsl --> ftp.exslt.org /www.exslt.org/public_html/submissions/math math.floor.1.xsl
102.12.11 11:14 B C:\jakarta-tomcat-3.2.4\webapps\cocoon\exslt\submissions\math\math.floor.javascript.submission.xml --> ftp.exslt.org /www.exslt.org/public_html/submissions/math math.floor.javascript.submission.xml
102.12.11 11:14 B C:\jakarta-tomcat-3.2.4\webapps\cocoon\exslt\submissions\math\math.floor.js --> ftp.exslt.org /www.exslt.org/public_html/submissions/math math.floor.js
102.12.11 11:14 B C:\jakarta-tomcat-3.2.4\webapps\cocoon\exslt\submissions\math\math.floor.msxslt.submission.xml --> ftp.exslt.org /www.exslt.org/public_html/submissions/math math.floor.msxslt.submission.xml
102.12.11 11:14 B C:\jakarta-tomcat-3.2.4\webapps\cocoon\exslt\submissions\math\math.floor.msxslt.xsl --> ftp.exslt.org /www.exslt.org/public_html/submissions/math math.floor.msxslt.xsl
102.12.11 11:14 B C:\jakarta-tomcat-3.2.4\webapps\cocoon\exslt\submissions\math\math.floor.submission.xml --> ftp.exslt.org /www.exslt.org/public_html/submissions/math math.floor.submission.xml
102.12.11 11:14 B C:\jakarta-tomcat-3.2.4\webapps\cocoon\exslt\submissions\math\math.floor.xsl --> ftp.exslt.org /www.exslt.org/public_html/submissions/math math.floor.xsl
102.12.11 11:14 B C:\jakarta-tomcat-3.2.4\webapps\cocoon\exslt\submissions\math\math.highest.function.xsl --> ftp.exslt.org /www.exslt.org/public_html/submissions/math math.highest.function.xsl
102.12.11 11:14 B C:\jakarta-tomcat-3.2.4\webapps\cocoon\exslt\submissions\math\math.highest.html --> ftp.exslt.org /www.exslt.org/public_html/submissions/math math.highest.html
102.12.11 11:14 B C:\jakarta-tomcat-3.2.4\webapps\cocoon\exslt\submissions\math\math.highest.template.xsl --> ftp.exslt.org /www.exslt.org/public_html/submissions/math math.highest.template.xsl
102.12.11 11:14 B C:\jakarta-tomcat-3.2.4\webapps\cocoon\exslt\submissions\math\math.highest.xml --> ftp.exslt.org /www.exslt.org/public_html/submissions/math math.highest.xml
102.12.11 11:14 B C:\jakarta-tomcat-3.2.4\webapps\cocoon\exslt\submissions\math\math.highest.xsl --> ftp.exslt.org /www.exslt.org/public_html/submissions/math math.highest.xsl
102.12.11 11:14 B C:\jakarta-tomcat-3.2.4\webapps\cocoon\exslt\submissions\math\math.log.1.xml --> ftp.exslt.org /www.exslt.org/public_html/submissions/math math.log.1.xml
102.12.11 11:14 B C:\jakarta-tomcat-3.2.4\webapps\cocoon\exslt\submissions\math\math.log.1.xsl --> ftp.exslt.org /www.exslt.org/public_html/submissions/math math.log.1.xsl
102.12.11 11:14 B C:\jakarta-tomcat-3.2.4\webapps\cocoon\exslt\submissions\math\math.log.javascript.submission.xml --> ftp.exslt.org /www.exslt.org/public_html/submissions/math math.log.javascript.submission.xml
102.12.11 11:14 B C:\jakarta-tomcat-3.2.4\webapps\cocoon\exslt\submissions\math\math.log.js --> ftp.exslt.org /www.exslt.org/public_html/submissions/math math.log.js
102.12.11 11:14 B C:\jakarta-tomcat-3.2.4\webapps\cocoon\exslt\submissions\math\math.log.msxslt.submission.xml --> ftp.exslt.org /www.exslt.org/public_html/submissions/math math.log.msxslt.submission.xml
102.12.11 11:14 B C:\jakarta-tomcat-3.2.4\webapps\cocoon\exslt\submissions\math\math.log.msxslt.xsl --> ftp.exslt.org /www.exslt.org/public_html/submissions/math math.log.msxslt.xsl
102.12.11 11:14 B C:\jakarta-tomcat-3.2.4\webapps\cocoon\exslt\submissions\math\math.log.submission.xml --> ftp.exslt.org /www.exslt.org/public_html/submissions/math math.log.submission.xml
102.12.11 11:14 B C:\jakarta-tomcat-3.2.4\webapps\cocoon\exslt\submissions\math\math.log.xsl --> ftp.exslt.org /www.exslt.org/public_html/submissions/math math.log.xsl
102.12.11 11:14 B C:\jakarta-tomcat-3.2.4\webapps\cocoon\exslt\submissions\math\math.lowest.function.xsl --> ftp.exslt.org /www.exslt.org/public_html/submissions/math math.lowest.function.xsl
102.12.11 11:14 B C:\jakarta-tomcat-3.2.4\webapps\cocoon\exslt\submissions\math\math.lowest.html --> ftp.exslt.org /www.exslt.org/public_html/submissions/math math.lowest.html
102.12.11 11:14 B C:\jakarta-tomcat-3.2.4\webapps\cocoon\exslt\submissions\math\math.lowest.template.xsl --> ftp.exslt.org /www.exslt.org/public_html/submissions/math math.lowest.template.xsl
102.12.11 11:14 B C:\jakarta-tomcat-3.2.4\webapps\cocoon\exslt\submissions\math\math.lowest.xml --> ftp.exslt.org /www.exslt.org/public_html/submissions/math math.lowest.xml
102.12.11 11:14 B C:\jakarta-tomcat-3.2.4\webapps\cocoon\exslt\submissions\math\math.lowest.xsl --> ftp.exslt.org /www.exslt.org/public_html/submissions/math math.lowest.xsl
102.12.11 11:14 B C:\jakarta-tomcat-3.2.4\webapps\cocoon\exslt\submissions\math\math.max.function.xsl --> ftp.exslt.org /www.exslt.org/public_html/submissions/math math.max.function.xsl
102.12.11 11:14 B C:\jakarta-tomcat-3.2.4\webapps\cocoon\exslt\submissions\math\math.max.html --> ftp.exslt.org /www.exslt.org/public_html/submissions/math math.max.html
102.12.11 11:14 B C:\jakarta-tomcat-3.2.4\webapps\cocoon\exslt\submissions\math\math.max.template.xsl --> ftp.exslt.org /www.exslt.org/public_html/submissions/math math.max.template.xsl
102.12.11 11:14 B C:\jakarta-tomcat-3.2.4\webapps\cocoon\exslt\submissions\math\math.max.xml --> ftp.exslt.org /www.exslt.org/public_html/submissions/math math.max.xml
102.12.11 11:14 B C:\jakarta-tomcat-3.2.4\webapps\cocoon\exslt\submissions\math\math.max.xsl --> ftp.exslt.org /www.exslt.org/public_html/submissions/math math.max.xsl
102.12.11 11:14 B C:\jakarta-tomcat-3.2.4\webapps\cocoon\exslt\submissions\math\math.min.function.xsl --> ftp.exslt.org /www.exslt.org/public_html/submissions/math math.min.function.xsl
102.12.11 11:14 B C:\jakarta-tomcat-3.2.4\webapps\cocoon\exslt\submissions\math\math.min.html --> ftp.exslt.org /www.exslt.org/public_html/submissions/math math.min.html
102.12.11 11:14 B C:\jakarta-tomcat-3.2.4\webapps\cocoon\exslt\submissions\math\math.min.js --> ftp.exslt.org /www.exslt.org/public_html/submissions/math math.min.js
102.12.11 11:14 B C:\jakarta-tomcat-3.2.4\webapps\cocoon\exslt\submissions\math\math.min.template.xsl --> ftp.exslt.org /www.exslt.org/public_html/submissions/math math.min.template.xsl
102.12.11 11:14 B C:\jakarta-tomcat-3.2.4\webapps\cocoon\exslt\submissions\math\math.min.xml --> ftp.exslt.org /www.exslt.org/public_html/submissions/math math.min.xml
102.12.11 11:14 B C:\jakarta-tomcat-3.2.4\webapps\cocoon\exslt\submissions\math\math.min.xsl --> ftp.exslt.org /www.exslt.org/public_html/submissions/math math.min.xsl
102.12.11 11:14 B C:\jakarta-tomcat-3.2.4\webapps\cocoon\exslt\submissions\math\math.power.1.xml --> ftp.exslt.org /www.exslt.org/public_html/submissions/math math.power.1.xml
102.12.11 11:14 B C:\jakarta-tomcat-3.2.4\webapps\cocoon\exslt\submissions\math\math.power.1.xsl --> ftp.exslt.org /www.exslt.org/public_html/submissions/math math.power.1.xsl
102.12.11 11:14 B C:\jakarta-tomcat-3.2.4\webapps\cocoon\exslt\submissions\math\math.power.function.submission.xml --> ftp.exslt.org /www.exslt.org/public_html/submissions/math math.power.function.submission.xml
102.12.11 11:14 B C:\jakarta-tomcat-3.2.4\webapps\cocoon\exslt\submissions\math\math.power.function.xsl --> ftp.exslt.org /www.exslt.org/public_html/submissions/math math.power.function.xsl
102.12.11 11:14 B C:\jakarta-tomcat-3.2.4\webapps\cocoon\exslt\submissions\math\math.power.javascript.submission.xml --> ftp.exslt.org /www.exslt.org/public_html/submissions/math math.power.javascript.submission.xml
102.12.11 11:14 B C:\jakarta-tomcat-3.2.4\webapps\cocoon\exslt\submissions\math\math.power.js --> ftp.exslt.org /www.exslt.org/public_html/submissions/math math.power.js
102.12.11 11:14 B C:\jakarta-tomcat-3.2.4\webapps\cocoon\exslt\submissions\math\math.power.msxslt.submission.xml --> ftp.exslt.org /www.exslt.org/public_html/submissions/math math.power.msxslt.submission.xml
102.12.11 11:14 B C:\jakarta-tomcat-3.2.4\webapps\cocoon\exslt\submissions\math\math.power.msxslt.xsl --> ftp.exslt.org /www.exslt.org/public_html/submissions/math math.power.msxslt.xsl
102.12.11 11:14 B C:\jakarta-tomcat-3.2.4\webapps\cocoon\exslt\submissions\math\math.power.submission.xml --> ftp.exslt.org /www.exslt.org/public_html/submissions/math math.power.submission.xml
102.12.11 11:14 B C:\jakarta-tomcat-3.2.4\webapps\cocoon\exslt\submissions\math\math.power.template.submission.xml --> ftp.exslt.org /www.exslt.org/public_html/submissions/math math.power.template.submission.xml
102.12.11 11:14 B C:\jakarta-tomcat-3.2.4\webapps\cocoon\exslt\submissions\math\math.power.template.xsl --> ftp.exslt.org /www.exslt.org/public_html/submissions/math math.power.template.xsl
102.12.11 11:14 B C:\jakarta-tomcat-3.2.4\webapps\cocoon\exslt\submissions\math\math.power.xsl --> ftp.exslt.org /www.exslt.org/public_html/submissions/math math.power.xsl
102.12.11 11:14 B C:\jakarta-tomcat-3.2.4\webapps\cocoon\exslt\submissions\math\math.power.zip --> ftp.exslt.org /www.exslt.org/public_html/submissions/math math.power.zip
102.12.11 11:14 B C:\jakarta-tomcat-3.2.4\webapps\cocoon\exslt\submissions\math\math.random.1.xml --> ftp.exslt.org /www.exslt.org/public_html/submissions/math math.random.1.xml
102.12.11 11:14 B C:\jakarta-tomcat-3.2.4\webapps\cocoon\exslt\submissions\math\math.random.1.xsl --> ftp.exslt.org /www.exslt.org/public_html/submissions/math math.random.1.xsl
102.12.11 11:14 B C:\jakarta-tomcat-3.2.4\webapps\cocoon\exslt\submissions\math\math.random.javascript.submission.xml --> ftp.exslt.org /www.exslt.org/public_html/submissions/math math.random.javascript.submission.xml
102.12.11 11:14 B C:\jakarta-tomcat-3.2.4\webapps\cocoon\exslt\submissions\math\math.random.js --> ftp.exslt.org /www.exslt.org/public_html/submissions/math math.random.js
102.12.11 11:14 B C:\jakarta-tomcat-3.2.4\webapps\cocoon\exslt\submissions\math\math.random.msxslt.submission.xml --> ftp.exslt.org /www.exslt.org/public_html/submissions/math math.random.msxslt.submission.xml
102.12.11 11:14 B C:\jakarta-tomcat-3.2.4\webapps\cocoon\exslt\submissions\math\math.random.msxslt.xsl --> ftp.exslt.org /www.exslt.org/public_html/submissions/math math.random.msxslt.xsl
102.12.11 11:14 B C:\jakarta-tomcat-3.2.4\webapps\cocoon\exslt\submissions\math\math.random.submission.xml --> ftp.exslt.org /www.exslt.org/public_html/submissions/math math.random.submission.xml
102.12.11 11:14 B C:\jakarta-tomcat-3.2.4\webapps\cocoon\exslt\submissions\math\math.random.xsl --> ftp.exslt.org /www.exslt.org/public_html/submissions/math math.random.xsl
102.12.11 11:14 B C:\jakarta-tomcat-3.2.4\webapps\cocoon\exslt\submissions\math\math.round.1.xml --> ftp.exslt.org /www.exslt.org/public_html/submissions/math math.round.1.xml
102.12.11 11:14 B C:\jakarta-tomcat-3.2.4\webapps\cocoon\exslt\submissions\math\math.round.1.xsl --> ftp.exslt.org /www.exslt.org/public_html/submissions/math math.round.1.xsl
102.12.11 11:14 B C:\jakarta-tomcat-3.2.4\webapps\cocoon\exslt\submissions\math\math.round.javascript.submission.xml --> ftp.exslt.org /www.exslt.org/public_html/submissions/math math.round.javascript.submission.xml
102.12.11 11:14 B C:\jakarta-tomcat-3.2.4\webapps\cocoon\exslt\submissions\math\math.round.js --> ftp.exslt.org /www.exslt.org/public_html/submissions/math math.round.js
102.12.11 11:14 B C:\jakarta-tomcat-3.2.4\webapps\cocoon\exslt\submissions\math\math.round.msxslt.submission.xml --> ftp.exslt.org /www.exslt.org/public_html/submissions/math math.round.msxslt.submission.xml
102.12.11 11:14 B C:\jakarta-tomcat-3.2.4\webapps\cocoon\exslt\submissions\math\math.round.msxslt.xsl --> ftp.exslt.org /www.exslt.org/public_html/submissions/math math.round.msxslt.xsl
102.12.11 11:14 B C:\jakarta-tomcat-3.2.4\webapps\cocoon\exslt\submissions\math\math.round.submission.xml --> ftp.exslt.org /www.exslt.org/public_html/submissions/math math.round.submission.xml
102.12.11 11:14 B C:\jakarta-tomcat-3.2.4\webapps\cocoon\exslt\submissions\math\math.round.xsl --> ftp.exslt.org /www.exslt.org/public_html/submissions/math math.round.xsl
102.12.11 11:14 B C:\jakarta-tomcat-3.2.4\webapps\cocoon\exslt\submissions\math\math.sin.1.xml --> ftp.exslt.org /www.exslt.org/public_html/submissions/math math.sin.1.xml
102.12.11 11:14 B C:\jakarta-tomcat-3.2.4\webapps\cocoon\exslt\submissions\math\math.sin.1.xsl --> ftp.exslt.org /www.exslt.org/public_html/submissions/math math.sin.1.xsl
102.12.11 11:14 B C:\jakarta-tomcat-3.2.4\webapps\cocoon\exslt\submissions\math\math.sin.javascript.submission.xml --> ftp.exslt.org /www.exslt.org/public_html/submissions/math math.sin.javascript.submission.xml
102.12.11 11:14 B C:\jakarta-tomcat-3.2.4\webapps\cocoon\exslt\submissions\math\math.sin.js --> ftp.exslt.org /www.exslt.org/public_html/submissions/math math.sin.js
102.12.11 11:14 B C:\jakarta-tomcat-3.2.4\webapps\cocoon\exslt\submissions\math\math.sin.msxslt.submission.xml --> ftp.exslt.org /www.exslt.org/public_html/submissions/math math.sin.msxslt.submission.xml
102.12.11 11:14 B C:\jakarta-tomcat-3.2.4\webapps\cocoon\exslt\submissions\math\math.sin.msxslt.xsl --> ftp.exslt.org /www.exslt.org/public_html/submissions/math math.sin.msxslt.xsl
102.12.11 11:14 B C:\jakarta-tomcat-3.2.4\webapps\cocoon\exslt\submissions\math\math.sin.submission.xml --> ftp.exslt.org /www.exslt.org/public_html/submissions/math math.sin.submission.xml
102.12.11 11:14 B C:\jakarta-tomcat-3.2.4\webapps\cocoon\exslt\submissions\math\math.sin.xsl --> ftp.exslt.org /www.exslt.org/public_html/submissions/math math.sin.xsl
102.12.11 11:14 B C:\jakarta-tomcat-3.2.4\webapps\cocoon\exslt\submissions\math\math.sqrt.1.xml --> ftp.exslt.org /www.exslt.org/public_html/submissions/math math.sqrt.1.xml
102.12.11 11:14 B C:\jakarta-tomcat-3.2.4\webapps\cocoon\exslt\submissions\math\math.sqrt.1.xsl --> ftp.exslt.org /www.exslt.org/public_html/submissions/math math.sqrt.1.xsl
102.12.11 11:14 B C:\jakarta-tomcat-3.2.4\webapps\cocoon\exslt\submissions\math\math.sqrt.javascript.submission.xml --> ftp.exslt.org /www.exslt.org/public_html/submissions/math math.sqrt.javascript.submission.xml
102.12.11 11:14 B C:\jakarta-tomcat-3.2.4\webapps\cocoon\exslt\submissions\math\math.sqrt.js --> ftp.exslt.org /www.exslt.org/public_html/submissions/math math.sqrt.js
102.12.11 11:14 B C:\jakarta-tomcat-3.2.4\webapps\cocoon\exslt\submissions\math\math.sqrt.msxslt.submission.xml --> ftp.exslt.org /www.exslt.org/public_html/submissions/math math.sqrt.msxslt.submission.xml
102.12.11 11:14 B C:\jakarta-tomcat-3.2.4\webapps\cocoon\exslt\submissions\math\math.sqrt.msxslt.xsl --> ftp.exslt.org /www.exslt.org/public_html/submissions/math math.sqrt.msxslt.xsl
102.12.11 11:14 B C:\jakarta-tomcat-3.2.4\webapps\cocoon\exslt\submissions\math\math.sqrt.submission.xml --> ftp.exslt.org /www.exslt.org/public_html/submissions/math math.sqrt.submission.xml
102.12.11 11:14 B C:\jakarta-tomcat-3.2.4\webapps\cocoon\exslt\submissions\math\math.sqrt.xsl --> ftp.exslt.org /www.exslt.org/public_html/submissions/math math.sqrt.xsl
102.12.11 11:14 B C:\jakarta-tomcat-3.2.4\webapps\cocoon\exslt\submissions\math\math.tan.1.xml --> ftp.exslt.org /www.exslt.org/public_html/submissions/math math.tan.1.xml
102.12.11 11:14 B C:\jakarta-tomcat-3.2.4\webapps\cocoon\exslt\submissions\math\math.tan.1.xsl --> ftp.exslt.org /www.exslt.org/public_html/submissions/math math.tan.1.xsl
102.12.11 11:14 B C:\jakarta-tomcat-3.2.4\webapps\cocoon\exslt\submissions\math\math.tan.javascript.submission.xml --> ftp.exslt.org /www.exslt.org/public_html/submissions/math math.tan.javascript.submission.xml
102.12.11 11:14 B C:\jakarta-tomcat-3.2.4\webapps\cocoon\exslt\submissions\math\math.tan.js --> ftp.exslt.org /www.exslt.org/public_html/submissions/math math.tan.js
102.12.11 11:14 B C:\jakarta-tomcat-3.2.4\webapps\cocoon\exslt\submissions\math\math.tan.msxslt.submission.xml --> ftp.exslt.org /www.exslt.org/public_html/submissions/math math.tan.msxslt.submission.xml
102.12.11 11:14 B C:\jakarta-tomcat-3.2.4\webapps\cocoon\exslt\submissions\math\math.tan.msxslt.xsl --> ftp.exslt.org /www.exslt.org/public_html/submissions/math math.tan.msxslt.xsl
102.12.11 11:14 B C:\jakarta-tomcat-3.2.4\webapps\cocoon\exslt\submissions\math\math.tan.submission.xml --> ftp.exslt.org /www.exslt.org/public_html/submissions/math math.tan.submission.xml
102.12.11 11:14 B C:\jakarta-tomcat-3.2.4\webapps\cocoon\exslt\submissions\math\math.tan.xsl --> ftp.exslt.org /www.exslt.org/public_html/submissions/math math.tan.xsl
