102.08.21 17:33 B C:\jakarta-tomcat-3.2.4\webapps\cocoon\exslt\regexp\functions\replace\base.css --> ftp.exslt.org /www.exslt.org/public_html/regexp/functions/replace base.css
102.08.21 17:33 B C:\jakarta-tomcat-3.2.4\webapps\cocoon\exslt\regexp\functions\replace\index.html --> ftp.exslt.org /www.exslt.org/public_html/regexp/functions/replace index.html
102.08.21 17:33 B C:\jakarta-tomcat-3.2.4\webapps\cocoon\exslt\regexp\functions\replace\refresh.bat --> ftp.exslt.org /www.exslt.org/public_html/regexp/functions/replace refresh.bat
102.08.21 17:33 B C:\jakarta-tomcat-3.2.4\webapps\cocoon\exslt\regexp\functions\replace\regexp.replace.1.html --> ftp.exslt.org /www.exslt.org/public_html/regexp/functions/replace regexp.replace.1.html
102.08.21 17:33 B C:\jakarta-tomcat-3.2.4\webapps\cocoon\exslt\regexp\functions\replace\regexp.replace.1.xsl --> ftp.exslt.org /www.exslt.org/public_html/regexp/functions/replace regexp.replace.1.xsl
102.08.21 17:33 B C:\jakarta-tomcat-3.2.4\webapps\cocoon\exslt\regexp\functions\replace\regexp.replace.data.1.xml --> ftp.exslt.org /www.exslt.org/public_html/regexp/functions/replace regexp.replace.data.1.xml
102.08.21 17:33 B C:\jakarta-tomcat-3.2.4\webapps\cocoon\exslt\regexp\functions\replace\regexp.replace.html --> ftp.exslt.org /www.exslt.org/public_html/regexp/functions/replace regexp.replace.html
102.08.21 17:33 B C:\jakarta-tomcat-3.2.4\webapps\cocoon\exslt\regexp\functions\replace\regexp.replace.js --> ftp.exslt.org /www.exslt.org/public_html/regexp/functions/replace regexp.replace.js
102.08.21 17:33 B C:\jakarta-tomcat-3.2.4\webapps\cocoon\exslt\regexp\functions\replace\regexp.replace.js.html --> ftp.exslt.org /www.exslt.org/public_html/regexp/functions/replace regexp.replace.js.html
102.08.21 17:33 B C:\jakarta-tomcat-3.2.4\webapps\cocoon\exslt\regexp\functions\replace\regexp.replace.msxsl.xsl --> ftp.exslt.org /www.exslt.org/public_html/regexp/functions/replace regexp.replace.msxsl.xsl
102.08.21 17:33 B C:\jakarta-tomcat-3.2.4\webapps\cocoon\exslt\regexp\functions\replace\regexp.replace.msxsl.xsl.html --> ftp.exslt.org /www.exslt.org/public_html/regexp/functions/replace regexp.replace.msxsl.xsl.html
102.08.21 17:33 B C:\jakarta-tomcat-3.2.4\webapps\cocoon\exslt\regexp\functions\replace\regexp.replace.package.txt --> ftp.exslt.org /www.exslt.org/public_html/regexp/functions/replace regexp.replace.package.txt
102.08.21 17:33 B C:\jakarta-tomcat-3.2.4\webapps\cocoon\exslt\regexp\functions\replace\regexp.replace.result.1.xml --> ftp.exslt.org /www.exslt.org/public_html/regexp/functions/replace regexp.replace.result.1.xml
102.08.21 17:33 B C:\jakarta-tomcat-3.2.4\webapps\cocoon\exslt\regexp\functions\replace\regexp.replace.use-case.1.html --> ftp.exslt.org /www.exslt.org/public_html/regexp/functions/replace regexp.replace.use-case.1.html
102.08.21 17:33 B C:\jakarta-tomcat-3.2.4\webapps\cocoon\exslt\regexp\functions\replace\regexp.replace.use-cases.txt --> ftp.exslt.org /www.exslt.org/public_html/regexp/functions/replace regexp.replace.use-cases.txt
102.08.21 17:33 B C:\jakarta-tomcat-3.2.4\webapps\cocoon\exslt\regexp\functions\replace\regexp.replace.use-cases.zip --> ftp.exslt.org /www.exslt.org/public_html/regexp/functions/replace regexp.replace.use-cases.zip
102.08.21 17:33 B C:\jakarta-tomcat-3.2.4\webapps\cocoon\exslt\regexp\functions\replace\regexp.replace.xml --> ftp.exslt.org /www.exslt.org/public_html/regexp/functions/replace regexp.replace.xml
102.08.21 17:33 B C:\jakarta-tomcat-3.2.4\webapps\cocoon\exslt\regexp\functions\replace\regexp.replace.xsl --> ftp.exslt.org /www.exslt.org/public_html/regexp/functions/replace regexp.replace.xsl
102.08.21 17:33 B C:\jakarta-tomcat-3.2.4\webapps\cocoon\exslt\regexp\functions\replace\regexp.replace.zip --> ftp.exslt.org /www.exslt.org/public_html/regexp/functions/replace regexp.replace.zip
102.08.21 17:33 B C:\jakarta-tomcat-3.2.4\webapps\cocoon\exslt\regexp\functions\replace\update.bat --> ftp.exslt.org /www.exslt.org/public_html/regexp/functions/replace update.bat
102.11.19 13:28 B C:\jakarta-tomcat-3.2.4\webapps\cocoon\exslt\regexp\functions\replace\base.css --> ftp.exslt.org /www.exslt.org/public_html/regexp/functions/replace base.css
102.11.19 13:28 B C:\jakarta-tomcat-3.2.4\webapps\cocoon\exslt\regexp\functions\replace\index.html --> ftp.exslt.org /www.exslt.org/public_html/regexp/functions/replace index.html
102.11.19 13:28 B C:\jakarta-tomcat-3.2.4\webapps\cocoon\exslt\regexp\functions\replace\refresh.bat --> ftp.exslt.org /www.exslt.org/public_html/regexp/functions/replace refresh.bat
102.11.19 13:28 B C:\jakarta-tomcat-3.2.4\webapps\cocoon\exslt\regexp\functions\replace\regexp.replace.1.html --> ftp.exslt.org /www.exslt.org/public_html/regexp/functions/replace regexp.replace.1.html
102.11.19 13:28 B C:\jakarta-tomcat-3.2.4\webapps\cocoon\exslt\regexp\functions\replace\regexp.replace.1.xsl --> ftp.exslt.org /www.exslt.org/public_html/regexp/functions/replace regexp.replace.1.xsl
102.11.19 13:28 B C:\jakarta-tomcat-3.2.4\webapps\cocoon\exslt\regexp\functions\replace\regexp.replace.data.1.xml --> ftp.exslt.org /www.exslt.org/public_html/regexp/functions/replace regexp.replace.data.1.xml
102.11.19 13:28 B C:\jakarta-tomcat-3.2.4\webapps\cocoon\exslt\regexp\functions\replace\regexp.replace.html --> ftp.exslt.org /www.exslt.org/public_html/regexp/functions/replace regexp.replace.html
102.11.19 13:28 B C:\jakarta-tomcat-3.2.4\webapps\cocoon\exslt\regexp\functions\replace\regexp.replace.js --> ftp.exslt.org /www.exslt.org/public_html/regexp/functions/replace regexp.replace.js
102.11.19 13:28 B C:\jakarta-tomcat-3.2.4\webapps\cocoon\exslt\regexp\functions\replace\regexp.replace.js.html --> ftp.exslt.org /www.exslt.org/public_html/regexp/functions/replace regexp.replace.js.html
102.11.19 13:28 B C:\jakarta-tomcat-3.2.4\webapps\cocoon\exslt\regexp\functions\replace\regexp.replace.msxsl.xsl --> ftp.exslt.org /www.exslt.org/public_html/regexp/functions/replace regexp.replace.msxsl.xsl
102.11.19 13:28 B C:\jakarta-tomcat-3.2.4\webapps\cocoon\exslt\regexp\functions\replace\regexp.replace.msxsl.xsl.html --> ftp.exslt.org /www.exslt.org/public_html/regexp/functions/replace regexp.replace.msxsl.xsl.html
102.11.19 13:28 B C:\jakarta-tomcat-3.2.4\webapps\cocoon\exslt\regexp\functions\replace\regexp.replace.package.txt --> ftp.exslt.org /www.exslt.org/public_html/regexp/functions/replace regexp.replace.package.txt
102.11.19 13:28 B C:\jakarta-tomcat-3.2.4\webapps\cocoon\exslt\regexp\functions\replace\regexp.replace.result.1.xml --> ftp.exslt.org /www.exslt.org/public_html/regexp/functions/replace regexp.replace.result.1.xml
102.11.19 13:28 B C:\jakarta-tomcat-3.2.4\webapps\cocoon\exslt\regexp\functions\replace\regexp.replace.use-case.1.html --> ftp.exslt.org /www.exslt.org/public_html/regexp/functions/replace regexp.replace.use-case.1.html
102.11.19 13:28 B C:\jakarta-tomcat-3.2.4\webapps\cocoon\exslt\regexp\functions\replace\regexp.replace.use-cases.txt --> ftp.exslt.org /www.exslt.org/public_html/regexp/functions/replace regexp.replace.use-cases.txt
102.11.19 13:28 B C:\jakarta-tomcat-3.2.4\webapps\cocoon\exslt\regexp\functions\replace\regexp.replace.use-cases.zip --> ftp.exslt.org /www.exslt.org/public_html/regexp/functions/replace regexp.replace.use-cases.zip
102.11.19 13:28 B C:\jakarta-tomcat-3.2.4\webapps\cocoon\exslt\regexp\functions\replace\regexp.replace.xml --> ftp.exslt.org /www.exslt.org/public_html/regexp/functions/replace regexp.replace.xml
102.11.19 13:28 B C:\jakarta-tomcat-3.2.4\webapps\cocoon\exslt\regexp\functions\replace\regexp.replace.xsl --> ftp.exslt.org /www.exslt.org/public_html/regexp/functions/replace regexp.replace.xsl
102.11.19 13:28 B C:\jakarta-tomcat-3.2.4\webapps\cocoon\exslt\regexp\functions\replace\regexp.replace.zip --> ftp.exslt.org /www.exslt.org/public_html/regexp/functions/replace regexp.replace.zip
102.11.19 13:28 B C:\jakarta-tomcat-3.2.4\webapps\cocoon\exslt\regexp\functions\replace\update.bat --> ftp.exslt.org /www.exslt.org/public_html/regexp/functions/replace update.bat
102.11.19 13:28 B C:\jakarta-tomcat-3.2.4\webapps\cocoon\exslt\regexp\functions\replace\WS_FTP.LOG --> ftp.exslt.org /www.exslt.org/public_html/regexp/functions/replace WS_FTP.LOG
102.11.19 14:11 B C:\jakarta-tomcat-3.2.4\webapps\cocoon\exslt\regexp\functions\replace\base.css --> ftp.exslt.org /www.exslt.org/public_html/regexp/functions/replace base.css
102.11.19 14:11 B C:\jakarta-tomcat-3.2.4\webapps\cocoon\exslt\regexp\functions\replace\index.html --> ftp.exslt.org /www.exslt.org/public_html/regexp/functions/replace index.html
102.11.19 14:11 B C:\jakarta-tomcat-3.2.4\webapps\cocoon\exslt\regexp\functions\replace\refresh.bat --> ftp.exslt.org /www.exslt.org/public_html/regexp/functions/replace refresh.bat
102.11.19 14:11 B C:\jakarta-tomcat-3.2.4\webapps\cocoon\exslt\regexp\functions\replace\regexp.replace.1.html --> ftp.exslt.org /www.exslt.org/public_html/regexp/functions/replace regexp.replace.1.html
102.11.19 14:11 B C:\jakarta-tomcat-3.2.4\webapps\cocoon\exslt\regexp\functions\replace\regexp.replace.1.xsl --> ftp.exslt.org /www.exslt.org/public_html/regexp/functions/replace regexp.replace.1.xsl
102.11.19 14:11 B C:\jakarta-tomcat-3.2.4\webapps\cocoon\exslt\regexp\functions\replace\regexp.replace.data.1.xml --> ftp.exslt.org /www.exslt.org/public_html/regexp/functions/replace regexp.replace.data.1.xml
102.11.19 14:11 B C:\jakarta-tomcat-3.2.4\webapps\cocoon\exslt\regexp\functions\replace\regexp.replace.html --> ftp.exslt.org /www.exslt.org/public_html/regexp/functions/replace regexp.replace.html
102.11.19 14:11 B C:\jakarta-tomcat-3.2.4\webapps\cocoon\exslt\regexp\functions\replace\regexp.replace.js --> ftp.exslt.org /www.exslt.org/public_html/regexp/functions/replace regexp.replace.js
102.11.19 14:11 B C:\jakarta-tomcat-3.2.4\webapps\cocoon\exslt\regexp\functions\replace\regexp.replace.js.html --> ftp.exslt.org /www.exslt.org/public_html/regexp/functions/replace regexp.replace.js.html
102.11.19 14:11 B C:\jakarta-tomcat-3.2.4\webapps\cocoon\exslt\regexp\functions\replace\regexp.replace.msxsl.xsl --> ftp.exslt.org /www.exslt.org/public_html/regexp/functions/replace regexp.replace.msxsl.xsl
102.11.19 14:11 B C:\jakarta-tomcat-3.2.4\webapps\cocoon\exslt\regexp\functions\replace\regexp.replace.msxsl.xsl.html --> ftp.exslt.org /www.exslt.org/public_html/regexp/functions/replace regexp.replace.msxsl.xsl.html
102.11.19 14:11 B C:\jakarta-tomcat-3.2.4\webapps\cocoon\exslt\regexp\functions\replace\regexp.replace.package.txt --> ftp.exslt.org /www.exslt.org/public_html/regexp/functions/replace regexp.replace.package.txt
102.11.19 14:11 B C:\jakarta-tomcat-3.2.4\webapps\cocoon\exslt\regexp\functions\replace\regexp.replace.result.1.xml --> ftp.exslt.org /www.exslt.org/public_html/regexp/functions/replace regexp.replace.result.1.xml
102.11.19 14:11 B C:\jakarta-tomcat-3.2.4\webapps\cocoon\exslt\regexp\functions\replace\regexp.replace.use-case.1.html --> ftp.exslt.org /www.exslt.org/public_html/regexp/functions/replace regexp.replace.use-case.1.html
102.11.19 14:11 B C:\jakarta-tomcat-3.2.4\webapps\cocoon\exslt\regexp\functions\replace\regexp.replace.use-cases.txt --> ftp.exslt.org /www.exslt.org/public_html/regexp/functions/replace regexp.replace.use-cases.txt
102.11.19 14:11 B C:\jakarta-tomcat-3.2.4\webapps\cocoon\exslt\regexp\functions\replace\regexp.replace.use-cases.zip --> ftp.exslt.org /www.exslt.org/public_html/regexp/functions/replace regexp.replace.use-cases.zip
102.11.19 14:11 B C:\jakarta-tomcat-3.2.4\webapps\cocoon\exslt\regexp\functions\replace\regexp.replace.xml --> ftp.exslt.org /www.exslt.org/public_html/regexp/functions/replace regexp.replace.xml
102.11.19 14:11 B C:\jakarta-tomcat-3.2.4\webapps\cocoon\exslt\regexp\functions\replace\regexp.replace.xsl --> ftp.exslt.org /www.exslt.org/public_html/regexp/functions/replace regexp.replace.xsl
102.11.19 14:11 B C:\jakarta-tomcat-3.2.4\webapps\cocoon\exslt\regexp\functions\replace\regexp.replace.zip --> ftp.exslt.org /www.exslt.org/public_html/regexp/functions/replace regexp.replace.zip
102.11.19 14:11 B C:\jakarta-tomcat-3.2.4\webapps\cocoon\exslt\regexp\functions\replace\update.bat --> ftp.exslt.org /www.exslt.org/public_html/regexp/functions/replace update.bat
102.12.02 12:33 B C:\jakarta-tomcat-3.2.4\webapps\cocoon\exslt\public_html\regexp\functions\replace\WS_FTP.LOG <-- ftp.exslt.org /www.exslt.org/public_html/regexp/functions/replace WS_FTP.LOG
102.12.03 11:12 B C:\jakarta-tomcat-3.2.4\webapps\cocoon\exslt\regexp\functions\replace\base.css --> ftp.exslt.org /www.exslt.org/public_html/regexp/functions/replace base.css
102.12.03 11:12 B C:\jakarta-tomcat-3.2.4\webapps\cocoon\exslt\regexp\functions\replace\index.html --> ftp.exslt.org /www.exslt.org/public_html/regexp/functions/replace index.html
102.12.03 11:12 B C:\jakarta-tomcat-3.2.4\webapps\cocoon\exslt\regexp\functions\replace\refresh.bat --> ftp.exslt.org /www.exslt.org/public_html/regexp/functions/replace refresh.bat
102.12.03 11:12 B C:\jakarta-tomcat-3.2.4\webapps\cocoon\exslt\regexp\functions\replace\regexp.replace.1.html --> ftp.exslt.org /www.exslt.org/public_html/regexp/functions/replace regexp.replace.1.html
102.12.03 11:12 B C:\jakarta-tomcat-3.2.4\webapps\cocoon\exslt\regexp\functions\replace\regexp.replace.1.xsl --> ftp.exslt.org /www.exslt.org/public_html/regexp/functions/replace regexp.replace.1.xsl
102.12.03 11:12 B C:\jakarta-tomcat-3.2.4\webapps\cocoon\exslt\regexp\functions\replace\regexp.replace.data.1.xml --> ftp.exslt.org /www.exslt.org/public_html/regexp/functions/replace regexp.replace.data.1.xml
102.12.03 11:12 B C:\jakarta-tomcat-3.2.4\webapps\cocoon\exslt\regexp\functions\replace\regexp.replace.html --> ftp.exslt.org /www.exslt.org/public_html/regexp/functions/replace regexp.replace.html
102.12.03 11:12 B C:\jakarta-tomcat-3.2.4\webapps\cocoon\exslt\regexp\functions\replace\regexp.replace.js --> ftp.exslt.org /www.exslt.org/public_html/regexp/functions/replace regexp.replace.js
102.12.03 11:12 B C:\jakarta-tomcat-3.2.4\webapps\cocoon\exslt\regexp\functions\replace\regexp.replace.js.html --> ftp.exslt.org /www.exslt.org/public_html/regexp/functions/replace regexp.replace.js.html
102.12.03 11:12 B C:\jakarta-tomcat-3.2.4\webapps\cocoon\exslt\regexp\functions\replace\regexp.replace.msxsl.xsl --> ftp.exslt.org /www.exslt.org/public_html/regexp/functions/replace regexp.replace.msxsl.xsl
102.12.03 11:12 B C:\jakarta-tomcat-3.2.4\webapps\cocoon\exslt\regexp\functions\replace\regexp.replace.msxsl.xsl.html --> ftp.exslt.org /www.exslt.org/public_html/regexp/functions/replace regexp.replace.msxsl.xsl.html
102.12.03 11:12 B C:\jakarta-tomcat-3.2.4\webapps\cocoon\exslt\regexp\functions\replace\regexp.replace.package.txt --> ftp.exslt.org /www.exslt.org/public_html/regexp/functions/replace regexp.replace.package.txt
102.12.03 11:12 B C:\jakarta-tomcat-3.2.4\webapps\cocoon\exslt\regexp\functions\replace\regexp.replace.result.1.xml --> ftp.exslt.org /www.exslt.org/public_html/regexp/functions/replace regexp.replace.result.1.xml
102.12.03 11:12 B C:\jakarta-tomcat-3.2.4\webapps\cocoon\exslt\regexp\functions\replace\regexp.replace.use-case.1.html --> ftp.exslt.org /www.exslt.org/public_html/regexp/functions/replace regexp.replace.use-case.1.html
102.12.03 11:12 B C:\jakarta-tomcat-3.2.4\webapps\cocoon\exslt\regexp\functions\replace\regexp.replace.use-cases.txt --> ftp.exslt.org /www.exslt.org/public_html/regexp/functions/replace regexp.replace.use-cases.txt
102.12.03 11:12 B C:\jakarta-tomcat-3.2.4\webapps\cocoon\exslt\regexp\functions\replace\regexp.replace.use-cases.zip --> ftp.exslt.org /www.exslt.org/public_html/regexp/functions/replace regexp.replace.use-cases.zip
102.12.03 11:12 B C:\jakarta-tomcat-3.2.4\webapps\cocoon\exslt\regexp\functions\replace\regexp.replace.xml --> ftp.exslt.org /www.exslt.org/public_html/regexp/functions/replace regexp.replace.xml
102.12.03 11:12 B C:\jakarta-tomcat-3.2.4\webapps\cocoon\exslt\regexp\functions\replace\regexp.replace.xsl --> ftp.exslt.org /www.exslt.org/public_html/regexp/functions/replace regexp.replace.xsl
102.12.03 11:12 B C:\jakarta-tomcat-3.2.4\webapps\cocoon\exslt\regexp\functions\replace\regexp.replace.zip --> ftp.exslt.org /www.exslt.org/public_html/regexp/functions/replace regexp.replace.zip
102.12.03 11:12 B C:\jakarta-tomcat-3.2.4\webapps\cocoon\exslt\regexp\functions\replace\update.bat --> ftp.exslt.org /www.exslt.org/public_html/regexp/functions/replace update.bat
102.12.03 11:12 B C:\jakarta-tomcat-3.2.4\webapps\cocoon\exslt\regexp\functions\replace\WS_FTP.LOG --> ftp.exslt.org /www.exslt.org/public_html/regexp/functions/replace WS_FTP.LOG
102.12.11 11:07 B C:\jakarta-tomcat-3.2.4\webapps\cocoon\exslt\regexp\functions\replace\base.css --> ftp.exslt.org /www.exslt.org/public_html/regexp/functions/replace base.css
102.12.11 11:07 B C:\jakarta-tomcat-3.2.4\webapps\cocoon\exslt\regexp\functions\replace\index.html --> ftp.exslt.org /www.exslt.org/public_html/regexp/functions/replace index.html
102.12.11 11:07 B C:\jakarta-tomcat-3.2.4\webapps\cocoon\exslt\regexp\functions\replace\refresh.bat --> ftp.exslt.org /www.exslt.org/public_html/regexp/functions/replace refresh.bat
102.12.11 11:07 B C:\jakarta-tomcat-3.2.4\webapps\cocoon\exslt\regexp\functions\replace\regexp.replace.1.html --> ftp.exslt.org /www.exslt.org/public_html/regexp/functions/replace regexp.replace.1.html
102.12.11 11:07 B C:\jakarta-tomcat-3.2.4\webapps\cocoon\exslt\regexp\functions\replace\regexp.replace.1.xsl --> ftp.exslt.org /www.exslt.org/public_html/regexp/functions/replace regexp.replace.1.xsl
102.12.11 11:07 B C:\jakarta-tomcat-3.2.4\webapps\cocoon\exslt\regexp\functions\replace\regexp.replace.data.1.xml --> ftp.exslt.org /www.exslt.org/public_html/regexp/functions/replace regexp.replace.data.1.xml
102.12.11 11:07 B C:\jakarta-tomcat-3.2.4\webapps\cocoon\exslt\regexp\functions\replace\regexp.replace.html --> ftp.exslt.org /www.exslt.org/public_html/regexp/functions/replace regexp.replace.html
102.12.11 11:07 B C:\jakarta-tomcat-3.2.4\webapps\cocoon\exslt\regexp\functions\replace\regexp.replace.js --> ftp.exslt.org /www.exslt.org/public_html/regexp/functions/replace regexp.replace.js
102.12.11 11:07 B C:\jakarta-tomcat-3.2.4\webapps\cocoon\exslt\regexp\functions\replace\regexp.replace.js.html --> ftp.exslt.org /www.exslt.org/public_html/regexp/functions/replace regexp.replace.js.html
102.12.11 11:07 B C:\jakarta-tomcat-3.2.4\webapps\cocoon\exslt\regexp\functions\replace\regexp.replace.msxsl.xsl --> ftp.exslt.org /www.exslt.org/public_html/regexp/functions/replace regexp.replace.msxsl.xsl
102.12.11 11:07 B C:\jakarta-tomcat-3.2.4\webapps\cocoon\exslt\regexp\functions\replace\regexp.replace.msxsl.xsl.html --> ftp.exslt.org /www.exslt.org/public_html/regexp/functions/replace regexp.replace.msxsl.xsl.html
102.12.11 11:07 B C:\jakarta-tomcat-3.2.4\webapps\cocoon\exslt\regexp\functions\replace\regexp.replace.package.txt --> ftp.exslt.org /www.exslt.org/public_html/regexp/functions/replace regexp.replace.package.txt
102.12.11 11:07 B C:\jakarta-tomcat-3.2.4\webapps\cocoon\exslt\regexp\functions\replace\regexp.replace.result.1.xml --> ftp.exslt.org /www.exslt.org/public_html/regexp/functions/replace regexp.replace.result.1.xml
102.12.11 11:07 B C:\jakarta-tomcat-3.2.4\webapps\cocoon\exslt\regexp\functions\replace\regexp.replace.use-case.1.html --> ftp.exslt.org /www.exslt.org/public_html/regexp/functions/replace regexp.replace.use-case.1.html
102.12.11 11:07 B C:\jakarta-tomcat-3.2.4\webapps\cocoon\exslt\regexp\functions\replace\regexp.replace.use-cases.txt --> ftp.exslt.org /www.exslt.org/public_html/regexp/functions/replace regexp.replace.use-cases.txt
102.12.11 11:07 B C:\jakarta-tomcat-3.2.4\webapps\cocoon\exslt\regexp\functions\replace\regexp.replace.use-cases.zip --> ftp.exslt.org /www.exslt.org/public_html/regexp/functions/replace regexp.replace.use-cases.zip
102.12.11 11:07 B C:\jakarta-tomcat-3.2.4\webapps\cocoon\exslt\regexp\functions\replace\regexp.replace.xml --> ftp.exslt.org /www.exslt.org/public_html/regexp/functions/replace regexp.replace.xml
102.12.11 11:07 B C:\jakarta-tomcat-3.2.4\webapps\cocoon\exslt\regexp\functions\replace\regexp.replace.xsl --> ftp.exslt.org /www.exslt.org/public_html/regexp/functions/replace regexp.replace.xsl
102.12.11 11:07 B C:\jakarta-tomcat-3.2.4\webapps\cocoon\exslt\regexp\functions\replace\regexp.replace.zip --> ftp.exslt.org /www.exslt.org/public_html/regexp/functions/replace regexp.replace.zip
102.12.11 11:07 B C:\jakarta-tomcat-3.2.4\webapps\cocoon\exslt\regexp\functions\replace\update.bat --> ftp.exslt.org /www.exslt.org/public_html/regexp/functions/replace update.bat
102.12.11 11:07 B C:\jakarta-tomcat-3.2.4\webapps\cocoon\exslt\regexp\functions\replace\WS_FTP.LOG --> ftp.exslt.org /www.exslt.org/public_html/regexp/functions/replace WS_FTP.LOG
102.12.11 11:11 B C:\jakarta-tomcat-3.2.4\webapps\cocoon\exslt\regexp\functions\replace\base.css --> ftp.exslt.org /www.exslt.org/public_html/regexp/functions/replace base.css
102.12.11 11:11 B C:\jakarta-tomcat-3.2.4\webapps\cocoon\exslt\regexp\functions\replace\index.html --> ftp.exslt.org /www.exslt.org/public_html/regexp/functions/replace index.html
102.12.11 11:11 B C:\jakarta-tomcat-3.2.4\webapps\cocoon\exslt\regexp\functions\replace\refresh.bat --> ftp.exslt.org /www.exslt.org/public_html/regexp/functions/replace refresh.bat
102.12.11 11:11 B C:\jakarta-tomcat-3.2.4\webapps\cocoon\exslt\regexp\functions\replace\regexp.replace.1.html --> ftp.exslt.org /www.exslt.org/public_html/regexp/functions/replace regexp.replace.1.html
102.12.11 11:11 B C:\jakarta-tomcat-3.2.4\webapps\cocoon\exslt\regexp\functions\replace\regexp.replace.1.xsl --> ftp.exslt.org /www.exslt.org/public_html/regexp/functions/replace regexp.replace.1.xsl
102.12.11 11:11 B C:\jakarta-tomcat-3.2.4\webapps\cocoon\exslt\regexp\functions\replace\regexp.replace.data.1.xml --> ftp.exslt.org /www.exslt.org/public_html/regexp/functions/replace regexp.replace.data.1.xml
102.12.11 11:11 B C:\jakarta-tomcat-3.2.4\webapps\cocoon\exslt\regexp\functions\replace\regexp.replace.html --> ftp.exslt.org /www.exslt.org/public_html/regexp/functions/replace regexp.replace.html
102.12.11 11:11 B C:\jakarta-tomcat-3.2.4\webapps\cocoon\exslt\regexp\functions\replace\regexp.replace.js --> ftp.exslt.org /www.exslt.org/public_html/regexp/functions/replace regexp.replace.js
102.12.11 11:11 B C:\jakarta-tomcat-3.2.4\webapps\cocoon\exslt\regexp\functions\replace\regexp.replace.js.html --> ftp.exslt.org /www.exslt.org/public_html/regexp/functions/replace regexp.replace.js.html
102.12.11 11:11 B C:\jakarta-tomcat-3.2.4\webapps\cocoon\exslt\regexp\functions\replace\regexp.replace.msxsl.xsl --> ftp.exslt.org /www.exslt.org/public_html/regexp/functions/replace regexp.replace.msxsl.xsl
102.12.11 11:11 B C:\jakarta-tomcat-3.2.4\webapps\cocoon\exslt\regexp\functions\replace\regexp.replace.msxsl.xsl.html --> ftp.exslt.org /www.exslt.org/public_html/regexp/functions/replace regexp.replace.msxsl.xsl.html
102.12.11 11:11 B C:\jakarta-tomcat-3.2.4\webapps\cocoon\exslt\regexp\functions\replace\regexp.replace.package.txt --> ftp.exslt.org /www.exslt.org/public_html/regexp/functions/replace regexp.replace.package.txt
102.12.11 11:11 B C:\jakarta-tomcat-3.2.4\webapps\cocoon\exslt\regexp\functions\replace\regexp.replace.result.1.xml --> ftp.exslt.org /www.exslt.org/public_html/regexp/functions/replace regexp.replace.result.1.xml
102.12.11 11:11 B C:\jakarta-tomcat-3.2.4\webapps\cocoon\exslt\regexp\functions\replace\regexp.replace.use-case.1.html --> ftp.exslt.org /www.exslt.org/public_html/regexp/functions/replace regexp.replace.use-case.1.html
102.12.11 11:11 B C:\jakarta-tomcat-3.2.4\webapps\cocoon\exslt\regexp\functions\replace\regexp.replace.use-cases.txt --> ftp.exslt.org /www.exslt.org/public_html/regexp/functions/replace regexp.replace.use-cases.txt
102.12.11 11:11 B C:\jakarta-tomcat-3.2.4\webapps\cocoon\exslt\regexp\functions\replace\regexp.replace.use-cases.zip --> ftp.exslt.org /www.exslt.org/public_html/regexp/functions/replace regexp.replace.use-cases.zip
102.12.11 11:11 B C:\jakarta-tomcat-3.2.4\webapps\cocoon\exslt\regexp\functions\replace\regexp.replace.xml --> ftp.exslt.org /www.exslt.org/public_html/regexp/functions/replace regexp.replace.xml
102.12.11 11:11 B C:\jakarta-tomcat-3.2.4\webapps\cocoon\exslt\regexp\functions\replace\regexp.replace.xsl --> ftp.exslt.org /www.exslt.org/public_html/regexp/functions/replace regexp.replace.xsl
102.12.11 11:11 B C:\jakarta-tomcat-3.2.4\webapps\cocoon\exslt\regexp\functions\replace\regexp.replace.zip --> ftp.exslt.org /www.exslt.org/public_html/regexp/functions/replace regexp.replace.zip
102.12.11 11:11 B C:\jakarta-tomcat-3.2.4\webapps\cocoon\exslt\regexp\functions\replace\update.bat --> ftp.exslt.org /www.exslt.org/public_html/regexp/functions/replace update.bat
103.09.29 15:54 B C:\jakarta-tomcat-3.2.4\webapps\cocoon\exslt\regexp\functions\replace\WS_FTP.LOG <-- ftp.exslt.org /www.exslt.org/public_html/regexp/functions/replace WS_FTP.LOG
103.10.21 13:10 B C:\jakarta-tomcat-3.2.4\webapps\cocoon\exslt\regexp\functions\replace\base.css --> marian.cs.nott.ac.uk /stud/pg/cds/exslt/regexp/functions/replace base.css
103.10.21 13:10 B C:\jakarta-tomcat-3.2.4\webapps\cocoon\exslt\regexp\functions\replace\index.html --> marian.cs.nott.ac.uk /stud/pg/cds/exslt/regexp/functions/replace index.html
103.10.21 13:10 B C:\jakarta-tomcat-3.2.4\webapps\cocoon\exslt\regexp\functions\replace\refresh.bat --> marian.cs.nott.ac.uk /stud/pg/cds/exslt/regexp/functions/replace refresh.bat
103.10.21 13:10 B C:\jakarta-tomcat-3.2.4\webapps\cocoon\exslt\regexp\functions\replace\regexp.replace.1.html --> marian.cs.nott.ac.uk /stud/pg/cds/exslt/regexp/functions/replace regexp.replace.1.html
103.10.21 13:10 B C:\jakarta-tomcat-3.2.4\webapps\cocoon\exslt\regexp\functions\replace\regexp.replace.1.xsl --> marian.cs.nott.ac.uk /stud/pg/cds/exslt/regexp/functions/replace regexp.replace.1.xsl
103.10.21 13:10 B C:\jakarta-tomcat-3.2.4\webapps\cocoon\exslt\regexp\functions\replace\regexp.replace.data.1.xml --> marian.cs.nott.ac.uk /stud/pg/cds/exslt/regexp/functions/replace regexp.replace.data.1.xml
103.10.21 13:10 B C:\jakarta-tomcat-3.2.4\webapps\cocoon\exslt\regexp\functions\replace\regexp.replace.html --> marian.cs.nott.ac.uk /stud/pg/cds/exslt/regexp/functions/replace regexp.replace.html
103.10.21 13:10 B C:\jakarta-tomcat-3.2.4\webapps\cocoon\exslt\regexp\functions\replace\regexp.replace.js --> marian.cs.nott.ac.uk /stud/pg/cds/exslt/regexp/functions/replace regexp.replace.js
103.10.21 13:10 B C:\jakarta-tomcat-3.2.4\webapps\cocoon\exslt\regexp\functions\replace\regexp.replace.js.html --> marian.cs.nott.ac.uk /stud/pg/cds/exslt/regexp/functions/replace regexp.replace.js.html
103.10.21 13:10 B C:\jakarta-tomcat-3.2.4\webapps\cocoon\exslt\regexp\functions\replace\regexp.replace.msxsl.xsl --> marian.cs.nott.ac.uk /stud/pg/cds/exslt/regexp/functions/replace regexp.replace.msxsl.xsl
103.10.21 13:10 B C:\jakarta-tomcat-3.2.4\webapps\cocoon\exslt\regexp\functions\replace\regexp.replace.msxsl.xsl.html --> marian.cs.nott.ac.uk /stud/pg/cds/exslt/regexp/functions/replace regexp.replace.msxsl.xsl.html
103.10.21 13:10 B C:\jakarta-tomcat-3.2.4\webapps\cocoon\exslt\regexp\functions\replace\regexp.replace.package.txt --> marian.cs.nott.ac.uk /stud/pg/cds/exslt/regexp/functions/replace regexp.replace.package.txt
103.10.21 13:10 B C:\jakarta-tomcat-3.2.4\webapps\cocoon\exslt\regexp\functions\replace\regexp.replace.result.1.xml --> marian.cs.nott.ac.uk /stud/pg/cds/exslt/regexp/functions/replace regexp.replace.result.1.xml
103.10.21 13:10 B C:\jakarta-tomcat-3.2.4\webapps\cocoon\exslt\regexp\functions\replace\regexp.replace.use-case.1.html --> marian.cs.nott.ac.uk /stud/pg/cds/exslt/regexp/functions/replace regexp.replace.use-case.1.html
103.10.21 13:10 B C:\jakarta-tomcat-3.2.4\webapps\cocoon\exslt\regexp\functions\replace\regexp.replace.use-cases.txt --> marian.cs.nott.ac.uk /stud/pg/cds/exslt/regexp/functions/replace regexp.replace.use-cases.txt
103.10.21 13:10 B C:\jakarta-tomcat-3.2.4\webapps\cocoon\exslt\regexp\functions\replace\regexp.replace.use-cases.zip --> marian.cs.nott.ac.uk /stud/pg/cds/exslt/regexp/functions/replace regexp.replace.use-cases.zip
103.10.21 13:10 B C:\jakarta-tomcat-3.2.4\webapps\cocoon\exslt\regexp\functions\replace\regexp.replace.xml --> marian.cs.nott.ac.uk /stud/pg/cds/exslt/regexp/functions/replace regexp.replace.xml
103.10.21 13:10 B C:\jakarta-tomcat-3.2.4\webapps\cocoon\exslt\regexp\functions\replace\regexp.replace.xsl --> marian.cs.nott.ac.uk /stud/pg/cds/exslt/regexp/functions/replace regexp.replace.xsl
103.10.21 13:10 B C:\jakarta-tomcat-3.2.4\webapps\cocoon\exslt\regexp\functions\replace\regexp.replace.zip --> marian.cs.nott.ac.uk /stud/pg/cds/exslt/regexp/functions/replace regexp.replace.zip
103.10.21 13:10 B C:\jakarta-tomcat-3.2.4\webapps\cocoon\exslt\regexp\functions\replace\update.bat --> marian.cs.nott.ac.uk /stud/pg/cds/exslt/regexp/functions/replace update.bat
103.10.21 13:10 B C:\jakarta-tomcat-3.2.4\webapps\cocoon\exslt\regexp\functions\replace\WS_FTP.LOG --> marian.cs.nott.ac.uk /stud/pg/cds/exslt/regexp/functions/replace WS_FTP.LOG
103.10.24 10:10 B C:\jakarta-tomcat-3.2.4\webapps\cocoon\exslt\regexp\functions\replace\base.css --> ftp.exslt.org /www.exslt.org/public_html/regexp/functions/replace base.css
103.10.24 10:10 B C:\jakarta-tomcat-3.2.4\webapps\cocoon\exslt\regexp\functions\replace\index.html --> ftp.exslt.org /www.exslt.org/public_html/regexp/functions/replace index.html
103.10.24 10:10 B C:\jakarta-tomcat-3.2.4\webapps\cocoon\exslt\regexp\functions\replace\refresh.bat --> ftp.exslt.org /www.exslt.org/public_html/regexp/functions/replace refresh.bat
103.10.24 10:10 B C:\jakarta-tomcat-3.2.4\webapps\cocoon\exslt\regexp\functions\replace\regexp.replace.1.html --> ftp.exslt.org /www.exslt.org/public_html/regexp/functions/replace regexp.replace.1.html
103.10.24 10:10 B C:\jakarta-tomcat-3.2.4\webapps\cocoon\exslt\regexp\functions\replace\regexp.replace.1.xsl --> ftp.exslt.org /www.exslt.org/public_html/regexp/functions/replace regexp.replace.1.xsl
103.10.24 10:10 B C:\jakarta-tomcat-3.2.4\webapps\cocoon\exslt\regexp\functions\replace\regexp.replace.data.1.xml --> ftp.exslt.org /www.exslt.org/public_html/regexp/functions/replace regexp.replace.data.1.xml
103.10.24 10:10 B C:\jakarta-tomcat-3.2.4\webapps\cocoon\exslt\regexp\functions\replace\regexp.replace.html --> ftp.exslt.org /www.exslt.org/public_html/regexp/functions/replace regexp.replace.html
103.10.24 10:10 B C:\jakarta-tomcat-3.2.4\webapps\cocoon\exslt\regexp\functions\replace\regexp.replace.js --> ftp.exslt.org /www.exslt.org/public_html/regexp/functions/replace regexp.replace.js
103.10.24 10:10 B C:\jakarta-tomcat-3.2.4\webapps\cocoon\exslt\regexp\functions\replace\regexp.replace.js.html --> ftp.exslt.org /www.exslt.org/public_html/regexp/functions/replace regexp.replace.js.html
103.10.24 10:10 B C:\jakarta-tomcat-3.2.4\webapps\cocoon\exslt\regexp\functions\replace\regexp.replace.msxsl.xsl --> ftp.exslt.org /www.exslt.org/public_html/regexp/functions/replace regexp.replace.msxsl.xsl
103.10.24 10:10 B C:\jakarta-tomcat-3.2.4\webapps\cocoon\exslt\regexp\functions\replace\regexp.replace.msxsl.xsl.html --> ftp.exslt.org /www.exslt.org/public_html/regexp/functions/replace regexp.replace.msxsl.xsl.html
103.10.24 10:10 B C:\jakarta-tomcat-3.2.4\webapps\cocoon\exslt\regexp\functions\replace\regexp.replace.package.txt --> ftp.exslt.org /www.exslt.org/public_html/regexp/functions/replace regexp.replace.package.txt
103.10.24 10:10 B C:\jakarta-tomcat-3.2.4\webapps\cocoon\exslt\regexp\functions\replace\regexp.replace.result.1.xml --> ftp.exslt.org /www.exslt.org/public_html/regexp/functions/replace regexp.replace.result.1.xml
103.10.24 10:10 B C:\jakarta-tomcat-3.2.4\webapps\cocoon\exslt\regexp\functions\replace\regexp.replace.use-case.1.html --> ftp.exslt.org /www.exslt.org/public_html/regexp/functions/replace regexp.replace.use-case.1.html
103.10.24 10:10 B C:\jakarta-tomcat-3.2.4\webapps\cocoon\exslt\regexp\functions\replace\regexp.replace.use-cases.txt --> ftp.exslt.org /www.exslt.org/public_html/regexp/functions/replace regexp.replace.use-cases.txt
103.10.24 10:10 B C:\jakarta-tomcat-3.2.4\webapps\cocoon\exslt\regexp\functions\replace\regexp.replace.use-cases.zip --> ftp.exslt.org /www.exslt.org/public_html/regexp/functions/replace regexp.replace.use-cases.zip
103.10.24 10:10 B C:\jakarta-tomcat-3.2.4\webapps\cocoon\exslt\regexp\functions\replace\regexp.replace.xml --> ftp.exslt.org /www.exslt.org/public_html/regexp/functions/replace regexp.replace.xml
103.10.24 10:10 B C:\jakarta-tomcat-3.2.4\webapps\cocoon\exslt\regexp\functions\replace\regexp.replace.xsl --> ftp.exslt.org /www.exslt.org/public_html/regexp/functions/replace regexp.replace.xsl
103.10.24 10:10 B C:\jakarta-tomcat-3.2.4\webapps\cocoon\exslt\regexp\functions\replace\regexp.replace.zip --> ftp.exslt.org /www.exslt.org/public_html/regexp/functions/replace regexp.replace.zip
103.10.24 10:10 B C:\jakarta-tomcat-3.2.4\webapps\cocoon\exslt\regexp\functions\replace\update.bat --> ftp.exslt.org /www.exslt.org/public_html/regexp/functions/replace update.bat
