102.08.21 17:32 B C:\jakarta-tomcat-3.2.4\webapps\cocoon\exslt\math\functions\lowest\base.css --> ftp.exslt.org /www.exslt.org/public_html/math/functions/lowest base.css
102.08.21 17:32 B C:\jakarta-tomcat-3.2.4\webapps\cocoon\exslt\math\functions\lowest\index.html --> ftp.exslt.org /www.exslt.org/public_html/math/functions/lowest index.html
102.08.21 17:32 B C:\jakarta-tomcat-3.2.4\webapps\cocoon\exslt\math\functions\lowest\math.lowest.1.html --> ftp.exslt.org /www.exslt.org/public_html/math/functions/lowest math.lowest.1.html
102.08.21 17:32 B C:\jakarta-tomcat-3.2.4\webapps\cocoon\exslt\math\functions\lowest\math.lowest.1.xsl --> ftp.exslt.org /www.exslt.org/public_html/math/functions/lowest math.lowest.1.xsl
102.08.21 17:32 B C:\jakarta-tomcat-3.2.4\webapps\cocoon\exslt\math\functions\lowest\math.lowest.2.xsl --> ftp.exslt.org /www.exslt.org/public_html/math/functions/lowest math.lowest.2.xsl
102.08.21 17:32 B C:\jakarta-tomcat-3.2.4\webapps\cocoon\exslt\math\functions\lowest\math.lowest.3.xsl --> ftp.exslt.org /www.exslt.org/public_html/math/functions/lowest math.lowest.3.xsl
102.08.21 17:32 B C:\jakarta-tomcat-3.2.4\webapps\cocoon\exslt\math\functions\lowest\math.lowest.4.xsl --> ftp.exslt.org /www.exslt.org/public_html/math/functions/lowest math.lowest.4.xsl
102.08.21 17:32 B C:\jakarta-tomcat-3.2.4\webapps\cocoon\exslt\math\functions\lowest\math.lowest.5.xsl --> ftp.exslt.org /www.exslt.org/public_html/math/functions/lowest math.lowest.5.xsl
102.08.21 17:32 B C:\jakarta-tomcat-3.2.4\webapps\cocoon\exslt\math\functions\lowest\math.lowest.data.1.xml --> ftp.exslt.org /www.exslt.org/public_html/math/functions/lowest math.lowest.data.1.xml
102.08.21 17:32 B C:\jakarta-tomcat-3.2.4\webapps\cocoon\exslt\math\functions\lowest\math.lowest.data.2.xml --> ftp.exslt.org /www.exslt.org/public_html/math/functions/lowest math.lowest.data.2.xml
102.08.21 17:32 B C:\jakarta-tomcat-3.2.4\webapps\cocoon\exslt\math\functions\lowest\math.lowest.data.5.xml --> ftp.exslt.org /www.exslt.org/public_html/math/functions/lowest math.lowest.data.5.xml
102.08.21 17:32 B C:\jakarta-tomcat-3.2.4\webapps\cocoon\exslt\math\functions\lowest\math.lowest.function.xsl --> ftp.exslt.org /www.exslt.org/public_html/math/functions/lowest math.lowest.function.xsl
102.08.21 17:32 B C:\jakarta-tomcat-3.2.4\webapps\cocoon\exslt\math\functions\lowest\math.lowest.function.xsl.html --> ftp.exslt.org /www.exslt.org/public_html/math/functions/lowest math.lowest.function.xsl.html
102.08.21 17:32 B C:\jakarta-tomcat-3.2.4\webapps\cocoon\exslt\math\functions\lowest\math.lowest.html --> ftp.exslt.org /www.exslt.org/public_html/math/functions/lowest math.lowest.html
102.08.21 17:32 B C:\jakarta-tomcat-3.2.4\webapps\cocoon\exslt\math\functions\lowest\math.lowest.package.txt --> ftp.exslt.org /www.exslt.org/public_html/math/functions/lowest math.lowest.package.txt
102.08.21 17:32 B C:\jakarta-tomcat-3.2.4\webapps\cocoon\exslt\math\functions\lowest\math.lowest.result.1.xml --> ftp.exslt.org /www.exslt.org/public_html/math/functions/lowest math.lowest.result.1.xml
102.08.21 17:32 B C:\jakarta-tomcat-3.2.4\webapps\cocoon\exslt\math\functions\lowest\math.lowest.result.2.xml --> ftp.exslt.org /www.exslt.org/public_html/math/functions/lowest math.lowest.result.2.xml
102.08.21 17:32 B C:\jakarta-tomcat-3.2.4\webapps\cocoon\exslt\math\functions\lowest\math.lowest.result.5.xml --> ftp.exslt.org /www.exslt.org/public_html/math/functions/lowest math.lowest.result.5.xml
102.08.21 17:32 B C:\jakarta-tomcat-3.2.4\webapps\cocoon\exslt\math\functions\lowest\math.lowest.template.xsl --> ftp.exslt.org /www.exslt.org/public_html/math/functions/lowest math.lowest.template.xsl
102.08.21 17:32 B C:\jakarta-tomcat-3.2.4\webapps\cocoon\exslt\math\functions\lowest\math.lowest.template.xsl.html --> ftp.exslt.org /www.exslt.org/public_html/math/functions/lowest math.lowest.template.xsl.html
102.08.21 17:32 B C:\jakarta-tomcat-3.2.4\webapps\cocoon\exslt\math\functions\lowest\math.lowest.use-case.1.html --> ftp.exslt.org /www.exslt.org/public_html/math/functions/lowest math.lowest.use-case.1.html
102.08.21 17:32 B C:\jakarta-tomcat-3.2.4\webapps\cocoon\exslt\math\functions\lowest\math.lowest.use-case.2.html --> ftp.exslt.org /www.exslt.org/public_html/math/functions/lowest math.lowest.use-case.2.html
102.08.21 17:32 B C:\jakarta-tomcat-3.2.4\webapps\cocoon\exslt\math\functions\lowest\math.lowest.use-case.3.html --> ftp.exslt.org /www.exslt.org/public_html/math/functions/lowest math.lowest.use-case.3.html
102.08.21 17:32 B C:\jakarta-tomcat-3.2.4\webapps\cocoon\exslt\math\functions\lowest\math.lowest.use-case.4.html --> ftp.exslt.org /www.exslt.org/public_html/math/functions/lowest math.lowest.use-case.4.html
102.08.21 17:32 B C:\jakarta-tomcat-3.2.4\webapps\cocoon\exslt\math\functions\lowest\math.lowest.use-case.5.html --> ftp.exslt.org /www.exslt.org/public_html/math/functions/lowest math.lowest.use-case.5.html
102.08.21 17:32 B C:\jakarta-tomcat-3.2.4\webapps\cocoon\exslt\math\functions\lowest\math.lowest.use-case.6.html --> ftp.exslt.org /www.exslt.org/public_html/math/functions/lowest math.lowest.use-case.6.html
102.08.21 17:32 B C:\jakarta-tomcat-3.2.4\webapps\cocoon\exslt\math\functions\lowest\math.lowest.use-case.7.html --> ftp.exslt.org /www.exslt.org/public_html/math/functions/lowest math.lowest.use-case.7.html
102.08.21 17:32 B C:\jakarta-tomcat-3.2.4\webapps\cocoon\exslt\math\functions\lowest\math.lowest.use-cases.txt --> ftp.exslt.org /www.exslt.org/public_html/math/functions/lowest math.lowest.use-cases.txt
102.08.21 17:32 B C:\jakarta-tomcat-3.2.4\webapps\cocoon\exslt\math\functions\lowest\math.lowest.use-cases.zip --> ftp.exslt.org /www.exslt.org/public_html/math/functions/lowest math.lowest.use-cases.zip
102.08.21 17:32 B C:\jakarta-tomcat-3.2.4\webapps\cocoon\exslt\math\functions\lowest\math.lowest.xml --> ftp.exslt.org /www.exslt.org/public_html/math/functions/lowest math.lowest.xml
102.08.21 17:32 B C:\jakarta-tomcat-3.2.4\webapps\cocoon\exslt\math\functions\lowest\math.lowest.xsl --> ftp.exslt.org /www.exslt.org/public_html/math/functions/lowest math.lowest.xsl
102.08.21 17:32 B C:\jakarta-tomcat-3.2.4\webapps\cocoon\exslt\math\functions\lowest\math.lowest.zip --> ftp.exslt.org /www.exslt.org/public_html/math/functions/lowest math.lowest.zip
102.08.21 17:32 B C:\jakarta-tomcat-3.2.4\webapps\cocoon\exslt\math\functions\lowest\refresh.bat --> ftp.exslt.org /www.exslt.org/public_html/math/functions/lowest refresh.bat
102.08.21 17:32 B C:\jakarta-tomcat-3.2.4\webapps\cocoon\exslt\math\functions\lowest\update.bat --> ftp.exslt.org /www.exslt.org/public_html/math/functions/lowest update.bat
102.11.19 13:22 B C:\jakarta-tomcat-3.2.4\webapps\cocoon\exslt\math\functions\lowest\base.css --> ftp.exslt.org /www.exslt.org/public_html/math/functions/lowest base.css
102.11.19 13:22 B C:\jakarta-tomcat-3.2.4\webapps\cocoon\exslt\math\functions\lowest\index.html --> ftp.exslt.org /www.exslt.org/public_html/math/functions/lowest index.html
102.11.19 13:22 B C:\jakarta-tomcat-3.2.4\webapps\cocoon\exslt\math\functions\lowest\math.lowest.1.html --> ftp.exslt.org /www.exslt.org/public_html/math/functions/lowest math.lowest.1.html
102.11.19 13:22 B C:\jakarta-tomcat-3.2.4\webapps\cocoon\exslt\math\functions\lowest\math.lowest.1.xsl --> ftp.exslt.org /www.exslt.org/public_html/math/functions/lowest math.lowest.1.xsl
102.11.19 13:22 B C:\jakarta-tomcat-3.2.4\webapps\cocoon\exslt\math\functions\lowest\math.lowest.2.xsl --> ftp.exslt.org /www.exslt.org/public_html/math/functions/lowest math.lowest.2.xsl
102.11.19 13:22 B C:\jakarta-tomcat-3.2.4\webapps\cocoon\exslt\math\functions\lowest\math.lowest.3.xsl --> ftp.exslt.org /www.exslt.org/public_html/math/functions/lowest math.lowest.3.xsl
102.11.19 13:22 B C:\jakarta-tomcat-3.2.4\webapps\cocoon\exslt\math\functions\lowest\math.lowest.4.xsl --> ftp.exslt.org /www.exslt.org/public_html/math/functions/lowest math.lowest.4.xsl
102.11.19 13:22 B C:\jakarta-tomcat-3.2.4\webapps\cocoon\exslt\math\functions\lowest\math.lowest.5.xsl --> ftp.exslt.org /www.exslt.org/public_html/math/functions/lowest math.lowest.5.xsl
102.11.19 13:22 B C:\jakarta-tomcat-3.2.4\webapps\cocoon\exslt\math\functions\lowest\math.lowest.data.1.xml --> ftp.exslt.org /www.exslt.org/public_html/math/functions/lowest math.lowest.data.1.xml
102.11.19 13:22 B C:\jakarta-tomcat-3.2.4\webapps\cocoon\exslt\math\functions\lowest\math.lowest.data.2.xml --> ftp.exslt.org /www.exslt.org/public_html/math/functions/lowest math.lowest.data.2.xml
102.11.19 13:22 B C:\jakarta-tomcat-3.2.4\webapps\cocoon\exslt\math\functions\lowest\math.lowest.data.5.xml --> ftp.exslt.org /www.exslt.org/public_html/math/functions/lowest math.lowest.data.5.xml
102.11.19 13:22 B C:\jakarta-tomcat-3.2.4\webapps\cocoon\exslt\math\functions\lowest\math.lowest.function.xsl --> ftp.exslt.org /www.exslt.org/public_html/math/functions/lowest math.lowest.function.xsl
102.11.19 13:22 B C:\jakarta-tomcat-3.2.4\webapps\cocoon\exslt\math\functions\lowest\math.lowest.function.xsl.html --> ftp.exslt.org /www.exslt.org/public_html/math/functions/lowest math.lowest.function.xsl.html
102.11.19 13:22 B C:\jakarta-tomcat-3.2.4\webapps\cocoon\exslt\math\functions\lowest\math.lowest.html --> ftp.exslt.org /www.exslt.org/public_html/math/functions/lowest math.lowest.html
102.11.19 13:22 B C:\jakarta-tomcat-3.2.4\webapps\cocoon\exslt\math\functions\lowest\math.lowest.package.txt --> ftp.exslt.org /www.exslt.org/public_html/math/functions/lowest math.lowest.package.txt
102.11.19 13:22 B C:\jakarta-tomcat-3.2.4\webapps\cocoon\exslt\math\functions\lowest\math.lowest.result.1.xml --> ftp.exslt.org /www.exslt.org/public_html/math/functions/lowest math.lowest.result.1.xml
102.11.19 13:22 B C:\jakarta-tomcat-3.2.4\webapps\cocoon\exslt\math\functions\lowest\math.lowest.result.2.xml --> ftp.exslt.org /www.exslt.org/public_html/math/functions/lowest math.lowest.result.2.xml
102.11.19 13:22 B C:\jakarta-tomcat-3.2.4\webapps\cocoon\exslt\math\functions\lowest\math.lowest.result.5.xml --> ftp.exslt.org /www.exslt.org/public_html/math/functions/lowest math.lowest.result.5.xml
102.11.19 13:22 B C:\jakarta-tomcat-3.2.4\webapps\cocoon\exslt\math\functions\lowest\math.lowest.template.xsl --> ftp.exslt.org /www.exslt.org/public_html/math/functions/lowest math.lowest.template.xsl
102.11.19 13:22 B C:\jakarta-tomcat-3.2.4\webapps\cocoon\exslt\math\functions\lowest\math.lowest.template.xsl.html --> ftp.exslt.org /www.exslt.org/public_html/math/functions/lowest math.lowest.template.xsl.html
102.11.19 13:22 B C:\jakarta-tomcat-3.2.4\webapps\cocoon\exslt\math\functions\lowest\math.lowest.use-case.1.html --> ftp.exslt.org /www.exslt.org/public_html/math/functions/lowest math.lowest.use-case.1.html
102.11.19 13:22 B C:\jakarta-tomcat-3.2.4\webapps\cocoon\exslt\math\functions\lowest\math.lowest.use-case.2.html --> ftp.exslt.org /www.exslt.org/public_html/math/functions/lowest math.lowest.use-case.2.html
102.11.19 13:22 B C:\jakarta-tomcat-3.2.4\webapps\cocoon\exslt\math\functions\lowest\math.lowest.use-case.3.html --> ftp.exslt.org /www.exslt.org/public_html/math/functions/lowest math.lowest.use-case.3.html
102.11.19 13:22 B C:\jakarta-tomcat-3.2.4\webapps\cocoon\exslt\math\functions\lowest\math.lowest.use-case.4.html --> ftp.exslt.org /www.exslt.org/public_html/math/functions/lowest math.lowest.use-case.4.html
102.11.19 13:22 B C:\jakarta-tomcat-3.2.4\webapps\cocoon\exslt\math\functions\lowest\math.lowest.use-case.5.html --> ftp.exslt.org /www.exslt.org/public_html/math/functions/lowest math.lowest.use-case.5.html
102.11.19 13:22 B C:\jakarta-tomcat-3.2.4\webapps\cocoon\exslt\math\functions\lowest\math.lowest.use-case.6.html --> ftp.exslt.org /www.exslt.org/public_html/math/functions/lowest math.lowest.use-case.6.html
102.11.19 13:22 B C:\jakarta-tomcat-3.2.4\webapps\cocoon\exslt\math\functions\lowest\math.lowest.use-case.7.html --> ftp.exslt.org /www.exslt.org/public_html/math/functions/lowest math.lowest.use-case.7.html
102.11.19 13:22 B C:\jakarta-tomcat-3.2.4\webapps\cocoon\exslt\math\functions\lowest\math.lowest.use-cases.txt --> ftp.exslt.org /www.exslt.org/public_html/math/functions/lowest math.lowest.use-cases.txt
102.11.19 13:22 B C:\jakarta-tomcat-3.2.4\webapps\cocoon\exslt\math\functions\lowest\math.lowest.use-cases.zip --> ftp.exslt.org /www.exslt.org/public_html/math/functions/lowest math.lowest.use-cases.zip
102.11.19 13:22 B C:\jakarta-tomcat-3.2.4\webapps\cocoon\exslt\math\functions\lowest\math.lowest.xml --> ftp.exslt.org /www.exslt.org/public_html/math/functions/lowest math.lowest.xml
102.11.19 13:22 B C:\jakarta-tomcat-3.2.4\webapps\cocoon\exslt\math\functions\lowest\math.lowest.xsl --> ftp.exslt.org /www.exslt.org/public_html/math/functions/lowest math.lowest.xsl
102.11.19 13:22 B C:\jakarta-tomcat-3.2.4\webapps\cocoon\exslt\math\functions\lowest\math.lowest.zip --> ftp.exslt.org /www.exslt.org/public_html/math/functions/lowest math.lowest.zip
102.11.19 13:22 B C:\jakarta-tomcat-3.2.4\webapps\cocoon\exslt\math\functions\lowest\refresh.bat --> ftp.exslt.org /www.exslt.org/public_html/math/functions/lowest refresh.bat
102.11.19 13:22 B C:\jakarta-tomcat-3.2.4\webapps\cocoon\exslt\math\functions\lowest\update.bat --> ftp.exslt.org /www.exslt.org/public_html/math/functions/lowest update.bat
102.11.19 13:22 B C:\jakarta-tomcat-3.2.4\webapps\cocoon\exslt\math\functions\lowest\WS_FTP.LOG --> ftp.exslt.org /www.exslt.org/public_html/math/functions/lowest WS_FTP.LOG
102.11.19 13:27 B C:\jakarta-tomcat-3.2.4\webapps\cocoon\exslt\math\functions\lowest\base.css --> ftp.exslt.org /www.exslt.org/public_html/math/functions/lowest base.css
102.11.19 13:27 B C:\jakarta-tomcat-3.2.4\webapps\cocoon\exslt\math\functions\lowest\index.html --> ftp.exslt.org /www.exslt.org/public_html/math/functions/lowest index.html
102.11.19 13:27 B C:\jakarta-tomcat-3.2.4\webapps\cocoon\exslt\math\functions\lowest\math.lowest.1.html --> ftp.exslt.org /www.exslt.org/public_html/math/functions/lowest math.lowest.1.html
102.11.19 13:27 B C:\jakarta-tomcat-3.2.4\webapps\cocoon\exslt\math\functions\lowest\math.lowest.1.xsl --> ftp.exslt.org /www.exslt.org/public_html/math/functions/lowest math.lowest.1.xsl
102.11.19 13:27 B C:\jakarta-tomcat-3.2.4\webapps\cocoon\exslt\math\functions\lowest\math.lowest.2.xsl --> ftp.exslt.org /www.exslt.org/public_html/math/functions/lowest math.lowest.2.xsl
102.11.19 13:27 B C:\jakarta-tomcat-3.2.4\webapps\cocoon\exslt\math\functions\lowest\math.lowest.3.xsl --> ftp.exslt.org /www.exslt.org/public_html/math/functions/lowest math.lowest.3.xsl
102.11.19 13:27 B C:\jakarta-tomcat-3.2.4\webapps\cocoon\exslt\math\functions\lowest\math.lowest.4.xsl --> ftp.exslt.org /www.exslt.org/public_html/math/functions/lowest math.lowest.4.xsl
102.11.19 13:27 B C:\jakarta-tomcat-3.2.4\webapps\cocoon\exslt\math\functions\lowest\math.lowest.5.xsl --> ftp.exslt.org /www.exslt.org/public_html/math/functions/lowest math.lowest.5.xsl
102.11.19 13:27 B C:\jakarta-tomcat-3.2.4\webapps\cocoon\exslt\math\functions\lowest\math.lowest.data.1.xml --> ftp.exslt.org /www.exslt.org/public_html/math/functions/lowest math.lowest.data.1.xml
102.11.19 13:27 B C:\jakarta-tomcat-3.2.4\webapps\cocoon\exslt\math\functions\lowest\math.lowest.data.2.xml --> ftp.exslt.org /www.exslt.org/public_html/math/functions/lowest math.lowest.data.2.xml
102.11.19 13:27 B C:\jakarta-tomcat-3.2.4\webapps\cocoon\exslt\math\functions\lowest\math.lowest.data.5.xml --> ftp.exslt.org /www.exslt.org/public_html/math/functions/lowest math.lowest.data.5.xml
102.11.19 13:27 B C:\jakarta-tomcat-3.2.4\webapps\cocoon\exslt\math\functions\lowest\math.lowest.function.xsl --> ftp.exslt.org /www.exslt.org/public_html/math/functions/lowest math.lowest.function.xsl
102.11.19 13:27 B C:\jakarta-tomcat-3.2.4\webapps\cocoon\exslt\math\functions\lowest\math.lowest.function.xsl.html --> ftp.exslt.org /www.exslt.org/public_html/math/functions/lowest math.lowest.function.xsl.html
102.11.19 13:27 B C:\jakarta-tomcat-3.2.4\webapps\cocoon\exslt\math\functions\lowest\math.lowest.html --> ftp.exslt.org /www.exslt.org/public_html/math/functions/lowest math.lowest.html
102.11.19 13:27 B C:\jakarta-tomcat-3.2.4\webapps\cocoon\exslt\math\functions\lowest\math.lowest.package.txt --> ftp.exslt.org /www.exslt.org/public_html/math/functions/lowest math.lowest.package.txt
102.11.19 13:27 B C:\jakarta-tomcat-3.2.4\webapps\cocoon\exslt\math\functions\lowest\math.lowest.result.1.xml --> ftp.exslt.org /www.exslt.org/public_html/math/functions/lowest math.lowest.result.1.xml
102.11.19 13:27 B C:\jakarta-tomcat-3.2.4\webapps\cocoon\exslt\math\functions\lowest\math.lowest.result.2.xml --> ftp.exslt.org /www.exslt.org/public_html/math/functions/lowest math.lowest.result.2.xml
102.11.19 13:27 B C:\jakarta-tomcat-3.2.4\webapps\cocoon\exslt\math\functions\lowest\math.lowest.result.5.xml --> ftp.exslt.org /www.exslt.org/public_html/math/functions/lowest math.lowest.result.5.xml
102.11.19 13:27 B C:\jakarta-tomcat-3.2.4\webapps\cocoon\exslt\math\functions\lowest\math.lowest.template.xsl --> ftp.exslt.org /www.exslt.org/public_html/math/functions/lowest math.lowest.template.xsl
102.11.19 13:27 B C:\jakarta-tomcat-3.2.4\webapps\cocoon\exslt\math\functions\lowest\math.lowest.template.xsl.html --> ftp.exslt.org /www.exslt.org/public_html/math/functions/lowest math.lowest.template.xsl.html
102.11.19 13:27 B C:\jakarta-tomcat-3.2.4\webapps\cocoon\exslt\math\functions\lowest\math.lowest.use-case.1.html --> ftp.exslt.org /www.exslt.org/public_html/math/functions/lowest math.lowest.use-case.1.html
102.11.19 13:27 B C:\jakarta-tomcat-3.2.4\webapps\cocoon\exslt\math\functions\lowest\math.lowest.use-case.2.html --> ftp.exslt.org /www.exslt.org/public_html/math/functions/lowest math.lowest.use-case.2.html
102.11.19 13:27 B C:\jakarta-tomcat-3.2.4\webapps\cocoon\exslt\math\functions\lowest\math.lowest.use-case.3.html --> ftp.exslt.org /www.exslt.org/public_html/math/functions/lowest math.lowest.use-case.3.html
102.11.19 13:27 B C:\jakarta-tomcat-3.2.4\webapps\cocoon\exslt\math\functions\lowest\math.lowest.use-case.4.html --> ftp.exslt.org /www.exslt.org/public_html/math/functions/lowest math.lowest.use-case.4.html
102.11.19 13:27 B C:\jakarta-tomcat-3.2.4\webapps\cocoon\exslt\math\functions\lowest\math.lowest.use-case.5.html --> ftp.exslt.org /www.exslt.org/public_html/math/functions/lowest math.lowest.use-case.5.html
102.11.19 13:27 B C:\jakarta-tomcat-3.2.4\webapps\cocoon\exslt\math\functions\lowest\math.lowest.use-case.6.html --> ftp.exslt.org /www.exslt.org/public_html/math/functions/lowest math.lowest.use-case.6.html
102.11.19 13:27 B C:\jakarta-tomcat-3.2.4\webapps\cocoon\exslt\math\functions\lowest\math.lowest.use-case.7.html --> ftp.exslt.org /www.exslt.org/public_html/math/functions/lowest math.lowest.use-case.7.html
102.11.19 13:27 B C:\jakarta-tomcat-3.2.4\webapps\cocoon\exslt\math\functions\lowest\math.lowest.use-cases.txt --> ftp.exslt.org /www.exslt.org/public_html/math/functions/lowest math.lowest.use-cases.txt
102.11.19 13:27 B C:\jakarta-tomcat-3.2.4\webapps\cocoon\exslt\math\functions\lowest\math.lowest.use-cases.zip --> ftp.exslt.org /www.exslt.org/public_html/math/functions/lowest math.lowest.use-cases.zip
102.11.19 13:27 B C:\jakarta-tomcat-3.2.4\webapps\cocoon\exslt\math\functions\lowest\math.lowest.xml --> ftp.exslt.org /www.exslt.org/public_html/math/functions/lowest math.lowest.xml
102.11.19 13:27 B C:\jakarta-tomcat-3.2.4\webapps\cocoon\exslt\math\functions\lowest\math.lowest.xsl --> ftp.exslt.org /www.exslt.org/public_html/math/functions/lowest math.lowest.xsl
102.11.19 13:27 B C:\jakarta-tomcat-3.2.4\webapps\cocoon\exslt\math\functions\lowest\math.lowest.zip --> ftp.exslt.org /www.exslt.org/public_html/math/functions/lowest math.lowest.zip
102.11.19 13:27 B C:\jakarta-tomcat-3.2.4\webapps\cocoon\exslt\math\functions\lowest\refresh.bat --> ftp.exslt.org /www.exslt.org/public_html/math/functions/lowest refresh.bat
102.11.19 13:27 B C:\jakarta-tomcat-3.2.4\webapps\cocoon\exslt\math\functions\lowest\update.bat --> ftp.exslt.org /www.exslt.org/public_html/math/functions/lowest update.bat
102.12.02 12:32 B C:\jakarta-tomcat-3.2.4\webapps\cocoon\exslt\public_html\math\functions\lowest\WS_FTP.LOG <-- ftp.exslt.org /www.exslt.org/public_html/math/functions/lowest WS_FTP.LOG
102.12.03 11:11 B C:\jakarta-tomcat-3.2.4\webapps\cocoon\exslt\math\functions\lowest\base.css --> ftp.exslt.org /www.exslt.org/public_html/math/functions/lowest base.css
102.12.03 11:11 B C:\jakarta-tomcat-3.2.4\webapps\cocoon\exslt\math\functions\lowest\index.html --> ftp.exslt.org /www.exslt.org/public_html/math/functions/lowest index.html
102.12.03 11:11 B C:\jakarta-tomcat-3.2.4\webapps\cocoon\exslt\math\functions\lowest\math.lowest.1.html --> ftp.exslt.org /www.exslt.org/public_html/math/functions/lowest math.lowest.1.html
102.12.03 11:11 B C:\jakarta-tomcat-3.2.4\webapps\cocoon\exslt\math\functions\lowest\math.lowest.1.xsl --> ftp.exslt.org /www.exslt.org/public_html/math/functions/lowest math.lowest.1.xsl
102.12.03 11:11 B C:\jakarta-tomcat-3.2.4\webapps\cocoon\exslt\math\functions\lowest\math.lowest.2.xsl --> ftp.exslt.org /www.exslt.org/public_html/math/functions/lowest math.lowest.2.xsl
102.12.03 11:11 B C:\jakarta-tomcat-3.2.4\webapps\cocoon\exslt\math\functions\lowest\math.lowest.3.xsl --> ftp.exslt.org /www.exslt.org/public_html/math/functions/lowest math.lowest.3.xsl
102.12.03 11:11 B C:\jakarta-tomcat-3.2.4\webapps\cocoon\exslt\math\functions\lowest\math.lowest.4.xsl --> ftp.exslt.org /www.exslt.org/public_html/math/functions/lowest math.lowest.4.xsl
102.12.03 11:11 B C:\jakarta-tomcat-3.2.4\webapps\cocoon\exslt\math\functions\lowest\math.lowest.5.xsl --> ftp.exslt.org /www.exslt.org/public_html/math/functions/lowest math.lowest.5.xsl
102.12.03 11:11 B C:\jakarta-tomcat-3.2.4\webapps\cocoon\exslt\math\functions\lowest\math.lowest.data.1.xml --> ftp.exslt.org /www.exslt.org/public_html/math/functions/lowest math.lowest.data.1.xml
102.12.03 11:11 B C:\jakarta-tomcat-3.2.4\webapps\cocoon\exslt\math\functions\lowest\math.lowest.data.2.xml --> ftp.exslt.org /www.exslt.org/public_html/math/functions/lowest math.lowest.data.2.xml
102.12.03 11:11 B C:\jakarta-tomcat-3.2.4\webapps\cocoon\exslt\math\functions\lowest\math.lowest.data.5.xml --> ftp.exslt.org /www.exslt.org/public_html/math/functions/lowest math.lowest.data.5.xml
102.12.03 11:11 B C:\jakarta-tomcat-3.2.4\webapps\cocoon\exslt\math\functions\lowest\math.lowest.function.xsl --> ftp.exslt.org /www.exslt.org/public_html/math/functions/lowest math.lowest.function.xsl
102.12.03 11:11 B C:\jakarta-tomcat-3.2.4\webapps\cocoon\exslt\math\functions\lowest\math.lowest.function.xsl.html --> ftp.exslt.org /www.exslt.org/public_html/math/functions/lowest math.lowest.function.xsl.html
102.12.03 11:11 B C:\jakarta-tomcat-3.2.4\webapps\cocoon\exslt\math\functions\lowest\math.lowest.html --> ftp.exslt.org /www.exslt.org/public_html/math/functions/lowest math.lowest.html
102.12.03 11:11 B C:\jakarta-tomcat-3.2.4\webapps\cocoon\exslt\math\functions\lowest\math.lowest.package.txt --> ftp.exslt.org /www.exslt.org/public_html/math/functions/lowest math.lowest.package.txt
102.12.03 11:11 B C:\jakarta-tomcat-3.2.4\webapps\cocoon\exslt\math\functions\lowest\math.lowest.result.1.xml --> ftp.exslt.org /www.exslt.org/public_html/math/functions/lowest math.lowest.result.1.xml
102.12.03 11:11 B C:\jakarta-tomcat-3.2.4\webapps\cocoon\exslt\math\functions\lowest\math.lowest.result.2.xml --> ftp.exslt.org /www.exslt.org/public_html/math/functions/lowest math.lowest.result.2.xml
102.12.03 11:11 B C:\jakarta-tomcat-3.2.4\webapps\cocoon\exslt\math\functions\lowest\math.lowest.result.5.xml --> ftp.exslt.org /www.exslt.org/public_html/math/functions/lowest math.lowest.result.5.xml
102.12.03 11:11 B C:\jakarta-tomcat-3.2.4\webapps\cocoon\exslt\math\functions\lowest\math.lowest.template.xsl --> ftp.exslt.org /www.exslt.org/public_html/math/functions/lowest math.lowest.template.xsl
102.12.03 11:11 B C:\jakarta-tomcat-3.2.4\webapps\cocoon\exslt\math\functions\lowest\math.lowest.template.xsl.html --> ftp.exslt.org /www.exslt.org/public_html/math/functions/lowest math.lowest.template.xsl.html
102.12.03 11:11 B C:\jakarta-tomcat-3.2.4\webapps\cocoon\exslt\math\functions\lowest\math.lowest.use-case.1.html --> ftp.exslt.org /www.exslt.org/public_html/math/functions/lowest math.lowest.use-case.1.html
102.12.03 11:11 B C:\jakarta-tomcat-3.2.4\webapps\cocoon\exslt\math\functions\lowest\math.lowest.use-case.2.html --> ftp.exslt.org /www.exslt.org/public_html/math/functions/lowest math.lowest.use-case.2.html
102.12.03 11:11 B C:\jakarta-tomcat-3.2.4\webapps\cocoon\exslt\math\functions\lowest\math.lowest.use-case.3.html --> ftp.exslt.org /www.exslt.org/public_html/math/functions/lowest math.lowest.use-case.3.html
102.12.03 11:11 B C:\jakarta-tomcat-3.2.4\webapps\cocoon\exslt\math\functions\lowest\math.lowest.use-case.4.html --> ftp.exslt.org /www.exslt.org/public_html/math/functions/lowest math.lowest.use-case.4.html
102.12.03 11:11 B C:\jakarta-tomcat-3.2.4\webapps\cocoon\exslt\math\functions\lowest\math.lowest.use-case.5.html --> ftp.exslt.org /www.exslt.org/public_html/math/functions/lowest math.lowest.use-case.5.html
102.12.03 11:11 B C:\jakarta-tomcat-3.2.4\webapps\cocoon\exslt\math\functions\lowest\math.lowest.use-case.6.html --> ftp.exslt.org /www.exslt.org/public_html/math/functions/lowest math.lowest.use-case.6.html
102.12.03 11:11 B C:\jakarta-tomcat-3.2.4\webapps\cocoon\exslt\math\functions\lowest\math.lowest.use-case.7.html --> ftp.exslt.org /www.exslt.org/public_html/math/functions/lowest math.lowest.use-case.7.html
102.12.03 11:11 B C:\jakarta-tomcat-3.2.4\webapps\cocoon\exslt\math\functions\lowest\math.lowest.use-cases.txt --> ftp.exslt.org /www.exslt.org/public_html/math/functions/lowest math.lowest.use-cases.txt
102.12.03 11:12 B C:\jakarta-tomcat-3.2.4\webapps\cocoon\exslt\math\functions\lowest\math.lowest.use-cases.zip --> ftp.exslt.org /www.exslt.org/public_html/math/functions/lowest math.lowest.use-cases.zip
102.12.03 11:12 B C:\jakarta-tomcat-3.2.4\webapps\cocoon\exslt\math\functions\lowest\math.lowest.xml --> ftp.exslt.org /www.exslt.org/public_html/math/functions/lowest math.lowest.xml
102.12.03 11:12 B C:\jakarta-tomcat-3.2.4\webapps\cocoon\exslt\math\functions\lowest\math.lowest.xsl --> ftp.exslt.org /www.exslt.org/public_html/math/functions/lowest math.lowest.xsl
102.12.03 11:12 B C:\jakarta-tomcat-3.2.4\webapps\cocoon\exslt\math\functions\lowest\math.lowest.zip --> ftp.exslt.org /www.exslt.org/public_html/math/functions/lowest math.lowest.zip
102.12.03 11:12 B C:\jakarta-tomcat-3.2.4\webapps\cocoon\exslt\math\functions\lowest\refresh.bat --> ftp.exslt.org /www.exslt.org/public_html/math/functions/lowest refresh.bat
102.12.03 11:12 B C:\jakarta-tomcat-3.2.4\webapps\cocoon\exslt\math\functions\lowest\update.bat --> ftp.exslt.org /www.exslt.org/public_html/math/functions/lowest update.bat
102.12.03 11:12 B C:\jakarta-tomcat-3.2.4\webapps\cocoon\exslt\math\functions\lowest\WS_FTP.LOG --> ftp.exslt.org /www.exslt.org/public_html/math/functions/lowest WS_FTP.LOG
102.12.11 11:06 B C:\jakarta-tomcat-3.2.4\webapps\cocoon\exslt\math\functions\lowest\base.css --> ftp.exslt.org /www.exslt.org/public_html/math/functions/lowest base.css
102.12.11 11:06 B C:\jakarta-tomcat-3.2.4\webapps\cocoon\exslt\math\functions\lowest\index.html --> ftp.exslt.org /www.exslt.org/public_html/math/functions/lowest index.html
102.12.11 11:06 B C:\jakarta-tomcat-3.2.4\webapps\cocoon\exslt\math\functions\lowest\math.lowest.1.html --> ftp.exslt.org /www.exslt.org/public_html/math/functions/lowest math.lowest.1.html
102.12.11 11:06 B C:\jakarta-tomcat-3.2.4\webapps\cocoon\exslt\math\functions\lowest\math.lowest.1.xsl --> ftp.exslt.org /www.exslt.org/public_html/math/functions/lowest math.lowest.1.xsl
102.12.11 11:06 B C:\jakarta-tomcat-3.2.4\webapps\cocoon\exslt\math\functions\lowest\math.lowest.2.xsl --> ftp.exslt.org /www.exslt.org/public_html/math/functions/lowest math.lowest.2.xsl
102.12.11 11:06 B C:\jakarta-tomcat-3.2.4\webapps\cocoon\exslt\math\functions\lowest\math.lowest.3.xsl --> ftp.exslt.org /www.exslt.org/public_html/math/functions/lowest math.lowest.3.xsl
102.12.11 11:06 B C:\jakarta-tomcat-3.2.4\webapps\cocoon\exslt\math\functions\lowest\math.lowest.4.xsl --> ftp.exslt.org /www.exslt.org/public_html/math/functions/lowest math.lowest.4.xsl
102.12.11 11:06 B C:\jakarta-tomcat-3.2.4\webapps\cocoon\exslt\math\functions\lowest\math.lowest.5.xsl --> ftp.exslt.org /www.exslt.org/public_html/math/functions/lowest math.lowest.5.xsl
102.12.11 11:06 B C:\jakarta-tomcat-3.2.4\webapps\cocoon\exslt\math\functions\lowest\math.lowest.data.1.xml --> ftp.exslt.org /www.exslt.org/public_html/math/functions/lowest math.lowest.data.1.xml
102.12.11 11:06 B C:\jakarta-tomcat-3.2.4\webapps\cocoon\exslt\math\functions\lowest\math.lowest.data.2.xml --> ftp.exslt.org /www.exslt.org/public_html/math/functions/lowest math.lowest.data.2.xml
102.12.11 11:06 B C:\jakarta-tomcat-3.2.4\webapps\cocoon\exslt\math\functions\lowest\math.lowest.data.5.xml --> ftp.exslt.org /www.exslt.org/public_html/math/functions/lowest math.lowest.data.5.xml
102.12.11 11:06 B C:\jakarta-tomcat-3.2.4\webapps\cocoon\exslt\math\functions\lowest\math.lowest.function.xsl --> ftp.exslt.org /www.exslt.org/public_html/math/functions/lowest math.lowest.function.xsl
102.12.11 11:06 B C:\jakarta-tomcat-3.2.4\webapps\cocoon\exslt\math\functions\lowest\math.lowest.function.xsl.html --> ftp.exslt.org /www.exslt.org/public_html/math/functions/lowest math.lowest.function.xsl.html
102.12.11 11:06 B C:\jakarta-tomcat-3.2.4\webapps\cocoon\exslt\math\functions\lowest\math.lowest.html --> ftp.exslt.org /www.exslt.org/public_html/math/functions/lowest math.lowest.html
102.12.11 11:06 B C:\jakarta-tomcat-3.2.4\webapps\cocoon\exslt\math\functions\lowest\math.lowest.package.txt --> ftp.exslt.org /www.exslt.org/public_html/math/functions/lowest math.lowest.package.txt
102.12.11 11:06 B C:\jakarta-tomcat-3.2.4\webapps\cocoon\exslt\math\functions\lowest\math.lowest.result.1.xml --> ftp.exslt.org /www.exslt.org/public_html/math/functions/lowest math.lowest.result.1.xml
102.12.11 11:06 B C:\jakarta-tomcat-3.2.4\webapps\cocoon\exslt\math\functions\lowest\math.lowest.result.2.xml --> ftp.exslt.org /www.exslt.org/public_html/math/functions/lowest math.lowest.result.2.xml
102.12.11 11:06 B C:\jakarta-tomcat-3.2.4\webapps\cocoon\exslt\math\functions\lowest\math.lowest.result.5.xml --> ftp.exslt.org /www.exslt.org/public_html/math/functions/lowest math.lowest.result.5.xml
102.12.11 11:06 B C:\jakarta-tomcat-3.2.4\webapps\cocoon\exslt\math\functions\lowest\math.lowest.template.xsl --> ftp.exslt.org /www.exslt.org/public_html/math/functions/lowest math.lowest.template.xsl
102.12.11 11:06 B C:\jakarta-tomcat-3.2.4\webapps\cocoon\exslt\math\functions\lowest\math.lowest.template.xsl.html --> ftp.exslt.org /www.exslt.org/public_html/math/functions/lowest math.lowest.template.xsl.html
102.12.11 11:06 B C:\jakarta-tomcat-3.2.4\webapps\cocoon\exslt\math\functions\lowest\math.lowest.use-case.1.html --> ftp.exslt.org /www.exslt.org/public_html/math/functions/lowest math.lowest.use-case.1.html
102.12.11 11:06 B C:\jakarta-tomcat-3.2.4\webapps\cocoon\exslt\math\functions\lowest\math.lowest.use-case.2.html --> ftp.exslt.org /www.exslt.org/public_html/math/functions/lowest math.lowest.use-case.2.html
102.12.11 11:06 B C:\jakarta-tomcat-3.2.4\webapps\cocoon\exslt\math\functions\lowest\math.lowest.use-case.3.html --> ftp.exslt.org /www.exslt.org/public_html/math/functions/lowest math.lowest.use-case.3.html
102.12.11 11:06 B C:\jakarta-tomcat-3.2.4\webapps\cocoon\exslt\math\functions\lowest\math.lowest.use-case.4.html --> ftp.exslt.org /www.exslt.org/public_html/math/functions/lowest math.lowest.use-case.4.html
102.12.11 11:06 B C:\jakarta-tomcat-3.2.4\webapps\cocoon\exslt\math\functions\lowest\math.lowest.use-case.5.html --> ftp.exslt.org /www.exslt.org/public_html/math/functions/lowest math.lowest.use-case.5.html
102.12.11 11:06 B C:\jakarta-tomcat-3.2.4\webapps\cocoon\exslt\math\functions\lowest\math.lowest.use-case.6.html --> ftp.exslt.org /www.exslt.org/public_html/math/functions/lowest math.lowest.use-case.6.html
102.12.11 11:06 B C:\jakarta-tomcat-3.2.4\webapps\cocoon\exslt\math\functions\lowest\math.lowest.use-case.7.html --> ftp.exslt.org /www.exslt.org/public_html/math/functions/lowest math.lowest.use-case.7.html
102.12.11 11:06 B C:\jakarta-tomcat-3.2.4\webapps\cocoon\exslt\math\functions\lowest\math.lowest.use-cases.txt --> ftp.exslt.org /www.exslt.org/public_html/math/functions/lowest math.lowest.use-cases.txt
102.12.11 11:06 B C:\jakarta-tomcat-3.2.4\webapps\cocoon\exslt\math\functions\lowest\math.lowest.use-cases.zip --> ftp.exslt.org /www.exslt.org/public_html/math/functions/lowest math.lowest.use-cases.zip
102.12.11 11:06 B C:\jakarta-tomcat-3.2.4\webapps\cocoon\exslt\math\functions\lowest\math.lowest.xml --> ftp.exslt.org /www.exslt.org/public_html/math/functions/lowest math.lowest.xml
102.12.11 11:06 B C:\jakarta-tomcat-3.2.4\webapps\cocoon\exslt\math\functions\lowest\math.lowest.xsl --> ftp.exslt.org /www.exslt.org/public_html/math/functions/lowest math.lowest.xsl
102.12.11 11:06 B C:\jakarta-tomcat-3.2.4\webapps\cocoon\exslt\math\functions\lowest\math.lowest.zip --> ftp.exslt.org /www.exslt.org/public_html/math/functions/lowest math.lowest.zip
102.12.11 11:06 B C:\jakarta-tomcat-3.2.4\webapps\cocoon\exslt\math\functions\lowest\refresh.bat --> ftp.exslt.org /www.exslt.org/public_html/math/functions/lowest refresh.bat
102.12.11 11:06 B C:\jakarta-tomcat-3.2.4\webapps\cocoon\exslt\math\functions\lowest\update.bat --> ftp.exslt.org /www.exslt.org/public_html/math/functions/lowest update.bat
103.03.03 16:49 B C:\jakarta-tomcat-3.2.4\webapps\cocoon\exslt\math\functions\lowest\WS_FTP.LOG <-- ftp.exslt.org /www.exslt.org/public_html/math/functions/lowest WS_FTP.LOG
103.03.03 17:12 B C:\jakarta-tomcat-3.2.4\webapps\cocoon\exslt\math\functions\lowest\base.css --> ftp.exslt.org /www.exslt.org/public_html/math/functions/lowest base.css
103.03.03 17:12 B C:\jakarta-tomcat-3.2.4\webapps\cocoon\exslt\math\functions\lowest\index.html --> ftp.exslt.org /www.exslt.org/public_html/math/functions/lowest index.html
103.03.03 17:12 B C:\jakarta-tomcat-3.2.4\webapps\cocoon\exslt\math\functions\lowest\math.lowest.1.html --> ftp.exslt.org /www.exslt.org/public_html/math/functions/lowest math.lowest.1.html
103.03.03 17:12 B C:\jakarta-tomcat-3.2.4\webapps\cocoon\exslt\math\functions\lowest\math.lowest.1.xsl --> ftp.exslt.org /www.exslt.org/public_html/math/functions/lowest math.lowest.1.xsl
103.03.03 17:12 B C:\jakarta-tomcat-3.2.4\webapps\cocoon\exslt\math\functions\lowest\math.lowest.2.xsl --> ftp.exslt.org /www.exslt.org/public_html/math/functions/lowest math.lowest.2.xsl
103.03.03 17:12 B C:\jakarta-tomcat-3.2.4\webapps\cocoon\exslt\math\functions\lowest\math.lowest.3.xsl --> ftp.exslt.org /www.exslt.org/public_html/math/functions/lowest math.lowest.3.xsl
103.03.03 17:12 B C:\jakarta-tomcat-3.2.4\webapps\cocoon\exslt\math\functions\lowest\math.lowest.4.xsl --> ftp.exslt.org /www.exslt.org/public_html/math/functions/lowest math.lowest.4.xsl
103.03.03 17:12 B C:\jakarta-tomcat-3.2.4\webapps\cocoon\exslt\math\functions\lowest\math.lowest.5.xsl --> ftp.exslt.org /www.exslt.org/public_html/math/functions/lowest math.lowest.5.xsl
103.03.03 17:12 B C:\jakarta-tomcat-3.2.4\webapps\cocoon\exslt\math\functions\lowest\math.lowest.data.1.xml --> ftp.exslt.org /www.exslt.org/public_html/math/functions/lowest math.lowest.data.1.xml
103.03.03 17:12 B C:\jakarta-tomcat-3.2.4\webapps\cocoon\exslt\math\functions\lowest\math.lowest.data.2.xml --> ftp.exslt.org /www.exslt.org/public_html/math/functions/lowest math.lowest.data.2.xml
103.03.03 17:12 B C:\jakarta-tomcat-3.2.4\webapps\cocoon\exslt\math\functions\lowest\math.lowest.data.5.xml --> ftp.exslt.org /www.exslt.org/public_html/math/functions/lowest math.lowest.data.5.xml
103.03.03 17:12 B C:\jakarta-tomcat-3.2.4\webapps\cocoon\exslt\math\functions\lowest\math.lowest.function.xsl --> ftp.exslt.org /www.exslt.org/public_html/math/functions/lowest math.lowest.function.xsl
103.03.03 17:12 B C:\jakarta-tomcat-3.2.4\webapps\cocoon\exslt\math\functions\lowest\math.lowest.function.xsl.html --> ftp.exslt.org /www.exslt.org/public_html/math/functions/lowest math.lowest.function.xsl.html
103.03.03 17:12 B C:\jakarta-tomcat-3.2.4\webapps\cocoon\exslt\math\functions\lowest\math.lowest.html --> ftp.exslt.org /www.exslt.org/public_html/math/functions/lowest math.lowest.html
103.03.03 17:12 B C:\jakarta-tomcat-3.2.4\webapps\cocoon\exslt\math\functions\lowest\math.lowest.package.txt --> ftp.exslt.org /www.exslt.org/public_html/math/functions/lowest math.lowest.package.txt
103.03.03 17:12 B C:\jakarta-tomcat-3.2.4\webapps\cocoon\exslt\math\functions\lowest\math.lowest.result.1.xml --> ftp.exslt.org /www.exslt.org/public_html/math/functions/lowest math.lowest.result.1.xml
103.03.03 17:12 B C:\jakarta-tomcat-3.2.4\webapps\cocoon\exslt\math\functions\lowest\math.lowest.result.2.xml --> ftp.exslt.org /www.exslt.org/public_html/math/functions/lowest math.lowest.result.2.xml
103.03.03 17:12 B C:\jakarta-tomcat-3.2.4\webapps\cocoon\exslt\math\functions\lowest\math.lowest.result.5.xml --> ftp.exslt.org /www.exslt.org/public_html/math/functions/lowest math.lowest.result.5.xml
103.03.03 17:12 B C:\jakarta-tomcat-3.2.4\webapps\cocoon\exslt\math\functions\lowest\math.lowest.template.xsl --> ftp.exslt.org /www.exslt.org/public_html/math/functions/lowest math.lowest.template.xsl
103.03.03 17:12 B C:\jakarta-tomcat-3.2.4\webapps\cocoon\exslt\math\functions\lowest\math.lowest.template.xsl.html --> ftp.exslt.org /www.exslt.org/public_html/math/functions/lowest math.lowest.template.xsl.html
103.03.03 17:12 B C:\jakarta-tomcat-3.2.4\webapps\cocoon\exslt\math\functions\lowest\math.lowest.use-case.1.html --> ftp.exslt.org /www.exslt.org/public_html/math/functions/lowest math.lowest.use-case.1.html
103.03.03 17:12 B C:\jakarta-tomcat-3.2.4\webapps\cocoon\exslt\math\functions\lowest\math.lowest.use-case.2.html --> ftp.exslt.org /www.exslt.org/public_html/math/functions/lowest math.lowest.use-case.2.html
103.03.03 17:12 B C:\jakarta-tomcat-3.2.4\webapps\cocoon\exslt\math\functions\lowest\math.lowest.use-case.3.html --> ftp.exslt.org /www.exslt.org/public_html/math/functions/lowest math.lowest.use-case.3.html
103.03.03 17:12 B C:\jakarta-tomcat-3.2.4\webapps\cocoon\exslt\math\functions\lowest\math.lowest.use-case.4.html --> ftp.exslt.org /www.exslt.org/public_html/math/functions/lowest math.lowest.use-case.4.html
103.03.03 17:12 B C:\jakarta-tomcat-3.2.4\webapps\cocoon\exslt\math\functions\lowest\math.lowest.use-case.5.html --> ftp.exslt.org /www.exslt.org/public_html/math/functions/lowest math.lowest.use-case.5.html
103.03.03 17:12 B C:\jakarta-tomcat-3.2.4\webapps\cocoon\exslt\math\functions\lowest\math.lowest.use-case.6.html --> ftp.exslt.org /www.exslt.org/public_html/math/functions/lowest math.lowest.use-case.6.html
103.03.03 17:12 B C:\jakarta-tomcat-3.2.4\webapps\cocoon\exslt\math\functions\lowest\math.lowest.use-case.7.html --> ftp.exslt.org /www.exslt.org/public_html/math/functions/lowest math.lowest.use-case.7.html
103.03.03 17:12 B C:\jakarta-tomcat-3.2.4\webapps\cocoon\exslt\math\functions\lowest\math.lowest.use-cases.txt --> ftp.exslt.org /www.exslt.org/public_html/math/functions/lowest math.lowest.use-cases.txt
103.03.03 17:12 B C:\jakarta-tomcat-3.2.4\webapps\cocoon\exslt\math\functions\lowest\math.lowest.use-cases.zip --> ftp.exslt.org /www.exslt.org/public_html/math/functions/lowest math.lowest.use-cases.zip
103.03.03 17:12 B C:\jakarta-tomcat-3.2.4\webapps\cocoon\exslt\math\functions\lowest\math.lowest.xml --> ftp.exslt.org /www.exslt.org/public_html/math/functions/lowest math.lowest.xml
103.03.03 17:12 B C:\jakarta-tomcat-3.2.4\webapps\cocoon\exslt\math\functions\lowest\math.lowest.xsl --> ftp.exslt.org /www.exslt.org/public_html/math/functions/lowest math.lowest.xsl
103.03.03 17:12 B C:\jakarta-tomcat-3.2.4\webapps\cocoon\exslt\math\functions\lowest\math.lowest.zip --> ftp.exslt.org /www.exslt.org/public_html/math/functions/lowest math.lowest.zip
103.03.03 17:12 B C:\jakarta-tomcat-3.2.4\webapps\cocoon\exslt\math\functions\lowest\refresh.bat --> ftp.exslt.org /www.exslt.org/public_html/math/functions/lowest refresh.bat
103.03.03 17:12 B C:\jakarta-tomcat-3.2.4\webapps\cocoon\exslt\math\functions\lowest\update.bat --> ftp.exslt.org /www.exslt.org/public_html/math/functions/lowest update.bat
103.09.29 15:45 B C:\jakarta-tomcat-3.2.4\webapps\cocoon\exslt\math\functions\lowest\WS_FTP.LOG <-- ftp.exslt.org /www.exslt.org/public_html/math/functions/lowest WS_FTP.LOG
103.10.21 13:08 B C:\jakarta-tomcat-3.2.4\webapps\cocoon\exslt\math\functions\lowest\base.css --> marian.cs.nott.ac.uk /stud/pg/cds/exslt/math/functions/lowest base.css
103.10.21 13:08 B C:\jakarta-tomcat-3.2.4\webapps\cocoon\exslt\math\functions\lowest\index.html --> marian.cs.nott.ac.uk /stud/pg/cds/exslt/math/functions/lowest index.html
103.10.21 13:08 B C:\jakarta-tomcat-3.2.4\webapps\cocoon\exslt\math\functions\lowest\math.lowest.1.html --> marian.cs.nott.ac.uk /stud/pg/cds/exslt/math/functions/lowest math.lowest.1.html
103.10.21 13:08 B C:\jakarta-tomcat-3.2.4\webapps\cocoon\exslt\math\functions\lowest\math.lowest.1.xsl --> marian.cs.nott.ac.uk /stud/pg/cds/exslt/math/functions/lowest math.lowest.1.xsl
103.10.21 13:08 B C:\jakarta-tomcat-3.2.4\webapps\cocoon\exslt\math\functions\lowest\math.lowest.2.xsl --> marian.cs.nott.ac.uk /stud/pg/cds/exslt/math/functions/lowest math.lowest.2.xsl
103.10.21 13:08 B C:\jakarta-tomcat-3.2.4\webapps\cocoon\exslt\math\functions\lowest\math.lowest.3.xsl --> marian.cs.nott.ac.uk /stud/pg/cds/exslt/math/functions/lowest math.lowest.3.xsl
103.10.21 13:08 B C:\jakarta-tomcat-3.2.4\webapps\cocoon\exslt\math\functions\lowest\math.lowest.4.xsl --> marian.cs.nott.ac.uk /stud/pg/cds/exslt/math/functions/lowest math.lowest.4.xsl
103.10.21 13:08 B C:\jakarta-tomcat-3.2.4\webapps\cocoon\exslt\math\functions\lowest\math.lowest.5.xsl --> marian.cs.nott.ac.uk /stud/pg/cds/exslt/math/functions/lowest math.lowest.5.xsl
103.10.21 13:08 B C:\jakarta-tomcat-3.2.4\webapps\cocoon\exslt\math\functions\lowest\math.lowest.data.1.xml --> marian.cs.nott.ac.uk /stud/pg/cds/exslt/math/functions/lowest math.lowest.data.1.xml
103.10.21 13:08 B C:\jakarta-tomcat-3.2.4\webapps\cocoon\exslt\math\functions\lowest\math.lowest.data.2.xml --> marian.cs.nott.ac.uk /stud/pg/cds/exslt/math/functions/lowest math.lowest.data.2.xml
103.10.21 13:08 B C:\jakarta-tomcat-3.2.4\webapps\cocoon\exslt\math\functions\lowest\math.lowest.data.5.xml --> marian.cs.nott.ac.uk /stud/pg/cds/exslt/math/functions/lowest math.lowest.data.5.xml
103.10.21 13:08 B C:\jakarta-tomcat-3.2.4\webapps\cocoon\exslt\math\functions\lowest\math.lowest.function.xsl --> marian.cs.nott.ac.uk /stud/pg/cds/exslt/math/functions/lowest math.lowest.function.xsl
103.10.21 13:08 B C:\jakarta-tomcat-3.2.4\webapps\cocoon\exslt\math\functions\lowest\math.lowest.function.xsl.html --> marian.cs.nott.ac.uk /stud/pg/cds/exslt/math/functions/lowest math.lowest.function.xsl.html
103.10.21 13:09 B C:\jakarta-tomcat-3.2.4\webapps\cocoon\exslt\math\functions\lowest\math.lowest.html --> marian.cs.nott.ac.uk /stud/pg/cds/exslt/math/functions/lowest math.lowest.html
103.10.21 13:09 B C:\jakarta-tomcat-3.2.4\webapps\cocoon\exslt\math\functions\lowest\math.lowest.package.txt --> marian.cs.nott.ac.uk /stud/pg/cds/exslt/math/functions/lowest math.lowest.package.txt
103.10.21 13:09 B C:\jakarta-tomcat-3.2.4\webapps\cocoon\exslt\math\functions\lowest\math.lowest.result.1.xml --> marian.cs.nott.ac.uk /stud/pg/cds/exslt/math/functions/lowest math.lowest.result.1.xml
103.10.21 13:09 B C:\jakarta-tomcat-3.2.4\webapps\cocoon\exslt\math\functions\lowest\math.lowest.result.2.xml --> marian.cs.nott.ac.uk /stud/pg/cds/exslt/math/functions/lowest math.lowest.result.2.xml
103.10.21 13:09 B C:\jakarta-tomcat-3.2.4\webapps\cocoon\exslt\math\functions\lowest\math.lowest.result.5.xml --> marian.cs.nott.ac.uk /stud/pg/cds/exslt/math/functions/lowest math.lowest.result.5.xml
103.10.21 13:09 B C:\jakarta-tomcat-3.2.4\webapps\cocoon\exslt\math\functions\lowest\math.lowest.template.xsl --> marian.cs.nott.ac.uk /stud/pg/cds/exslt/math/functions/lowest math.lowest.template.xsl
103.10.21 13:09 B C:\jakarta-tomcat-3.2.4\webapps\cocoon\exslt\math\functions\lowest\math.lowest.template.xsl.html --> marian.cs.nott.ac.uk /stud/pg/cds/exslt/math/functions/lowest math.lowest.template.xsl.html
103.10.21 13:09 B C:\jakarta-tomcat-3.2.4\webapps\cocoon\exslt\math\functions\lowest\math.lowest.use-case.1.html --> marian.cs.nott.ac.uk /stud/pg/cds/exslt/math/functions/lowest math.lowest.use-case.1.html
103.10.21 13:09 B C:\jakarta-tomcat-3.2.4\webapps\cocoon\exslt\math\functions\lowest\math.lowest.use-case.2.html --> marian.cs.nott.ac.uk /stud/pg/cds/exslt/math/functions/lowest math.lowest.use-case.2.html
103.10.21 13:09 B C:\jakarta-tomcat-3.2.4\webapps\cocoon\exslt\math\functions\lowest\math.lowest.use-case.3.html --> marian.cs.nott.ac.uk /stud/pg/cds/exslt/math/functions/lowest math.lowest.use-case.3.html
103.10.21 13:09 B C:\jakarta-tomcat-3.2.4\webapps\cocoon\exslt\math\functions\lowest\math.lowest.use-case.4.html --> marian.cs.nott.ac.uk /stud/pg/cds/exslt/math/functions/lowest math.lowest.use-case.4.html
103.10.21 13:09 B C:\jakarta-tomcat-3.2.4\webapps\cocoon\exslt\math\functions\lowest\math.lowest.use-case.5.html --> marian.cs.nott.ac.uk /stud/pg/cds/exslt/math/functions/lowest math.lowest.use-case.5.html
103.10.21 13:09 B C:\jakarta-tomcat-3.2.4\webapps\cocoon\exslt\math\functions\lowest\math.lowest.use-case.6.html --> marian.cs.nott.ac.uk /stud/pg/cds/exslt/math/functions/lowest math.lowest.use-case.6.html
103.10.21 13:09 B C:\jakarta-tomcat-3.2.4\webapps\cocoon\exslt\math\functions\lowest\math.lowest.use-case.7.html --> marian.cs.nott.ac.uk /stud/pg/cds/exslt/math/functions/lowest math.lowest.use-case.7.html
103.10.21 13:09 B C:\jakarta-tomcat-3.2.4\webapps\cocoon\exslt\math\functions\lowest\math.lowest.use-cases.txt --> marian.cs.nott.ac.uk /stud/pg/cds/exslt/math/functions/lowest math.lowest.use-cases.txt
103.10.21 13:09 B C:\jakarta-tomcat-3.2.4\webapps\cocoon\exslt\math\functions\lowest\math.lowest.use-cases.zip --> marian.cs.nott.ac.uk /stud/pg/cds/exslt/math/functions/lowest math.lowest.use-cases.zip
103.10.21 13:09 B C:\jakarta-tomcat-3.2.4\webapps\cocoon\exslt\math\functions\lowest\math.lowest.xml --> marian.cs.nott.ac.uk /stud/pg/cds/exslt/math/functions/lowest math.lowest.xml
103.10.21 13:09 B C:\jakarta-tomcat-3.2.4\webapps\cocoon\exslt\math\functions\lowest\math.lowest.xsl --> marian.cs.nott.ac.uk /stud/pg/cds/exslt/math/functions/lowest math.lowest.xsl
103.10.21 13:09 B C:\jakarta-tomcat-3.2.4\webapps\cocoon\exslt\math\functions\lowest\math.lowest.zip --> marian.cs.nott.ac.uk /stud/pg/cds/exslt/math/functions/lowest math.lowest.zip
103.10.21 13:09 B C:\jakarta-tomcat-3.2.4\webapps\cocoon\exslt\math\functions\lowest\refresh.bat --> marian.cs.nott.ac.uk /stud/pg/cds/exslt/math/functions/lowest refresh.bat
103.10.21 13:09 B C:\jakarta-tomcat-3.2.4\webapps\cocoon\exslt\math\functions\lowest\update.bat --> marian.cs.nott.ac.uk /stud/pg/cds/exslt/math/functions/lowest update.bat
103.10.21 13:09 B C:\jakarta-tomcat-3.2.4\webapps\cocoon\exslt\math\functions\lowest\WS_FTP.LOG --> marian.cs.nott.ac.uk /stud/pg/cds/exslt/math/functions/lowest WS_FTP.LOG
103.10.23 16:38 B C:\jakarta-tomcat-3.2.4\webapps\cocoon\exslt\math\functions\lowest\base.css --> ftp.exslt.org /www.exslt.org/public_html/math/functions/lowest base.css
103.10.23 16:38 B C:\jakarta-tomcat-3.2.4\webapps\cocoon\exslt\math\functions\lowest\index.html --> ftp.exslt.org /www.exslt.org/public_html/math/functions/lowest index.html
103.10.23 16:39 B C:\jakarta-tomcat-3.2.4\webapps\cocoon\exslt\math\functions\lowest\math.lowest.1.html --> ftp.exslt.org /www.exslt.org/public_html/math/functions/lowest math.lowest.1.html
103.10.23 16:39 B C:\jakarta-tomcat-3.2.4\webapps\cocoon\exslt\math\functions\lowest\math.lowest.1.xsl --> ftp.exslt.org /www.exslt.org/public_html/math/functions/lowest math.lowest.1.xsl
103.10.23 16:39 B C:\jakarta-tomcat-3.2.4\webapps\cocoon\exslt\math\functions\lowest\math.lowest.2.xsl --> ftp.exslt.org /www.exslt.org/public_html/math/functions/lowest math.lowest.2.xsl
103.10.23 16:39 B C:\jakarta-tomcat-3.2.4\webapps\cocoon\exslt\math\functions\lowest\math.lowest.3.xsl --> ftp.exslt.org /www.exslt.org/public_html/math/functions/lowest math.lowest.3.xsl
103.10.23 16:39 B C:\jakarta-tomcat-3.2.4\webapps\cocoon\exslt\math\functions\lowest\math.lowest.4.xsl --> ftp.exslt.org /www.exslt.org/public_html/math/functions/lowest math.lowest.4.xsl
103.10.23 16:39 B C:\jakarta-tomcat-3.2.4\webapps\cocoon\exslt\math\functions\lowest\math.lowest.5.xsl --> ftp.exslt.org /www.exslt.org/public_html/math/functions/lowest math.lowest.5.xsl
103.10.23 16:39 B C:\jakarta-tomcat-3.2.4\webapps\cocoon\exslt\math\functions\lowest\math.lowest.data.1.xml --> ftp.exslt.org /www.exslt.org/public_html/math/functions/lowest math.lowest.data.1.xml
103.10.23 16:39 B C:\jakarta-tomcat-3.2.4\webapps\cocoon\exslt\math\functions\lowest\math.lowest.data.2.xml --> ftp.exslt.org /www.exslt.org/public_html/math/functions/lowest math.lowest.data.2.xml
103.10.23 16:39 B C:\jakarta-tomcat-3.2.4\webapps\cocoon\exslt\math\functions\lowest\math.lowest.data.5.xml --> ftp.exslt.org /www.exslt.org/public_html/math/functions/lowest math.lowest.data.5.xml
103.10.23 16:39 B C:\jakarta-tomcat-3.2.4\webapps\cocoon\exslt\math\functions\lowest\math.lowest.function.xsl --> ftp.exslt.org /www.exslt.org/public_html/math/functions/lowest math.lowest.function.xsl
103.10.23 16:39 B C:\jakarta-tomcat-3.2.4\webapps\cocoon\exslt\math\functions\lowest\math.lowest.function.xsl.html --> ftp.exslt.org /www.exslt.org/public_html/math/functions/lowest math.lowest.function.xsl.html
103.10.23 16:39 B C:\jakarta-tomcat-3.2.4\webapps\cocoon\exslt\math\functions\lowest\math.lowest.html --> ftp.exslt.org /www.exslt.org/public_html/math/functions/lowest math.lowest.html
103.10.23 16:39 B C:\jakarta-tomcat-3.2.4\webapps\cocoon\exslt\math\functions\lowest\math.lowest.package.txt --> ftp.exslt.org /www.exslt.org/public_html/math/functions/lowest math.lowest.package.txt
103.10.23 16:39 B C:\jakarta-tomcat-3.2.4\webapps\cocoon\exslt\math\functions\lowest\math.lowest.result.1.xml --> ftp.exslt.org /www.exslt.org/public_html/math/functions/lowest math.lowest.result.1.xml
103.10.23 16:39 B C:\jakarta-tomcat-3.2.4\webapps\cocoon\exslt\math\functions\lowest\math.lowest.result.2.xml --> ftp.exslt.org /www.exslt.org/public_html/math/functions/lowest math.lowest.result.2.xml
103.10.23 16:39 B C:\jakarta-tomcat-3.2.4\webapps\cocoon\exslt\math\functions\lowest\math.lowest.result.5.xml --> ftp.exslt.org /www.exslt.org/public_html/math/functions/lowest math.lowest.result.5.xml
103.10.23 16:39 B C:\jakarta-tomcat-3.2.4\webapps\cocoon\exslt\math\functions\lowest\math.lowest.template.xsl --> ftp.exslt.org /www.exslt.org/public_html/math/functions/lowest math.lowest.template.xsl
103.10.23 16:39 B C:\jakarta-tomcat-3.2.4\webapps\cocoon\exslt\math\functions\lowest\math.lowest.template.xsl.html --> ftp.exslt.org /www.exslt.org/public_html/math/functions/lowest math.lowest.template.xsl.html
103.10.23 16:39 B C:\jakarta-tomcat-3.2.4\webapps\cocoon\exslt\math\functions\lowest\math.lowest.use-case.1.html --> ftp.exslt.org /www.exslt.org/public_html/math/functions/lowest math.lowest.use-case.1.html
103.10.23 16:39 B C:\jakarta-tomcat-3.2.4\webapps\cocoon\exslt\math\functions\lowest\math.lowest.use-case.2.html --> ftp.exslt.org /www.exslt.org/public_html/math/functions/lowest math.lowest.use-case.2.html
103.10.23 16:39 B C:\jakarta-tomcat-3.2.4\webapps\cocoon\exslt\math\functions\lowest\math.lowest.use-case.3.html --> ftp.exslt.org /www.exslt.org/public_html/math/functions/lowest math.lowest.use-case.3.html
103.10.23 16:39 B C:\jakarta-tomcat-3.2.4\webapps\cocoon\exslt\math\functions\lowest\math.lowest.use-case.4.html --> ftp.exslt.org /www.exslt.org/public_html/math/functions/lowest math.lowest.use-case.4.html
103.10.23 16:39 B C:\jakarta-tomcat-3.2.4\webapps\cocoon\exslt\math\functions\lowest\math.lowest.use-case.5.html --> ftp.exslt.org /www.exslt.org/public_html/math/functions/lowest math.lowest.use-case.5.html
103.10.23 16:39 B C:\jakarta-tomcat-3.2.4\webapps\cocoon\exslt\math\functions\lowest\math.lowest.use-case.6.html --> ftp.exslt.org /www.exslt.org/public_html/math/functions/lowest math.lowest.use-case.6.html
103.10.23 16:39 B C:\jakarta-tomcat-3.2.4\webapps\cocoon\exslt\math\functions\lowest\math.lowest.use-case.7.html --> ftp.exslt.org /www.exslt.org/public_html/math/functions/lowest math.lowest.use-case.7.html
103.10.23 16:39 B C:\jakarta-tomcat-3.2.4\webapps\cocoon\exslt\math\functions\lowest\math.lowest.use-cases.txt --> ftp.exslt.org /www.exslt.org/public_html/math/functions/lowest math.lowest.use-cases.txt
103.10.23 16:39 B C:\jakarta-tomcat-3.2.4\webapps\cocoon\exslt\math\functions\lowest\math.lowest.use-cases.zip --> ftp.exslt.org /www.exslt.org/public_html/math/functions/lowest math.lowest.use-cases.zip
103.10.23 16:39 B C:\jakarta-tomcat-3.2.4\webapps\cocoon\exslt\math\functions\lowest\math.lowest.xml --> ftp.exslt.org /www.exslt.org/public_html/math/functions/lowest math.lowest.xml
103.10.23 16:39 B C:\jakarta-tomcat-3.2.4\webapps\cocoon\exslt\math\functions\lowest\math.lowest.xsl --> ftp.exslt.org /www.exslt.org/public_html/math/functions/lowest math.lowest.xsl
103.10.23 16:40 B C:\jakarta-tomcat-3.2.4\webapps\cocoon\exslt\math\functions\lowest\math.lowest.zip --> ftp.exslt.org /www.exslt.org/public_html/math/functions/lowest math.lowest.zip
103.10.23 16:40 B C:\jakarta-tomcat-3.2.4\webapps\cocoon\exslt\math\functions\lowest\refresh.bat --> ftp.exslt.org /www.exslt.org/public_html/math/functions/lowest refresh.bat
103.10.23 16:40 B C:\jakarta-tomcat-3.2.4\webapps\cocoon\exslt\math\functions\lowest\update.bat --> ftp.exslt.org /www.exslt.org/public_html/math/functions/lowest update.bat
