102.08.21 17:24 B C:\jakarta-tomcat-3.2.4\webapps\cocoon\exslt\date\functions\date\base.css --> ftp.exslt.org /www.exslt.org/public_html/date/functions/date base.css
102.08.21 17:25 B C:\jakarta-tomcat-3.2.4\webapps\cocoon\exslt\date\functions\date\date.date.2.html --> ftp.exslt.org /www.exslt.org/public_html/date/functions/date date.date.2.html
102.08.21 17:25 B C:\jakarta-tomcat-3.2.4\webapps\cocoon\exslt\date\functions\date\date.date.function.xsl --> ftp.exslt.org /www.exslt.org/public_html/date/functions/date date.date.function.xsl
102.08.21 17:25 B C:\jakarta-tomcat-3.2.4\webapps\cocoon\exslt\date\functions\date\date.date.function.xsl.html --> ftp.exslt.org /www.exslt.org/public_html/date/functions/date date.date.function.xsl.html
102.08.21 17:25 B C:\jakarta-tomcat-3.2.4\webapps\cocoon\exslt\date\functions\date\date.date.html --> ftp.exslt.org /www.exslt.org/public_html/date/functions/date date.date.html
102.08.21 17:25 B C:\jakarta-tomcat-3.2.4\webapps\cocoon\exslt\date\functions\date\date.date.package.txt --> ftp.exslt.org /www.exslt.org/public_html/date/functions/date date.date.package.txt
102.08.21 17:25 B C:\jakarta-tomcat-3.2.4\webapps\cocoon\exslt\date\functions\date\date.date.template.xsl --> ftp.exslt.org /www.exslt.org/public_html/date/functions/date date.date.template.xsl
102.08.21 17:25 B C:\jakarta-tomcat-3.2.4\webapps\cocoon\exslt\date\functions\date\date.date.template.xsl.html --> ftp.exslt.org /www.exslt.org/public_html/date/functions/date date.date.template.xsl.html
102.08.21 17:25 B C:\jakarta-tomcat-3.2.4\webapps\cocoon\exslt\date\functions\date\date.date.use-cases.txt --> ftp.exslt.org /www.exslt.org/public_html/date/functions/date date.date.use-cases.txt
102.08.21 17:25 B C:\jakarta-tomcat-3.2.4\webapps\cocoon\exslt\date\functions\date\date.date.use-cases.zip --> ftp.exslt.org /www.exslt.org/public_html/date/functions/date date.date.use-cases.zip
102.08.21 17:25 B C:\jakarta-tomcat-3.2.4\webapps\cocoon\exslt\date\functions\date\date.date.xml --> ftp.exslt.org /www.exslt.org/public_html/date/functions/date date.date.xml
102.08.21 17:25 B C:\jakarta-tomcat-3.2.4\webapps\cocoon\exslt\date\functions\date\date.date.xsl --> ftp.exslt.org /www.exslt.org/public_html/date/functions/date date.date.xsl
102.08.21 17:25 B C:\jakarta-tomcat-3.2.4\webapps\cocoon\exslt\date\functions\date\date.date.zip --> ftp.exslt.org /www.exslt.org/public_html/date/functions/date date.date.zip
102.08.21 17:25 B C:\jakarta-tomcat-3.2.4\webapps\cocoon\exslt\date\functions\date\date.js --> ftp.exslt.org /www.exslt.org/public_html/date/functions/date date.js
102.08.21 17:25 B C:\jakarta-tomcat-3.2.4\webapps\cocoon\exslt\date\functions\date\date.js.html --> ftp.exslt.org /www.exslt.org/public_html/date/functions/date date.js.html
102.08.21 17:25 B C:\jakarta-tomcat-3.2.4\webapps\cocoon\exslt\date\functions\date\date.msxsl.xsl --> ftp.exslt.org /www.exslt.org/public_html/date/functions/date date.msxsl.xsl
102.08.21 17:25 B C:\jakarta-tomcat-3.2.4\webapps\cocoon\exslt\date\functions\date\date.msxsl.xsl.html --> ftp.exslt.org /www.exslt.org/public_html/date/functions/date date.msxsl.xsl.html
102.08.21 17:25 B C:\jakarta-tomcat-3.2.4\webapps\cocoon\exslt\date\functions\date\index.html --> ftp.exslt.org /www.exslt.org/public_html/date/functions/date index.html
102.08.21 17:25 B C:\jakarta-tomcat-3.2.4\webapps\cocoon\exslt\date\functions\date\refresh.bat --> ftp.exslt.org /www.exslt.org/public_html/date/functions/date refresh.bat
102.08.21 17:25 B C:\jakarta-tomcat-3.2.4\webapps\cocoon\exslt\date\functions\date\update.bat --> ftp.exslt.org /www.exslt.org/public_html/date/functions/date update.bat
102.08.21 17:30 B C:\jakarta-tomcat-3.2.4\webapps\cocoon\exslt\date\functions\date\base.css --> ftp.exslt.org /www.exslt.org/public_html/date/functions/date base.css
102.08.21 17:30 B C:\jakarta-tomcat-3.2.4\webapps\cocoon\exslt\date\functions\date\date.date.2.html --> ftp.exslt.org /www.exslt.org/public_html/date/functions/date date.date.2.html
102.08.21 17:30 B C:\jakarta-tomcat-3.2.4\webapps\cocoon\exslt\date\functions\date\date.date.function.xsl --> ftp.exslt.org /www.exslt.org/public_html/date/functions/date date.date.function.xsl
102.08.21 17:30 B C:\jakarta-tomcat-3.2.4\webapps\cocoon\exslt\date\functions\date\date.date.function.xsl.html --> ftp.exslt.org /www.exslt.org/public_html/date/functions/date date.date.function.xsl.html
102.08.21 17:30 B C:\jakarta-tomcat-3.2.4\webapps\cocoon\exslt\date\functions\date\date.date.html --> ftp.exslt.org /www.exslt.org/public_html/date/functions/date date.date.html
102.08.21 17:30 B C:\jakarta-tomcat-3.2.4\webapps\cocoon\exslt\date\functions\date\date.date.package.txt --> ftp.exslt.org /www.exslt.org/public_html/date/functions/date date.date.package.txt
102.08.21 17:30 B C:\jakarta-tomcat-3.2.4\webapps\cocoon\exslt\date\functions\date\date.date.template.xsl --> ftp.exslt.org /www.exslt.org/public_html/date/functions/date date.date.template.xsl
102.08.21 17:30 B C:\jakarta-tomcat-3.2.4\webapps\cocoon\exslt\date\functions\date\date.date.template.xsl.html --> ftp.exslt.org /www.exslt.org/public_html/date/functions/date date.date.template.xsl.html
102.08.21 17:30 B C:\jakarta-tomcat-3.2.4\webapps\cocoon\exslt\date\functions\date\date.date.use-cases.txt --> ftp.exslt.org /www.exslt.org/public_html/date/functions/date date.date.use-cases.txt
102.08.21 17:30 B C:\jakarta-tomcat-3.2.4\webapps\cocoon\exslt\date\functions\date\date.date.use-cases.zip --> ftp.exslt.org /www.exslt.org/public_html/date/functions/date date.date.use-cases.zip
102.08.21 17:30 B C:\jakarta-tomcat-3.2.4\webapps\cocoon\exslt\date\functions\date\date.date.xml --> ftp.exslt.org /www.exslt.org/public_html/date/functions/date date.date.xml
102.08.21 17:30 B C:\jakarta-tomcat-3.2.4\webapps\cocoon\exslt\date\functions\date\date.date.xsl --> ftp.exslt.org /www.exslt.org/public_html/date/functions/date date.date.xsl
102.08.21 17:30 B C:\jakarta-tomcat-3.2.4\webapps\cocoon\exslt\date\functions\date\date.date.zip --> ftp.exslt.org /www.exslt.org/public_html/date/functions/date date.date.zip
102.08.21 17:30 B C:\jakarta-tomcat-3.2.4\webapps\cocoon\exslt\date\functions\date\date.js --> ftp.exslt.org /www.exslt.org/public_html/date/functions/date date.js
102.08.21 17:30 B C:\jakarta-tomcat-3.2.4\webapps\cocoon\exslt\date\functions\date\date.js.html --> ftp.exslt.org /www.exslt.org/public_html/date/functions/date date.js.html
102.08.21 17:30 B C:\jakarta-tomcat-3.2.4\webapps\cocoon\exslt\date\functions\date\date.msxsl.xsl --> ftp.exslt.org /www.exslt.org/public_html/date/functions/date date.msxsl.xsl
102.08.21 17:30 B C:\jakarta-tomcat-3.2.4\webapps\cocoon\exslt\date\functions\date\date.msxsl.xsl.html --> ftp.exslt.org /www.exslt.org/public_html/date/functions/date date.msxsl.xsl.html
102.08.21 17:30 B C:\jakarta-tomcat-3.2.4\webapps\cocoon\exslt\date\functions\date\index.html --> ftp.exslt.org /www.exslt.org/public_html/date/functions/date index.html
102.08.21 17:30 B C:\jakarta-tomcat-3.2.4\webapps\cocoon\exslt\date\functions\date\refresh.bat --> ftp.exslt.org /www.exslt.org/public_html/date/functions/date refresh.bat
102.08.21 17:30 B C:\jakarta-tomcat-3.2.4\webapps\cocoon\exslt\date\functions\date\update.bat --> ftp.exslt.org /www.exslt.org/public_html/date/functions/date update.bat
102.08.21 17:30 B C:\jakarta-tomcat-3.2.4\webapps\cocoon\exslt\date\functions\date\WS_FTP.LOG --> ftp.exslt.org /www.exslt.org/public_html/date/functions/date WS_FTP.LOG
102.11.19 13:14 B C:\jakarta-tomcat-3.2.4\webapps\cocoon\exslt\date\functions\date\base.css --> ftp.exslt.org /www.exslt.org/public_html/date/functions/date base.css
102.11.19 13:14 B C:\jakarta-tomcat-3.2.4\webapps\cocoon\exslt\date\functions\date\date.date.2.html --> ftp.exslt.org /www.exslt.org/public_html/date/functions/date date.date.2.html
102.11.19 13:14 B C:\jakarta-tomcat-3.2.4\webapps\cocoon\exslt\date\functions\date\date.date.function.xsl --> ftp.exslt.org /www.exslt.org/public_html/date/functions/date date.date.function.xsl
102.11.19 13:14 B C:\jakarta-tomcat-3.2.4\webapps\cocoon\exslt\date\functions\date\date.date.function.xsl.html --> ftp.exslt.org /www.exslt.org/public_html/date/functions/date date.date.function.xsl.html
102.11.19 13:14 B C:\jakarta-tomcat-3.2.4\webapps\cocoon\exslt\date\functions\date\date.date.html --> ftp.exslt.org /www.exslt.org/public_html/date/functions/date date.date.html
102.11.19 13:14 B C:\jakarta-tomcat-3.2.4\webapps\cocoon\exslt\date\functions\date\date.date.package.txt --> ftp.exslt.org /www.exslt.org/public_html/date/functions/date date.date.package.txt
102.11.19 13:14 B C:\jakarta-tomcat-3.2.4\webapps\cocoon\exslt\date\functions\date\date.date.template.xsl --> ftp.exslt.org /www.exslt.org/public_html/date/functions/date date.date.template.xsl
102.11.19 13:14 B C:\jakarta-tomcat-3.2.4\webapps\cocoon\exslt\date\functions\date\date.date.template.xsl.html --> ftp.exslt.org /www.exslt.org/public_html/date/functions/date date.date.template.xsl.html
102.11.19 13:14 B C:\jakarta-tomcat-3.2.4\webapps\cocoon\exslt\date\functions\date\date.date.use-cases.txt --> ftp.exslt.org /www.exslt.org/public_html/date/functions/date date.date.use-cases.txt
102.11.19 13:14 B C:\jakarta-tomcat-3.2.4\webapps\cocoon\exslt\date\functions\date\date.date.use-cases.zip --> ftp.exslt.org /www.exslt.org/public_html/date/functions/date date.date.use-cases.zip
102.11.19 13:14 B C:\jakarta-tomcat-3.2.4\webapps\cocoon\exslt\date\functions\date\date.date.xml --> ftp.exslt.org /www.exslt.org/public_html/date/functions/date date.date.xml
102.11.19 13:14 B C:\jakarta-tomcat-3.2.4\webapps\cocoon\exslt\date\functions\date\date.date.xsl --> ftp.exslt.org /www.exslt.org/public_html/date/functions/date date.date.xsl
102.11.19 13:14 B C:\jakarta-tomcat-3.2.4\webapps\cocoon\exslt\date\functions\date\date.date.zip --> ftp.exslt.org /www.exslt.org/public_html/date/functions/date date.date.zip
102.11.19 13:14 B C:\jakarta-tomcat-3.2.4\webapps\cocoon\exslt\date\functions\date\date.js --> ftp.exslt.org /www.exslt.org/public_html/date/functions/date date.js
102.11.19 13:14 B C:\jakarta-tomcat-3.2.4\webapps\cocoon\exslt\date\functions\date\date.js.html --> ftp.exslt.org /www.exslt.org/public_html/date/functions/date date.js.html
102.11.19 13:14 B C:\jakarta-tomcat-3.2.4\webapps\cocoon\exslt\date\functions\date\date.msxsl.xsl --> ftp.exslt.org /www.exslt.org/public_html/date/functions/date date.msxsl.xsl
102.11.19 13:14 B C:\jakarta-tomcat-3.2.4\webapps\cocoon\exslt\date\functions\date\date.msxsl.xsl.html --> ftp.exslt.org /www.exslt.org/public_html/date/functions/date date.msxsl.xsl.html
102.11.19 13:14 B C:\jakarta-tomcat-3.2.4\webapps\cocoon\exslt\date\functions\date\index.html --> ftp.exslt.org /www.exslt.org/public_html/date/functions/date index.html
102.11.19 13:14 B C:\jakarta-tomcat-3.2.4\webapps\cocoon\exslt\date\functions\date\refresh.bat --> ftp.exslt.org /www.exslt.org/public_html/date/functions/date refresh.bat
102.11.19 13:14 B C:\jakarta-tomcat-3.2.4\webapps\cocoon\exslt\date\functions\date\update.bat --> ftp.exslt.org /www.exslt.org/public_html/date/functions/date update.bat
102.11.19 13:14 B C:\jakarta-tomcat-3.2.4\webapps\cocoon\exslt\date\functions\date\WS_FTP.LOG --> ftp.exslt.org /www.exslt.org/public_html/date/functions/date WS_FTP.LOG
102.11.19 13:20 B C:\jakarta-tomcat-3.2.4\webapps\cocoon\exslt\date\functions\date\base.css --> ftp.exslt.org /www.exslt.org/public_html/date/functions/date base.css
102.11.19 13:20 B C:\jakarta-tomcat-3.2.4\webapps\cocoon\exslt\date\functions\date\date.date.2.html --> ftp.exslt.org /www.exslt.org/public_html/date/functions/date date.date.2.html
102.11.19 13:20 B C:\jakarta-tomcat-3.2.4\webapps\cocoon\exslt\date\functions\date\date.date.function.xsl --> ftp.exslt.org /www.exslt.org/public_html/date/functions/date date.date.function.xsl
102.11.19 13:20 B C:\jakarta-tomcat-3.2.4\webapps\cocoon\exslt\date\functions\date\date.date.function.xsl.html --> ftp.exslt.org /www.exslt.org/public_html/date/functions/date date.date.function.xsl.html
102.11.19 13:20 B C:\jakarta-tomcat-3.2.4\webapps\cocoon\exslt\date\functions\date\date.date.html --> ftp.exslt.org /www.exslt.org/public_html/date/functions/date date.date.html
102.11.19 13:20 B C:\jakarta-tomcat-3.2.4\webapps\cocoon\exslt\date\functions\date\date.date.package.txt --> ftp.exslt.org /www.exslt.org/public_html/date/functions/date date.date.package.txt
102.11.19 13:20 B C:\jakarta-tomcat-3.2.4\webapps\cocoon\exslt\date\functions\date\date.date.template.xsl --> ftp.exslt.org /www.exslt.org/public_html/date/functions/date date.date.template.xsl
102.11.19 13:20 B C:\jakarta-tomcat-3.2.4\webapps\cocoon\exslt\date\functions\date\date.date.template.xsl.html --> ftp.exslt.org /www.exslt.org/public_html/date/functions/date date.date.template.xsl.html
102.11.19 13:20 B C:\jakarta-tomcat-3.2.4\webapps\cocoon\exslt\date\functions\date\date.date.use-cases.txt --> ftp.exslt.org /www.exslt.org/public_html/date/functions/date date.date.use-cases.txt
102.11.19 13:20 B C:\jakarta-tomcat-3.2.4\webapps\cocoon\exslt\date\functions\date\date.date.use-cases.zip --> ftp.exslt.org /www.exslt.org/public_html/date/functions/date date.date.use-cases.zip
102.11.19 13:20 B C:\jakarta-tomcat-3.2.4\webapps\cocoon\exslt\date\functions\date\date.date.xml --> ftp.exslt.org /www.exslt.org/public_html/date/functions/date date.date.xml
102.11.19 13:20 B C:\jakarta-tomcat-3.2.4\webapps\cocoon\exslt\date\functions\date\date.date.xsl --> ftp.exslt.org /www.exslt.org/public_html/date/functions/date date.date.xsl
102.11.19 13:20 B C:\jakarta-tomcat-3.2.4\webapps\cocoon\exslt\date\functions\date\date.date.zip --> ftp.exslt.org /www.exslt.org/public_html/date/functions/date date.date.zip
102.11.19 13:20 B C:\jakarta-tomcat-3.2.4\webapps\cocoon\exslt\date\functions\date\date.js --> ftp.exslt.org /www.exslt.org/public_html/date/functions/date date.js
102.11.19 13:20 B C:\jakarta-tomcat-3.2.4\webapps\cocoon\exslt\date\functions\date\date.js.html --> ftp.exslt.org /www.exslt.org/public_html/date/functions/date date.js.html
102.11.19 13:20 B C:\jakarta-tomcat-3.2.4\webapps\cocoon\exslt\date\functions\date\date.msxsl.xsl --> ftp.exslt.org /www.exslt.org/public_html/date/functions/date date.msxsl.xsl
102.11.19 13:20 B C:\jakarta-tomcat-3.2.4\webapps\cocoon\exslt\date\functions\date\date.msxsl.xsl.html --> ftp.exslt.org /www.exslt.org/public_html/date/functions/date date.msxsl.xsl.html
102.11.19 13:20 B C:\jakarta-tomcat-3.2.4\webapps\cocoon\exslt\date\functions\date\index.html --> ftp.exslt.org /www.exslt.org/public_html/date/functions/date index.html
102.11.19 13:20 B C:\jakarta-tomcat-3.2.4\webapps\cocoon\exslt\date\functions\date\refresh.bat --> ftp.exslt.org /www.exslt.org/public_html/date/functions/date refresh.bat
102.11.19 13:20 B C:\jakarta-tomcat-3.2.4\webapps\cocoon\exslt\date\functions\date\update.bat --> ftp.exslt.org /www.exslt.org/public_html/date/functions/date update.bat
102.12.02 12:21 B C:\jakarta-tomcat-3.2.4\webapps\cocoon\exslt\public_html\date\functions\date\WS_FTP.LOG <-- ftp.exslt.org /www.exslt.org/public_html/date/functions/date WS_FTP.LOG
102.12.03 11:04 B C:\jakarta-tomcat-3.2.4\webapps\cocoon\exslt\date\functions\date\base.css --> ftp.exslt.org /www.exslt.org/public_html/date/functions/date base.css
102.12.03 11:04 B C:\jakarta-tomcat-3.2.4\webapps\cocoon\exslt\date\functions\date\date.date.1.html --> ftp.exslt.org /www.exslt.org/public_html/date/functions/date date.date.1.html
102.12.03 11:04 B C:\jakarta-tomcat-3.2.4\webapps\cocoon\exslt\date\functions\date\date.date.1.xml --> ftp.exslt.org /www.exslt.org/public_html/date/functions/date date.date.1.xml
102.12.03 11:04 B C:\jakarta-tomcat-3.2.4\webapps\cocoon\exslt\date\functions\date\date.date.2.html --> ftp.exslt.org /www.exslt.org/public_html/date/functions/date date.date.2.html
102.12.03 11:04 B C:\jakarta-tomcat-3.2.4\webapps\cocoon\exslt\date\functions\date\date.date.function.xsl --> ftp.exslt.org /www.exslt.org/public_html/date/functions/date date.date.function.xsl
102.12.03 11:04 B C:\jakarta-tomcat-3.2.4\webapps\cocoon\exslt\date\functions\date\date.date.function.xsl.html --> ftp.exslt.org /www.exslt.org/public_html/date/functions/date date.date.function.xsl.html
102.12.03 11:04 B C:\jakarta-tomcat-3.2.4\webapps\cocoon\exslt\date\functions\date\date.date.html --> ftp.exslt.org /www.exslt.org/public_html/date/functions/date date.date.html
102.12.03 11:04 B C:\jakarta-tomcat-3.2.4\webapps\cocoon\exslt\date\functions\date\date.date.package.txt --> ftp.exslt.org /www.exslt.org/public_html/date/functions/date date.date.package.txt
102.12.03 11:04 B C:\jakarta-tomcat-3.2.4\webapps\cocoon\exslt\date\functions\date\date.date.template.xsl --> ftp.exslt.org /www.exslt.org/public_html/date/functions/date date.date.template.xsl
102.12.03 11:04 B C:\jakarta-tomcat-3.2.4\webapps\cocoon\exslt\date\functions\date\date.date.template.xsl.html --> ftp.exslt.org /www.exslt.org/public_html/date/functions/date date.date.template.xsl.html
102.12.03 11:04 B C:\jakarta-tomcat-3.2.4\webapps\cocoon\exslt\date\functions\date\date.date.use-cases.txt --> ftp.exslt.org /www.exslt.org/public_html/date/functions/date date.date.use-cases.txt
102.12.03 11:04 B C:\jakarta-tomcat-3.2.4\webapps\cocoon\exslt\date\functions\date\date.date.use-cases.zip --> ftp.exslt.org /www.exslt.org/public_html/date/functions/date date.date.use-cases.zip
102.12.03 11:04 B C:\jakarta-tomcat-3.2.4\webapps\cocoon\exslt\date\functions\date\date.date.xml --> ftp.exslt.org /www.exslt.org/public_html/date/functions/date date.date.xml
102.12.03 11:04 B C:\jakarta-tomcat-3.2.4\webapps\cocoon\exslt\date\functions\date\date.date.xsl --> ftp.exslt.org /www.exslt.org/public_html/date/functions/date date.date.xsl
102.12.03 11:04 B C:\jakarta-tomcat-3.2.4\webapps\cocoon\exslt\date\functions\date\date.date.zip --> ftp.exslt.org /www.exslt.org/public_html/date/functions/date date.date.zip
102.12.03 11:04 B C:\jakarta-tomcat-3.2.4\webapps\cocoon\exslt\date\functions\date\date.js --> ftp.exslt.org /www.exslt.org/public_html/date/functions/date date.js
102.12.03 11:04 B C:\jakarta-tomcat-3.2.4\webapps\cocoon\exslt\date\functions\date\date.js.html --> ftp.exslt.org /www.exslt.org/public_html/date/functions/date date.js.html
102.12.03 11:04 B C:\jakarta-tomcat-3.2.4\webapps\cocoon\exslt\date\functions\date\date.msxsl.xsl --> ftp.exslt.org /www.exslt.org/public_html/date/functions/date date.msxsl.xsl
102.12.03 11:04 B C:\jakarta-tomcat-3.2.4\webapps\cocoon\exslt\date\functions\date\date.msxsl.xsl.html --> ftp.exslt.org /www.exslt.org/public_html/date/functions/date date.msxsl.xsl.html
102.12.03 11:04 B C:\jakarta-tomcat-3.2.4\webapps\cocoon\exslt\date\functions\date\index.html --> ftp.exslt.org /www.exslt.org/public_html/date/functions/date index.html
102.12.03 11:04 B C:\jakarta-tomcat-3.2.4\webapps\cocoon\exslt\date\functions\date\out.html --> ftp.exslt.org /www.exslt.org/public_html/date/functions/date out.html
102.12.03 11:04 B C:\jakarta-tomcat-3.2.4\webapps\cocoon\exslt\date\functions\date\refresh.bat --> ftp.exslt.org /www.exslt.org/public_html/date/functions/date refresh.bat
102.12.03 11:04 B C:\jakarta-tomcat-3.2.4\webapps\cocoon\exslt\date\functions\date\update.bat --> ftp.exslt.org /www.exslt.org/public_html/date/functions/date update.bat
102.12.03 11:04 B C:\jakarta-tomcat-3.2.4\webapps\cocoon\exslt\date\functions\date\WS_FTP.LOG --> ftp.exslt.org /www.exslt.org/public_html/date/functions/date WS_FTP.LOG
102.12.03 11:09 B C:\jakarta-tomcat-3.2.4\webapps\cocoon\exslt\date\functions\date\base.css --> ftp.exslt.org /www.exslt.org/public_html/date/functions/date base.css
102.12.03 11:09 B C:\jakarta-tomcat-3.2.4\webapps\cocoon\exslt\date\functions\date\date.date.1.html --> ftp.exslt.org /www.exslt.org/public_html/date/functions/date date.date.1.html
102.12.03 11:09 B C:\jakarta-tomcat-3.2.4\webapps\cocoon\exslt\date\functions\date\date.date.1.xml --> ftp.exslt.org /www.exslt.org/public_html/date/functions/date date.date.1.xml
102.12.03 11:09 B C:\jakarta-tomcat-3.2.4\webapps\cocoon\exslt\date\functions\date\date.date.2.html --> ftp.exslt.org /www.exslt.org/public_html/date/functions/date date.date.2.html
102.12.03 11:09 B C:\jakarta-tomcat-3.2.4\webapps\cocoon\exslt\date\functions\date\date.date.function.xsl --> ftp.exslt.org /www.exslt.org/public_html/date/functions/date date.date.function.xsl
102.12.03 11:09 B C:\jakarta-tomcat-3.2.4\webapps\cocoon\exslt\date\functions\date\date.date.function.xsl.html --> ftp.exslt.org /www.exslt.org/public_html/date/functions/date date.date.function.xsl.html
102.12.03 11:09 B C:\jakarta-tomcat-3.2.4\webapps\cocoon\exslt\date\functions\date\date.date.html --> ftp.exslt.org /www.exslt.org/public_html/date/functions/date date.date.html
102.12.03 11:09 B C:\jakarta-tomcat-3.2.4\webapps\cocoon\exslt\date\functions\date\date.date.package.txt --> ftp.exslt.org /www.exslt.org/public_html/date/functions/date date.date.package.txt
102.12.03 11:09 B C:\jakarta-tomcat-3.2.4\webapps\cocoon\exslt\date\functions\date\date.date.template.xsl --> ftp.exslt.org /www.exslt.org/public_html/date/functions/date date.date.template.xsl
102.12.03 11:09 B C:\jakarta-tomcat-3.2.4\webapps\cocoon\exslt\date\functions\date\date.date.template.xsl.html --> ftp.exslt.org /www.exslt.org/public_html/date/functions/date date.date.template.xsl.html
102.12.03 11:09 B C:\jakarta-tomcat-3.2.4\webapps\cocoon\exslt\date\functions\date\date.date.use-cases.txt --> ftp.exslt.org /www.exslt.org/public_html/date/functions/date date.date.use-cases.txt
102.12.03 11:09 B C:\jakarta-tomcat-3.2.4\webapps\cocoon\exslt\date\functions\date\date.date.use-cases.zip --> ftp.exslt.org /www.exslt.org/public_html/date/functions/date date.date.use-cases.zip
102.12.03 11:09 B C:\jakarta-tomcat-3.2.4\webapps\cocoon\exslt\date\functions\date\date.date.xml --> ftp.exslt.org /www.exslt.org/public_html/date/functions/date date.date.xml
102.12.03 11:09 B C:\jakarta-tomcat-3.2.4\webapps\cocoon\exslt\date\functions\date\date.date.xsl --> ftp.exslt.org /www.exslt.org/public_html/date/functions/date date.date.xsl
102.12.03 11:09 B C:\jakarta-tomcat-3.2.4\webapps\cocoon\exslt\date\functions\date\date.date.zip --> ftp.exslt.org /www.exslt.org/public_html/date/functions/date date.date.zip
102.12.03 11:09 B C:\jakarta-tomcat-3.2.4\webapps\cocoon\exslt\date\functions\date\date.js --> ftp.exslt.org /www.exslt.org/public_html/date/functions/date date.js
102.12.03 11:09 B C:\jakarta-tomcat-3.2.4\webapps\cocoon\exslt\date\functions\date\date.js.html --> ftp.exslt.org /www.exslt.org/public_html/date/functions/date date.js.html
102.12.03 11:09 B C:\jakarta-tomcat-3.2.4\webapps\cocoon\exslt\date\functions\date\date.msxsl.xsl --> ftp.exslt.org /www.exslt.org/public_html/date/functions/date date.msxsl.xsl
102.12.03 11:09 B C:\jakarta-tomcat-3.2.4\webapps\cocoon\exslt\date\functions\date\date.msxsl.xsl.html --> ftp.exslt.org /www.exslt.org/public_html/date/functions/date date.msxsl.xsl.html
102.12.03 11:09 B C:\jakarta-tomcat-3.2.4\webapps\cocoon\exslt\date\functions\date\index.html --> ftp.exslt.org /www.exslt.org/public_html/date/functions/date index.html
102.12.03 11:09 B C:\jakarta-tomcat-3.2.4\webapps\cocoon\exslt\date\functions\date\out.html --> ftp.exslt.org /www.exslt.org/public_html/date/functions/date out.html
102.12.03 11:09 B C:\jakarta-tomcat-3.2.4\webapps\cocoon\exslt\date\functions\date\refresh.bat --> ftp.exslt.org /www.exslt.org/public_html/date/functions/date refresh.bat
102.12.03 11:09 B C:\jakarta-tomcat-3.2.4\webapps\cocoon\exslt\date\functions\date\update.bat --> ftp.exslt.org /www.exslt.org/public_html/date/functions/date update.bat
102.12.03 11:09 B C:\jakarta-tomcat-3.2.4\webapps\cocoon\exslt\date\functions\date\WS_FTP.LOG --> ftp.exslt.org /www.exslt.org/public_html/date/functions/date WS_FTP.LOG
102.12.11 10:53 B C:\jakarta-tomcat-3.2.4\webapps\cocoon\exslt\date\functions\date\base.css --> ftp.exslt.org /www.exslt.org/public_html/date/functions/date base.css
102.12.11 10:53 B C:\jakarta-tomcat-3.2.4\webapps\cocoon\exslt\date\functions\date\date.date.1.html --> ftp.exslt.org /www.exslt.org/public_html/date/functions/date date.date.1.html
102.12.11 10:53 B C:\jakarta-tomcat-3.2.4\webapps\cocoon\exslt\date\functions\date\date.date.1.xml --> ftp.exslt.org /www.exslt.org/public_html/date/functions/date date.date.1.xml
102.12.11 10:53 B C:\jakarta-tomcat-3.2.4\webapps\cocoon\exslt\date\functions\date\date.date.2.html --> ftp.exslt.org /www.exslt.org/public_html/date/functions/date date.date.2.html
102.12.11 10:53 B C:\jakarta-tomcat-3.2.4\webapps\cocoon\exslt\date\functions\date\date.date.function.xsl --> ftp.exslt.org /www.exslt.org/public_html/date/functions/date date.date.function.xsl
102.12.11 10:53 B C:\jakarta-tomcat-3.2.4\webapps\cocoon\exslt\date\functions\date\date.date.function.xsl.html --> ftp.exslt.org /www.exslt.org/public_html/date/functions/date date.date.function.xsl.html
102.12.11 10:53 B C:\jakarta-tomcat-3.2.4\webapps\cocoon\exslt\date\functions\date\date.date.html --> ftp.exslt.org /www.exslt.org/public_html/date/functions/date date.date.html
102.12.11 10:53 B C:\jakarta-tomcat-3.2.4\webapps\cocoon\exslt\date\functions\date\date.date.package.txt --> ftp.exslt.org /www.exslt.org/public_html/date/functions/date date.date.package.txt
102.12.11 10:53 B C:\jakarta-tomcat-3.2.4\webapps\cocoon\exslt\date\functions\date\date.date.template.xsl --> ftp.exslt.org /www.exslt.org/public_html/date/functions/date date.date.template.xsl
102.12.11 10:53 B C:\jakarta-tomcat-3.2.4\webapps\cocoon\exslt\date\functions\date\date.date.template.xsl.html --> ftp.exslt.org /www.exslt.org/public_html/date/functions/date date.date.template.xsl.html
102.12.11 10:53 B C:\jakarta-tomcat-3.2.4\webapps\cocoon\exslt\date\functions\date\date.date.use-cases.txt --> ftp.exslt.org /www.exslt.org/public_html/date/functions/date date.date.use-cases.txt
102.12.11 10:53 B C:\jakarta-tomcat-3.2.4\webapps\cocoon\exslt\date\functions\date\date.date.use-cases.zip --> ftp.exslt.org /www.exslt.org/public_html/date/functions/date date.date.use-cases.zip
102.12.11 10:53 B C:\jakarta-tomcat-3.2.4\webapps\cocoon\exslt\date\functions\date\date.date.xml --> ftp.exslt.org /www.exslt.org/public_html/date/functions/date date.date.xml
102.12.11 10:53 B C:\jakarta-tomcat-3.2.4\webapps\cocoon\exslt\date\functions\date\date.date.xsl --> ftp.exslt.org /www.exslt.org/public_html/date/functions/date date.date.xsl
102.12.11 10:54 B C:\jakarta-tomcat-3.2.4\webapps\cocoon\exslt\date\functions\date\date.date.zip --> ftp.exslt.org /www.exslt.org/public_html/date/functions/date date.date.zip
102.12.11 10:54 B C:\jakarta-tomcat-3.2.4\webapps\cocoon\exslt\date\functions\date\date.js --> ftp.exslt.org /www.exslt.org/public_html/date/functions/date date.js
102.12.11 10:54 B C:\jakarta-tomcat-3.2.4\webapps\cocoon\exslt\date\functions\date\date.js.html --> ftp.exslt.org /www.exslt.org/public_html/date/functions/date date.js.html
102.12.11 10:54 B C:\jakarta-tomcat-3.2.4\webapps\cocoon\exslt\date\functions\date\date.msxsl.xsl --> ftp.exslt.org /www.exslt.org/public_html/date/functions/date date.msxsl.xsl
102.12.11 10:54 B C:\jakarta-tomcat-3.2.4\webapps\cocoon\exslt\date\functions\date\date.msxsl.xsl.html --> ftp.exslt.org /www.exslt.org/public_html/date/functions/date date.msxsl.xsl.html
102.12.11 10:54 B C:\jakarta-tomcat-3.2.4\webapps\cocoon\exslt\date\functions\date\index.html --> ftp.exslt.org /www.exslt.org/public_html/date/functions/date index.html
102.12.11 10:54 B C:\jakarta-tomcat-3.2.4\webapps\cocoon\exslt\date\functions\date\out.html --> ftp.exslt.org /www.exslt.org/public_html/date/functions/date out.html
102.12.11 10:54 B C:\jakarta-tomcat-3.2.4\webapps\cocoon\exslt\date\functions\date\refresh.bat --> ftp.exslt.org /www.exslt.org/public_html/date/functions/date refresh.bat
102.12.11 10:54 B C:\jakarta-tomcat-3.2.4\webapps\cocoon\exslt\date\functions\date\update.bat --> ftp.exslt.org /www.exslt.org/public_html/date/functions/date update.bat
102.12.11 10:54 B C:\jakarta-tomcat-3.2.4\webapps\cocoon\exslt\date\functions\date\WS_FTP.LOG --> ftp.exslt.org /www.exslt.org/public_html/date/functions/date WS_FTP.LOG
102.12.11 11:01 B C:\jakarta-tomcat-3.2.4\webapps\cocoon\exslt\date\functions\date\base.css --> ftp.exslt.org /www.exslt.org/public_html/date/functions/date base.css
102.12.11 11:01 B C:\jakarta-tomcat-3.2.4\webapps\cocoon\exslt\date\functions\date\date.date.1.html --> ftp.exslt.org /www.exslt.org/public_html/date/functions/date date.date.1.html
102.12.11 11:01 B C:\jakarta-tomcat-3.2.4\webapps\cocoon\exslt\date\functions\date\date.date.1.xml --> ftp.exslt.org /www.exslt.org/public_html/date/functions/date date.date.1.xml
102.12.11 11:01 B C:\jakarta-tomcat-3.2.4\webapps\cocoon\exslt\date\functions\date\date.date.2.html --> ftp.exslt.org /www.exslt.org/public_html/date/functions/date date.date.2.html
102.12.11 11:01 B C:\jakarta-tomcat-3.2.4\webapps\cocoon\exslt\date\functions\date\date.date.function.xsl --> ftp.exslt.org /www.exslt.org/public_html/date/functions/date date.date.function.xsl
102.12.11 11:01 B C:\jakarta-tomcat-3.2.4\webapps\cocoon\exslt\date\functions\date\date.date.function.xsl.html --> ftp.exslt.org /www.exslt.org/public_html/date/functions/date date.date.function.xsl.html
102.12.11 11:01 B C:\jakarta-tomcat-3.2.4\webapps\cocoon\exslt\date\functions\date\date.date.html --> ftp.exslt.org /www.exslt.org/public_html/date/functions/date date.date.html
102.12.11 11:01 B C:\jakarta-tomcat-3.2.4\webapps\cocoon\exslt\date\functions\date\date.date.package.txt --> ftp.exslt.org /www.exslt.org/public_html/date/functions/date date.date.package.txt
102.12.11 11:01 B C:\jakarta-tomcat-3.2.4\webapps\cocoon\exslt\date\functions\date\date.date.template.xsl --> ftp.exslt.org /www.exslt.org/public_html/date/functions/date date.date.template.xsl
102.12.11 11:01 B C:\jakarta-tomcat-3.2.4\webapps\cocoon\exslt\date\functions\date\date.date.template.xsl.html --> ftp.exslt.org /www.exslt.org/public_html/date/functions/date date.date.template.xsl.html
102.12.11 11:01 B C:\jakarta-tomcat-3.2.4\webapps\cocoon\exslt\date\functions\date\date.date.use-cases.txt --> ftp.exslt.org /www.exslt.org/public_html/date/functions/date date.date.use-cases.txt
102.12.11 11:01 B C:\jakarta-tomcat-3.2.4\webapps\cocoon\exslt\date\functions\date\date.date.use-cases.zip --> ftp.exslt.org /www.exslt.org/public_html/date/functions/date date.date.use-cases.zip
102.12.11 11:01 B C:\jakarta-tomcat-3.2.4\webapps\cocoon\exslt\date\functions\date\date.date.xml --> ftp.exslt.org /www.exslt.org/public_html/date/functions/date date.date.xml
102.12.11 11:01 B C:\jakarta-tomcat-3.2.4\webapps\cocoon\exslt\date\functions\date\date.date.xsl --> ftp.exslt.org /www.exslt.org/public_html/date/functions/date date.date.xsl
102.12.11 11:01 B C:\jakarta-tomcat-3.2.4\webapps\cocoon\exslt\date\functions\date\date.date.zip --> ftp.exslt.org /www.exslt.org/public_html/date/functions/date date.date.zip
102.12.11 11:01 B C:\jakarta-tomcat-3.2.4\webapps\cocoon\exslt\date\functions\date\date.js --> ftp.exslt.org /www.exslt.org/public_html/date/functions/date date.js
102.12.11 11:01 B C:\jakarta-tomcat-3.2.4\webapps\cocoon\exslt\date\functions\date\date.js.html --> ftp.exslt.org /www.exslt.org/public_html/date/functions/date date.js.html
102.12.11 11:01 B C:\jakarta-tomcat-3.2.4\webapps\cocoon\exslt\date\functions\date\date.msxsl.xsl --> ftp.exslt.org /www.exslt.org/public_html/date/functions/date date.msxsl.xsl
102.12.11 11:01 B C:\jakarta-tomcat-3.2.4\webapps\cocoon\exslt\date\functions\date\date.msxsl.xsl.html --> ftp.exslt.org /www.exslt.org/public_html/date/functions/date date.msxsl.xsl.html
102.12.11 11:01 B C:\jakarta-tomcat-3.2.4\webapps\cocoon\exslt\date\functions\date\index.html --> ftp.exslt.org /www.exslt.org/public_html/date/functions/date index.html
102.12.11 11:01 B C:\jakarta-tomcat-3.2.4\webapps\cocoon\exslt\date\functions\date\out.html --> ftp.exslt.org /www.exslt.org/public_html/date/functions/date out.html
102.12.11 11:01 B C:\jakarta-tomcat-3.2.4\webapps\cocoon\exslt\date\functions\date\refresh.bat --> ftp.exslt.org /www.exslt.org/public_html/date/functions/date refresh.bat
102.12.11 11:01 B C:\jakarta-tomcat-3.2.4\webapps\cocoon\exslt\date\functions\date\update.bat --> ftp.exslt.org /www.exslt.org/public_html/date/functions/date update.bat
102.12.11 11:01 B C:\jakarta-tomcat-3.2.4\webapps\cocoon\exslt\date\functions\date\WS_FTP.LOG --> ftp.exslt.org /www.exslt.org/public_html/date/functions/date WS_FTP.LOG
102.12.11 11:03 B C:\jakarta-tomcat-3.2.4\webapps\cocoon\exslt\date\functions\date\base.css --> ftp.exslt.org /www.exslt.org/public_html/date/functions/date base.css
102.12.11 11:03 B C:\jakarta-tomcat-3.2.4\webapps\cocoon\exslt\date\functions\date\date.date.1.html --> ftp.exslt.org /www.exslt.org/public_html/date/functions/date date.date.1.html
102.12.11 11:03 B C:\jakarta-tomcat-3.2.4\webapps\cocoon\exslt\date\functions\date\date.date.1.xml --> ftp.exslt.org /www.exslt.org/public_html/date/functions/date date.date.1.xml
102.12.11 11:03 B C:\jakarta-tomcat-3.2.4\webapps\cocoon\exslt\date\functions\date\date.date.2.html --> ftp.exslt.org /www.exslt.org/public_html/date/functions/date date.date.2.html
102.12.11 11:03 B C:\jakarta-tomcat-3.2.4\webapps\cocoon\exslt\date\functions\date\date.date.function.xsl --> ftp.exslt.org /www.exslt.org/public_html/date/functions/date date.date.function.xsl
102.12.11 11:03 B C:\jakarta-tomcat-3.2.4\webapps\cocoon\exslt\date\functions\date\date.date.function.xsl.html --> ftp.exslt.org /www.exslt.org/public_html/date/functions/date date.date.function.xsl.html
102.12.11 11:03 B C:\jakarta-tomcat-3.2.4\webapps\cocoon\exslt\date\functions\date\date.date.html --> ftp.exslt.org /www.exslt.org/public_html/date/functions/date date.date.html
102.12.11 11:03 B C:\jakarta-tomcat-3.2.4\webapps\cocoon\exslt\date\functions\date\date.date.package.txt --> ftp.exslt.org /www.exslt.org/public_html/date/functions/date date.date.package.txt
102.12.11 11:03 B C:\jakarta-tomcat-3.2.4\webapps\cocoon\exslt\date\functions\date\date.date.template.xsl --> ftp.exslt.org /www.exslt.org/public_html/date/functions/date date.date.template.xsl
102.12.11 11:03 B C:\jakarta-tomcat-3.2.4\webapps\cocoon\exslt\date\functions\date\date.date.template.xsl.html --> ftp.exslt.org /www.exslt.org/public_html/date/functions/date date.date.template.xsl.html
102.12.11 11:03 B C:\jakarta-tomcat-3.2.4\webapps\cocoon\exslt\date\functions\date\date.date.use-cases.txt --> ftp.exslt.org /www.exslt.org/public_html/date/functions/date date.date.use-cases.txt
102.12.11 11:03 B C:\jakarta-tomcat-3.2.4\webapps\cocoon\exslt\date\functions\date\date.date.use-cases.zip --> ftp.exslt.org /www.exslt.org/public_html/date/functions/date date.date.use-cases.zip
102.12.11 11:03 B C:\jakarta-tomcat-3.2.4\webapps\cocoon\exslt\date\functions\date\date.date.xml --> ftp.exslt.org /www.exslt.org/public_html/date/functions/date date.date.xml
102.12.11 11:03 B C:\jakarta-tomcat-3.2.4\webapps\cocoon\exslt\date\functions\date\date.date.xsl --> ftp.exslt.org /www.exslt.org/public_html/date/functions/date date.date.xsl
102.12.11 11:03 B C:\jakarta-tomcat-3.2.4\webapps\cocoon\exslt\date\functions\date\date.date.zip --> ftp.exslt.org /www.exslt.org/public_html/date/functions/date date.date.zip
102.12.11 11:03 B C:\jakarta-tomcat-3.2.4\webapps\cocoon\exslt\date\functions\date\date.js --> ftp.exslt.org /www.exslt.org/public_html/date/functions/date date.js
102.12.11 11:03 B C:\jakarta-tomcat-3.2.4\webapps\cocoon\exslt\date\functions\date\date.js.html --> ftp.exslt.org /www.exslt.org/public_html/date/functions/date date.js.html
102.12.11 11:03 B C:\jakarta-tomcat-3.2.4\webapps\cocoon\exslt\date\functions\date\date.msxsl.xsl --> ftp.exslt.org /www.exslt.org/public_html/date/functions/date date.msxsl.xsl
102.12.11 11:03 B C:\jakarta-tomcat-3.2.4\webapps\cocoon\exslt\date\functions\date\date.msxsl.xsl.html --> ftp.exslt.org /www.exslt.org/public_html/date/functions/date date.msxsl.xsl.html
102.12.11 11:03 B C:\jakarta-tomcat-3.2.4\webapps\cocoon\exslt\date\functions\date\index.html --> ftp.exslt.org /www.exslt.org/public_html/date/functions/date index.html
102.12.11 11:03 B C:\jakarta-tomcat-3.2.4\webapps\cocoon\exslt\date\functions\date\out.html --> ftp.exslt.org /www.exslt.org/public_html/date/functions/date out.html
102.12.11 11:03 B C:\jakarta-tomcat-3.2.4\webapps\cocoon\exslt\date\functions\date\refresh.bat --> ftp.exslt.org /www.exslt.org/public_html/date/functions/date refresh.bat
102.12.11 11:03 B C:\jakarta-tomcat-3.2.4\webapps\cocoon\exslt\date\functions\date\update.bat --> ftp.exslt.org /www.exslt.org/public_html/date/functions/date update.bat
103.09.29 14:55 B C:\jakarta-tomcat-3.2.4\webapps\cocoon\exslt\date\functions\date\WS_FTP.LOG <-- ftp.exslt.org /www.exslt.org/public_html/date/functions/date WS_FTP.LOG
103.10.21 12:36 B C:\jakarta-tomcat-3.2.4\webapps\cocoon\exslt\date\functions\date\base.css --> ftp.exslt.org /www.exslt.org/public_html/date/functions/date base.css
103.10.21 12:36 B C:\jakarta-tomcat-3.2.4\webapps\cocoon\exslt\date\functions\date\date.date.1.html --> ftp.exslt.org /www.exslt.org/public_html/date/functions/date date.date.1.html
103.10.21 12:36 B C:\jakarta-tomcat-3.2.4\webapps\cocoon\exslt\date\functions\date\date.date.1.xml --> ftp.exslt.org /www.exslt.org/public_html/date/functions/date date.date.1.xml
103.10.21 12:36 B C:\jakarta-tomcat-3.2.4\webapps\cocoon\exslt\date\functions\date\date.date.2.html --> ftp.exslt.org /www.exslt.org/public_html/date/functions/date date.date.2.html
103.10.21 12:36 B C:\jakarta-tomcat-3.2.4\webapps\cocoon\exslt\date\functions\date\date.date.function.xsl --> ftp.exslt.org /www.exslt.org/public_html/date/functions/date date.date.function.xsl
103.10.21 12:37 B C:\jakarta-tomcat-3.2.4\webapps\cocoon\exslt\date\functions\date\date.date.function.xsl.html --> ftp.exslt.org /www.exslt.org/public_html/date/functions/date date.date.function.xsl.html
103.10.21 12:37 B C:\jakarta-tomcat-3.2.4\webapps\cocoon\exslt\date\functions\date\date.date.html --> ftp.exslt.org /www.exslt.org/public_html/date/functions/date date.date.html
103.10.21 12:37 B C:\jakarta-tomcat-3.2.4\webapps\cocoon\exslt\date\functions\date\date.date.package.txt --> ftp.exslt.org /www.exslt.org/public_html/date/functions/date date.date.package.txt
103.10.21 12:37 B C:\jakarta-tomcat-3.2.4\webapps\cocoon\exslt\date\functions\date\date.date.template.xsl --> ftp.exslt.org /www.exslt.org/public_html/date/functions/date date.date.template.xsl
103.10.21 12:37 B C:\jakarta-tomcat-3.2.4\webapps\cocoon\exslt\date\functions\date\date.date.template.xsl.html --> ftp.exslt.org /www.exslt.org/public_html/date/functions/date date.date.template.xsl.html
103.10.21 12:37 B C:\jakarta-tomcat-3.2.4\webapps\cocoon\exslt\date\functions\date\date.date.use-cases.txt --> ftp.exslt.org /www.exslt.org/public_html/date/functions/date date.date.use-cases.txt
103.10.21 12:37 B C:\jakarta-tomcat-3.2.4\webapps\cocoon\exslt\date\functions\date\date.date.use-cases.zip --> ftp.exslt.org /www.exslt.org/public_html/date/functions/date date.date.use-cases.zip
103.10.21 12:37 B C:\jakarta-tomcat-3.2.4\webapps\cocoon\exslt\date\functions\date\date.date.xml --> ftp.exslt.org /www.exslt.org/public_html/date/functions/date date.date.xml
103.10.21 12:37 B C:\jakarta-tomcat-3.2.4\webapps\cocoon\exslt\date\functions\date\date.date.xsl --> ftp.exslt.org /www.exslt.org/public_html/date/functions/date date.date.xsl
103.10.21 12:37 B C:\jakarta-tomcat-3.2.4\webapps\cocoon\exslt\date\functions\date\date.date.zip --> ftp.exslt.org /www.exslt.org/public_html/date/functions/date date.date.zip
103.10.21 12:38 B C:\jakarta-tomcat-3.2.4\webapps\cocoon\exslt\date\functions\date\date.js --> ftp.exslt.org /www.exslt.org/public_html/date/functions/date date.js
103.10.21 12:38 B C:\jakarta-tomcat-3.2.4\webapps\cocoon\exslt\date\functions\date\date.js.html --> ftp.exslt.org /www.exslt.org/public_html/date/functions/date date.js.html
103.10.21 12:38 B C:\jakarta-tomcat-3.2.4\webapps\cocoon\exslt\date\functions\date\date.msxsl.xsl --> ftp.exslt.org /www.exslt.org/public_html/date/functions/date date.msxsl.xsl
103.10.21 12:38 B C:\jakarta-tomcat-3.2.4\webapps\cocoon\exslt\date\functions\date\date.msxsl.xsl.html --> ftp.exslt.org /www.exslt.org/public_html/date/functions/date date.msxsl.xsl.html
103.10.21 12:38 B C:\jakarta-tomcat-3.2.4\webapps\cocoon\exslt\date\functions\date\index.html --> ftp.exslt.org /www.exslt.org/public_html/date/functions/date index.html
103.10.21 12:38 B C:\jakarta-tomcat-3.2.4\webapps\cocoon\exslt\date\functions\date\out.html --> ftp.exslt.org /www.exslt.org/public_html/date/functions/date out.html
103.10.21 12:38 B C:\jakarta-tomcat-3.2.4\webapps\cocoon\exslt\date\functions\date\refresh.bat --> ftp.exslt.org /www.exslt.org/public_html/date/functions/date refresh.bat
103.10.21 12:38 B C:\jakarta-tomcat-3.2.4\webapps\cocoon\exslt\date\functions\date\update.bat --> ftp.exslt.org /www.exslt.org/public_html/date/functions/date update.bat
