103.09.29 15:22 B C:\jakarta-tomcat-3.2.4\webapps\cocoon\exslt\date\base.css <-- ftp.exslt.org /www.exslt.org/public_html/date base.css
103.09.29 15:23 B C:\jakarta-tomcat-3.2.4\webapps\cocoon\exslt\date\date.1.html <-- ftp.exslt.org /www.exslt.org/public_html/date date.1.html
103.09.29 15:23 B C:\jakarta-tomcat-3.2.4\webapps\cocoon\exslt\date\date.html <-- ftp.exslt.org /www.exslt.org/public_html/date date.html
103.09.29 15:23 B C:\jakarta-tomcat-3.2.4\webapps\cocoon\exslt\date\date.js <-- ftp.exslt.org /www.exslt.org/public_html/date date.js
103.09.29 15:23 B C:\jakarta-tomcat-3.2.4\webapps\cocoon\exslt\date\date.msxsl.xsl <-- ftp.exslt.org /www.exslt.org/public_html/date date.msxsl.xsl
103.09.29 15:23 B C:\jakarta-tomcat-3.2.4\webapps\cocoon\exslt\date\date.package.txt <-- ftp.exslt.org /www.exslt.org/public_html/date date.package.txt
103.09.29 15:23 B C:\jakarta-tomcat-3.2.4\webapps\cocoon\exslt\date\date.xalan.xsl <-- ftp.exslt.org /www.exslt.org/public_html/date date.xalan.xsl
103.09.29 15:23 B C:\jakarta-tomcat-3.2.4\webapps\cocoon\exslt\date\date.xml <-- ftp.exslt.org /www.exslt.org/public_html/date date.xml
103.09.29 15:23 B C:\jakarta-tomcat-3.2.4\webapps\cocoon\exslt\date\date.xsl <-- ftp.exslt.org /www.exslt.org/public_html/date date.xsl
103.09.29 15:24 B C:\jakarta-tomcat-3.2.4\webapps\cocoon\exslt\date\date.zip <-- ftp.exslt.org /www.exslt.org/public_html/date date.zip
103.09.29 15:24 B C:\jakarta-tomcat-3.2.4\webapps\cocoon\exslt\date\index.html <-- ftp.exslt.org /www.exslt.org/public_html/date index.html
103.09.29 15:24 B C:\jakarta-tomcat-3.2.4\webapps\cocoon\exslt\date\refresh.bat <-- ftp.exslt.org /www.exslt.org/public_html/date refresh.bat
103.09.29 15:24 B C:\jakarta-tomcat-3.2.4\webapps\cocoon\exslt\date\update.bat <-- ftp.exslt.org /www.exslt.org/public_html/date update.bat
103.10.21 12:11 B C:\jakarta-tomcat-3.2.4\webapps\cocoon\exslt\date\base.css --> ftp.exslt.org /www.exslt.org/public_html/date base.css
103.10.21 12:11 B C:\jakarta-tomcat-3.2.4\webapps\cocoon\exslt\date\date.1.html --> ftp.exslt.org /www.exslt.org/public_html/date date.1.html
103.10.21 12:11 B C:\jakarta-tomcat-3.2.4\webapps\cocoon\exslt\date\date.html --> ftp.exslt.org /www.exslt.org/public_html/date date.html
103.10.21 12:11 B C:\jakarta-tomcat-3.2.4\webapps\cocoon\exslt\date\date.js --> ftp.exslt.org /www.exslt.org/public_html/date date.js
103.10.21 12:11 B C:\jakarta-tomcat-3.2.4\webapps\cocoon\exslt\date\date.msxsl.xsl --> ftp.exslt.org /www.exslt.org/public_html/date date.msxsl.xsl
103.10.21 12:11 B C:\jakarta-tomcat-3.2.4\webapps\cocoon\exslt\date\date.out.xml --> ftp.exslt.org /www.exslt.org/public_html/date date.out.xml
103.10.21 12:11 B C:\jakarta-tomcat-3.2.4\webapps\cocoon\exslt\date\date.package.txt --> ftp.exslt.org /www.exslt.org/public_html/date date.package.txt
103.10.21 12:12 B C:\jakarta-tomcat-3.2.4\webapps\cocoon\exslt\date\date.xalan.xsl --> ftp.exslt.org /www.exslt.org/public_html/date date.xalan.xsl
103.10.21 12:12 B C:\jakarta-tomcat-3.2.4\webapps\cocoon\exslt\date\date.xml --> ftp.exslt.org /www.exslt.org/public_html/date date.xml
103.10.21 12:12 B C:\jakarta-tomcat-3.2.4\webapps\cocoon\exslt\date\date.xsl --> ftp.exslt.org /www.exslt.org/public_html/date date.xsl
103.10.21 12:15 B C:\jakarta-tomcat-3.2.4\webapps\cocoon\exslt\date\date.zip --> ftp.exslt.org /www.exslt.org/public_html/date date.zip
103.10.21 12:15 B C:\jakarta-tomcat-3.2.4\webapps\cocoon\exslt\date\index.html --> ftp.exslt.org /www.exslt.org/public_html/date index.html
103.10.21 12:15 B C:\jakarta-tomcat-3.2.4\webapps\cocoon\exslt\date\refresh.bat --> ftp.exslt.org /www.exslt.org/public_html/date refresh.bat
103.10.21 12:15 B C:\jakarta-tomcat-3.2.4\webapps\cocoon\exslt\date\update.bat --> ftp.exslt.org /www.exslt.org/public_html/date update.bat
103.10.21 12:15 B C:\jakarta-tomcat-3.2.4\webapps\cocoon\exslt\date\WS_FTP.LOG --> ftp.exslt.org /www.exslt.org/public_html/date WS_FTP.LOG
103.10.21 13:06 B C:\jakarta-tomcat-3.2.4\webapps\cocoon\exslt\date\base.css --> marian.cs.nott.ac.uk /stud/pg/cds/exslt/date base.css
103.10.21 13:06 B C:\jakarta-tomcat-3.2.4\webapps\cocoon\exslt\date\date.1.html --> marian.cs.nott.ac.uk /stud/pg/cds/exslt/date date.1.html
103.10.21 13:06 B C:\jakarta-tomcat-3.2.4\webapps\cocoon\exslt\date\date.html --> marian.cs.nott.ac.uk /stud/pg/cds/exslt/date date.html
103.10.21 13:06 B C:\jakarta-tomcat-3.2.4\webapps\cocoon\exslt\date\date.js --> marian.cs.nott.ac.uk /stud/pg/cds/exslt/date date.js
103.10.21 13:06 B C:\jakarta-tomcat-3.2.4\webapps\cocoon\exslt\date\date.msxsl.xsl --> marian.cs.nott.ac.uk /stud/pg/cds/exslt/date date.msxsl.xsl
103.10.21 13:06 B C:\jakarta-tomcat-3.2.4\webapps\cocoon\exslt\date\date.out.xml --> marian.cs.nott.ac.uk /stud/pg/cds/exslt/date date.out.xml
103.10.21 13:06 B C:\jakarta-tomcat-3.2.4\webapps\cocoon\exslt\date\date.package.txt --> marian.cs.nott.ac.uk /stud/pg/cds/exslt/date date.package.txt
103.10.21 13:06 B C:\jakarta-tomcat-3.2.4\webapps\cocoon\exslt\date\date.xalan.xsl --> marian.cs.nott.ac.uk /stud/pg/cds/exslt/date date.xalan.xsl
103.10.21 13:06 B C:\jakarta-tomcat-3.2.4\webapps\cocoon\exslt\date\date.xml --> marian.cs.nott.ac.uk /stud/pg/cds/exslt/date date.xml
103.10.21 13:06 B C:\jakarta-tomcat-3.2.4\webapps\cocoon\exslt\date\date.xsl --> marian.cs.nott.ac.uk /stud/pg/cds/exslt/date date.xsl
103.10.21 13:06 B C:\jakarta-tomcat-3.2.4\webapps\cocoon\exslt\date\date.zip --> marian.cs.nott.ac.uk /stud/pg/cds/exslt/date date.zip
103.10.21 13:06 B C:\jakarta-tomcat-3.2.4\webapps\cocoon\exslt\date\index.html --> marian.cs.nott.ac.uk /stud/pg/cds/exslt/date index.html
103.10.21 13:06 B C:\jakarta-tomcat-3.2.4\webapps\cocoon\exslt\date\refresh.bat --> marian.cs.nott.ac.uk /stud/pg/cds/exslt/date refresh.bat
103.10.21 13:06 B C:\jakarta-tomcat-3.2.4\webapps\cocoon\exslt\date\update.bat --> marian.cs.nott.ac.uk /stud/pg/cds/exslt/date update.bat
103.10.21 13:06 B C:\jakarta-tomcat-3.2.4\webapps\cocoon\exslt\date\WS_FTP.LOG --> marian.cs.nott.ac.uk /stud/pg/cds/exslt/date WS_FTP.LOG
103.10.23 15:32 B C:\jakarta-tomcat-3.2.4\webapps\cocoon\exslt\date\base.css --> ftp.exslt.org /www.exslt.org/public_html/date base.css
103.10.23 15:32 B C:\jakarta-tomcat-3.2.4\webapps\cocoon\exslt\date\date.1.html --> ftp.exslt.org /www.exslt.org/public_html/date date.1.html
103.10.23 15:32 B C:\jakarta-tomcat-3.2.4\webapps\cocoon\exslt\date\date.html --> ftp.exslt.org /www.exslt.org/public_html/date date.html
103.10.23 15:33 B C:\jakarta-tomcat-3.2.4\webapps\cocoon\exslt\date\date.js --> ftp.exslt.org /www.exslt.org/public_html/date date.js
103.10.23 15:33 B C:\jakarta-tomcat-3.2.4\webapps\cocoon\exslt\date\date.msxsl.xsl --> ftp.exslt.org /www.exslt.org/public_html/date date.msxsl.xsl
103.10.23 15:33 B C:\jakarta-tomcat-3.2.4\webapps\cocoon\exslt\date\date.out.xml --> ftp.exslt.org /www.exslt.org/public_html/date date.out.xml
103.10.23 15:33 B C:\jakarta-tomcat-3.2.4\webapps\cocoon\exslt\date\date.package.txt --> ftp.exslt.org /www.exslt.org/public_html/date date.package.txt
103.10.23 15:33 B C:\jakarta-tomcat-3.2.4\webapps\cocoon\exslt\date\date.xalan.xsl --> ftp.exslt.org /www.exslt.org/public_html/date date.xalan.xsl
103.10.23 15:33 B C:\jakarta-tomcat-3.2.4\webapps\cocoon\exslt\date\date.xml --> ftp.exslt.org /www.exslt.org/public_html/date date.xml
103.10.23 15:33 B C:\jakarta-tomcat-3.2.4\webapps\cocoon\exslt\date\date.xsl --> ftp.exslt.org /www.exslt.org/public_html/date date.xsl
103.10.23 15:36 B C:\jakarta-tomcat-3.2.4\webapps\cocoon\exslt\date\date.zip --> ftp.exslt.org /www.exslt.org/public_html/date date.zip
103.10.23 15:36 B C:\jakarta-tomcat-3.2.4\webapps\cocoon\exslt\date\index.html --> ftp.exslt.org /www.exslt.org/public_html/date index.html
103.10.23 15:36 B C:\jakarta-tomcat-3.2.4\webapps\cocoon\exslt\date\refresh.bat --> ftp.exslt.org /www.exslt.org/public_html/date refresh.bat
103.10.23 15:36 B C:\jakarta-tomcat-3.2.4\webapps\cocoon\exslt\date\update.bat --> ftp.exslt.org /www.exslt.org/public_html/date update.bat
