102.08.21 17:31 B C:\jakarta-tomcat-3.2.4\webapps\cocoon\exslt\dyn\functions\sum\base.css --> ftp.exslt.org /www.exslt.org/public_html/dyn/functions/sum base.css
102.08.21 17:31 B C:\jakarta-tomcat-3.2.4\webapps\cocoon\exslt\dyn\functions\sum\dyn.sum.1.html --> ftp.exslt.org /www.exslt.org/public_html/dyn/functions/sum dyn.sum.1.html
102.08.21 17:31 B C:\jakarta-tomcat-3.2.4\webapps\cocoon\exslt\dyn\functions\sum\dyn.sum.html --> ftp.exslt.org /www.exslt.org/public_html/dyn/functions/sum dyn.sum.html
102.08.21 17:31 B C:\jakarta-tomcat-3.2.4\webapps\cocoon\exslt\dyn\functions\sum\dyn.sum.package.txt --> ftp.exslt.org /www.exslt.org/public_html/dyn/functions/sum dyn.sum.package.txt
102.08.21 17:31 B C:\jakarta-tomcat-3.2.4\webapps\cocoon\exslt\dyn\functions\sum\dyn.sum.use-cases.txt --> ftp.exslt.org /www.exslt.org/public_html/dyn/functions/sum dyn.sum.use-cases.txt
102.08.21 17:31 B C:\jakarta-tomcat-3.2.4\webapps\cocoon\exslt\dyn\functions\sum\dyn.sum.use-cases.zip --> ftp.exslt.org /www.exslt.org/public_html/dyn/functions/sum dyn.sum.use-cases.zip
102.08.21 17:31 B C:\jakarta-tomcat-3.2.4\webapps\cocoon\exslt\dyn\functions\sum\dyn.sum.xml --> ftp.exslt.org /www.exslt.org/public_html/dyn/functions/sum dyn.sum.xml
102.08.21 17:31 B C:\jakarta-tomcat-3.2.4\webapps\cocoon\exslt\dyn\functions\sum\dyn.sum.zip --> ftp.exslt.org /www.exslt.org/public_html/dyn/functions/sum dyn.sum.zip
102.08.21 17:31 B C:\jakarta-tomcat-3.2.4\webapps\cocoon\exslt\dyn\functions\sum\index.html --> ftp.exslt.org /www.exslt.org/public_html/dyn/functions/sum index.html
102.08.21 17:31 B C:\jakarta-tomcat-3.2.4\webapps\cocoon\exslt\dyn\functions\sum\refresh.bat --> ftp.exslt.org /www.exslt.org/public_html/dyn/functions/sum refresh.bat
102.08.21 17:31 B C:\jakarta-tomcat-3.2.4\webapps\cocoon\exslt\dyn\functions\sum\update.bat --> ftp.exslt.org /www.exslt.org/public_html/dyn/functions/sum update.bat
102.11.19 13:15 B C:\jakarta-tomcat-3.2.4\webapps\cocoon\exslt\dyn\functions\sum\base.css --> ftp.exslt.org /www.exslt.org/public_html/dyn/functions/sum base.css
102.11.19 13:15 B C:\jakarta-tomcat-3.2.4\webapps\cocoon\exslt\dyn\functions\sum\dyn.sum.1.html --> ftp.exslt.org /www.exslt.org/public_html/dyn/functions/sum dyn.sum.1.html
102.11.19 13:15 B C:\jakarta-tomcat-3.2.4\webapps\cocoon\exslt\dyn\functions\sum\dyn.sum.html --> ftp.exslt.org /www.exslt.org/public_html/dyn/functions/sum dyn.sum.html
102.11.19 13:15 B C:\jakarta-tomcat-3.2.4\webapps\cocoon\exslt\dyn\functions\sum\dyn.sum.package.txt --> ftp.exslt.org /www.exslt.org/public_html/dyn/functions/sum dyn.sum.package.txt
102.11.19 13:15 B C:\jakarta-tomcat-3.2.4\webapps\cocoon\exslt\dyn\functions\sum\dyn.sum.use-cases.txt --> ftp.exslt.org /www.exslt.org/public_html/dyn/functions/sum dyn.sum.use-cases.txt
102.11.19 13:15 B C:\jakarta-tomcat-3.2.4\webapps\cocoon\exslt\dyn\functions\sum\dyn.sum.use-cases.zip --> ftp.exslt.org /www.exslt.org/public_html/dyn/functions/sum dyn.sum.use-cases.zip
102.11.19 13:15 B C:\jakarta-tomcat-3.2.4\webapps\cocoon\exslt\dyn\functions\sum\dyn.sum.xml --> ftp.exslt.org /www.exslt.org/public_html/dyn/functions/sum dyn.sum.xml
102.11.19 13:15 B C:\jakarta-tomcat-3.2.4\webapps\cocoon\exslt\dyn\functions\sum\dyn.sum.zip --> ftp.exslt.org /www.exslt.org/public_html/dyn/functions/sum dyn.sum.zip
102.11.19 13:15 B C:\jakarta-tomcat-3.2.4\webapps\cocoon\exslt\dyn\functions\sum\index.html --> ftp.exslt.org /www.exslt.org/public_html/dyn/functions/sum index.html
102.11.19 13:15 B C:\jakarta-tomcat-3.2.4\webapps\cocoon\exslt\dyn\functions\sum\refresh.bat --> ftp.exslt.org /www.exslt.org/public_html/dyn/functions/sum refresh.bat
102.11.19 13:15 B C:\jakarta-tomcat-3.2.4\webapps\cocoon\exslt\dyn\functions\sum\update.bat --> ftp.exslt.org /www.exslt.org/public_html/dyn/functions/sum update.bat
102.11.19 13:15 B C:\jakarta-tomcat-3.2.4\webapps\cocoon\exslt\dyn\functions\sum\WS_FTP.LOG --> ftp.exslt.org /www.exslt.org/public_html/dyn/functions/sum WS_FTP.LOG
102.11.19 13:21 B C:\jakarta-tomcat-3.2.4\webapps\cocoon\exslt\dyn\functions\sum\base.css --> ftp.exslt.org /www.exslt.org/public_html/dyn/functions/sum base.css
102.11.19 13:21 B C:\jakarta-tomcat-3.2.4\webapps\cocoon\exslt\dyn\functions\sum\dyn.sum.1.html --> ftp.exslt.org /www.exslt.org/public_html/dyn/functions/sum dyn.sum.1.html
102.11.19 13:21 B C:\jakarta-tomcat-3.2.4\webapps\cocoon\exslt\dyn\functions\sum\dyn.sum.html --> ftp.exslt.org /www.exslt.org/public_html/dyn/functions/sum dyn.sum.html
102.11.19 13:21 B C:\jakarta-tomcat-3.2.4\webapps\cocoon\exslt\dyn\functions\sum\dyn.sum.package.txt --> ftp.exslt.org /www.exslt.org/public_html/dyn/functions/sum dyn.sum.package.txt
102.11.19 13:21 B C:\jakarta-tomcat-3.2.4\webapps\cocoon\exslt\dyn\functions\sum\dyn.sum.use-cases.txt --> ftp.exslt.org /www.exslt.org/public_html/dyn/functions/sum dyn.sum.use-cases.txt
102.11.19 13:21 B C:\jakarta-tomcat-3.2.4\webapps\cocoon\exslt\dyn\functions\sum\dyn.sum.use-cases.zip --> ftp.exslt.org /www.exslt.org/public_html/dyn/functions/sum dyn.sum.use-cases.zip
102.11.19 13:21 B C:\jakarta-tomcat-3.2.4\webapps\cocoon\exslt\dyn\functions\sum\dyn.sum.xml --> ftp.exslt.org /www.exslt.org/public_html/dyn/functions/sum dyn.sum.xml
102.11.19 13:21 B C:\jakarta-tomcat-3.2.4\webapps\cocoon\exslt\dyn\functions\sum\dyn.sum.zip --> ftp.exslt.org /www.exslt.org/public_html/dyn/functions/sum dyn.sum.zip
102.11.19 13:21 B C:\jakarta-tomcat-3.2.4\webapps\cocoon\exslt\dyn\functions\sum\index.html --> ftp.exslt.org /www.exslt.org/public_html/dyn/functions/sum index.html
102.11.19 13:21 B C:\jakarta-tomcat-3.2.4\webapps\cocoon\exslt\dyn\functions\sum\refresh.bat --> ftp.exslt.org /www.exslt.org/public_html/dyn/functions/sum refresh.bat
102.11.19 13:21 B C:\jakarta-tomcat-3.2.4\webapps\cocoon\exslt\dyn\functions\sum\update.bat --> ftp.exslt.org /www.exslt.org/public_html/dyn/functions/sum update.bat
102.12.02 12:22 B C:\jakarta-tomcat-3.2.4\webapps\cocoon\exslt\public_html\dyn\functions\sum\WS_FTP.LOG <-- ftp.exslt.org /www.exslt.org/public_html/dyn/functions/sum WS_FTP.LOG
102.12.03 11:10 B C:\jakarta-tomcat-3.2.4\webapps\cocoon\exslt\dyn\functions\sum\base.css --> ftp.exslt.org /www.exslt.org/public_html/dyn/functions/sum base.css
102.12.03 11:10 B C:\jakarta-tomcat-3.2.4\webapps\cocoon\exslt\dyn\functions\sum\dyn.sum.1.html --> ftp.exslt.org /www.exslt.org/public_html/dyn/functions/sum dyn.sum.1.html
102.12.03 11:10 B C:\jakarta-tomcat-3.2.4\webapps\cocoon\exslt\dyn\functions\sum\dyn.sum.html --> ftp.exslt.org /www.exslt.org/public_html/dyn/functions/sum dyn.sum.html
102.12.03 11:10 B C:\jakarta-tomcat-3.2.4\webapps\cocoon\exslt\dyn\functions\sum\dyn.sum.package.txt --> ftp.exslt.org /www.exslt.org/public_html/dyn/functions/sum dyn.sum.package.txt
102.12.03 11:10 B C:\jakarta-tomcat-3.2.4\webapps\cocoon\exslt\dyn\functions\sum\dyn.sum.use-cases.txt --> ftp.exslt.org /www.exslt.org/public_html/dyn/functions/sum dyn.sum.use-cases.txt
102.12.03 11:10 B C:\jakarta-tomcat-3.2.4\webapps\cocoon\exslt\dyn\functions\sum\dyn.sum.use-cases.zip --> ftp.exslt.org /www.exslt.org/public_html/dyn/functions/sum dyn.sum.use-cases.zip
102.12.03 11:10 B C:\jakarta-tomcat-3.2.4\webapps\cocoon\exslt\dyn\functions\sum\dyn.sum.xml --> ftp.exslt.org /www.exslt.org/public_html/dyn/functions/sum dyn.sum.xml
102.12.03 11:10 B C:\jakarta-tomcat-3.2.4\webapps\cocoon\exslt\dyn\functions\sum\dyn.sum.zip --> ftp.exslt.org /www.exslt.org/public_html/dyn/functions/sum dyn.sum.zip
102.12.03 11:10 B C:\jakarta-tomcat-3.2.4\webapps\cocoon\exslt\dyn\functions\sum\index.html --> ftp.exslt.org /www.exslt.org/public_html/dyn/functions/sum index.html
102.12.03 11:10 B C:\jakarta-tomcat-3.2.4\webapps\cocoon\exslt\dyn\functions\sum\refresh.bat --> ftp.exslt.org /www.exslt.org/public_html/dyn/functions/sum refresh.bat
102.12.03 11:10 B C:\jakarta-tomcat-3.2.4\webapps\cocoon\exslt\dyn\functions\sum\update.bat --> ftp.exslt.org /www.exslt.org/public_html/dyn/functions/sum update.bat
102.12.03 11:10 B C:\jakarta-tomcat-3.2.4\webapps\cocoon\exslt\dyn\functions\sum\WS_FTP.LOG --> ftp.exslt.org /www.exslt.org/public_html/dyn/functions/sum WS_FTP.LOG
102.12.11 11:04 B C:\jakarta-tomcat-3.2.4\webapps\cocoon\exslt\dyn\functions\sum\base.css --> ftp.exslt.org /www.exslt.org/public_html/dyn/functions/sum base.css
102.12.11 11:04 B C:\jakarta-tomcat-3.2.4\webapps\cocoon\exslt\dyn\functions\sum\dyn.sum.1.html --> ftp.exslt.org /www.exslt.org/public_html/dyn/functions/sum dyn.sum.1.html
102.12.11 11:04 B C:\jakarta-tomcat-3.2.4\webapps\cocoon\exslt\dyn\functions\sum\dyn.sum.html --> ftp.exslt.org /www.exslt.org/public_html/dyn/functions/sum dyn.sum.html
102.12.11 11:04 B C:\jakarta-tomcat-3.2.4\webapps\cocoon\exslt\dyn\functions\sum\dyn.sum.package.txt --> ftp.exslt.org /www.exslt.org/public_html/dyn/functions/sum dyn.sum.package.txt
102.12.11 11:04 B C:\jakarta-tomcat-3.2.4\webapps\cocoon\exslt\dyn\functions\sum\dyn.sum.use-cases.txt --> ftp.exslt.org /www.exslt.org/public_html/dyn/functions/sum dyn.sum.use-cases.txt
102.12.11 11:04 B C:\jakarta-tomcat-3.2.4\webapps\cocoon\exslt\dyn\functions\sum\dyn.sum.use-cases.zip --> ftp.exslt.org /www.exslt.org/public_html/dyn/functions/sum dyn.sum.use-cases.zip
102.12.11 11:04 B C:\jakarta-tomcat-3.2.4\webapps\cocoon\exslt\dyn\functions\sum\dyn.sum.xml --> ftp.exslt.org /www.exslt.org/public_html/dyn/functions/sum dyn.sum.xml
102.12.11 11:04 B C:\jakarta-tomcat-3.2.4\webapps\cocoon\exslt\dyn\functions\sum\dyn.sum.zip --> ftp.exslt.org /www.exslt.org/public_html/dyn/functions/sum dyn.sum.zip
102.12.11 11:04 B C:\jakarta-tomcat-3.2.4\webapps\cocoon\exslt\dyn\functions\sum\index.html --> ftp.exslt.org /www.exslt.org/public_html/dyn/functions/sum index.html
102.12.11 11:04 B C:\jakarta-tomcat-3.2.4\webapps\cocoon\exslt\dyn\functions\sum\refresh.bat --> ftp.exslt.org /www.exslt.org/public_html/dyn/functions/sum refresh.bat
102.12.11 11:04 B C:\jakarta-tomcat-3.2.4\webapps\cocoon\exslt\dyn\functions\sum\update.bat --> ftp.exslt.org /www.exslt.org/public_html/dyn/functions/sum update.bat
103.09.29 15:28 B C:\jakarta-tomcat-3.2.4\webapps\cocoon\exslt\dyn\functions\sum\WS_FTP.LOG <-- ftp.exslt.org /www.exslt.org/public_html/dyn/functions/sum WS_FTP.LOG
103.10.21 13:06 B C:\jakarta-tomcat-3.2.4\webapps\cocoon\exslt\dyn\functions\sum\base.css --> marian.cs.nott.ac.uk /stud/pg/cds/exslt/dyn/functions/sum base.css
103.10.21 13:06 B C:\jakarta-tomcat-3.2.4\webapps\cocoon\exslt\dyn\functions\sum\dyn.sum.1.html --> marian.cs.nott.ac.uk /stud/pg/cds/exslt/dyn/functions/sum dyn.sum.1.html
103.10.21 13:06 B C:\jakarta-tomcat-3.2.4\webapps\cocoon\exslt\dyn\functions\sum\dyn.sum.html --> marian.cs.nott.ac.uk /stud/pg/cds/exslt/dyn/functions/sum dyn.sum.html
103.10.21 13:06 B C:\jakarta-tomcat-3.2.4\webapps\cocoon\exslt\dyn\functions\sum\dyn.sum.package.txt --> marian.cs.nott.ac.uk /stud/pg/cds/exslt/dyn/functions/sum dyn.sum.package.txt
103.10.21 13:06 B C:\jakarta-tomcat-3.2.4\webapps\cocoon\exslt\dyn\functions\sum\dyn.sum.use-cases.txt --> marian.cs.nott.ac.uk /stud/pg/cds/exslt/dyn/functions/sum dyn.sum.use-cases.txt
103.10.21 13:06 B C:\jakarta-tomcat-3.2.4\webapps\cocoon\exslt\dyn\functions\sum\dyn.sum.use-cases.zip --> marian.cs.nott.ac.uk /stud/pg/cds/exslt/dyn/functions/sum dyn.sum.use-cases.zip
103.10.21 13:06 B C:\jakarta-tomcat-3.2.4\webapps\cocoon\exslt\dyn\functions\sum\dyn.sum.xml --> marian.cs.nott.ac.uk /stud/pg/cds/exslt/dyn/functions/sum dyn.sum.xml
103.10.21 13:06 B C:\jakarta-tomcat-3.2.4\webapps\cocoon\exslt\dyn\functions\sum\dyn.sum.zip --> marian.cs.nott.ac.uk /stud/pg/cds/exslt/dyn/functions/sum dyn.sum.zip
103.10.21 13:06 B C:\jakarta-tomcat-3.2.4\webapps\cocoon\exslt\dyn\functions\sum\index.html --> marian.cs.nott.ac.uk /stud/pg/cds/exslt/dyn/functions/sum index.html
103.10.21 13:06 B C:\jakarta-tomcat-3.2.4\webapps\cocoon\exslt\dyn\functions\sum\refresh.bat --> marian.cs.nott.ac.uk /stud/pg/cds/exslt/dyn/functions/sum refresh.bat
103.10.21 13:06 B C:\jakarta-tomcat-3.2.4\webapps\cocoon\exslt\dyn\functions\sum\update.bat --> marian.cs.nott.ac.uk /stud/pg/cds/exslt/dyn/functions/sum update.bat
103.10.21 13:06 B C:\jakarta-tomcat-3.2.4\webapps\cocoon\exslt\dyn\functions\sum\WS_FTP.LOG --> marian.cs.nott.ac.uk /stud/pg/cds/exslt/dyn/functions/sum WS_FTP.LOG
103.10.23 15:40 B C:\jakarta-tomcat-3.2.4\webapps\cocoon\exslt\dyn\functions\sum\base.css --> ftp.exslt.org /www.exslt.org/public_html/dyn/functions/sum base.css
103.10.23 15:40 B C:\jakarta-tomcat-3.2.4\webapps\cocoon\exslt\dyn\functions\sum\dyn.sum.1.html --> ftp.exslt.org /www.exslt.org/public_html/dyn/functions/sum dyn.sum.1.html
103.10.23 15:40 B C:\jakarta-tomcat-3.2.4\webapps\cocoon\exslt\dyn\functions\sum\dyn.sum.html --> ftp.exslt.org /www.exslt.org/public_html/dyn/functions/sum dyn.sum.html
103.10.23 15:40 B C:\jakarta-tomcat-3.2.4\webapps\cocoon\exslt\dyn\functions\sum\dyn.sum.package.txt --> ftp.exslt.org /www.exslt.org/public_html/dyn/functions/sum dyn.sum.package.txt
103.10.23 15:40 B C:\jakarta-tomcat-3.2.4\webapps\cocoon\exslt\dyn\functions\sum\dyn.sum.use-cases.txt --> ftp.exslt.org /www.exslt.org/public_html/dyn/functions/sum dyn.sum.use-cases.txt
103.10.23 15:40 B C:\jakarta-tomcat-3.2.4\webapps\cocoon\exslt\dyn\functions\sum\dyn.sum.use-cases.zip --> ftp.exslt.org /www.exslt.org/public_html/dyn/functions/sum dyn.sum.use-cases.zip
103.10.23 15:40 B C:\jakarta-tomcat-3.2.4\webapps\cocoon\exslt\dyn\functions\sum\dyn.sum.xml --> ftp.exslt.org /www.exslt.org/public_html/dyn/functions/sum dyn.sum.xml
103.10.23 15:40 B C:\jakarta-tomcat-3.2.4\webapps\cocoon\exslt\dyn\functions\sum\dyn.sum.zip --> ftp.exslt.org /www.exslt.org/public_html/dyn/functions/sum dyn.sum.zip
103.10.23 15:40 B C:\jakarta-tomcat-3.2.4\webapps\cocoon\exslt\dyn\functions\sum\index.html --> ftp.exslt.org /www.exslt.org/public_html/dyn/functions/sum index.html
103.10.23 15:40 B C:\jakarta-tomcat-3.2.4\webapps\cocoon\exslt\dyn\functions\sum\refresh.bat --> ftp.exslt.org /www.exslt.org/public_html/dyn/functions/sum refresh.bat
103.10.23 15:40 B C:\jakarta-tomcat-3.2.4\webapps\cocoon\exslt\dyn\functions\sum\update.bat --> ftp.exslt.org /www.exslt.org/public_html/dyn/functions/sum update.bat
