102.08.21 17:32 B C:\jakarta-tomcat-3.2.4\webapps\cocoon\exslt\math\functions\random\base.css --> ftp.exslt.org /www.exslt.org/public_html/math/functions/random base.css
102.08.21 17:32 B C:\jakarta-tomcat-3.2.4\webapps\cocoon\exslt\math\functions\random\index.html --> ftp.exslt.org /www.exslt.org/public_html/math/functions/random index.html
102.08.21 17:32 B C:\jakarta-tomcat-3.2.4\webapps\cocoon\exslt\math\functions\random\math.random.1.html --> ftp.exslt.org /www.exslt.org/public_html/math/functions/random math.random.1.html
102.08.21 17:32 B C:\jakarta-tomcat-3.2.4\webapps\cocoon\exslt\math\functions\random\math.random.html --> ftp.exslt.org /www.exslt.org/public_html/math/functions/random math.random.html
102.08.21 17:32 B C:\jakarta-tomcat-3.2.4\webapps\cocoon\exslt\math\functions\random\math.random.js --> ftp.exslt.org /www.exslt.org/public_html/math/functions/random math.random.js
102.08.21 17:32 B C:\jakarta-tomcat-3.2.4\webapps\cocoon\exslt\math\functions\random\math.random.js.html --> ftp.exslt.org /www.exslt.org/public_html/math/functions/random math.random.js.html
102.08.21 17:32 B C:\jakarta-tomcat-3.2.4\webapps\cocoon\exslt\math\functions\random\math.random.msxsl.xsl --> ftp.exslt.org /www.exslt.org/public_html/math/functions/random math.random.msxsl.xsl
102.08.21 17:32 B C:\jakarta-tomcat-3.2.4\webapps\cocoon\exslt\math\functions\random\math.random.msxsl.xsl.html --> ftp.exslt.org /www.exslt.org/public_html/math/functions/random math.random.msxsl.xsl.html
102.08.21 17:32 B C:\jakarta-tomcat-3.2.4\webapps\cocoon\exslt\math\functions\random\math.random.package.txt --> ftp.exslt.org /www.exslt.org/public_html/math/functions/random math.random.package.txt
102.08.21 17:32 B C:\jakarta-tomcat-3.2.4\webapps\cocoon\exslt\math\functions\random\math.random.use-cases.txt --> ftp.exslt.org /www.exslt.org/public_html/math/functions/random math.random.use-cases.txt
102.08.21 17:32 B C:\jakarta-tomcat-3.2.4\webapps\cocoon\exslt\math\functions\random\math.random.use-cases.zip --> ftp.exslt.org /www.exslt.org/public_html/math/functions/random math.random.use-cases.zip
102.08.21 17:32 B C:\jakarta-tomcat-3.2.4\webapps\cocoon\exslt\math\functions\random\math.random.xml --> ftp.exslt.org /www.exslt.org/public_html/math/functions/random math.random.xml
102.08.21 17:32 B C:\jakarta-tomcat-3.2.4\webapps\cocoon\exslt\math\functions\random\math.random.xsl --> ftp.exslt.org /www.exslt.org/public_html/math/functions/random math.random.xsl
102.08.21 17:32 B C:\jakarta-tomcat-3.2.4\webapps\cocoon\exslt\math\functions\random\math.random.zip --> ftp.exslt.org /www.exslt.org/public_html/math/functions/random math.random.zip
102.08.21 17:32 B C:\jakarta-tomcat-3.2.4\webapps\cocoon\exslt\math\functions\random\refresh.bat --> ftp.exslt.org /www.exslt.org/public_html/math/functions/random refresh.bat
102.08.21 17:32 B C:\jakarta-tomcat-3.2.4\webapps\cocoon\exslt\math\functions\random\update.bat --> ftp.exslt.org /www.exslt.org/public_html/math/functions/random update.bat
102.11.19 13:22 B C:\jakarta-tomcat-3.2.4\webapps\cocoon\exslt\math\functions\random\base.css --> ftp.exslt.org /www.exslt.org/public_html/math/functions/random base.css
102.11.19 13:22 B C:\jakarta-tomcat-3.2.4\webapps\cocoon\exslt\math\functions\random\index.html --> ftp.exslt.org /www.exslt.org/public_html/math/functions/random index.html
102.11.19 13:22 B C:\jakarta-tomcat-3.2.4\webapps\cocoon\exslt\math\functions\random\math.random.1.html --> ftp.exslt.org /www.exslt.org/public_html/math/functions/random math.random.1.html
102.11.19 13:22 B C:\jakarta-tomcat-3.2.4\webapps\cocoon\exslt\math\functions\random\math.random.html --> ftp.exslt.org /www.exslt.org/public_html/math/functions/random math.random.html
102.11.19 13:22 B C:\jakarta-tomcat-3.2.4\webapps\cocoon\exslt\math\functions\random\math.random.js --> ftp.exslt.org /www.exslt.org/public_html/math/functions/random math.random.js
102.11.19 13:22 B C:\jakarta-tomcat-3.2.4\webapps\cocoon\exslt\math\functions\random\math.random.js.html --> ftp.exslt.org /www.exslt.org/public_html/math/functions/random math.random.js.html
102.11.19 13:22 B C:\jakarta-tomcat-3.2.4\webapps\cocoon\exslt\math\functions\random\math.random.msxsl.xsl --> ftp.exslt.org /www.exslt.org/public_html/math/functions/random math.random.msxsl.xsl
102.11.19 13:22 B C:\jakarta-tomcat-3.2.4\webapps\cocoon\exslt\math\functions\random\math.random.msxsl.xsl.html --> ftp.exslt.org /www.exslt.org/public_html/math/functions/random math.random.msxsl.xsl.html
102.11.19 13:22 B C:\jakarta-tomcat-3.2.4\webapps\cocoon\exslt\math\functions\random\math.random.package.txt --> ftp.exslt.org /www.exslt.org/public_html/math/functions/random math.random.package.txt
102.11.19 13:22 B C:\jakarta-tomcat-3.2.4\webapps\cocoon\exslt\math\functions\random\math.random.use-cases.txt --> ftp.exslt.org /www.exslt.org/public_html/math/functions/random math.random.use-cases.txt
102.11.19 13:22 B C:\jakarta-tomcat-3.2.4\webapps\cocoon\exslt\math\functions\random\math.random.use-cases.zip --> ftp.exslt.org /www.exslt.org/public_html/math/functions/random math.random.use-cases.zip
102.11.19 13:22 B C:\jakarta-tomcat-3.2.4\webapps\cocoon\exslt\math\functions\random\math.random.xml --> ftp.exslt.org /www.exslt.org/public_html/math/functions/random math.random.xml
102.11.19 13:22 B C:\jakarta-tomcat-3.2.4\webapps\cocoon\exslt\math\functions\random\math.random.xsl --> ftp.exslt.org /www.exslt.org/public_html/math/functions/random math.random.xsl
102.11.19 13:22 B C:\jakarta-tomcat-3.2.4\webapps\cocoon\exslt\math\functions\random\math.random.zip --> ftp.exslt.org /www.exslt.org/public_html/math/functions/random math.random.zip
102.11.19 13:22 B C:\jakarta-tomcat-3.2.4\webapps\cocoon\exslt\math\functions\random\refresh.bat --> ftp.exslt.org /www.exslt.org/public_html/math/functions/random refresh.bat
102.11.19 13:22 B C:\jakarta-tomcat-3.2.4\webapps\cocoon\exslt\math\functions\random\update.bat --> ftp.exslt.org /www.exslt.org/public_html/math/functions/random update.bat
102.11.19 13:22 B C:\jakarta-tomcat-3.2.4\webapps\cocoon\exslt\math\functions\random\WS_FTP.LOG --> ftp.exslt.org /www.exslt.org/public_html/math/functions/random WS_FTP.LOG
102.11.19 13:27 B C:\jakarta-tomcat-3.2.4\webapps\cocoon\exslt\math\functions\random\base.css --> ftp.exslt.org /www.exslt.org/public_html/math/functions/random base.css
102.11.19 13:27 B C:\jakarta-tomcat-3.2.4\webapps\cocoon\exslt\math\functions\random\index.html --> ftp.exslt.org /www.exslt.org/public_html/math/functions/random index.html
102.11.19 13:27 B C:\jakarta-tomcat-3.2.4\webapps\cocoon\exslt\math\functions\random\math.random.1.html --> ftp.exslt.org /www.exslt.org/public_html/math/functions/random math.random.1.html
102.11.19 13:27 B C:\jakarta-tomcat-3.2.4\webapps\cocoon\exslt\math\functions\random\math.random.html --> ftp.exslt.org /www.exslt.org/public_html/math/functions/random math.random.html
102.11.19 13:27 B C:\jakarta-tomcat-3.2.4\webapps\cocoon\exslt\math\functions\random\math.random.js --> ftp.exslt.org /www.exslt.org/public_html/math/functions/random math.random.js
102.11.19 13:27 B C:\jakarta-tomcat-3.2.4\webapps\cocoon\exslt\math\functions\random\math.random.js.html --> ftp.exslt.org /www.exslt.org/public_html/math/functions/random math.random.js.html
102.11.19 13:27 B C:\jakarta-tomcat-3.2.4\webapps\cocoon\exslt\math\functions\random\math.random.msxsl.xsl --> ftp.exslt.org /www.exslt.org/public_html/math/functions/random math.random.msxsl.xsl
102.11.19 13:27 B C:\jakarta-tomcat-3.2.4\webapps\cocoon\exslt\math\functions\random\math.random.msxsl.xsl.html --> ftp.exslt.org /www.exslt.org/public_html/math/functions/random math.random.msxsl.xsl.html
102.11.19 13:27 B C:\jakarta-tomcat-3.2.4\webapps\cocoon\exslt\math\functions\random\math.random.package.txt --> ftp.exslt.org /www.exslt.org/public_html/math/functions/random math.random.package.txt
102.11.19 13:27 B C:\jakarta-tomcat-3.2.4\webapps\cocoon\exslt\math\functions\random\math.random.use-cases.txt --> ftp.exslt.org /www.exslt.org/public_html/math/functions/random math.random.use-cases.txt
102.11.19 13:27 B C:\jakarta-tomcat-3.2.4\webapps\cocoon\exslt\math\functions\random\math.random.use-cases.zip --> ftp.exslt.org /www.exslt.org/public_html/math/functions/random math.random.use-cases.zip
102.11.19 13:27 B C:\jakarta-tomcat-3.2.4\webapps\cocoon\exslt\math\functions\random\math.random.xml --> ftp.exslt.org /www.exslt.org/public_html/math/functions/random math.random.xml
102.11.19 13:27 B C:\jakarta-tomcat-3.2.4\webapps\cocoon\exslt\math\functions\random\math.random.xsl --> ftp.exslt.org /www.exslt.org/public_html/math/functions/random math.random.xsl
102.11.19 13:27 B C:\jakarta-tomcat-3.2.4\webapps\cocoon\exslt\math\functions\random\math.random.zip --> ftp.exslt.org /www.exslt.org/public_html/math/functions/random math.random.zip
102.11.19 13:27 B C:\jakarta-tomcat-3.2.4\webapps\cocoon\exslt\math\functions\random\refresh.bat --> ftp.exslt.org /www.exslt.org/public_html/math/functions/random refresh.bat
102.11.19 13:27 B C:\jakarta-tomcat-3.2.4\webapps\cocoon\exslt\math\functions\random\update.bat --> ftp.exslt.org /www.exslt.org/public_html/math/functions/random update.bat
102.12.02 12:32 B C:\jakarta-tomcat-3.2.4\webapps\cocoon\exslt\public_html\math\functions\random\WS_FTP.LOG <-- ftp.exslt.org /www.exslt.org/public_html/math/functions/random WS_FTP.LOG
102.12.03 11:12 B C:\jakarta-tomcat-3.2.4\webapps\cocoon\exslt\math\functions\random\base.css --> ftp.exslt.org /www.exslt.org/public_html/math/functions/random base.css
102.12.03 11:12 B C:\jakarta-tomcat-3.2.4\webapps\cocoon\exslt\math\functions\random\index.html --> ftp.exslt.org /www.exslt.org/public_html/math/functions/random index.html
102.12.03 11:12 B C:\jakarta-tomcat-3.2.4\webapps\cocoon\exslt\math\functions\random\math.random.1.html --> ftp.exslt.org /www.exslt.org/public_html/math/functions/random math.random.1.html
102.12.03 11:12 B C:\jakarta-tomcat-3.2.4\webapps\cocoon\exslt\math\functions\random\math.random.1.xml --> ftp.exslt.org /www.exslt.org/public_html/math/functions/random math.random.1.xml
102.12.03 11:12 B C:\jakarta-tomcat-3.2.4\webapps\cocoon\exslt\math\functions\random\math.random.1.xsl --> ftp.exslt.org /www.exslt.org/public_html/math/functions/random math.random.1.xsl
102.12.03 11:12 B C:\jakarta-tomcat-3.2.4\webapps\cocoon\exslt\math\functions\random\math.random.html --> ftp.exslt.org /www.exslt.org/public_html/math/functions/random math.random.html
102.12.03 11:12 B C:\jakarta-tomcat-3.2.4\webapps\cocoon\exslt\math\functions\random\math.random.js --> ftp.exslt.org /www.exslt.org/public_html/math/functions/random math.random.js
102.12.03 11:12 B C:\jakarta-tomcat-3.2.4\webapps\cocoon\exslt\math\functions\random\math.random.js.html --> ftp.exslt.org /www.exslt.org/public_html/math/functions/random math.random.js.html
102.12.03 11:12 B C:\jakarta-tomcat-3.2.4\webapps\cocoon\exslt\math\functions\random\math.random.msxsl.xsl --> ftp.exslt.org /www.exslt.org/public_html/math/functions/random math.random.msxsl.xsl
102.12.03 11:12 B C:\jakarta-tomcat-3.2.4\webapps\cocoon\exslt\math\functions\random\math.random.msxsl.xsl.html --> ftp.exslt.org /www.exslt.org/public_html/math/functions/random math.random.msxsl.xsl.html
102.12.03 11:12 B C:\jakarta-tomcat-3.2.4\webapps\cocoon\exslt\math\functions\random\math.random.package.txt --> ftp.exslt.org /www.exslt.org/public_html/math/functions/random math.random.package.txt
102.12.03 11:12 B C:\jakarta-tomcat-3.2.4\webapps\cocoon\exslt\math\functions\random\math.random.use-cases.txt --> ftp.exslt.org /www.exslt.org/public_html/math/functions/random math.random.use-cases.txt
102.12.03 11:12 B C:\jakarta-tomcat-3.2.4\webapps\cocoon\exslt\math\functions\random\math.random.use-cases.zip --> ftp.exslt.org /www.exslt.org/public_html/math/functions/random math.random.use-cases.zip
102.12.03 11:12 B C:\jakarta-tomcat-3.2.4\webapps\cocoon\exslt\math\functions\random\math.random.xml --> ftp.exslt.org /www.exslt.org/public_html/math/functions/random math.random.xml
102.12.03 11:12 B C:\jakarta-tomcat-3.2.4\webapps\cocoon\exslt\math\functions\random\math.random.xsl --> ftp.exslt.org /www.exslt.org/public_html/math/functions/random math.random.xsl
102.12.03 11:12 B C:\jakarta-tomcat-3.2.4\webapps\cocoon\exslt\math\functions\random\math.random.zip --> ftp.exslt.org /www.exslt.org/public_html/math/functions/random math.random.zip
102.12.03 11:12 B C:\jakarta-tomcat-3.2.4\webapps\cocoon\exslt\math\functions\random\refresh.bat --> ftp.exslt.org /www.exslt.org/public_html/math/functions/random refresh.bat
102.12.03 11:12 B C:\jakarta-tomcat-3.2.4\webapps\cocoon\exslt\math\functions\random\update.bat --> ftp.exslt.org /www.exslt.org/public_html/math/functions/random update.bat
102.12.03 11:12 B C:\jakarta-tomcat-3.2.4\webapps\cocoon\exslt\math\functions\random\WS_FTP.LOG --> ftp.exslt.org /www.exslt.org/public_html/math/functions/random WS_FTP.LOG
102.12.11 11:06 B C:\jakarta-tomcat-3.2.4\webapps\cocoon\exslt\math\functions\random\base.css --> ftp.exslt.org /www.exslt.org/public_html/math/functions/random base.css
102.12.11 11:06 B C:\jakarta-tomcat-3.2.4\webapps\cocoon\exslt\math\functions\random\index.html --> ftp.exslt.org /www.exslt.org/public_html/math/functions/random index.html
102.12.11 11:06 B C:\jakarta-tomcat-3.2.4\webapps\cocoon\exslt\math\functions\random\math.random.1.html --> ftp.exslt.org /www.exslt.org/public_html/math/functions/random math.random.1.html
102.12.11 11:06 B C:\jakarta-tomcat-3.2.4\webapps\cocoon\exslt\math\functions\random\math.random.1.xml --> ftp.exslt.org /www.exslt.org/public_html/math/functions/random math.random.1.xml
102.12.11 11:06 B C:\jakarta-tomcat-3.2.4\webapps\cocoon\exslt\math\functions\random\math.random.1.xsl --> ftp.exslt.org /www.exslt.org/public_html/math/functions/random math.random.1.xsl
102.12.11 11:06 B C:\jakarta-tomcat-3.2.4\webapps\cocoon\exslt\math\functions\random\math.random.html --> ftp.exslt.org /www.exslt.org/public_html/math/functions/random math.random.html
102.12.11 11:06 B C:\jakarta-tomcat-3.2.4\webapps\cocoon\exslt\math\functions\random\math.random.js --> ftp.exslt.org /www.exslt.org/public_html/math/functions/random math.random.js
102.12.11 11:06 B C:\jakarta-tomcat-3.2.4\webapps\cocoon\exslt\math\functions\random\math.random.js.html --> ftp.exslt.org /www.exslt.org/public_html/math/functions/random math.random.js.html
102.12.11 11:06 B C:\jakarta-tomcat-3.2.4\webapps\cocoon\exslt\math\functions\random\math.random.msxsl.xsl --> ftp.exslt.org /www.exslt.org/public_html/math/functions/random math.random.msxsl.xsl
102.12.11 11:06 B C:\jakarta-tomcat-3.2.4\webapps\cocoon\exslt\math\functions\random\math.random.msxsl.xsl.html --> ftp.exslt.org /www.exslt.org/public_html/math/functions/random math.random.msxsl.xsl.html
102.12.11 11:06 B C:\jakarta-tomcat-3.2.4\webapps\cocoon\exslt\math\functions\random\math.random.package.txt --> ftp.exslt.org /www.exslt.org/public_html/math/functions/random math.random.package.txt
102.12.11 11:06 B C:\jakarta-tomcat-3.2.4\webapps\cocoon\exslt\math\functions\random\math.random.use-cases.txt --> ftp.exslt.org /www.exslt.org/public_html/math/functions/random math.random.use-cases.txt
102.12.11 11:06 B C:\jakarta-tomcat-3.2.4\webapps\cocoon\exslt\math\functions\random\math.random.use-cases.zip --> ftp.exslt.org /www.exslt.org/public_html/math/functions/random math.random.use-cases.zip
102.12.11 11:06 B C:\jakarta-tomcat-3.2.4\webapps\cocoon\exslt\math\functions\random\math.random.xml --> ftp.exslt.org /www.exslt.org/public_html/math/functions/random math.random.xml
102.12.11 11:06 B C:\jakarta-tomcat-3.2.4\webapps\cocoon\exslt\math\functions\random\math.random.xsl --> ftp.exslt.org /www.exslt.org/public_html/math/functions/random math.random.xsl
102.12.11 11:06 B C:\jakarta-tomcat-3.2.4\webapps\cocoon\exslt\math\functions\random\math.random.zip --> ftp.exslt.org /www.exslt.org/public_html/math/functions/random math.random.zip
102.12.11 11:06 B C:\jakarta-tomcat-3.2.4\webapps\cocoon\exslt\math\functions\random\refresh.bat --> ftp.exslt.org /www.exslt.org/public_html/math/functions/random refresh.bat
102.12.11 11:06 B C:\jakarta-tomcat-3.2.4\webapps\cocoon\exslt\math\functions\random\update.bat --> ftp.exslt.org /www.exslt.org/public_html/math/functions/random update.bat
103.03.03 16:49 B C:\jakarta-tomcat-3.2.4\webapps\cocoon\exslt\math\functions\random\WS_FTP.LOG <-- ftp.exslt.org /www.exslt.org/public_html/math/functions/random WS_FTP.LOG
103.03.03 17:12 B C:\jakarta-tomcat-3.2.4\webapps\cocoon\exslt\math\functions\random\base.css --> ftp.exslt.org /www.exslt.org/public_html/math/functions/random base.css
103.03.03 17:12 B C:\jakarta-tomcat-3.2.4\webapps\cocoon\exslt\math\functions\random\index.html --> ftp.exslt.org /www.exslt.org/public_html/math/functions/random index.html
103.03.03 17:12 B C:\jakarta-tomcat-3.2.4\webapps\cocoon\exslt\math\functions\random\math.random.1.html --> ftp.exslt.org /www.exslt.org/public_html/math/functions/random math.random.1.html
103.03.03 17:12 B C:\jakarta-tomcat-3.2.4\webapps\cocoon\exslt\math\functions\random\math.random.1.xml --> ftp.exslt.org /www.exslt.org/public_html/math/functions/random math.random.1.xml
103.03.03 17:12 B C:\jakarta-tomcat-3.2.4\webapps\cocoon\exslt\math\functions\random\math.random.1.xsl --> ftp.exslt.org /www.exslt.org/public_html/math/functions/random math.random.1.xsl
103.03.03 17:12 B C:\jakarta-tomcat-3.2.4\webapps\cocoon\exslt\math\functions\random\math.random.html --> ftp.exslt.org /www.exslt.org/public_html/math/functions/random math.random.html
103.03.03 17:12 B C:\jakarta-tomcat-3.2.4\webapps\cocoon\exslt\math\functions\random\math.random.js --> ftp.exslt.org /www.exslt.org/public_html/math/functions/random math.random.js
103.03.03 17:12 B C:\jakarta-tomcat-3.2.4\webapps\cocoon\exslt\math\functions\random\math.random.js.html --> ftp.exslt.org /www.exslt.org/public_html/math/functions/random math.random.js.html
103.03.03 17:12 B C:\jakarta-tomcat-3.2.4\webapps\cocoon\exslt\math\functions\random\math.random.msxsl.xsl --> ftp.exslt.org /www.exslt.org/public_html/math/functions/random math.random.msxsl.xsl
103.03.03 17:12 B C:\jakarta-tomcat-3.2.4\webapps\cocoon\exslt\math\functions\random\math.random.msxsl.xsl.html --> ftp.exslt.org /www.exslt.org/public_html/math/functions/random math.random.msxsl.xsl.html
103.03.03 17:12 B C:\jakarta-tomcat-3.2.4\webapps\cocoon\exslt\math\functions\random\math.random.package.txt --> ftp.exslt.org /www.exslt.org/public_html/math/functions/random math.random.package.txt
103.03.03 17:12 B C:\jakarta-tomcat-3.2.4\webapps\cocoon\exslt\math\functions\random\math.random.use-cases.txt --> ftp.exslt.org /www.exslt.org/public_html/math/functions/random math.random.use-cases.txt
103.03.03 17:12 B C:\jakarta-tomcat-3.2.4\webapps\cocoon\exslt\math\functions\random\math.random.use-cases.zip --> ftp.exslt.org /www.exslt.org/public_html/math/functions/random math.random.use-cases.zip
103.03.03 17:12 B C:\jakarta-tomcat-3.2.4\webapps\cocoon\exslt\math\functions\random\math.random.xml --> ftp.exslt.org /www.exslt.org/public_html/math/functions/random math.random.xml
103.03.03 17:12 B C:\jakarta-tomcat-3.2.4\webapps\cocoon\exslt\math\functions\random\math.random.xsl --> ftp.exslt.org /www.exslt.org/public_html/math/functions/random math.random.xsl
103.03.03 17:12 B C:\jakarta-tomcat-3.2.4\webapps\cocoon\exslt\math\functions\random\math.random.zip --> ftp.exslt.org /www.exslt.org/public_html/math/functions/random math.random.zip
103.03.03 17:12 B C:\jakarta-tomcat-3.2.4\webapps\cocoon\exslt\math\functions\random\refresh.bat --> ftp.exslt.org /www.exslt.org/public_html/math/functions/random refresh.bat
103.03.03 17:12 B C:\jakarta-tomcat-3.2.4\webapps\cocoon\exslt\math\functions\random\update.bat --> ftp.exslt.org /www.exslt.org/public_html/math/functions/random update.bat
103.09.29 15:47 B C:\jakarta-tomcat-3.2.4\webapps\cocoon\exslt\math\functions\random\WS_FTP.LOG <-- ftp.exslt.org /www.exslt.org/public_html/math/functions/random WS_FTP.LOG
103.10.17 10:58 B C:\jakarta-tomcat-3.2.4\webapps\cocoon\exslt\random\functions\random-sequence\base.css --> ftp.exslt.org /www.exslt.org/public_html/random/functions/random-sequence base.css
103.10.17 10:58 B C:\jakarta-tomcat-3.2.4\webapps\cocoon\exslt\random\functions\random-sequence\index.html --> ftp.exslt.org /www.exslt.org/public_html/random/functions/random-sequence index.html
103.10.17 10:58 B C:\jakarta-tomcat-3.2.4\webapps\cocoon\exslt\random\functions\random-sequence\random.random-sequence.1.html --> ftp.exslt.org /www.exslt.org/public_html/random/functions/random-sequence random.random-sequence.1.html
103.10.17 10:58 B C:\jakarta-tomcat-3.2.4\webapps\cocoon\exslt\random\functions\random-sequence\random.random-sequence.1.xml --> ftp.exslt.org /www.exslt.org/public_html/random/functions/random-sequence random.random-sequence.1.xml
103.10.17 10:58 B C:\jakarta-tomcat-3.2.4\webapps\cocoon\exslt\random\functions\random-sequence\random.random-sequence.1.xsl --> ftp.exslt.org /www.exslt.org/public_html/random/functions/random-sequence random.random-sequence.1.xsl
103.10.17 10:58 B C:\jakarta-tomcat-3.2.4\webapps\cocoon\exslt\random\functions\random-sequence\random.random-sequence.html --> ftp.exslt.org /www.exslt.org/public_html/random/functions/random-sequence random.random-sequence.html
103.10.17 10:58 B C:\jakarta-tomcat-3.2.4\webapps\cocoon\exslt\random\functions\random-sequence\random.random-sequence.js --> ftp.exslt.org /www.exslt.org/public_html/random/functions/random-sequence random.random-sequence.js
103.10.17 10:58 B C:\jakarta-tomcat-3.2.4\webapps\cocoon\exslt\random\functions\random-sequence\random.random-sequence.msxsl.xsl --> ftp.exslt.org /www.exslt.org/public_html/random/functions/random-sequence random.random-sequence.msxsl.xsl
103.10.17 10:58 B C:\jakarta-tomcat-3.2.4\webapps\cocoon\exslt\random\functions\random-sequence\random.random-sequence.package.txt --> ftp.exslt.org /www.exslt.org/public_html/random/functions/random-sequence random.random-sequence.package.txt
103.10.17 10:58 B C:\jakarta-tomcat-3.2.4\webapps\cocoon\exslt\random\functions\random-sequence\random.random-sequence.use-cases.txt --> ftp.exslt.org /www.exslt.org/public_html/random/functions/random-sequence random.random-sequence.use-cases.txt
103.10.17 10:58 B C:\jakarta-tomcat-3.2.4\webapps\cocoon\exslt\random\functions\random-sequence\random.random-sequence.use-cases.zip --> ftp.exslt.org /www.exslt.org/public_html/random/functions/random-sequence random.random-sequence.use-cases.zip
103.10.17 10:58 B C:\jakarta-tomcat-3.2.4\webapps\cocoon\exslt\random\functions\random-sequence\random.random-sequence.xml --> ftp.exslt.org /www.exslt.org/public_html/random/functions/random-sequence random.random-sequence.xml
103.10.17 10:58 B C:\jakarta-tomcat-3.2.4\webapps\cocoon\exslt\random\functions\random-sequence\random.random-sequence.xsl --> ftp.exslt.org /www.exslt.org/public_html/random/functions/random-sequence random.random-sequence.xsl
103.10.17 10:58 B C:\jakarta-tomcat-3.2.4\webapps\cocoon\exslt\random\functions\random-sequence\random.random-sequence.zip --> ftp.exslt.org /www.exslt.org/public_html/random/functions/random-sequence random.random-sequence.zip
103.10.17 10:58 B C:\jakarta-tomcat-3.2.4\webapps\cocoon\exslt\random\functions\random-sequence\refresh.bat --> ftp.exslt.org /www.exslt.org/public_html/random/functions/random-sequence refresh.bat
103.10.17 10:58 B C:\jakarta-tomcat-3.2.4\webapps\cocoon\exslt\random\functions\random-sequence\update.bat --> ftp.exslt.org /www.exslt.org/public_html/random/functions/random-sequence update.bat
103.10.17 10:58 B C:\jakarta-tomcat-3.2.4\webapps\cocoon\exslt\random\functions\random-sequence\WS_FTP.LOG --> ftp.exslt.org /www.exslt.org/public_html/random/functions/random-sequence WS_FTP.LOG
103.10.20 14:42 B C:\jakarta-tomcat-3.2.4\webapps\cocoon\exslt\random\functions\random-sequence\base.css --> ftp.exslt.org /www.exslt.org/public_html/random/functions/random-sequence base.css
103.10.20 14:42 B C:\jakarta-tomcat-3.2.4\webapps\cocoon\exslt\random\functions\random-sequence\index.html --> ftp.exslt.org /www.exslt.org/public_html/random/functions/random-sequence index.html
103.10.20 14:42 B C:\jakarta-tomcat-3.2.4\webapps\cocoon\exslt\random\functions\random-sequence\random.random-sequence.1.html --> ftp.exslt.org /www.exslt.org/public_html/random/functions/random-sequence random.random-sequence.1.html
103.10.20 14:42 B C:\jakarta-tomcat-3.2.4\webapps\cocoon\exslt\random\functions\random-sequence\random.random-sequence.1.xml --> ftp.exslt.org /www.exslt.org/public_html/random/functions/random-sequence random.random-sequence.1.xml
103.10.20 14:42 B C:\jakarta-tomcat-3.2.4\webapps\cocoon\exslt\random\functions\random-sequence\random.random-sequence.1.xsl --> ftp.exslt.org /www.exslt.org/public_html/random/functions/random-sequence random.random-sequence.1.xsl
103.10.20 14:42 B C:\jakarta-tomcat-3.2.4\webapps\cocoon\exslt\random\functions\random-sequence\random.random-sequence.html --> ftp.exslt.org /www.exslt.org/public_html/random/functions/random-sequence random.random-sequence.html
103.10.20 14:42 B C:\jakarta-tomcat-3.2.4\webapps\cocoon\exslt\random\functions\random-sequence\random.random-sequence.js --> ftp.exslt.org /www.exslt.org/public_html/random/functions/random-sequence random.random-sequence.js
103.10.20 14:42 B C:\jakarta-tomcat-3.2.4\webapps\cocoon\exslt\random\functions\random-sequence\random.random-sequence.msxsl.xsl --> ftp.exslt.org /www.exslt.org/public_html/random/functions/random-sequence random.random-sequence.msxsl.xsl
103.10.20 14:42 B C:\jakarta-tomcat-3.2.4\webapps\cocoon\exslt\random\functions\random-sequence\random.random-sequence.package.txt --> ftp.exslt.org /www.exslt.org/public_html/random/functions/random-sequence random.random-sequence.package.txt
103.10.20 14:42 B C:\jakarta-tomcat-3.2.4\webapps\cocoon\exslt\random\functions\random-sequence\random.random-sequence.use-cases.txt --> ftp.exslt.org /www.exslt.org/public_html/random/functions/random-sequence random.random-sequence.use-cases.txt
103.10.20 14:43 B C:\jakarta-tomcat-3.2.4\webapps\cocoon\exslt\random\functions\random-sequence\random.random-sequence.use-cases.zip --> ftp.exslt.org /www.exslt.org/public_html/random/functions/random-sequence random.random-sequence.use-cases.zip
103.10.20 14:43 B C:\jakarta-tomcat-3.2.4\webapps\cocoon\exslt\random\functions\random-sequence\random.random-sequence.xml --> ftp.exslt.org /www.exslt.org/public_html/random/functions/random-sequence random.random-sequence.xml
103.10.20 14:43 B C:\jakarta-tomcat-3.2.4\webapps\cocoon\exslt\random\functions\random-sequence\random.random-sequence.xsl --> ftp.exslt.org /www.exslt.org/public_html/random/functions/random-sequence random.random-sequence.xsl
103.10.20 14:43 B C:\jakarta-tomcat-3.2.4\webapps\cocoon\exslt\random\functions\random-sequence\random.random-sequence.zip --> ftp.exslt.org /www.exslt.org/public_html/random/functions/random-sequence random.random-sequence.zip
103.10.20 14:43 B C:\jakarta-tomcat-3.2.4\webapps\cocoon\exslt\random\functions\random-sequence\refresh.bat --> ftp.exslt.org /www.exslt.org/public_html/random/functions/random-sequence refresh.bat
103.10.20 14:43 B C:\jakarta-tomcat-3.2.4\webapps\cocoon\exslt\random\functions\random-sequence\update.bat --> ftp.exslt.org /www.exslt.org/public_html/random/functions/random-sequence update.bat
