102.12.02 12:32 B C:\jakarta-tomcat-3.2.4\webapps\cocoon\exslt\public_html\math\min\index.html <-- ftp.exslt.org /www.exslt.org/public_html/math/min index.html
102.12.02 12:32 B C:\jakarta-tomcat-3.2.4\webapps\cocoon\exslt\public_html\math\min\math.min.1.html <-- ftp.exslt.org /www.exslt.org/public_html/math/min math.min.1.html
102.12.02 12:32 B C:\jakarta-tomcat-3.2.4\webapps\cocoon\exslt\public_html\math\min\math.min.1.xsl <-- ftp.exslt.org /www.exslt.org/public_html/math/min math.min.1.xsl
102.12.02 12:32 B C:\jakarta-tomcat-3.2.4\webapps\cocoon\exslt\public_html\math\min\math.min.2.xsl <-- ftp.exslt.org /www.exslt.org/public_html/math/min math.min.2.xsl
102.12.02 12:32 B C:\jakarta-tomcat-3.2.4\webapps\cocoon\exslt\public_html\math\min\math.min.3.xsl <-- ftp.exslt.org /www.exslt.org/public_html/math/min math.min.3.xsl
102.12.02 12:32 B C:\jakarta-tomcat-3.2.4\webapps\cocoon\exslt\public_html\math\min\math.min.4.xsl <-- ftp.exslt.org /www.exslt.org/public_html/math/min math.min.4.xsl
102.12.02 12:32 B C:\jakarta-tomcat-3.2.4\webapps\cocoon\exslt\public_html\math\min\math.min.data.1.xml <-- ftp.exslt.org /www.exslt.org/public_html/math/min math.min.data.1.xml
102.12.02 12:32 B C:\jakarta-tomcat-3.2.4\webapps\cocoon\exslt\public_html\math\min\math.min.data.2.xml <-- ftp.exslt.org /www.exslt.org/public_html/math/min math.min.data.2.xml
102.12.02 12:32 B C:\jakarta-tomcat-3.2.4\webapps\cocoon\exslt\public_html\math\min\math.min.function.xsl <-- ftp.exslt.org /www.exslt.org/public_html/math/min math.min.function.xsl
102.12.02 12:32 B C:\jakarta-tomcat-3.2.4\webapps\cocoon\exslt\public_html\math\min\math.min.function.xsl.html <-- ftp.exslt.org /www.exslt.org/public_html/math/min math.min.function.xsl.html
102.12.02 12:32 B C:\jakarta-tomcat-3.2.4\webapps\cocoon\exslt\public_html\math\min\math.min.html <-- ftp.exslt.org /www.exslt.org/public_html/math/min math.min.html
102.12.02 12:32 B C:\jakarta-tomcat-3.2.4\webapps\cocoon\exslt\public_html\math\min\math.min.js <-- ftp.exslt.org /www.exslt.org/public_html/math/min math.min.js
102.12.02 12:32 B C:\jakarta-tomcat-3.2.4\webapps\cocoon\exslt\public_html\math\min\math.min.js.html <-- ftp.exslt.org /www.exslt.org/public_html/math/min math.min.js.html
102.12.02 12:32 B C:\jakarta-tomcat-3.2.4\webapps\cocoon\exslt\public_html\math\min\math.min.package.txt <-- ftp.exslt.org /www.exslt.org/public_html/math/min math.min.package.txt
102.12.02 12:32 B C:\jakarta-tomcat-3.2.4\webapps\cocoon\exslt\public_html\math\min\math.min.result.1.xml <-- ftp.exslt.org /www.exslt.org/public_html/math/min math.min.result.1.xml
102.12.02 12:32 B C:\jakarta-tomcat-3.2.4\webapps\cocoon\exslt\public_html\math\min\math.min.result.2.xml <-- ftp.exslt.org /www.exslt.org/public_html/math/min math.min.result.2.xml
102.12.02 12:32 B C:\jakarta-tomcat-3.2.4\webapps\cocoon\exslt\public_html\math\min\math.min.template.xsl <-- ftp.exslt.org /www.exslt.org/public_html/math/min math.min.template.xsl
102.12.02 12:32 B C:\jakarta-tomcat-3.2.4\webapps\cocoon\exslt\public_html\math\min\math.min.template.xsl.html <-- ftp.exslt.org /www.exslt.org/public_html/math/min math.min.template.xsl.html
102.12.02 12:32 B C:\jakarta-tomcat-3.2.4\webapps\cocoon\exslt\public_html\math\min\math.min.use-case.1.html <-- ftp.exslt.org /www.exslt.org/public_html/math/min math.min.use-case.1.html
102.12.02 12:32 B C:\jakarta-tomcat-3.2.4\webapps\cocoon\exslt\public_html\math\min\math.min.use-case.2.html <-- ftp.exslt.org /www.exslt.org/public_html/math/min math.min.use-case.2.html
102.12.02 12:32 B C:\jakarta-tomcat-3.2.4\webapps\cocoon\exslt\public_html\math\min\math.min.use-case.3.html <-- ftp.exslt.org /www.exslt.org/public_html/math/min math.min.use-case.3.html
102.12.02 12:32 B C:\jakarta-tomcat-3.2.4\webapps\cocoon\exslt\public_html\math\min\math.min.use-case.4.html <-- ftp.exslt.org /www.exslt.org/public_html/math/min math.min.use-case.4.html
102.12.02 12:32 B C:\jakarta-tomcat-3.2.4\webapps\cocoon\exslt\public_html\math\min\math.min.use-case.5.html <-- ftp.exslt.org /www.exslt.org/public_html/math/min math.min.use-case.5.html
102.12.02 12:32 B C:\jakarta-tomcat-3.2.4\webapps\cocoon\exslt\public_html\math\min\math.min.use-case.6.html <-- ftp.exslt.org /www.exslt.org/public_html/math/min math.min.use-case.6.html
102.12.02 12:32 B C:\jakarta-tomcat-3.2.4\webapps\cocoon\exslt\public_html\math\min\math.min.use-cases.txt <-- ftp.exslt.org /www.exslt.org/public_html/math/min math.min.use-cases.txt
102.12.02 12:32 B C:\jakarta-tomcat-3.2.4\webapps\cocoon\exslt\public_html\math\min\math.min.use-cases.zip <-- ftp.exslt.org /www.exslt.org/public_html/math/min math.min.use-cases.zip
102.12.02 12:32 B C:\jakarta-tomcat-3.2.4\webapps\cocoon\exslt\public_html\math\min\math.min.xml <-- ftp.exslt.org /www.exslt.org/public_html/math/min math.min.xml
102.12.02 12:33 B C:\jakarta-tomcat-3.2.4\webapps\cocoon\exslt\public_html\math\min\math.min.xsl <-- ftp.exslt.org /www.exslt.org/public_html/math/min math.min.xsl
102.12.02 12:33 B C:\jakarta-tomcat-3.2.4\webapps\cocoon\exslt\public_html\math\min\math.min.zip <-- ftp.exslt.org /www.exslt.org/public_html/math/min math.min.zip
102.12.02 12:33 B C:\jakarta-tomcat-3.2.4\webapps\cocoon\exslt\public_html\math\min\update.bat <-- ftp.exslt.org /www.exslt.org/public_html/math/min update.bat
102.12.03 11:12 B C:\jakarta-tomcat-3.2.4\webapps\cocoon\exslt\math\min\index.html --> ftp.exslt.org /www.exslt.org/public_html/math/min index.html
102.12.03 11:12 B C:\jakarta-tomcat-3.2.4\webapps\cocoon\exslt\math\min\math.min.1.html --> ftp.exslt.org /www.exslt.org/public_html/math/min math.min.1.html
102.12.03 11:12 B C:\jakarta-tomcat-3.2.4\webapps\cocoon\exslt\math\min\math.min.1.xsl --> ftp.exslt.org /www.exslt.org/public_html/math/min math.min.1.xsl
102.12.03 11:12 B C:\jakarta-tomcat-3.2.4\webapps\cocoon\exslt\math\min\math.min.2.xsl --> ftp.exslt.org /www.exslt.org/public_html/math/min math.min.2.xsl
102.12.03 11:12 B C:\jakarta-tomcat-3.2.4\webapps\cocoon\exslt\math\min\math.min.3.xsl --> ftp.exslt.org /www.exslt.org/public_html/math/min math.min.3.xsl
102.12.03 11:12 B C:\jakarta-tomcat-3.2.4\webapps\cocoon\exslt\math\min\math.min.4.xsl --> ftp.exslt.org /www.exslt.org/public_html/math/min math.min.4.xsl
102.12.03 11:12 B C:\jakarta-tomcat-3.2.4\webapps\cocoon\exslt\math\min\math.min.data.1.xml --> ftp.exslt.org /www.exslt.org/public_html/math/min math.min.data.1.xml
102.12.03 11:12 B C:\jakarta-tomcat-3.2.4\webapps\cocoon\exslt\math\min\math.min.data.2.xml --> ftp.exslt.org /www.exslt.org/public_html/math/min math.min.data.2.xml
102.12.03 11:12 B C:\jakarta-tomcat-3.2.4\webapps\cocoon\exslt\math\min\math.min.function.xsl --> ftp.exslt.org /www.exslt.org/public_html/math/min math.min.function.xsl
102.12.03 11:12 B C:\jakarta-tomcat-3.2.4\webapps\cocoon\exslt\math\min\math.min.function.xsl.html --> ftp.exslt.org /www.exslt.org/public_html/math/min math.min.function.xsl.html
102.12.03 11:12 B C:\jakarta-tomcat-3.2.4\webapps\cocoon\exslt\math\min\math.min.html --> ftp.exslt.org /www.exslt.org/public_html/math/min math.min.html
102.12.03 11:12 B C:\jakarta-tomcat-3.2.4\webapps\cocoon\exslt\math\min\math.min.js --> ftp.exslt.org /www.exslt.org/public_html/math/min math.min.js
102.12.03 11:12 B C:\jakarta-tomcat-3.2.4\webapps\cocoon\exslt\math\min\math.min.js.html --> ftp.exslt.org /www.exslt.org/public_html/math/min math.min.js.html
102.12.03 11:12 B C:\jakarta-tomcat-3.2.4\webapps\cocoon\exslt\math\min\math.min.package.txt --> ftp.exslt.org /www.exslt.org/public_html/math/min math.min.package.txt
102.12.03 11:12 B C:\jakarta-tomcat-3.2.4\webapps\cocoon\exslt\math\min\math.min.result.1.xml --> ftp.exslt.org /www.exslt.org/public_html/math/min math.min.result.1.xml
102.12.03 11:12 B C:\jakarta-tomcat-3.2.4\webapps\cocoon\exslt\math\min\math.min.result.2.xml --> ftp.exslt.org /www.exslt.org/public_html/math/min math.min.result.2.xml
102.12.03 11:12 B C:\jakarta-tomcat-3.2.4\webapps\cocoon\exslt\math\min\math.min.template.xsl --> ftp.exslt.org /www.exslt.org/public_html/math/min math.min.template.xsl
102.12.03 11:12 B C:\jakarta-tomcat-3.2.4\webapps\cocoon\exslt\math\min\math.min.template.xsl.html --> ftp.exslt.org /www.exslt.org/public_html/math/min math.min.template.xsl.html
102.12.03 11:12 B C:\jakarta-tomcat-3.2.4\webapps\cocoon\exslt\math\min\math.min.use-case.1.html --> ftp.exslt.org /www.exslt.org/public_html/math/min math.min.use-case.1.html
102.12.03 11:12 B C:\jakarta-tomcat-3.2.4\webapps\cocoon\exslt\math\min\math.min.use-case.2.html --> ftp.exslt.org /www.exslt.org/public_html/math/min math.min.use-case.2.html
102.12.03 11:12 B C:\jakarta-tomcat-3.2.4\webapps\cocoon\exslt\math\min\math.min.use-case.3.html --> ftp.exslt.org /www.exslt.org/public_html/math/min math.min.use-case.3.html
102.12.03 11:12 B C:\jakarta-tomcat-3.2.4\webapps\cocoon\exslt\math\min\math.min.use-case.4.html --> ftp.exslt.org /www.exslt.org/public_html/math/min math.min.use-case.4.html
102.12.03 11:12 B C:\jakarta-tomcat-3.2.4\webapps\cocoon\exslt\math\min\math.min.use-case.5.html --> ftp.exslt.org /www.exslt.org/public_html/math/min math.min.use-case.5.html
102.12.03 11:12 B C:\jakarta-tomcat-3.2.4\webapps\cocoon\exslt\math\min\math.min.use-case.6.html --> ftp.exslt.org /www.exslt.org/public_html/math/min math.min.use-case.6.html
102.12.03 11:12 B C:\jakarta-tomcat-3.2.4\webapps\cocoon\exslt\math\min\math.min.use-cases.txt --> ftp.exslt.org /www.exslt.org/public_html/math/min math.min.use-cases.txt
102.12.03 11:12 B C:\jakarta-tomcat-3.2.4\webapps\cocoon\exslt\math\min\math.min.use-cases.zip --> ftp.exslt.org /www.exslt.org/public_html/math/min math.min.use-cases.zip
102.12.03 11:12 B C:\jakarta-tomcat-3.2.4\webapps\cocoon\exslt\math\min\math.min.xml --> ftp.exslt.org /www.exslt.org/public_html/math/min math.min.xml
102.12.03 11:12 B C:\jakarta-tomcat-3.2.4\webapps\cocoon\exslt\math\min\math.min.xsl --> ftp.exslt.org /www.exslt.org/public_html/math/min math.min.xsl
102.12.03 11:12 B C:\jakarta-tomcat-3.2.4\webapps\cocoon\exslt\math\min\math.min.zip --> ftp.exslt.org /www.exslt.org/public_html/math/min math.min.zip
102.12.03 11:12 B C:\jakarta-tomcat-3.2.4\webapps\cocoon\exslt\math\min\update.bat --> ftp.exslt.org /www.exslt.org/public_html/math/min update.bat
102.12.03 11:12 B C:\jakarta-tomcat-3.2.4\webapps\cocoon\exslt\math\min\WS_FTP.LOG --> ftp.exslt.org /www.exslt.org/public_html/math/min WS_FTP.LOG
102.12.11 11:06 B C:\jakarta-tomcat-3.2.4\webapps\cocoon\exslt\math\min\index.html --> ftp.exslt.org /www.exslt.org/public_html/math/min index.html
102.12.11 11:06 B C:\jakarta-tomcat-3.2.4\webapps\cocoon\exslt\math\min\math.min.1.html --> ftp.exslt.org /www.exslt.org/public_html/math/min math.min.1.html
102.12.11 11:06 B C:\jakarta-tomcat-3.2.4\webapps\cocoon\exslt\math\min\math.min.1.xsl --> ftp.exslt.org /www.exslt.org/public_html/math/min math.min.1.xsl
102.12.11 11:06 B C:\jakarta-tomcat-3.2.4\webapps\cocoon\exslt\math\min\math.min.2.xsl --> ftp.exslt.org /www.exslt.org/public_html/math/min math.min.2.xsl
102.12.11 11:06 B C:\jakarta-tomcat-3.2.4\webapps\cocoon\exslt\math\min\math.min.3.xsl --> ftp.exslt.org /www.exslt.org/public_html/math/min math.min.3.xsl
102.12.11 11:06 B C:\jakarta-tomcat-3.2.4\webapps\cocoon\exslt\math\min\math.min.4.xsl --> ftp.exslt.org /www.exslt.org/public_html/math/min math.min.4.xsl
102.12.11 11:06 B C:\jakarta-tomcat-3.2.4\webapps\cocoon\exslt\math\min\math.min.data.1.xml --> ftp.exslt.org /www.exslt.org/public_html/math/min math.min.data.1.xml
102.12.11 11:06 B C:\jakarta-tomcat-3.2.4\webapps\cocoon\exslt\math\min\math.min.data.2.xml --> ftp.exslt.org /www.exslt.org/public_html/math/min math.min.data.2.xml
102.12.11 11:06 B C:\jakarta-tomcat-3.2.4\webapps\cocoon\exslt\math\min\math.min.function.xsl --> ftp.exslt.org /www.exslt.org/public_html/math/min math.min.function.xsl
102.12.11 11:06 B C:\jakarta-tomcat-3.2.4\webapps\cocoon\exslt\math\min\math.min.function.xsl.html --> ftp.exslt.org /www.exslt.org/public_html/math/min math.min.function.xsl.html
102.12.11 11:06 B C:\jakarta-tomcat-3.2.4\webapps\cocoon\exslt\math\min\math.min.html --> ftp.exslt.org /www.exslt.org/public_html/math/min math.min.html
102.12.11 11:06 B C:\jakarta-tomcat-3.2.4\webapps\cocoon\exslt\math\min\math.min.js --> ftp.exslt.org /www.exslt.org/public_html/math/min math.min.js
102.12.11 11:06 B C:\jakarta-tomcat-3.2.4\webapps\cocoon\exslt\math\min\math.min.js.html --> ftp.exslt.org /www.exslt.org/public_html/math/min math.min.js.html
102.12.11 11:06 B C:\jakarta-tomcat-3.2.4\webapps\cocoon\exslt\math\min\math.min.package.txt --> ftp.exslt.org /www.exslt.org/public_html/math/min math.min.package.txt
102.12.11 11:06 B C:\jakarta-tomcat-3.2.4\webapps\cocoon\exslt\math\min\math.min.result.1.xml --> ftp.exslt.org /www.exslt.org/public_html/math/min math.min.result.1.xml
102.12.11 11:06 B C:\jakarta-tomcat-3.2.4\webapps\cocoon\exslt\math\min\math.min.result.2.xml --> ftp.exslt.org /www.exslt.org/public_html/math/min math.min.result.2.xml
102.12.11 11:06 B C:\jakarta-tomcat-3.2.4\webapps\cocoon\exslt\math\min\math.min.template.xsl --> ftp.exslt.org /www.exslt.org/public_html/math/min math.min.template.xsl
102.12.11 11:06 B C:\jakarta-tomcat-3.2.4\webapps\cocoon\exslt\math\min\math.min.template.xsl.html --> ftp.exslt.org /www.exslt.org/public_html/math/min math.min.template.xsl.html
102.12.11 11:06 B C:\jakarta-tomcat-3.2.4\webapps\cocoon\exslt\math\min\math.min.use-case.1.html --> ftp.exslt.org /www.exslt.org/public_html/math/min math.min.use-case.1.html
102.12.11 11:06 B C:\jakarta-tomcat-3.2.4\webapps\cocoon\exslt\math\min\math.min.use-case.2.html --> ftp.exslt.org /www.exslt.org/public_html/math/min math.min.use-case.2.html
102.12.11 11:06 B C:\jakarta-tomcat-3.2.4\webapps\cocoon\exslt\math\min\math.min.use-case.3.html --> ftp.exslt.org /www.exslt.org/public_html/math/min math.min.use-case.3.html
102.12.11 11:06 B C:\jakarta-tomcat-3.2.4\webapps\cocoon\exslt\math\min\math.min.use-case.4.html --> ftp.exslt.org /www.exslt.org/public_html/math/min math.min.use-case.4.html
102.12.11 11:06 B C:\jakarta-tomcat-3.2.4\webapps\cocoon\exslt\math\min\math.min.use-case.5.html --> ftp.exslt.org /www.exslt.org/public_html/math/min math.min.use-case.5.html
102.12.11 11:06 B C:\jakarta-tomcat-3.2.4\webapps\cocoon\exslt\math\min\math.min.use-case.6.html --> ftp.exslt.org /www.exslt.org/public_html/math/min math.min.use-case.6.html
102.12.11 11:06 B C:\jakarta-tomcat-3.2.4\webapps\cocoon\exslt\math\min\math.min.use-cases.txt --> ftp.exslt.org /www.exslt.org/public_html/math/min math.min.use-cases.txt
102.12.11 11:06 B C:\jakarta-tomcat-3.2.4\webapps\cocoon\exslt\math\min\math.min.use-cases.zip --> ftp.exslt.org /www.exslt.org/public_html/math/min math.min.use-cases.zip
102.12.11 11:06 B C:\jakarta-tomcat-3.2.4\webapps\cocoon\exslt\math\min\math.min.xml --> ftp.exslt.org /www.exslt.org/public_html/math/min math.min.xml
102.12.11 11:06 B C:\jakarta-tomcat-3.2.4\webapps\cocoon\exslt\math\min\math.min.xsl --> ftp.exslt.org /www.exslt.org/public_html/math/min math.min.xsl
102.12.11 11:06 B C:\jakarta-tomcat-3.2.4\webapps\cocoon\exslt\math\min\math.min.zip --> ftp.exslt.org /www.exslt.org/public_html/math/min math.min.zip
102.12.11 11:06 B C:\jakarta-tomcat-3.2.4\webapps\cocoon\exslt\math\min\update.bat --> ftp.exslt.org /www.exslt.org/public_html/math/min update.bat
103.09.29 15:52 B C:\jakarta-tomcat-3.2.4\webapps\cocoon\exslt\math\min\WS_FTP.LOG <-- ftp.exslt.org /www.exslt.org/public_html/math/min WS_FTP.LOG
103.10.21 13:10 B C:\jakarta-tomcat-3.2.4\webapps\cocoon\exslt\math\min\index.html --> marian.cs.nott.ac.uk /stud/pg/cds/exslt/math/min index.html
103.10.21 13:10 B C:\jakarta-tomcat-3.2.4\webapps\cocoon\exslt\math\min\math.min.1.html --> marian.cs.nott.ac.uk /stud/pg/cds/exslt/math/min math.min.1.html
103.10.21 13:10 B C:\jakarta-tomcat-3.2.4\webapps\cocoon\exslt\math\min\math.min.1.xsl --> marian.cs.nott.ac.uk /stud/pg/cds/exslt/math/min math.min.1.xsl
103.10.21 13:10 B C:\jakarta-tomcat-3.2.4\webapps\cocoon\exslt\math\min\math.min.2.xsl --> marian.cs.nott.ac.uk /stud/pg/cds/exslt/math/min math.min.2.xsl
103.10.21 13:10 B C:\jakarta-tomcat-3.2.4\webapps\cocoon\exslt\math\min\math.min.3.xsl --> marian.cs.nott.ac.uk /stud/pg/cds/exslt/math/min math.min.3.xsl
103.10.21 13:10 B C:\jakarta-tomcat-3.2.4\webapps\cocoon\exslt\math\min\math.min.4.xsl --> marian.cs.nott.ac.uk /stud/pg/cds/exslt/math/min math.min.4.xsl
103.10.21 13:10 B C:\jakarta-tomcat-3.2.4\webapps\cocoon\exslt\math\min\math.min.data.1.xml --> marian.cs.nott.ac.uk /stud/pg/cds/exslt/math/min math.min.data.1.xml
103.10.21 13:10 B C:\jakarta-tomcat-3.2.4\webapps\cocoon\exslt\math\min\math.min.data.2.xml --> marian.cs.nott.ac.uk /stud/pg/cds/exslt/math/min math.min.data.2.xml
103.10.21 13:10 B C:\jakarta-tomcat-3.2.4\webapps\cocoon\exslt\math\min\math.min.function.xsl --> marian.cs.nott.ac.uk /stud/pg/cds/exslt/math/min math.min.function.xsl
103.10.21 13:10 B C:\jakarta-tomcat-3.2.4\webapps\cocoon\exslt\math\min\math.min.function.xsl.html --> marian.cs.nott.ac.uk /stud/pg/cds/exslt/math/min math.min.function.xsl.html
103.10.21 13:10 B C:\jakarta-tomcat-3.2.4\webapps\cocoon\exslt\math\min\math.min.html --> marian.cs.nott.ac.uk /stud/pg/cds/exslt/math/min math.min.html
103.10.21 13:10 B C:\jakarta-tomcat-3.2.4\webapps\cocoon\exslt\math\min\math.min.js --> marian.cs.nott.ac.uk /stud/pg/cds/exslt/math/min math.min.js
103.10.21 13:10 B C:\jakarta-tomcat-3.2.4\webapps\cocoon\exslt\math\min\math.min.js.html --> marian.cs.nott.ac.uk /stud/pg/cds/exslt/math/min math.min.js.html
103.10.21 13:10 B C:\jakarta-tomcat-3.2.4\webapps\cocoon\exslt\math\min\math.min.package.txt --> marian.cs.nott.ac.uk /stud/pg/cds/exslt/math/min math.min.package.txt
103.10.21 13:10 B C:\jakarta-tomcat-3.2.4\webapps\cocoon\exslt\math\min\math.min.result.1.xml --> marian.cs.nott.ac.uk /stud/pg/cds/exslt/math/min math.min.result.1.xml
103.10.21 13:10 B C:\jakarta-tomcat-3.2.4\webapps\cocoon\exslt\math\min\math.min.result.2.xml --> marian.cs.nott.ac.uk /stud/pg/cds/exslt/math/min math.min.result.2.xml
103.10.21 13:10 B C:\jakarta-tomcat-3.2.4\webapps\cocoon\exslt\math\min\math.min.template.xsl --> marian.cs.nott.ac.uk /stud/pg/cds/exslt/math/min math.min.template.xsl
103.10.21 13:10 B C:\jakarta-tomcat-3.2.4\webapps\cocoon\exslt\math\min\math.min.template.xsl.html --> marian.cs.nott.ac.uk /stud/pg/cds/exslt/math/min math.min.template.xsl.html
103.10.21 13:10 B C:\jakarta-tomcat-3.2.4\webapps\cocoon\exslt\math\min\math.min.use-case.1.html --> marian.cs.nott.ac.uk /stud/pg/cds/exslt/math/min math.min.use-case.1.html
103.10.21 13:10 B C:\jakarta-tomcat-3.2.4\webapps\cocoon\exslt\math\min\math.min.use-case.2.html --> marian.cs.nott.ac.uk /stud/pg/cds/exslt/math/min math.min.use-case.2.html
103.10.21 13:10 B C:\jakarta-tomcat-3.2.4\webapps\cocoon\exslt\math\min\math.min.use-case.3.html --> marian.cs.nott.ac.uk /stud/pg/cds/exslt/math/min math.min.use-case.3.html
103.10.21 13:10 B C:\jakarta-tomcat-3.2.4\webapps\cocoon\exslt\math\min\math.min.use-case.4.html --> marian.cs.nott.ac.uk /stud/pg/cds/exslt/math/min math.min.use-case.4.html
103.10.21 13:10 B C:\jakarta-tomcat-3.2.4\webapps\cocoon\exslt\math\min\math.min.use-case.5.html --> marian.cs.nott.ac.uk /stud/pg/cds/exslt/math/min math.min.use-case.5.html
103.10.21 13:10 B C:\jakarta-tomcat-3.2.4\webapps\cocoon\exslt\math\min\math.min.use-case.6.html --> marian.cs.nott.ac.uk /stud/pg/cds/exslt/math/min math.min.use-case.6.html
103.10.21 13:10 B C:\jakarta-tomcat-3.2.4\webapps\cocoon\exslt\math\min\math.min.use-cases.txt --> marian.cs.nott.ac.uk /stud/pg/cds/exslt/math/min math.min.use-cases.txt
103.10.21 13:10 B C:\jakarta-tomcat-3.2.4\webapps\cocoon\exslt\math\min\math.min.use-cases.zip --> marian.cs.nott.ac.uk /stud/pg/cds/exslt/math/min math.min.use-cases.zip
103.10.21 13:10 B C:\jakarta-tomcat-3.2.4\webapps\cocoon\exslt\math\min\math.min.xml --> marian.cs.nott.ac.uk /stud/pg/cds/exslt/math/min math.min.xml
103.10.21 13:10 B C:\jakarta-tomcat-3.2.4\webapps\cocoon\exslt\math\min\math.min.xsl --> marian.cs.nott.ac.uk /stud/pg/cds/exslt/math/min math.min.xsl
103.10.21 13:10 B C:\jakarta-tomcat-3.2.4\webapps\cocoon\exslt\math\min\math.min.zip --> marian.cs.nott.ac.uk /stud/pg/cds/exslt/math/min math.min.zip
103.10.21 13:10 B C:\jakarta-tomcat-3.2.4\webapps\cocoon\exslt\math\min\update.bat --> marian.cs.nott.ac.uk /stud/pg/cds/exslt/math/min update.bat
103.10.21 13:10 B C:\jakarta-tomcat-3.2.4\webapps\cocoon\exslt\math\min\WS_FTP.LOG --> marian.cs.nott.ac.uk /stud/pg/cds/exslt/math/min WS_FTP.LOG
103.10.23 16:57 B C:\jakarta-tomcat-3.2.4\webapps\cocoon\exslt\math\min\index.html --> ftp.exslt.org /www.exslt.org/public_html/math/min index.html
103.10.23 16:57 B C:\jakarta-tomcat-3.2.4\webapps\cocoon\exslt\math\min\math.min.1.html --> ftp.exslt.org /www.exslt.org/public_html/math/min math.min.1.html
103.10.23 16:57 B C:\jakarta-tomcat-3.2.4\webapps\cocoon\exslt\math\min\math.min.1.xsl --> ftp.exslt.org /www.exslt.org/public_html/math/min math.min.1.xsl
103.10.23 16:57 B C:\jakarta-tomcat-3.2.4\webapps\cocoon\exslt\math\min\math.min.2.xsl --> ftp.exslt.org /www.exslt.org/public_html/math/min math.min.2.xsl
103.10.23 16:57 B C:\jakarta-tomcat-3.2.4\webapps\cocoon\exslt\math\min\math.min.3.xsl --> ftp.exslt.org /www.exslt.org/public_html/math/min math.min.3.xsl
103.10.23 16:57 B C:\jakarta-tomcat-3.2.4\webapps\cocoon\exslt\math\min\math.min.4.xsl --> ftp.exslt.org /www.exslt.org/public_html/math/min math.min.4.xsl
103.10.23 16:57 B C:\jakarta-tomcat-3.2.4\webapps\cocoon\exslt\math\min\math.min.data.1.xml --> ftp.exslt.org /www.exslt.org/public_html/math/min math.min.data.1.xml
103.10.23 16:57 B C:\jakarta-tomcat-3.2.4\webapps\cocoon\exslt\math\min\math.min.data.2.xml --> ftp.exslt.org /www.exslt.org/public_html/math/min math.min.data.2.xml
103.10.23 16:57 B C:\jakarta-tomcat-3.2.4\webapps\cocoon\exslt\math\min\math.min.function.xsl --> ftp.exslt.org /www.exslt.org/public_html/math/min math.min.function.xsl
103.10.23 16:57 B C:\jakarta-tomcat-3.2.4\webapps\cocoon\exslt\math\min\math.min.function.xsl.html --> ftp.exslt.org /www.exslt.org/public_html/math/min math.min.function.xsl.html
103.10.23 16:57 B C:\jakarta-tomcat-3.2.4\webapps\cocoon\exslt\math\min\math.min.html --> ftp.exslt.org /www.exslt.org/public_html/math/min math.min.html
103.10.23 16:57 B C:\jakarta-tomcat-3.2.4\webapps\cocoon\exslt\math\min\math.min.js --> ftp.exslt.org /www.exslt.org/public_html/math/min math.min.js
103.10.23 16:57 B C:\jakarta-tomcat-3.2.4\webapps\cocoon\exslt\math\min\math.min.js.html --> ftp.exslt.org /www.exslt.org/public_html/math/min math.min.js.html
103.10.23 16:57 B C:\jakarta-tomcat-3.2.4\webapps\cocoon\exslt\math\min\math.min.package.txt --> ftp.exslt.org /www.exslt.org/public_html/math/min math.min.package.txt
103.10.23 16:57 B C:\jakarta-tomcat-3.2.4\webapps\cocoon\exslt\math\min\math.min.result.1.xml --> ftp.exslt.org /www.exslt.org/public_html/math/min math.min.result.1.xml
103.10.23 16:57 B C:\jakarta-tomcat-3.2.4\webapps\cocoon\exslt\math\min\math.min.result.2.xml --> ftp.exslt.org /www.exslt.org/public_html/math/min math.min.result.2.xml
103.10.23 16:57 B C:\jakarta-tomcat-3.2.4\webapps\cocoon\exslt\math\min\math.min.template.xsl --> ftp.exslt.org /www.exslt.org/public_html/math/min math.min.template.xsl
103.10.23 16:57 B C:\jakarta-tomcat-3.2.4\webapps\cocoon\exslt\math\min\math.min.template.xsl.html --> ftp.exslt.org /www.exslt.org/public_html/math/min math.min.template.xsl.html
103.10.23 16:57 B C:\jakarta-tomcat-3.2.4\webapps\cocoon\exslt\math\min\math.min.use-case.1.html --> ftp.exslt.org /www.exslt.org/public_html/math/min math.min.use-case.1.html
103.10.23 16:57 B C:\jakarta-tomcat-3.2.4\webapps\cocoon\exslt\math\min\math.min.use-case.2.html --> ftp.exslt.org /www.exslt.org/public_html/math/min math.min.use-case.2.html
103.10.23 16:57 B C:\jakarta-tomcat-3.2.4\webapps\cocoon\exslt\math\min\math.min.use-case.3.html --> ftp.exslt.org /www.exslt.org/public_html/math/min math.min.use-case.3.html
103.10.23 16:57 B C:\jakarta-tomcat-3.2.4\webapps\cocoon\exslt\math\min\math.min.use-case.4.html --> ftp.exslt.org /www.exslt.org/public_html/math/min math.min.use-case.4.html
103.10.23 16:57 B C:\jakarta-tomcat-3.2.4\webapps\cocoon\exslt\math\min\math.min.use-case.5.html --> ftp.exslt.org /www.exslt.org/public_html/math/min math.min.use-case.5.html
103.10.23 16:58 B C:\jakarta-tomcat-3.2.4\webapps\cocoon\exslt\math\min\math.min.use-case.6.html --> ftp.exslt.org /www.exslt.org/public_html/math/min math.min.use-case.6.html
103.10.23 16:58 B C:\jakarta-tomcat-3.2.4\webapps\cocoon\exslt\math\min\math.min.use-cases.txt --> ftp.exslt.org /www.exslt.org/public_html/math/min math.min.use-cases.txt
103.10.23 16:58 B C:\jakarta-tomcat-3.2.4\webapps\cocoon\exslt\math\min\math.min.use-cases.zip --> ftp.exslt.org /www.exslt.org/public_html/math/min math.min.use-cases.zip
103.10.23 16:58 B C:\jakarta-tomcat-3.2.4\webapps\cocoon\exslt\math\min\math.min.xml --> ftp.exslt.org /www.exslt.org/public_html/math/min math.min.xml
103.10.23 16:58 B C:\jakarta-tomcat-3.2.4\webapps\cocoon\exslt\math\min\math.min.xsl --> ftp.exslt.org /www.exslt.org/public_html/math/min math.min.xsl
103.10.23 16:58 B C:\jakarta-tomcat-3.2.4\webapps\cocoon\exslt\math\min\math.min.zip --> ftp.exslt.org /www.exslt.org/public_html/math/min math.min.zip
103.10.23 16:58 B C:\jakarta-tomcat-3.2.4\webapps\cocoon\exslt\math\min\update.bat --> ftp.exslt.org /www.exslt.org/public_html/math/min update.bat
