102.12.02 12:34 B C:\jakarta-tomcat-3.2.4\webapps\cocoon\exslt\public_html\submissions\math\math\functions\exp\math.exp.1.xml <-- ftp.exslt.org /www.exslt.org/public_html/submissions/math/math/functions/exp math.exp.1.xml
102.12.02 12:34 B C:\jakarta-tomcat-3.2.4\webapps\cocoon\exslt\public_html\submissions\math\math\functions\exp\math.exp.1.xsl <-- ftp.exslt.org /www.exslt.org/public_html/submissions/math/math/functions/exp math.exp.1.xsl
102.12.02 12:34 B C:\jakarta-tomcat-3.2.4\webapps\cocoon\exslt\public_html\submissions\math\math\functions\exp\math.exp.javascript.submission.xml <-- ftp.exslt.org /www.exslt.org/public_html/submissions/math/math/functions/exp math.exp.javascript.submission.xml
102.12.02 12:34 B C:\jakarta-tomcat-3.2.4\webapps\cocoon\exslt\public_html\submissions\math\math\functions\exp\math.exp.js <-- ftp.exslt.org /www.exslt.org/public_html/submissions/math/math/functions/exp math.exp.js
102.12.02 12:34 B C:\jakarta-tomcat-3.2.4\webapps\cocoon\exslt\public_html\submissions\math\math\functions\exp\math.exp.msxslt.submission.xml <-- ftp.exslt.org /www.exslt.org/public_html/submissions/math/math/functions/exp math.exp.msxslt.submission.xml
102.12.02 12:34 B C:\jakarta-tomcat-3.2.4\webapps\cocoon\exslt\public_html\submissions\math\math\functions\exp\math.exp.msxslt.xsl <-- ftp.exslt.org /www.exslt.org/public_html/submissions/math/math/functions/exp math.exp.msxslt.xsl
102.12.02 12:34 B C:\jakarta-tomcat-3.2.4\webapps\cocoon\exslt\public_html\submissions\math\math\functions\exp\math.exp.submission.xml <-- ftp.exslt.org /www.exslt.org/public_html/submissions/math/math/functions/exp math.exp.submission.xml
102.12.02 12:34 B C:\jakarta-tomcat-3.2.4\webapps\cocoon\exslt\public_html\submissions\math\math\functions\exp\math.exp.xsl <-- ftp.exslt.org /www.exslt.org/public_html/submissions/math/math/functions/exp math.exp.xsl
102.12.03 11:16 B C:\jakarta-tomcat-3.2.4\webapps\cocoon\exslt\submissions\math\math\functions\exp\math.exp.1.xml --> ftp.exslt.org /www.exslt.org/public_html/submissions/math/math/functions/exp math.exp.1.xml
102.12.03 11:16 B C:\jakarta-tomcat-3.2.4\webapps\cocoon\exslt\submissions\math\math\functions\exp\math.exp.1.xsl --> ftp.exslt.org /www.exslt.org/public_html/submissions/math/math/functions/exp math.exp.1.xsl
102.12.03 11:16 B C:\jakarta-tomcat-3.2.4\webapps\cocoon\exslt\submissions\math\math\functions\exp\math.exp.javascript.submission.xml --> ftp.exslt.org /www.exslt.org/public_html/submissions/math/math/functions/exp math.exp.javascript.submission.xml
102.12.03 11:16 B C:\jakarta-tomcat-3.2.4\webapps\cocoon\exslt\submissions\math\math\functions\exp\math.exp.js --> ftp.exslt.org /www.exslt.org/public_html/submissions/math/math/functions/exp math.exp.js
102.12.03 11:16 B C:\jakarta-tomcat-3.2.4\webapps\cocoon\exslt\submissions\math\math\functions\exp\math.exp.msxslt.submission.xml --> ftp.exslt.org /www.exslt.org/public_html/submissions/math/math/functions/exp math.exp.msxslt.submission.xml
102.12.03 11:16 B C:\jakarta-tomcat-3.2.4\webapps\cocoon\exslt\submissions\math\math\functions\exp\math.exp.msxslt.xsl --> ftp.exslt.org /www.exslt.org/public_html/submissions/math/math/functions/exp math.exp.msxslt.xsl
102.12.03 11:16 B C:\jakarta-tomcat-3.2.4\webapps\cocoon\exslt\submissions\math\math\functions\exp\math.exp.submission.xml --> ftp.exslt.org /www.exslt.org/public_html/submissions/math/math/functions/exp math.exp.submission.xml
102.12.03 11:16 B C:\jakarta-tomcat-3.2.4\webapps\cocoon\exslt\submissions\math\math\functions\exp\math.exp.xsl --> ftp.exslt.org /www.exslt.org/public_html/submissions/math/math/functions/exp math.exp.xsl
102.12.03 11:16 B C:\jakarta-tomcat-3.2.4\webapps\cocoon\exslt\submissions\math\math\functions\exp\WS_FTP.LOG --> ftp.exslt.org /www.exslt.org/public_html/submissions/math/math/functions/exp WS_FTP.LOG
102.12.11 11:14 B C:\jakarta-tomcat-3.2.4\webapps\cocoon\exslt\submissions\math\math\functions\exp\math.exp.1.xml --> ftp.exslt.org /www.exslt.org/public_html/submissions/math/math/functions/exp math.exp.1.xml
102.12.11 11:14 B C:\jakarta-tomcat-3.2.4\webapps\cocoon\exslt\submissions\math\math\functions\exp\math.exp.1.xsl --> ftp.exslt.org /www.exslt.org/public_html/submissions/math/math/functions/exp math.exp.1.xsl
102.12.11 11:14 B C:\jakarta-tomcat-3.2.4\webapps\cocoon\exslt\submissions\math\math\functions\exp\math.exp.javascript.submission.xml --> ftp.exslt.org /www.exslt.org/public_html/submissions/math/math/functions/exp math.exp.javascript.submission.xml
102.12.11 11:14 B C:\jakarta-tomcat-3.2.4\webapps\cocoon\exslt\submissions\math\math\functions\exp\math.exp.js --> ftp.exslt.org /www.exslt.org/public_html/submissions/math/math/functions/exp math.exp.js
102.12.11 11:14 B C:\jakarta-tomcat-3.2.4\webapps\cocoon\exslt\submissions\math\math\functions\exp\math.exp.msxslt.submission.xml --> ftp.exslt.org /www.exslt.org/public_html/submissions/math/math/functions/exp math.exp.msxslt.submission.xml
102.12.11 11:14 B C:\jakarta-tomcat-3.2.4\webapps\cocoon\exslt\submissions\math\math\functions\exp\math.exp.msxslt.xsl --> ftp.exslt.org /www.exslt.org/public_html/submissions/math/math/functions/exp math.exp.msxslt.xsl
102.12.11 11:14 B C:\jakarta-tomcat-3.2.4\webapps\cocoon\exslt\submissions\math\math\functions\exp\math.exp.submission.xml --> ftp.exslt.org /www.exslt.org/public_html/submissions/math/math/functions/exp math.exp.submission.xml
102.12.11 11:14 B C:\jakarta-tomcat-3.2.4\webapps\cocoon\exslt\submissions\math\math\functions\exp\math.exp.xsl --> ftp.exslt.org /www.exslt.org/public_html/submissions/math/math/functions/exp math.exp.xsl
