102.08.21 17:33 B C:\jakarta-tomcat-3.2.4\webapps\cocoon\exslt\set\base.css --> ftp.exslt.org /www.exslt.org/public_html/set base.css
102.08.21 17:33 B C:\jakarta-tomcat-3.2.4\webapps\cocoon\exslt\set\index.html --> ftp.exslt.org /www.exslt.org/public_html/set index.html
102.08.21 17:33 B C:\jakarta-tomcat-3.2.4\webapps\cocoon\exslt\set\refresh.bat --> ftp.exslt.org /www.exslt.org/public_html/set refresh.bat
102.08.21 17:33 B C:\jakarta-tomcat-3.2.4\webapps\cocoon\exslt\set\set.1.html --> ftp.exslt.org /www.exslt.org/public_html/set set.1.html
102.08.21 17:33 B C:\jakarta-tomcat-3.2.4\webapps\cocoon\exslt\set\set.html --> ftp.exslt.org /www.exslt.org/public_html/set set.html
102.08.21 17:33 B C:\jakarta-tomcat-3.2.4\webapps\cocoon\exslt\set\set.package.txt --> ftp.exslt.org /www.exslt.org/public_html/set set.package.txt
102.08.21 17:33 B C:\jakarta-tomcat-3.2.4\webapps\cocoon\exslt\set\set.xml --> ftp.exslt.org /www.exslt.org/public_html/set set.xml
102.08.21 17:33 B C:\jakarta-tomcat-3.2.4\webapps\cocoon\exslt\set\set.xsl --> ftp.exslt.org /www.exslt.org/public_html/set set.xsl
102.08.21 17:33 B C:\jakarta-tomcat-3.2.4\webapps\cocoon\exslt\set\set.zip --> ftp.exslt.org /www.exslt.org/public_html/set set.zip
102.08.21 17:33 B C:\jakarta-tomcat-3.2.4\webapps\cocoon\exslt\set\update.bat --> ftp.exslt.org /www.exslt.org/public_html/set update.bat
102.11.19 14:12 B C:\jakarta-tomcat-3.2.4\webapps\cocoon\exslt\set\base.css --> ftp.exslt.org /www.exslt.org/public_html/set base.css
102.11.19 14:12 B C:\jakarta-tomcat-3.2.4\webapps\cocoon\exslt\set\index.html --> ftp.exslt.org /www.exslt.org/public_html/set index.html
102.11.19 14:12 B C:\jakarta-tomcat-3.2.4\webapps\cocoon\exslt\set\refresh.bat --> ftp.exslt.org /www.exslt.org/public_html/set refresh.bat
102.11.19 14:12 B C:\jakarta-tomcat-3.2.4\webapps\cocoon\exslt\set\set.1.html --> ftp.exslt.org /www.exslt.org/public_html/set set.1.html
102.11.19 14:12 B C:\jakarta-tomcat-3.2.4\webapps\cocoon\exslt\set\set.html --> ftp.exslt.org /www.exslt.org/public_html/set set.html
102.11.19 14:12 B C:\jakarta-tomcat-3.2.4\webapps\cocoon\exslt\set\set.package.txt --> ftp.exslt.org /www.exslt.org/public_html/set set.package.txt
102.11.19 14:12 B C:\jakarta-tomcat-3.2.4\webapps\cocoon\exslt\set\set.xml --> ftp.exslt.org /www.exslt.org/public_html/set set.xml
102.11.19 14:12 B C:\jakarta-tomcat-3.2.4\webapps\cocoon\exslt\set\set.xsl --> ftp.exslt.org /www.exslt.org/public_html/set set.xsl
102.11.19 14:12 B C:\jakarta-tomcat-3.2.4\webapps\cocoon\exslt\set\set.zip --> ftp.exslt.org /www.exslt.org/public_html/set set.zip
102.11.19 14:12 B C:\jakarta-tomcat-3.2.4\webapps\cocoon\exslt\set\update.bat --> ftp.exslt.org /www.exslt.org/public_html/set update.bat
102.12.02 12:33 B C:\jakarta-tomcat-3.2.4\webapps\cocoon\exslt\public_html\set\WS_FTP.LOG <-- ftp.exslt.org /www.exslt.org/public_html/set WS_FTP.LOG
102.12.03 11:15 B C:\jakarta-tomcat-3.2.4\webapps\cocoon\exslt\set\base.css --> ftp.exslt.org /www.exslt.org/public_html/set base.css
102.12.03 11:15 B C:\jakarta-tomcat-3.2.4\webapps\cocoon\exslt\set\index.html --> ftp.exslt.org /www.exslt.org/public_html/set index.html
102.12.03 11:15 B C:\jakarta-tomcat-3.2.4\webapps\cocoon\exslt\set\refresh.bat --> ftp.exslt.org /www.exslt.org/public_html/set refresh.bat
102.12.03 11:15 B C:\jakarta-tomcat-3.2.4\webapps\cocoon\exslt\set\set.1.html --> ftp.exslt.org /www.exslt.org/public_html/set set.1.html
102.12.03 11:15 B C:\jakarta-tomcat-3.2.4\webapps\cocoon\exslt\set\set.html --> ftp.exslt.org /www.exslt.org/public_html/set set.html
102.12.03 11:15 B C:\jakarta-tomcat-3.2.4\webapps\cocoon\exslt\set\set.package.txt --> ftp.exslt.org /www.exslt.org/public_html/set set.package.txt
102.12.03 11:15 B C:\jakarta-tomcat-3.2.4\webapps\cocoon\exslt\set\set.xml --> ftp.exslt.org /www.exslt.org/public_html/set set.xml
102.12.03 11:15 B C:\jakarta-tomcat-3.2.4\webapps\cocoon\exslt\set\set.xsl --> ftp.exslt.org /www.exslt.org/public_html/set set.xsl
102.12.03 11:15 B C:\jakarta-tomcat-3.2.4\webapps\cocoon\exslt\set\set.zip --> ftp.exslt.org /www.exslt.org/public_html/set set.zip
102.12.03 11:15 B C:\jakarta-tomcat-3.2.4\webapps\cocoon\exslt\set\update.bat --> ftp.exslt.org /www.exslt.org/public_html/set update.bat
102.12.03 11:15 B C:\jakarta-tomcat-3.2.4\webapps\cocoon\exslt\set\WS_FTP.LOG --> ftp.exslt.org /www.exslt.org/public_html/set WS_FTP.LOG
102.12.11 11:11 B C:\jakarta-tomcat-3.2.4\webapps\cocoon\exslt\set\base.css --> ftp.exslt.org /www.exslt.org/public_html/set base.css
102.12.11 11:11 B C:\jakarta-tomcat-3.2.4\webapps\cocoon\exslt\set\index.html --> ftp.exslt.org /www.exslt.org/public_html/set index.html
102.12.11 11:11 B C:\jakarta-tomcat-3.2.4\webapps\cocoon\exslt\set\refresh.bat --> ftp.exslt.org /www.exslt.org/public_html/set refresh.bat
102.12.11 11:11 B C:\jakarta-tomcat-3.2.4\webapps\cocoon\exslt\set\set.1.html --> ftp.exslt.org /www.exslt.org/public_html/set set.1.html
102.12.11 11:11 B C:\jakarta-tomcat-3.2.4\webapps\cocoon\exslt\set\set.html --> ftp.exslt.org /www.exslt.org/public_html/set set.html
102.12.11 11:11 B C:\jakarta-tomcat-3.2.4\webapps\cocoon\exslt\set\set.package.txt --> ftp.exslt.org /www.exslt.org/public_html/set set.package.txt
102.12.11 11:11 B C:\jakarta-tomcat-3.2.4\webapps\cocoon\exslt\set\set.xml --> ftp.exslt.org /www.exslt.org/public_html/set set.xml
102.12.11 11:11 B C:\jakarta-tomcat-3.2.4\webapps\cocoon\exslt\set\set.xsl --> ftp.exslt.org /www.exslt.org/public_html/set set.xsl
102.12.11 11:11 B C:\jakarta-tomcat-3.2.4\webapps\cocoon\exslt\set\set.zip --> ftp.exslt.org /www.exslt.org/public_html/set set.zip
102.12.11 11:11 B C:\jakarta-tomcat-3.2.4\webapps\cocoon\exslt\set\update.bat --> ftp.exslt.org /www.exslt.org/public_html/set update.bat
103.09.29 15:59 B C:\jakarta-tomcat-3.2.4\webapps\cocoon\exslt\set\WS_FTP.LOG <-- ftp.exslt.org /www.exslt.org/public_html/set WS_FTP.LOG
103.10.21 13:11 B C:\jakarta-tomcat-3.2.4\webapps\cocoon\exslt\set\base.css --> marian.cs.nott.ac.uk /stud/pg/cds/exslt/set base.css
103.10.21 13:11 B C:\jakarta-tomcat-3.2.4\webapps\cocoon\exslt\set\index.html --> marian.cs.nott.ac.uk /stud/pg/cds/exslt/set index.html
103.10.21 13:11 B C:\jakarta-tomcat-3.2.4\webapps\cocoon\exslt\set\refresh.bat --> marian.cs.nott.ac.uk /stud/pg/cds/exslt/set refresh.bat
103.10.21 13:11 B C:\jakarta-tomcat-3.2.4\webapps\cocoon\exslt\set\set.1.html --> marian.cs.nott.ac.uk /stud/pg/cds/exslt/set set.1.html
103.10.21 13:11 B C:\jakarta-tomcat-3.2.4\webapps\cocoon\exslt\set\set.html --> marian.cs.nott.ac.uk /stud/pg/cds/exslt/set set.html
103.10.21 13:11 B C:\jakarta-tomcat-3.2.4\webapps\cocoon\exslt\set\set.package.txt --> marian.cs.nott.ac.uk /stud/pg/cds/exslt/set set.package.txt
103.10.21 13:11 B C:\jakarta-tomcat-3.2.4\webapps\cocoon\exslt\set\set.xml --> marian.cs.nott.ac.uk /stud/pg/cds/exslt/set set.xml
103.10.21 13:11 B C:\jakarta-tomcat-3.2.4\webapps\cocoon\exslt\set\set.xsl --> marian.cs.nott.ac.uk /stud/pg/cds/exslt/set set.xsl
103.10.21 13:11 B C:\jakarta-tomcat-3.2.4\webapps\cocoon\exslt\set\set.zip --> marian.cs.nott.ac.uk /stud/pg/cds/exslt/set set.zip
103.10.21 13:11 B C:\jakarta-tomcat-3.2.4\webapps\cocoon\exslt\set\update.bat --> marian.cs.nott.ac.uk /stud/pg/cds/exslt/set update.bat
103.10.21 13:11 B C:\jakarta-tomcat-3.2.4\webapps\cocoon\exslt\set\WS_FTP.LOG --> marian.cs.nott.ac.uk /stud/pg/cds/exslt/set WS_FTP.LOG
103.10.24 11:00 B C:\jakarta-tomcat-3.2.4\webapps\cocoon\exslt\set\base.css --> ftp.exslt.org /www.exslt.org/public_html/set base.css
103.10.24 11:00 B C:\jakarta-tomcat-3.2.4\webapps\cocoon\exslt\set\index.html --> ftp.exslt.org /www.exslt.org/public_html/set index.html
103.10.24 11:00 B C:\jakarta-tomcat-3.2.4\webapps\cocoon\exslt\set\refresh.bat --> ftp.exslt.org /www.exslt.org/public_html/set refresh.bat
103.10.24 11:00 B C:\jakarta-tomcat-3.2.4\webapps\cocoon\exslt\set\set.1.html --> ftp.exslt.org /www.exslt.org/public_html/set set.1.html
103.10.24 11:01 B C:\jakarta-tomcat-3.2.4\webapps\cocoon\exslt\set\set.html --> ftp.exslt.org /www.exslt.org/public_html/set set.html
103.10.24 11:01 B C:\jakarta-tomcat-3.2.4\webapps\cocoon\exslt\set\set.package.txt --> ftp.exslt.org /www.exslt.org/public_html/set set.package.txt
103.10.24 11:01 B C:\jakarta-tomcat-3.2.4\webapps\cocoon\exslt\set\set.xml --> ftp.exslt.org /www.exslt.org/public_html/set set.xml
103.10.24 11:01 B C:\jakarta-tomcat-3.2.4\webapps\cocoon\exslt\set\set.xsl --> ftp.exslt.org /www.exslt.org/public_html/set set.xsl
103.10.24 11:01 B C:\jakarta-tomcat-3.2.4\webapps\cocoon\exslt\set\set.zip --> ftp.exslt.org /www.exslt.org/public_html/set set.zip
103.10.24 11:01 B C:\jakarta-tomcat-3.2.4\webapps\cocoon\exslt\set\update.bat --> ftp.exslt.org /www.exslt.org/public_html/set update.bat
