102.12.02 12:34 B C:\jakarta-tomcat-3.2.4\webapps\cocoon\exslt\public_html\submissions\math\math\functions\sin\math.sin.1.xml <-- ftp.exslt.org /www.exslt.org/public_html/submissions/math/math/functions/sin math.sin.1.xml
102.12.02 12:34 B C:\jakarta-tomcat-3.2.4\webapps\cocoon\exslt\public_html\submissions\math\math\functions\sin\math.sin.1.xsl <-- ftp.exslt.org /www.exslt.org/public_html/submissions/math/math/functions/sin math.sin.1.xsl
102.12.02 12:34 B C:\jakarta-tomcat-3.2.4\webapps\cocoon\exslt\public_html\submissions\math\math\functions\sin\math.sin.javascript.submission.xml <-- ftp.exslt.org /www.exslt.org/public_html/submissions/math/math/functions/sin math.sin.javascript.submission.xml
102.12.02 12:34 B C:\jakarta-tomcat-3.2.4\webapps\cocoon\exslt\public_html\submissions\math\math\functions\sin\math.sin.js <-- ftp.exslt.org /www.exslt.org/public_html/submissions/math/math/functions/sin math.sin.js
102.12.02 12:34 B C:\jakarta-tomcat-3.2.4\webapps\cocoon\exslt\public_html\submissions\math\math\functions\sin\math.sin.msxslt.submission.xml <-- ftp.exslt.org /www.exslt.org/public_html/submissions/math/math/functions/sin math.sin.msxslt.submission.xml
102.12.02 12:34 B C:\jakarta-tomcat-3.2.4\webapps\cocoon\exslt\public_html\submissions\math\math\functions\sin\math.sin.msxslt.xsl <-- ftp.exslt.org /www.exslt.org/public_html/submissions/math/math/functions/sin math.sin.msxslt.xsl
102.12.02 12:34 B C:\jakarta-tomcat-3.2.4\webapps\cocoon\exslt\public_html\submissions\math\math\functions\sin\math.sin.submission.xml <-- ftp.exslt.org /www.exslt.org/public_html/submissions/math/math/functions/sin math.sin.submission.xml
102.12.02 12:34 B C:\jakarta-tomcat-3.2.4\webapps\cocoon\exslt\public_html\submissions\math\math\functions\sin\math.sin.xsl <-- ftp.exslt.org /www.exslt.org/public_html/submissions/math/math/functions/sin math.sin.xsl
102.12.03 11:16 B C:\jakarta-tomcat-3.2.4\webapps\cocoon\exslt\submissions\math\math\functions\sin\math.sin.1.xml --> ftp.exslt.org /www.exslt.org/public_html/submissions/math/math/functions/sin math.sin.1.xml
102.12.03 11:16 B C:\jakarta-tomcat-3.2.4\webapps\cocoon\exslt\submissions\math\math\functions\sin\math.sin.1.xsl --> ftp.exslt.org /www.exslt.org/public_html/submissions/math/math/functions/sin math.sin.1.xsl
102.12.03 11:16 B C:\jakarta-tomcat-3.2.4\webapps\cocoon\exslt\submissions\math\math\functions\sin\math.sin.javascript.submission.xml --> ftp.exslt.org /www.exslt.org/public_html/submissions/math/math/functions/sin math.sin.javascript.submission.xml
102.12.03 11:16 B C:\jakarta-tomcat-3.2.4\webapps\cocoon\exslt\submissions\math\math\functions\sin\math.sin.js --> ftp.exslt.org /www.exslt.org/public_html/submissions/math/math/functions/sin math.sin.js
102.12.03 11:16 B C:\jakarta-tomcat-3.2.4\webapps\cocoon\exslt\submissions\math\math\functions\sin\math.sin.msxslt.submission.xml --> ftp.exslt.org /www.exslt.org/public_html/submissions/math/math/functions/sin math.sin.msxslt.submission.xml
102.12.03 11:16 B C:\jakarta-tomcat-3.2.4\webapps\cocoon\exslt\submissions\math\math\functions\sin\math.sin.msxslt.xsl --> ftp.exslt.org /www.exslt.org/public_html/submissions/math/math/functions/sin math.sin.msxslt.xsl
102.12.03 11:16 B C:\jakarta-tomcat-3.2.4\webapps\cocoon\exslt\submissions\math\math\functions\sin\math.sin.submission.xml --> ftp.exslt.org /www.exslt.org/public_html/submissions/math/math/functions/sin math.sin.submission.xml
102.12.03 11:16 B C:\jakarta-tomcat-3.2.4\webapps\cocoon\exslt\submissions\math\math\functions\sin\math.sin.xsl --> ftp.exslt.org /www.exslt.org/public_html/submissions/math/math/functions/sin math.sin.xsl
102.12.03 11:16 B C:\jakarta-tomcat-3.2.4\webapps\cocoon\exslt\submissions\math\math\functions\sin\WS_FTP.LOG --> ftp.exslt.org /www.exslt.org/public_html/submissions/math/math/functions/sin WS_FTP.LOG
102.12.11 11:14 B C:\jakarta-tomcat-3.2.4\webapps\cocoon\exslt\submissions\math\math\functions\sin\math.sin.1.xml --> ftp.exslt.org /www.exslt.org/public_html/submissions/math/math/functions/sin math.sin.1.xml
102.12.11 11:14 B C:\jakarta-tomcat-3.2.4\webapps\cocoon\exslt\submissions\math\math\functions\sin\math.sin.1.xsl --> ftp.exslt.org /www.exslt.org/public_html/submissions/math/math/functions/sin math.sin.1.xsl
102.12.11 11:14 B C:\jakarta-tomcat-3.2.4\webapps\cocoon\exslt\submissions\math\math\functions\sin\math.sin.javascript.submission.xml --> ftp.exslt.org /www.exslt.org/public_html/submissions/math/math/functions/sin math.sin.javascript.submission.xml
102.12.11 11:14 B C:\jakarta-tomcat-3.2.4\webapps\cocoon\exslt\submissions\math\math\functions\sin\math.sin.js --> ftp.exslt.org /www.exslt.org/public_html/submissions/math/math/functions/sin math.sin.js
102.12.11 11:14 B C:\jakarta-tomcat-3.2.4\webapps\cocoon\exslt\submissions\math\math\functions\sin\math.sin.msxslt.submission.xml --> ftp.exslt.org /www.exslt.org/public_html/submissions/math/math/functions/sin math.sin.msxslt.submission.xml
102.12.11 11:14 B C:\jakarta-tomcat-3.2.4\webapps\cocoon\exslt\submissions\math\math\functions\sin\math.sin.msxslt.xsl --> ftp.exslt.org /www.exslt.org/public_html/submissions/math/math/functions/sin math.sin.msxslt.xsl
102.12.11 11:14 B C:\jakarta-tomcat-3.2.4\webapps\cocoon\exslt\submissions\math\math\functions\sin\math.sin.submission.xml --> ftp.exslt.org /www.exslt.org/public_html/submissions/math/math/functions/sin math.sin.submission.xml
102.12.11 11:14 B C:\jakarta-tomcat-3.2.4\webapps\cocoon\exslt\submissions\math\math\functions\sin\math.sin.xsl --> ftp.exslt.org /www.exslt.org/public_html/submissions/math/math/functions/sin math.sin.xsl
