102.12.02 12:34 B C:\jakarta-tomcat-3.2.4\webapps\cocoon\exslt\public_html\submissions\math\math\functions\cos\math.cos.1.xml <-- ftp.exslt.org /www.exslt.org/public_html/submissions/math/math/functions/cos math.cos.1.xml
102.12.02 12:34 B C:\jakarta-tomcat-3.2.4\webapps\cocoon\exslt\public_html\submissions\math\math\functions\cos\math.cos.1.xsl <-- ftp.exslt.org /www.exslt.org/public_html/submissions/math/math/functions/cos math.cos.1.xsl
102.12.02 12:34 B C:\jakarta-tomcat-3.2.4\webapps\cocoon\exslt\public_html\submissions\math\math\functions\cos\math.cos.javascript.submission.xml <-- ftp.exslt.org /www.exslt.org/public_html/submissions/math/math/functions/cos math.cos.javascript.submission.xml
102.12.02 12:34 B C:\jakarta-tomcat-3.2.4\webapps\cocoon\exslt\public_html\submissions\math\math\functions\cos\math.cos.js <-- ftp.exslt.org /www.exslt.org/public_html/submissions/math/math/functions/cos math.cos.js
102.12.02 12:34 B C:\jakarta-tomcat-3.2.4\webapps\cocoon\exslt\public_html\submissions\math\math\functions\cos\math.cos.msxslt.submission.xml <-- ftp.exslt.org /www.exslt.org/public_html/submissions/math/math/functions/cos math.cos.msxslt.submission.xml
102.12.02 12:34 B C:\jakarta-tomcat-3.2.4\webapps\cocoon\exslt\public_html\submissions\math\math\functions\cos\math.cos.msxslt.xsl <-- ftp.exslt.org /www.exslt.org/public_html/submissions/math/math/functions/cos math.cos.msxslt.xsl
102.12.02 12:34 B C:\jakarta-tomcat-3.2.4\webapps\cocoon\exslt\public_html\submissions\math\math\functions\cos\math.cos.submission.xml <-- ftp.exslt.org /www.exslt.org/public_html/submissions/math/math/functions/cos math.cos.submission.xml
102.12.02 12:34 B C:\jakarta-tomcat-3.2.4\webapps\cocoon\exslt\public_html\submissions\math\math\functions\cos\math.cos.xsl <-- ftp.exslt.org /www.exslt.org/public_html/submissions/math/math/functions/cos math.cos.xsl
102.12.03 11:16 B C:\jakarta-tomcat-3.2.4\webapps\cocoon\exslt\submissions\math\math\functions\cos\math.cos.1.xml --> ftp.exslt.org /www.exslt.org/public_html/submissions/math/math/functions/cos math.cos.1.xml
102.12.03 11:16 B C:\jakarta-tomcat-3.2.4\webapps\cocoon\exslt\submissions\math\math\functions\cos\math.cos.1.xsl --> ftp.exslt.org /www.exslt.org/public_html/submissions/math/math/functions/cos math.cos.1.xsl
102.12.03 11:16 B C:\jakarta-tomcat-3.2.4\webapps\cocoon\exslt\submissions\math\math\functions\cos\math.cos.javascript.submission.xml --> ftp.exslt.org /www.exslt.org/public_html/submissions/math/math/functions/cos math.cos.javascript.submission.xml
102.12.03 11:16 B C:\jakarta-tomcat-3.2.4\webapps\cocoon\exslt\submissions\math\math\functions\cos\math.cos.js --> ftp.exslt.org /www.exslt.org/public_html/submissions/math/math/functions/cos math.cos.js
102.12.03 11:16 B C:\jakarta-tomcat-3.2.4\webapps\cocoon\exslt\submissions\math\math\functions\cos\math.cos.msxslt.submission.xml --> ftp.exslt.org /www.exslt.org/public_html/submissions/math/math/functions/cos math.cos.msxslt.submission.xml
102.12.03 11:16 B C:\jakarta-tomcat-3.2.4\webapps\cocoon\exslt\submissions\math\math\functions\cos\math.cos.msxslt.xsl --> ftp.exslt.org /www.exslt.org/public_html/submissions/math/math/functions/cos math.cos.msxslt.xsl
102.12.03 11:16 B C:\jakarta-tomcat-3.2.4\webapps\cocoon\exslt\submissions\math\math\functions\cos\math.cos.submission.xml --> ftp.exslt.org /www.exslt.org/public_html/submissions/math/math/functions/cos math.cos.submission.xml
102.12.03 11:16 B C:\jakarta-tomcat-3.2.4\webapps\cocoon\exslt\submissions\math\math\functions\cos\math.cos.xsl --> ftp.exslt.org /www.exslt.org/public_html/submissions/math/math/functions/cos math.cos.xsl
102.12.03 11:16 B C:\jakarta-tomcat-3.2.4\webapps\cocoon\exslt\submissions\math\math\functions\cos\WS_FTP.LOG --> ftp.exslt.org /www.exslt.org/public_html/submissions/math/math/functions/cos WS_FTP.LOG
102.12.11 11:14 B C:\jakarta-tomcat-3.2.4\webapps\cocoon\exslt\submissions\math\math\functions\cos\math.cos.1.xml --> ftp.exslt.org /www.exslt.org/public_html/submissions/math/math/functions/cos math.cos.1.xml
102.12.11 11:14 B C:\jakarta-tomcat-3.2.4\webapps\cocoon\exslt\submissions\math\math\functions\cos\math.cos.1.xsl --> ftp.exslt.org /www.exslt.org/public_html/submissions/math/math/functions/cos math.cos.1.xsl
102.12.11 11:14 B C:\jakarta-tomcat-3.2.4\webapps\cocoon\exslt\submissions\math\math\functions\cos\math.cos.javascript.submission.xml --> ftp.exslt.org /www.exslt.org/public_html/submissions/math/math/functions/cos math.cos.javascript.submission.xml
102.12.11 11:14 B C:\jakarta-tomcat-3.2.4\webapps\cocoon\exslt\submissions\math\math\functions\cos\math.cos.js --> ftp.exslt.org /www.exslt.org/public_html/submissions/math/math/functions/cos math.cos.js
102.12.11 11:14 B C:\jakarta-tomcat-3.2.4\webapps\cocoon\exslt\submissions\math\math\functions\cos\math.cos.msxslt.submission.xml --> ftp.exslt.org /www.exslt.org/public_html/submissions/math/math/functions/cos math.cos.msxslt.submission.xml
102.12.11 11:14 B C:\jakarta-tomcat-3.2.4\webapps\cocoon\exslt\submissions\math\math\functions\cos\math.cos.msxslt.xsl --> ftp.exslt.org /www.exslt.org/public_html/submissions/math/math/functions/cos math.cos.msxslt.xsl
102.12.11 11:14 B C:\jakarta-tomcat-3.2.4\webapps\cocoon\exslt\submissions\math\math\functions\cos\math.cos.submission.xml --> ftp.exslt.org /www.exslt.org/public_html/submissions/math/math/functions/cos math.cos.submission.xml
102.12.11 11:14 B C:\jakarta-tomcat-3.2.4\webapps\cocoon\exslt\submissions\math\math\functions\cos\math.cos.xsl --> ftp.exslt.org /www.exslt.org/public_html/submissions/math/math/functions/cos math.cos.xsl
