102.08.21 17:33 B C:\jakarta-tomcat-3.2.4\webapps\cocoon\exslt\str\functions\decode-uri\base.css --> ftp.exslt.org /www.exslt.org/public_html/str/functions/decode-uri base.css
102.08.21 17:33 B C:\jakarta-tomcat-3.2.4\webapps\cocoon\exslt\str\functions\decode-uri\index.html --> ftp.exslt.org /www.exslt.org/public_html/str/functions/decode-uri index.html
102.08.21 17:33 B C:\jakarta-tomcat-3.2.4\webapps\cocoon\exslt\str\functions\decode-uri\refresh.bat --> ftp.exslt.org /www.exslt.org/public_html/str/functions/decode-uri refresh.bat
102.08.21 17:33 B C:\jakarta-tomcat-3.2.4\webapps\cocoon\exslt\str\functions\decode-uri\str.decode-uri.1.html --> ftp.exslt.org /www.exslt.org/public_html/str/functions/decode-uri str.decode-uri.1.html
102.08.21 17:33 B C:\jakarta-tomcat-3.2.4\webapps\cocoon\exslt\str\functions\decode-uri\str.decode-uri.html --> ftp.exslt.org /www.exslt.org/public_html/str/functions/decode-uri str.decode-uri.html
102.08.21 17:33 B C:\jakarta-tomcat-3.2.4\webapps\cocoon\exslt\str\functions\decode-uri\str.decode-uri.js --> ftp.exslt.org /www.exslt.org/public_html/str/functions/decode-uri str.decode-uri.js
102.08.21 17:33 B C:\jakarta-tomcat-3.2.4\webapps\cocoon\exslt\str\functions\decode-uri\str.decode-uri.js.html --> ftp.exslt.org /www.exslt.org/public_html/str/functions/decode-uri str.decode-uri.js.html
102.08.21 17:33 B C:\jakarta-tomcat-3.2.4\webapps\cocoon\exslt\str\functions\decode-uri\str.decode-uri.msxsl.xsl --> ftp.exslt.org /www.exslt.org/public_html/str/functions/decode-uri str.decode-uri.msxsl.xsl
102.08.21 17:33 B C:\jakarta-tomcat-3.2.4\webapps\cocoon\exslt\str\functions\decode-uri\str.decode-uri.msxsl.xsl.html --> ftp.exslt.org /www.exslt.org/public_html/str/functions/decode-uri str.decode-uri.msxsl.xsl.html
102.08.21 17:33 B C:\jakarta-tomcat-3.2.4\webapps\cocoon\exslt\str\functions\decode-uri\str.decode-uri.package.txt --> ftp.exslt.org /www.exslt.org/public_html/str/functions/decode-uri str.decode-uri.package.txt
102.08.21 17:33 B C:\jakarta-tomcat-3.2.4\webapps\cocoon\exslt\str\functions\decode-uri\str.decode-uri.use-cases.txt --> ftp.exslt.org /www.exslt.org/public_html/str/functions/decode-uri str.decode-uri.use-cases.txt
102.08.21 17:33 B C:\jakarta-tomcat-3.2.4\webapps\cocoon\exslt\str\functions\decode-uri\str.decode-uri.use-cases.zip --> ftp.exslt.org /www.exslt.org/public_html/str/functions/decode-uri str.decode-uri.use-cases.zip
102.08.21 17:33 B C:\jakarta-tomcat-3.2.4\webapps\cocoon\exslt\str\functions\decode-uri\str.decode-uri.xml --> ftp.exslt.org /www.exslt.org/public_html/str/functions/decode-uri str.decode-uri.xml
102.08.21 17:33 B C:\jakarta-tomcat-3.2.4\webapps\cocoon\exslt\str\functions\decode-uri\str.decode-uri.xsl --> ftp.exslt.org /www.exslt.org/public_html/str/functions/decode-uri str.decode-uri.xsl
102.08.21 17:33 B C:\jakarta-tomcat-3.2.4\webapps\cocoon\exslt\str\functions\decode-uri\str.decode-uri.zip --> ftp.exslt.org /www.exslt.org/public_html/str/functions/decode-uri str.decode-uri.zip
102.08.21 17:33 B C:\jakarta-tomcat-3.2.4\webapps\cocoon\exslt\str\functions\decode-uri\update.bat --> ftp.exslt.org /www.exslt.org/public_html/str/functions/decode-uri update.bat
102.11.19 14:12 B C:\jakarta-tomcat-3.2.4\webapps\cocoon\exslt\str\functions\decode-uri\base.css --> ftp.exslt.org /www.exslt.org/public_html/str/functions/decode-uri base.css
102.11.19 14:12 B C:\jakarta-tomcat-3.2.4\webapps\cocoon\exslt\str\functions\decode-uri\index.html --> ftp.exslt.org /www.exslt.org/public_html/str/functions/decode-uri index.html
102.11.19 14:12 B C:\jakarta-tomcat-3.2.4\webapps\cocoon\exslt\str\functions\decode-uri\refresh.bat --> ftp.exslt.org /www.exslt.org/public_html/str/functions/decode-uri refresh.bat
102.11.19 14:12 B C:\jakarta-tomcat-3.2.4\webapps\cocoon\exslt\str\functions\decode-uri\str.decode-uri.1.html --> ftp.exslt.org /www.exslt.org/public_html/str/functions/decode-uri str.decode-uri.1.html
102.11.19 14:12 B C:\jakarta-tomcat-3.2.4\webapps\cocoon\exslt\str\functions\decode-uri\str.decode-uri.html --> ftp.exslt.org /www.exslt.org/public_html/str/functions/decode-uri str.decode-uri.html
102.11.19 14:12 B C:\jakarta-tomcat-3.2.4\webapps\cocoon\exslt\str\functions\decode-uri\str.decode-uri.js --> ftp.exslt.org /www.exslt.org/public_html/str/functions/decode-uri str.decode-uri.js
102.11.19 14:12 B C:\jakarta-tomcat-3.2.4\webapps\cocoon\exslt\str\functions\decode-uri\str.decode-uri.js.html --> ftp.exslt.org /www.exslt.org/public_html/str/functions/decode-uri str.decode-uri.js.html
102.11.19 14:12 B C:\jakarta-tomcat-3.2.4\webapps\cocoon\exslt\str\functions\decode-uri\str.decode-uri.msxsl.xsl --> ftp.exslt.org /www.exslt.org/public_html/str/functions/decode-uri str.decode-uri.msxsl.xsl
102.11.19 14:12 B C:\jakarta-tomcat-3.2.4\webapps\cocoon\exslt\str\functions\decode-uri\str.decode-uri.msxsl.xsl.html --> ftp.exslt.org /www.exslt.org/public_html/str/functions/decode-uri str.decode-uri.msxsl.xsl.html
102.11.19 14:12 B C:\jakarta-tomcat-3.2.4\webapps\cocoon\exslt\str\functions\decode-uri\str.decode-uri.package.txt --> ftp.exslt.org /www.exslt.org/public_html/str/functions/decode-uri str.decode-uri.package.txt
102.11.19 14:12 B C:\jakarta-tomcat-3.2.4\webapps\cocoon\exslt\str\functions\decode-uri\str.decode-uri.use-cases.txt --> ftp.exslt.org /www.exslt.org/public_html/str/functions/decode-uri str.decode-uri.use-cases.txt
102.11.19 14:12 B C:\jakarta-tomcat-3.2.4\webapps\cocoon\exslt\str\functions\decode-uri\str.decode-uri.use-cases.zip --> ftp.exslt.org /www.exslt.org/public_html/str/functions/decode-uri str.decode-uri.use-cases.zip
102.11.19 14:12 B C:\jakarta-tomcat-3.2.4\webapps\cocoon\exslt\str\functions\decode-uri\str.decode-uri.xml --> ftp.exslt.org /www.exslt.org/public_html/str/functions/decode-uri str.decode-uri.xml
102.11.19 14:12 B C:\jakarta-tomcat-3.2.4\webapps\cocoon\exslt\str\functions\decode-uri\str.decode-uri.xsl --> ftp.exslt.org /www.exslt.org/public_html/str/functions/decode-uri str.decode-uri.xsl
102.11.19 14:12 B C:\jakarta-tomcat-3.2.4\webapps\cocoon\exslt\str\functions\decode-uri\str.decode-uri.zip --> ftp.exslt.org /www.exslt.org/public_html/str/functions/decode-uri str.decode-uri.zip
102.11.19 14:12 B C:\jakarta-tomcat-3.2.4\webapps\cocoon\exslt\str\functions\decode-uri\update.bat --> ftp.exslt.org /www.exslt.org/public_html/str/functions/decode-uri update.bat
102.12.02 12:34 B C:\jakarta-tomcat-3.2.4\webapps\cocoon\exslt\public_html\str\functions\decode-uri\WS_FTP.LOG <-- ftp.exslt.org /www.exslt.org/public_html/str/functions/decode-uri WS_FTP.LOG
102.12.03 11:15 B C:\jakarta-tomcat-3.2.4\webapps\cocoon\exslt\str\functions\decode-uri\base.css --> ftp.exslt.org /www.exslt.org/public_html/str/functions/decode-uri base.css
102.12.03 11:15 B C:\jakarta-tomcat-3.2.4\webapps\cocoon\exslt\str\functions\decode-uri\index.html --> ftp.exslt.org /www.exslt.org/public_html/str/functions/decode-uri index.html
102.12.03 11:15 B C:\jakarta-tomcat-3.2.4\webapps\cocoon\exslt\str\functions\decode-uri\refresh.bat --> ftp.exslt.org /www.exslt.org/public_html/str/functions/decode-uri refresh.bat
102.12.03 11:15 B C:\jakarta-tomcat-3.2.4\webapps\cocoon\exslt\str\functions\decode-uri\str.decode-uri.1.html --> ftp.exslt.org /www.exslt.org/public_html/str/functions/decode-uri str.decode-uri.1.html
102.12.03 11:15 B C:\jakarta-tomcat-3.2.4\webapps\cocoon\exslt\str\functions\decode-uri\str.decode-uri.1.xml --> ftp.exslt.org /www.exslt.org/public_html/str/functions/decode-uri str.decode-uri.1.xml
102.12.03 11:15 B C:\jakarta-tomcat-3.2.4\webapps\cocoon\exslt\str\functions\decode-uri\str.decode-uri.2.html --> ftp.exslt.org /www.exslt.org/public_html/str/functions/decode-uri str.decode-uri.2.html
102.12.03 11:15 B C:\jakarta-tomcat-3.2.4\webapps\cocoon\exslt\str\functions\decode-uri\str.decode-uri.html --> ftp.exslt.org /www.exslt.org/public_html/str/functions/decode-uri str.decode-uri.html
102.12.03 11:15 B C:\jakarta-tomcat-3.2.4\webapps\cocoon\exslt\str\functions\decode-uri\str.decode-uri.js --> ftp.exslt.org /www.exslt.org/public_html/str/functions/decode-uri str.decode-uri.js
102.12.03 11:15 B C:\jakarta-tomcat-3.2.4\webapps\cocoon\exslt\str\functions\decode-uri\str.decode-uri.js.html --> ftp.exslt.org /www.exslt.org/public_html/str/functions/decode-uri str.decode-uri.js.html
102.12.03 11:15 B C:\jakarta-tomcat-3.2.4\webapps\cocoon\exslt\str\functions\decode-uri\str.decode-uri.msxsl.xsl --> ftp.exslt.org /www.exslt.org/public_html/str/functions/decode-uri str.decode-uri.msxsl.xsl
102.12.03 11:15 B C:\jakarta-tomcat-3.2.4\webapps\cocoon\exslt\str\functions\decode-uri\str.decode-uri.msxsl.xsl.html --> ftp.exslt.org /www.exslt.org/public_html/str/functions/decode-uri str.decode-uri.msxsl.xsl.html
102.12.03 11:15 B C:\jakarta-tomcat-3.2.4\webapps\cocoon\exslt\str\functions\decode-uri\str.decode-uri.package.txt --> ftp.exslt.org /www.exslt.org/public_html/str/functions/decode-uri str.decode-uri.package.txt
102.12.03 11:15 B C:\jakarta-tomcat-3.2.4\webapps\cocoon\exslt\str\functions\decode-uri\str.decode-uri.use-cases.txt --> ftp.exslt.org /www.exslt.org/public_html/str/functions/decode-uri str.decode-uri.use-cases.txt
102.12.03 11:15 B C:\jakarta-tomcat-3.2.4\webapps\cocoon\exslt\str\functions\decode-uri\str.decode-uri.use-cases.zip --> ftp.exslt.org /www.exslt.org/public_html/str/functions/decode-uri str.decode-uri.use-cases.zip
102.12.03 11:15 B C:\jakarta-tomcat-3.2.4\webapps\cocoon\exslt\str\functions\decode-uri\str.decode-uri.xml --> ftp.exslt.org /www.exslt.org/public_html/str/functions/decode-uri str.decode-uri.xml
102.12.03 11:15 B C:\jakarta-tomcat-3.2.4\webapps\cocoon\exslt\str\functions\decode-uri\str.decode-uri.xsl --> ftp.exslt.org /www.exslt.org/public_html/str/functions/decode-uri str.decode-uri.xsl
102.12.03 11:15 B C:\jakarta-tomcat-3.2.4\webapps\cocoon\exslt\str\functions\decode-uri\str.decode-uri.zip --> ftp.exslt.org /www.exslt.org/public_html/str/functions/decode-uri str.decode-uri.zip
102.12.03 11:15 B C:\jakarta-tomcat-3.2.4\webapps\cocoon\exslt\str\functions\decode-uri\update.bat --> ftp.exslt.org /www.exslt.org/public_html/str/functions/decode-uri update.bat
103.09.29 16:01 B C:\jakarta-tomcat-3.2.4\webapps\cocoon\exslt\str\functions\decode-uri\WS_FTP.LOG <-- ftp.exslt.org /www.exslt.org/public_html/str/functions/decode-uri WS_FTP.LOG
103.10.21 13:11 B C:\jakarta-tomcat-3.2.4\webapps\cocoon\exslt\str\functions\decode-uri\base.css --> marian.cs.nott.ac.uk /stud/pg/cds/exslt/str/functions/decode-uri base.css
103.10.21 13:11 B C:\jakarta-tomcat-3.2.4\webapps\cocoon\exslt\str\functions\decode-uri\index.html --> marian.cs.nott.ac.uk /stud/pg/cds/exslt/str/functions/decode-uri index.html
103.10.21 13:11 B C:\jakarta-tomcat-3.2.4\webapps\cocoon\exslt\str\functions\decode-uri\refresh.bat --> marian.cs.nott.ac.uk /stud/pg/cds/exslt/str/functions/decode-uri refresh.bat
103.10.21 13:11 B C:\jakarta-tomcat-3.2.4\webapps\cocoon\exslt\str\functions\decode-uri\str.decode-uri.1.html --> marian.cs.nott.ac.uk /stud/pg/cds/exslt/str/functions/decode-uri str.decode-uri.1.html
103.10.21 13:11 B C:\jakarta-tomcat-3.2.4\webapps\cocoon\exslt\str\functions\decode-uri\str.decode-uri.1.xml --> marian.cs.nott.ac.uk /stud/pg/cds/exslt/str/functions/decode-uri str.decode-uri.1.xml
103.10.21 13:11 B C:\jakarta-tomcat-3.2.4\webapps\cocoon\exslt\str\functions\decode-uri\str.decode-uri.2.html --> marian.cs.nott.ac.uk /stud/pg/cds/exslt/str/functions/decode-uri str.decode-uri.2.html
103.10.21 13:11 B C:\jakarta-tomcat-3.2.4\webapps\cocoon\exslt\str\functions\decode-uri\str.decode-uri.html --> marian.cs.nott.ac.uk /stud/pg/cds/exslt/str/functions/decode-uri str.decode-uri.html
103.10.21 13:11 B C:\jakarta-tomcat-3.2.4\webapps\cocoon\exslt\str\functions\decode-uri\str.decode-uri.js --> marian.cs.nott.ac.uk /stud/pg/cds/exslt/str/functions/decode-uri str.decode-uri.js
103.10.21 13:11 B C:\jakarta-tomcat-3.2.4\webapps\cocoon\exslt\str\functions\decode-uri\str.decode-uri.js.html --> marian.cs.nott.ac.uk /stud/pg/cds/exslt/str/functions/decode-uri str.decode-uri.js.html
103.10.21 13:11 B C:\jakarta-tomcat-3.2.4\webapps\cocoon\exslt\str\functions\decode-uri\str.decode-uri.msxsl.xsl --> marian.cs.nott.ac.uk /stud/pg/cds/exslt/str/functions/decode-uri str.decode-uri.msxsl.xsl
103.10.21 13:11 B C:\jakarta-tomcat-3.2.4\webapps\cocoon\exslt\str\functions\decode-uri\str.decode-uri.msxsl.xsl.html --> marian.cs.nott.ac.uk /stud/pg/cds/exslt/str/functions/decode-uri str.decode-uri.msxsl.xsl.html
103.10.21 13:11 B C:\jakarta-tomcat-3.2.4\webapps\cocoon\exslt\str\functions\decode-uri\str.decode-uri.package.txt --> marian.cs.nott.ac.uk /stud/pg/cds/exslt/str/functions/decode-uri str.decode-uri.package.txt
103.10.21 13:11 B C:\jakarta-tomcat-3.2.4\webapps\cocoon\exslt\str\functions\decode-uri\str.decode-uri.use-cases.txt --> marian.cs.nott.ac.uk /stud/pg/cds/exslt/str/functions/decode-uri str.decode-uri.use-cases.txt
103.10.21 13:11 B C:\jakarta-tomcat-3.2.4\webapps\cocoon\exslt\str\functions\decode-uri\str.decode-uri.use-cases.zip --> marian.cs.nott.ac.uk /stud/pg/cds/exslt/str/functions/decode-uri str.decode-uri.use-cases.zip
103.10.21 13:11 B C:\jakarta-tomcat-3.2.4\webapps\cocoon\exslt\str\functions\decode-uri\str.decode-uri.xml --> marian.cs.nott.ac.uk /stud/pg/cds/exslt/str/functions/decode-uri str.decode-uri.xml
103.10.21 13:11 B C:\jakarta-tomcat-3.2.4\webapps\cocoon\exslt\str\functions\decode-uri\str.decode-uri.xsl --> marian.cs.nott.ac.uk /stud/pg/cds/exslt/str/functions/decode-uri str.decode-uri.xsl
103.10.21 13:11 B C:\jakarta-tomcat-3.2.4\webapps\cocoon\exslt\str\functions\decode-uri\str.decode-uri.zip --> marian.cs.nott.ac.uk /stud/pg/cds/exslt/str/functions/decode-uri str.decode-uri.zip
103.10.21 13:11 B C:\jakarta-tomcat-3.2.4\webapps\cocoon\exslt\str\functions\decode-uri\update.bat --> marian.cs.nott.ac.uk /stud/pg/cds/exslt/str/functions/decode-uri update.bat
103.10.21 13:11 B C:\jakarta-tomcat-3.2.4\webapps\cocoon\exslt\str\functions\decode-uri\WS_FTP.LOG --> marian.cs.nott.ac.uk /stud/pg/cds/exslt/str/functions/decode-uri WS_FTP.LOG
103.10.24 11:10 B C:\jakarta-tomcat-3.2.4\webapps\cocoon\exslt\str\functions\decode-uri\base.css --> ftp.exslt.org /www.exslt.org/public_html/str/functions/decode-uri base.css
103.10.24 11:10 B C:\jakarta-tomcat-3.2.4\webapps\cocoon\exslt\str\functions\decode-uri\index.html --> ftp.exslt.org /www.exslt.org/public_html/str/functions/decode-uri index.html
103.10.24 11:10 B C:\jakarta-tomcat-3.2.4\webapps\cocoon\exslt\str\functions\decode-uri\refresh.bat --> ftp.exslt.org /www.exslt.org/public_html/str/functions/decode-uri refresh.bat
103.10.24 11:10 B C:\jakarta-tomcat-3.2.4\webapps\cocoon\exslt\str\functions\decode-uri\str.decode-uri.1.html --> ftp.exslt.org /www.exslt.org/public_html/str/functions/decode-uri str.decode-uri.1.html
103.10.24 11:10 B C:\jakarta-tomcat-3.2.4\webapps\cocoon\exslt\str\functions\decode-uri\str.decode-uri.1.xml --> ftp.exslt.org /www.exslt.org/public_html/str/functions/decode-uri str.decode-uri.1.xml
103.10.24 11:10 B C:\jakarta-tomcat-3.2.4\webapps\cocoon\exslt\str\functions\decode-uri\str.decode-uri.2.html --> ftp.exslt.org /www.exslt.org/public_html/str/functions/decode-uri str.decode-uri.2.html
103.10.24 11:10 B C:\jakarta-tomcat-3.2.4\webapps\cocoon\exslt\str\functions\decode-uri\str.decode-uri.html --> ftp.exslt.org /www.exslt.org/public_html/str/functions/decode-uri str.decode-uri.html
103.10.24 11:10 B C:\jakarta-tomcat-3.2.4\webapps\cocoon\exslt\str\functions\decode-uri\str.decode-uri.js --> ftp.exslt.org /www.exslt.org/public_html/str/functions/decode-uri str.decode-uri.js
103.10.24 11:10 B C:\jakarta-tomcat-3.2.4\webapps\cocoon\exslt\str\functions\decode-uri\str.decode-uri.js.html --> ftp.exslt.org /www.exslt.org/public_html/str/functions/decode-uri str.decode-uri.js.html
103.10.24 11:10 B C:\jakarta-tomcat-3.2.4\webapps\cocoon\exslt\str\functions\decode-uri\str.decode-uri.msxsl.xsl --> ftp.exslt.org /www.exslt.org/public_html/str/functions/decode-uri str.decode-uri.msxsl.xsl
103.10.24 11:10 B C:\jakarta-tomcat-3.2.4\webapps\cocoon\exslt\str\functions\decode-uri\str.decode-uri.msxsl.xsl.html --> ftp.exslt.org /www.exslt.org/public_html/str/functions/decode-uri str.decode-uri.msxsl.xsl.html
103.10.24 11:10 B C:\jakarta-tomcat-3.2.4\webapps\cocoon\exslt\str\functions\decode-uri\str.decode-uri.package.txt --> ftp.exslt.org /www.exslt.org/public_html/str/functions/decode-uri str.decode-uri.package.txt
103.10.24 11:10 B C:\jakarta-tomcat-3.2.4\webapps\cocoon\exslt\str\functions\decode-uri\str.decode-uri.use-cases.txt --> ftp.exslt.org /www.exslt.org/public_html/str/functions/decode-uri str.decode-uri.use-cases.txt
103.10.24 11:10 B C:\jakarta-tomcat-3.2.4\webapps\cocoon\exslt\str\functions\decode-uri\str.decode-uri.use-cases.zip --> ftp.exslt.org /www.exslt.org/public_html/str/functions/decode-uri str.decode-uri.use-cases.zip
103.10.24 11:10 B C:\jakarta-tomcat-3.2.4\webapps\cocoon\exslt\str\functions\decode-uri\str.decode-uri.xml --> ftp.exslt.org /www.exslt.org/public_html/str/functions/decode-uri str.decode-uri.xml
103.10.24 11:10 B C:\jakarta-tomcat-3.2.4\webapps\cocoon\exslt\str\functions\decode-uri\str.decode-uri.xsl --> ftp.exslt.org /www.exslt.org/public_html/str/functions/decode-uri str.decode-uri.xsl
103.10.24 11:10 B C:\jakarta-tomcat-3.2.4\webapps\cocoon\exslt\str\functions\decode-uri\str.decode-uri.zip --> ftp.exslt.org /www.exslt.org/public_html/str/functions/decode-uri str.decode-uri.zip
103.10.24 11:10 B C:\jakarta-tomcat-3.2.4\webapps\cocoon\exslt\str\functions\decode-uri\update.bat --> ftp.exslt.org /www.exslt.org/public_html/str/functions/decode-uri update.bat
