102.08.21 17:33 B C:\jakarta-tomcat-3.2.4\webapps\cocoon\exslt\set\functions\leading\base.css --> ftp.exslt.org /www.exslt.org/public_html/set/functions/leading base.css
102.08.21 17:33 B C:\jakarta-tomcat-3.2.4\webapps\cocoon\exslt\set\functions\leading\index.html --> ftp.exslt.org /www.exslt.org/public_html/set/functions/leading index.html
102.08.21 17:33 B C:\jakarta-tomcat-3.2.4\webapps\cocoon\exslt\set\functions\leading\refresh.bat --> ftp.exslt.org /www.exslt.org/public_html/set/functions/leading refresh.bat
102.08.21 17:33 B C:\jakarta-tomcat-3.2.4\webapps\cocoon\exslt\set\functions\leading\set.leading.1.html --> ftp.exslt.org /www.exslt.org/public_html/set/functions/leading set.leading.1.html
102.08.21 17:33 B C:\jakarta-tomcat-3.2.4\webapps\cocoon\exslt\set\functions\leading\set.leading.1.xsl --> ftp.exslt.org /www.exslt.org/public_html/set/functions/leading set.leading.1.xsl
102.08.21 17:33 B C:\jakarta-tomcat-3.2.4\webapps\cocoon\exslt\set\functions\leading\set.leading.data.1.xml --> ftp.exslt.org /www.exslt.org/public_html/set/functions/leading set.leading.data.1.xml
102.08.21 17:33 B C:\jakarta-tomcat-3.2.4\webapps\cocoon\exslt\set\functions\leading\set.leading.function.xsl --> ftp.exslt.org /www.exslt.org/public_html/set/functions/leading set.leading.function.xsl
102.08.21 17:33 B C:\jakarta-tomcat-3.2.4\webapps\cocoon\exslt\set\functions\leading\set.leading.function.xsl.html --> ftp.exslt.org /www.exslt.org/public_html/set/functions/leading set.leading.function.xsl.html
102.08.21 17:33 B C:\jakarta-tomcat-3.2.4\webapps\cocoon\exslt\set\functions\leading\set.leading.html --> ftp.exslt.org /www.exslt.org/public_html/set/functions/leading set.leading.html
102.08.21 17:33 B C:\jakarta-tomcat-3.2.4\webapps\cocoon\exslt\set\functions\leading\set.leading.package.txt --> ftp.exslt.org /www.exslt.org/public_html/set/functions/leading set.leading.package.txt
102.08.21 17:33 B C:\jakarta-tomcat-3.2.4\webapps\cocoon\exslt\set\functions\leading\set.leading.result.1.xml --> ftp.exslt.org /www.exslt.org/public_html/set/functions/leading set.leading.result.1.xml
102.08.21 17:33 B C:\jakarta-tomcat-3.2.4\webapps\cocoon\exslt\set\functions\leading\set.leading.template.xsl --> ftp.exslt.org /www.exslt.org/public_html/set/functions/leading set.leading.template.xsl
102.08.21 17:33 B C:\jakarta-tomcat-3.2.4\webapps\cocoon\exslt\set\functions\leading\set.leading.template.xsl.html --> ftp.exslt.org /www.exslt.org/public_html/set/functions/leading set.leading.template.xsl.html
102.08.21 17:33 B C:\jakarta-tomcat-3.2.4\webapps\cocoon\exslt\set\functions\leading\set.leading.use-case.1.html --> ftp.exslt.org /www.exslt.org/public_html/set/functions/leading set.leading.use-case.1.html
102.08.21 17:33 B C:\jakarta-tomcat-3.2.4\webapps\cocoon\exslt\set\functions\leading\set.leading.use-cases.txt --> ftp.exslt.org /www.exslt.org/public_html/set/functions/leading set.leading.use-cases.txt
102.08.21 17:33 B C:\jakarta-tomcat-3.2.4\webapps\cocoon\exslt\set\functions\leading\set.leading.use-cases.zip --> ftp.exslt.org /www.exslt.org/public_html/set/functions/leading set.leading.use-cases.zip
102.08.21 17:33 B C:\jakarta-tomcat-3.2.4\webapps\cocoon\exslt\set\functions\leading\set.leading.xml --> ftp.exslt.org /www.exslt.org/public_html/set/functions/leading set.leading.xml
102.08.21 17:33 B C:\jakarta-tomcat-3.2.4\webapps\cocoon\exslt\set\functions\leading\set.leading.xsl --> ftp.exslt.org /www.exslt.org/public_html/set/functions/leading set.leading.xsl
102.08.21 17:33 B C:\jakarta-tomcat-3.2.4\webapps\cocoon\exslt\set\functions\leading\set.leading.zip --> ftp.exslt.org /www.exslt.org/public_html/set/functions/leading set.leading.zip
102.08.21 17:33 B C:\jakarta-tomcat-3.2.4\webapps\cocoon\exslt\set\functions\leading\update.bat --> ftp.exslt.org /www.exslt.org/public_html/set/functions/leading update.bat
102.11.19 14:12 B C:\jakarta-tomcat-3.2.4\webapps\cocoon\exslt\set\functions\leading\base.css --> ftp.exslt.org /www.exslt.org/public_html/set/functions/leading base.css
102.11.19 14:12 B C:\jakarta-tomcat-3.2.4\webapps\cocoon\exslt\set\functions\leading\index.html --> ftp.exslt.org /www.exslt.org/public_html/set/functions/leading index.html
102.11.19 14:12 B C:\jakarta-tomcat-3.2.4\webapps\cocoon\exslt\set\functions\leading\refresh.bat --> ftp.exslt.org /www.exslt.org/public_html/set/functions/leading refresh.bat
102.11.19 14:12 B C:\jakarta-tomcat-3.2.4\webapps\cocoon\exslt\set\functions\leading\set.leading.1.html --> ftp.exslt.org /www.exslt.org/public_html/set/functions/leading set.leading.1.html
102.11.19 14:12 B C:\jakarta-tomcat-3.2.4\webapps\cocoon\exslt\set\functions\leading\set.leading.1.xsl --> ftp.exslt.org /www.exslt.org/public_html/set/functions/leading set.leading.1.xsl
102.11.19 14:12 B C:\jakarta-tomcat-3.2.4\webapps\cocoon\exslt\set\functions\leading\set.leading.data.1.xml --> ftp.exslt.org /www.exslt.org/public_html/set/functions/leading set.leading.data.1.xml
102.11.19 14:12 B C:\jakarta-tomcat-3.2.4\webapps\cocoon\exslt\set\functions\leading\set.leading.function.xsl --> ftp.exslt.org /www.exslt.org/public_html/set/functions/leading set.leading.function.xsl
102.11.19 14:12 B C:\jakarta-tomcat-3.2.4\webapps\cocoon\exslt\set\functions\leading\set.leading.function.xsl.html --> ftp.exslt.org /www.exslt.org/public_html/set/functions/leading set.leading.function.xsl.html
102.11.19 14:12 B C:\jakarta-tomcat-3.2.4\webapps\cocoon\exslt\set\functions\leading\set.leading.html --> ftp.exslt.org /www.exslt.org/public_html/set/functions/leading set.leading.html
102.11.19 14:12 B C:\jakarta-tomcat-3.2.4\webapps\cocoon\exslt\set\functions\leading\set.leading.package.txt --> ftp.exslt.org /www.exslt.org/public_html/set/functions/leading set.leading.package.txt
102.11.19 14:12 B C:\jakarta-tomcat-3.2.4\webapps\cocoon\exslt\set\functions\leading\set.leading.result.1.xml --> ftp.exslt.org /www.exslt.org/public_html/set/functions/leading set.leading.result.1.xml
102.11.19 14:12 B C:\jakarta-tomcat-3.2.4\webapps\cocoon\exslt\set\functions\leading\set.leading.template.xsl --> ftp.exslt.org /www.exslt.org/public_html/set/functions/leading set.leading.template.xsl
102.11.19 14:12 B C:\jakarta-tomcat-3.2.4\webapps\cocoon\exslt\set\functions\leading\set.leading.template.xsl.html --> ftp.exslt.org /www.exslt.org/public_html/set/functions/leading set.leading.template.xsl.html
102.11.19 14:12 B C:\jakarta-tomcat-3.2.4\webapps\cocoon\exslt\set\functions\leading\set.leading.use-case.1.html --> ftp.exslt.org /www.exslt.org/public_html/set/functions/leading set.leading.use-case.1.html
102.11.19 14:12 B C:\jakarta-tomcat-3.2.4\webapps\cocoon\exslt\set\functions\leading\set.leading.use-cases.txt --> ftp.exslt.org /www.exslt.org/public_html/set/functions/leading set.leading.use-cases.txt
102.11.19 14:12 B C:\jakarta-tomcat-3.2.4\webapps\cocoon\exslt\set\functions\leading\set.leading.use-cases.zip --> ftp.exslt.org /www.exslt.org/public_html/set/functions/leading set.leading.use-cases.zip
102.11.19 14:12 B C:\jakarta-tomcat-3.2.4\webapps\cocoon\exslt\set\functions\leading\set.leading.xml --> ftp.exslt.org /www.exslt.org/public_html/set/functions/leading set.leading.xml
102.11.19 14:12 B C:\jakarta-tomcat-3.2.4\webapps\cocoon\exslt\set\functions\leading\set.leading.xsl --> ftp.exslt.org /www.exslt.org/public_html/set/functions/leading set.leading.xsl
102.11.19 14:12 B C:\jakarta-tomcat-3.2.4\webapps\cocoon\exslt\set\functions\leading\set.leading.zip --> ftp.exslt.org /www.exslt.org/public_html/set/functions/leading set.leading.zip
102.11.19 14:12 B C:\jakarta-tomcat-3.2.4\webapps\cocoon\exslt\set\functions\leading\update.bat --> ftp.exslt.org /www.exslt.org/public_html/set/functions/leading update.bat
102.12.02 12:33 B C:\jakarta-tomcat-3.2.4\webapps\cocoon\exslt\public_html\set\functions\leading\WS_FTP.LOG <-- ftp.exslt.org /www.exslt.org/public_html/set/functions/leading WS_FTP.LOG
102.12.03 11:15 B C:\jakarta-tomcat-3.2.4\webapps\cocoon\exslt\set\functions\leading\base.css --> ftp.exslt.org /www.exslt.org/public_html/set/functions/leading base.css
102.12.03 11:15 B C:\jakarta-tomcat-3.2.4\webapps\cocoon\exslt\set\functions\leading\index.html --> ftp.exslt.org /www.exslt.org/public_html/set/functions/leading index.html
102.12.03 11:15 B C:\jakarta-tomcat-3.2.4\webapps\cocoon\exslt\set\functions\leading\refresh.bat --> ftp.exslt.org /www.exslt.org/public_html/set/functions/leading refresh.bat
102.12.03 11:15 B C:\jakarta-tomcat-3.2.4\webapps\cocoon\exslt\set\functions\leading\set.leading.1.html --> ftp.exslt.org /www.exslt.org/public_html/set/functions/leading set.leading.1.html
102.12.03 11:15 B C:\jakarta-tomcat-3.2.4\webapps\cocoon\exslt\set\functions\leading\set.leading.1.xsl --> ftp.exslt.org /www.exslt.org/public_html/set/functions/leading set.leading.1.xsl
102.12.03 11:15 B C:\jakarta-tomcat-3.2.4\webapps\cocoon\exslt\set\functions\leading\set.leading.data.1.xml --> ftp.exslt.org /www.exslt.org/public_html/set/functions/leading set.leading.data.1.xml
102.12.03 11:15 B C:\jakarta-tomcat-3.2.4\webapps\cocoon\exslt\set\functions\leading\set.leading.function.xsl --> ftp.exslt.org /www.exslt.org/public_html/set/functions/leading set.leading.function.xsl
102.12.03 11:15 B C:\jakarta-tomcat-3.2.4\webapps\cocoon\exslt\set\functions\leading\set.leading.function.xsl.html --> ftp.exslt.org /www.exslt.org/public_html/set/functions/leading set.leading.function.xsl.html
102.12.03 11:15 B C:\jakarta-tomcat-3.2.4\webapps\cocoon\exslt\set\functions\leading\set.leading.html --> ftp.exslt.org /www.exslt.org/public_html/set/functions/leading set.leading.html
102.12.03 11:15 B C:\jakarta-tomcat-3.2.4\webapps\cocoon\exslt\set\functions\leading\set.leading.package.txt --> ftp.exslt.org /www.exslt.org/public_html/set/functions/leading set.leading.package.txt
102.12.03 11:15 B C:\jakarta-tomcat-3.2.4\webapps\cocoon\exslt\set\functions\leading\set.leading.result.1.xml --> ftp.exslt.org /www.exslt.org/public_html/set/functions/leading set.leading.result.1.xml
102.12.03 11:15 B C:\jakarta-tomcat-3.2.4\webapps\cocoon\exslt\set\functions\leading\set.leading.template.xsl --> ftp.exslt.org /www.exslt.org/public_html/set/functions/leading set.leading.template.xsl
102.12.03 11:15 B C:\jakarta-tomcat-3.2.4\webapps\cocoon\exslt\set\functions\leading\set.leading.template.xsl.html --> ftp.exslt.org /www.exslt.org/public_html/set/functions/leading set.leading.template.xsl.html
102.12.03 11:15 B C:\jakarta-tomcat-3.2.4\webapps\cocoon\exslt\set\functions\leading\set.leading.use-case.1.html --> ftp.exslt.org /www.exslt.org/public_html/set/functions/leading set.leading.use-case.1.html
102.12.03 11:15 B C:\jakarta-tomcat-3.2.4\webapps\cocoon\exslt\set\functions\leading\set.leading.use-cases.txt --> ftp.exslt.org /www.exslt.org/public_html/set/functions/leading set.leading.use-cases.txt
102.12.03 11:15 B C:\jakarta-tomcat-3.2.4\webapps\cocoon\exslt\set\functions\leading\set.leading.use-cases.zip --> ftp.exslt.org /www.exslt.org/public_html/set/functions/leading set.leading.use-cases.zip
102.12.03 11:15 B C:\jakarta-tomcat-3.2.4\webapps\cocoon\exslt\set\functions\leading\set.leading.xml --> ftp.exslt.org /www.exslt.org/public_html/set/functions/leading set.leading.xml
102.12.03 11:15 B C:\jakarta-tomcat-3.2.4\webapps\cocoon\exslt\set\functions\leading\set.leading.xsl --> ftp.exslt.org /www.exslt.org/public_html/set/functions/leading set.leading.xsl
102.12.03 11:15 B C:\jakarta-tomcat-3.2.4\webapps\cocoon\exslt\set\functions\leading\set.leading.zip --> ftp.exslt.org /www.exslt.org/public_html/set/functions/leading set.leading.zip
102.12.03 11:15 B C:\jakarta-tomcat-3.2.4\webapps\cocoon\exslt\set\functions\leading\update.bat --> ftp.exslt.org /www.exslt.org/public_html/set/functions/leading update.bat
102.12.03 11:15 B C:\jakarta-tomcat-3.2.4\webapps\cocoon\exslt\set\functions\leading\WS_FTP.LOG --> ftp.exslt.org /www.exslt.org/public_html/set/functions/leading WS_FTP.LOG
102.12.11 11:07 B C:\jakarta-tomcat-3.2.4\webapps\cocoon\exslt\set\functions\leading\base.css --> ftp.exslt.org /www.exslt.org/public_html/set/functions/leading base.css
102.12.11 11:07 B C:\jakarta-tomcat-3.2.4\webapps\cocoon\exslt\set\functions\leading\index.html --> ftp.exslt.org /www.exslt.org/public_html/set/functions/leading index.html
102.12.11 11:07 B C:\jakarta-tomcat-3.2.4\webapps\cocoon\exslt\set\functions\leading\refresh.bat --> ftp.exslt.org /www.exslt.org/public_html/set/functions/leading refresh.bat
102.12.11 11:07 B C:\jakarta-tomcat-3.2.4\webapps\cocoon\exslt\set\functions\leading\set.leading.1.html --> ftp.exslt.org /www.exslt.org/public_html/set/functions/leading set.leading.1.html
102.12.11 11:07 B C:\jakarta-tomcat-3.2.4\webapps\cocoon\exslt\set\functions\leading\set.leading.1.xsl --> ftp.exslt.org /www.exslt.org/public_html/set/functions/leading set.leading.1.xsl
102.12.11 11:07 B C:\jakarta-tomcat-3.2.4\webapps\cocoon\exslt\set\functions\leading\set.leading.data.1.xml --> ftp.exslt.org /www.exslt.org/public_html/set/functions/leading set.leading.data.1.xml
102.12.11 11:07 B C:\jakarta-tomcat-3.2.4\webapps\cocoon\exslt\set\functions\leading\set.leading.function.xsl --> ftp.exslt.org /www.exslt.org/public_html/set/functions/leading set.leading.function.xsl
102.12.11 11:07 B C:\jakarta-tomcat-3.2.4\webapps\cocoon\exslt\set\functions\leading\set.leading.function.xsl.html --> ftp.exslt.org /www.exslt.org/public_html/set/functions/leading set.leading.function.xsl.html
102.12.11 11:11 B C:\jakarta-tomcat-3.2.4\webapps\cocoon\exslt\set\functions\leading\base.css --> ftp.exslt.org /www.exslt.org/public_html/set/functions/leading base.css
102.12.11 11:11 B C:\jakarta-tomcat-3.2.4\webapps\cocoon\exslt\set\functions\leading\index.html --> ftp.exslt.org /www.exslt.org/public_html/set/functions/leading index.html
102.12.11 11:11 B C:\jakarta-tomcat-3.2.4\webapps\cocoon\exslt\set\functions\leading\refresh.bat --> ftp.exslt.org /www.exslt.org/public_html/set/functions/leading refresh.bat
102.12.11 11:11 B C:\jakarta-tomcat-3.2.4\webapps\cocoon\exslt\set\functions\leading\set.leading.1.html --> ftp.exslt.org /www.exslt.org/public_html/set/functions/leading set.leading.1.html
102.12.11 11:11 B C:\jakarta-tomcat-3.2.4\webapps\cocoon\exslt\set\functions\leading\set.leading.1.xsl --> ftp.exslt.org /www.exslt.org/public_html/set/functions/leading set.leading.1.xsl
102.12.11 11:11 B C:\jakarta-tomcat-3.2.4\webapps\cocoon\exslt\set\functions\leading\set.leading.data.1.xml --> ftp.exslt.org /www.exslt.org/public_html/set/functions/leading set.leading.data.1.xml
102.12.11 11:11 B C:\jakarta-tomcat-3.2.4\webapps\cocoon\exslt\set\functions\leading\set.leading.function.xsl --> ftp.exslt.org /www.exslt.org/public_html/set/functions/leading set.leading.function.xsl
102.12.11 11:11 B C:\jakarta-tomcat-3.2.4\webapps\cocoon\exslt\set\functions\leading\set.leading.function.xsl.html --> ftp.exslt.org /www.exslt.org/public_html/set/functions/leading set.leading.function.xsl.html
102.12.11 11:11 B C:\jakarta-tomcat-3.2.4\webapps\cocoon\exslt\set\functions\leading\set.leading.html --> ftp.exslt.org /www.exslt.org/public_html/set/functions/leading set.leading.html
102.12.11 11:11 B C:\jakarta-tomcat-3.2.4\webapps\cocoon\exslt\set\functions\leading\set.leading.package.txt --> ftp.exslt.org /www.exslt.org/public_html/set/functions/leading set.leading.package.txt
102.12.11 11:11 B C:\jakarta-tomcat-3.2.4\webapps\cocoon\exslt\set\functions\leading\set.leading.result.1.xml --> ftp.exslt.org /www.exslt.org/public_html/set/functions/leading set.leading.result.1.xml
102.12.11 11:11 B C:\jakarta-tomcat-3.2.4\webapps\cocoon\exslt\set\functions\leading\set.leading.template.xsl --> ftp.exslt.org /www.exslt.org/public_html/set/functions/leading set.leading.template.xsl
102.12.11 11:11 B C:\jakarta-tomcat-3.2.4\webapps\cocoon\exslt\set\functions\leading\set.leading.template.xsl.html --> ftp.exslt.org /www.exslt.org/public_html/set/functions/leading set.leading.template.xsl.html
102.12.11 11:11 B C:\jakarta-tomcat-3.2.4\webapps\cocoon\exslt\set\functions\leading\set.leading.use-case.1.html --> ftp.exslt.org /www.exslt.org/public_html/set/functions/leading set.leading.use-case.1.html
102.12.11 11:11 B C:\jakarta-tomcat-3.2.4\webapps\cocoon\exslt\set\functions\leading\set.leading.use-cases.txt --> ftp.exslt.org /www.exslt.org/public_html/set/functions/leading set.leading.use-cases.txt
102.12.11 11:11 B C:\jakarta-tomcat-3.2.4\webapps\cocoon\exslt\set\functions\leading\set.leading.use-cases.zip --> ftp.exslt.org /www.exslt.org/public_html/set/functions/leading set.leading.use-cases.zip
102.12.11 11:11 B C:\jakarta-tomcat-3.2.4\webapps\cocoon\exslt\set\functions\leading\set.leading.xml --> ftp.exslt.org /www.exslt.org/public_html/set/functions/leading set.leading.xml
102.12.11 11:11 B C:\jakarta-tomcat-3.2.4\webapps\cocoon\exslt\set\functions\leading\set.leading.xsl --> ftp.exslt.org /www.exslt.org/public_html/set/functions/leading set.leading.xsl
102.12.11 11:11 B C:\jakarta-tomcat-3.2.4\webapps\cocoon\exslt\set\functions\leading\set.leading.zip --> ftp.exslt.org /www.exslt.org/public_html/set/functions/leading set.leading.zip
102.12.11 11:11 B C:\jakarta-tomcat-3.2.4\webapps\cocoon\exslt\set\functions\leading\update.bat --> ftp.exslt.org /www.exslt.org/public_html/set/functions/leading update.bat
103.09.29 15:59 B C:\jakarta-tomcat-3.2.4\webapps\cocoon\exslt\set\functions\leading\WS_FTP.LOG <-- ftp.exslt.org /www.exslt.org/public_html/set/functions/leading WS_FTP.LOG
103.10.21 13:11 B C:\jakarta-tomcat-3.2.4\webapps\cocoon\exslt\set\functions\leading\base.css --> marian.cs.nott.ac.uk /stud/pg/cds/exslt/set/functions/leading base.css
103.10.21 13:11 B C:\jakarta-tomcat-3.2.4\webapps\cocoon\exslt\set\functions\leading\index.html --> marian.cs.nott.ac.uk /stud/pg/cds/exslt/set/functions/leading index.html
103.10.21 13:11 B C:\jakarta-tomcat-3.2.4\webapps\cocoon\exslt\set\functions\leading\refresh.bat --> marian.cs.nott.ac.uk /stud/pg/cds/exslt/set/functions/leading refresh.bat
103.10.21 13:11 B C:\jakarta-tomcat-3.2.4\webapps\cocoon\exslt\set\functions\leading\set.leading.1.html --> marian.cs.nott.ac.uk /stud/pg/cds/exslt/set/functions/leading set.leading.1.html
103.10.21 13:11 B C:\jakarta-tomcat-3.2.4\webapps\cocoon\exslt\set\functions\leading\set.leading.1.xsl --> marian.cs.nott.ac.uk /stud/pg/cds/exslt/set/functions/leading set.leading.1.xsl
103.10.21 13:11 B C:\jakarta-tomcat-3.2.4\webapps\cocoon\exslt\set\functions\leading\set.leading.data.1.xml --> marian.cs.nott.ac.uk /stud/pg/cds/exslt/set/functions/leading set.leading.data.1.xml
103.10.21 13:11 B C:\jakarta-tomcat-3.2.4\webapps\cocoon\exslt\set\functions\leading\set.leading.function.xsl --> marian.cs.nott.ac.uk /stud/pg/cds/exslt/set/functions/leading set.leading.function.xsl
103.10.21 13:11 B C:\jakarta-tomcat-3.2.4\webapps\cocoon\exslt\set\functions\leading\set.leading.function.xsl.html --> marian.cs.nott.ac.uk /stud/pg/cds/exslt/set/functions/leading set.leading.function.xsl.html
103.10.21 13:11 B C:\jakarta-tomcat-3.2.4\webapps\cocoon\exslt\set\functions\leading\set.leading.html --> marian.cs.nott.ac.uk /stud/pg/cds/exslt/set/functions/leading set.leading.html
103.10.21 13:11 B C:\jakarta-tomcat-3.2.4\webapps\cocoon\exslt\set\functions\leading\set.leading.package.txt --> marian.cs.nott.ac.uk /stud/pg/cds/exslt/set/functions/leading set.leading.package.txt
103.10.21 13:11 B C:\jakarta-tomcat-3.2.4\webapps\cocoon\exslt\set\functions\leading\set.leading.result.1.xml --> marian.cs.nott.ac.uk /stud/pg/cds/exslt/set/functions/leading set.leading.result.1.xml
103.10.21 13:11 B C:\jakarta-tomcat-3.2.4\webapps\cocoon\exslt\set\functions\leading\set.leading.template.xsl --> marian.cs.nott.ac.uk /stud/pg/cds/exslt/set/functions/leading set.leading.template.xsl
103.10.21 13:11 B C:\jakarta-tomcat-3.2.4\webapps\cocoon\exslt\set\functions\leading\set.leading.template.xsl.html --> marian.cs.nott.ac.uk /stud/pg/cds/exslt/set/functions/leading set.leading.template.xsl.html
103.10.21 13:11 B C:\jakarta-tomcat-3.2.4\webapps\cocoon\exslt\set\functions\leading\set.leading.use-case.1.html --> marian.cs.nott.ac.uk /stud/pg/cds/exslt/set/functions/leading set.leading.use-case.1.html
103.10.21 13:11 B C:\jakarta-tomcat-3.2.4\webapps\cocoon\exslt\set\functions\leading\set.leading.use-cases.txt --> marian.cs.nott.ac.uk /stud/pg/cds/exslt/set/functions/leading set.leading.use-cases.txt
103.10.21 13:11 B C:\jakarta-tomcat-3.2.4\webapps\cocoon\exslt\set\functions\leading\set.leading.use-cases.zip --> marian.cs.nott.ac.uk /stud/pg/cds/exslt/set/functions/leading set.leading.use-cases.zip
103.10.21 13:11 B C:\jakarta-tomcat-3.2.4\webapps\cocoon\exslt\set\functions\leading\set.leading.xml --> marian.cs.nott.ac.uk /stud/pg/cds/exslt/set/functions/leading set.leading.xml
103.10.21 13:11 B C:\jakarta-tomcat-3.2.4\webapps\cocoon\exslt\set\functions\leading\set.leading.xsl --> marian.cs.nott.ac.uk /stud/pg/cds/exslt/set/functions/leading set.leading.xsl
103.10.21 13:11 B C:\jakarta-tomcat-3.2.4\webapps\cocoon\exslt\set\functions\leading\set.leading.zip --> marian.cs.nott.ac.uk /stud/pg/cds/exslt/set/functions/leading set.leading.zip
103.10.21 13:11 B C:\jakarta-tomcat-3.2.4\webapps\cocoon\exslt\set\functions\leading\update.bat --> marian.cs.nott.ac.uk /stud/pg/cds/exslt/set/functions/leading update.bat
103.10.21 13:11 B C:\jakarta-tomcat-3.2.4\webapps\cocoon\exslt\set\functions\leading\WS_FTP.LOG --> marian.cs.nott.ac.uk /stud/pg/cds/exslt/set/functions/leading WS_FTP.LOG
103.10.24 10:22 B C:\jakarta-tomcat-3.2.4\webapps\cocoon\exslt\set\functions\leading\base.css --> ftp.exslt.org /www.exslt.org/public_html/set/functions/leading base.css
103.10.24 10:22 B C:\jakarta-tomcat-3.2.4\webapps\cocoon\exslt\set\functions\leading\index.html --> ftp.exslt.org /www.exslt.org/public_html/set/functions/leading index.html
103.10.24 10:22 B C:\jakarta-tomcat-3.2.4\webapps\cocoon\exslt\set\functions\leading\refresh.bat --> ftp.exslt.org /www.exslt.org/public_html/set/functions/leading refresh.bat
103.10.24 10:22 B C:\jakarta-tomcat-3.2.4\webapps\cocoon\exslt\set\functions\leading\set.leading.1.html --> ftp.exslt.org /www.exslt.org/public_html/set/functions/leading set.leading.1.html
103.10.24 10:22 B C:\jakarta-tomcat-3.2.4\webapps\cocoon\exslt\set\functions\leading\set.leading.1.xsl --> ftp.exslt.org /www.exslt.org/public_html/set/functions/leading set.leading.1.xsl
103.10.24 10:22 B C:\jakarta-tomcat-3.2.4\webapps\cocoon\exslt\set\functions\leading\set.leading.data.1.xml --> ftp.exslt.org /www.exslt.org/public_html/set/functions/leading set.leading.data.1.xml
103.10.24 10:22 B C:\jakarta-tomcat-3.2.4\webapps\cocoon\exslt\set\functions\leading\set.leading.function.xsl --> ftp.exslt.org /www.exslt.org/public_html/set/functions/leading set.leading.function.xsl
103.10.24 10:22 B C:\jakarta-tomcat-3.2.4\webapps\cocoon\exslt\set\functions\leading\set.leading.function.xsl.html --> ftp.exslt.org /www.exslt.org/public_html/set/functions/leading set.leading.function.xsl.html
103.10.24 10:22 B C:\jakarta-tomcat-3.2.4\webapps\cocoon\exslt\set\functions\leading\set.leading.html --> ftp.exslt.org /www.exslt.org/public_html/set/functions/leading set.leading.html
103.10.24 10:22 B C:\jakarta-tomcat-3.2.4\webapps\cocoon\exslt\set\functions\leading\set.leading.package.txt --> ftp.exslt.org /www.exslt.org/public_html/set/functions/leading set.leading.package.txt
103.10.24 10:22 B C:\jakarta-tomcat-3.2.4\webapps\cocoon\exslt\set\functions\leading\set.leading.result.1.xml --> ftp.exslt.org /www.exslt.org/public_html/set/functions/leading set.leading.result.1.xml
103.10.24 10:22 B C:\jakarta-tomcat-3.2.4\webapps\cocoon\exslt\set\functions\leading\set.leading.template.xsl --> ftp.exslt.org /www.exslt.org/public_html/set/functions/leading set.leading.template.xsl
103.10.24 10:22 B C:\jakarta-tomcat-3.2.4\webapps\cocoon\exslt\set\functions\leading\set.leading.template.xsl.html --> ftp.exslt.org /www.exslt.org/public_html/set/functions/leading set.leading.template.xsl.html
103.10.24 10:22 B C:\jakarta-tomcat-3.2.4\webapps\cocoon\exslt\set\functions\leading\set.leading.use-case.1.html --> ftp.exslt.org /www.exslt.org/public_html/set/functions/leading set.leading.use-case.1.html
103.10.24 10:22 B C:\jakarta-tomcat-3.2.4\webapps\cocoon\exslt\set\functions\leading\set.leading.use-cases.txt --> ftp.exslt.org /www.exslt.org/public_html/set/functions/leading set.leading.use-cases.txt
103.10.24 10:23 B C:\jakarta-tomcat-3.2.4\webapps\cocoon\exslt\set\functions\leading\set.leading.use-cases.zip --> ftp.exslt.org /www.exslt.org/public_html/set/functions/leading set.leading.use-cases.zip
103.10.24 10:23 B C:\jakarta-tomcat-3.2.4\webapps\cocoon\exslt\set\functions\leading\set.leading.xml --> ftp.exslt.org /www.exslt.org/public_html/set/functions/leading set.leading.xml
103.10.24 10:23 B C:\jakarta-tomcat-3.2.4\webapps\cocoon\exslt\set\functions\leading\set.leading.xsl --> ftp.exslt.org /www.exslt.org/public_html/set/functions/leading set.leading.xsl
103.10.24 10:23 B C:\jakarta-tomcat-3.2.4\webapps\cocoon\exslt\set\functions\leading\set.leading.zip --> ftp.exslt.org /www.exslt.org/public_html/set/functions/leading set.leading.zip
103.10.24 10:23 B C:\jakarta-tomcat-3.2.4\webapps\cocoon\exslt\set\functions\leading\update.bat --> ftp.exslt.org /www.exslt.org/public_html/set/functions/leading update.bat
103.10.24 10:23 B C:\jakarta-tomcat-3.2.4\webapps\cocoon\exslt\set\functions\leading\WS_FTP.LOG --> ftp.exslt.org /www.exslt.org/public_html/set/functions/leading WS_FTP.LOG
103.10.24 10:58 B C:\jakarta-tomcat-3.2.4\webapps\cocoon\exslt\set\functions\leading\base.css --> ftp.exslt.org /www.exslt.org/public_html/set/functions/leading base.css
103.10.24 10:58 B C:\jakarta-tomcat-3.2.4\webapps\cocoon\exslt\set\functions\leading\index.html --> ftp.exslt.org /www.exslt.org/public_html/set/functions/leading index.html
103.10.24 10:58 B C:\jakarta-tomcat-3.2.4\webapps\cocoon\exslt\set\functions\leading\refresh.bat --> ftp.exslt.org /www.exslt.org/public_html/set/functions/leading refresh.bat
103.10.24 10:58 B C:\jakarta-tomcat-3.2.4\webapps\cocoon\exslt\set\functions\leading\set.leading.1.html --> ftp.exslt.org /www.exslt.org/public_html/set/functions/leading set.leading.1.html
103.10.24 10:58 B C:\jakarta-tomcat-3.2.4\webapps\cocoon\exslt\set\functions\leading\set.leading.1.xsl --> ftp.exslt.org /www.exslt.org/public_html/set/functions/leading set.leading.1.xsl
103.10.24 10:58 B C:\jakarta-tomcat-3.2.4\webapps\cocoon\exslt\set\functions\leading\set.leading.data.1.xml --> ftp.exslt.org /www.exslt.org/public_html/set/functions/leading set.leading.data.1.xml
103.10.24 10:58 B C:\jakarta-tomcat-3.2.4\webapps\cocoon\exslt\set\functions\leading\set.leading.function.xsl --> ftp.exslt.org /www.exslt.org/public_html/set/functions/leading set.leading.function.xsl
103.10.24 10:58 B C:\jakarta-tomcat-3.2.4\webapps\cocoon\exslt\set\functions\leading\set.leading.function.xsl.html --> ftp.exslt.org /www.exslt.org/public_html/set/functions/leading set.leading.function.xsl.html
103.10.24 10:58 B C:\jakarta-tomcat-3.2.4\webapps\cocoon\exslt\set\functions\leading\set.leading.html --> ftp.exslt.org /www.exslt.org/public_html/set/functions/leading set.leading.html
103.10.24 10:58 B C:\jakarta-tomcat-3.2.4\webapps\cocoon\exslt\set\functions\leading\set.leading.package.txt --> ftp.exslt.org /www.exslt.org/public_html/set/functions/leading set.leading.package.txt
103.10.24 10:58 B C:\jakarta-tomcat-3.2.4\webapps\cocoon\exslt\set\functions\leading\set.leading.result.1.xml --> ftp.exslt.org /www.exslt.org/public_html/set/functions/leading set.leading.result.1.xml
103.10.24 10:58 B C:\jakarta-tomcat-3.2.4\webapps\cocoon\exslt\set\functions\leading\set.leading.template.xsl --> ftp.exslt.org /www.exslt.org/public_html/set/functions/leading set.leading.template.xsl
103.10.24 10:58 B C:\jakarta-tomcat-3.2.4\webapps\cocoon\exslt\set\functions\leading\set.leading.template.xsl.html --> ftp.exslt.org /www.exslt.org/public_html/set/functions/leading set.leading.template.xsl.html
103.10.24 10:58 B C:\jakarta-tomcat-3.2.4\webapps\cocoon\exslt\set\functions\leading\set.leading.use-case.1.html --> ftp.exslt.org /www.exslt.org/public_html/set/functions/leading set.leading.use-case.1.html
103.10.24 10:58 B C:\jakarta-tomcat-3.2.4\webapps\cocoon\exslt\set\functions\leading\set.leading.use-cases.txt --> ftp.exslt.org /www.exslt.org/public_html/set/functions/leading set.leading.use-cases.txt
103.10.24 10:58 B C:\jakarta-tomcat-3.2.4\webapps\cocoon\exslt\set\functions\leading\set.leading.use-cases.zip --> ftp.exslt.org /www.exslt.org/public_html/set/functions/leading set.leading.use-cases.zip
103.10.24 10:58 B C:\jakarta-tomcat-3.2.4\webapps\cocoon\exslt\set\functions\leading\set.leading.xml --> ftp.exslt.org /www.exslt.org/public_html/set/functions/leading set.leading.xml
103.10.24 10:58 B C:\jakarta-tomcat-3.2.4\webapps\cocoon\exslt\set\functions\leading\set.leading.xsl --> ftp.exslt.org /www.exslt.org/public_html/set/functions/leading set.leading.xsl
103.10.24 10:59 B C:\jakarta-tomcat-3.2.4\webapps\cocoon\exslt\set\functions\leading\set.leading.zip --> ftp.exslt.org /www.exslt.org/public_html/set/functions/leading set.leading.zip
103.10.24 10:59 B C:\jakarta-tomcat-3.2.4\webapps\cocoon\exslt\set\functions\leading\update.bat --> ftp.exslt.org /www.exslt.org/public_html/set/functions/leading update.bat
