102.08.21 17:31 B C:\jakarta-tomcat-3.2.4\webapps\cocoon\exslt\exsl\elements\document\base.css --> ftp.exslt.org /www.exslt.org/public_html/exsl/elements/document base.css
102.08.21 17:31 B C:\jakarta-tomcat-3.2.4\webapps\cocoon\exslt\exsl\elements\document\exsl.document.1.html --> ftp.exslt.org /www.exslt.org/public_html/exsl/elements/document exsl.document.1.html
102.08.21 17:31 B C:\jakarta-tomcat-3.2.4\webapps\cocoon\exslt\exsl\elements\document\exsl.document.html --> ftp.exslt.org /www.exslt.org/public_html/exsl/elements/document exsl.document.html
102.08.21 17:31 B C:\jakarta-tomcat-3.2.4\webapps\cocoon\exslt\exsl\elements\document\exsl.document.package.txt --> ftp.exslt.org /www.exslt.org/public_html/exsl/elements/document exsl.document.package.txt
102.08.21 17:31 B C:\jakarta-tomcat-3.2.4\webapps\cocoon\exslt\exsl\elements\document\exsl.document.use-cases.txt --> ftp.exslt.org /www.exslt.org/public_html/exsl/elements/document exsl.document.use-cases.txt
102.08.21 17:31 B C:\jakarta-tomcat-3.2.4\webapps\cocoon\exslt\exsl\elements\document\exsl.document.use-cases.zip --> ftp.exslt.org /www.exslt.org/public_html/exsl/elements/document exsl.document.use-cases.zip
102.08.21 17:31 B C:\jakarta-tomcat-3.2.4\webapps\cocoon\exslt\exsl\elements\document\exsl.document.xml --> ftp.exslt.org /www.exslt.org/public_html/exsl/elements/document exsl.document.xml
102.08.21 17:31 B C:\jakarta-tomcat-3.2.4\webapps\cocoon\exslt\exsl\elements\document\exsl.document.zip --> ftp.exslt.org /www.exslt.org/public_html/exsl/elements/document exsl.document.zip
102.08.21 17:31 B C:\jakarta-tomcat-3.2.4\webapps\cocoon\exslt\exsl\elements\document\index.html --> ftp.exslt.org /www.exslt.org/public_html/exsl/elements/document index.html
102.08.21 17:31 B C:\jakarta-tomcat-3.2.4\webapps\cocoon\exslt\exsl\elements\document\refresh.bat --> ftp.exslt.org /www.exslt.org/public_html/exsl/elements/document refresh.bat
102.08.21 17:31 B C:\jakarta-tomcat-3.2.4\webapps\cocoon\exslt\exsl\elements\document\update.bat --> ftp.exslt.org /www.exslt.org/public_html/exsl/elements/document update.bat
102.11.19 13:15 B C:\jakarta-tomcat-3.2.4\webapps\cocoon\exslt\exsl\elements\document\base.css --> ftp.exslt.org /www.exslt.org/public_html/exsl/elements/document base.css
102.11.19 13:15 B C:\jakarta-tomcat-3.2.4\webapps\cocoon\exslt\exsl\elements\document\exsl.document.1.html --> ftp.exslt.org /www.exslt.org/public_html/exsl/elements/document exsl.document.1.html
102.11.19 13:15 B C:\jakarta-tomcat-3.2.4\webapps\cocoon\exslt\exsl\elements\document\exsl.document.html --> ftp.exslt.org /www.exslt.org/public_html/exsl/elements/document exsl.document.html
102.11.19 13:15 B C:\jakarta-tomcat-3.2.4\webapps\cocoon\exslt\exsl\elements\document\exsl.document.package.txt --> ftp.exslt.org /www.exslt.org/public_html/exsl/elements/document exsl.document.package.txt
102.11.19 13:15 B C:\jakarta-tomcat-3.2.4\webapps\cocoon\exslt\exsl\elements\document\exsl.document.use-cases.txt --> ftp.exslt.org /www.exslt.org/public_html/exsl/elements/document exsl.document.use-cases.txt
102.11.19 13:15 B C:\jakarta-tomcat-3.2.4\webapps\cocoon\exslt\exsl\elements\document\exsl.document.use-cases.zip --> ftp.exslt.org /www.exslt.org/public_html/exsl/elements/document exsl.document.use-cases.zip
102.11.19 13:15 B C:\jakarta-tomcat-3.2.4\webapps\cocoon\exslt\exsl\elements\document\exsl.document.xml --> ftp.exslt.org /www.exslt.org/public_html/exsl/elements/document exsl.document.xml
102.11.19 13:15 B C:\jakarta-tomcat-3.2.4\webapps\cocoon\exslt\exsl\elements\document\exsl.document.zip --> ftp.exslt.org /www.exslt.org/public_html/exsl/elements/document exsl.document.zip
102.11.19 13:15 B C:\jakarta-tomcat-3.2.4\webapps\cocoon\exslt\exsl\elements\document\index.html --> ftp.exslt.org /www.exslt.org/public_html/exsl/elements/document index.html
102.11.19 13:15 B C:\jakarta-tomcat-3.2.4\webapps\cocoon\exslt\exsl\elements\document\refresh.bat --> ftp.exslt.org /www.exslt.org/public_html/exsl/elements/document refresh.bat
102.11.19 13:15 B C:\jakarta-tomcat-3.2.4\webapps\cocoon\exslt\exsl\elements\document\update.bat --> ftp.exslt.org /www.exslt.org/public_html/exsl/elements/document update.bat
102.11.19 13:15 B C:\jakarta-tomcat-3.2.4\webapps\cocoon\exslt\exsl\elements\document\WS_FTP.LOG --> ftp.exslt.org /www.exslt.org/public_html/exsl/elements/document WS_FTP.LOG
102.11.19 13:21 B C:\jakarta-tomcat-3.2.4\webapps\cocoon\exslt\exsl\elements\document\base.css --> ftp.exslt.org /www.exslt.org/public_html/exsl/elements/document base.css
102.11.19 13:21 B C:\jakarta-tomcat-3.2.4\webapps\cocoon\exslt\exsl\elements\document\exsl.document.1.html --> ftp.exslt.org /www.exslt.org/public_html/exsl/elements/document exsl.document.1.html
102.11.19 13:21 B C:\jakarta-tomcat-3.2.4\webapps\cocoon\exslt\exsl\elements\document\exsl.document.html --> ftp.exslt.org /www.exslt.org/public_html/exsl/elements/document exsl.document.html
102.11.19 13:21 B C:\jakarta-tomcat-3.2.4\webapps\cocoon\exslt\exsl\elements\document\exsl.document.package.txt --> ftp.exslt.org /www.exslt.org/public_html/exsl/elements/document exsl.document.package.txt
102.11.19 13:21 B C:\jakarta-tomcat-3.2.4\webapps\cocoon\exslt\exsl\elements\document\exsl.document.use-cases.txt --> ftp.exslt.org /www.exslt.org/public_html/exsl/elements/document exsl.document.use-cases.txt
102.11.19 13:21 B C:\jakarta-tomcat-3.2.4\webapps\cocoon\exslt\exsl\elements\document\exsl.document.use-cases.zip --> ftp.exslt.org /www.exslt.org/public_html/exsl/elements/document exsl.document.use-cases.zip
102.11.19 13:21 B C:\jakarta-tomcat-3.2.4\webapps\cocoon\exslt\exsl\elements\document\exsl.document.xml --> ftp.exslt.org /www.exslt.org/public_html/exsl/elements/document exsl.document.xml
102.11.19 13:21 B C:\jakarta-tomcat-3.2.4\webapps\cocoon\exslt\exsl\elements\document\exsl.document.zip --> ftp.exslt.org /www.exslt.org/public_html/exsl/elements/document exsl.document.zip
102.11.19 13:21 B C:\jakarta-tomcat-3.2.4\webapps\cocoon\exslt\exsl\elements\document\index.html --> ftp.exslt.org /www.exslt.org/public_html/exsl/elements/document index.html
102.11.19 13:21 B C:\jakarta-tomcat-3.2.4\webapps\cocoon\exslt\exsl\elements\document\refresh.bat --> ftp.exslt.org /www.exslt.org/public_html/exsl/elements/document refresh.bat
102.11.19 13:21 B C:\jakarta-tomcat-3.2.4\webapps\cocoon\exslt\exsl\elements\document\update.bat --> ftp.exslt.org /www.exslt.org/public_html/exsl/elements/document update.bat
102.12.02 12:22 B C:\jakarta-tomcat-3.2.4\webapps\cocoon\exslt\public_html\exsl\elements\document\WS_FTP.LOG <-- ftp.exslt.org /www.exslt.org/public_html/exsl/elements/document WS_FTP.LOG
102.12.03 11:10 B C:\jakarta-tomcat-3.2.4\webapps\cocoon\exslt\exsl\elements\document\base.css --> ftp.exslt.org /www.exslt.org/public_html/exsl/elements/document base.css
102.12.03 11:10 B C:\jakarta-tomcat-3.2.4\webapps\cocoon\exslt\exsl\elements\document\exsl.document.1.html --> ftp.exslt.org /www.exslt.org/public_html/exsl/elements/document exsl.document.1.html
102.12.03 11:10 B C:\jakarta-tomcat-3.2.4\webapps\cocoon\exslt\exsl\elements\document\exsl.document.html --> ftp.exslt.org /www.exslt.org/public_html/exsl/elements/document exsl.document.html
102.12.03 11:10 B C:\jakarta-tomcat-3.2.4\webapps\cocoon\exslt\exsl\elements\document\exsl.document.package.txt --> ftp.exslt.org /www.exslt.org/public_html/exsl/elements/document exsl.document.package.txt
102.12.03 11:10 B C:\jakarta-tomcat-3.2.4\webapps\cocoon\exslt\exsl\elements\document\exsl.document.use-cases.txt --> ftp.exslt.org /www.exslt.org/public_html/exsl/elements/document exsl.document.use-cases.txt
102.12.03 11:10 B C:\jakarta-tomcat-3.2.4\webapps\cocoon\exslt\exsl\elements\document\exsl.document.use-cases.zip --> ftp.exslt.org /www.exslt.org/public_html/exsl/elements/document exsl.document.use-cases.zip
102.12.03 11:10 B C:\jakarta-tomcat-3.2.4\webapps\cocoon\exslt\exsl\elements\document\exsl.document.xml --> ftp.exslt.org /www.exslt.org/public_html/exsl/elements/document exsl.document.xml
102.12.03 11:10 B C:\jakarta-tomcat-3.2.4\webapps\cocoon\exslt\exsl\elements\document\exsl.document.zip --> ftp.exslt.org /www.exslt.org/public_html/exsl/elements/document exsl.document.zip
102.12.03 11:10 B C:\jakarta-tomcat-3.2.4\webapps\cocoon\exslt\exsl\elements\document\index.html --> ftp.exslt.org /www.exslt.org/public_html/exsl/elements/document index.html
102.12.03 11:10 B C:\jakarta-tomcat-3.2.4\webapps\cocoon\exslt\exsl\elements\document\out.html --> ftp.exslt.org /www.exslt.org/public_html/exsl/elements/document out.html
102.12.03 11:10 B C:\jakarta-tomcat-3.2.4\webapps\cocoon\exslt\exsl\elements\document\refresh.bat --> ftp.exslt.org /www.exslt.org/public_html/exsl/elements/document refresh.bat
102.12.03 11:10 B C:\jakarta-tomcat-3.2.4\webapps\cocoon\exslt\exsl\elements\document\update.bat --> ftp.exslt.org /www.exslt.org/public_html/exsl/elements/document update.bat
102.12.03 11:10 B C:\jakarta-tomcat-3.2.4\webapps\cocoon\exslt\exsl\elements\document\WS_FTP.LOG --> ftp.exslt.org /www.exslt.org/public_html/exsl/elements/document WS_FTP.LOG
102.12.11 11:05 B C:\jakarta-tomcat-3.2.4\webapps\cocoon\exslt\exsl\elements\document\base.css --> ftp.exslt.org /www.exslt.org/public_html/exsl/elements/document base.css
102.12.11 11:05 B C:\jakarta-tomcat-3.2.4\webapps\cocoon\exslt\exsl\elements\document\exsl.document.1.html --> ftp.exslt.org /www.exslt.org/public_html/exsl/elements/document exsl.document.1.html
102.12.11 11:05 B C:\jakarta-tomcat-3.2.4\webapps\cocoon\exslt\exsl\elements\document\exsl.document.html --> ftp.exslt.org /www.exslt.org/public_html/exsl/elements/document exsl.document.html
102.12.11 11:05 B C:\jakarta-tomcat-3.2.4\webapps\cocoon\exslt\exsl\elements\document\exsl.document.package.txt --> ftp.exslt.org /www.exslt.org/public_html/exsl/elements/document exsl.document.package.txt
102.12.11 11:05 B C:\jakarta-tomcat-3.2.4\webapps\cocoon\exslt\exsl\elements\document\exsl.document.use-cases.txt --> ftp.exslt.org /www.exslt.org/public_html/exsl/elements/document exsl.document.use-cases.txt
102.12.11 11:05 B C:\jakarta-tomcat-3.2.4\webapps\cocoon\exslt\exsl\elements\document\exsl.document.use-cases.zip --> ftp.exslt.org /www.exslt.org/public_html/exsl/elements/document exsl.document.use-cases.zip
102.12.11 11:05 B C:\jakarta-tomcat-3.2.4\webapps\cocoon\exslt\exsl\elements\document\exsl.document.xml --> ftp.exslt.org /www.exslt.org/public_html/exsl/elements/document exsl.document.xml
102.12.11 11:05 B C:\jakarta-tomcat-3.2.4\webapps\cocoon\exslt\exsl\elements\document\exsl.document.zip --> ftp.exslt.org /www.exslt.org/public_html/exsl/elements/document exsl.document.zip
102.12.11 11:05 B C:\jakarta-tomcat-3.2.4\webapps\cocoon\exslt\exsl\elements\document\index.html --> ftp.exslt.org /www.exslt.org/public_html/exsl/elements/document index.html
102.12.11 11:05 B C:\jakarta-tomcat-3.2.4\webapps\cocoon\exslt\exsl\elements\document\out.html --> ftp.exslt.org /www.exslt.org/public_html/exsl/elements/document out.html
102.12.11 11:05 B C:\jakarta-tomcat-3.2.4\webapps\cocoon\exslt\exsl\elements\document\refresh.bat --> ftp.exslt.org /www.exslt.org/public_html/exsl/elements/document refresh.bat
102.12.11 11:05 B C:\jakarta-tomcat-3.2.4\webapps\cocoon\exslt\exsl\elements\document\update.bat --> ftp.exslt.org /www.exslt.org/public_html/exsl/elements/document update.bat
103.09.29 15:31 B C:\jakarta-tomcat-3.2.4\webapps\cocoon\exslt\exsl\elements\document\WS_FTP.LOG <-- ftp.exslt.org /www.exslt.org/public_html/exsl/elements/document WS_FTP.LOG
103.10.21 13:07 B C:\jakarta-tomcat-3.2.4\webapps\cocoon\exslt\exsl\elements\document\base.css --> marian.cs.nott.ac.uk /stud/pg/cds/exslt/exsl/elements/document base.css
103.10.21 13:07 B C:\jakarta-tomcat-3.2.4\webapps\cocoon\exslt\exsl\elements\document\exsl.document.1.html --> marian.cs.nott.ac.uk /stud/pg/cds/exslt/exsl/elements/document exsl.document.1.html
103.10.21 13:07 B C:\jakarta-tomcat-3.2.4\webapps\cocoon\exslt\exsl\elements\document\exsl.document.html --> marian.cs.nott.ac.uk /stud/pg/cds/exslt/exsl/elements/document exsl.document.html
103.10.21 13:07 B C:\jakarta-tomcat-3.2.4\webapps\cocoon\exslt\exsl\elements\document\exsl.document.package.txt --> marian.cs.nott.ac.uk /stud/pg/cds/exslt/exsl/elements/document exsl.document.package.txt
103.10.21 13:07 B C:\jakarta-tomcat-3.2.4\webapps\cocoon\exslt\exsl\elements\document\exsl.document.use-cases.txt --> marian.cs.nott.ac.uk /stud/pg/cds/exslt/exsl/elements/document exsl.document.use-cases.txt
103.10.21 13:07 B C:\jakarta-tomcat-3.2.4\webapps\cocoon\exslt\exsl\elements\document\exsl.document.use-cases.zip --> marian.cs.nott.ac.uk /stud/pg/cds/exslt/exsl/elements/document exsl.document.use-cases.zip
103.10.21 13:07 B C:\jakarta-tomcat-3.2.4\webapps\cocoon\exslt\exsl\elements\document\exsl.document.xml --> marian.cs.nott.ac.uk /stud/pg/cds/exslt/exsl/elements/document exsl.document.xml
103.10.21 13:07 B C:\jakarta-tomcat-3.2.4\webapps\cocoon\exslt\exsl\elements\document\exsl.document.zip --> marian.cs.nott.ac.uk /stud/pg/cds/exslt/exsl/elements/document exsl.document.zip
103.10.21 13:07 B C:\jakarta-tomcat-3.2.4\webapps\cocoon\exslt\exsl\elements\document\index.html --> marian.cs.nott.ac.uk /stud/pg/cds/exslt/exsl/elements/document index.html
103.10.21 13:07 B C:\jakarta-tomcat-3.2.4\webapps\cocoon\exslt\exsl\elements\document\out.html --> marian.cs.nott.ac.uk /stud/pg/cds/exslt/exsl/elements/document out.html
103.10.21 13:07 B C:\jakarta-tomcat-3.2.4\webapps\cocoon\exslt\exsl\elements\document\refresh.bat --> marian.cs.nott.ac.uk /stud/pg/cds/exslt/exsl/elements/document refresh.bat
103.10.21 13:07 B C:\jakarta-tomcat-3.2.4\webapps\cocoon\exslt\exsl\elements\document\update.bat --> marian.cs.nott.ac.uk /stud/pg/cds/exslt/exsl/elements/document update.bat
103.10.21 13:07 B C:\jakarta-tomcat-3.2.4\webapps\cocoon\exslt\exsl\elements\document\WS_FTP.LOG --> marian.cs.nott.ac.uk /stud/pg/cds/exslt/exsl/elements/document WS_FTP.LOG
103.10.23 15:46 B C:\jakarta-tomcat-3.2.4\webapps\cocoon\exslt\exsl\elements\document\base.css --> ftp.exslt.org /www.exslt.org/public_html/exsl/elements/document base.css
103.10.23 15:46 B C:\jakarta-tomcat-3.2.4\webapps\cocoon\exslt\exsl\elements\document\exsl.document.1.html --> ftp.exslt.org /www.exslt.org/public_html/exsl/elements/document exsl.document.1.html
103.10.23 15:46 B C:\jakarta-tomcat-3.2.4\webapps\cocoon\exslt\exsl\elements\document\exsl.document.html --> ftp.exslt.org /www.exslt.org/public_html/exsl/elements/document exsl.document.html
103.10.23 15:46 B C:\jakarta-tomcat-3.2.4\webapps\cocoon\exslt\exsl\elements\document\exsl.document.package.txt --> ftp.exslt.org /www.exslt.org/public_html/exsl/elements/document exsl.document.package.txt
103.10.23 15:46 B C:\jakarta-tomcat-3.2.4\webapps\cocoon\exslt\exsl\elements\document\exsl.document.use-cases.txt --> ftp.exslt.org /www.exslt.org/public_html/exsl/elements/document exsl.document.use-cases.txt
103.10.23 15:46 B C:\jakarta-tomcat-3.2.4\webapps\cocoon\exslt\exsl\elements\document\exsl.document.use-cases.zip --> ftp.exslt.org /www.exslt.org/public_html/exsl/elements/document exsl.document.use-cases.zip
103.10.23 15:46 B C:\jakarta-tomcat-3.2.4\webapps\cocoon\exslt\exsl\elements\document\exsl.document.xml --> ftp.exslt.org /www.exslt.org/public_html/exsl/elements/document exsl.document.xml
103.10.23 15:46 B C:\jakarta-tomcat-3.2.4\webapps\cocoon\exslt\exsl\elements\document\exsl.document.zip --> ftp.exslt.org /www.exslt.org/public_html/exsl/elements/document exsl.document.zip
103.10.23 15:46 B C:\jakarta-tomcat-3.2.4\webapps\cocoon\exslt\exsl\elements\document\index.html --> ftp.exslt.org /www.exslt.org/public_html/exsl/elements/document index.html
103.10.23 15:46 B C:\jakarta-tomcat-3.2.4\webapps\cocoon\exslt\exsl\elements\document\out.html --> ftp.exslt.org /www.exslt.org/public_html/exsl/elements/document out.html
103.10.23 15:46 B C:\jakarta-tomcat-3.2.4\webapps\cocoon\exslt\exsl\elements\document\refresh.bat --> ftp.exslt.org /www.exslt.org/public_html/exsl/elements/document refresh.bat
103.10.23 15:46 B C:\jakarta-tomcat-3.2.4\webapps\cocoon\exslt\exsl\elements\document\update.bat --> ftp.exslt.org /www.exslt.org/public_html/exsl/elements/document update.bat
