102.12.02 12:34 B C:\jakarta-tomcat-3.2.4\webapps\cocoon\exslt\public_html\submissions\math\math\functions\tan\math.tan.1.xml <-- ftp.exslt.org /www.exslt.org/public_html/submissions/math/math/functions/tan math.tan.1.xml
102.12.02 12:34 B C:\jakarta-tomcat-3.2.4\webapps\cocoon\exslt\public_html\submissions\math\math\functions\tan\math.tan.1.xsl <-- ftp.exslt.org /www.exslt.org/public_html/submissions/math/math/functions/tan math.tan.1.xsl
102.12.02 12:34 B C:\jakarta-tomcat-3.2.4\webapps\cocoon\exslt\public_html\submissions\math\math\functions\tan\math.tan.javascript.submission.xml <-- ftp.exslt.org /www.exslt.org/public_html/submissions/math/math/functions/tan math.tan.javascript.submission.xml
102.12.02 12:34 B C:\jakarta-tomcat-3.2.4\webapps\cocoon\exslt\public_html\submissions\math\math\functions\tan\math.tan.js <-- ftp.exslt.org /www.exslt.org/public_html/submissions/math/math/functions/tan math.tan.js
102.12.02 12:34 B C:\jakarta-tomcat-3.2.4\webapps\cocoon\exslt\public_html\submissions\math\math\functions\tan\math.tan.msxslt.submission.xml <-- ftp.exslt.org /www.exslt.org/public_html/submissions/math/math/functions/tan math.tan.msxslt.submission.xml
102.12.02 12:34 B C:\jakarta-tomcat-3.2.4\webapps\cocoon\exslt\public_html\submissions\math\math\functions\tan\math.tan.msxslt.xsl <-- ftp.exslt.org /www.exslt.org/public_html/submissions/math/math/functions/tan math.tan.msxslt.xsl
102.12.02 12:34 B C:\jakarta-tomcat-3.2.4\webapps\cocoon\exslt\public_html\submissions\math\math\functions\tan\math.tan.submission.xml <-- ftp.exslt.org /www.exslt.org/public_html/submissions/math/math/functions/tan math.tan.submission.xml
102.12.02 12:34 B C:\jakarta-tomcat-3.2.4\webapps\cocoon\exslt\public_html\submissions\math\math\functions\tan\math.tan.xsl <-- ftp.exslt.org /www.exslt.org/public_html/submissions/math/math/functions/tan math.tan.xsl
102.12.03 11:16 B C:\jakarta-tomcat-3.2.4\webapps\cocoon\exslt\submissions\math\math\functions\tan\math.tan.1.xml --> ftp.exslt.org /www.exslt.org/public_html/submissions/math/math/functions/tan math.tan.1.xml
102.12.03 11:16 B C:\jakarta-tomcat-3.2.4\webapps\cocoon\exslt\submissions\math\math\functions\tan\math.tan.1.xsl --> ftp.exslt.org /www.exslt.org/public_html/submissions/math/math/functions/tan math.tan.1.xsl
102.12.03 11:16 B C:\jakarta-tomcat-3.2.4\webapps\cocoon\exslt\submissions\math\math\functions\tan\math.tan.javascript.submission.xml --> ftp.exslt.org /www.exslt.org/public_html/submissions/math/math/functions/tan math.tan.javascript.submission.xml
102.12.03 11:16 B C:\jakarta-tomcat-3.2.4\webapps\cocoon\exslt\submissions\math\math\functions\tan\math.tan.js --> ftp.exslt.org /www.exslt.org/public_html/submissions/math/math/functions/tan math.tan.js
102.12.03 11:16 B C:\jakarta-tomcat-3.2.4\webapps\cocoon\exslt\submissions\math\math\functions\tan\math.tan.msxslt.submission.xml --> ftp.exslt.org /www.exslt.org/public_html/submissions/math/math/functions/tan math.tan.msxslt.submission.xml
102.12.03 11:16 B C:\jakarta-tomcat-3.2.4\webapps\cocoon\exslt\submissions\math\math\functions\tan\math.tan.msxslt.xsl --> ftp.exslt.org /www.exslt.org/public_html/submissions/math/math/functions/tan math.tan.msxslt.xsl
102.12.03 11:16 B C:\jakarta-tomcat-3.2.4\webapps\cocoon\exslt\submissions\math\math\functions\tan\math.tan.submission.xml --> ftp.exslt.org /www.exslt.org/public_html/submissions/math/math/functions/tan math.tan.submission.xml
102.12.03 11:16 B C:\jakarta-tomcat-3.2.4\webapps\cocoon\exslt\submissions\math\math\functions\tan\math.tan.xsl --> ftp.exslt.org /www.exslt.org/public_html/submissions/math/math/functions/tan math.tan.xsl
102.12.03 11:16 B C:\jakarta-tomcat-3.2.4\webapps\cocoon\exslt\submissions\math\math\functions\tan\WS_FTP.LOG --> ftp.exslt.org /www.exslt.org/public_html/submissions/math/math/functions/tan WS_FTP.LOG
102.12.11 11:14 B C:\jakarta-tomcat-3.2.4\webapps\cocoon\exslt\submissions\math\math\functions\tan\math.tan.1.xml --> ftp.exslt.org /www.exslt.org/public_html/submissions/math/math/functions/tan math.tan.1.xml
102.12.11 11:14 B C:\jakarta-tomcat-3.2.4\webapps\cocoon\exslt\submissions\math\math\functions\tan\math.tan.1.xsl --> ftp.exslt.org /www.exslt.org/public_html/submissions/math/math/functions/tan math.tan.1.xsl
102.12.11 11:14 B C:\jakarta-tomcat-3.2.4\webapps\cocoon\exslt\submissions\math\math\functions\tan\math.tan.javascript.submission.xml --> ftp.exslt.org /www.exslt.org/public_html/submissions/math/math/functions/tan math.tan.javascript.submission.xml
102.12.11 11:14 B C:\jakarta-tomcat-3.2.4\webapps\cocoon\exslt\submissions\math\math\functions\tan\math.tan.js --> ftp.exslt.org /www.exslt.org/public_html/submissions/math/math/functions/tan math.tan.js
102.12.11 11:14 B C:\jakarta-tomcat-3.2.4\webapps\cocoon\exslt\submissions\math\math\functions\tan\math.tan.msxslt.submission.xml --> ftp.exslt.org /www.exslt.org/public_html/submissions/math/math/functions/tan math.tan.msxslt.submission.xml
102.12.11 11:14 B C:\jakarta-tomcat-3.2.4\webapps\cocoon\exslt\submissions\math\math\functions\tan\math.tan.msxslt.xsl --> ftp.exslt.org /www.exslt.org/public_html/submissions/math/math/functions/tan math.tan.msxslt.xsl
102.12.11 11:14 B C:\jakarta-tomcat-3.2.4\webapps\cocoon\exslt\submissions\math\math\functions\tan\math.tan.submission.xml --> ftp.exslt.org /www.exslt.org/public_html/submissions/math/math/functions/tan math.tan.submission.xml
102.12.11 11:14 B C:\jakarta-tomcat-3.2.4\webapps\cocoon\exslt\submissions\math\math\functions\tan\math.tan.xsl --> ftp.exslt.org /www.exslt.org/public_html/submissions/math/math/functions/tan math.tan.xsl
