102.12.02 12:33 B C:\jakarta-tomcat-3.2.4\webapps\cocoon\exslt\public_html\schema\exslt.dtd <-- ftp.exslt.org /www.exslt.org/public_html/schema exslt.dtd
102.12.02 12:33 B C:\jakarta-tomcat-3.2.4\webapps\cocoon\exslt\public_html\schema\function.dtd <-- ftp.exslt.org /www.exslt.org/public_html/schema function.dtd
102.12.02 12:33 B C:\jakarta-tomcat-3.2.4\webapps\cocoon\exslt\public_html\schema\module.dtd <-- ftp.exslt.org /www.exslt.org/public_html/schema module.dtd
102.12.02 12:33 B C:\jakarta-tomcat-3.2.4\webapps\cocoon\exslt\public_html\schema\sample-and-dtds.zip <-- ftp.exslt.org /www.exslt.org/public_html/schema sample-and-dtds.zip
102.12.02 12:33 B C:\jakarta-tomcat-3.2.4\webapps\cocoon\exslt\public_html\schema\xhtml-lat1.ent <-- ftp.exslt.org /www.exslt.org/public_html/schema xhtml-lat1.ent
102.12.02 12:33 B C:\jakarta-tomcat-3.2.4\webapps\cocoon\exslt\public_html\schema\xhtml-special.ent <-- ftp.exslt.org /www.exslt.org/public_html/schema xhtml-special.ent
102.12.02 12:33 B C:\jakarta-tomcat-3.2.4\webapps\cocoon\exslt\public_html\schema\xhtml-symbol.ent <-- ftp.exslt.org /www.exslt.org/public_html/schema xhtml-symbol.ent
102.12.02 12:33 B C:\jakarta-tomcat-3.2.4\webapps\cocoon\exslt\public_html\schema\xhtml.soc <-- ftp.exslt.org /www.exslt.org/public_html/schema xhtml.soc
102.12.02 12:33 B C:\jakarta-tomcat-3.2.4\webapps\cocoon\exslt\public_html\schema\xhtml1-frameset.dtd <-- ftp.exslt.org /www.exslt.org/public_html/schema xhtml1-frameset.dtd
102.12.02 12:33 B C:\jakarta-tomcat-3.2.4\webapps\cocoon\exslt\public_html\schema\xhtml1-strict.dtd <-- ftp.exslt.org /www.exslt.org/public_html/schema xhtml1-strict.dtd
102.12.02 12:33 B C:\jakarta-tomcat-3.2.4\webapps\cocoon\exslt\public_html\schema\xhtml1-transitional.dtd <-- ftp.exslt.org /www.exslt.org/public_html/schema xhtml1-transitional.dtd
102.12.02 12:33 B C:\jakarta-tomcat-3.2.4\webapps\cocoon\exslt\public_html\schema\xhtml1.dcl <-- ftp.exslt.org /www.exslt.org/public_html/schema xhtml1.dcl
102.12.03 11:12 B C:\jakarta-tomcat-3.2.4\webapps\cocoon\exslt\schema\exslt.dtd --> ftp.exslt.org /www.exslt.org/public_html/schema exslt.dtd
102.12.03 11:12 B C:\jakarta-tomcat-3.2.4\webapps\cocoon\exslt\schema\function.dtd --> ftp.exslt.org /www.exslt.org/public_html/schema function.dtd
102.12.03 11:12 B C:\jakarta-tomcat-3.2.4\webapps\cocoon\exslt\schema\module.dtd --> ftp.exslt.org /www.exslt.org/public_html/schema module.dtd
102.12.03 11:12 B C:\jakarta-tomcat-3.2.4\webapps\cocoon\exslt\schema\sample-and-dtds.zip --> ftp.exslt.org /www.exslt.org/public_html/schema sample-and-dtds.zip
102.12.03 11:12 B C:\jakarta-tomcat-3.2.4\webapps\cocoon\exslt\schema\WS_FTP.LOG --> ftp.exslt.org /www.exslt.org/public_html/schema WS_FTP.LOG
102.12.03 11:12 B C:\jakarta-tomcat-3.2.4\webapps\cocoon\exslt\schema\xhtml-lat1.ent --> ftp.exslt.org /www.exslt.org/public_html/schema xhtml-lat1.ent
102.12.03 11:12 B C:\jakarta-tomcat-3.2.4\webapps\cocoon\exslt\schema\xhtml-special.ent --> ftp.exslt.org /www.exslt.org/public_html/schema xhtml-special.ent
102.12.03 11:12 B C:\jakarta-tomcat-3.2.4\webapps\cocoon\exslt\schema\xhtml-symbol.ent --> ftp.exslt.org /www.exslt.org/public_html/schema xhtml-symbol.ent
102.12.03 11:12 B C:\jakarta-tomcat-3.2.4\webapps\cocoon\exslt\schema\xhtml.soc --> ftp.exslt.org /www.exslt.org/public_html/schema xhtml.soc
102.12.03 11:12 B C:\jakarta-tomcat-3.2.4\webapps\cocoon\exslt\schema\xhtml1-frameset.dtd --> ftp.exslt.org /www.exslt.org/public_html/schema xhtml1-frameset.dtd
102.12.03 11:12 B C:\jakarta-tomcat-3.2.4\webapps\cocoon\exslt\schema\xhtml1-strict.dtd --> ftp.exslt.org /www.exslt.org/public_html/schema xhtml1-strict.dtd
102.12.03 11:12 B C:\jakarta-tomcat-3.2.4\webapps\cocoon\exslt\schema\xhtml1-transitional.dtd --> ftp.exslt.org /www.exslt.org/public_html/schema xhtml1-transitional.dtd
102.12.03 11:12 B C:\jakarta-tomcat-3.2.4\webapps\cocoon\exslt\schema\xhtml1.dcl --> ftp.exslt.org /www.exslt.org/public_html/schema xhtml1.dcl
102.12.11 11:07 B C:\jakarta-tomcat-3.2.4\webapps\cocoon\exslt\schema\exslt.dtd --> ftp.exslt.org /www.exslt.org/public_html/schema exslt.dtd
102.12.11 11:07 B C:\jakarta-tomcat-3.2.4\webapps\cocoon\exslt\schema\function.dtd --> ftp.exslt.org /www.exslt.org/public_html/schema function.dtd
102.12.11 11:07 B C:\jakarta-tomcat-3.2.4\webapps\cocoon\exslt\schema\module.dtd --> ftp.exslt.org /www.exslt.org/public_html/schema module.dtd
102.12.11 11:07 B C:\jakarta-tomcat-3.2.4\webapps\cocoon\exslt\schema\sample-and-dtds.zip --> ftp.exslt.org /www.exslt.org/public_html/schema sample-and-dtds.zip
102.12.11 11:07 B C:\jakarta-tomcat-3.2.4\webapps\cocoon\exslt\schema\WS_FTP.LOG --> ftp.exslt.org /www.exslt.org/public_html/schema WS_FTP.LOG
102.12.11 11:07 B C:\jakarta-tomcat-3.2.4\webapps\cocoon\exslt\schema\xhtml-lat1.ent --> ftp.exslt.org /www.exslt.org/public_html/schema xhtml-lat1.ent
102.12.11 11:07 B C:\jakarta-tomcat-3.2.4\webapps\cocoon\exslt\schema\xhtml-special.ent --> ftp.exslt.org /www.exslt.org/public_html/schema xhtml-special.ent
102.12.11 11:07 B C:\jakarta-tomcat-3.2.4\webapps\cocoon\exslt\schema\xhtml-symbol.ent --> ftp.exslt.org /www.exslt.org/public_html/schema xhtml-symbol.ent
102.12.11 11:07 B C:\jakarta-tomcat-3.2.4\webapps\cocoon\exslt\schema\xhtml.soc --> ftp.exslt.org /www.exslt.org/public_html/schema xhtml.soc
102.12.11 11:07 B C:\jakarta-tomcat-3.2.4\webapps\cocoon\exslt\schema\xhtml1-frameset.dtd --> ftp.exslt.org /www.exslt.org/public_html/schema xhtml1-frameset.dtd
102.12.11 11:07 B C:\jakarta-tomcat-3.2.4\webapps\cocoon\exslt\schema\xhtml1-strict.dtd --> ftp.exslt.org /www.exslt.org/public_html/schema xhtml1-strict.dtd
102.12.11 11:07 B C:\jakarta-tomcat-3.2.4\webapps\cocoon\exslt\schema\xhtml1-transitional.dtd --> ftp.exslt.org /www.exslt.org/public_html/schema xhtml1-transitional.dtd
102.12.11 11:07 B C:\jakarta-tomcat-3.2.4\webapps\cocoon\exslt\schema\xhtml1.dcl --> ftp.exslt.org /www.exslt.org/public_html/schema xhtml1.dcl
102.12.11 11:11 B C:\jakarta-tomcat-3.2.4\webapps\cocoon\exslt\schema\exslt.dtd --> ftp.exslt.org /www.exslt.org/public_html/schema exslt.dtd
102.12.11 11:11 B C:\jakarta-tomcat-3.2.4\webapps\cocoon\exslt\schema\function.dtd --> ftp.exslt.org /www.exslt.org/public_html/schema function.dtd
102.12.11 11:11 B C:\jakarta-tomcat-3.2.4\webapps\cocoon\exslt\schema\module.dtd --> ftp.exslt.org /www.exslt.org/public_html/schema module.dtd
102.12.11 11:11 B C:\jakarta-tomcat-3.2.4\webapps\cocoon\exslt\schema\sample-and-dtds.zip --> ftp.exslt.org /www.exslt.org/public_html/schema sample-and-dtds.zip
