102.12.02 12:34 B C:\jakarta-tomcat-3.2.4\webapps\cocoon\exslt\public_html\submissions\math\math\functions\abs\math.abs.1.xml <-- ftp.exslt.org /www.exslt.org/public_html/submissions/math/math/functions/abs math.abs.1.xml
102.12.02 12:34 B C:\jakarta-tomcat-3.2.4\webapps\cocoon\exslt\public_html\submissions\math\math\functions\abs\math.abs.1.xsl <-- ftp.exslt.org /www.exslt.org/public_html/submissions/math/math/functions/abs math.abs.1.xsl
102.12.02 12:34 B C:\jakarta-tomcat-3.2.4\webapps\cocoon\exslt\public_html\submissions\math\math\functions\abs\math.abs.javascript.submission.xml <-- ftp.exslt.org /www.exslt.org/public_html/submissions/math/math/functions/abs math.abs.javascript.submission.xml
102.12.02 12:34 B C:\jakarta-tomcat-3.2.4\webapps\cocoon\exslt\public_html\submissions\math\math\functions\abs\math.abs.js <-- ftp.exslt.org /www.exslt.org/public_html/submissions/math/math/functions/abs math.abs.js
102.12.02 12:34 B C:\jakarta-tomcat-3.2.4\webapps\cocoon\exslt\public_html\submissions\math\math\functions\abs\math.abs.msxslt.submission.xml <-- ftp.exslt.org /www.exslt.org/public_html/submissions/math/math/functions/abs math.abs.msxslt.submission.xml
102.12.02 12:34 B C:\jakarta-tomcat-3.2.4\webapps\cocoon\exslt\public_html\submissions\math\math\functions\abs\math.abs.msxslt.xsl <-- ftp.exslt.org /www.exslt.org/public_html/submissions/math/math/functions/abs math.abs.msxslt.xsl
102.12.02 12:34 B C:\jakarta-tomcat-3.2.4\webapps\cocoon\exslt\public_html\submissions\math\math\functions\abs\math.abs.submission.xml <-- ftp.exslt.org /www.exslt.org/public_html/submissions/math/math/functions/abs math.abs.submission.xml
102.12.02 12:34 B C:\jakarta-tomcat-3.2.4\webapps\cocoon\exslt\public_html\submissions\math\math\functions\abs\math.abs.xsl <-- ftp.exslt.org /www.exslt.org/public_html/submissions/math/math/functions/abs math.abs.xsl
102.12.03 11:16 B C:\jakarta-tomcat-3.2.4\webapps\cocoon\exslt\submissions\math\math\functions\abs\math.abs.1.xml --> ftp.exslt.org /www.exslt.org/public_html/submissions/math/math/functions/abs math.abs.1.xml
102.12.03 11:16 B C:\jakarta-tomcat-3.2.4\webapps\cocoon\exslt\submissions\math\math\functions\abs\math.abs.1.xsl --> ftp.exslt.org /www.exslt.org/public_html/submissions/math/math/functions/abs math.abs.1.xsl
102.12.03 11:16 B C:\jakarta-tomcat-3.2.4\webapps\cocoon\exslt\submissions\math\math\functions\abs\math.abs.javascript.submission.xml --> ftp.exslt.org /www.exslt.org/public_html/submissions/math/math/functions/abs math.abs.javascript.submission.xml
102.12.03 11:16 B C:\jakarta-tomcat-3.2.4\webapps\cocoon\exslt\submissions\math\math\functions\abs\math.abs.js --> ftp.exslt.org /www.exslt.org/public_html/submissions/math/math/functions/abs math.abs.js
102.12.03 11:16 B C:\jakarta-tomcat-3.2.4\webapps\cocoon\exslt\submissions\math\math\functions\abs\math.abs.msxslt.submission.xml --> ftp.exslt.org /www.exslt.org/public_html/submissions/math/math/functions/abs math.abs.msxslt.submission.xml
102.12.03 11:16 B C:\jakarta-tomcat-3.2.4\webapps\cocoon\exslt\submissions\math\math\functions\abs\math.abs.msxslt.xsl --> ftp.exslt.org /www.exslt.org/public_html/submissions/math/math/functions/abs math.abs.msxslt.xsl
102.12.03 11:16 B C:\jakarta-tomcat-3.2.4\webapps\cocoon\exslt\submissions\math\math\functions\abs\math.abs.submission.xml --> ftp.exslt.org /www.exslt.org/public_html/submissions/math/math/functions/abs math.abs.submission.xml
102.12.03 11:16 B C:\jakarta-tomcat-3.2.4\webapps\cocoon\exslt\submissions\math\math\functions\abs\math.abs.xsl --> ftp.exslt.org /www.exslt.org/public_html/submissions/math/math/functions/abs math.abs.xsl
102.12.03 11:16 B C:\jakarta-tomcat-3.2.4\webapps\cocoon\exslt\submissions\math\math\functions\abs\WS_FTP.LOG --> ftp.exslt.org /www.exslt.org/public_html/submissions/math/math/functions/abs WS_FTP.LOG
102.12.11 11:13 B C:\jakarta-tomcat-3.2.4\webapps\cocoon\exslt\submissions\math\math\functions\abs\math.abs.1.xml --> ftp.exslt.org /www.exslt.org/public_html/submissions/math/math/functions/abs math.abs.1.xml
102.12.11 11:13 B C:\jakarta-tomcat-3.2.4\webapps\cocoon\exslt\submissions\math\math\functions\abs\math.abs.1.xsl --> ftp.exslt.org /www.exslt.org/public_html/submissions/math/math/functions/abs math.abs.1.xsl
102.12.11 11:13 B C:\jakarta-tomcat-3.2.4\webapps\cocoon\exslt\submissions\math\math\functions\abs\math.abs.javascript.submission.xml --> ftp.exslt.org /www.exslt.org/public_html/submissions/math/math/functions/abs math.abs.javascript.submission.xml
102.12.11 11:13 B C:\jakarta-tomcat-3.2.4\webapps\cocoon\exslt\submissions\math\math\functions\abs\math.abs.js --> ftp.exslt.org /www.exslt.org/public_html/submissions/math/math/functions/abs math.abs.js
102.12.11 11:13 B C:\jakarta-tomcat-3.2.4\webapps\cocoon\exslt\submissions\math\math\functions\abs\math.abs.msxslt.submission.xml --> ftp.exslt.org /www.exslt.org/public_html/submissions/math/math/functions/abs math.abs.msxslt.submission.xml
102.12.11 11:13 B C:\jakarta-tomcat-3.2.4\webapps\cocoon\exslt\submissions\math\math\functions\abs\math.abs.msxslt.xsl --> ftp.exslt.org /www.exslt.org/public_html/submissions/math/math/functions/abs math.abs.msxslt.xsl
102.12.11 11:13 B C:\jakarta-tomcat-3.2.4\webapps\cocoon\exslt\submissions\math\math\functions\abs\math.abs.submission.xml --> ftp.exslt.org /www.exslt.org/public_html/submissions/math/math/functions/abs math.abs.submission.xml
102.12.11 11:13 B C:\jakarta-tomcat-3.2.4\webapps\cocoon\exslt\submissions\math\math\functions\abs\math.abs.xsl --> ftp.exslt.org /www.exslt.org/public_html/submissions/math/math/functions/abs math.abs.xsl
