102.08.21 17:24 B C:\jakarta-tomcat-3.2.4\webapps\cocoon\exslt\date\functions\add\base.css --> ftp.exslt.org /www.exslt.org/public_html/date/functions/add base.css
102.08.21 17:24 B C:\jakarta-tomcat-3.2.4\webapps\cocoon\exslt\date\functions\add\date.add.2.html --> ftp.exslt.org /www.exslt.org/public_html/date/functions/add date.add.2.html
102.08.21 17:24 B C:\jakarta-tomcat-3.2.4\webapps\cocoon\exslt\date\functions\add\date.add.function.xsl --> ftp.exslt.org /www.exslt.org/public_html/date/functions/add date.add.function.xsl
102.08.21 17:24 B C:\jakarta-tomcat-3.2.4\webapps\cocoon\exslt\date\functions\add\date.add.function.xsl.html --> ftp.exslt.org /www.exslt.org/public_html/date/functions/add date.add.function.xsl.html
102.08.21 17:24 B C:\jakarta-tomcat-3.2.4\webapps\cocoon\exslt\date\functions\add\date.add.html --> ftp.exslt.org /www.exslt.org/public_html/date/functions/add date.add.html
102.08.21 17:24 B C:\jakarta-tomcat-3.2.4\webapps\cocoon\exslt\date\functions\add\date.add.package.txt --> ftp.exslt.org /www.exslt.org/public_html/date/functions/add date.add.package.txt
102.08.21 17:24 B C:\jakarta-tomcat-3.2.4\webapps\cocoon\exslt\date\functions\add\date.add.template.xsl --> ftp.exslt.org /www.exslt.org/public_html/date/functions/add date.add.template.xsl
102.08.21 17:24 B C:\jakarta-tomcat-3.2.4\webapps\cocoon\exslt\date\functions\add\date.add.template.xsl.html --> ftp.exslt.org /www.exslt.org/public_html/date/functions/add date.add.template.xsl.html
102.08.21 17:24 B C:\jakarta-tomcat-3.2.4\webapps\cocoon\exslt\date\functions\add\date.add.use-cases.txt --> ftp.exslt.org /www.exslt.org/public_html/date/functions/add date.add.use-cases.txt
102.08.21 17:24 B C:\jakarta-tomcat-3.2.4\webapps\cocoon\exslt\date\functions\add\date.add.use-cases.zip --> ftp.exslt.org /www.exslt.org/public_html/date/functions/add date.add.use-cases.zip
102.08.21 17:24 B C:\jakarta-tomcat-3.2.4\webapps\cocoon\exslt\date\functions\add\date.add.xml --> ftp.exslt.org /www.exslt.org/public_html/date/functions/add date.add.xml
102.08.21 17:24 B C:\jakarta-tomcat-3.2.4\webapps\cocoon\exslt\date\functions\add\date.add.xsl --> ftp.exslt.org /www.exslt.org/public_html/date/functions/add date.add.xsl
102.08.21 17:24 B C:\jakarta-tomcat-3.2.4\webapps\cocoon\exslt\date\functions\add\date.add.zip --> ftp.exslt.org /www.exslt.org/public_html/date/functions/add date.add.zip
102.08.21 17:24 B C:\jakarta-tomcat-3.2.4\webapps\cocoon\exslt\date\functions\add\date.js --> ftp.exslt.org /www.exslt.org/public_html/date/functions/add date.js
102.08.21 17:24 B C:\jakarta-tomcat-3.2.4\webapps\cocoon\exslt\date\functions\add\date.js.html --> ftp.exslt.org /www.exslt.org/public_html/date/functions/add date.js.html
102.08.21 17:24 B C:\jakarta-tomcat-3.2.4\webapps\cocoon\exslt\date\functions\add\date.msxsl.xsl --> ftp.exslt.org /www.exslt.org/public_html/date/functions/add date.msxsl.xsl
102.08.21 17:24 B C:\jakarta-tomcat-3.2.4\webapps\cocoon\exslt\date\functions\add\date.msxsl.xsl.html --> ftp.exslt.org /www.exslt.org/public_html/date/functions/add date.msxsl.xsl.html
102.08.21 17:24 B C:\jakarta-tomcat-3.2.4\webapps\cocoon\exslt\date\functions\add\index.html --> ftp.exslt.org /www.exslt.org/public_html/date/functions/add index.html
102.08.21 17:24 B C:\jakarta-tomcat-3.2.4\webapps\cocoon\exslt\date\functions\add\refresh.bat --> ftp.exslt.org /www.exslt.org/public_html/date/functions/add refresh.bat
102.08.21 17:24 B C:\jakarta-tomcat-3.2.4\webapps\cocoon\exslt\date\functions\add\update.bat --> ftp.exslt.org /www.exslt.org/public_html/date/functions/add update.bat
102.08.21 17:30 B C:\jakarta-tomcat-3.2.4\webapps\cocoon\exslt\date\functions\add\base.css --> ftp.exslt.org /www.exslt.org/public_html/date/functions/add base.css
102.08.21 17:30 B C:\jakarta-tomcat-3.2.4\webapps\cocoon\exslt\date\functions\add\date.add.2.html --> ftp.exslt.org /www.exslt.org/public_html/date/functions/add date.add.2.html
102.08.21 17:30 B C:\jakarta-tomcat-3.2.4\webapps\cocoon\exslt\date\functions\add\date.add.function.xsl --> ftp.exslt.org /www.exslt.org/public_html/date/functions/add date.add.function.xsl
102.08.21 17:30 B C:\jakarta-tomcat-3.2.4\webapps\cocoon\exslt\date\functions\add\date.add.function.xsl.html --> ftp.exslt.org /www.exslt.org/public_html/date/functions/add date.add.function.xsl.html
102.08.21 17:30 B C:\jakarta-tomcat-3.2.4\webapps\cocoon\exslt\date\functions\add\date.add.html --> ftp.exslt.org /www.exslt.org/public_html/date/functions/add date.add.html
102.08.21 17:30 B C:\jakarta-tomcat-3.2.4\webapps\cocoon\exslt\date\functions\add\date.add.package.txt --> ftp.exslt.org /www.exslt.org/public_html/date/functions/add date.add.package.txt
102.08.21 17:30 B C:\jakarta-tomcat-3.2.4\webapps\cocoon\exslt\date\functions\add\date.add.template.xsl --> ftp.exslt.org /www.exslt.org/public_html/date/functions/add date.add.template.xsl
102.08.21 17:30 B C:\jakarta-tomcat-3.2.4\webapps\cocoon\exslt\date\functions\add\date.add.template.xsl.html --> ftp.exslt.org /www.exslt.org/public_html/date/functions/add date.add.template.xsl.html
102.08.21 17:30 B C:\jakarta-tomcat-3.2.4\webapps\cocoon\exslt\date\functions\add\date.add.use-cases.txt --> ftp.exslt.org /www.exslt.org/public_html/date/functions/add date.add.use-cases.txt
102.08.21 17:30 B C:\jakarta-tomcat-3.2.4\webapps\cocoon\exslt\date\functions\add\date.add.use-cases.zip --> ftp.exslt.org /www.exslt.org/public_html/date/functions/add date.add.use-cases.zip
102.08.21 17:30 B C:\jakarta-tomcat-3.2.4\webapps\cocoon\exslt\date\functions\add\date.add.xml --> ftp.exslt.org /www.exslt.org/public_html/date/functions/add date.add.xml
102.08.21 17:30 B C:\jakarta-tomcat-3.2.4\webapps\cocoon\exslt\date\functions\add\date.add.xsl --> ftp.exslt.org /www.exslt.org/public_html/date/functions/add date.add.xsl
102.08.21 17:30 B C:\jakarta-tomcat-3.2.4\webapps\cocoon\exslt\date\functions\add\date.add.zip --> ftp.exslt.org /www.exslt.org/public_html/date/functions/add date.add.zip
102.08.21 17:30 B C:\jakarta-tomcat-3.2.4\webapps\cocoon\exslt\date\functions\add\date.js --> ftp.exslt.org /www.exslt.org/public_html/date/functions/add date.js
102.08.21 17:30 B C:\jakarta-tomcat-3.2.4\webapps\cocoon\exslt\date\functions\add\date.js.html --> ftp.exslt.org /www.exslt.org/public_html/date/functions/add date.js.html
102.08.21 17:30 B C:\jakarta-tomcat-3.2.4\webapps\cocoon\exslt\date\functions\add\date.msxsl.xsl --> ftp.exslt.org /www.exslt.org/public_html/date/functions/add date.msxsl.xsl
102.08.21 17:30 B C:\jakarta-tomcat-3.2.4\webapps\cocoon\exslt\date\functions\add\date.msxsl.xsl.html --> ftp.exslt.org /www.exslt.org/public_html/date/functions/add date.msxsl.xsl.html
102.08.21 17:30 B C:\jakarta-tomcat-3.2.4\webapps\cocoon\exslt\date\functions\add\index.html --> ftp.exslt.org /www.exslt.org/public_html/date/functions/add index.html
102.08.21 17:30 B C:\jakarta-tomcat-3.2.4\webapps\cocoon\exslt\date\functions\add\refresh.bat --> ftp.exslt.org /www.exslt.org/public_html/date/functions/add refresh.bat
102.08.21 17:30 B C:\jakarta-tomcat-3.2.4\webapps\cocoon\exslt\date\functions\add\update.bat --> ftp.exslt.org /www.exslt.org/public_html/date/functions/add update.bat
102.08.21 17:30 B C:\jakarta-tomcat-3.2.4\webapps\cocoon\exslt\date\functions\add\WS_FTP.LOG --> ftp.exslt.org /www.exslt.org/public_html/date/functions/add WS_FTP.LOG
102.11.19 13:14 B C:\jakarta-tomcat-3.2.4\webapps\cocoon\exslt\date\functions\add\base.css --> ftp.exslt.org /www.exslt.org/public_html/date/functions/add base.css
102.11.19 13:14 B C:\jakarta-tomcat-3.2.4\webapps\cocoon\exslt\date\functions\add\date.add.2.html --> ftp.exslt.org /www.exslt.org/public_html/date/functions/add date.add.2.html
102.11.19 13:14 B C:\jakarta-tomcat-3.2.4\webapps\cocoon\exslt\date\functions\add\date.add.function.xsl --> ftp.exslt.org /www.exslt.org/public_html/date/functions/add date.add.function.xsl
102.11.19 13:14 B C:\jakarta-tomcat-3.2.4\webapps\cocoon\exslt\date\functions\add\date.add.function.xsl.html --> ftp.exslt.org /www.exslt.org/public_html/date/functions/add date.add.function.xsl.html
102.11.19 13:14 B C:\jakarta-tomcat-3.2.4\webapps\cocoon\exslt\date\functions\add\date.add.html --> ftp.exslt.org /www.exslt.org/public_html/date/functions/add date.add.html
102.11.19 13:14 B C:\jakarta-tomcat-3.2.4\webapps\cocoon\exslt\date\functions\add\date.add.package.txt --> ftp.exslt.org /www.exslt.org/public_html/date/functions/add date.add.package.txt
102.11.19 13:14 B C:\jakarta-tomcat-3.2.4\webapps\cocoon\exslt\date\functions\add\date.add.template.xsl --> ftp.exslt.org /www.exslt.org/public_html/date/functions/add date.add.template.xsl
102.11.19 13:14 B C:\jakarta-tomcat-3.2.4\webapps\cocoon\exslt\date\functions\add\date.add.template.xsl.html --> ftp.exslt.org /www.exslt.org/public_html/date/functions/add date.add.template.xsl.html
102.11.19 13:14 B C:\jakarta-tomcat-3.2.4\webapps\cocoon\exslt\date\functions\add\date.add.use-cases.txt --> ftp.exslt.org /www.exslt.org/public_html/date/functions/add date.add.use-cases.txt
102.11.19 13:14 B C:\jakarta-tomcat-3.2.4\webapps\cocoon\exslt\date\functions\add\date.add.use-cases.zip --> ftp.exslt.org /www.exslt.org/public_html/date/functions/add date.add.use-cases.zip
102.11.19 13:14 B C:\jakarta-tomcat-3.2.4\webapps\cocoon\exslt\date\functions\add\date.add.xml --> ftp.exslt.org /www.exslt.org/public_html/date/functions/add date.add.xml
102.11.19 13:14 B C:\jakarta-tomcat-3.2.4\webapps\cocoon\exslt\date\functions\add\date.add.xsl --> ftp.exslt.org /www.exslt.org/public_html/date/functions/add date.add.xsl
102.11.19 13:14 B C:\jakarta-tomcat-3.2.4\webapps\cocoon\exslt\date\functions\add\date.add.zip --> ftp.exslt.org /www.exslt.org/public_html/date/functions/add date.add.zip
102.11.19 13:14 B C:\jakarta-tomcat-3.2.4\webapps\cocoon\exslt\date\functions\add\date.js --> ftp.exslt.org /www.exslt.org/public_html/date/functions/add date.js
102.11.19 13:14 B C:\jakarta-tomcat-3.2.4\webapps\cocoon\exslt\date\functions\add\date.js.html --> ftp.exslt.org /www.exslt.org/public_html/date/functions/add date.js.html
102.11.19 13:14 B C:\jakarta-tomcat-3.2.4\webapps\cocoon\exslt\date\functions\add\date.msxsl.xsl --> ftp.exslt.org /www.exslt.org/public_html/date/functions/add date.msxsl.xsl
102.11.19 13:14 B C:\jakarta-tomcat-3.2.4\webapps\cocoon\exslt\date\functions\add\date.msxsl.xsl.html --> ftp.exslt.org /www.exslt.org/public_html/date/functions/add date.msxsl.xsl.html
102.11.19 13:14 B C:\jakarta-tomcat-3.2.4\webapps\cocoon\exslt\date\functions\add\index.html --> ftp.exslt.org /www.exslt.org/public_html/date/functions/add index.html
102.11.19 13:14 B C:\jakarta-tomcat-3.2.4\webapps\cocoon\exslt\date\functions\add\refresh.bat --> ftp.exslt.org /www.exslt.org/public_html/date/functions/add refresh.bat
102.11.19 13:14 B C:\jakarta-tomcat-3.2.4\webapps\cocoon\exslt\date\functions\add\update.bat --> ftp.exslt.org /www.exslt.org/public_html/date/functions/add update.bat
102.11.19 13:14 B C:\jakarta-tomcat-3.2.4\webapps\cocoon\exslt\date\functions\add\WS_FTP.LOG --> ftp.exslt.org /www.exslt.org/public_html/date/functions/add WS_FTP.LOG
102.11.19 13:20 B C:\jakarta-tomcat-3.2.4\webapps\cocoon\exslt\date\functions\add\base.css --> ftp.exslt.org /www.exslt.org/public_html/date/functions/add base.css
102.11.19 13:20 B C:\jakarta-tomcat-3.2.4\webapps\cocoon\exslt\date\functions\add\date.add.2.html --> ftp.exslt.org /www.exslt.org/public_html/date/functions/add date.add.2.html
102.11.19 13:20 B C:\jakarta-tomcat-3.2.4\webapps\cocoon\exslt\date\functions\add\date.add.function.xsl --> ftp.exslt.org /www.exslt.org/public_html/date/functions/add date.add.function.xsl
102.11.19 13:20 B C:\jakarta-tomcat-3.2.4\webapps\cocoon\exslt\date\functions\add\date.add.function.xsl.html --> ftp.exslt.org /www.exslt.org/public_html/date/functions/add date.add.function.xsl.html
102.11.19 13:20 B C:\jakarta-tomcat-3.2.4\webapps\cocoon\exslt\date\functions\add\date.add.html --> ftp.exslt.org /www.exslt.org/public_html/date/functions/add date.add.html
102.11.19 13:20 B C:\jakarta-tomcat-3.2.4\webapps\cocoon\exslt\date\functions\add\date.add.package.txt --> ftp.exslt.org /www.exslt.org/public_html/date/functions/add date.add.package.txt
102.11.19 13:20 B C:\jakarta-tomcat-3.2.4\webapps\cocoon\exslt\date\functions\add\date.add.template.xsl --> ftp.exslt.org /www.exslt.org/public_html/date/functions/add date.add.template.xsl
102.11.19 13:20 B C:\jakarta-tomcat-3.2.4\webapps\cocoon\exslt\date\functions\add\date.add.template.xsl.html --> ftp.exslt.org /www.exslt.org/public_html/date/functions/add date.add.template.xsl.html
102.11.19 13:20 B C:\jakarta-tomcat-3.2.4\webapps\cocoon\exslt\date\functions\add\date.add.use-cases.txt --> ftp.exslt.org /www.exslt.org/public_html/date/functions/add date.add.use-cases.txt
102.11.19 13:20 B C:\jakarta-tomcat-3.2.4\webapps\cocoon\exslt\date\functions\add\date.add.use-cases.zip --> ftp.exslt.org /www.exslt.org/public_html/date/functions/add date.add.use-cases.zip
102.11.19 13:20 B C:\jakarta-tomcat-3.2.4\webapps\cocoon\exslt\date\functions\add\date.add.xml --> ftp.exslt.org /www.exslt.org/public_html/date/functions/add date.add.xml
102.11.19 13:20 B C:\jakarta-tomcat-3.2.4\webapps\cocoon\exslt\date\functions\add\date.add.xsl --> ftp.exslt.org /www.exslt.org/public_html/date/functions/add date.add.xsl
102.11.19 13:20 B C:\jakarta-tomcat-3.2.4\webapps\cocoon\exslt\date\functions\add\date.add.zip --> ftp.exslt.org /www.exslt.org/public_html/date/functions/add date.add.zip
102.11.19 13:20 B C:\jakarta-tomcat-3.2.4\webapps\cocoon\exslt\date\functions\add\date.js --> ftp.exslt.org /www.exslt.org/public_html/date/functions/add date.js
102.11.19 13:20 B C:\jakarta-tomcat-3.2.4\webapps\cocoon\exslt\date\functions\add\date.js.html --> ftp.exslt.org /www.exslt.org/public_html/date/functions/add date.js.html
102.11.19 13:20 B C:\jakarta-tomcat-3.2.4\webapps\cocoon\exslt\date\functions\add\date.msxsl.xsl --> ftp.exslt.org /www.exslt.org/public_html/date/functions/add date.msxsl.xsl
102.11.19 13:20 B C:\jakarta-tomcat-3.2.4\webapps\cocoon\exslt\date\functions\add\date.msxsl.xsl.html --> ftp.exslt.org /www.exslt.org/public_html/date/functions/add date.msxsl.xsl.html
102.11.19 13:20 B C:\jakarta-tomcat-3.2.4\webapps\cocoon\exslt\date\functions\add\index.html --> ftp.exslt.org /www.exslt.org/public_html/date/functions/add index.html
102.11.19 13:20 B C:\jakarta-tomcat-3.2.4\webapps\cocoon\exslt\date\functions\add\refresh.bat --> ftp.exslt.org /www.exslt.org/public_html/date/functions/add refresh.bat
102.11.19 13:20 B C:\jakarta-tomcat-3.2.4\webapps\cocoon\exslt\date\functions\add\update.bat --> ftp.exslt.org /www.exslt.org/public_html/date/functions/add update.bat
102.12.02 12:21 B C:\jakarta-tomcat-3.2.4\webapps\cocoon\exslt\public_html\date\functions\add\WS_FTP.LOG <-- ftp.exslt.org /www.exslt.org/public_html/date/functions/add WS_FTP.LOG
102.12.03 11:04 B C:\jakarta-tomcat-3.2.4\webapps\cocoon\exslt\date\functions\add\base.css --> ftp.exslt.org /www.exslt.org/public_html/date/functions/add base.css
102.12.03 11:04 B C:\jakarta-tomcat-3.2.4\webapps\cocoon\exslt\date\functions\add\date.add.1.html --> ftp.exslt.org /www.exslt.org/public_html/date/functions/add date.add.1.html
102.12.03 11:04 B C:\jakarta-tomcat-3.2.4\webapps\cocoon\exslt\date\functions\add\date.add.1.xml --> ftp.exslt.org /www.exslt.org/public_html/date/functions/add date.add.1.xml
102.12.03 11:04 B C:\jakarta-tomcat-3.2.4\webapps\cocoon\exslt\date\functions\add\date.add.2.html --> ftp.exslt.org /www.exslt.org/public_html/date/functions/add date.add.2.html
102.12.03 11:04 B C:\jakarta-tomcat-3.2.4\webapps\cocoon\exslt\date\functions\add\date.add.function.xsl --> ftp.exslt.org /www.exslt.org/public_html/date/functions/add date.add.function.xsl
102.12.03 11:04 B C:\jakarta-tomcat-3.2.4\webapps\cocoon\exslt\date\functions\add\date.add.function.xsl.html --> ftp.exslt.org /www.exslt.org/public_html/date/functions/add date.add.function.xsl.html
102.12.03 11:04 B C:\jakarta-tomcat-3.2.4\webapps\cocoon\exslt\date\functions\add\date.add.html --> ftp.exslt.org /www.exslt.org/public_html/date/functions/add date.add.html
102.12.03 11:04 B C:\jakarta-tomcat-3.2.4\webapps\cocoon\exslt\date\functions\add\date.add.package.txt --> ftp.exslt.org /www.exslt.org/public_html/date/functions/add date.add.package.txt
102.12.03 11:04 B C:\jakarta-tomcat-3.2.4\webapps\cocoon\exslt\date\functions\add\date.add.template.xsl --> ftp.exslt.org /www.exslt.org/public_html/date/functions/add date.add.template.xsl
102.12.03 11:04 B C:\jakarta-tomcat-3.2.4\webapps\cocoon\exslt\date\functions\add\date.add.template.xsl.html --> ftp.exslt.org /www.exslt.org/public_html/date/functions/add date.add.template.xsl.html
102.12.03 11:04 B C:\jakarta-tomcat-3.2.4\webapps\cocoon\exslt\date\functions\add\date.add.use-cases.txt --> ftp.exslt.org /www.exslt.org/public_html/date/functions/add date.add.use-cases.txt
102.12.03 11:04 B C:\jakarta-tomcat-3.2.4\webapps\cocoon\exslt\date\functions\add\date.add.use-cases.zip --> ftp.exslt.org /www.exslt.org/public_html/date/functions/add date.add.use-cases.zip
102.12.03 11:04 B C:\jakarta-tomcat-3.2.4\webapps\cocoon\exslt\date\functions\add\date.add.xml --> ftp.exslt.org /www.exslt.org/public_html/date/functions/add date.add.xml
102.12.03 11:04 B C:\jakarta-tomcat-3.2.4\webapps\cocoon\exslt\date\functions\add\date.add.xsl --> ftp.exslt.org /www.exslt.org/public_html/date/functions/add date.add.xsl
102.12.03 11:04 B C:\jakarta-tomcat-3.2.4\webapps\cocoon\exslt\date\functions\add\date.add.zip --> ftp.exslt.org /www.exslt.org/public_html/date/functions/add date.add.zip
102.12.03 11:04 B C:\jakarta-tomcat-3.2.4\webapps\cocoon\exslt\date\functions\add\date.js --> ftp.exslt.org /www.exslt.org/public_html/date/functions/add date.js
102.12.03 11:04 B C:\jakarta-tomcat-3.2.4\webapps\cocoon\exslt\date\functions\add\date.js.html --> ftp.exslt.org /www.exslt.org/public_html/date/functions/add date.js.html
102.12.03 11:04 B C:\jakarta-tomcat-3.2.4\webapps\cocoon\exslt\date\functions\add\date.msxsl.xsl --> ftp.exslt.org /www.exslt.org/public_html/date/functions/add date.msxsl.xsl
102.12.03 11:04 B C:\jakarta-tomcat-3.2.4\webapps\cocoon\exslt\date\functions\add\date.msxsl.xsl.html --> ftp.exslt.org /www.exslt.org/public_html/date/functions/add date.msxsl.xsl.html
102.12.03 11:04 B C:\jakarta-tomcat-3.2.4\webapps\cocoon\exslt\date\functions\add\index.html --> ftp.exslt.org /www.exslt.org/public_html/date/functions/add index.html
102.12.03 11:04 B C:\jakarta-tomcat-3.2.4\webapps\cocoon\exslt\date\functions\add\out.html --> ftp.exslt.org /www.exslt.org/public_html/date/functions/add out.html
102.12.03 11:04 B C:\jakarta-tomcat-3.2.4\webapps\cocoon\exslt\date\functions\add\refresh.bat --> ftp.exslt.org /www.exslt.org/public_html/date/functions/add refresh.bat
102.12.03 11:04 B C:\jakarta-tomcat-3.2.4\webapps\cocoon\exslt\date\functions\add\update.bat --> ftp.exslt.org /www.exslt.org/public_html/date/functions/add update.bat
102.12.03 11:04 B C:\jakarta-tomcat-3.2.4\webapps\cocoon\exslt\date\functions\add\WS_FTP.LOG --> ftp.exslt.org /www.exslt.org/public_html/date/functions/add WS_FTP.LOG
102.12.03 11:09 B C:\jakarta-tomcat-3.2.4\webapps\cocoon\exslt\date\functions\add\base.css --> ftp.exslt.org /www.exslt.org/public_html/date/functions/add base.css
102.12.03 11:09 B C:\jakarta-tomcat-3.2.4\webapps\cocoon\exslt\date\functions\add\date.add.1.html --> ftp.exslt.org /www.exslt.org/public_html/date/functions/add date.add.1.html
102.12.03 11:09 B C:\jakarta-tomcat-3.2.4\webapps\cocoon\exslt\date\functions\add\date.add.1.xml --> ftp.exslt.org /www.exslt.org/public_html/date/functions/add date.add.1.xml
102.12.03 11:09 B C:\jakarta-tomcat-3.2.4\webapps\cocoon\exslt\date\functions\add\date.add.2.html --> ftp.exslt.org /www.exslt.org/public_html/date/functions/add date.add.2.html
102.12.03 11:09 B C:\jakarta-tomcat-3.2.4\webapps\cocoon\exslt\date\functions\add\date.add.function.xsl --> ftp.exslt.org /www.exslt.org/public_html/date/functions/add date.add.function.xsl
102.12.03 11:09 B C:\jakarta-tomcat-3.2.4\webapps\cocoon\exslt\date\functions\add\date.add.function.xsl.html --> ftp.exslt.org /www.exslt.org/public_html/date/functions/add date.add.function.xsl.html
102.12.03 11:09 B C:\jakarta-tomcat-3.2.4\webapps\cocoon\exslt\date\functions\add\date.add.html --> ftp.exslt.org /www.exslt.org/public_html/date/functions/add date.add.html
102.12.03 11:09 B C:\jakarta-tomcat-3.2.4\webapps\cocoon\exslt\date\functions\add\date.add.package.txt --> ftp.exslt.org /www.exslt.org/public_html/date/functions/add date.add.package.txt
102.12.03 11:09 B C:\jakarta-tomcat-3.2.4\webapps\cocoon\exslt\date\functions\add\date.add.template.xsl --> ftp.exslt.org /www.exslt.org/public_html/date/functions/add date.add.template.xsl
102.12.03 11:09 B C:\jakarta-tomcat-3.2.4\webapps\cocoon\exslt\date\functions\add\date.add.template.xsl.html --> ftp.exslt.org /www.exslt.org/public_html/date/functions/add date.add.template.xsl.html
102.12.03 11:09 B C:\jakarta-tomcat-3.2.4\webapps\cocoon\exslt\date\functions\add\date.add.use-cases.txt --> ftp.exslt.org /www.exslt.org/public_html/date/functions/add date.add.use-cases.txt
102.12.03 11:09 B C:\jakarta-tomcat-3.2.4\webapps\cocoon\exslt\date\functions\add\date.add.use-cases.zip --> ftp.exslt.org /www.exslt.org/public_html/date/functions/add date.add.use-cases.zip
102.12.03 11:09 B C:\jakarta-tomcat-3.2.4\webapps\cocoon\exslt\date\functions\add\date.add.xml --> ftp.exslt.org /www.exslt.org/public_html/date/functions/add date.add.xml
102.12.03 11:09 B C:\jakarta-tomcat-3.2.4\webapps\cocoon\exslt\date\functions\add\date.add.xsl --> ftp.exslt.org /www.exslt.org/public_html/date/functions/add date.add.xsl
102.12.03 11:09 B C:\jakarta-tomcat-3.2.4\webapps\cocoon\exslt\date\functions\add\date.add.zip --> ftp.exslt.org /www.exslt.org/public_html/date/functions/add date.add.zip
102.12.03 11:09 B C:\jakarta-tomcat-3.2.4\webapps\cocoon\exslt\date\functions\add\date.js --> ftp.exslt.org /www.exslt.org/public_html/date/functions/add date.js
102.12.03 11:09 B C:\jakarta-tomcat-3.2.4\webapps\cocoon\exslt\date\functions\add\date.js.html --> ftp.exslt.org /www.exslt.org/public_html/date/functions/add date.js.html
102.12.03 11:09 B C:\jakarta-tomcat-3.2.4\webapps\cocoon\exslt\date\functions\add\date.msxsl.xsl --> ftp.exslt.org /www.exslt.org/public_html/date/functions/add date.msxsl.xsl
102.12.03 11:09 B C:\jakarta-tomcat-3.2.4\webapps\cocoon\exslt\date\functions\add\date.msxsl.xsl.html --> ftp.exslt.org /www.exslt.org/public_html/date/functions/add date.msxsl.xsl.html
102.12.03 11:09 B C:\jakarta-tomcat-3.2.4\webapps\cocoon\exslt\date\functions\add\index.html --> ftp.exslt.org /www.exslt.org/public_html/date/functions/add index.html
102.12.03 11:09 B C:\jakarta-tomcat-3.2.4\webapps\cocoon\exslt\date\functions\add\out.html --> ftp.exslt.org /www.exslt.org/public_html/date/functions/add out.html
102.12.03 11:09 B C:\jakarta-tomcat-3.2.4\webapps\cocoon\exslt\date\functions\add\refresh.bat --> ftp.exslt.org /www.exslt.org/public_html/date/functions/add refresh.bat
102.12.03 11:09 B C:\jakarta-tomcat-3.2.4\webapps\cocoon\exslt\date\functions\add\update.bat --> ftp.exslt.org /www.exslt.org/public_html/date/functions/add update.bat
102.12.03 11:09 B C:\jakarta-tomcat-3.2.4\webapps\cocoon\exslt\date\functions\add\WS_FTP.LOG --> ftp.exslt.org /www.exslt.org/public_html/date/functions/add WS_FTP.LOG
102.12.11 10:53 B C:\jakarta-tomcat-3.2.4\webapps\cocoon\exslt\date\functions\add\base.css --> ftp.exslt.org /www.exslt.org/public_html/date/functions/add base.css
102.12.11 10:53 B C:\jakarta-tomcat-3.2.4\webapps\cocoon\exslt\date\functions\add\date.add.1.html --> ftp.exslt.org /www.exslt.org/public_html/date/functions/add date.add.1.html
102.12.11 10:53 B C:\jakarta-tomcat-3.2.4\webapps\cocoon\exslt\date\functions\add\date.add.1.xml --> ftp.exslt.org /www.exslt.org/public_html/date/functions/add date.add.1.xml
102.12.11 10:53 B C:\jakarta-tomcat-3.2.4\webapps\cocoon\exslt\date\functions\add\date.add.2.html --> ftp.exslt.org /www.exslt.org/public_html/date/functions/add date.add.2.html
102.12.11 10:53 B C:\jakarta-tomcat-3.2.4\webapps\cocoon\exslt\date\functions\add\date.add.function.xsl --> ftp.exslt.org /www.exslt.org/public_html/date/functions/add date.add.function.xsl
102.12.11 10:53 B C:\jakarta-tomcat-3.2.4\webapps\cocoon\exslt\date\functions\add\date.add.function.xsl.html --> ftp.exslt.org /www.exslt.org/public_html/date/functions/add date.add.function.xsl.html
102.12.11 10:53 B C:\jakarta-tomcat-3.2.4\webapps\cocoon\exslt\date\functions\add\date.add.html --> ftp.exslt.org /www.exslt.org/public_html/date/functions/add date.add.html
102.12.11 10:53 B C:\jakarta-tomcat-3.2.4\webapps\cocoon\exslt\date\functions\add\date.add.package.txt --> ftp.exslt.org /www.exslt.org/public_html/date/functions/add date.add.package.txt
102.12.11 10:53 B C:\jakarta-tomcat-3.2.4\webapps\cocoon\exslt\date\functions\add\date.add.template.xsl --> ftp.exslt.org /www.exslt.org/public_html/date/functions/add date.add.template.xsl
102.12.11 10:53 B C:\jakarta-tomcat-3.2.4\webapps\cocoon\exslt\date\functions\add\date.add.template.xsl.html --> ftp.exslt.org /www.exslt.org/public_html/date/functions/add date.add.template.xsl.html
102.12.11 10:53 B C:\jakarta-tomcat-3.2.4\webapps\cocoon\exslt\date\functions\add\date.add.use-cases.txt --> ftp.exslt.org /www.exslt.org/public_html/date/functions/add date.add.use-cases.txt
102.12.11 10:53 B C:\jakarta-tomcat-3.2.4\webapps\cocoon\exslt\date\functions\add\date.add.use-cases.zip --> ftp.exslt.org /www.exslt.org/public_html/date/functions/add date.add.use-cases.zip
102.12.11 10:53 B C:\jakarta-tomcat-3.2.4\webapps\cocoon\exslt\date\functions\add\date.add.xml --> ftp.exslt.org /www.exslt.org/public_html/date/functions/add date.add.xml
102.12.11 10:53 B C:\jakarta-tomcat-3.2.4\webapps\cocoon\exslt\date\functions\add\date.add.xsl --> ftp.exslt.org /www.exslt.org/public_html/date/functions/add date.add.xsl
102.12.11 10:53 B C:\jakarta-tomcat-3.2.4\webapps\cocoon\exslt\date\functions\add\date.add.zip --> ftp.exslt.org /www.exslt.org/public_html/date/functions/add date.add.zip
102.12.11 10:53 B C:\jakarta-tomcat-3.2.4\webapps\cocoon\exslt\date\functions\add\date.js --> ftp.exslt.org /www.exslt.org/public_html/date/functions/add date.js
102.12.11 10:53 B C:\jakarta-tomcat-3.2.4\webapps\cocoon\exslt\date\functions\add\date.js.html --> ftp.exslt.org /www.exslt.org/public_html/date/functions/add date.js.html
102.12.11 10:53 B C:\jakarta-tomcat-3.2.4\webapps\cocoon\exslt\date\functions\add\date.msxsl.xsl --> ftp.exslt.org /www.exslt.org/public_html/date/functions/add date.msxsl.xsl
102.12.11 10:53 B C:\jakarta-tomcat-3.2.4\webapps\cocoon\exslt\date\functions\add\date.msxsl.xsl.html --> ftp.exslt.org /www.exslt.org/public_html/date/functions/add date.msxsl.xsl.html
102.12.11 10:53 B C:\jakarta-tomcat-3.2.4\webapps\cocoon\exslt\date\functions\add\index.html --> ftp.exslt.org /www.exslt.org/public_html/date/functions/add index.html
102.12.11 10:53 B C:\jakarta-tomcat-3.2.4\webapps\cocoon\exslt\date\functions\add\out.html --> ftp.exslt.org /www.exslt.org/public_html/date/functions/add out.html
102.12.11 10:53 B C:\jakarta-tomcat-3.2.4\webapps\cocoon\exslt\date\functions\add\refresh.bat --> ftp.exslt.org /www.exslt.org/public_html/date/functions/add refresh.bat
102.12.11 10:53 B C:\jakarta-tomcat-3.2.4\webapps\cocoon\exslt\date\functions\add\update.bat --> ftp.exslt.org /www.exslt.org/public_html/date/functions/add update.bat
102.12.11 10:53 B C:\jakarta-tomcat-3.2.4\webapps\cocoon\exslt\date\functions\add\WS_FTP.LOG --> ftp.exslt.org /www.exslt.org/public_html/date/functions/add WS_FTP.LOG
102.12.11 11:01 B C:\jakarta-tomcat-3.2.4\webapps\cocoon\exslt\date\functions\add\base.css --> ftp.exslt.org /www.exslt.org/public_html/date/functions/add base.css
102.12.11 11:01 B C:\jakarta-tomcat-3.2.4\webapps\cocoon\exslt\date\functions\add\date.add.1.html --> ftp.exslt.org /www.exslt.org/public_html/date/functions/add date.add.1.html
102.12.11 11:01 B C:\jakarta-tomcat-3.2.4\webapps\cocoon\exslt\date\functions\add\date.add.1.xml --> ftp.exslt.org /www.exslt.org/public_html/date/functions/add date.add.1.xml
102.12.11 11:01 B C:\jakarta-tomcat-3.2.4\webapps\cocoon\exslt\date\functions\add\date.add.2.html --> ftp.exslt.org /www.exslt.org/public_html/date/functions/add date.add.2.html
102.12.11 11:01 B C:\jakarta-tomcat-3.2.4\webapps\cocoon\exslt\date\functions\add\date.add.function.xsl --> ftp.exslt.org /www.exslt.org/public_html/date/functions/add date.add.function.xsl
102.12.11 11:01 B C:\jakarta-tomcat-3.2.4\webapps\cocoon\exslt\date\functions\add\date.add.function.xsl.html --> ftp.exslt.org /www.exslt.org/public_html/date/functions/add date.add.function.xsl.html
102.12.11 11:01 B C:\jakarta-tomcat-3.2.4\webapps\cocoon\exslt\date\functions\add\date.add.html --> ftp.exslt.org /www.exslt.org/public_html/date/functions/add date.add.html
102.12.11 11:01 B C:\jakarta-tomcat-3.2.4\webapps\cocoon\exslt\date\functions\add\date.add.package.txt --> ftp.exslt.org /www.exslt.org/public_html/date/functions/add date.add.package.txt
102.12.11 11:01 B C:\jakarta-tomcat-3.2.4\webapps\cocoon\exslt\date\functions\add\date.add.template.xsl --> ftp.exslt.org /www.exslt.org/public_html/date/functions/add date.add.template.xsl
102.12.11 11:01 B C:\jakarta-tomcat-3.2.4\webapps\cocoon\exslt\date\functions\add\date.add.template.xsl.html --> ftp.exslt.org /www.exslt.org/public_html/date/functions/add date.add.template.xsl.html
102.12.11 11:01 B C:\jakarta-tomcat-3.2.4\webapps\cocoon\exslt\date\functions\add\date.add.use-cases.txt --> ftp.exslt.org /www.exslt.org/public_html/date/functions/add date.add.use-cases.txt
102.12.11 11:01 B C:\jakarta-tomcat-3.2.4\webapps\cocoon\exslt\date\functions\add\date.add.use-cases.zip --> ftp.exslt.org /www.exslt.org/public_html/date/functions/add date.add.use-cases.zip
102.12.11 11:01 B C:\jakarta-tomcat-3.2.4\webapps\cocoon\exslt\date\functions\add\date.add.xml --> ftp.exslt.org /www.exslt.org/public_html/date/functions/add date.add.xml
102.12.11 11:01 B C:\jakarta-tomcat-3.2.4\webapps\cocoon\exslt\date\functions\add\date.add.xsl --> ftp.exslt.org /www.exslt.org/public_html/date/functions/add date.add.xsl
102.12.11 11:01 B C:\jakarta-tomcat-3.2.4\webapps\cocoon\exslt\date\functions\add\date.add.zip --> ftp.exslt.org /www.exslt.org/public_html/date/functions/add date.add.zip
102.12.11 11:01 B C:\jakarta-tomcat-3.2.4\webapps\cocoon\exslt\date\functions\add\date.js --> ftp.exslt.org /www.exslt.org/public_html/date/functions/add date.js
102.12.11 11:01 B C:\jakarta-tomcat-3.2.4\webapps\cocoon\exslt\date\functions\add\date.js.html --> ftp.exslt.org /www.exslt.org/public_html/date/functions/add date.js.html
102.12.11 11:01 B C:\jakarta-tomcat-3.2.4\webapps\cocoon\exslt\date\functions\add\date.msxsl.xsl --> ftp.exslt.org /www.exslt.org/public_html/date/functions/add date.msxsl.xsl
102.12.11 11:01 B C:\jakarta-tomcat-3.2.4\webapps\cocoon\exslt\date\functions\add\date.msxsl.xsl.html --> ftp.exslt.org /www.exslt.org/public_html/date/functions/add date.msxsl.xsl.html
102.12.11 11:01 B C:\jakarta-tomcat-3.2.4\webapps\cocoon\exslt\date\functions\add\index.html --> ftp.exslt.org /www.exslt.org/public_html/date/functions/add index.html
102.12.11 11:01 B C:\jakarta-tomcat-3.2.4\webapps\cocoon\exslt\date\functions\add\out.html --> ftp.exslt.org /www.exslt.org/public_html/date/functions/add out.html
102.12.11 11:01 B C:\jakarta-tomcat-3.2.4\webapps\cocoon\exslt\date\functions\add\refresh.bat --> ftp.exslt.org /www.exslt.org/public_html/date/functions/add refresh.bat
102.12.11 11:01 B C:\jakarta-tomcat-3.2.4\webapps\cocoon\exslt\date\functions\add\update.bat --> ftp.exslt.org /www.exslt.org/public_html/date/functions/add update.bat
102.12.11 11:01 B C:\jakarta-tomcat-3.2.4\webapps\cocoon\exslt\date\functions\add\WS_FTP.LOG --> ftp.exslt.org /www.exslt.org/public_html/date/functions/add WS_FTP.LOG
102.12.11 11:03 B C:\jakarta-tomcat-3.2.4\webapps\cocoon\exslt\date\functions\add\base.css --> ftp.exslt.org /www.exslt.org/public_html/date/functions/add base.css
102.12.11 11:03 B C:\jakarta-tomcat-3.2.4\webapps\cocoon\exslt\date\functions\add\date.add.1.html --> ftp.exslt.org /www.exslt.org/public_html/date/functions/add date.add.1.html
102.12.11 11:03 B C:\jakarta-tomcat-3.2.4\webapps\cocoon\exslt\date\functions\add\date.add.1.xml --> ftp.exslt.org /www.exslt.org/public_html/date/functions/add date.add.1.xml
102.12.11 11:03 B C:\jakarta-tomcat-3.2.4\webapps\cocoon\exslt\date\functions\add\date.add.2.html --> ftp.exslt.org /www.exslt.org/public_html/date/functions/add date.add.2.html
102.12.11 11:03 B C:\jakarta-tomcat-3.2.4\webapps\cocoon\exslt\date\functions\add\date.add.function.xsl --> ftp.exslt.org /www.exslt.org/public_html/date/functions/add date.add.function.xsl
102.12.11 11:03 B C:\jakarta-tomcat-3.2.4\webapps\cocoon\exslt\date\functions\add\date.add.function.xsl.html --> ftp.exslt.org /www.exslt.org/public_html/date/functions/add date.add.function.xsl.html
102.12.11 11:03 B C:\jakarta-tomcat-3.2.4\webapps\cocoon\exslt\date\functions\add\date.add.html --> ftp.exslt.org /www.exslt.org/public_html/date/functions/add date.add.html
102.12.11 11:03 B C:\jakarta-tomcat-3.2.4\webapps\cocoon\exslt\date\functions\add\date.add.package.txt --> ftp.exslt.org /www.exslt.org/public_html/date/functions/add date.add.package.txt
102.12.11 11:03 B C:\jakarta-tomcat-3.2.4\webapps\cocoon\exslt\date\functions\add\date.add.template.xsl --> ftp.exslt.org /www.exslt.org/public_html/date/functions/add date.add.template.xsl
102.12.11 11:03 B C:\jakarta-tomcat-3.2.4\webapps\cocoon\exslt\date\functions\add\date.add.template.xsl.html --> ftp.exslt.org /www.exslt.org/public_html/date/functions/add date.add.template.xsl.html
102.12.11 11:03 B C:\jakarta-tomcat-3.2.4\webapps\cocoon\exslt\date\functions\add\date.add.use-cases.txt --> ftp.exslt.org /www.exslt.org/public_html/date/functions/add date.add.use-cases.txt
102.12.11 11:03 B C:\jakarta-tomcat-3.2.4\webapps\cocoon\exslt\date\functions\add\date.add.use-cases.zip --> ftp.exslt.org /www.exslt.org/public_html/date/functions/add date.add.use-cases.zip
102.12.11 11:03 B C:\jakarta-tomcat-3.2.4\webapps\cocoon\exslt\date\functions\add\date.add.xml --> ftp.exslt.org /www.exslt.org/public_html/date/functions/add date.add.xml
102.12.11 11:03 B C:\jakarta-tomcat-3.2.4\webapps\cocoon\exslt\date\functions\add\date.add.xsl --> ftp.exslt.org /www.exslt.org/public_html/date/functions/add date.add.xsl
102.12.11 11:03 B C:\jakarta-tomcat-3.2.4\webapps\cocoon\exslt\date\functions\add\date.add.zip --> ftp.exslt.org /www.exslt.org/public_html/date/functions/add date.add.zip
102.12.11 11:03 B C:\jakarta-tomcat-3.2.4\webapps\cocoon\exslt\date\functions\add\date.js --> ftp.exslt.org /www.exslt.org/public_html/date/functions/add date.js
102.12.11 11:03 B C:\jakarta-tomcat-3.2.4\webapps\cocoon\exslt\date\functions\add\date.js.html --> ftp.exslt.org /www.exslt.org/public_html/date/functions/add date.js.html
102.12.11 11:03 B C:\jakarta-tomcat-3.2.4\webapps\cocoon\exslt\date\functions\add\date.msxsl.xsl --> ftp.exslt.org /www.exslt.org/public_html/date/functions/add date.msxsl.xsl
102.12.11 11:03 B C:\jakarta-tomcat-3.2.4\webapps\cocoon\exslt\date\functions\add\date.msxsl.xsl.html --> ftp.exslt.org /www.exslt.org/public_html/date/functions/add date.msxsl.xsl.html
102.12.11 11:03 B C:\jakarta-tomcat-3.2.4\webapps\cocoon\exslt\date\functions\add\index.html --> ftp.exslt.org /www.exslt.org/public_html/date/functions/add index.html
102.12.11 11:03 B C:\jakarta-tomcat-3.2.4\webapps\cocoon\exslt\date\functions\add\out.html --> ftp.exslt.org /www.exslt.org/public_html/date/functions/add out.html
102.12.11 11:03 B C:\jakarta-tomcat-3.2.4\webapps\cocoon\exslt\date\functions\add\refresh.bat --> ftp.exslt.org /www.exslt.org/public_html/date/functions/add refresh.bat
102.12.11 11:03 B C:\jakarta-tomcat-3.2.4\webapps\cocoon\exslt\date\functions\add\update.bat --> ftp.exslt.org /www.exslt.org/public_html/date/functions/add update.bat
