102.08.21 17:33 B C:\jakarta-tomcat-3.2.4\webapps\cocoon\exslt\str\functions\tokenize\base.css --> ftp.exslt.org /www.exslt.org/public_html/str/functions/tokenize base.css
102.08.21 17:33 B C:\jakarta-tomcat-3.2.4\webapps\cocoon\exslt\str\functions\tokenize\index.html --> ftp.exslt.org /www.exslt.org/public_html/str/functions/tokenize index.html
102.08.21 17:33 B C:\jakarta-tomcat-3.2.4\webapps\cocoon\exslt\str\functions\tokenize\refresh.bat --> ftp.exslt.org /www.exslt.org/public_html/str/functions/tokenize refresh.bat
102.08.21 17:33 B C:\jakarta-tomcat-3.2.4\webapps\cocoon\exslt\str\functions\tokenize\str.tokenize.1.html --> ftp.exslt.org /www.exslt.org/public_html/str/functions/tokenize str.tokenize.1.html
102.08.21 17:33 B C:\jakarta-tomcat-3.2.4\webapps\cocoon\exslt\str\functions\tokenize\str.tokenize.1.xsl --> ftp.exslt.org /www.exslt.org/public_html/str/functions/tokenize str.tokenize.1.xsl
102.08.21 17:33 B C:\jakarta-tomcat-3.2.4\webapps\cocoon\exslt\str\functions\tokenize\str.tokenize.data.1.xml --> ftp.exslt.org /www.exslt.org/public_html/str/functions/tokenize str.tokenize.data.1.xml
102.08.21 17:33 B C:\jakarta-tomcat-3.2.4\webapps\cocoon\exslt\str\functions\tokenize\str.tokenize.function.xsl --> ftp.exslt.org /www.exslt.org/public_html/str/functions/tokenize str.tokenize.function.xsl
102.08.21 17:33 B C:\jakarta-tomcat-3.2.4\webapps\cocoon\exslt\str\functions\tokenize\str.tokenize.function.xsl.html --> ftp.exslt.org /www.exslt.org/public_html/str/functions/tokenize str.tokenize.function.xsl.html
102.08.21 17:33 B C:\jakarta-tomcat-3.2.4\webapps\cocoon\exslt\str\functions\tokenize\str.tokenize.html --> ftp.exslt.org /www.exslt.org/public_html/str/functions/tokenize str.tokenize.html
102.08.21 17:33 B C:\jakarta-tomcat-3.2.4\webapps\cocoon\exslt\str\functions\tokenize\str.tokenize.js --> ftp.exslt.org /www.exslt.org/public_html/str/functions/tokenize str.tokenize.js
102.08.21 17:33 B C:\jakarta-tomcat-3.2.4\webapps\cocoon\exslt\str\functions\tokenize\str.tokenize.js.html --> ftp.exslt.org /www.exslt.org/public_html/str/functions/tokenize str.tokenize.js.html
102.08.21 17:33 B C:\jakarta-tomcat-3.2.4\webapps\cocoon\exslt\str\functions\tokenize\str.tokenize.msxsl.xsl --> ftp.exslt.org /www.exslt.org/public_html/str/functions/tokenize str.tokenize.msxsl.xsl
102.08.21 17:33 B C:\jakarta-tomcat-3.2.4\webapps\cocoon\exslt\str\functions\tokenize\str.tokenize.msxsl.xsl.html --> ftp.exslt.org /www.exslt.org/public_html/str/functions/tokenize str.tokenize.msxsl.xsl.html
102.08.21 17:33 B C:\jakarta-tomcat-3.2.4\webapps\cocoon\exslt\str\functions\tokenize\str.tokenize.package.txt --> ftp.exslt.org /www.exslt.org/public_html/str/functions/tokenize str.tokenize.package.txt
102.08.21 17:33 B C:\jakarta-tomcat-3.2.4\webapps\cocoon\exslt\str\functions\tokenize\str.tokenize.template.xsl --> ftp.exslt.org /www.exslt.org/public_html/str/functions/tokenize str.tokenize.template.xsl
102.08.21 17:33 B C:\jakarta-tomcat-3.2.4\webapps\cocoon\exslt\str\functions\tokenize\str.tokenize.template.xsl.html --> ftp.exslt.org /www.exslt.org/public_html/str/functions/tokenize str.tokenize.template.xsl.html
102.08.21 17:33 B C:\jakarta-tomcat-3.2.4\webapps\cocoon\exslt\str\functions\tokenize\str.tokenize.use-case.1.html --> ftp.exslt.org /www.exslt.org/public_html/str/functions/tokenize str.tokenize.use-case.1.html
102.08.21 17:33 B C:\jakarta-tomcat-3.2.4\webapps\cocoon\exslt\str\functions\tokenize\str.tokenize.use-cases.txt --> ftp.exslt.org /www.exslt.org/public_html/str/functions/tokenize str.tokenize.use-cases.txt
102.08.21 17:33 B C:\jakarta-tomcat-3.2.4\webapps\cocoon\exslt\str\functions\tokenize\str.tokenize.use-cases.zip --> ftp.exslt.org /www.exslt.org/public_html/str/functions/tokenize str.tokenize.use-cases.zip
102.08.21 17:33 B C:\jakarta-tomcat-3.2.4\webapps\cocoon\exslt\str\functions\tokenize\str.tokenize.xml --> ftp.exslt.org /www.exslt.org/public_html/str/functions/tokenize str.tokenize.xml
102.08.21 17:33 B C:\jakarta-tomcat-3.2.4\webapps\cocoon\exslt\str\functions\tokenize\str.tokenize.xsl --> ftp.exslt.org /www.exslt.org/public_html/str/functions/tokenize str.tokenize.xsl
102.08.21 17:33 B C:\jakarta-tomcat-3.2.4\webapps\cocoon\exslt\str\functions\tokenize\str.tokenize.zip --> ftp.exslt.org /www.exslt.org/public_html/str/functions/tokenize str.tokenize.zip
102.08.21 17:33 B C:\jakarta-tomcat-3.2.4\webapps\cocoon\exslt\str\functions\tokenize\update.bat --> ftp.exslt.org /www.exslt.org/public_html/str/functions/tokenize update.bat
102.11.19 14:12 B C:\jakarta-tomcat-3.2.4\webapps\cocoon\exslt\str\functions\tokenize\base.css --> ftp.exslt.org /www.exslt.org/public_html/str/functions/tokenize base.css
102.11.19 14:12 B C:\jakarta-tomcat-3.2.4\webapps\cocoon\exslt\str\functions\tokenize\index.html --> ftp.exslt.org /www.exslt.org/public_html/str/functions/tokenize index.html
102.11.19 14:12 B C:\jakarta-tomcat-3.2.4\webapps\cocoon\exslt\str\functions\tokenize\refresh.bat --> ftp.exslt.org /www.exslt.org/public_html/str/functions/tokenize refresh.bat
102.11.19 14:12 B C:\jakarta-tomcat-3.2.4\webapps\cocoon\exslt\str\functions\tokenize\str.tokenize.1.html --> ftp.exslt.org /www.exslt.org/public_html/str/functions/tokenize str.tokenize.1.html
102.11.19 14:12 B C:\jakarta-tomcat-3.2.4\webapps\cocoon\exslt\str\functions\tokenize\str.tokenize.1.xsl --> ftp.exslt.org /www.exslt.org/public_html/str/functions/tokenize str.tokenize.1.xsl
102.11.19 14:12 B C:\jakarta-tomcat-3.2.4\webapps\cocoon\exslt\str\functions\tokenize\str.tokenize.data.1.xml --> ftp.exslt.org /www.exslt.org/public_html/str/functions/tokenize str.tokenize.data.1.xml
102.11.19 14:12 B C:\jakarta-tomcat-3.2.4\webapps\cocoon\exslt\str\functions\tokenize\str.tokenize.function.xsl --> ftp.exslt.org /www.exslt.org/public_html/str/functions/tokenize str.tokenize.function.xsl
102.11.19 14:12 B C:\jakarta-tomcat-3.2.4\webapps\cocoon\exslt\str\functions\tokenize\str.tokenize.function.xsl.html --> ftp.exslt.org /www.exslt.org/public_html/str/functions/tokenize str.tokenize.function.xsl.html
102.11.19 14:12 B C:\jakarta-tomcat-3.2.4\webapps\cocoon\exslt\str\functions\tokenize\str.tokenize.html --> ftp.exslt.org /www.exslt.org/public_html/str/functions/tokenize str.tokenize.html
102.11.19 14:12 B C:\jakarta-tomcat-3.2.4\webapps\cocoon\exslt\str\functions\tokenize\str.tokenize.js --> ftp.exslt.org /www.exslt.org/public_html/str/functions/tokenize str.tokenize.js
102.11.19 14:12 B C:\jakarta-tomcat-3.2.4\webapps\cocoon\exslt\str\functions\tokenize\str.tokenize.js.html --> ftp.exslt.org /www.exslt.org/public_html/str/functions/tokenize str.tokenize.js.html
102.11.19 14:12 B C:\jakarta-tomcat-3.2.4\webapps\cocoon\exslt\str\functions\tokenize\str.tokenize.msxsl.xsl --> ftp.exslt.org /www.exslt.org/public_html/str/functions/tokenize str.tokenize.msxsl.xsl
102.11.19 14:12 B C:\jakarta-tomcat-3.2.4\webapps\cocoon\exslt\str\functions\tokenize\str.tokenize.msxsl.xsl.html --> ftp.exslt.org /www.exslt.org/public_html/str/functions/tokenize str.tokenize.msxsl.xsl.html
102.11.19 14:12 B C:\jakarta-tomcat-3.2.4\webapps\cocoon\exslt\str\functions\tokenize\str.tokenize.package.txt --> ftp.exslt.org /www.exslt.org/public_html/str/functions/tokenize str.tokenize.package.txt
102.11.19 14:12 B C:\jakarta-tomcat-3.2.4\webapps\cocoon\exslt\str\functions\tokenize\str.tokenize.template.xsl --> ftp.exslt.org /www.exslt.org/public_html/str/functions/tokenize str.tokenize.template.xsl
102.11.19 14:12 B C:\jakarta-tomcat-3.2.4\webapps\cocoon\exslt\str\functions\tokenize\str.tokenize.template.xsl.html --> ftp.exslt.org /www.exslt.org/public_html/str/functions/tokenize str.tokenize.template.xsl.html
102.11.19 14:12 B C:\jakarta-tomcat-3.2.4\webapps\cocoon\exslt\str\functions\tokenize\str.tokenize.use-case.1.html --> ftp.exslt.org /www.exslt.org/public_html/str/functions/tokenize str.tokenize.use-case.1.html
102.11.19 14:12 B C:\jakarta-tomcat-3.2.4\webapps\cocoon\exslt\str\functions\tokenize\str.tokenize.use-cases.txt --> ftp.exslt.org /www.exslt.org/public_html/str/functions/tokenize str.tokenize.use-cases.txt
102.11.19 14:12 B C:\jakarta-tomcat-3.2.4\webapps\cocoon\exslt\str\functions\tokenize\str.tokenize.use-cases.zip --> ftp.exslt.org /www.exslt.org/public_html/str/functions/tokenize str.tokenize.use-cases.zip
102.11.19 14:12 B C:\jakarta-tomcat-3.2.4\webapps\cocoon\exslt\str\functions\tokenize\str.tokenize.xml --> ftp.exslt.org /www.exslt.org/public_html/str/functions/tokenize str.tokenize.xml
102.11.19 14:12 B C:\jakarta-tomcat-3.2.4\webapps\cocoon\exslt\str\functions\tokenize\str.tokenize.xsl --> ftp.exslt.org /www.exslt.org/public_html/str/functions/tokenize str.tokenize.xsl
102.11.19 14:12 B C:\jakarta-tomcat-3.2.4\webapps\cocoon\exslt\str\functions\tokenize\str.tokenize.zip --> ftp.exslt.org /www.exslt.org/public_html/str/functions/tokenize str.tokenize.zip
102.11.19 14:12 B C:\jakarta-tomcat-3.2.4\webapps\cocoon\exslt\str\functions\tokenize\update.bat --> ftp.exslt.org /www.exslt.org/public_html/str/functions/tokenize update.bat
102.12.02 12:34 B C:\jakarta-tomcat-3.2.4\webapps\cocoon\exslt\public_html\str\functions\tokenize\WS_FTP.LOG <-- ftp.exslt.org /www.exslt.org/public_html/str/functions/tokenize WS_FTP.LOG
102.12.03 11:15 B C:\jakarta-tomcat-3.2.4\webapps\cocoon\exslt\str\functions\tokenize\base.css --> ftp.exslt.org /www.exslt.org/public_html/str/functions/tokenize base.css
102.12.03 11:15 B C:\jakarta-tomcat-3.2.4\webapps\cocoon\exslt\str\functions\tokenize\index.html --> ftp.exslt.org /www.exslt.org/public_html/str/functions/tokenize index.html
102.12.03 11:15 B C:\jakarta-tomcat-3.2.4\webapps\cocoon\exslt\str\functions\tokenize\out.html --> ftp.exslt.org /www.exslt.org/public_html/str/functions/tokenize out.html
102.12.03 11:15 B C:\jakarta-tomcat-3.2.4\webapps\cocoon\exslt\str\functions\tokenize\refresh.bat --> ftp.exslt.org /www.exslt.org/public_html/str/functions/tokenize refresh.bat
102.12.03 11:15 B C:\jakarta-tomcat-3.2.4\webapps\cocoon\exslt\str\functions\tokenize\str.fo --> ftp.exslt.org /www.exslt.org/public_html/str/functions/tokenize str.fo
102.12.03 11:15 B C:\jakarta-tomcat-3.2.4\webapps\cocoon\exslt\str\functions\tokenize\str.tokenize.1.html --> ftp.exslt.org /www.exslt.org/public_html/str/functions/tokenize str.tokenize.1.html
102.12.03 11:15 B C:\jakarta-tomcat-3.2.4\webapps\cocoon\exslt\str\functions\tokenize\str.tokenize.1.xsl --> ftp.exslt.org /www.exslt.org/public_html/str/functions/tokenize str.tokenize.1.xsl
102.12.03 11:15 B C:\jakarta-tomcat-3.2.4\webapps\cocoon\exslt\str\functions\tokenize\str.tokenize.data.1.xml --> ftp.exslt.org /www.exslt.org/public_html/str/functions/tokenize str.tokenize.data.1.xml
102.12.03 11:15 B C:\jakarta-tomcat-3.2.4\webapps\cocoon\exslt\str\functions\tokenize\str.tokenize.function.pdf --> ftp.exslt.org /www.exslt.org/public_html/str/functions/tokenize str.tokenize.function.pdf
102.12.03 11:15 B C:\jakarta-tomcat-3.2.4\webapps\cocoon\exslt\str\functions\tokenize\str.tokenize.function.xsl --> ftp.exslt.org /www.exslt.org/public_html/str/functions/tokenize str.tokenize.function.xsl
102.12.03 11:15 B C:\jakarta-tomcat-3.2.4\webapps\cocoon\exslt\str\functions\tokenize\str.tokenize.function.xsl.html --> ftp.exslt.org /www.exslt.org/public_html/str/functions/tokenize str.tokenize.function.xsl.html
102.12.03 11:15 B C:\jakarta-tomcat-3.2.4\webapps\cocoon\exslt\str\functions\tokenize\str.tokenize.html --> ftp.exslt.org /www.exslt.org/public_html/str/functions/tokenize str.tokenize.html
102.12.03 11:15 B C:\jakarta-tomcat-3.2.4\webapps\cocoon\exslt\str\functions\tokenize\str.tokenize.js --> ftp.exslt.org /www.exslt.org/public_html/str/functions/tokenize str.tokenize.js
102.12.03 11:15 B C:\jakarta-tomcat-3.2.4\webapps\cocoon\exslt\str\functions\tokenize\str.tokenize.js.html --> ftp.exslt.org /www.exslt.org/public_html/str/functions/tokenize str.tokenize.js.html
102.12.03 11:15 B C:\jakarta-tomcat-3.2.4\webapps\cocoon\exslt\str\functions\tokenize\str.tokenize.msxsl.xsl --> ftp.exslt.org /www.exslt.org/public_html/str/functions/tokenize str.tokenize.msxsl.xsl
102.12.03 11:15 B C:\jakarta-tomcat-3.2.4\webapps\cocoon\exslt\str\functions\tokenize\str.tokenize.msxsl.xsl.html --> ftp.exslt.org /www.exslt.org/public_html/str/functions/tokenize str.tokenize.msxsl.xsl.html
102.12.03 11:15 B C:\jakarta-tomcat-3.2.4\webapps\cocoon\exslt\str\functions\tokenize\str.tokenize.package.txt --> ftp.exslt.org /www.exslt.org/public_html/str/functions/tokenize str.tokenize.package.txt
102.12.03 11:15 B C:\jakarta-tomcat-3.2.4\webapps\cocoon\exslt\str\functions\tokenize\str.tokenize.template.xsl --> ftp.exslt.org /www.exslt.org/public_html/str/functions/tokenize str.tokenize.template.xsl
102.12.03 11:15 B C:\jakarta-tomcat-3.2.4\webapps\cocoon\exslt\str\functions\tokenize\str.tokenize.template.xsl.html --> ftp.exslt.org /www.exslt.org/public_html/str/functions/tokenize str.tokenize.template.xsl.html
102.12.03 11:15 B C:\jakarta-tomcat-3.2.4\webapps\cocoon\exslt\str\functions\tokenize\str.tokenize.use-case.1.html --> ftp.exslt.org /www.exslt.org/public_html/str/functions/tokenize str.tokenize.use-case.1.html
102.12.03 11:15 B C:\jakarta-tomcat-3.2.4\webapps\cocoon\exslt\str\functions\tokenize\str.tokenize.use-cases.txt --> ftp.exslt.org /www.exslt.org/public_html/str/functions/tokenize str.tokenize.use-cases.txt
102.12.03 11:15 B C:\jakarta-tomcat-3.2.4\webapps\cocoon\exslt\str\functions\tokenize\str.tokenize.use-cases.zip --> ftp.exslt.org /www.exslt.org/public_html/str/functions/tokenize str.tokenize.use-cases.zip
102.12.03 11:15 B C:\jakarta-tomcat-3.2.4\webapps\cocoon\exslt\str\functions\tokenize\str.tokenize.xml --> ftp.exslt.org /www.exslt.org/public_html/str/functions/tokenize str.tokenize.xml
102.12.03 11:15 B C:\jakarta-tomcat-3.2.4\webapps\cocoon\exslt\str\functions\tokenize\str.tokenize.xsl --> ftp.exslt.org /www.exslt.org/public_html/str/functions/tokenize str.tokenize.xsl
102.12.03 11:15 B C:\jakarta-tomcat-3.2.4\webapps\cocoon\exslt\str\functions\tokenize\str.tokenize.zip --> ftp.exslt.org /www.exslt.org/public_html/str/functions/tokenize str.tokenize.zip
102.12.03 11:15 B C:\jakarta-tomcat-3.2.4\webapps\cocoon\exslt\str\functions\tokenize\update.bat --> ftp.exslt.org /www.exslt.org/public_html/str/functions/tokenize update.bat
103.09.29 16:34 B C:\jakarta-tomcat-3.2.4\webapps\cocoon\exslt\str\functions\tokenize\WS_FTP.LOG <-- ftp.exslt.org /www.exslt.org/public_html/str/functions/tokenize WS_FTP.LOG
103.10.21 13:12 B C:\jakarta-tomcat-3.2.4\webapps\cocoon\exslt\str\functions\tokenize\base.css --> marian.cs.nott.ac.uk /stud/pg/cds/exslt/str/functions/tokenize base.css
103.10.21 13:12 B C:\jakarta-tomcat-3.2.4\webapps\cocoon\exslt\str\functions\tokenize\index.html --> marian.cs.nott.ac.uk /stud/pg/cds/exslt/str/functions/tokenize index.html
103.10.21 13:12 B C:\jakarta-tomcat-3.2.4\webapps\cocoon\exslt\str\functions\tokenize\out.html --> marian.cs.nott.ac.uk /stud/pg/cds/exslt/str/functions/tokenize out.html
103.10.21 13:12 B C:\jakarta-tomcat-3.2.4\webapps\cocoon\exslt\str\functions\tokenize\refresh.bat --> marian.cs.nott.ac.uk /stud/pg/cds/exslt/str/functions/tokenize refresh.bat
103.10.21 13:12 B C:\jakarta-tomcat-3.2.4\webapps\cocoon\exslt\str\functions\tokenize\str.fo --> marian.cs.nott.ac.uk /stud/pg/cds/exslt/str/functions/tokenize str.fo
103.10.21 13:12 B C:\jakarta-tomcat-3.2.4\webapps\cocoon\exslt\str\functions\tokenize\str.tokenize.1.html --> marian.cs.nott.ac.uk /stud/pg/cds/exslt/str/functions/tokenize str.tokenize.1.html
103.10.21 13:12 B C:\jakarta-tomcat-3.2.4\webapps\cocoon\exslt\str\functions\tokenize\str.tokenize.1.xsl --> marian.cs.nott.ac.uk /stud/pg/cds/exslt/str/functions/tokenize str.tokenize.1.xsl
103.10.21 13:12 B C:\jakarta-tomcat-3.2.4\webapps\cocoon\exslt\str\functions\tokenize\str.tokenize.data.1.xml --> marian.cs.nott.ac.uk /stud/pg/cds/exslt/str/functions/tokenize str.tokenize.data.1.xml
103.10.21 13:12 B C:\jakarta-tomcat-3.2.4\webapps\cocoon\exslt\str\functions\tokenize\str.tokenize.function.pdf --> marian.cs.nott.ac.uk /stud/pg/cds/exslt/str/functions/tokenize str.tokenize.function.pdf
103.10.21 13:12 B C:\jakarta-tomcat-3.2.4\webapps\cocoon\exslt\str\functions\tokenize\str.tokenize.function.xsl --> marian.cs.nott.ac.uk /stud/pg/cds/exslt/str/functions/tokenize str.tokenize.function.xsl
103.10.21 13:12 B C:\jakarta-tomcat-3.2.4\webapps\cocoon\exslt\str\functions\tokenize\str.tokenize.function.xsl.html --> marian.cs.nott.ac.uk /stud/pg/cds/exslt/str/functions/tokenize str.tokenize.function.xsl.html
103.10.21 13:12 B C:\jakarta-tomcat-3.2.4\webapps\cocoon\exslt\str\functions\tokenize\str.tokenize.html --> marian.cs.nott.ac.uk /stud/pg/cds/exslt/str/functions/tokenize str.tokenize.html
103.10.21 13:12 B C:\jakarta-tomcat-3.2.4\webapps\cocoon\exslt\str\functions\tokenize\str.tokenize.js --> marian.cs.nott.ac.uk /stud/pg/cds/exslt/str/functions/tokenize str.tokenize.js
103.10.21 13:12 B C:\jakarta-tomcat-3.2.4\webapps\cocoon\exslt\str\functions\tokenize\str.tokenize.js.html --> marian.cs.nott.ac.uk /stud/pg/cds/exslt/str/functions/tokenize str.tokenize.js.html
103.10.21 13:12 B C:\jakarta-tomcat-3.2.4\webapps\cocoon\exslt\str\functions\tokenize\str.tokenize.msxsl.xsl --> marian.cs.nott.ac.uk /stud/pg/cds/exslt/str/functions/tokenize str.tokenize.msxsl.xsl
103.10.21 13:12 B C:\jakarta-tomcat-3.2.4\webapps\cocoon\exslt\str\functions\tokenize\str.tokenize.msxsl.xsl.html --> marian.cs.nott.ac.uk /stud/pg/cds/exslt/str/functions/tokenize str.tokenize.msxsl.xsl.html
103.10.21 13:12 B C:\jakarta-tomcat-3.2.4\webapps\cocoon\exslt\str\functions\tokenize\str.tokenize.package.txt --> marian.cs.nott.ac.uk /stud/pg/cds/exslt/str/functions/tokenize str.tokenize.package.txt
103.10.21 13:12 B C:\jakarta-tomcat-3.2.4\webapps\cocoon\exslt\str\functions\tokenize\str.tokenize.template.xsl --> marian.cs.nott.ac.uk /stud/pg/cds/exslt/str/functions/tokenize str.tokenize.template.xsl
103.10.21 13:12 B C:\jakarta-tomcat-3.2.4\webapps\cocoon\exslt\str\functions\tokenize\str.tokenize.template.xsl.html --> marian.cs.nott.ac.uk /stud/pg/cds/exslt/str/functions/tokenize str.tokenize.template.xsl.html
103.10.21 13:12 B C:\jakarta-tomcat-3.2.4\webapps\cocoon\exslt\str\functions\tokenize\str.tokenize.use-case.1.html --> marian.cs.nott.ac.uk /stud/pg/cds/exslt/str/functions/tokenize str.tokenize.use-case.1.html
103.10.21 13:12 B C:\jakarta-tomcat-3.2.4\webapps\cocoon\exslt\str\functions\tokenize\str.tokenize.use-cases.txt --> marian.cs.nott.ac.uk /stud/pg/cds/exslt/str/functions/tokenize str.tokenize.use-cases.txt
103.10.21 13:12 B C:\jakarta-tomcat-3.2.4\webapps\cocoon\exslt\str\functions\tokenize\str.tokenize.use-cases.zip --> marian.cs.nott.ac.uk /stud/pg/cds/exslt/str/functions/tokenize str.tokenize.use-cases.zip
103.10.21 13:12 B C:\jakarta-tomcat-3.2.4\webapps\cocoon\exslt\str\functions\tokenize\str.tokenize.xml --> marian.cs.nott.ac.uk /stud/pg/cds/exslt/str/functions/tokenize str.tokenize.xml
103.10.21 13:12 B C:\jakarta-tomcat-3.2.4\webapps\cocoon\exslt\str\functions\tokenize\str.tokenize.xsl --> marian.cs.nott.ac.uk /stud/pg/cds/exslt/str/functions/tokenize str.tokenize.xsl
103.10.21 13:12 B C:\jakarta-tomcat-3.2.4\webapps\cocoon\exslt\str\functions\tokenize\str.tokenize.zip --> marian.cs.nott.ac.uk /stud/pg/cds/exslt/str/functions/tokenize str.tokenize.zip
103.10.21 13:12 B C:\jakarta-tomcat-3.2.4\webapps\cocoon\exslt\str\functions\tokenize\update.bat --> marian.cs.nott.ac.uk /stud/pg/cds/exslt/str/functions/tokenize update.bat
103.10.21 13:12 B C:\jakarta-tomcat-3.2.4\webapps\cocoon\exslt\str\functions\tokenize\WS_FTP.LOG --> marian.cs.nott.ac.uk /stud/pg/cds/exslt/str/functions/tokenize WS_FTP.LOG
103.10.24 11:17 B C:\jakarta-tomcat-3.2.4\webapps\cocoon\exslt\str\functions\tokenize\base.css --> ftp.exslt.org /www.exslt.org/public_html/str/functions/tokenize base.css
103.10.24 11:17 B C:\jakarta-tomcat-3.2.4\webapps\cocoon\exslt\str\functions\tokenize\index.html --> ftp.exslt.org /www.exslt.org/public_html/str/functions/tokenize index.html
103.10.24 11:17 B C:\jakarta-tomcat-3.2.4\webapps\cocoon\exslt\str\functions\tokenize\out.html --> ftp.exslt.org /www.exslt.org/public_html/str/functions/tokenize out.html
103.10.24 11:17 B C:\jakarta-tomcat-3.2.4\webapps\cocoon\exslt\str\functions\tokenize\refresh.bat --> ftp.exslt.org /www.exslt.org/public_html/str/functions/tokenize refresh.bat
103.10.24 11:17 B C:\jakarta-tomcat-3.2.4\webapps\cocoon\exslt\str\functions\tokenize\str.fo --> ftp.exslt.org /www.exslt.org/public_html/str/functions/tokenize str.fo
103.10.24 11:17 B C:\jakarta-tomcat-3.2.4\webapps\cocoon\exslt\str\functions\tokenize\str.tokenize.1.html --> ftp.exslt.org /www.exslt.org/public_html/str/functions/tokenize str.tokenize.1.html
103.10.24 11:17 B C:\jakarta-tomcat-3.2.4\webapps\cocoon\exslt\str\functions\tokenize\str.tokenize.1.xsl --> ftp.exslt.org /www.exslt.org/public_html/str/functions/tokenize str.tokenize.1.xsl
103.10.24 11:17 B C:\jakarta-tomcat-3.2.4\webapps\cocoon\exslt\str\functions\tokenize\str.tokenize.data.1.xml --> ftp.exslt.org /www.exslt.org/public_html/str/functions/tokenize str.tokenize.data.1.xml
103.10.24 11:17 B C:\jakarta-tomcat-3.2.4\webapps\cocoon\exslt\str\functions\tokenize\str.tokenize.function.pdf --> ftp.exslt.org /www.exslt.org/public_html/str/functions/tokenize str.tokenize.function.pdf
103.10.24 11:17 B C:\jakarta-tomcat-3.2.4\webapps\cocoon\exslt\str\functions\tokenize\str.tokenize.function.xsl --> ftp.exslt.org /www.exslt.org/public_html/str/functions/tokenize str.tokenize.function.xsl
103.10.24 11:17 B C:\jakarta-tomcat-3.2.4\webapps\cocoon\exslt\str\functions\tokenize\str.tokenize.function.xsl.html --> ftp.exslt.org /www.exslt.org/public_html/str/functions/tokenize str.tokenize.function.xsl.html
103.10.24 11:17 B C:\jakarta-tomcat-3.2.4\webapps\cocoon\exslt\str\functions\tokenize\str.tokenize.html --> ftp.exslt.org /www.exslt.org/public_html/str/functions/tokenize str.tokenize.html
103.10.24 11:17 B C:\jakarta-tomcat-3.2.4\webapps\cocoon\exslt\str\functions\tokenize\str.tokenize.js --> ftp.exslt.org /www.exslt.org/public_html/str/functions/tokenize str.tokenize.js
103.10.24 11:17 B C:\jakarta-tomcat-3.2.4\webapps\cocoon\exslt\str\functions\tokenize\str.tokenize.js.html --> ftp.exslt.org /www.exslt.org/public_html/str/functions/tokenize str.tokenize.js.html
103.10.24 11:17 B C:\jakarta-tomcat-3.2.4\webapps\cocoon\exslt\str\functions\tokenize\str.tokenize.msxsl.xsl --> ftp.exslt.org /www.exslt.org/public_html/str/functions/tokenize str.tokenize.msxsl.xsl
103.10.24 11:17 B C:\jakarta-tomcat-3.2.4\webapps\cocoon\exslt\str\functions\tokenize\str.tokenize.msxsl.xsl.html --> ftp.exslt.org /www.exslt.org/public_html/str/functions/tokenize str.tokenize.msxsl.xsl.html
103.10.24 11:17 B C:\jakarta-tomcat-3.2.4\webapps\cocoon\exslt\str\functions\tokenize\str.tokenize.package.txt --> ftp.exslt.org /www.exslt.org/public_html/str/functions/tokenize str.tokenize.package.txt
103.10.24 11:18 B C:\jakarta-tomcat-3.2.4\webapps\cocoon\exslt\str\functions\tokenize\str.tokenize.template.xsl --> ftp.exslt.org /www.exslt.org/public_html/str/functions/tokenize str.tokenize.template.xsl
103.10.24 11:18 B C:\jakarta-tomcat-3.2.4\webapps\cocoon\exslt\str\functions\tokenize\str.tokenize.template.xsl.html --> ftp.exslt.org /www.exslt.org/public_html/str/functions/tokenize str.tokenize.template.xsl.html
103.10.24 11:18 B C:\jakarta-tomcat-3.2.4\webapps\cocoon\exslt\str\functions\tokenize\str.tokenize.use-case.1.html --> ftp.exslt.org /www.exslt.org/public_html/str/functions/tokenize str.tokenize.use-case.1.html
103.10.24 11:18 B C:\jakarta-tomcat-3.2.4\webapps\cocoon\exslt\str\functions\tokenize\str.tokenize.use-cases.txt --> ftp.exslt.org /www.exslt.org/public_html/str/functions/tokenize str.tokenize.use-cases.txt
103.10.24 11:18 B C:\jakarta-tomcat-3.2.4\webapps\cocoon\exslt\str\functions\tokenize\str.tokenize.use-cases.zip --> ftp.exslt.org /www.exslt.org/public_html/str/functions/tokenize str.tokenize.use-cases.zip
103.10.24 11:18 B C:\jakarta-tomcat-3.2.4\webapps\cocoon\exslt\str\functions\tokenize\str.tokenize.xml --> ftp.exslt.org /www.exslt.org/public_html/str/functions/tokenize str.tokenize.xml
103.10.24 11:18 B C:\jakarta-tomcat-3.2.4\webapps\cocoon\exslt\str\functions\tokenize\str.tokenize.xsl --> ftp.exslt.org /www.exslt.org/public_html/str/functions/tokenize str.tokenize.xsl
103.10.24 11:18 B C:\jakarta-tomcat-3.2.4\webapps\cocoon\exslt\str\functions\tokenize\str.tokenize.zip --> ftp.exslt.org /www.exslt.org/public_html/str/functions/tokenize str.tokenize.zip
103.10.24 11:18 B C:\jakarta-tomcat-3.2.4\webapps\cocoon\exslt\str\functions\tokenize\update.bat --> ftp.exslt.org /www.exslt.org/public_html/str/functions/tokenize update.bat
