102.08.21 17:25 B C:\jakarta-tomcat-3.2.4\webapps\cocoon\exslt\date\functions\leap-year\base.css --> ftp.exslt.org /www.exslt.org/public_html/date/functions/leap-year base.css
102.08.21 17:25 B C:\jakarta-tomcat-3.2.4\webapps\cocoon\exslt\date\functions\leap-year\date.js --> ftp.exslt.org /www.exslt.org/public_html/date/functions/leap-year date.js
102.08.21 17:25 B C:\jakarta-tomcat-3.2.4\webapps\cocoon\exslt\date\functions\leap-year\date.js.html --> ftp.exslt.org /www.exslt.org/public_html/date/functions/leap-year date.js.html
102.08.21 17:25 B C:\jakarta-tomcat-3.2.4\webapps\cocoon\exslt\date\functions\leap-year\date.leap-year.1.html --> ftp.exslt.org /www.exslt.org/public_html/date/functions/leap-year date.leap-year.1.html
102.08.21 17:25 B C:\jakarta-tomcat-3.2.4\webapps\cocoon\exslt\date\functions\leap-year\date.leap-year.function.xsl --> ftp.exslt.org /www.exslt.org/public_html/date/functions/leap-year date.leap-year.function.xsl
102.08.21 17:25 B C:\jakarta-tomcat-3.2.4\webapps\cocoon\exslt\date\functions\leap-year\date.leap-year.function.xsl.html --> ftp.exslt.org /www.exslt.org/public_html/date/functions/leap-year date.leap-year.function.xsl.html
102.08.21 17:25 B C:\jakarta-tomcat-3.2.4\webapps\cocoon\exslt\date\functions\leap-year\date.leap-year.html --> ftp.exslt.org /www.exslt.org/public_html/date/functions/leap-year date.leap-year.html
102.08.21 17:25 B C:\jakarta-tomcat-3.2.4\webapps\cocoon\exslt\date\functions\leap-year\date.leap-year.package.txt --> ftp.exslt.org /www.exslt.org/public_html/date/functions/leap-year date.leap-year.package.txt
102.08.21 17:25 B C:\jakarta-tomcat-3.2.4\webapps\cocoon\exslt\date\functions\leap-year\date.leap-year.template.xsl --> ftp.exslt.org /www.exslt.org/public_html/date/functions/leap-year date.leap-year.template.xsl
102.08.21 17:25 B C:\jakarta-tomcat-3.2.4\webapps\cocoon\exslt\date\functions\leap-year\date.leap-year.template.xsl.html --> ftp.exslt.org /www.exslt.org/public_html/date/functions/leap-year date.leap-year.template.xsl.html
102.08.21 17:25 B C:\jakarta-tomcat-3.2.4\webapps\cocoon\exslt\date\functions\leap-year\date.leap-year.use-cases.txt --> ftp.exslt.org /www.exslt.org/public_html/date/functions/leap-year date.leap-year.use-cases.txt
102.08.21 17:25 B C:\jakarta-tomcat-3.2.4\webapps\cocoon\exslt\date\functions\leap-year\date.leap-year.use-cases.zip --> ftp.exslt.org /www.exslt.org/public_html/date/functions/leap-year date.leap-year.use-cases.zip
102.08.21 17:25 B C:\jakarta-tomcat-3.2.4\webapps\cocoon\exslt\date\functions\leap-year\date.leap-year.xml --> ftp.exslt.org /www.exslt.org/public_html/date/functions/leap-year date.leap-year.xml
102.08.21 17:25 B C:\jakarta-tomcat-3.2.4\webapps\cocoon\exslt\date\functions\leap-year\date.leap-year.xsl --> ftp.exslt.org /www.exslt.org/public_html/date/functions/leap-year date.leap-year.xsl
102.08.21 17:25 B C:\jakarta-tomcat-3.2.4\webapps\cocoon\exslt\date\functions\leap-year\date.leap-year.zip --> ftp.exslt.org /www.exslt.org/public_html/date/functions/leap-year date.leap-year.zip
102.08.21 17:25 B C:\jakarta-tomcat-3.2.4\webapps\cocoon\exslt\date\functions\leap-year\date.msxsl.xsl --> ftp.exslt.org /www.exslt.org/public_html/date/functions/leap-year date.msxsl.xsl
102.08.21 17:25 B C:\jakarta-tomcat-3.2.4\webapps\cocoon\exslt\date\functions\leap-year\date.msxsl.xsl.html --> ftp.exslt.org /www.exslt.org/public_html/date/functions/leap-year date.msxsl.xsl.html
102.08.21 17:25 B C:\jakarta-tomcat-3.2.4\webapps\cocoon\exslt\date\functions\leap-year\index.html --> ftp.exslt.org /www.exslt.org/public_html/date/functions/leap-year index.html
102.08.21 17:25 B C:\jakarta-tomcat-3.2.4\webapps\cocoon\exslt\date\functions\leap-year\refresh.bat --> ftp.exslt.org /www.exslt.org/public_html/date/functions/leap-year refresh.bat
102.08.21 17:25 B C:\jakarta-tomcat-3.2.4\webapps\cocoon\exslt\date\functions\leap-year\update.bat --> ftp.exslt.org /www.exslt.org/public_html/date/functions/leap-year update.bat
102.08.21 17:31 B C:\jakarta-tomcat-3.2.4\webapps\cocoon\exslt\date\functions\leap-year\base.css --> ftp.exslt.org /www.exslt.org/public_html/date/functions/leap-year base.css
102.08.21 17:31 B C:\jakarta-tomcat-3.2.4\webapps\cocoon\exslt\date\functions\leap-year\date.js --> ftp.exslt.org /www.exslt.org/public_html/date/functions/leap-year date.js
102.08.21 17:31 B C:\jakarta-tomcat-3.2.4\webapps\cocoon\exslt\date\functions\leap-year\date.js.html --> ftp.exslt.org /www.exslt.org/public_html/date/functions/leap-year date.js.html
102.08.21 17:31 B C:\jakarta-tomcat-3.2.4\webapps\cocoon\exslt\date\functions\leap-year\date.leap-year.1.html --> ftp.exslt.org /www.exslt.org/public_html/date/functions/leap-year date.leap-year.1.html
102.08.21 17:31 B C:\jakarta-tomcat-3.2.4\webapps\cocoon\exslt\date\functions\leap-year\date.leap-year.function.xsl --> ftp.exslt.org /www.exslt.org/public_html/date/functions/leap-year date.leap-year.function.xsl
102.08.21 17:31 B C:\jakarta-tomcat-3.2.4\webapps\cocoon\exslt\date\functions\leap-year\date.leap-year.function.xsl.html --> ftp.exslt.org /www.exslt.org/public_html/date/functions/leap-year date.leap-year.function.xsl.html
102.08.21 17:31 B C:\jakarta-tomcat-3.2.4\webapps\cocoon\exslt\date\functions\leap-year\date.leap-year.html --> ftp.exslt.org /www.exslt.org/public_html/date/functions/leap-year date.leap-year.html
102.08.21 17:31 B C:\jakarta-tomcat-3.2.4\webapps\cocoon\exslt\date\functions\leap-year\date.leap-year.package.txt --> ftp.exslt.org /www.exslt.org/public_html/date/functions/leap-year date.leap-year.package.txt
102.08.21 17:31 B C:\jakarta-tomcat-3.2.4\webapps\cocoon\exslt\date\functions\leap-year\date.leap-year.template.xsl --> ftp.exslt.org /www.exslt.org/public_html/date/functions/leap-year date.leap-year.template.xsl
102.08.21 17:31 B C:\jakarta-tomcat-3.2.4\webapps\cocoon\exslt\date\functions\leap-year\date.leap-year.template.xsl.html --> ftp.exslt.org /www.exslt.org/public_html/date/functions/leap-year date.leap-year.template.xsl.html
102.08.21 17:31 B C:\jakarta-tomcat-3.2.4\webapps\cocoon\exslt\date\functions\leap-year\date.leap-year.use-cases.txt --> ftp.exslt.org /www.exslt.org/public_html/date/functions/leap-year date.leap-year.use-cases.txt
102.08.21 17:31 B C:\jakarta-tomcat-3.2.4\webapps\cocoon\exslt\date\functions\leap-year\date.leap-year.use-cases.zip --> ftp.exslt.org /www.exslt.org/public_html/date/functions/leap-year date.leap-year.use-cases.zip
102.08.21 17:31 B C:\jakarta-tomcat-3.2.4\webapps\cocoon\exslt\date\functions\leap-year\date.leap-year.xml --> ftp.exslt.org /www.exslt.org/public_html/date/functions/leap-year date.leap-year.xml
102.08.21 17:31 B C:\jakarta-tomcat-3.2.4\webapps\cocoon\exslt\date\functions\leap-year\date.leap-year.xsl --> ftp.exslt.org /www.exslt.org/public_html/date/functions/leap-year date.leap-year.xsl
102.08.21 17:31 B C:\jakarta-tomcat-3.2.4\webapps\cocoon\exslt\date\functions\leap-year\date.leap-year.zip --> ftp.exslt.org /www.exslt.org/public_html/date/functions/leap-year date.leap-year.zip
102.08.21 17:31 B C:\jakarta-tomcat-3.2.4\webapps\cocoon\exslt\date\functions\leap-year\date.msxsl.xsl --> ftp.exslt.org /www.exslt.org/public_html/date/functions/leap-year date.msxsl.xsl
102.08.21 17:31 B C:\jakarta-tomcat-3.2.4\webapps\cocoon\exslt\date\functions\leap-year\date.msxsl.xsl.html --> ftp.exslt.org /www.exslt.org/public_html/date/functions/leap-year date.msxsl.xsl.html
102.08.21 17:31 B C:\jakarta-tomcat-3.2.4\webapps\cocoon\exslt\date\functions\leap-year\index.html --> ftp.exslt.org /www.exslt.org/public_html/date/functions/leap-year index.html
102.08.21 17:31 B C:\jakarta-tomcat-3.2.4\webapps\cocoon\exslt\date\functions\leap-year\refresh.bat --> ftp.exslt.org /www.exslt.org/public_html/date/functions/leap-year refresh.bat
102.08.21 17:31 B C:\jakarta-tomcat-3.2.4\webapps\cocoon\exslt\date\functions\leap-year\update.bat --> ftp.exslt.org /www.exslt.org/public_html/date/functions/leap-year update.bat
102.08.21 17:31 B C:\jakarta-tomcat-3.2.4\webapps\cocoon\exslt\date\functions\leap-year\WS_FTP.LOG --> ftp.exslt.org /www.exslt.org/public_html/date/functions/leap-year WS_FTP.LOG
102.11.19 13:14 B C:\jakarta-tomcat-3.2.4\webapps\cocoon\exslt\date\functions\leap-year\base.css --> ftp.exslt.org /www.exslt.org/public_html/date/functions/leap-year base.css
102.11.19 13:14 B C:\jakarta-tomcat-3.2.4\webapps\cocoon\exslt\date\functions\leap-year\date.js --> ftp.exslt.org /www.exslt.org/public_html/date/functions/leap-year date.js
102.11.19 13:14 B C:\jakarta-tomcat-3.2.4\webapps\cocoon\exslt\date\functions\leap-year\date.js.html --> ftp.exslt.org /www.exslt.org/public_html/date/functions/leap-year date.js.html
102.11.19 13:14 B C:\jakarta-tomcat-3.2.4\webapps\cocoon\exslt\date\functions\leap-year\date.leap-year.1.html --> ftp.exslt.org /www.exslt.org/public_html/date/functions/leap-year date.leap-year.1.html
102.11.19 13:14 B C:\jakarta-tomcat-3.2.4\webapps\cocoon\exslt\date\functions\leap-year\date.leap-year.function.xsl --> ftp.exslt.org /www.exslt.org/public_html/date/functions/leap-year date.leap-year.function.xsl
102.11.19 13:14 B C:\jakarta-tomcat-3.2.4\webapps\cocoon\exslt\date\functions\leap-year\date.leap-year.function.xsl.html --> ftp.exslt.org /www.exslt.org/public_html/date/functions/leap-year date.leap-year.function.xsl.html
102.11.19 13:14 B C:\jakarta-tomcat-3.2.4\webapps\cocoon\exslt\date\functions\leap-year\date.leap-year.html --> ftp.exslt.org /www.exslt.org/public_html/date/functions/leap-year date.leap-year.html
102.11.19 13:14 B C:\jakarta-tomcat-3.2.4\webapps\cocoon\exslt\date\functions\leap-year\date.leap-year.package.txt --> ftp.exslt.org /www.exslt.org/public_html/date/functions/leap-year date.leap-year.package.txt
102.11.19 13:14 B C:\jakarta-tomcat-3.2.4\webapps\cocoon\exslt\date\functions\leap-year\date.leap-year.template.xsl --> ftp.exslt.org /www.exslt.org/public_html/date/functions/leap-year date.leap-year.template.xsl
102.11.19 13:14 B C:\jakarta-tomcat-3.2.4\webapps\cocoon\exslt\date\functions\leap-year\date.leap-year.template.xsl.html --> ftp.exslt.org /www.exslt.org/public_html/date/functions/leap-year date.leap-year.template.xsl.html
102.11.19 13:14 B C:\jakarta-tomcat-3.2.4\webapps\cocoon\exslt\date\functions\leap-year\date.leap-year.use-cases.txt --> ftp.exslt.org /www.exslt.org/public_html/date/functions/leap-year date.leap-year.use-cases.txt
102.11.19 13:14 B C:\jakarta-tomcat-3.2.4\webapps\cocoon\exslt\date\functions\leap-year\date.leap-year.use-cases.zip --> ftp.exslt.org /www.exslt.org/public_html/date/functions/leap-year date.leap-year.use-cases.zip
102.11.19 13:14 B C:\jakarta-tomcat-3.2.4\webapps\cocoon\exslt\date\functions\leap-year\date.leap-year.xml --> ftp.exslt.org /www.exslt.org/public_html/date/functions/leap-year date.leap-year.xml
102.11.19 13:14 B C:\jakarta-tomcat-3.2.4\webapps\cocoon\exslt\date\functions\leap-year\date.leap-year.xsl --> ftp.exslt.org /www.exslt.org/public_html/date/functions/leap-year date.leap-year.xsl
102.11.19 13:14 B C:\jakarta-tomcat-3.2.4\webapps\cocoon\exslt\date\functions\leap-year\date.leap-year.zip --> ftp.exslt.org /www.exslt.org/public_html/date/functions/leap-year date.leap-year.zip
102.11.19 13:14 B C:\jakarta-tomcat-3.2.4\webapps\cocoon\exslt\date\functions\leap-year\date.msxsl.xsl --> ftp.exslt.org /www.exslt.org/public_html/date/functions/leap-year date.msxsl.xsl
102.11.19 13:14 B C:\jakarta-tomcat-3.2.4\webapps\cocoon\exslt\date\functions\leap-year\date.msxsl.xsl.html --> ftp.exslt.org /www.exslt.org/public_html/date/functions/leap-year date.msxsl.xsl.html
102.11.19 13:14 B C:\jakarta-tomcat-3.2.4\webapps\cocoon\exslt\date\functions\leap-year\index.html --> ftp.exslt.org /www.exslt.org/public_html/date/functions/leap-year index.html
102.11.19 13:14 B C:\jakarta-tomcat-3.2.4\webapps\cocoon\exslt\date\functions\leap-year\refresh.bat --> ftp.exslt.org /www.exslt.org/public_html/date/functions/leap-year refresh.bat
102.11.19 13:14 B C:\jakarta-tomcat-3.2.4\webapps\cocoon\exslt\date\functions\leap-year\update.bat --> ftp.exslt.org /www.exslt.org/public_html/date/functions/leap-year update.bat
102.11.19 13:14 B C:\jakarta-tomcat-3.2.4\webapps\cocoon\exslt\date\functions\leap-year\WS_FTP.LOG --> ftp.exslt.org /www.exslt.org/public_html/date/functions/leap-year WS_FTP.LOG
102.11.19 13:21 B C:\jakarta-tomcat-3.2.4\webapps\cocoon\exslt\date\functions\leap-year\base.css --> ftp.exslt.org /www.exslt.org/public_html/date/functions/leap-year base.css
102.11.19 13:21 B C:\jakarta-tomcat-3.2.4\webapps\cocoon\exslt\date\functions\leap-year\date.js --> ftp.exslt.org /www.exslt.org/public_html/date/functions/leap-year date.js
102.11.19 13:21 B C:\jakarta-tomcat-3.2.4\webapps\cocoon\exslt\date\functions\leap-year\date.js.html --> ftp.exslt.org /www.exslt.org/public_html/date/functions/leap-year date.js.html
102.11.19 13:21 B C:\jakarta-tomcat-3.2.4\webapps\cocoon\exslt\date\functions\leap-year\date.leap-year.1.html --> ftp.exslt.org /www.exslt.org/public_html/date/functions/leap-year date.leap-year.1.html
102.11.19 13:21 B C:\jakarta-tomcat-3.2.4\webapps\cocoon\exslt\date\functions\leap-year\date.leap-year.function.xsl --> ftp.exslt.org /www.exslt.org/public_html/date/functions/leap-year date.leap-year.function.xsl
102.11.19 13:21 B C:\jakarta-tomcat-3.2.4\webapps\cocoon\exslt\date\functions\leap-year\date.leap-year.function.xsl.html --> ftp.exslt.org /www.exslt.org/public_html/date/functions/leap-year date.leap-year.function.xsl.html
102.11.19 13:21 B C:\jakarta-tomcat-3.2.4\webapps\cocoon\exslt\date\functions\leap-year\date.leap-year.html --> ftp.exslt.org /www.exslt.org/public_html/date/functions/leap-year date.leap-year.html
102.11.19 13:21 B C:\jakarta-tomcat-3.2.4\webapps\cocoon\exslt\date\functions\leap-year\date.leap-year.package.txt --> ftp.exslt.org /www.exslt.org/public_html/date/functions/leap-year date.leap-year.package.txt
102.11.19 13:21 B C:\jakarta-tomcat-3.2.4\webapps\cocoon\exslt\date\functions\leap-year\date.leap-year.template.xsl --> ftp.exslt.org /www.exslt.org/public_html/date/functions/leap-year date.leap-year.template.xsl
102.11.19 13:21 B C:\jakarta-tomcat-3.2.4\webapps\cocoon\exslt\date\functions\leap-year\date.leap-year.template.xsl.html --> ftp.exslt.org /www.exslt.org/public_html/date/functions/leap-year date.leap-year.template.xsl.html
102.11.19 13:21 B C:\jakarta-tomcat-3.2.4\webapps\cocoon\exslt\date\functions\leap-year\date.leap-year.use-cases.txt --> ftp.exslt.org /www.exslt.org/public_html/date/functions/leap-year date.leap-year.use-cases.txt
102.11.19 13:21 B C:\jakarta-tomcat-3.2.4\webapps\cocoon\exslt\date\functions\leap-year\date.leap-year.use-cases.zip --> ftp.exslt.org /www.exslt.org/public_html/date/functions/leap-year date.leap-year.use-cases.zip
102.11.19 13:21 B C:\jakarta-tomcat-3.2.4\webapps\cocoon\exslt\date\functions\leap-year\date.leap-year.xml --> ftp.exslt.org /www.exslt.org/public_html/date/functions/leap-year date.leap-year.xml
102.11.19 13:21 B C:\jakarta-tomcat-3.2.4\webapps\cocoon\exslt\date\functions\leap-year\date.leap-year.xsl --> ftp.exslt.org /www.exslt.org/public_html/date/functions/leap-year date.leap-year.xsl
102.11.19 13:21 B C:\jakarta-tomcat-3.2.4\webapps\cocoon\exslt\date\functions\leap-year\date.leap-year.zip --> ftp.exslt.org /www.exslt.org/public_html/date/functions/leap-year date.leap-year.zip
102.11.19 13:21 B C:\jakarta-tomcat-3.2.4\webapps\cocoon\exslt\date\functions\leap-year\date.msxsl.xsl --> ftp.exslt.org /www.exslt.org/public_html/date/functions/leap-year date.msxsl.xsl
102.11.19 13:21 B C:\jakarta-tomcat-3.2.4\webapps\cocoon\exslt\date\functions\leap-year\date.msxsl.xsl.html --> ftp.exslt.org /www.exslt.org/public_html/date/functions/leap-year date.msxsl.xsl.html
102.11.19 13:21 B C:\jakarta-tomcat-3.2.4\webapps\cocoon\exslt\date\functions\leap-year\index.html --> ftp.exslt.org /www.exslt.org/public_html/date/functions/leap-year index.html
102.11.19 13:21 B C:\jakarta-tomcat-3.2.4\webapps\cocoon\exslt\date\functions\leap-year\refresh.bat --> ftp.exslt.org /www.exslt.org/public_html/date/functions/leap-year refresh.bat
102.11.19 13:21 B C:\jakarta-tomcat-3.2.4\webapps\cocoon\exslt\date\functions\leap-year\update.bat --> ftp.exslt.org /www.exslt.org/public_html/date/functions/leap-year update.bat
102.12.02 12:21 B C:\jakarta-tomcat-3.2.4\webapps\cocoon\exslt\public_html\date\functions\leap-year\WS_FTP.LOG <-- ftp.exslt.org /www.exslt.org/public_html/date/functions/leap-year WS_FTP.LOG
102.12.03 11:10 B C:\jakarta-tomcat-3.2.4\webapps\cocoon\exslt\date\functions\leap-year\base.css --> ftp.exslt.org /www.exslt.org/public_html/date/functions/leap-year base.css
102.12.03 11:10 B C:\jakarta-tomcat-3.2.4\webapps\cocoon\exslt\date\functions\leap-year\date.js --> ftp.exslt.org /www.exslt.org/public_html/date/functions/leap-year date.js
102.12.03 11:10 B C:\jakarta-tomcat-3.2.4\webapps\cocoon\exslt\date\functions\leap-year\date.js.html --> ftp.exslt.org /www.exslt.org/public_html/date/functions/leap-year date.js.html
102.12.03 11:10 B C:\jakarta-tomcat-3.2.4\webapps\cocoon\exslt\date\functions\leap-year\date.leap-year.1.html --> ftp.exslt.org /www.exslt.org/public_html/date/functions/leap-year date.leap-year.1.html
102.12.03 11:10 B C:\jakarta-tomcat-3.2.4\webapps\cocoon\exslt\date\functions\leap-year\date.leap-year.function.xsl --> ftp.exslt.org /www.exslt.org/public_html/date/functions/leap-year date.leap-year.function.xsl
102.12.03 11:10 B C:\jakarta-tomcat-3.2.4\webapps\cocoon\exslt\date\functions\leap-year\date.leap-year.function.xsl.html --> ftp.exslt.org /www.exslt.org/public_html/date/functions/leap-year date.leap-year.function.xsl.html
102.12.03 11:10 B C:\jakarta-tomcat-3.2.4\webapps\cocoon\exslt\date\functions\leap-year\date.leap-year.html --> ftp.exslt.org /www.exslt.org/public_html/date/functions/leap-year date.leap-year.html
102.12.03 11:10 B C:\jakarta-tomcat-3.2.4\webapps\cocoon\exslt\date\functions\leap-year\date.leap-year.package.txt --> ftp.exslt.org /www.exslt.org/public_html/date/functions/leap-year date.leap-year.package.txt
102.12.03 11:10 B C:\jakarta-tomcat-3.2.4\webapps\cocoon\exslt\date\functions\leap-year\date.leap-year.template.xsl --> ftp.exslt.org /www.exslt.org/public_html/date/functions/leap-year date.leap-year.template.xsl
102.12.03 11:10 B C:\jakarta-tomcat-3.2.4\webapps\cocoon\exslt\date\functions\leap-year\date.leap-year.template.xsl.html --> ftp.exslt.org /www.exslt.org/public_html/date/functions/leap-year date.leap-year.template.xsl.html
102.12.03 11:10 B C:\jakarta-tomcat-3.2.4\webapps\cocoon\exslt\date\functions\leap-year\date.leap-year.use-cases.txt --> ftp.exslt.org /www.exslt.org/public_html/date/functions/leap-year date.leap-year.use-cases.txt
102.12.03 11:10 B C:\jakarta-tomcat-3.2.4\webapps\cocoon\exslt\date\functions\leap-year\date.leap-year.use-cases.zip --> ftp.exslt.org /www.exslt.org/public_html/date/functions/leap-year date.leap-year.use-cases.zip
102.12.03 11:10 B C:\jakarta-tomcat-3.2.4\webapps\cocoon\exslt\date\functions\leap-year\date.leap-year.xml --> ftp.exslt.org /www.exslt.org/public_html/date/functions/leap-year date.leap-year.xml
102.12.03 11:10 B C:\jakarta-tomcat-3.2.4\webapps\cocoon\exslt\date\functions\leap-year\date.leap-year.xsl --> ftp.exslt.org /www.exslt.org/public_html/date/functions/leap-year date.leap-year.xsl
102.12.03 11:10 B C:\jakarta-tomcat-3.2.4\webapps\cocoon\exslt\date\functions\leap-year\date.leap-year.zip --> ftp.exslt.org /www.exslt.org/public_html/date/functions/leap-year date.leap-year.zip
102.12.03 11:10 B C:\jakarta-tomcat-3.2.4\webapps\cocoon\exslt\date\functions\leap-year\date.msxsl.xsl --> ftp.exslt.org /www.exslt.org/public_html/date/functions/leap-year date.msxsl.xsl
102.12.03 11:10 B C:\jakarta-tomcat-3.2.4\webapps\cocoon\exslt\date\functions\leap-year\date.msxsl.xsl.html --> ftp.exslt.org /www.exslt.org/public_html/date/functions/leap-year date.msxsl.xsl.html
102.12.03 11:10 B C:\jakarta-tomcat-3.2.4\webapps\cocoon\exslt\date\functions\leap-year\index.html --> ftp.exslt.org /www.exslt.org/public_html/date/functions/leap-year index.html
102.12.03 11:10 B C:\jakarta-tomcat-3.2.4\webapps\cocoon\exslt\date\functions\leap-year\out.html --> ftp.exslt.org /www.exslt.org/public_html/date/functions/leap-year out.html
102.12.03 11:10 B C:\jakarta-tomcat-3.2.4\webapps\cocoon\exslt\date\functions\leap-year\refresh.bat --> ftp.exslt.org /www.exslt.org/public_html/date/functions/leap-year refresh.bat
102.12.03 11:10 B C:\jakarta-tomcat-3.2.4\webapps\cocoon\exslt\date\functions\leap-year\update.bat --> ftp.exslt.org /www.exslt.org/public_html/date/functions/leap-year update.bat
102.12.03 11:10 B C:\jakarta-tomcat-3.2.4\webapps\cocoon\exslt\date\functions\leap-year\WS_FTP.LOG --> ftp.exslt.org /www.exslt.org/public_html/date/functions/leap-year WS_FTP.LOG
102.12.11 11:01 B C:\jakarta-tomcat-3.2.4\webapps\cocoon\exslt\date\functions\leap-year\base.css --> ftp.exslt.org /www.exslt.org/public_html/date/functions/leap-year base.css
102.12.11 11:01 B C:\jakarta-tomcat-3.2.4\webapps\cocoon\exslt\date\functions\leap-year\date.js --> ftp.exslt.org /www.exslt.org/public_html/date/functions/leap-year date.js
102.12.11 11:01 B C:\jakarta-tomcat-3.2.4\webapps\cocoon\exslt\date\functions\leap-year\date.js.html --> ftp.exslt.org /www.exslt.org/public_html/date/functions/leap-year date.js.html
102.12.11 11:01 B C:\jakarta-tomcat-3.2.4\webapps\cocoon\exslt\date\functions\leap-year\date.leap-year.1.html --> ftp.exslt.org /www.exslt.org/public_html/date/functions/leap-year date.leap-year.1.html
102.12.11 11:01 B C:\jakarta-tomcat-3.2.4\webapps\cocoon\exslt\date\functions\leap-year\date.leap-year.function.xsl --> ftp.exslt.org /www.exslt.org/public_html/date/functions/leap-year date.leap-year.function.xsl
102.12.11 11:01 B C:\jakarta-tomcat-3.2.4\webapps\cocoon\exslt\date\functions\leap-year\date.leap-year.function.xsl.html --> ftp.exslt.org /www.exslt.org/public_html/date/functions/leap-year date.leap-year.function.xsl.html
102.12.11 11:01 B C:\jakarta-tomcat-3.2.4\webapps\cocoon\exslt\date\functions\leap-year\date.leap-year.html --> ftp.exslt.org /www.exslt.org/public_html/date/functions/leap-year date.leap-year.html
102.12.11 11:01 B C:\jakarta-tomcat-3.2.4\webapps\cocoon\exslt\date\functions\leap-year\date.leap-year.package.txt --> ftp.exslt.org /www.exslt.org/public_html/date/functions/leap-year date.leap-year.package.txt
102.12.11 11:01 B C:\jakarta-tomcat-3.2.4\webapps\cocoon\exslt\date\functions\leap-year\date.leap-year.template.xsl --> ftp.exslt.org /www.exslt.org/public_html/date/functions/leap-year date.leap-year.template.xsl
102.12.11 11:01 B C:\jakarta-tomcat-3.2.4\webapps\cocoon\exslt\date\functions\leap-year\date.leap-year.template.xsl.html --> ftp.exslt.org /www.exslt.org/public_html/date/functions/leap-year date.leap-year.template.xsl.html
102.12.11 11:01 B C:\jakarta-tomcat-3.2.4\webapps\cocoon\exslt\date\functions\leap-year\date.leap-year.use-cases.txt --> ftp.exslt.org /www.exslt.org/public_html/date/functions/leap-year date.leap-year.use-cases.txt
102.12.11 11:01 B C:\jakarta-tomcat-3.2.4\webapps\cocoon\exslt\date\functions\leap-year\date.leap-year.use-cases.zip --> ftp.exslt.org /www.exslt.org/public_html/date/functions/leap-year date.leap-year.use-cases.zip
102.12.11 11:01 B C:\jakarta-tomcat-3.2.4\webapps\cocoon\exslt\date\functions\leap-year\date.leap-year.xml --> ftp.exslt.org /www.exslt.org/public_html/date/functions/leap-year date.leap-year.xml
102.12.11 11:01 B C:\jakarta-tomcat-3.2.4\webapps\cocoon\exslt\date\functions\leap-year\date.leap-year.xsl --> ftp.exslt.org /www.exslt.org/public_html/date/functions/leap-year date.leap-year.xsl
102.12.11 11:01 B C:\jakarta-tomcat-3.2.4\webapps\cocoon\exslt\date\functions\leap-year\date.leap-year.zip --> ftp.exslt.org /www.exslt.org/public_html/date/functions/leap-year date.leap-year.zip
102.12.11 11:01 B C:\jakarta-tomcat-3.2.4\webapps\cocoon\exslt\date\functions\leap-year\date.msxsl.xsl --> ftp.exslt.org /www.exslt.org/public_html/date/functions/leap-year date.msxsl.xsl
102.12.11 11:01 B C:\jakarta-tomcat-3.2.4\webapps\cocoon\exslt\date\functions\leap-year\date.msxsl.xsl.html --> ftp.exslt.org /www.exslt.org/public_html/date/functions/leap-year date.msxsl.xsl.html
102.12.11 11:01 B C:\jakarta-tomcat-3.2.4\webapps\cocoon\exslt\date\functions\leap-year\index.html --> ftp.exslt.org /www.exslt.org/public_html/date/functions/leap-year index.html
102.12.11 11:01 B C:\jakarta-tomcat-3.2.4\webapps\cocoon\exslt\date\functions\leap-year\out.html --> ftp.exslt.org /www.exslt.org/public_html/date/functions/leap-year out.html
102.12.11 11:01 B C:\jakarta-tomcat-3.2.4\webapps\cocoon\exslt\date\functions\leap-year\refresh.bat --> ftp.exslt.org /www.exslt.org/public_html/date/functions/leap-year refresh.bat
102.12.11 11:01 B C:\jakarta-tomcat-3.2.4\webapps\cocoon\exslt\date\functions\leap-year\update.bat --> ftp.exslt.org /www.exslt.org/public_html/date/functions/leap-year update.bat
102.12.11 11:01 B C:\jakarta-tomcat-3.2.4\webapps\cocoon\exslt\date\functions\leap-year\WS_FTP.LOG --> ftp.exslt.org /www.exslt.org/public_html/date/functions/leap-year WS_FTP.LOG
102.12.11 11:03 B C:\jakarta-tomcat-3.2.4\webapps\cocoon\exslt\date\functions\leap-year\base.css --> ftp.exslt.org /www.exslt.org/public_html/date/functions/leap-year base.css
102.12.11 11:03 B C:\jakarta-tomcat-3.2.4\webapps\cocoon\exslt\date\functions\leap-year\date.js --> ftp.exslt.org /www.exslt.org/public_html/date/functions/leap-year date.js
102.12.11 11:03 B C:\jakarta-tomcat-3.2.4\webapps\cocoon\exslt\date\functions\leap-year\date.js.html --> ftp.exslt.org /www.exslt.org/public_html/date/functions/leap-year date.js.html
102.12.11 11:03 B C:\jakarta-tomcat-3.2.4\webapps\cocoon\exslt\date\functions\leap-year\date.leap-year.1.html --> ftp.exslt.org /www.exslt.org/public_html/date/functions/leap-year date.leap-year.1.html
102.12.11 11:03 B C:\jakarta-tomcat-3.2.4\webapps\cocoon\exslt\date\functions\leap-year\date.leap-year.function.xsl --> ftp.exslt.org /www.exslt.org/public_html/date/functions/leap-year date.leap-year.function.xsl
102.12.11 11:04 B C:\jakarta-tomcat-3.2.4\webapps\cocoon\exslt\date\functions\leap-year\date.leap-year.function.xsl.html --> ftp.exslt.org /www.exslt.org/public_html/date/functions/leap-year date.leap-year.function.xsl.html
102.12.11 11:04 B C:\jakarta-tomcat-3.2.4\webapps\cocoon\exslt\date\functions\leap-year\date.leap-year.html --> ftp.exslt.org /www.exslt.org/public_html/date/functions/leap-year date.leap-year.html
102.12.11 11:04 B C:\jakarta-tomcat-3.2.4\webapps\cocoon\exslt\date\functions\leap-year\date.leap-year.package.txt --> ftp.exslt.org /www.exslt.org/public_html/date/functions/leap-year date.leap-year.package.txt
102.12.11 11:04 B C:\jakarta-tomcat-3.2.4\webapps\cocoon\exslt\date\functions\leap-year\date.leap-year.template.xsl --> ftp.exslt.org /www.exslt.org/public_html/date/functions/leap-year date.leap-year.template.xsl
102.12.11 11:04 B C:\jakarta-tomcat-3.2.4\webapps\cocoon\exslt\date\functions\leap-year\date.leap-year.template.xsl.html --> ftp.exslt.org /www.exslt.org/public_html/date/functions/leap-year date.leap-year.template.xsl.html
102.12.11 11:04 B C:\jakarta-tomcat-3.2.4\webapps\cocoon\exslt\date\functions\leap-year\date.leap-year.use-cases.txt --> ftp.exslt.org /www.exslt.org/public_html/date/functions/leap-year date.leap-year.use-cases.txt
102.12.11 11:04 B C:\jakarta-tomcat-3.2.4\webapps\cocoon\exslt\date\functions\leap-year\date.leap-year.use-cases.zip --> ftp.exslt.org /www.exslt.org/public_html/date/functions/leap-year date.leap-year.use-cases.zip
102.12.11 11:04 B C:\jakarta-tomcat-3.2.4\webapps\cocoon\exslt\date\functions\leap-year\date.leap-year.xml --> ftp.exslt.org /www.exslt.org/public_html/date/functions/leap-year date.leap-year.xml
102.12.11 11:04 B C:\jakarta-tomcat-3.2.4\webapps\cocoon\exslt\date\functions\leap-year\date.leap-year.xsl --> ftp.exslt.org /www.exslt.org/public_html/date/functions/leap-year date.leap-year.xsl
102.12.11 11:04 B C:\jakarta-tomcat-3.2.4\webapps\cocoon\exslt\date\functions\leap-year\date.leap-year.zip --> ftp.exslt.org /www.exslt.org/public_html/date/functions/leap-year date.leap-year.zip
102.12.11 11:04 B C:\jakarta-tomcat-3.2.4\webapps\cocoon\exslt\date\functions\leap-year\date.msxsl.xsl --> ftp.exslt.org /www.exslt.org/public_html/date/functions/leap-year date.msxsl.xsl
102.12.11 11:04 B C:\jakarta-tomcat-3.2.4\webapps\cocoon\exslt\date\functions\leap-year\date.msxsl.xsl.html --> ftp.exslt.org /www.exslt.org/public_html/date/functions/leap-year date.msxsl.xsl.html
102.12.11 11:04 B C:\jakarta-tomcat-3.2.4\webapps\cocoon\exslt\date\functions\leap-year\index.html --> ftp.exslt.org /www.exslt.org/public_html/date/functions/leap-year index.html
102.12.11 11:04 B C:\jakarta-tomcat-3.2.4\webapps\cocoon\exslt\date\functions\leap-year\out.html --> ftp.exslt.org /www.exslt.org/public_html/date/functions/leap-year out.html
102.12.11 11:04 B C:\jakarta-tomcat-3.2.4\webapps\cocoon\exslt\date\functions\leap-year\refresh.bat --> ftp.exslt.org /www.exslt.org/public_html/date/functions/leap-year refresh.bat
102.12.11 11:04 B C:\jakarta-tomcat-3.2.4\webapps\cocoon\exslt\date\functions\leap-year\update.bat --> ftp.exslt.org /www.exslt.org/public_html/date/functions/leap-year update.bat
103.09.29 15:07 B C:\jakarta-tomcat-3.2.4\webapps\cocoon\exslt\date\functions\leap-year\WS_FTP.LOG <-- ftp.exslt.org /www.exslt.org/public_html/date/functions/leap-year WS_FTP.LOG
103.10.21 13:05 B C:\jakarta-tomcat-3.2.4\webapps\cocoon\exslt\date\functions\leap-year\base.css --> marian.cs.nott.ac.uk /stud/pg/cds/exslt/date/functions/leap-year base.css
103.10.21 13:05 B C:\jakarta-tomcat-3.2.4\webapps\cocoon\exslt\date\functions\leap-year\date.js --> marian.cs.nott.ac.uk /stud/pg/cds/exslt/date/functions/leap-year date.js
103.10.21 13:05 B C:\jakarta-tomcat-3.2.4\webapps\cocoon\exslt\date\functions\leap-year\date.js.html --> marian.cs.nott.ac.uk /stud/pg/cds/exslt/date/functions/leap-year date.js.html
103.10.21 13:05 B C:\jakarta-tomcat-3.2.4\webapps\cocoon\exslt\date\functions\leap-year\date.leap-year.1.html --> marian.cs.nott.ac.uk /stud/pg/cds/exslt/date/functions/leap-year date.leap-year.1.html
103.10.21 13:05 B C:\jakarta-tomcat-3.2.4\webapps\cocoon\exslt\date\functions\leap-year\date.leap-year.function.xsl --> marian.cs.nott.ac.uk /stud/pg/cds/exslt/date/functions/leap-year date.leap-year.function.xsl
103.10.21 13:05 B C:\jakarta-tomcat-3.2.4\webapps\cocoon\exslt\date\functions\leap-year\date.leap-year.function.xsl.html --> marian.cs.nott.ac.uk /stud/pg/cds/exslt/date/functions/leap-year date.leap-year.function.xsl.html
103.10.21 13:05 B C:\jakarta-tomcat-3.2.4\webapps\cocoon\exslt\date\functions\leap-year\date.leap-year.html --> marian.cs.nott.ac.uk /stud/pg/cds/exslt/date/functions/leap-year date.leap-year.html
103.10.21 13:05 B C:\jakarta-tomcat-3.2.4\webapps\cocoon\exslt\date\functions\leap-year\date.leap-year.package.txt --> marian.cs.nott.ac.uk /stud/pg/cds/exslt/date/functions/leap-year date.leap-year.package.txt
103.10.21 13:05 B C:\jakarta-tomcat-3.2.4\webapps\cocoon\exslt\date\functions\leap-year\date.leap-year.template.xsl --> marian.cs.nott.ac.uk /stud/pg/cds/exslt/date/functions/leap-year date.leap-year.template.xsl
103.10.21 13:05 B C:\jakarta-tomcat-3.2.4\webapps\cocoon\exslt\date\functions\leap-year\date.leap-year.template.xsl.html --> marian.cs.nott.ac.uk /stud/pg/cds/exslt/date/functions/leap-year date.leap-year.template.xsl.html
103.10.21 13:05 B C:\jakarta-tomcat-3.2.4\webapps\cocoon\exslt\date\functions\leap-year\date.leap-year.use-cases.txt --> marian.cs.nott.ac.uk /stud/pg/cds/exslt/date/functions/leap-year date.leap-year.use-cases.txt
103.10.21 13:05 B C:\jakarta-tomcat-3.2.4\webapps\cocoon\exslt\date\functions\leap-year\date.leap-year.use-cases.zip --> marian.cs.nott.ac.uk /stud/pg/cds/exslt/date/functions/leap-year date.leap-year.use-cases.zip
103.10.21 13:05 B C:\jakarta-tomcat-3.2.4\webapps\cocoon\exslt\date\functions\leap-year\date.leap-year.xml --> marian.cs.nott.ac.uk /stud/pg/cds/exslt/date/functions/leap-year date.leap-year.xml
103.10.21 13:05 B C:\jakarta-tomcat-3.2.4\webapps\cocoon\exslt\date\functions\leap-year\date.leap-year.xsl --> marian.cs.nott.ac.uk /stud/pg/cds/exslt/date/functions/leap-year date.leap-year.xsl
103.10.21 13:05 B C:\jakarta-tomcat-3.2.4\webapps\cocoon\exslt\date\functions\leap-year\date.leap-year.zip --> marian.cs.nott.ac.uk /stud/pg/cds/exslt/date/functions/leap-year date.leap-year.zip
103.10.21 13:05 B C:\jakarta-tomcat-3.2.4\webapps\cocoon\exslt\date\functions\leap-year\date.msxsl.xsl --> marian.cs.nott.ac.uk /stud/pg/cds/exslt/date/functions/leap-year date.msxsl.xsl
103.10.21 13:05 B C:\jakarta-tomcat-3.2.4\webapps\cocoon\exslt\date\functions\leap-year\date.msxsl.xsl.html --> marian.cs.nott.ac.uk /stud/pg/cds/exslt/date/functions/leap-year date.msxsl.xsl.html
103.10.21 13:05 B C:\jakarta-tomcat-3.2.4\webapps\cocoon\exslt\date\functions\leap-year\index.html --> marian.cs.nott.ac.uk /stud/pg/cds/exslt/date/functions/leap-year index.html
103.10.21 13:05 B C:\jakarta-tomcat-3.2.4\webapps\cocoon\exslt\date\functions\leap-year\out.html --> marian.cs.nott.ac.uk /stud/pg/cds/exslt/date/functions/leap-year out.html
103.10.21 13:05 B C:\jakarta-tomcat-3.2.4\webapps\cocoon\exslt\date\functions\leap-year\refresh.bat --> marian.cs.nott.ac.uk /stud/pg/cds/exslt/date/functions/leap-year refresh.bat
103.10.21 13:05 B C:\jakarta-tomcat-3.2.4\webapps\cocoon\exslt\date\functions\leap-year\update.bat --> marian.cs.nott.ac.uk /stud/pg/cds/exslt/date/functions/leap-year update.bat
103.10.21 13:05 B C:\jakarta-tomcat-3.2.4\webapps\cocoon\exslt\date\functions\leap-year\WS_FTP.LOG --> marian.cs.nott.ac.uk /stud/pg/cds/exslt/date/functions/leap-year WS_FTP.LOG
103.10.23 13:14 B C:\jakarta-tomcat-3.2.4\webapps\cocoon\exslt\date\functions\leap-year\base.css --> ftp.exslt.org /www.exslt.org/public_html/date/functions/leap-year base.css
103.10.23 13:14 B C:\jakarta-tomcat-3.2.4\webapps\cocoon\exslt\date\functions\leap-year\date.js --> ftp.exslt.org /www.exslt.org/public_html/date/functions/leap-year date.js
103.10.23 13:15 B C:\jakarta-tomcat-3.2.4\webapps\cocoon\exslt\date\functions\leap-year\date.js.html --> ftp.exslt.org /www.exslt.org/public_html/date/functions/leap-year date.js.html
103.10.23 13:15 B C:\jakarta-tomcat-3.2.4\webapps\cocoon\exslt\date\functions\leap-year\date.leap-year.1.html --> ftp.exslt.org /www.exslt.org/public_html/date/functions/leap-year date.leap-year.1.html
103.10.23 13:15 B C:\jakarta-tomcat-3.2.4\webapps\cocoon\exslt\date\functions\leap-year\date.leap-year.function.xsl --> ftp.exslt.org /www.exslt.org/public_html/date/functions/leap-year date.leap-year.function.xsl
103.10.23 13:15 B C:\jakarta-tomcat-3.2.4\webapps\cocoon\exslt\date\functions\leap-year\date.leap-year.function.xsl.html --> ftp.exslt.org /www.exslt.org/public_html/date/functions/leap-year date.leap-year.function.xsl.html
103.10.23 13:15 B C:\jakarta-tomcat-3.2.4\webapps\cocoon\exslt\date\functions\leap-year\date.leap-year.html --> ftp.exslt.org /www.exslt.org/public_html/date/functions/leap-year date.leap-year.html
103.10.23 13:15 B C:\jakarta-tomcat-3.2.4\webapps\cocoon\exslt\date\functions\leap-year\date.leap-year.package.txt --> ftp.exslt.org /www.exslt.org/public_html/date/functions/leap-year date.leap-year.package.txt
103.10.23 13:15 B C:\jakarta-tomcat-3.2.4\webapps\cocoon\exslt\date\functions\leap-year\date.leap-year.template.xsl --> ftp.exslt.org /www.exslt.org/public_html/date/functions/leap-year date.leap-year.template.xsl
103.10.23 13:15 B C:\jakarta-tomcat-3.2.4\webapps\cocoon\exslt\date\functions\leap-year\date.leap-year.template.xsl.html --> ftp.exslt.org /www.exslt.org/public_html/date/functions/leap-year date.leap-year.template.xsl.html
103.10.23 13:15 B C:\jakarta-tomcat-3.2.4\webapps\cocoon\exslt\date\functions\leap-year\date.leap-year.use-cases.txt --> ftp.exslt.org /www.exslt.org/public_html/date/functions/leap-year date.leap-year.use-cases.txt
103.10.23 13:15 B C:\jakarta-tomcat-3.2.4\webapps\cocoon\exslt\date\functions\leap-year\date.leap-year.use-cases.zip --> ftp.exslt.org /www.exslt.org/public_html/date/functions/leap-year date.leap-year.use-cases.zip
103.10.23 13:15 B C:\jakarta-tomcat-3.2.4\webapps\cocoon\exslt\date\functions\leap-year\date.leap-year.xml --> ftp.exslt.org /www.exslt.org/public_html/date/functions/leap-year date.leap-year.xml
103.10.23 13:15 B C:\jakarta-tomcat-3.2.4\webapps\cocoon\exslt\date\functions\leap-year\date.leap-year.xsl --> ftp.exslt.org /www.exslt.org/public_html/date/functions/leap-year date.leap-year.xsl
103.10.23 13:15 B C:\jakarta-tomcat-3.2.4\webapps\cocoon\exslt\date\functions\leap-year\date.leap-year.zip --> ftp.exslt.org /www.exslt.org/public_html/date/functions/leap-year date.leap-year.zip
103.10.23 13:15 B C:\jakarta-tomcat-3.2.4\webapps\cocoon\exslt\date\functions\leap-year\date.msxsl.xsl --> ftp.exslt.org /www.exslt.org/public_html/date/functions/leap-year date.msxsl.xsl
103.10.23 13:16 B C:\jakarta-tomcat-3.2.4\webapps\cocoon\exslt\date\functions\leap-year\date.msxsl.xsl.html --> ftp.exslt.org /www.exslt.org/public_html/date/functions/leap-year date.msxsl.xsl.html
103.10.23 13:16 B C:\jakarta-tomcat-3.2.4\webapps\cocoon\exslt\date\functions\leap-year\index.html --> ftp.exslt.org /www.exslt.org/public_html/date/functions/leap-year index.html
103.10.23 13:16 B C:\jakarta-tomcat-3.2.4\webapps\cocoon\exslt\date\functions\leap-year\out.html --> ftp.exslt.org /www.exslt.org/public_html/date/functions/leap-year out.html
103.10.23 13:16 B C:\jakarta-tomcat-3.2.4\webapps\cocoon\exslt\date\functions\leap-year\refresh.bat --> ftp.exslt.org /www.exslt.org/public_html/date/functions/leap-year refresh.bat
103.10.23 13:16 B C:\jakarta-tomcat-3.2.4\webapps\cocoon\exslt\date\functions\leap-year\update.bat --> ftp.exslt.org /www.exslt.org/public_html/date/functions/leap-year update.bat
103.10.23 13:16 B C:\jakarta-tomcat-3.2.4\webapps\cocoon\exslt\date\functions\leap-year\WS_FTP.LOG --> ftp.exslt.org /www.exslt.org/public_html/date/functions/leap-year WS_FTP.LOG
103.10.23 13:20 B C:\jakarta-tomcat-3.2.4\webapps\cocoon\exslt\date\functions\leap-year\base.css --> ftp.exslt.org /www.exslt.org/public_html/date/functions/leap-year base.css
103.10.23 13:20 B C:\jakarta-tomcat-3.2.4\webapps\cocoon\exslt\date\functions\leap-year\date.js --> ftp.exslt.org /www.exslt.org/public_html/date/functions/leap-year date.js
103.10.23 13:20 B C:\jakarta-tomcat-3.2.4\webapps\cocoon\exslt\date\functions\leap-year\date.js.html --> ftp.exslt.org /www.exslt.org/public_html/date/functions/leap-year date.js.html
103.10.23 13:20 B C:\jakarta-tomcat-3.2.4\webapps\cocoon\exslt\date\functions\leap-year\date.leap-year.1.html --> ftp.exslt.org /www.exslt.org/public_html/date/functions/leap-year date.leap-year.1.html
103.10.23 13:20 B C:\jakarta-tomcat-3.2.4\webapps\cocoon\exslt\date\functions\leap-year\date.leap-year.function.xsl --> ftp.exslt.org /www.exslt.org/public_html/date/functions/leap-year date.leap-year.function.xsl
103.10.23 13:20 B C:\jakarta-tomcat-3.2.4\webapps\cocoon\exslt\date\functions\leap-year\date.leap-year.function.xsl.html --> ftp.exslt.org /www.exslt.org/public_html/date/functions/leap-year date.leap-year.function.xsl.html
103.10.23 13:20 B C:\jakarta-tomcat-3.2.4\webapps\cocoon\exslt\date\functions\leap-year\date.leap-year.html --> ftp.exslt.org /www.exslt.org/public_html/date/functions/leap-year date.leap-year.html
103.10.23 13:20 B C:\jakarta-tomcat-3.2.4\webapps\cocoon\exslt\date\functions\leap-year\date.leap-year.package.txt --> ftp.exslt.org /www.exslt.org/public_html/date/functions/leap-year date.leap-year.package.txt
103.10.23 13:20 B C:\jakarta-tomcat-3.2.4\webapps\cocoon\exslt\date\functions\leap-year\date.leap-year.template.xsl --> ftp.exslt.org /www.exslt.org/public_html/date/functions/leap-year date.leap-year.template.xsl
103.10.23 13:20 B C:\jakarta-tomcat-3.2.4\webapps\cocoon\exslt\date\functions\leap-year\date.leap-year.template.xsl.html --> ftp.exslt.org /www.exslt.org/public_html/date/functions/leap-year date.leap-year.template.xsl.html
103.10.23 13:20 B C:\jakarta-tomcat-3.2.4\webapps\cocoon\exslt\date\functions\leap-year\date.leap-year.use-cases.txt --> ftp.exslt.org /www.exslt.org/public_html/date/functions/leap-year date.leap-year.use-cases.txt
103.10.23 13:20 B C:\jakarta-tomcat-3.2.4\webapps\cocoon\exslt\date\functions\leap-year\date.leap-year.use-cases.zip --> ftp.exslt.org /www.exslt.org/public_html/date/functions/leap-year date.leap-year.use-cases.zip
103.10.23 13:20 B C:\jakarta-tomcat-3.2.4\webapps\cocoon\exslt\date\functions\leap-year\date.leap-year.xml --> ftp.exslt.org /www.exslt.org/public_html/date/functions/leap-year date.leap-year.xml
103.10.23 13:20 B C:\jakarta-tomcat-3.2.4\webapps\cocoon\exslt\date\functions\leap-year\date.leap-year.xsl --> ftp.exslt.org /www.exslt.org/public_html/date/functions/leap-year date.leap-year.xsl
103.10.23 13:20 B C:\jakarta-tomcat-3.2.4\webapps\cocoon\exslt\date\functions\leap-year\date.leap-year.zip --> ftp.exslt.org /www.exslt.org/public_html/date/functions/leap-year date.leap-year.zip
103.10.23 13:21 B C:\jakarta-tomcat-3.2.4\webapps\cocoon\exslt\date\functions\leap-year\date.msxsl.xsl --> ftp.exslt.org /www.exslt.org/public_html/date/functions/leap-year date.msxsl.xsl
103.10.23 13:21 B C:\jakarta-tomcat-3.2.4\webapps\cocoon\exslt\date\functions\leap-year\date.msxsl.xsl.html --> ftp.exslt.org /www.exslt.org/public_html/date/functions/leap-year date.msxsl.xsl.html
103.10.23 13:21 B C:\jakarta-tomcat-3.2.4\webapps\cocoon\exslt\date\functions\leap-year\index.html --> ftp.exslt.org /www.exslt.org/public_html/date/functions/leap-year index.html
103.10.23 13:21 B C:\jakarta-tomcat-3.2.4\webapps\cocoon\exslt\date\functions\leap-year\out.html --> ftp.exslt.org /www.exslt.org/public_html/date/functions/leap-year out.html
103.10.23 13:21 B C:\jakarta-tomcat-3.2.4\webapps\cocoon\exslt\date\functions\leap-year\refresh.bat --> ftp.exslt.org /www.exslt.org/public_html/date/functions/leap-year refresh.bat
103.10.23 13:21 B C:\jakarta-tomcat-3.2.4\webapps\cocoon\exslt\date\functions\leap-year\update.bat --> ftp.exslt.org /www.exslt.org/public_html/date/functions/leap-year update.bat
103.10.23 13:21 B C:\jakarta-tomcat-3.2.4\webapps\cocoon\exslt\date\functions\leap-year\WS_FTP.LOG --> ftp.exslt.org /www.exslt.org/public_html/date/functions/leap-year WS_FTP.LOG
103.10.23 13:28 B C:\jakarta-tomcat-3.2.4\webapps\cocoon\exslt\date\functions\leap-year\base.css --> ftp.exslt.org /www.exslt.org/public_html/leap-year base.css
103.10.23 13:28 B C:\jakarta-tomcat-3.2.4\webapps\cocoon\exslt\date\functions\leap-year\date.js --> ftp.exslt.org /www.exslt.org/public_html/leap-year date.js
103.10.23 13:28 B C:\jakarta-tomcat-3.2.4\webapps\cocoon\exslt\date\functions\leap-year\date.js.html --> ftp.exslt.org /www.exslt.org/public_html/leap-year date.js.html
103.10.23 13:28 B C:\jakarta-tomcat-3.2.4\webapps\cocoon\exslt\date\functions\leap-year\date.leap-year.1.html --> ftp.exslt.org /www.exslt.org/public_html/leap-year date.leap-year.1.html
103.10.23 13:28 B C:\jakarta-tomcat-3.2.4\webapps\cocoon\exslt\date\functions\leap-year\date.leap-year.function.xsl --> ftp.exslt.org /www.exslt.org/public_html/leap-year date.leap-year.function.xsl
103.10.23 13:28 B C:\jakarta-tomcat-3.2.4\webapps\cocoon\exslt\date\functions\leap-year\date.leap-year.function.xsl.html --> ftp.exslt.org /www.exslt.org/public_html/leap-year date.leap-year.function.xsl.html
103.10.23 13:28 B C:\jakarta-tomcat-3.2.4\webapps\cocoon\exslt\date\functions\leap-year\date.leap-year.html --> ftp.exslt.org /www.exslt.org/public_html/leap-year date.leap-year.html
103.10.23 13:28 B C:\jakarta-tomcat-3.2.4\webapps\cocoon\exslt\date\functions\leap-year\date.leap-year.package.txt --> ftp.exslt.org /www.exslt.org/public_html/leap-year date.leap-year.package.txt
103.10.23 13:28 B C:\jakarta-tomcat-3.2.4\webapps\cocoon\exslt\date\functions\leap-year\date.leap-year.template.xsl --> ftp.exslt.org /www.exslt.org/public_html/leap-year date.leap-year.template.xsl
103.10.23 13:28 B C:\jakarta-tomcat-3.2.4\webapps\cocoon\exslt\date\functions\leap-year\date.leap-year.template.xsl.html --> ftp.exslt.org /www.exslt.org/public_html/leap-year date.leap-year.template.xsl.html
103.10.23 13:28 B C:\jakarta-tomcat-3.2.4\webapps\cocoon\exslt\date\functions\leap-year\date.leap-year.use-cases.txt --> ftp.exslt.org /www.exslt.org/public_html/leap-year date.leap-year.use-cases.txt
103.10.23 13:28 B C:\jakarta-tomcat-3.2.4\webapps\cocoon\exslt\date\functions\leap-year\date.leap-year.use-cases.zip --> ftp.exslt.org /www.exslt.org/public_html/leap-year date.leap-year.use-cases.zip
103.10.23 13:28 B C:\jakarta-tomcat-3.2.4\webapps\cocoon\exslt\date\functions\leap-year\date.leap-year.xml --> ftp.exslt.org /www.exslt.org/public_html/leap-year date.leap-year.xml
103.10.23 13:28 B C:\jakarta-tomcat-3.2.4\webapps\cocoon\exslt\date\functions\leap-year\date.leap-year.xsl --> ftp.exslt.org /www.exslt.org/public_html/leap-year date.leap-year.xsl
103.10.23 13:28 B C:\jakarta-tomcat-3.2.4\webapps\cocoon\exslt\date\functions\leap-year\date.leap-year.zip --> ftp.exslt.org /www.exslt.org/public_html/leap-year date.leap-year.zip
103.10.23 13:29 B C:\jakarta-tomcat-3.2.4\webapps\cocoon\exslt\date\functions\leap-year\date.msxsl.xsl --> ftp.exslt.org /www.exslt.org/public_html/leap-year date.msxsl.xsl
103.10.23 13:29 B C:\jakarta-tomcat-3.2.4\webapps\cocoon\exslt\date\functions\leap-year\date.msxsl.xsl.html --> ftp.exslt.org /www.exslt.org/public_html/leap-year date.msxsl.xsl.html
103.10.23 13:29 B C:\jakarta-tomcat-3.2.4\webapps\cocoon\exslt\date\functions\leap-year\index.html --> ftp.exslt.org /www.exslt.org/public_html/leap-year index.html
103.10.23 13:29 B C:\jakarta-tomcat-3.2.4\webapps\cocoon\exslt\date\functions\leap-year\out.html --> ftp.exslt.org /www.exslt.org/public_html/leap-year out.html
103.10.23 13:29 B C:\jakarta-tomcat-3.2.4\webapps\cocoon\exslt\date\functions\leap-year\refresh.bat --> ftp.exslt.org /www.exslt.org/public_html/leap-year refresh.bat
103.10.23 13:29 B C:\jakarta-tomcat-3.2.4\webapps\cocoon\exslt\date\functions\leap-year\update.bat --> ftp.exslt.org /www.exslt.org/public_html/leap-year update.bat
103.10.23 13:29 B C:\jakarta-tomcat-3.2.4\webapps\cocoon\exslt\date\functions\leap-year\WS_FTP.LOG --> ftp.exslt.org /www.exslt.org/public_html/leap-year WS_FTP.LOG
103.10.23 14:43 B C:\jakarta-tomcat-3.2.4\webapps\cocoon\exslt\date\functions\leap-year\base.css --> ftp.exslt.org /www.exslt.org/public_html/date/functions/leap-year base.css
103.10.23 14:43 B C:\jakarta-tomcat-3.2.4\webapps\cocoon\exslt\date\functions\leap-year\date.js --> ftp.exslt.org /www.exslt.org/public_html/date/functions/leap-year date.js
103.10.23 14:43 B C:\jakarta-tomcat-3.2.4\webapps\cocoon\exslt\date\functions\leap-year\date.js.html --> ftp.exslt.org /www.exslt.org/public_html/date/functions/leap-year date.js.html
103.10.23 14:43 B C:\jakarta-tomcat-3.2.4\webapps\cocoon\exslt\date\functions\leap-year\date.leap-year.1.html --> ftp.exslt.org /www.exslt.org/public_html/date/functions/leap-year date.leap-year.1.html
103.10.23 14:43 B C:\jakarta-tomcat-3.2.4\webapps\cocoon\exslt\date\functions\leap-year\date.leap-year.function.xsl --> ftp.exslt.org /www.exslt.org/public_html/date/functions/leap-year date.leap-year.function.xsl
103.10.23 14:43 B C:\jakarta-tomcat-3.2.4\webapps\cocoon\exslt\date\functions\leap-year\date.leap-year.function.xsl.html --> ftp.exslt.org /www.exslt.org/public_html/date/functions/leap-year date.leap-year.function.xsl.html
103.10.23 14:43 B C:\jakarta-tomcat-3.2.4\webapps\cocoon\exslt\date\functions\leap-year\date.leap-year.html --> ftp.exslt.org /www.exslt.org/public_html/date/functions/leap-year date.leap-year.html
103.10.23 14:43 B C:\jakarta-tomcat-3.2.4\webapps\cocoon\exslt\date\functions\leap-year\date.leap-year.package.txt --> ftp.exslt.org /www.exslt.org/public_html/date/functions/leap-year date.leap-year.package.txt
103.10.23 14:43 B C:\jakarta-tomcat-3.2.4\webapps\cocoon\exslt\date\functions\leap-year\date.leap-year.template.xsl --> ftp.exslt.org /www.exslt.org/public_html/date/functions/leap-year date.leap-year.template.xsl
103.10.23 14:44 B C:\jakarta-tomcat-3.2.4\webapps\cocoon\exslt\date\functions\leap-year\date.leap-year.template.xsl.html --> ftp.exslt.org /www.exslt.org/public_html/date/functions/leap-year date.leap-year.template.xsl.html
103.10.23 14:44 B C:\jakarta-tomcat-3.2.4\webapps\cocoon\exslt\date\functions\leap-year\date.leap-year.use-cases.txt --> ftp.exslt.org /www.exslt.org/public_html/date/functions/leap-year date.leap-year.use-cases.txt
103.10.23 14:44 B C:\jakarta-tomcat-3.2.4\webapps\cocoon\exslt\date\functions\leap-year\date.leap-year.use-cases.zip --> ftp.exslt.org /www.exslt.org/public_html/date/functions/leap-year date.leap-year.use-cases.zip
103.10.23 14:44 B C:\jakarta-tomcat-3.2.4\webapps\cocoon\exslt\date\functions\leap-year\date.leap-year.xml --> ftp.exslt.org /www.exslt.org/public_html/date/functions/leap-year date.leap-year.xml
103.10.23 14:44 B C:\jakarta-tomcat-3.2.4\webapps\cocoon\exslt\date\functions\leap-year\date.leap-year.xsl --> ftp.exslt.org /www.exslt.org/public_html/date/functions/leap-year date.leap-year.xsl
103.10.23 14:44 B C:\jakarta-tomcat-3.2.4\webapps\cocoon\exslt\date\functions\leap-year\date.leap-year.zip --> ftp.exslt.org /www.exslt.org/public_html/date/functions/leap-year date.leap-year.zip
103.10.23 14:44 B C:\jakarta-tomcat-3.2.4\webapps\cocoon\exslt\date\functions\leap-year\date.msxsl.xsl --> ftp.exslt.org /www.exslt.org/public_html/date/functions/leap-year date.msxsl.xsl
103.10.23 14:44 B C:\jakarta-tomcat-3.2.4\webapps\cocoon\exslt\date\functions\leap-year\date.msxsl.xsl.html --> ftp.exslt.org /www.exslt.org/public_html/date/functions/leap-year date.msxsl.xsl.html
103.10.23 14:44 B C:\jakarta-tomcat-3.2.4\webapps\cocoon\exslt\date\functions\leap-year\index.html --> ftp.exslt.org /www.exslt.org/public_html/date/functions/leap-year index.html
103.10.23 14:44 B C:\jakarta-tomcat-3.2.4\webapps\cocoon\exslt\date\functions\leap-year\out.html --> ftp.exslt.org /www.exslt.org/public_html/date/functions/leap-year out.html
103.10.23 14:44 B C:\jakarta-tomcat-3.2.4\webapps\cocoon\exslt\date\functions\leap-year\refresh.bat --> ftp.exslt.org /www.exslt.org/public_html/date/functions/leap-year refresh.bat
103.10.23 14:44 B C:\jakarta-tomcat-3.2.4\webapps\cocoon\exslt\date\functions\leap-year\update.bat --> ftp.exslt.org /www.exslt.org/public_html/date/functions/leap-year update.bat
