102.08.21 17:25 B C:\jakarta-tomcat-3.2.4\webapps\cocoon\exslt\date\functions\seconds\base.css --> ftp.exslt.org /www.exslt.org/public_html/date/functions/seconds base.css
102.08.21 17:25 B C:\jakarta-tomcat-3.2.4\webapps\cocoon\exslt\date\functions\seconds\date.js --> ftp.exslt.org /www.exslt.org/public_html/date/functions/seconds date.js
102.08.21 17:25 B C:\jakarta-tomcat-3.2.4\webapps\cocoon\exslt\date\functions\seconds\date.js.html --> ftp.exslt.org /www.exslt.org/public_html/date/functions/seconds date.js.html
102.08.21 17:25 B C:\jakarta-tomcat-3.2.4\webapps\cocoon\exslt\date\functions\seconds\date.msxsl.xsl --> ftp.exslt.org /www.exslt.org/public_html/date/functions/seconds date.msxsl.xsl
102.08.21 17:25 B C:\jakarta-tomcat-3.2.4\webapps\cocoon\exslt\date\functions\seconds\date.msxsl.xsl.html --> ftp.exslt.org /www.exslt.org/public_html/date/functions/seconds date.msxsl.xsl.html
102.08.21 17:25 B C:\jakarta-tomcat-3.2.4\webapps\cocoon\exslt\date\functions\seconds\date.seconds.1.html --> ftp.exslt.org /www.exslt.org/public_html/date/functions/seconds date.seconds.1.html
102.08.21 17:25 B C:\jakarta-tomcat-3.2.4\webapps\cocoon\exslt\date\functions\seconds\date.seconds.html --> ftp.exslt.org /www.exslt.org/public_html/date/functions/seconds date.seconds.html
102.08.21 17:25 B C:\jakarta-tomcat-3.2.4\webapps\cocoon\exslt\date\functions\seconds\date.seconds.package.txt --> ftp.exslt.org /www.exslt.org/public_html/date/functions/seconds date.seconds.package.txt
102.08.21 17:25 B C:\jakarta-tomcat-3.2.4\webapps\cocoon\exslt\date\functions\seconds\date.seconds.use-cases.txt --> ftp.exslt.org /www.exslt.org/public_html/date/functions/seconds date.seconds.use-cases.txt
102.08.21 17:25 B C:\jakarta-tomcat-3.2.4\webapps\cocoon\exslt\date\functions\seconds\date.seconds.use-cases.zip --> ftp.exslt.org /www.exslt.org/public_html/date/functions/seconds date.seconds.use-cases.zip
102.08.21 17:25 B C:\jakarta-tomcat-3.2.4\webapps\cocoon\exslt\date\functions\seconds\date.seconds.xml --> ftp.exslt.org /www.exslt.org/public_html/date/functions/seconds date.seconds.xml
102.08.21 17:25 B C:\jakarta-tomcat-3.2.4\webapps\cocoon\exslt\date\functions\seconds\date.seconds.xsl --> ftp.exslt.org /www.exslt.org/public_html/date/functions/seconds date.seconds.xsl
102.08.21 17:25 B C:\jakarta-tomcat-3.2.4\webapps\cocoon\exslt\date\functions\seconds\date.seconds.zip --> ftp.exslt.org /www.exslt.org/public_html/date/functions/seconds date.seconds.zip
102.08.21 17:25 B C:\jakarta-tomcat-3.2.4\webapps\cocoon\exslt\date\functions\seconds\index.html --> ftp.exslt.org /www.exslt.org/public_html/date/functions/seconds index.html
102.08.21 17:25 B C:\jakarta-tomcat-3.2.4\webapps\cocoon\exslt\date\functions\seconds\refresh.bat --> ftp.exslt.org /www.exslt.org/public_html/date/functions/seconds refresh.bat
102.08.21 17:25 B C:\jakarta-tomcat-3.2.4\webapps\cocoon\exslt\date\functions\seconds\update.bat --> ftp.exslt.org /www.exslt.org/public_html/date/functions/seconds update.bat
102.08.21 17:31 B C:\jakarta-tomcat-3.2.4\webapps\cocoon\exslt\date\functions\seconds\base.css --> ftp.exslt.org /www.exslt.org/public_html/date/functions/seconds base.css
102.08.21 17:31 B C:\jakarta-tomcat-3.2.4\webapps\cocoon\exslt\date\functions\seconds\date.js --> ftp.exslt.org /www.exslt.org/public_html/date/functions/seconds date.js
102.08.21 17:31 B C:\jakarta-tomcat-3.2.4\webapps\cocoon\exslt\date\functions\seconds\date.js.html --> ftp.exslt.org /www.exslt.org/public_html/date/functions/seconds date.js.html
102.08.21 17:31 B C:\jakarta-tomcat-3.2.4\webapps\cocoon\exslt\date\functions\seconds\date.msxsl.xsl --> ftp.exslt.org /www.exslt.org/public_html/date/functions/seconds date.msxsl.xsl
102.08.21 17:31 B C:\jakarta-tomcat-3.2.4\webapps\cocoon\exslt\date\functions\seconds\date.msxsl.xsl.html --> ftp.exslt.org /www.exslt.org/public_html/date/functions/seconds date.msxsl.xsl.html
102.08.21 17:31 B C:\jakarta-tomcat-3.2.4\webapps\cocoon\exslt\date\functions\seconds\date.seconds.1.html --> ftp.exslt.org /www.exslt.org/public_html/date/functions/seconds date.seconds.1.html
102.08.21 17:31 B C:\jakarta-tomcat-3.2.4\webapps\cocoon\exslt\date\functions\seconds\date.seconds.html --> ftp.exslt.org /www.exslt.org/public_html/date/functions/seconds date.seconds.html
102.08.21 17:31 B C:\jakarta-tomcat-3.2.4\webapps\cocoon\exslt\date\functions\seconds\date.seconds.package.txt --> ftp.exslt.org /www.exslt.org/public_html/date/functions/seconds date.seconds.package.txt
102.08.21 17:31 B C:\jakarta-tomcat-3.2.4\webapps\cocoon\exslt\date\functions\seconds\date.seconds.use-cases.txt --> ftp.exslt.org /www.exslt.org/public_html/date/functions/seconds date.seconds.use-cases.txt
102.08.21 17:31 B C:\jakarta-tomcat-3.2.4\webapps\cocoon\exslt\date\functions\seconds\date.seconds.use-cases.zip --> ftp.exslt.org /www.exslt.org/public_html/date/functions/seconds date.seconds.use-cases.zip
102.08.21 17:31 B C:\jakarta-tomcat-3.2.4\webapps\cocoon\exslt\date\functions\seconds\date.seconds.xml --> ftp.exslt.org /www.exslt.org/public_html/date/functions/seconds date.seconds.xml
102.08.21 17:31 B C:\jakarta-tomcat-3.2.4\webapps\cocoon\exslt\date\functions\seconds\date.seconds.xsl --> ftp.exslt.org /www.exslt.org/public_html/date/functions/seconds date.seconds.xsl
102.08.21 17:31 B C:\jakarta-tomcat-3.2.4\webapps\cocoon\exslt\date\functions\seconds\date.seconds.zip --> ftp.exslt.org /www.exslt.org/public_html/date/functions/seconds date.seconds.zip
102.08.21 17:31 B C:\jakarta-tomcat-3.2.4\webapps\cocoon\exslt\date\functions\seconds\index.html --> ftp.exslt.org /www.exslt.org/public_html/date/functions/seconds index.html
102.08.21 17:31 B C:\jakarta-tomcat-3.2.4\webapps\cocoon\exslt\date\functions\seconds\refresh.bat --> ftp.exslt.org /www.exslt.org/public_html/date/functions/seconds refresh.bat
102.08.21 17:31 B C:\jakarta-tomcat-3.2.4\webapps\cocoon\exslt\date\functions\seconds\update.bat --> ftp.exslt.org /www.exslt.org/public_html/date/functions/seconds update.bat
102.08.21 17:31 B C:\jakarta-tomcat-3.2.4\webapps\cocoon\exslt\date\functions\seconds\WS_FTP.LOG --> ftp.exslt.org /www.exslt.org/public_html/date/functions/seconds WS_FTP.LOG
102.11.19 13:15 B C:\jakarta-tomcat-3.2.4\webapps\cocoon\exslt\date\functions\seconds\base.css --> ftp.exslt.org /www.exslt.org/public_html/date/functions/seconds base.css
102.11.19 13:15 B C:\jakarta-tomcat-3.2.4\webapps\cocoon\exslt\date\functions\seconds\date.js --> ftp.exslt.org /www.exslt.org/public_html/date/functions/seconds date.js
102.11.19 13:15 B C:\jakarta-tomcat-3.2.4\webapps\cocoon\exslt\date\functions\seconds\date.js.html --> ftp.exslt.org /www.exslt.org/public_html/date/functions/seconds date.js.html
102.11.19 13:15 B C:\jakarta-tomcat-3.2.4\webapps\cocoon\exslt\date\functions\seconds\date.msxsl.xsl --> ftp.exslt.org /www.exslt.org/public_html/date/functions/seconds date.msxsl.xsl
102.11.19 13:15 B C:\jakarta-tomcat-3.2.4\webapps\cocoon\exslt\date\functions\seconds\date.msxsl.xsl.html --> ftp.exslt.org /www.exslt.org/public_html/date/functions/seconds date.msxsl.xsl.html
102.11.19 13:15 B C:\jakarta-tomcat-3.2.4\webapps\cocoon\exslt\date\functions\seconds\date.seconds.1.html --> ftp.exslt.org /www.exslt.org/public_html/date/functions/seconds date.seconds.1.html
102.11.19 13:15 B C:\jakarta-tomcat-3.2.4\webapps\cocoon\exslt\date\functions\seconds\date.seconds.html --> ftp.exslt.org /www.exslt.org/public_html/date/functions/seconds date.seconds.html
102.11.19 13:15 B C:\jakarta-tomcat-3.2.4\webapps\cocoon\exslt\date\functions\seconds\date.seconds.package.txt --> ftp.exslt.org /www.exslt.org/public_html/date/functions/seconds date.seconds.package.txt
102.11.19 13:15 B C:\jakarta-tomcat-3.2.4\webapps\cocoon\exslt\date\functions\seconds\date.seconds.use-cases.txt --> ftp.exslt.org /www.exslt.org/public_html/date/functions/seconds date.seconds.use-cases.txt
102.11.19 13:15 B C:\jakarta-tomcat-3.2.4\webapps\cocoon\exslt\date\functions\seconds\date.seconds.use-cases.zip --> ftp.exslt.org /www.exslt.org/public_html/date/functions/seconds date.seconds.use-cases.zip
102.11.19 13:15 B C:\jakarta-tomcat-3.2.4\webapps\cocoon\exslt\date\functions\seconds\date.seconds.xml --> ftp.exslt.org /www.exslt.org/public_html/date/functions/seconds date.seconds.xml
102.11.19 13:15 B C:\jakarta-tomcat-3.2.4\webapps\cocoon\exslt\date\functions\seconds\date.seconds.xsl --> ftp.exslt.org /www.exslt.org/public_html/date/functions/seconds date.seconds.xsl
102.11.19 13:15 B C:\jakarta-tomcat-3.2.4\webapps\cocoon\exslt\date\functions\seconds\date.seconds.zip --> ftp.exslt.org /www.exslt.org/public_html/date/functions/seconds date.seconds.zip
102.11.19 13:15 B C:\jakarta-tomcat-3.2.4\webapps\cocoon\exslt\date\functions\seconds\index.html --> ftp.exslt.org /www.exslt.org/public_html/date/functions/seconds index.html
102.11.19 13:15 B C:\jakarta-tomcat-3.2.4\webapps\cocoon\exslt\date\functions\seconds\refresh.bat --> ftp.exslt.org /www.exslt.org/public_html/date/functions/seconds refresh.bat
102.11.19 13:15 B C:\jakarta-tomcat-3.2.4\webapps\cocoon\exslt\date\functions\seconds\update.bat --> ftp.exslt.org /www.exslt.org/public_html/date/functions/seconds update.bat
102.11.19 13:15 B C:\jakarta-tomcat-3.2.4\webapps\cocoon\exslt\date\functions\seconds\WS_FTP.LOG --> ftp.exslt.org /www.exslt.org/public_html/date/functions/seconds WS_FTP.LOG
102.11.19 13:21 B C:\jakarta-tomcat-3.2.4\webapps\cocoon\exslt\date\functions\seconds\base.css --> ftp.exslt.org /www.exslt.org/public_html/date/functions/seconds base.css
102.11.19 13:21 B C:\jakarta-tomcat-3.2.4\webapps\cocoon\exslt\date\functions\seconds\date.js --> ftp.exslt.org /www.exslt.org/public_html/date/functions/seconds date.js
102.11.19 13:21 B C:\jakarta-tomcat-3.2.4\webapps\cocoon\exslt\date\functions\seconds\date.js.html --> ftp.exslt.org /www.exslt.org/public_html/date/functions/seconds date.js.html
102.11.19 13:21 B C:\jakarta-tomcat-3.2.4\webapps\cocoon\exslt\date\functions\seconds\date.msxsl.xsl --> ftp.exslt.org /www.exslt.org/public_html/date/functions/seconds date.msxsl.xsl
102.11.19 13:21 B C:\jakarta-tomcat-3.2.4\webapps\cocoon\exslt\date\functions\seconds\date.msxsl.xsl.html --> ftp.exslt.org /www.exslt.org/public_html/date/functions/seconds date.msxsl.xsl.html
102.11.19 13:21 B C:\jakarta-tomcat-3.2.4\webapps\cocoon\exslt\date\functions\seconds\date.seconds.1.html --> ftp.exslt.org /www.exslt.org/public_html/date/functions/seconds date.seconds.1.html
102.11.19 13:21 B C:\jakarta-tomcat-3.2.4\webapps\cocoon\exslt\date\functions\seconds\date.seconds.html --> ftp.exslt.org /www.exslt.org/public_html/date/functions/seconds date.seconds.html
102.11.19 13:21 B C:\jakarta-tomcat-3.2.4\webapps\cocoon\exslt\date\functions\seconds\date.seconds.package.txt --> ftp.exslt.org /www.exslt.org/public_html/date/functions/seconds date.seconds.package.txt
102.11.19 13:21 B C:\jakarta-tomcat-3.2.4\webapps\cocoon\exslt\date\functions\seconds\date.seconds.use-cases.txt --> ftp.exslt.org /www.exslt.org/public_html/date/functions/seconds date.seconds.use-cases.txt
102.11.19 13:21 B C:\jakarta-tomcat-3.2.4\webapps\cocoon\exslt\date\functions\seconds\date.seconds.use-cases.zip --> ftp.exslt.org /www.exslt.org/public_html/date/functions/seconds date.seconds.use-cases.zip
102.11.19 13:21 B C:\jakarta-tomcat-3.2.4\webapps\cocoon\exslt\date\functions\seconds\date.seconds.xml --> ftp.exslt.org /www.exslt.org/public_html/date/functions/seconds date.seconds.xml
102.11.19 13:21 B C:\jakarta-tomcat-3.2.4\webapps\cocoon\exslt\date\functions\seconds\date.seconds.xsl --> ftp.exslt.org /www.exslt.org/public_html/date/functions/seconds date.seconds.xsl
102.11.19 13:21 B C:\jakarta-tomcat-3.2.4\webapps\cocoon\exslt\date\functions\seconds\date.seconds.zip --> ftp.exslt.org /www.exslt.org/public_html/date/functions/seconds date.seconds.zip
102.11.19 13:21 B C:\jakarta-tomcat-3.2.4\webapps\cocoon\exslt\date\functions\seconds\index.html --> ftp.exslt.org /www.exslt.org/public_html/date/functions/seconds index.html
102.11.19 13:21 B C:\jakarta-tomcat-3.2.4\webapps\cocoon\exslt\date\functions\seconds\refresh.bat --> ftp.exslt.org /www.exslt.org/public_html/date/functions/seconds refresh.bat
102.11.19 13:21 B C:\jakarta-tomcat-3.2.4\webapps\cocoon\exslt\date\functions\seconds\update.bat --> ftp.exslt.org /www.exslt.org/public_html/date/functions/seconds update.bat
102.12.02 12:22 B C:\jakarta-tomcat-3.2.4\webapps\cocoon\exslt\public_html\date\functions\seconds\WS_FTP.LOG <-- ftp.exslt.org /www.exslt.org/public_html/date/functions/seconds WS_FTP.LOG
102.12.03 11:10 B C:\jakarta-tomcat-3.2.4\webapps\cocoon\exslt\date\functions\seconds\base.css --> ftp.exslt.org /www.exslt.org/public_html/date/functions/seconds base.css
102.12.03 11:10 B C:\jakarta-tomcat-3.2.4\webapps\cocoon\exslt\date\functions\seconds\date.js --> ftp.exslt.org /www.exslt.org/public_html/date/functions/seconds date.js
102.12.03 11:10 B C:\jakarta-tomcat-3.2.4\webapps\cocoon\exslt\date\functions\seconds\date.js.html --> ftp.exslt.org /www.exslt.org/public_html/date/functions/seconds date.js.html
102.12.03 11:10 B C:\jakarta-tomcat-3.2.4\webapps\cocoon\exslt\date\functions\seconds\date.msxsl.xsl --> ftp.exslt.org /www.exslt.org/public_html/date/functions/seconds date.msxsl.xsl
102.12.03 11:10 B C:\jakarta-tomcat-3.2.4\webapps\cocoon\exslt\date\functions\seconds\date.msxsl.xsl.html --> ftp.exslt.org /www.exslt.org/public_html/date/functions/seconds date.msxsl.xsl.html
102.12.03 11:10 B C:\jakarta-tomcat-3.2.4\webapps\cocoon\exslt\date\functions\seconds\date.out.xml --> ftp.exslt.org /www.exslt.org/public_html/date/functions/seconds date.out.xml
102.12.03 11:10 B C:\jakarta-tomcat-3.2.4\webapps\cocoon\exslt\date\functions\seconds\date.seconds.1.html --> ftp.exslt.org /www.exslt.org/public_html/date/functions/seconds date.seconds.1.html
102.12.03 11:10 B C:\jakarta-tomcat-3.2.4\webapps\cocoon\exslt\date\functions\seconds\date.seconds.html --> ftp.exslt.org /www.exslt.org/public_html/date/functions/seconds date.seconds.html
102.12.03 11:10 B C:\jakarta-tomcat-3.2.4\webapps\cocoon\exslt\date\functions\seconds\date.seconds.package.txt --> ftp.exslt.org /www.exslt.org/public_html/date/functions/seconds date.seconds.package.txt
102.12.03 11:10 B C:\jakarta-tomcat-3.2.4\webapps\cocoon\exslt\date\functions\seconds\date.seconds.template.xsl --> ftp.exslt.org /www.exslt.org/public_html/date/functions/seconds date.seconds.template.xsl
102.12.03 11:10 B C:\jakarta-tomcat-3.2.4\webapps\cocoon\exslt\date\functions\seconds\date.seconds.use-cases.txt --> ftp.exslt.org /www.exslt.org/public_html/date/functions/seconds date.seconds.use-cases.txt
102.12.03 11:10 B C:\jakarta-tomcat-3.2.4\webapps\cocoon\exslt\date\functions\seconds\date.seconds.use-cases.zip --> ftp.exslt.org /www.exslt.org/public_html/date/functions/seconds date.seconds.use-cases.zip
102.12.03 11:10 B C:\jakarta-tomcat-3.2.4\webapps\cocoon\exslt\date\functions\seconds\date.seconds.xml --> ftp.exslt.org /www.exslt.org/public_html/date/functions/seconds date.seconds.xml
102.12.03 11:10 B C:\jakarta-tomcat-3.2.4\webapps\cocoon\exslt\date\functions\seconds\date.seconds.xsl --> ftp.exslt.org /www.exslt.org/public_html/date/functions/seconds date.seconds.xsl
102.12.03 11:10 B C:\jakarta-tomcat-3.2.4\webapps\cocoon\exslt\date\functions\seconds\date.seconds.zip --> ftp.exslt.org /www.exslt.org/public_html/date/functions/seconds date.seconds.zip
102.12.03 11:10 B C:\jakarta-tomcat-3.2.4\webapps\cocoon\exslt\date\functions\seconds\index.html --> ftp.exslt.org /www.exslt.org/public_html/date/functions/seconds index.html
102.12.03 11:10 B C:\jakarta-tomcat-3.2.4\webapps\cocoon\exslt\date\functions\seconds\refresh.bat --> ftp.exslt.org /www.exslt.org/public_html/date/functions/seconds refresh.bat
102.12.03 11:10 B C:\jakarta-tomcat-3.2.4\webapps\cocoon\exslt\date\functions\seconds\update.bat --> ftp.exslt.org /www.exslt.org/public_html/date/functions/seconds update.bat
102.12.03 11:10 B C:\jakarta-tomcat-3.2.4\webapps\cocoon\exslt\date\functions\seconds\WS_FTP.LOG --> ftp.exslt.org /www.exslt.org/public_html/date/functions/seconds WS_FTP.LOG
102.12.11 11:04 B C:\jakarta-tomcat-3.2.4\webapps\cocoon\exslt\date\functions\seconds\base.css --> ftp.exslt.org /www.exslt.org/public_html/date/functions/seconds base.css
102.12.11 11:04 B C:\jakarta-tomcat-3.2.4\webapps\cocoon\exslt\date\functions\seconds\date.js --> ftp.exslt.org /www.exslt.org/public_html/date/functions/seconds date.js
102.12.11 11:04 B C:\jakarta-tomcat-3.2.4\webapps\cocoon\exslt\date\functions\seconds\date.js.html --> ftp.exslt.org /www.exslt.org/public_html/date/functions/seconds date.js.html
102.12.11 11:04 B C:\jakarta-tomcat-3.2.4\webapps\cocoon\exslt\date\functions\seconds\date.msxsl.xsl --> ftp.exslt.org /www.exslt.org/public_html/date/functions/seconds date.msxsl.xsl
102.12.11 11:04 B C:\jakarta-tomcat-3.2.4\webapps\cocoon\exslt\date\functions\seconds\date.msxsl.xsl.html --> ftp.exslt.org /www.exslt.org/public_html/date/functions/seconds date.msxsl.xsl.html
102.12.11 11:04 B C:\jakarta-tomcat-3.2.4\webapps\cocoon\exslt\date\functions\seconds\date.out.xml --> ftp.exslt.org /www.exslt.org/public_html/date/functions/seconds date.out.xml
102.12.11 11:04 B C:\jakarta-tomcat-3.2.4\webapps\cocoon\exslt\date\functions\seconds\date.seconds.1.html --> ftp.exslt.org /www.exslt.org/public_html/date/functions/seconds date.seconds.1.html
102.12.11 11:04 B C:\jakarta-tomcat-3.2.4\webapps\cocoon\exslt\date\functions\seconds\date.seconds.html --> ftp.exslt.org /www.exslt.org/public_html/date/functions/seconds date.seconds.html
102.12.11 11:04 B C:\jakarta-tomcat-3.2.4\webapps\cocoon\exslt\date\functions\seconds\date.seconds.package.txt --> ftp.exslt.org /www.exslt.org/public_html/date/functions/seconds date.seconds.package.txt
102.12.11 11:04 B C:\jakarta-tomcat-3.2.4\webapps\cocoon\exslt\date\functions\seconds\date.seconds.template.xsl --> ftp.exslt.org /www.exslt.org/public_html/date/functions/seconds date.seconds.template.xsl
102.12.11 11:04 B C:\jakarta-tomcat-3.2.4\webapps\cocoon\exslt\date\functions\seconds\date.seconds.use-cases.txt --> ftp.exslt.org /www.exslt.org/public_html/date/functions/seconds date.seconds.use-cases.txt
102.12.11 11:04 B C:\jakarta-tomcat-3.2.4\webapps\cocoon\exslt\date\functions\seconds\date.seconds.use-cases.zip --> ftp.exslt.org /www.exslt.org/public_html/date/functions/seconds date.seconds.use-cases.zip
102.12.11 11:04 B C:\jakarta-tomcat-3.2.4\webapps\cocoon\exslt\date\functions\seconds\date.seconds.xml --> ftp.exslt.org /www.exslt.org/public_html/date/functions/seconds date.seconds.xml
102.12.11 11:04 B C:\jakarta-tomcat-3.2.4\webapps\cocoon\exslt\date\functions\seconds\date.seconds.xsl --> ftp.exslt.org /www.exslt.org/public_html/date/functions/seconds date.seconds.xsl
102.12.11 11:04 B C:\jakarta-tomcat-3.2.4\webapps\cocoon\exslt\date\functions\seconds\date.seconds.zip --> ftp.exslt.org /www.exslt.org/public_html/date/functions/seconds date.seconds.zip
102.12.11 11:04 B C:\jakarta-tomcat-3.2.4\webapps\cocoon\exslt\date\functions\seconds\index.html --> ftp.exslt.org /www.exslt.org/public_html/date/functions/seconds index.html
102.12.11 11:04 B C:\jakarta-tomcat-3.2.4\webapps\cocoon\exslt\date\functions\seconds\refresh.bat --> ftp.exslt.org /www.exslt.org/public_html/date/functions/seconds refresh.bat
102.12.11 11:04 B C:\jakarta-tomcat-3.2.4\webapps\cocoon\exslt\date\functions\seconds\update.bat --> ftp.exslt.org /www.exslt.org/public_html/date/functions/seconds update.bat
103.09.29 15:18 B C:\jakarta-tomcat-3.2.4\webapps\cocoon\exslt\date\functions\seconds\WS_FTP.LOG <-- ftp.exslt.org /www.exslt.org/public_html/date/functions/seconds WS_FTP.LOG
103.10.21 13:06 B C:\jakarta-tomcat-3.2.4\webapps\cocoon\exslt\date\functions\seconds\base.css --> marian.cs.nott.ac.uk /stud/pg/cds/exslt/date/functions/seconds base.css
103.10.21 13:06 B C:\jakarta-tomcat-3.2.4\webapps\cocoon\exslt\date\functions\seconds\date.js --> marian.cs.nott.ac.uk /stud/pg/cds/exslt/date/functions/seconds date.js
103.10.21 13:06 B C:\jakarta-tomcat-3.2.4\webapps\cocoon\exslt\date\functions\seconds\date.js.html --> marian.cs.nott.ac.uk /stud/pg/cds/exslt/date/functions/seconds date.js.html
103.10.21 13:06 B C:\jakarta-tomcat-3.2.4\webapps\cocoon\exslt\date\functions\seconds\date.msxsl.xsl --> marian.cs.nott.ac.uk /stud/pg/cds/exslt/date/functions/seconds date.msxsl.xsl
103.10.21 13:06 B C:\jakarta-tomcat-3.2.4\webapps\cocoon\exslt\date\functions\seconds\date.msxsl.xsl.html --> marian.cs.nott.ac.uk /stud/pg/cds/exslt/date/functions/seconds date.msxsl.xsl.html
103.10.21 13:06 B C:\jakarta-tomcat-3.2.4\webapps\cocoon\exslt\date\functions\seconds\date.out.xml --> marian.cs.nott.ac.uk /stud/pg/cds/exslt/date/functions/seconds date.out.xml
103.10.21 13:06 B C:\jakarta-tomcat-3.2.4\webapps\cocoon\exslt\date\functions\seconds\date.seconds.1.html --> marian.cs.nott.ac.uk /stud/pg/cds/exslt/date/functions/seconds date.seconds.1.html
103.10.21 13:06 B C:\jakarta-tomcat-3.2.4\webapps\cocoon\exslt\date\functions\seconds\date.seconds.html --> marian.cs.nott.ac.uk /stud/pg/cds/exslt/date/functions/seconds date.seconds.html
103.10.21 13:06 B C:\jakarta-tomcat-3.2.4\webapps\cocoon\exslt\date\functions\seconds\date.seconds.package.txt --> marian.cs.nott.ac.uk /stud/pg/cds/exslt/date/functions/seconds date.seconds.package.txt
103.10.21 13:06 B C:\jakarta-tomcat-3.2.4\webapps\cocoon\exslt\date\functions\seconds\date.seconds.template.xsl --> marian.cs.nott.ac.uk /stud/pg/cds/exslt/date/functions/seconds date.seconds.template.xsl
103.10.21 13:06 B C:\jakarta-tomcat-3.2.4\webapps\cocoon\exslt\date\functions\seconds\date.seconds.use-cases.txt --> marian.cs.nott.ac.uk /stud/pg/cds/exslt/date/functions/seconds date.seconds.use-cases.txt
103.10.21 13:06 B C:\jakarta-tomcat-3.2.4\webapps\cocoon\exslt\date\functions\seconds\date.seconds.use-cases.zip --> marian.cs.nott.ac.uk /stud/pg/cds/exslt/date/functions/seconds date.seconds.use-cases.zip
103.10.21 13:06 B C:\jakarta-tomcat-3.2.4\webapps\cocoon\exslt\date\functions\seconds\date.seconds.xml --> marian.cs.nott.ac.uk /stud/pg/cds/exslt/date/functions/seconds date.seconds.xml
103.10.21 13:06 B C:\jakarta-tomcat-3.2.4\webapps\cocoon\exslt\date\functions\seconds\date.seconds.xsl --> marian.cs.nott.ac.uk /stud/pg/cds/exslt/date/functions/seconds date.seconds.xsl
103.10.21 13:06 B C:\jakarta-tomcat-3.2.4\webapps\cocoon\exslt\date\functions\seconds\date.seconds.zip --> marian.cs.nott.ac.uk /stud/pg/cds/exslt/date/functions/seconds date.seconds.zip
103.10.21 13:06 B C:\jakarta-tomcat-3.2.4\webapps\cocoon\exslt\date\functions\seconds\index.html --> marian.cs.nott.ac.uk /stud/pg/cds/exslt/date/functions/seconds index.html
103.10.21 13:06 B C:\jakarta-tomcat-3.2.4\webapps\cocoon\exslt\date\functions\seconds\refresh.bat --> marian.cs.nott.ac.uk /stud/pg/cds/exslt/date/functions/seconds refresh.bat
103.10.21 13:06 B C:\jakarta-tomcat-3.2.4\webapps\cocoon\exslt\date\functions\seconds\update.bat --> marian.cs.nott.ac.uk /stud/pg/cds/exslt/date/functions/seconds update.bat
103.10.21 13:06 B C:\jakarta-tomcat-3.2.4\webapps\cocoon\exslt\date\functions\seconds\WS_FTP.LOG --> marian.cs.nott.ac.uk /stud/pg/cds/exslt/date/functions/seconds WS_FTP.LOG
103.10.23 13:59 B C:\jakarta-tomcat-3.2.4\webapps\cocoon\exslt\date\functions\seconds\base.css --> ftp.exslt.org /www.exslt.org/public_html/seconds base.css
103.10.23 14:00 B C:\jakarta-tomcat-3.2.4\webapps\cocoon\exslt\date\functions\seconds\date.js --> ftp.exslt.org /www.exslt.org/public_html/seconds date.js
103.10.23 14:00 B C:\jakarta-tomcat-3.2.4\webapps\cocoon\exslt\date\functions\seconds\date.js.html --> ftp.exslt.org /www.exslt.org/public_html/seconds date.js.html
103.10.23 14:00 B C:\jakarta-tomcat-3.2.4\webapps\cocoon\exslt\date\functions\seconds\date.msxsl.xsl --> ftp.exslt.org /www.exslt.org/public_html/seconds date.msxsl.xsl
103.10.23 14:00 B C:\jakarta-tomcat-3.2.4\webapps\cocoon\exslt\date\functions\seconds\date.msxsl.xsl.html --> ftp.exslt.org /www.exslt.org/public_html/seconds date.msxsl.xsl.html
103.10.23 14:00 B C:\jakarta-tomcat-3.2.4\webapps\cocoon\exslt\date\functions\seconds\date.out.xml --> ftp.exslt.org /www.exslt.org/public_html/seconds date.out.xml
103.10.23 14:00 B C:\jakarta-tomcat-3.2.4\webapps\cocoon\exslt\date\functions\seconds\date.seconds.1.html --> ftp.exslt.org /www.exslt.org/public_html/seconds date.seconds.1.html
103.10.23 14:00 B C:\jakarta-tomcat-3.2.4\webapps\cocoon\exslt\date\functions\seconds\date.seconds.html --> ftp.exslt.org /www.exslt.org/public_html/seconds date.seconds.html
103.10.23 14:00 B C:\jakarta-tomcat-3.2.4\webapps\cocoon\exslt\date\functions\seconds\date.seconds.package.txt --> ftp.exslt.org /www.exslt.org/public_html/seconds date.seconds.package.txt
103.10.23 14:00 B C:\jakarta-tomcat-3.2.4\webapps\cocoon\exslt\date\functions\seconds\date.seconds.template.xsl --> ftp.exslt.org /www.exslt.org/public_html/seconds date.seconds.template.xsl
103.10.23 14:00 B C:\jakarta-tomcat-3.2.4\webapps\cocoon\exslt\date\functions\seconds\date.seconds.use-cases.txt --> ftp.exslt.org /www.exslt.org/public_html/seconds date.seconds.use-cases.txt
103.10.23 14:00 B C:\jakarta-tomcat-3.2.4\webapps\cocoon\exslt\date\functions\seconds\date.seconds.use-cases.zip --> ftp.exslt.org /www.exslt.org/public_html/seconds date.seconds.use-cases.zip
103.10.23 14:00 B C:\jakarta-tomcat-3.2.4\webapps\cocoon\exslt\date\functions\seconds\date.seconds.xml --> ftp.exslt.org /www.exslt.org/public_html/seconds date.seconds.xml
103.10.23 14:00 B C:\jakarta-tomcat-3.2.4\webapps\cocoon\exslt\date\functions\seconds\date.seconds.xsl --> ftp.exslt.org /www.exslt.org/public_html/seconds date.seconds.xsl
103.10.23 14:00 B C:\jakarta-tomcat-3.2.4\webapps\cocoon\exslt\date\functions\seconds\date.seconds.zip --> ftp.exslt.org /www.exslt.org/public_html/seconds date.seconds.zip
103.10.23 14:00 B C:\jakarta-tomcat-3.2.4\webapps\cocoon\exslt\date\functions\seconds\index.html --> ftp.exslt.org /www.exslt.org/public_html/seconds index.html
103.10.23 14:00 B C:\jakarta-tomcat-3.2.4\webapps\cocoon\exslt\date\functions\seconds\refresh.bat --> ftp.exslt.org /www.exslt.org/public_html/seconds refresh.bat
103.10.23 14:00 B C:\jakarta-tomcat-3.2.4\webapps\cocoon\exslt\date\functions\seconds\update.bat --> ftp.exslt.org /www.exslt.org/public_html/seconds update.bat
103.10.23 14:00 B C:\jakarta-tomcat-3.2.4\webapps\cocoon\exslt\date\functions\seconds\WS_FTP.LOG --> ftp.exslt.org /www.exslt.org/public_html/seconds WS_FTP.LOG
103.10.23 14:59 B C:\jakarta-tomcat-3.2.4\webapps\cocoon\exslt\date\functions\seconds\base.css --> ftp.exslt.org /www.exslt.org/public_html/date/functions/seconds base.css
103.10.23 14:59 B C:\jakarta-tomcat-3.2.4\webapps\cocoon\exslt\date\functions\seconds\date.js --> ftp.exslt.org /www.exslt.org/public_html/date/functions/seconds date.js
103.10.23 14:59 B C:\jakarta-tomcat-3.2.4\webapps\cocoon\exslt\date\functions\seconds\date.js.html --> ftp.exslt.org /www.exslt.org/public_html/date/functions/seconds date.js.html
103.10.23 14:59 B C:\jakarta-tomcat-3.2.4\webapps\cocoon\exslt\date\functions\seconds\date.msxsl.xsl --> ftp.exslt.org /www.exslt.org/public_html/date/functions/seconds date.msxsl.xsl
103.10.23 14:59 B C:\jakarta-tomcat-3.2.4\webapps\cocoon\exslt\date\functions\seconds\date.msxsl.xsl.html --> ftp.exslt.org /www.exslt.org/public_html/date/functions/seconds date.msxsl.xsl.html
103.10.23 14:59 B C:\jakarta-tomcat-3.2.4\webapps\cocoon\exslt\date\functions\seconds\date.out.xml --> ftp.exslt.org /www.exslt.org/public_html/date/functions/seconds date.out.xml
103.10.23 14:59 B C:\jakarta-tomcat-3.2.4\webapps\cocoon\exslt\date\functions\seconds\date.seconds.1.html --> ftp.exslt.org /www.exslt.org/public_html/date/functions/seconds date.seconds.1.html
103.10.23 14:59 B C:\jakarta-tomcat-3.2.4\webapps\cocoon\exslt\date\functions\seconds\date.seconds.html --> ftp.exslt.org /www.exslt.org/public_html/date/functions/seconds date.seconds.html
103.10.23 14:59 B C:\jakarta-tomcat-3.2.4\webapps\cocoon\exslt\date\functions\seconds\date.seconds.package.txt --> ftp.exslt.org /www.exslt.org/public_html/date/functions/seconds date.seconds.package.txt
103.10.23 14:59 B C:\jakarta-tomcat-3.2.4\webapps\cocoon\exslt\date\functions\seconds\date.seconds.template.xsl --> ftp.exslt.org /www.exslt.org/public_html/date/functions/seconds date.seconds.template.xsl
103.10.23 14:59 B C:\jakarta-tomcat-3.2.4\webapps\cocoon\exslt\date\functions\seconds\date.seconds.use-cases.txt --> ftp.exslt.org /www.exslt.org/public_html/date/functions/seconds date.seconds.use-cases.txt
103.10.23 14:59 B C:\jakarta-tomcat-3.2.4\webapps\cocoon\exslt\date\functions\seconds\date.seconds.use-cases.zip --> ftp.exslt.org /www.exslt.org/public_html/date/functions/seconds date.seconds.use-cases.zip
103.10.23 15:00 B C:\jakarta-tomcat-3.2.4\webapps\cocoon\exslt\date\functions\seconds\date.seconds.xml --> ftp.exslt.org /www.exslt.org/public_html/date/functions/seconds date.seconds.xml
103.10.23 15:00 B C:\jakarta-tomcat-3.2.4\webapps\cocoon\exslt\date\functions\seconds\date.seconds.xsl --> ftp.exslt.org /www.exslt.org/public_html/date/functions/seconds date.seconds.xsl
103.10.23 15:00 B C:\jakarta-tomcat-3.2.4\webapps\cocoon\exslt\date\functions\seconds\date.seconds.zip --> ftp.exslt.org /www.exslt.org/public_html/date/functions/seconds date.seconds.zip
103.10.23 15:00 B C:\jakarta-tomcat-3.2.4\webapps\cocoon\exslt\date\functions\seconds\index.html --> ftp.exslt.org /www.exslt.org/public_html/date/functions/seconds index.html
103.10.23 15:00 B C:\jakarta-tomcat-3.2.4\webapps\cocoon\exslt\date\functions\seconds\refresh.bat --> ftp.exslt.org /www.exslt.org/public_html/date/functions/seconds refresh.bat
103.10.23 15:00 B C:\jakarta-tomcat-3.2.4\webapps\cocoon\exslt\date\functions\seconds\update.bat --> ftp.exslt.org /www.exslt.org/public_html/date/functions/seconds update.bat
