102.08.21 17:33 B C:\jakarta-tomcat-3.2.4\webapps\cocoon\exslt\submissions\math\math\functions\power\go.bat --> ftp.exslt.org /www.exslt.org/public_html/submissions/math/math/functions/power go.bat
102.11.19 14:12 B C:\jakarta-tomcat-3.2.4\webapps\cocoon\exslt\submissions\math\math\functions\power\go.bat --> ftp.exslt.org /www.exslt.org/public_html/submissions/math/math/functions/power go.bat
102.12.02 12:34 B C:\jakarta-tomcat-3.2.4\webapps\cocoon\exslt\public_html\submissions\math\math\functions\power\WS_FTP.LOG <-- ftp.exslt.org /www.exslt.org/public_html/submissions/math/math/functions/power WS_FTP.LOG
102.12.03 11:16 B C:\jakarta-tomcat-3.2.4\webapps\cocoon\exslt\submissions\math\math\functions\power\exslt-submission.dtd --> ftp.exslt.org /www.exslt.org/public_html/submissions/math/math/functions/power exslt-submission.dtd
102.12.03 11:16 B C:\jakarta-tomcat-3.2.4\webapps\cocoon\exslt\submissions\math\math\functions\power\function-submission.dtd --> ftp.exslt.org /www.exslt.org/public_html/submissions/math/math/functions/power function-submission.dtd
102.12.03 11:16 B C:\jakarta-tomcat-3.2.4\webapps\cocoon\exslt\submissions\math\math\functions\power\go.bat --> ftp.exslt.org /www.exslt.org/public_html/submissions/math/math/functions/power go.bat
102.12.03 11:16 B C:\jakarta-tomcat-3.2.4\webapps\cocoon\exslt\submissions\math\math\functions\power\implementation-submission.dtd --> ftp.exslt.org /www.exslt.org/public_html/submissions/math/math/functions/power implementation-submission.dtd
102.12.03 11:16 B C:\jakarta-tomcat-3.2.4\webapps\cocoon\exslt\submissions\math\math\functions\power\math.power.1.xml --> ftp.exslt.org /www.exslt.org/public_html/submissions/math/math/functions/power math.power.1.xml
102.12.03 11:16 B C:\jakarta-tomcat-3.2.4\webapps\cocoon\exslt\submissions\math\math\functions\power\math.power.1.xsl --> ftp.exslt.org /www.exslt.org/public_html/submissions/math/math/functions/power math.power.1.xsl
102.12.03 11:16 B C:\jakarta-tomcat-3.2.4\webapps\cocoon\exslt\submissions\math\math\functions\power\math.power.function.submission.xml --> ftp.exslt.org /www.exslt.org/public_html/submissions/math/math/functions/power math.power.function.submission.xml
102.12.03 11:16 B C:\jakarta-tomcat-3.2.4\webapps\cocoon\exslt\submissions\math\math\functions\power\math.power.function.xsl --> ftp.exslt.org /www.exslt.org/public_html/submissions/math/math/functions/power math.power.function.xsl
102.12.03 11:16 B C:\jakarta-tomcat-3.2.4\webapps\cocoon\exslt\submissions\math\math\functions\power\math.power.javascript.submission.xml --> ftp.exslt.org /www.exslt.org/public_html/submissions/math/math/functions/power math.power.javascript.submission.xml
102.12.03 11:16 B C:\jakarta-tomcat-3.2.4\webapps\cocoon\exslt\submissions\math\math\functions\power\math.power.js --> ftp.exslt.org /www.exslt.org/public_html/submissions/math/math/functions/power math.power.js
102.12.03 11:16 B C:\jakarta-tomcat-3.2.4\webapps\cocoon\exslt\submissions\math\math\functions\power\math.power.msxslt.submission.xml --> ftp.exslt.org /www.exslt.org/public_html/submissions/math/math/functions/power math.power.msxslt.submission.xml
102.12.03 11:16 B C:\jakarta-tomcat-3.2.4\webapps\cocoon\exslt\submissions\math\math\functions\power\math.power.msxslt.xsl --> ftp.exslt.org /www.exslt.org/public_html/submissions/math/math/functions/power math.power.msxslt.xsl
102.12.03 11:16 B C:\jakarta-tomcat-3.2.4\webapps\cocoon\exslt\submissions\math\math\functions\power\math.power.submission.xml --> ftp.exslt.org /www.exslt.org/public_html/submissions/math/math/functions/power math.power.submission.xml
102.12.03 11:16 B C:\jakarta-tomcat-3.2.4\webapps\cocoon\exslt\submissions\math\math\functions\power\math.power.template.submission.xml --> ftp.exslt.org /www.exslt.org/public_html/submissions/math/math/functions/power math.power.template.submission.xml
102.12.03 11:16 B C:\jakarta-tomcat-3.2.4\webapps\cocoon\exslt\submissions\math\math\functions\power\math.power.template.xsl --> ftp.exslt.org /www.exslt.org/public_html/submissions/math/math/functions/power math.power.template.xsl
102.12.03 11:16 B C:\jakarta-tomcat-3.2.4\webapps\cocoon\exslt\submissions\math\math\functions\power\math.power.xsl --> ftp.exslt.org /www.exslt.org/public_html/submissions/math/math/functions/power math.power.xsl
102.12.03 11:16 B C:\jakarta-tomcat-3.2.4\webapps\cocoon\exslt\submissions\math\math\functions\power\math.power.zip --> ftp.exslt.org /www.exslt.org/public_html/submissions/math/math/functions/power math.power.zip
102.12.03 11:16 B C:\jakarta-tomcat-3.2.4\webapps\cocoon\exslt\submissions\math\math\functions\power\WS_FTP.LOG --> ftp.exslt.org /www.exslt.org/public_html/submissions/math/math/functions/power WS_FTP.LOG
102.12.11 11:14 B C:\jakarta-tomcat-3.2.4\webapps\cocoon\exslt\submissions\math\math\functions\power\exslt-submission.dtd --> ftp.exslt.org /www.exslt.org/public_html/submissions/math/math/functions/power exslt-submission.dtd
102.12.11 11:14 B C:\jakarta-tomcat-3.2.4\webapps\cocoon\exslt\submissions\math\math\functions\power\function-submission.dtd --> ftp.exslt.org /www.exslt.org/public_html/submissions/math/math/functions/power function-submission.dtd
102.12.11 11:14 B C:\jakarta-tomcat-3.2.4\webapps\cocoon\exslt\submissions\math\math\functions\power\go.bat --> ftp.exslt.org /www.exslt.org/public_html/submissions/math/math/functions/power go.bat
102.12.11 11:14 B C:\jakarta-tomcat-3.2.4\webapps\cocoon\exslt\submissions\math\math\functions\power\implementation-submission.dtd --> ftp.exslt.org /www.exslt.org/public_html/submissions/math/math/functions/power implementation-submission.dtd
102.12.11 11:14 B C:\jakarta-tomcat-3.2.4\webapps\cocoon\exslt\submissions\math\math\functions\power\math.power.1.xml --> ftp.exslt.org /www.exslt.org/public_html/submissions/math/math/functions/power math.power.1.xml
102.12.11 11:14 B C:\jakarta-tomcat-3.2.4\webapps\cocoon\exslt\submissions\math\math\functions\power\math.power.1.xsl --> ftp.exslt.org /www.exslt.org/public_html/submissions/math/math/functions/power math.power.1.xsl
102.12.11 11:14 B C:\jakarta-tomcat-3.2.4\webapps\cocoon\exslt\submissions\math\math\functions\power\math.power.function.submission.xml --> ftp.exslt.org /www.exslt.org/public_html/submissions/math/math/functions/power math.power.function.submission.xml
102.12.11 11:14 B C:\jakarta-tomcat-3.2.4\webapps\cocoon\exslt\submissions\math\math\functions\power\math.power.function.xsl --> ftp.exslt.org /www.exslt.org/public_html/submissions/math/math/functions/power math.power.function.xsl
102.12.11 11:14 B C:\jakarta-tomcat-3.2.4\webapps\cocoon\exslt\submissions\math\math\functions\power\math.power.javascript.submission.xml --> ftp.exslt.org /www.exslt.org/public_html/submissions/math/math/functions/power math.power.javascript.submission.xml
102.12.11 11:14 B C:\jakarta-tomcat-3.2.4\webapps\cocoon\exslt\submissions\math\math\functions\power\math.power.js --> ftp.exslt.org /www.exslt.org/public_html/submissions/math/math/functions/power math.power.js
102.12.11 11:14 B C:\jakarta-tomcat-3.2.4\webapps\cocoon\exslt\submissions\math\math\functions\power\math.power.msxslt.submission.xml --> ftp.exslt.org /www.exslt.org/public_html/submissions/math/math/functions/power math.power.msxslt.submission.xml
102.12.11 11:14 B C:\jakarta-tomcat-3.2.4\webapps\cocoon\exslt\submissions\math\math\functions\power\math.power.msxslt.xsl --> ftp.exslt.org /www.exslt.org/public_html/submissions/math/math/functions/power math.power.msxslt.xsl
102.12.11 11:14 B C:\jakarta-tomcat-3.2.4\webapps\cocoon\exslt\submissions\math\math\functions\power\math.power.submission.xml --> ftp.exslt.org /www.exslt.org/public_html/submissions/math/math/functions/power math.power.submission.xml
102.12.11 11:14 B C:\jakarta-tomcat-3.2.4\webapps\cocoon\exslt\submissions\math\math\functions\power\math.power.template.submission.xml --> ftp.exslt.org /www.exslt.org/public_html/submissions/math/math/functions/power math.power.template.submission.xml
102.12.11 11:14 B C:\jakarta-tomcat-3.2.4\webapps\cocoon\exslt\submissions\math\math\functions\power\math.power.template.xsl --> ftp.exslt.org /www.exslt.org/public_html/submissions/math/math/functions/power math.power.template.xsl
102.12.11 11:14 B C:\jakarta-tomcat-3.2.4\webapps\cocoon\exslt\submissions\math\math\functions\power\math.power.xsl --> ftp.exslt.org /www.exslt.org/public_html/submissions/math/math/functions/power math.power.xsl
102.12.11 11:14 B C:\jakarta-tomcat-3.2.4\webapps\cocoon\exslt\submissions\math\math\functions\power\math.power.zip --> ftp.exslt.org /www.exslt.org/public_html/submissions/math/math/functions/power math.power.zip
