102.08.21 17:33 B C:\jakarta-tomcat-3.2.4\webapps\cocoon\exslt\set\functions\trailing\base.css --> ftp.exslt.org /www.exslt.org/public_html/set/functions/trailing base.css
102.08.21 17:33 B C:\jakarta-tomcat-3.2.4\webapps\cocoon\exslt\set\functions\trailing\index.html --> ftp.exslt.org /www.exslt.org/public_html/set/functions/trailing index.html
102.08.21 17:33 B C:\jakarta-tomcat-3.2.4\webapps\cocoon\exslt\set\functions\trailing\refresh.bat --> ftp.exslt.org /www.exslt.org/public_html/set/functions/trailing refresh.bat
102.08.21 17:33 B C:\jakarta-tomcat-3.2.4\webapps\cocoon\exslt\set\functions\trailing\set.trailing.1.html --> ftp.exslt.org /www.exslt.org/public_html/set/functions/trailing set.trailing.1.html
102.08.21 17:33 B C:\jakarta-tomcat-3.2.4\webapps\cocoon\exslt\set\functions\trailing\set.trailing.1.xsl --> ftp.exslt.org /www.exslt.org/public_html/set/functions/trailing set.trailing.1.xsl
102.08.21 17:33 B C:\jakarta-tomcat-3.2.4\webapps\cocoon\exslt\set\functions\trailing\set.trailing.data.1.xml --> ftp.exslt.org /www.exslt.org/public_html/set/functions/trailing set.trailing.data.1.xml
102.08.21 17:33 B C:\jakarta-tomcat-3.2.4\webapps\cocoon\exslt\set\functions\trailing\set.trailing.function.xsl --> ftp.exslt.org /www.exslt.org/public_html/set/functions/trailing set.trailing.function.xsl
102.08.21 17:33 B C:\jakarta-tomcat-3.2.4\webapps\cocoon\exslt\set\functions\trailing\set.trailing.function.xsl.html --> ftp.exslt.org /www.exslt.org/public_html/set/functions/trailing set.trailing.function.xsl.html
102.08.21 17:33 B C:\jakarta-tomcat-3.2.4\webapps\cocoon\exslt\set\functions\trailing\set.trailing.html --> ftp.exslt.org /www.exslt.org/public_html/set/functions/trailing set.trailing.html
102.08.21 17:33 B C:\jakarta-tomcat-3.2.4\webapps\cocoon\exslt\set\functions\trailing\set.trailing.package.txt --> ftp.exslt.org /www.exslt.org/public_html/set/functions/trailing set.trailing.package.txt
102.08.21 17:33 B C:\jakarta-tomcat-3.2.4\webapps\cocoon\exslt\set\functions\trailing\set.trailing.result.1.xml --> ftp.exslt.org /www.exslt.org/public_html/set/functions/trailing set.trailing.result.1.xml
102.08.21 17:33 B C:\jakarta-tomcat-3.2.4\webapps\cocoon\exslt\set\functions\trailing\set.trailing.template.xsl --> ftp.exslt.org /www.exslt.org/public_html/set/functions/trailing set.trailing.template.xsl
102.08.21 17:33 B C:\jakarta-tomcat-3.2.4\webapps\cocoon\exslt\set\functions\trailing\set.trailing.template.xsl.html --> ftp.exslt.org /www.exslt.org/public_html/set/functions/trailing set.trailing.template.xsl.html
102.08.21 17:33 B C:\jakarta-tomcat-3.2.4\webapps\cocoon\exslt\set\functions\trailing\set.trailing.use-case.1.html --> ftp.exslt.org /www.exslt.org/public_html/set/functions/trailing set.trailing.use-case.1.html
102.08.21 17:33 B C:\jakarta-tomcat-3.2.4\webapps\cocoon\exslt\set\functions\trailing\set.trailing.use-cases.txt --> ftp.exslt.org /www.exslt.org/public_html/set/functions/trailing set.trailing.use-cases.txt
102.08.21 17:33 B C:\jakarta-tomcat-3.2.4\webapps\cocoon\exslt\set\functions\trailing\set.trailing.use-cases.zip --> ftp.exslt.org /www.exslt.org/public_html/set/functions/trailing set.trailing.use-cases.zip
102.08.21 17:33 B C:\jakarta-tomcat-3.2.4\webapps\cocoon\exslt\set\functions\trailing\set.trailing.xml --> ftp.exslt.org /www.exslt.org/public_html/set/functions/trailing set.trailing.xml
102.08.21 17:33 B C:\jakarta-tomcat-3.2.4\webapps\cocoon\exslt\set\functions\trailing\set.trailing.xsl --> ftp.exslt.org /www.exslt.org/public_html/set/functions/trailing set.trailing.xsl
102.08.21 17:33 B C:\jakarta-tomcat-3.2.4\webapps\cocoon\exslt\set\functions\trailing\set.trailing.zip --> ftp.exslt.org /www.exslt.org/public_html/set/functions/trailing set.trailing.zip
102.08.21 17:33 B C:\jakarta-tomcat-3.2.4\webapps\cocoon\exslt\set\functions\trailing\update.bat --> ftp.exslt.org /www.exslt.org/public_html/set/functions/trailing update.bat
102.11.19 14:12 B C:\jakarta-tomcat-3.2.4\webapps\cocoon\exslt\set\functions\trailing\base.css --> ftp.exslt.org /www.exslt.org/public_html/set/functions/trailing base.css
102.11.19 14:12 B C:\jakarta-tomcat-3.2.4\webapps\cocoon\exslt\set\functions\trailing\index.html --> ftp.exslt.org /www.exslt.org/public_html/set/functions/trailing index.html
102.11.19 14:12 B C:\jakarta-tomcat-3.2.4\webapps\cocoon\exslt\set\functions\trailing\refresh.bat --> ftp.exslt.org /www.exslt.org/public_html/set/functions/trailing refresh.bat
102.11.19 14:12 B C:\jakarta-tomcat-3.2.4\webapps\cocoon\exslt\set\functions\trailing\set.trailing.1.html --> ftp.exslt.org /www.exslt.org/public_html/set/functions/trailing set.trailing.1.html
102.11.19 14:12 B C:\jakarta-tomcat-3.2.4\webapps\cocoon\exslt\set\functions\trailing\set.trailing.1.xsl --> ftp.exslt.org /www.exslt.org/public_html/set/functions/trailing set.trailing.1.xsl
102.11.19 14:12 B C:\jakarta-tomcat-3.2.4\webapps\cocoon\exslt\set\functions\trailing\set.trailing.data.1.xml --> ftp.exslt.org /www.exslt.org/public_html/set/functions/trailing set.trailing.data.1.xml
102.11.19 14:12 B C:\jakarta-tomcat-3.2.4\webapps\cocoon\exslt\set\functions\trailing\set.trailing.function.xsl --> ftp.exslt.org /www.exslt.org/public_html/set/functions/trailing set.trailing.function.xsl
102.11.19 14:12 B C:\jakarta-tomcat-3.2.4\webapps\cocoon\exslt\set\functions\trailing\set.trailing.function.xsl.html --> ftp.exslt.org /www.exslt.org/public_html/set/functions/trailing set.trailing.function.xsl.html
102.11.19 14:12 B C:\jakarta-tomcat-3.2.4\webapps\cocoon\exslt\set\functions\trailing\set.trailing.html --> ftp.exslt.org /www.exslt.org/public_html/set/functions/trailing set.trailing.html
102.11.19 14:12 B C:\jakarta-tomcat-3.2.4\webapps\cocoon\exslt\set\functions\trailing\set.trailing.package.txt --> ftp.exslt.org /www.exslt.org/public_html/set/functions/trailing set.trailing.package.txt
102.11.19 14:12 B C:\jakarta-tomcat-3.2.4\webapps\cocoon\exslt\set\functions\trailing\set.trailing.result.1.xml --> ftp.exslt.org /www.exslt.org/public_html/set/functions/trailing set.trailing.result.1.xml
102.11.19 14:12 B C:\jakarta-tomcat-3.2.4\webapps\cocoon\exslt\set\functions\trailing\set.trailing.template.xsl --> ftp.exslt.org /www.exslt.org/public_html/set/functions/trailing set.trailing.template.xsl
102.11.19 14:12 B C:\jakarta-tomcat-3.2.4\webapps\cocoon\exslt\set\functions\trailing\set.trailing.template.xsl.html --> ftp.exslt.org /www.exslt.org/public_html/set/functions/trailing set.trailing.template.xsl.html
102.11.19 14:12 B C:\jakarta-tomcat-3.2.4\webapps\cocoon\exslt\set\functions\trailing\set.trailing.use-case.1.html --> ftp.exslt.org /www.exslt.org/public_html/set/functions/trailing set.trailing.use-case.1.html
102.11.19 14:12 B C:\jakarta-tomcat-3.2.4\webapps\cocoon\exslt\set\functions\trailing\set.trailing.use-cases.txt --> ftp.exslt.org /www.exslt.org/public_html/set/functions/trailing set.trailing.use-cases.txt
102.11.19 14:12 B C:\jakarta-tomcat-3.2.4\webapps\cocoon\exslt\set\functions\trailing\set.trailing.use-cases.zip --> ftp.exslt.org /www.exslt.org/public_html/set/functions/trailing set.trailing.use-cases.zip
102.11.19 14:12 B C:\jakarta-tomcat-3.2.4\webapps\cocoon\exslt\set\functions\trailing\set.trailing.xml --> ftp.exslt.org /www.exslt.org/public_html/set/functions/trailing set.trailing.xml
102.11.19 14:12 B C:\jakarta-tomcat-3.2.4\webapps\cocoon\exslt\set\functions\trailing\set.trailing.xsl --> ftp.exslt.org /www.exslt.org/public_html/set/functions/trailing set.trailing.xsl
102.11.19 14:12 B C:\jakarta-tomcat-3.2.4\webapps\cocoon\exslt\set\functions\trailing\set.trailing.zip --> ftp.exslt.org /www.exslt.org/public_html/set/functions/trailing set.trailing.zip
102.11.19 14:12 B C:\jakarta-tomcat-3.2.4\webapps\cocoon\exslt\set\functions\trailing\update.bat --> ftp.exslt.org /www.exslt.org/public_html/set/functions/trailing update.bat
102.12.02 12:33 B C:\jakarta-tomcat-3.2.4\webapps\cocoon\exslt\public_html\set\functions\trailing\WS_FTP.LOG <-- ftp.exslt.org /www.exslt.org/public_html/set/functions/trailing WS_FTP.LOG
102.12.03 11:15 B C:\jakarta-tomcat-3.2.4\webapps\cocoon\exslt\set\functions\trailing\base.css --> ftp.exslt.org /www.exslt.org/public_html/set/functions/trailing base.css
102.12.03 11:15 B C:\jakarta-tomcat-3.2.4\webapps\cocoon\exslt\set\functions\trailing\index.html --> ftp.exslt.org /www.exslt.org/public_html/set/functions/trailing index.html
102.12.03 11:15 B C:\jakarta-tomcat-3.2.4\webapps\cocoon\exslt\set\functions\trailing\refresh.bat --> ftp.exslt.org /www.exslt.org/public_html/set/functions/trailing refresh.bat
102.12.03 11:15 B C:\jakarta-tomcat-3.2.4\webapps\cocoon\exslt\set\functions\trailing\set.trailing.1.html --> ftp.exslt.org /www.exslt.org/public_html/set/functions/trailing set.trailing.1.html
102.12.03 11:15 B C:\jakarta-tomcat-3.2.4\webapps\cocoon\exslt\set\functions\trailing\set.trailing.1.xsl --> ftp.exslt.org /www.exslt.org/public_html/set/functions/trailing set.trailing.1.xsl
102.12.03 11:15 B C:\jakarta-tomcat-3.2.4\webapps\cocoon\exslt\set\functions\trailing\set.trailing.data.1.xml --> ftp.exslt.org /www.exslt.org/public_html/set/functions/trailing set.trailing.data.1.xml
102.12.03 11:15 B C:\jakarta-tomcat-3.2.4\webapps\cocoon\exslt\set\functions\trailing\set.trailing.function.xsl --> ftp.exslt.org /www.exslt.org/public_html/set/functions/trailing set.trailing.function.xsl
102.12.03 11:15 B C:\jakarta-tomcat-3.2.4\webapps\cocoon\exslt\set\functions\trailing\set.trailing.function.xsl.html --> ftp.exslt.org /www.exslt.org/public_html/set/functions/trailing set.trailing.function.xsl.html
102.12.03 11:15 B C:\jakarta-tomcat-3.2.4\webapps\cocoon\exslt\set\functions\trailing\set.trailing.html --> ftp.exslt.org /www.exslt.org/public_html/set/functions/trailing set.trailing.html
102.12.03 11:15 B C:\jakarta-tomcat-3.2.4\webapps\cocoon\exslt\set\functions\trailing\set.trailing.package.txt --> ftp.exslt.org /www.exslt.org/public_html/set/functions/trailing set.trailing.package.txt
102.12.03 11:15 B C:\jakarta-tomcat-3.2.4\webapps\cocoon\exslt\set\functions\trailing\set.trailing.result.1.xml --> ftp.exslt.org /www.exslt.org/public_html/set/functions/trailing set.trailing.result.1.xml
102.12.03 11:15 B C:\jakarta-tomcat-3.2.4\webapps\cocoon\exslt\set\functions\trailing\set.trailing.template.xsl --> ftp.exslt.org /www.exslt.org/public_html/set/functions/trailing set.trailing.template.xsl
102.12.03 11:15 B C:\jakarta-tomcat-3.2.4\webapps\cocoon\exslt\set\functions\trailing\set.trailing.template.xsl.html --> ftp.exslt.org /www.exslt.org/public_html/set/functions/trailing set.trailing.template.xsl.html
102.12.03 11:15 B C:\jakarta-tomcat-3.2.4\webapps\cocoon\exslt\set\functions\trailing\set.trailing.use-case.1.html --> ftp.exslt.org /www.exslt.org/public_html/set/functions/trailing set.trailing.use-case.1.html
102.12.03 11:15 B C:\jakarta-tomcat-3.2.4\webapps\cocoon\exslt\set\functions\trailing\set.trailing.use-cases.txt --> ftp.exslt.org /www.exslt.org/public_html/set/functions/trailing set.trailing.use-cases.txt
102.12.03 11:15 B C:\jakarta-tomcat-3.2.4\webapps\cocoon\exslt\set\functions\trailing\set.trailing.use-cases.zip --> ftp.exslt.org /www.exslt.org/public_html/set/functions/trailing set.trailing.use-cases.zip
102.12.03 11:15 B C:\jakarta-tomcat-3.2.4\webapps\cocoon\exslt\set\functions\trailing\set.trailing.xml --> ftp.exslt.org /www.exslt.org/public_html/set/functions/trailing set.trailing.xml
102.12.03 11:15 B C:\jakarta-tomcat-3.2.4\webapps\cocoon\exslt\set\functions\trailing\set.trailing.xsl --> ftp.exslt.org /www.exslt.org/public_html/set/functions/trailing set.trailing.xsl
102.12.03 11:15 B C:\jakarta-tomcat-3.2.4\webapps\cocoon\exslt\set\functions\trailing\set.trailing.zip --> ftp.exslt.org /www.exslt.org/public_html/set/functions/trailing set.trailing.zip
102.12.03 11:15 B C:\jakarta-tomcat-3.2.4\webapps\cocoon\exslt\set\functions\trailing\update.bat --> ftp.exslt.org /www.exslt.org/public_html/set/functions/trailing update.bat
102.12.03 11:15 B C:\jakarta-tomcat-3.2.4\webapps\cocoon\exslt\set\functions\trailing\WS_FTP.LOG --> ftp.exslt.org /www.exslt.org/public_html/set/functions/trailing WS_FTP.LOG
102.12.11 11:11 B C:\jakarta-tomcat-3.2.4\webapps\cocoon\exslt\set\functions\trailing\base.css --> ftp.exslt.org /www.exslt.org/public_html/set/functions/trailing base.css
102.12.11 11:11 B C:\jakarta-tomcat-3.2.4\webapps\cocoon\exslt\set\functions\trailing\index.html --> ftp.exslt.org /www.exslt.org/public_html/set/functions/trailing index.html
102.12.11 11:11 B C:\jakarta-tomcat-3.2.4\webapps\cocoon\exslt\set\functions\trailing\refresh.bat --> ftp.exslt.org /www.exslt.org/public_html/set/functions/trailing refresh.bat
102.12.11 11:11 B C:\jakarta-tomcat-3.2.4\webapps\cocoon\exslt\set\functions\trailing\set.trailing.1.html --> ftp.exslt.org /www.exslt.org/public_html/set/functions/trailing set.trailing.1.html
102.12.11 11:11 B C:\jakarta-tomcat-3.2.4\webapps\cocoon\exslt\set\functions\trailing\set.trailing.1.xsl --> ftp.exslt.org /www.exslt.org/public_html/set/functions/trailing set.trailing.1.xsl
102.12.11 11:11 B C:\jakarta-tomcat-3.2.4\webapps\cocoon\exslt\set\functions\trailing\set.trailing.data.1.xml --> ftp.exslt.org /www.exslt.org/public_html/set/functions/trailing set.trailing.data.1.xml
102.12.11 11:11 B C:\jakarta-tomcat-3.2.4\webapps\cocoon\exslt\set\functions\trailing\set.trailing.function.xsl --> ftp.exslt.org /www.exslt.org/public_html/set/functions/trailing set.trailing.function.xsl
102.12.11 11:11 B C:\jakarta-tomcat-3.2.4\webapps\cocoon\exslt\set\functions\trailing\set.trailing.function.xsl.html --> ftp.exslt.org /www.exslt.org/public_html/set/functions/trailing set.trailing.function.xsl.html
102.12.11 11:11 B C:\jakarta-tomcat-3.2.4\webapps\cocoon\exslt\set\functions\trailing\set.trailing.html --> ftp.exslt.org /www.exslt.org/public_html/set/functions/trailing set.trailing.html
102.12.11 11:11 B C:\jakarta-tomcat-3.2.4\webapps\cocoon\exslt\set\functions\trailing\set.trailing.package.txt --> ftp.exslt.org /www.exslt.org/public_html/set/functions/trailing set.trailing.package.txt
102.12.11 11:11 B C:\jakarta-tomcat-3.2.4\webapps\cocoon\exslt\set\functions\trailing\set.trailing.result.1.xml --> ftp.exslt.org /www.exslt.org/public_html/set/functions/trailing set.trailing.result.1.xml
102.12.11 11:11 B C:\jakarta-tomcat-3.2.4\webapps\cocoon\exslt\set\functions\trailing\set.trailing.template.xsl --> ftp.exslt.org /www.exslt.org/public_html/set/functions/trailing set.trailing.template.xsl
102.12.11 11:11 B C:\jakarta-tomcat-3.2.4\webapps\cocoon\exslt\set\functions\trailing\set.trailing.template.xsl.html --> ftp.exslt.org /www.exslt.org/public_html/set/functions/trailing set.trailing.template.xsl.html
102.12.11 11:11 B C:\jakarta-tomcat-3.2.4\webapps\cocoon\exslt\set\functions\trailing\set.trailing.use-case.1.html --> ftp.exslt.org /www.exslt.org/public_html/set/functions/trailing set.trailing.use-case.1.html
102.12.11 11:11 B C:\jakarta-tomcat-3.2.4\webapps\cocoon\exslt\set\functions\trailing\set.trailing.use-cases.txt --> ftp.exslt.org /www.exslt.org/public_html/set/functions/trailing set.trailing.use-cases.txt
102.12.11 11:11 B C:\jakarta-tomcat-3.2.4\webapps\cocoon\exslt\set\functions\trailing\set.trailing.use-cases.zip --> ftp.exslt.org /www.exslt.org/public_html/set/functions/trailing set.trailing.use-cases.zip
102.12.11 11:11 B C:\jakarta-tomcat-3.2.4\webapps\cocoon\exslt\set\functions\trailing\set.trailing.xml --> ftp.exslt.org /www.exslt.org/public_html/set/functions/trailing set.trailing.xml
102.12.11 11:11 B C:\jakarta-tomcat-3.2.4\webapps\cocoon\exslt\set\functions\trailing\set.trailing.xsl --> ftp.exslt.org /www.exslt.org/public_html/set/functions/trailing set.trailing.xsl
102.12.11 11:11 B C:\jakarta-tomcat-3.2.4\webapps\cocoon\exslt\set\functions\trailing\set.trailing.zip --> ftp.exslt.org /www.exslt.org/public_html/set/functions/trailing set.trailing.zip
102.12.11 11:11 B C:\jakarta-tomcat-3.2.4\webapps\cocoon\exslt\set\functions\trailing\update.bat --> ftp.exslt.org /www.exslt.org/public_html/set/functions/trailing update.bat
103.09.29 15:59 B C:\jakarta-tomcat-3.2.4\webapps\cocoon\exslt\set\functions\trailing\WS_FTP.LOG <-- ftp.exslt.org /www.exslt.org/public_html/set/functions/trailing WS_FTP.LOG
103.10.21 13:11 B C:\jakarta-tomcat-3.2.4\webapps\cocoon\exslt\set\functions\trailing\base.css --> marian.cs.nott.ac.uk /stud/pg/cds/exslt/set/functions/trailing base.css
103.10.21 13:11 B C:\jakarta-tomcat-3.2.4\webapps\cocoon\exslt\set\functions\trailing\index.html --> marian.cs.nott.ac.uk /stud/pg/cds/exslt/set/functions/trailing index.html
103.10.21 13:11 B C:\jakarta-tomcat-3.2.4\webapps\cocoon\exslt\set\functions\trailing\refresh.bat --> marian.cs.nott.ac.uk /stud/pg/cds/exslt/set/functions/trailing refresh.bat
103.10.21 13:11 B C:\jakarta-tomcat-3.2.4\webapps\cocoon\exslt\set\functions\trailing\set.trailing.1.html --> marian.cs.nott.ac.uk /stud/pg/cds/exslt/set/functions/trailing set.trailing.1.html
103.10.21 13:11 B C:\jakarta-tomcat-3.2.4\webapps\cocoon\exslt\set\functions\trailing\set.trailing.1.xsl --> marian.cs.nott.ac.uk /stud/pg/cds/exslt/set/functions/trailing set.trailing.1.xsl
103.10.21 13:11 B C:\jakarta-tomcat-3.2.4\webapps\cocoon\exslt\set\functions\trailing\set.trailing.data.1.xml --> marian.cs.nott.ac.uk /stud/pg/cds/exslt/set/functions/trailing set.trailing.data.1.xml
103.10.21 13:11 B C:\jakarta-tomcat-3.2.4\webapps\cocoon\exslt\set\functions\trailing\set.trailing.function.xsl --> marian.cs.nott.ac.uk /stud/pg/cds/exslt/set/functions/trailing set.trailing.function.xsl
103.10.21 13:11 B C:\jakarta-tomcat-3.2.4\webapps\cocoon\exslt\set\functions\trailing\set.trailing.function.xsl.html --> marian.cs.nott.ac.uk /stud/pg/cds/exslt/set/functions/trailing set.trailing.function.xsl.html
103.10.21 13:11 B C:\jakarta-tomcat-3.2.4\webapps\cocoon\exslt\set\functions\trailing\set.trailing.html --> marian.cs.nott.ac.uk /stud/pg/cds/exslt/set/functions/trailing set.trailing.html
103.10.21 13:11 B C:\jakarta-tomcat-3.2.4\webapps\cocoon\exslt\set\functions\trailing\set.trailing.package.txt --> marian.cs.nott.ac.uk /stud/pg/cds/exslt/set/functions/trailing set.trailing.package.txt
103.10.21 13:11 B C:\jakarta-tomcat-3.2.4\webapps\cocoon\exslt\set\functions\trailing\set.trailing.result.1.xml --> marian.cs.nott.ac.uk /stud/pg/cds/exslt/set/functions/trailing set.trailing.result.1.xml
103.10.21 13:11 B C:\jakarta-tomcat-3.2.4\webapps\cocoon\exslt\set\functions\trailing\set.trailing.template.xsl --> marian.cs.nott.ac.uk /stud/pg/cds/exslt/set/functions/trailing set.trailing.template.xsl
103.10.21 13:11 B C:\jakarta-tomcat-3.2.4\webapps\cocoon\exslt\set\functions\trailing\set.trailing.template.xsl.html --> marian.cs.nott.ac.uk /stud/pg/cds/exslt/set/functions/trailing set.trailing.template.xsl.html
103.10.21 13:11 B C:\jakarta-tomcat-3.2.4\webapps\cocoon\exslt\set\functions\trailing\set.trailing.use-case.1.html --> marian.cs.nott.ac.uk /stud/pg/cds/exslt/set/functions/trailing set.trailing.use-case.1.html
103.10.21 13:11 B C:\jakarta-tomcat-3.2.4\webapps\cocoon\exslt\set\functions\trailing\set.trailing.use-cases.txt --> marian.cs.nott.ac.uk /stud/pg/cds/exslt/set/functions/trailing set.trailing.use-cases.txt
103.10.21 13:11 B C:\jakarta-tomcat-3.2.4\webapps\cocoon\exslt\set\functions\trailing\set.trailing.use-cases.zip --> marian.cs.nott.ac.uk /stud/pg/cds/exslt/set/functions/trailing set.trailing.use-cases.zip
103.10.21 13:11 B C:\jakarta-tomcat-3.2.4\webapps\cocoon\exslt\set\functions\trailing\set.trailing.xml --> marian.cs.nott.ac.uk /stud/pg/cds/exslt/set/functions/trailing set.trailing.xml
103.10.21 13:11 B C:\jakarta-tomcat-3.2.4\webapps\cocoon\exslt\set\functions\trailing\set.trailing.xsl --> marian.cs.nott.ac.uk /stud/pg/cds/exslt/set/functions/trailing set.trailing.xsl
103.10.21 13:11 B C:\jakarta-tomcat-3.2.4\webapps\cocoon\exslt\set\functions\trailing\set.trailing.zip --> marian.cs.nott.ac.uk /stud/pg/cds/exslt/set/functions/trailing set.trailing.zip
103.10.21 13:11 B C:\jakarta-tomcat-3.2.4\webapps\cocoon\exslt\set\functions\trailing\update.bat --> marian.cs.nott.ac.uk /stud/pg/cds/exslt/set/functions/trailing update.bat
103.10.21 13:11 B C:\jakarta-tomcat-3.2.4\webapps\cocoon\exslt\set\functions\trailing\WS_FTP.LOG --> marian.cs.nott.ac.uk /stud/pg/cds/exslt/set/functions/trailing WS_FTP.LOG
103.10.24 10:24 B C:\jakarta-tomcat-3.2.4\webapps\cocoon\exslt\set\functions\trailing\base.css --> ftp.exslt.org /www.exslt.org/public_html/set/functions/trailing base.css
103.10.24 10:24 B C:\jakarta-tomcat-3.2.4\webapps\cocoon\exslt\set\functions\trailing\index.html --> ftp.exslt.org /www.exslt.org/public_html/set/functions/trailing index.html
103.10.24 10:24 B C:\jakarta-tomcat-3.2.4\webapps\cocoon\exslt\set\functions\trailing\refresh.bat --> ftp.exslt.org /www.exslt.org/public_html/set/functions/trailing refresh.bat
103.10.24 10:59 B C:\jakarta-tomcat-3.2.4\webapps\cocoon\exslt\set\functions\trailing\base.css --> ftp.exslt.org /www.exslt.org/public_html/set/functions/trailing base.css
103.10.24 10:59 B C:\jakarta-tomcat-3.2.4\webapps\cocoon\exslt\set\functions\trailing\index.html --> ftp.exslt.org /www.exslt.org/public_html/set/functions/trailing index.html
103.10.24 10:59 B C:\jakarta-tomcat-3.2.4\webapps\cocoon\exslt\set\functions\trailing\refresh.bat --> ftp.exslt.org /www.exslt.org/public_html/set/functions/trailing refresh.bat
103.10.24 10:59 B C:\jakarta-tomcat-3.2.4\webapps\cocoon\exslt\set\functions\trailing\set.trailing.1.html --> ftp.exslt.org /www.exslt.org/public_html/set/functions/trailing set.trailing.1.html
103.10.24 10:59 B C:\jakarta-tomcat-3.2.4\webapps\cocoon\exslt\set\functions\trailing\set.trailing.1.xsl --> ftp.exslt.org /www.exslt.org/public_html/set/functions/trailing set.trailing.1.xsl
103.10.24 10:59 B C:\jakarta-tomcat-3.2.4\webapps\cocoon\exslt\set\functions\trailing\set.trailing.data.1.xml --> ftp.exslt.org /www.exslt.org/public_html/set/functions/trailing set.trailing.data.1.xml
103.10.24 10:59 B C:\jakarta-tomcat-3.2.4\webapps\cocoon\exslt\set\functions\trailing\set.trailing.function.xsl --> ftp.exslt.org /www.exslt.org/public_html/set/functions/trailing set.trailing.function.xsl
103.10.24 10:59 B C:\jakarta-tomcat-3.2.4\webapps\cocoon\exslt\set\functions\trailing\set.trailing.function.xsl.html --> ftp.exslt.org /www.exslt.org/public_html/set/functions/trailing set.trailing.function.xsl.html
103.10.24 10:59 B C:\jakarta-tomcat-3.2.4\webapps\cocoon\exslt\set\functions\trailing\set.trailing.html --> ftp.exslt.org /www.exslt.org/public_html/set/functions/trailing set.trailing.html
103.10.24 10:59 B C:\jakarta-tomcat-3.2.4\webapps\cocoon\exslt\set\functions\trailing\set.trailing.package.txt --> ftp.exslt.org /www.exslt.org/public_html/set/functions/trailing set.trailing.package.txt
103.10.24 10:59 B C:\jakarta-tomcat-3.2.4\webapps\cocoon\exslt\set\functions\trailing\set.trailing.result.1.xml --> ftp.exslt.org /www.exslt.org/public_html/set/functions/trailing set.trailing.result.1.xml
103.10.24 10:59 B C:\jakarta-tomcat-3.2.4\webapps\cocoon\exslt\set\functions\trailing\set.trailing.template.xsl --> ftp.exslt.org /www.exslt.org/public_html/set/functions/trailing set.trailing.template.xsl
103.10.24 10:59 B C:\jakarta-tomcat-3.2.4\webapps\cocoon\exslt\set\functions\trailing\set.trailing.template.xsl.html --> ftp.exslt.org /www.exslt.org/public_html/set/functions/trailing set.trailing.template.xsl.html
103.10.24 10:59 B C:\jakarta-tomcat-3.2.4\webapps\cocoon\exslt\set\functions\trailing\set.trailing.use-case.1.html --> ftp.exslt.org /www.exslt.org/public_html/set/functions/trailing set.trailing.use-case.1.html
103.10.24 10:59 B C:\jakarta-tomcat-3.2.4\webapps\cocoon\exslt\set\functions\trailing\set.trailing.use-cases.txt --> ftp.exslt.org /www.exslt.org/public_html/set/functions/trailing set.trailing.use-cases.txt
103.10.24 10:59 B C:\jakarta-tomcat-3.2.4\webapps\cocoon\exslt\set\functions\trailing\set.trailing.use-cases.zip --> ftp.exslt.org /www.exslt.org/public_html/set/functions/trailing set.trailing.use-cases.zip
103.10.24 10:59 B C:\jakarta-tomcat-3.2.4\webapps\cocoon\exslt\set\functions\trailing\set.trailing.xml --> ftp.exslt.org /www.exslt.org/public_html/set/functions/trailing set.trailing.xml
103.10.24 10:59 B C:\jakarta-tomcat-3.2.4\webapps\cocoon\exslt\set\functions\trailing\set.trailing.xsl --> ftp.exslt.org /www.exslt.org/public_html/set/functions/trailing set.trailing.xsl
103.10.24 10:59 B C:\jakarta-tomcat-3.2.4\webapps\cocoon\exslt\set\functions\trailing\set.trailing.zip --> ftp.exslt.org /www.exslt.org/public_html/set/functions/trailing set.trailing.zip
103.10.24 11:00 B C:\jakarta-tomcat-3.2.4\webapps\cocoon\exslt\set\functions\trailing\update.bat --> ftp.exslt.org /www.exslt.org/public_html/set/functions/trailing update.bat
