102.08.21 17:25 B C:\jakarta-tomcat-3.2.4\webapps\cocoon\exslt\date\functions\parse-date\base.css --> ftp.exslt.org /www.exslt.org/public_html/date/functions/parse-date base.css
102.08.21 17:25 B C:\jakarta-tomcat-3.2.4\webapps\cocoon\exslt\date\functions\parse-date\date.js --> ftp.exslt.org /www.exslt.org/public_html/date/functions/parse-date date.js
102.08.21 17:25 B C:\jakarta-tomcat-3.2.4\webapps\cocoon\exslt\date\functions\parse-date\date.js.html --> ftp.exslt.org /www.exslt.org/public_html/date/functions/parse-date date.js.html
102.08.21 17:25 B C:\jakarta-tomcat-3.2.4\webapps\cocoon\exslt\date\functions\parse-date\date.msxsl.xsl --> ftp.exslt.org /www.exslt.org/public_html/date/functions/parse-date date.msxsl.xsl
102.08.21 17:25 B C:\jakarta-tomcat-3.2.4\webapps\cocoon\exslt\date\functions\parse-date\date.msxsl.xsl.html --> ftp.exslt.org /www.exslt.org/public_html/date/functions/parse-date date.msxsl.xsl.html
102.08.21 17:25 B C:\jakarta-tomcat-3.2.4\webapps\cocoon\exslt\date\functions\parse-date\date.parse-date.2.html --> ftp.exslt.org /www.exslt.org/public_html/date/functions/parse-date date.parse-date.2.html
102.08.21 17:25 B C:\jakarta-tomcat-3.2.4\webapps\cocoon\exslt\date\functions\parse-date\date.parse-date.html --> ftp.exslt.org /www.exslt.org/public_html/date/functions/parse-date date.parse-date.html
102.08.21 17:25 B C:\jakarta-tomcat-3.2.4\webapps\cocoon\exslt\date\functions\parse-date\date.parse-date.package.txt --> ftp.exslt.org /www.exslt.org/public_html/date/functions/parse-date date.parse-date.package.txt
102.08.21 17:25 B C:\jakarta-tomcat-3.2.4\webapps\cocoon\exslt\date\functions\parse-date\date.parse-date.use-cases.txt --> ftp.exslt.org /www.exslt.org/public_html/date/functions/parse-date date.parse-date.use-cases.txt
102.08.21 17:25 B C:\jakarta-tomcat-3.2.4\webapps\cocoon\exslt\date\functions\parse-date\date.parse-date.use-cases.zip --> ftp.exslt.org /www.exslt.org/public_html/date/functions/parse-date date.parse-date.use-cases.zip
102.08.21 17:25 B C:\jakarta-tomcat-3.2.4\webapps\cocoon\exslt\date\functions\parse-date\date.parse-date.xml --> ftp.exslt.org /www.exslt.org/public_html/date/functions/parse-date date.parse-date.xml
102.08.21 17:25 B C:\jakarta-tomcat-3.2.4\webapps\cocoon\exslt\date\functions\parse-date\date.parse-date.xsl --> ftp.exslt.org /www.exslt.org/public_html/date/functions/parse-date date.parse-date.xsl
102.08.21 17:25 B C:\jakarta-tomcat-3.2.4\webapps\cocoon\exslt\date\functions\parse-date\date.parse-date.zip --> ftp.exslt.org /www.exslt.org/public_html/date/functions/parse-date date.parse-date.zip
102.08.21 17:25 B C:\jakarta-tomcat-3.2.4\webapps\cocoon\exslt\date\functions\parse-date\index.html --> ftp.exslt.org /www.exslt.org/public_html/date/functions/parse-date index.html
102.08.21 17:25 B C:\jakarta-tomcat-3.2.4\webapps\cocoon\exslt\date\functions\parse-date\refresh.bat --> ftp.exslt.org /www.exslt.org/public_html/date/functions/parse-date refresh.bat
102.08.21 17:25 B C:\jakarta-tomcat-3.2.4\webapps\cocoon\exslt\date\functions\parse-date\update.bat --> ftp.exslt.org /www.exslt.org/public_html/date/functions/parse-date update.bat
102.08.21 17:31 B C:\jakarta-tomcat-3.2.4\webapps\cocoon\exslt\date\functions\parse-date\base.css --> ftp.exslt.org /www.exslt.org/public_html/date/functions/parse-date base.css
102.08.21 17:31 B C:\jakarta-tomcat-3.2.4\webapps\cocoon\exslt\date\functions\parse-date\date.js --> ftp.exslt.org /www.exslt.org/public_html/date/functions/parse-date date.js
102.08.21 17:31 B C:\jakarta-tomcat-3.2.4\webapps\cocoon\exslt\date\functions\parse-date\date.js.html --> ftp.exslt.org /www.exslt.org/public_html/date/functions/parse-date date.js.html
102.08.21 17:31 B C:\jakarta-tomcat-3.2.4\webapps\cocoon\exslt\date\functions\parse-date\date.msxsl.xsl --> ftp.exslt.org /www.exslt.org/public_html/date/functions/parse-date date.msxsl.xsl
102.08.21 17:31 B C:\jakarta-tomcat-3.2.4\webapps\cocoon\exslt\date\functions\parse-date\date.msxsl.xsl.html --> ftp.exslt.org /www.exslt.org/public_html/date/functions/parse-date date.msxsl.xsl.html
102.08.21 17:31 B C:\jakarta-tomcat-3.2.4\webapps\cocoon\exslt\date\functions\parse-date\date.parse-date.2.html --> ftp.exslt.org /www.exslt.org/public_html/date/functions/parse-date date.parse-date.2.html
102.08.21 17:31 B C:\jakarta-tomcat-3.2.4\webapps\cocoon\exslt\date\functions\parse-date\date.parse-date.html --> ftp.exslt.org /www.exslt.org/public_html/date/functions/parse-date date.parse-date.html
102.08.21 17:31 B C:\jakarta-tomcat-3.2.4\webapps\cocoon\exslt\date\functions\parse-date\date.parse-date.package.txt --> ftp.exslt.org /www.exslt.org/public_html/date/functions/parse-date date.parse-date.package.txt
102.08.21 17:31 B C:\jakarta-tomcat-3.2.4\webapps\cocoon\exslt\date\functions\parse-date\date.parse-date.use-cases.txt --> ftp.exslt.org /www.exslt.org/public_html/date/functions/parse-date date.parse-date.use-cases.txt
102.08.21 17:31 B C:\jakarta-tomcat-3.2.4\webapps\cocoon\exslt\date\functions\parse-date\date.parse-date.use-cases.zip --> ftp.exslt.org /www.exslt.org/public_html/date/functions/parse-date date.parse-date.use-cases.zip
102.08.21 17:31 B C:\jakarta-tomcat-3.2.4\webapps\cocoon\exslt\date\functions\parse-date\date.parse-date.xml --> ftp.exslt.org /www.exslt.org/public_html/date/functions/parse-date date.parse-date.xml
102.08.21 17:31 B C:\jakarta-tomcat-3.2.4\webapps\cocoon\exslt\date\functions\parse-date\date.parse-date.xsl --> ftp.exslt.org /www.exslt.org/public_html/date/functions/parse-date date.parse-date.xsl
102.08.21 17:31 B C:\jakarta-tomcat-3.2.4\webapps\cocoon\exslt\date\functions\parse-date\date.parse-date.zip --> ftp.exslt.org /www.exslt.org/public_html/date/functions/parse-date date.parse-date.zip
102.08.21 17:31 B C:\jakarta-tomcat-3.2.4\webapps\cocoon\exslt\date\functions\parse-date\index.html --> ftp.exslt.org /www.exslt.org/public_html/date/functions/parse-date index.html
102.08.21 17:31 B C:\jakarta-tomcat-3.2.4\webapps\cocoon\exslt\date\functions\parse-date\refresh.bat --> ftp.exslt.org /www.exslt.org/public_html/date/functions/parse-date refresh.bat
102.08.21 17:31 B C:\jakarta-tomcat-3.2.4\webapps\cocoon\exslt\date\functions\parse-date\update.bat --> ftp.exslt.org /www.exslt.org/public_html/date/functions/parse-date update.bat
102.08.21 17:31 B C:\jakarta-tomcat-3.2.4\webapps\cocoon\exslt\date\functions\parse-date\WS_FTP.LOG --> ftp.exslt.org /www.exslt.org/public_html/date/functions/parse-date WS_FTP.LOG
102.11.19 13:15 B C:\jakarta-tomcat-3.2.4\webapps\cocoon\exslt\date\functions\parse-date\base.css --> ftp.exslt.org /www.exslt.org/public_html/date/functions/parse-date base.css
102.11.19 13:15 B C:\jakarta-tomcat-3.2.4\webapps\cocoon\exslt\date\functions\parse-date\date.js --> ftp.exslt.org /www.exslt.org/public_html/date/functions/parse-date date.js
102.11.19 13:15 B C:\jakarta-tomcat-3.2.4\webapps\cocoon\exslt\date\functions\parse-date\date.js.html --> ftp.exslt.org /www.exslt.org/public_html/date/functions/parse-date date.js.html
102.11.19 13:15 B C:\jakarta-tomcat-3.2.4\webapps\cocoon\exslt\date\functions\parse-date\date.msxsl.xsl --> ftp.exslt.org /www.exslt.org/public_html/date/functions/parse-date date.msxsl.xsl
102.11.19 13:15 B C:\jakarta-tomcat-3.2.4\webapps\cocoon\exslt\date\functions\parse-date\date.msxsl.xsl.html --> ftp.exslt.org /www.exslt.org/public_html/date/functions/parse-date date.msxsl.xsl.html
102.11.19 13:15 B C:\jakarta-tomcat-3.2.4\webapps\cocoon\exslt\date\functions\parse-date\date.parse-date.2.html --> ftp.exslt.org /www.exslt.org/public_html/date/functions/parse-date date.parse-date.2.html
102.11.19 13:15 B C:\jakarta-tomcat-3.2.4\webapps\cocoon\exslt\date\functions\parse-date\date.parse-date.html --> ftp.exslt.org /www.exslt.org/public_html/date/functions/parse-date date.parse-date.html
102.11.19 13:15 B C:\jakarta-tomcat-3.2.4\webapps\cocoon\exslt\date\functions\parse-date\date.parse-date.package.txt --> ftp.exslt.org /www.exslt.org/public_html/date/functions/parse-date date.parse-date.package.txt
102.11.19 13:15 B C:\jakarta-tomcat-3.2.4\webapps\cocoon\exslt\date\functions\parse-date\date.parse-date.use-cases.txt --> ftp.exslt.org /www.exslt.org/public_html/date/functions/parse-date date.parse-date.use-cases.txt
102.11.19 13:15 B C:\jakarta-tomcat-3.2.4\webapps\cocoon\exslt\date\functions\parse-date\date.parse-date.use-cases.zip --> ftp.exslt.org /www.exslt.org/public_html/date/functions/parse-date date.parse-date.use-cases.zip
102.11.19 13:15 B C:\jakarta-tomcat-3.2.4\webapps\cocoon\exslt\date\functions\parse-date\date.parse-date.xml --> ftp.exslt.org /www.exslt.org/public_html/date/functions/parse-date date.parse-date.xml
102.11.19 13:15 B C:\jakarta-tomcat-3.2.4\webapps\cocoon\exslt\date\functions\parse-date\date.parse-date.xsl --> ftp.exslt.org /www.exslt.org/public_html/date/functions/parse-date date.parse-date.xsl
102.11.19 13:15 B C:\jakarta-tomcat-3.2.4\webapps\cocoon\exslt\date\functions\parse-date\date.parse-date.zip --> ftp.exslt.org /www.exslt.org/public_html/date/functions/parse-date date.parse-date.zip
102.11.19 13:15 B C:\jakarta-tomcat-3.2.4\webapps\cocoon\exslt\date\functions\parse-date\index.html --> ftp.exslt.org /www.exslt.org/public_html/date/functions/parse-date index.html
102.11.19 13:15 B C:\jakarta-tomcat-3.2.4\webapps\cocoon\exslt\date\functions\parse-date\refresh.bat --> ftp.exslt.org /www.exslt.org/public_html/date/functions/parse-date refresh.bat
102.11.19 13:15 B C:\jakarta-tomcat-3.2.4\webapps\cocoon\exslt\date\functions\parse-date\update.bat --> ftp.exslt.org /www.exslt.org/public_html/date/functions/parse-date update.bat
102.11.19 13:15 B C:\jakarta-tomcat-3.2.4\webapps\cocoon\exslt\date\functions\parse-date\WS_FTP.LOG --> ftp.exslt.org /www.exslt.org/public_html/date/functions/parse-date WS_FTP.LOG
102.11.19 13:21 B C:\jakarta-tomcat-3.2.4\webapps\cocoon\exslt\date\functions\parse-date\base.css --> ftp.exslt.org /www.exslt.org/public_html/date/functions/parse-date base.css
102.11.19 13:21 B C:\jakarta-tomcat-3.2.4\webapps\cocoon\exslt\date\functions\parse-date\date.js --> ftp.exslt.org /www.exslt.org/public_html/date/functions/parse-date date.js
102.11.19 13:21 B C:\jakarta-tomcat-3.2.4\webapps\cocoon\exslt\date\functions\parse-date\date.js.html --> ftp.exslt.org /www.exslt.org/public_html/date/functions/parse-date date.js.html
102.11.19 13:21 B C:\jakarta-tomcat-3.2.4\webapps\cocoon\exslt\date\functions\parse-date\date.msxsl.xsl --> ftp.exslt.org /www.exslt.org/public_html/date/functions/parse-date date.msxsl.xsl
102.11.19 13:21 B C:\jakarta-tomcat-3.2.4\webapps\cocoon\exslt\date\functions\parse-date\date.msxsl.xsl.html --> ftp.exslt.org /www.exslt.org/public_html/date/functions/parse-date date.msxsl.xsl.html
102.11.19 13:21 B C:\jakarta-tomcat-3.2.4\webapps\cocoon\exslt\date\functions\parse-date\date.parse-date.2.html --> ftp.exslt.org /www.exslt.org/public_html/date/functions/parse-date date.parse-date.2.html
102.11.19 13:21 B C:\jakarta-tomcat-3.2.4\webapps\cocoon\exslt\date\functions\parse-date\date.parse-date.html --> ftp.exslt.org /www.exslt.org/public_html/date/functions/parse-date date.parse-date.html
102.11.19 13:21 B C:\jakarta-tomcat-3.2.4\webapps\cocoon\exslt\date\functions\parse-date\date.parse-date.package.txt --> ftp.exslt.org /www.exslt.org/public_html/date/functions/parse-date date.parse-date.package.txt
102.11.19 13:21 B C:\jakarta-tomcat-3.2.4\webapps\cocoon\exslt\date\functions\parse-date\date.parse-date.use-cases.txt --> ftp.exslt.org /www.exslt.org/public_html/date/functions/parse-date date.parse-date.use-cases.txt
102.11.19 13:21 B C:\jakarta-tomcat-3.2.4\webapps\cocoon\exslt\date\functions\parse-date\date.parse-date.use-cases.zip --> ftp.exslt.org /www.exslt.org/public_html/date/functions/parse-date date.parse-date.use-cases.zip
102.11.19 13:21 B C:\jakarta-tomcat-3.2.4\webapps\cocoon\exslt\date\functions\parse-date\date.parse-date.xml --> ftp.exslt.org /www.exslt.org/public_html/date/functions/parse-date date.parse-date.xml
102.11.19 13:21 B C:\jakarta-tomcat-3.2.4\webapps\cocoon\exslt\date\functions\parse-date\date.parse-date.xsl --> ftp.exslt.org /www.exslt.org/public_html/date/functions/parse-date date.parse-date.xsl
102.11.19 13:21 B C:\jakarta-tomcat-3.2.4\webapps\cocoon\exslt\date\functions\parse-date\date.parse-date.zip --> ftp.exslt.org /www.exslt.org/public_html/date/functions/parse-date date.parse-date.zip
102.11.19 13:21 B C:\jakarta-tomcat-3.2.4\webapps\cocoon\exslt\date\functions\parse-date\index.html --> ftp.exslt.org /www.exslt.org/public_html/date/functions/parse-date index.html
102.11.19 13:21 B C:\jakarta-tomcat-3.2.4\webapps\cocoon\exslt\date\functions\parse-date\refresh.bat --> ftp.exslt.org /www.exslt.org/public_html/date/functions/parse-date refresh.bat
102.11.19 13:21 B C:\jakarta-tomcat-3.2.4\webapps\cocoon\exslt\date\functions\parse-date\update.bat --> ftp.exslt.org /www.exslt.org/public_html/date/functions/parse-date update.bat
102.12.02 12:22 B C:\jakarta-tomcat-3.2.4\webapps\cocoon\exslt\public_html\date\functions\parse-date\WS_FTP.LOG <-- ftp.exslt.org /www.exslt.org/public_html/date/functions/parse-date WS_FTP.LOG
102.12.03 11:10 B C:\jakarta-tomcat-3.2.4\webapps\cocoon\exslt\date\functions\parse-date\base.css --> ftp.exslt.org /www.exslt.org/public_html/date/functions/parse-date base.css
102.12.03 11:10 B C:\jakarta-tomcat-3.2.4\webapps\cocoon\exslt\date\functions\parse-date\date.js --> ftp.exslt.org /www.exslt.org/public_html/date/functions/parse-date date.js
102.12.03 11:10 B C:\jakarta-tomcat-3.2.4\webapps\cocoon\exslt\date\functions\parse-date\date.js.html --> ftp.exslt.org /www.exslt.org/public_html/date/functions/parse-date date.js.html
102.12.03 11:10 B C:\jakarta-tomcat-3.2.4\webapps\cocoon\exslt\date\functions\parse-date\date.msxsl.xsl --> ftp.exslt.org /www.exslt.org/public_html/date/functions/parse-date date.msxsl.xsl
102.12.03 11:10 B C:\jakarta-tomcat-3.2.4\webapps\cocoon\exslt\date\functions\parse-date\date.msxsl.xsl.html --> ftp.exslt.org /www.exslt.org/public_html/date/functions/parse-date date.msxsl.xsl.html
102.12.03 11:10 B C:\jakarta-tomcat-3.2.4\webapps\cocoon\exslt\date\functions\parse-date\date.parse-date.1.html --> ftp.exslt.org /www.exslt.org/public_html/date/functions/parse-date date.parse-date.1.html
102.12.03 11:10 B C:\jakarta-tomcat-3.2.4\webapps\cocoon\exslt\date\functions\parse-date\date.parse-date.1.xml --> ftp.exslt.org /www.exslt.org/public_html/date/functions/parse-date date.parse-date.1.xml
102.12.03 11:10 B C:\jakarta-tomcat-3.2.4\webapps\cocoon\exslt\date\functions\parse-date\date.parse-date.2.html --> ftp.exslt.org /www.exslt.org/public_html/date/functions/parse-date date.parse-date.2.html
102.12.03 11:10 B C:\jakarta-tomcat-3.2.4\webapps\cocoon\exslt\date\functions\parse-date\date.parse-date.funcion.xsl --> ftp.exslt.org /www.exslt.org/public_html/date/functions/parse-date date.parse-date.funcion.xsl
102.12.03 11:10 B C:\jakarta-tomcat-3.2.4\webapps\cocoon\exslt\date\functions\parse-date\date.parse-date.html --> ftp.exslt.org /www.exslt.org/public_html/date/functions/parse-date date.parse-date.html
102.12.03 11:10 B C:\jakarta-tomcat-3.2.4\webapps\cocoon\exslt\date\functions\parse-date\date.parse-date.package.txt --> ftp.exslt.org /www.exslt.org/public_html/date/functions/parse-date date.parse-date.package.txt
102.12.03 11:10 B C:\jakarta-tomcat-3.2.4\webapps\cocoon\exslt\date\functions\parse-date\date.parse-date.template.xsl --> ftp.exslt.org /www.exslt.org/public_html/date/functions/parse-date date.parse-date.template.xsl
102.12.03 11:10 B C:\jakarta-tomcat-3.2.4\webapps\cocoon\exslt\date\functions\parse-date\date.parse-date.use-cases.txt --> ftp.exslt.org /www.exslt.org/public_html/date/functions/parse-date date.parse-date.use-cases.txt
102.12.03 11:10 B C:\jakarta-tomcat-3.2.4\webapps\cocoon\exslt\date\functions\parse-date\date.parse-date.use-cases.zip --> ftp.exslt.org /www.exslt.org/public_html/date/functions/parse-date date.parse-date.use-cases.zip
102.12.03 11:10 B C:\jakarta-tomcat-3.2.4\webapps\cocoon\exslt\date\functions\parse-date\date.parse-date.xml --> ftp.exslt.org /www.exslt.org/public_html/date/functions/parse-date date.parse-date.xml
102.12.03 11:10 B C:\jakarta-tomcat-3.2.4\webapps\cocoon\exslt\date\functions\parse-date\date.parse-date.xsl --> ftp.exslt.org /www.exslt.org/public_html/date/functions/parse-date date.parse-date.xsl
102.12.03 11:10 B C:\jakarta-tomcat-3.2.4\webapps\cocoon\exslt\date\functions\parse-date\date.parse-date.zip --> ftp.exslt.org /www.exslt.org/public_html/date/functions/parse-date date.parse-date.zip
102.12.03 11:10 B C:\jakarta-tomcat-3.2.4\webapps\cocoon\exslt\date\functions\parse-date\index.html --> ftp.exslt.org /www.exslt.org/public_html/date/functions/parse-date index.html
102.12.03 11:10 B C:\jakarta-tomcat-3.2.4\webapps\cocoon\exslt\date\functions\parse-date\out.html --> ftp.exslt.org /www.exslt.org/public_html/date/functions/parse-date out.html
102.12.03 11:10 B C:\jakarta-tomcat-3.2.4\webapps\cocoon\exslt\date\functions\parse-date\refresh.bat --> ftp.exslt.org /www.exslt.org/public_html/date/functions/parse-date refresh.bat
102.12.03 11:10 B C:\jakarta-tomcat-3.2.4\webapps\cocoon\exslt\date\functions\parse-date\test.xsl --> ftp.exslt.org /www.exslt.org/public_html/date/functions/parse-date test.xsl
102.12.03 11:10 B C:\jakarta-tomcat-3.2.4\webapps\cocoon\exslt\date\functions\parse-date\update.bat --> ftp.exslt.org /www.exslt.org/public_html/date/functions/parse-date update.bat
102.12.03 11:10 B C:\jakarta-tomcat-3.2.4\webapps\cocoon\exslt\date\functions\parse-date\WS_FTP.LOG --> ftp.exslt.org /www.exslt.org/public_html/date/functions/parse-date WS_FTP.LOG
102.12.11 11:04 B C:\jakarta-tomcat-3.2.4\webapps\cocoon\exslt\date\functions\parse-date\base.css --> ftp.exslt.org /www.exslt.org/public_html/date/functions/parse-date base.css
102.12.11 11:04 B C:\jakarta-tomcat-3.2.4\webapps\cocoon\exslt\date\functions\parse-date\date.js --> ftp.exslt.org /www.exslt.org/public_html/date/functions/parse-date date.js
102.12.11 11:04 B C:\jakarta-tomcat-3.2.4\webapps\cocoon\exslt\date\functions\parse-date\date.js.html --> ftp.exslt.org /www.exslt.org/public_html/date/functions/parse-date date.js.html
102.12.11 11:04 B C:\jakarta-tomcat-3.2.4\webapps\cocoon\exslt\date\functions\parse-date\date.msxsl.xsl --> ftp.exslt.org /www.exslt.org/public_html/date/functions/parse-date date.msxsl.xsl
102.12.11 11:04 B C:\jakarta-tomcat-3.2.4\webapps\cocoon\exslt\date\functions\parse-date\date.msxsl.xsl.html --> ftp.exslt.org /www.exslt.org/public_html/date/functions/parse-date date.msxsl.xsl.html
102.12.11 11:04 B C:\jakarta-tomcat-3.2.4\webapps\cocoon\exslt\date\functions\parse-date\date.parse-date.1.html --> ftp.exslt.org /www.exslt.org/public_html/date/functions/parse-date date.parse-date.1.html
102.12.11 11:04 B C:\jakarta-tomcat-3.2.4\webapps\cocoon\exslt\date\functions\parse-date\date.parse-date.1.xml --> ftp.exslt.org /www.exslt.org/public_html/date/functions/parse-date date.parse-date.1.xml
102.12.11 11:04 B C:\jakarta-tomcat-3.2.4\webapps\cocoon\exslt\date\functions\parse-date\date.parse-date.2.html --> ftp.exslt.org /www.exslt.org/public_html/date/functions/parse-date date.parse-date.2.html
102.12.11 11:04 B C:\jakarta-tomcat-3.2.4\webapps\cocoon\exslt\date\functions\parse-date\date.parse-date.funcion.xsl --> ftp.exslt.org /www.exslt.org/public_html/date/functions/parse-date date.parse-date.funcion.xsl
102.12.11 11:04 B C:\jakarta-tomcat-3.2.4\webapps\cocoon\exslt\date\functions\parse-date\date.parse-date.html --> ftp.exslt.org /www.exslt.org/public_html/date/functions/parse-date date.parse-date.html
102.12.11 11:04 B C:\jakarta-tomcat-3.2.4\webapps\cocoon\exslt\date\functions\parse-date\date.parse-date.package.txt --> ftp.exslt.org /www.exslt.org/public_html/date/functions/parse-date date.parse-date.package.txt
102.12.11 11:04 B C:\jakarta-tomcat-3.2.4\webapps\cocoon\exslt\date\functions\parse-date\date.parse-date.template.xsl --> ftp.exslt.org /www.exslt.org/public_html/date/functions/parse-date date.parse-date.template.xsl
102.12.11 11:04 B C:\jakarta-tomcat-3.2.4\webapps\cocoon\exslt\date\functions\parse-date\date.parse-date.use-cases.txt --> ftp.exslt.org /www.exslt.org/public_html/date/functions/parse-date date.parse-date.use-cases.txt
102.12.11 11:04 B C:\jakarta-tomcat-3.2.4\webapps\cocoon\exslt\date\functions\parse-date\date.parse-date.use-cases.zip --> ftp.exslt.org /www.exslt.org/public_html/date/functions/parse-date date.parse-date.use-cases.zip
102.12.11 11:04 B C:\jakarta-tomcat-3.2.4\webapps\cocoon\exslt\date\functions\parse-date\date.parse-date.xml --> ftp.exslt.org /www.exslt.org/public_html/date/functions/parse-date date.parse-date.xml
102.12.11 11:04 B C:\jakarta-tomcat-3.2.4\webapps\cocoon\exslt\date\functions\parse-date\date.parse-date.xsl --> ftp.exslt.org /www.exslt.org/public_html/date/functions/parse-date date.parse-date.xsl
102.12.11 11:04 B C:\jakarta-tomcat-3.2.4\webapps\cocoon\exslt\date\functions\parse-date\date.parse-date.zip --> ftp.exslt.org /www.exslt.org/public_html/date/functions/parse-date date.parse-date.zip
102.12.11 11:04 B C:\jakarta-tomcat-3.2.4\webapps\cocoon\exslt\date\functions\parse-date\index.html --> ftp.exslt.org /www.exslt.org/public_html/date/functions/parse-date index.html
102.12.11 11:04 B C:\jakarta-tomcat-3.2.4\webapps\cocoon\exslt\date\functions\parse-date\out.html --> ftp.exslt.org /www.exslt.org/public_html/date/functions/parse-date out.html
102.12.11 11:04 B C:\jakarta-tomcat-3.2.4\webapps\cocoon\exslt\date\functions\parse-date\refresh.bat --> ftp.exslt.org /www.exslt.org/public_html/date/functions/parse-date refresh.bat
102.12.11 11:04 B C:\jakarta-tomcat-3.2.4\webapps\cocoon\exslt\date\functions\parse-date\test.xsl --> ftp.exslt.org /www.exslt.org/public_html/date/functions/parse-date test.xsl
102.12.11 11:04 B C:\jakarta-tomcat-3.2.4\webapps\cocoon\exslt\date\functions\parse-date\update.bat --> ftp.exslt.org /www.exslt.org/public_html/date/functions/parse-date update.bat
103.09.29 15:16 B C:\jakarta-tomcat-3.2.4\webapps\cocoon\exslt\date\functions\parse-date\WS_FTP.LOG <-- ftp.exslt.org /www.exslt.org/public_html/date/functions/parse-date WS_FTP.LOG
103.10.21 13:05 B C:\jakarta-tomcat-3.2.4\webapps\cocoon\exslt\date\functions\parse-date\base.css --> marian.cs.nott.ac.uk /stud/pg/cds/exslt/date/functions/parse-date base.css
103.10.21 13:05 B C:\jakarta-tomcat-3.2.4\webapps\cocoon\exslt\date\functions\parse-date\date.js --> marian.cs.nott.ac.uk /stud/pg/cds/exslt/date/functions/parse-date date.js
103.10.21 13:05 B C:\jakarta-tomcat-3.2.4\webapps\cocoon\exslt\date\functions\parse-date\date.js.html --> marian.cs.nott.ac.uk /stud/pg/cds/exslt/date/functions/parse-date date.js.html
103.10.21 13:05 B C:\jakarta-tomcat-3.2.4\webapps\cocoon\exslt\date\functions\parse-date\date.msxsl.xsl --> marian.cs.nott.ac.uk /stud/pg/cds/exslt/date/functions/parse-date date.msxsl.xsl
103.10.21 13:05 B C:\jakarta-tomcat-3.2.4\webapps\cocoon\exslt\date\functions\parse-date\date.msxsl.xsl.html --> marian.cs.nott.ac.uk /stud/pg/cds/exslt/date/functions/parse-date date.msxsl.xsl.html
103.10.21 13:05 B C:\jakarta-tomcat-3.2.4\webapps\cocoon\exslt\date\functions\parse-date\date.parse-date.1.html --> marian.cs.nott.ac.uk /stud/pg/cds/exslt/date/functions/parse-date date.parse-date.1.html
103.10.21 13:05 B C:\jakarta-tomcat-3.2.4\webapps\cocoon\exslt\date\functions\parse-date\date.parse-date.1.xml --> marian.cs.nott.ac.uk /stud/pg/cds/exslt/date/functions/parse-date date.parse-date.1.xml
103.10.21 13:05 B C:\jakarta-tomcat-3.2.4\webapps\cocoon\exslt\date\functions\parse-date\date.parse-date.2.html --> marian.cs.nott.ac.uk /stud/pg/cds/exslt/date/functions/parse-date date.parse-date.2.html
103.10.21 13:05 B C:\jakarta-tomcat-3.2.4\webapps\cocoon\exslt\date\functions\parse-date\date.parse-date.funcion.xsl --> marian.cs.nott.ac.uk /stud/pg/cds/exslt/date/functions/parse-date date.parse-date.funcion.xsl
103.10.21 13:05 B C:\jakarta-tomcat-3.2.4\webapps\cocoon\exslt\date\functions\parse-date\date.parse-date.html --> marian.cs.nott.ac.uk /stud/pg/cds/exslt/date/functions/parse-date date.parse-date.html
103.10.21 13:05 B C:\jakarta-tomcat-3.2.4\webapps\cocoon\exslt\date\functions\parse-date\date.parse-date.package.txt --> marian.cs.nott.ac.uk /stud/pg/cds/exslt/date/functions/parse-date date.parse-date.package.txt
103.10.21 13:05 B C:\jakarta-tomcat-3.2.4\webapps\cocoon\exslt\date\functions\parse-date\date.parse-date.template.xsl --> marian.cs.nott.ac.uk /stud/pg/cds/exslt/date/functions/parse-date date.parse-date.template.xsl
103.10.21 13:05 B C:\jakarta-tomcat-3.2.4\webapps\cocoon\exslt\date\functions\parse-date\date.parse-date.use-cases.txt --> marian.cs.nott.ac.uk /stud/pg/cds/exslt/date/functions/parse-date date.parse-date.use-cases.txt
103.10.21 13:05 B C:\jakarta-tomcat-3.2.4\webapps\cocoon\exslt\date\functions\parse-date\date.parse-date.use-cases.zip --> marian.cs.nott.ac.uk /stud/pg/cds/exslt/date/functions/parse-date date.parse-date.use-cases.zip
103.10.21 13:05 B C:\jakarta-tomcat-3.2.4\webapps\cocoon\exslt\date\functions\parse-date\date.parse-date.xml --> marian.cs.nott.ac.uk /stud/pg/cds/exslt/date/functions/parse-date date.parse-date.xml
103.10.21 13:05 B C:\jakarta-tomcat-3.2.4\webapps\cocoon\exslt\date\functions\parse-date\date.parse-date.xsl --> marian.cs.nott.ac.uk /stud/pg/cds/exslt/date/functions/parse-date date.parse-date.xsl
103.10.21 13:05 B C:\jakarta-tomcat-3.2.4\webapps\cocoon\exslt\date\functions\parse-date\date.parse-date.zip --> marian.cs.nott.ac.uk /stud/pg/cds/exslt/date/functions/parse-date date.parse-date.zip
103.10.21 13:05 B C:\jakarta-tomcat-3.2.4\webapps\cocoon\exslt\date\functions\parse-date\index.html --> marian.cs.nott.ac.uk /stud/pg/cds/exslt/date/functions/parse-date index.html
103.10.21 13:05 B C:\jakarta-tomcat-3.2.4\webapps\cocoon\exslt\date\functions\parse-date\out.html --> marian.cs.nott.ac.uk /stud/pg/cds/exslt/date/functions/parse-date out.html
103.10.21 13:05 B C:\jakarta-tomcat-3.2.4\webapps\cocoon\exslt\date\functions\parse-date\refresh.bat --> marian.cs.nott.ac.uk /stud/pg/cds/exslt/date/functions/parse-date refresh.bat
103.10.21 13:05 B C:\jakarta-tomcat-3.2.4\webapps\cocoon\exslt\date\functions\parse-date\test.xsl --> marian.cs.nott.ac.uk /stud/pg/cds/exslt/date/functions/parse-date test.xsl
103.10.21 13:05 B C:\jakarta-tomcat-3.2.4\webapps\cocoon\exslt\date\functions\parse-date\update.bat --> marian.cs.nott.ac.uk /stud/pg/cds/exslt/date/functions/parse-date update.bat
103.10.21 13:05 B C:\jakarta-tomcat-3.2.4\webapps\cocoon\exslt\date\functions\parse-date\WS_FTP.LOG --> marian.cs.nott.ac.uk /stud/pg/cds/exslt/date/functions/parse-date WS_FTP.LOG
103.10.23 13:56 B C:\jakarta-tomcat-3.2.4\webapps\cocoon\exslt\date\functions\parse-date\base.css --> ftp.exslt.org /www.exslt.org/public_html/parse-date base.css
103.10.23 13:56 B C:\jakarta-tomcat-3.2.4\webapps\cocoon\exslt\date\functions\parse-date\date.js --> ftp.exslt.org /www.exslt.org/public_html/parse-date date.js
103.10.23 13:56 B C:\jakarta-tomcat-3.2.4\webapps\cocoon\exslt\date\functions\parse-date\date.js.html --> ftp.exslt.org /www.exslt.org/public_html/parse-date date.js.html
103.10.23 13:56 B C:\jakarta-tomcat-3.2.4\webapps\cocoon\exslt\date\functions\parse-date\date.msxsl.xsl --> ftp.exslt.org /www.exslt.org/public_html/parse-date date.msxsl.xsl
103.10.23 13:56 B C:\jakarta-tomcat-3.2.4\webapps\cocoon\exslt\date\functions\parse-date\date.msxsl.xsl.html --> ftp.exslt.org /www.exslt.org/public_html/parse-date date.msxsl.xsl.html
103.10.23 13:56 B C:\jakarta-tomcat-3.2.4\webapps\cocoon\exslt\date\functions\parse-date\date.parse-date.1.html --> ftp.exslt.org /www.exslt.org/public_html/parse-date date.parse-date.1.html
103.10.23 13:56 B C:\jakarta-tomcat-3.2.4\webapps\cocoon\exslt\date\functions\parse-date\date.parse-date.1.xml --> ftp.exslt.org /www.exslt.org/public_html/parse-date date.parse-date.1.xml
103.10.23 13:56 B C:\jakarta-tomcat-3.2.4\webapps\cocoon\exslt\date\functions\parse-date\date.parse-date.2.html --> ftp.exslt.org /www.exslt.org/public_html/parse-date date.parse-date.2.html
103.10.23 13:57 B C:\jakarta-tomcat-3.2.4\webapps\cocoon\exslt\date\functions\parse-date\date.parse-date.funcion.xsl --> ftp.exslt.org /www.exslt.org/public_html/parse-date date.parse-date.funcion.xsl
103.10.23 13:57 B C:\jakarta-tomcat-3.2.4\webapps\cocoon\exslt\date\functions\parse-date\date.parse-date.html --> ftp.exslt.org /www.exslt.org/public_html/parse-date date.parse-date.html
103.10.23 13:57 B C:\jakarta-tomcat-3.2.4\webapps\cocoon\exslt\date\functions\parse-date\date.parse-date.package.txt --> ftp.exslt.org /www.exslt.org/public_html/parse-date date.parse-date.package.txt
103.10.23 13:57 B C:\jakarta-tomcat-3.2.4\webapps\cocoon\exslt\date\functions\parse-date\date.parse-date.template.xsl --> ftp.exslt.org /www.exslt.org/public_html/parse-date date.parse-date.template.xsl
103.10.23 13:57 B C:\jakarta-tomcat-3.2.4\webapps\cocoon\exslt\date\functions\parse-date\date.parse-date.use-cases.txt --> ftp.exslt.org /www.exslt.org/public_html/parse-date date.parse-date.use-cases.txt
103.10.23 13:57 B C:\jakarta-tomcat-3.2.4\webapps\cocoon\exslt\date\functions\parse-date\date.parse-date.use-cases.zip --> ftp.exslt.org /www.exslt.org/public_html/parse-date date.parse-date.use-cases.zip
103.10.23 13:57 B C:\jakarta-tomcat-3.2.4\webapps\cocoon\exslt\date\functions\parse-date\date.parse-date.xml --> ftp.exslt.org /www.exslt.org/public_html/parse-date date.parse-date.xml
103.10.23 13:57 B C:\jakarta-tomcat-3.2.4\webapps\cocoon\exslt\date\functions\parse-date\date.parse-date.xsl --> ftp.exslt.org /www.exslt.org/public_html/parse-date date.parse-date.xsl
103.10.23 13:57 B C:\jakarta-tomcat-3.2.4\webapps\cocoon\exslt\date\functions\parse-date\date.parse-date.zip --> ftp.exslt.org /www.exslt.org/public_html/parse-date date.parse-date.zip
103.10.23 13:58 B C:\jakarta-tomcat-3.2.4\webapps\cocoon\exslt\date\functions\parse-date\index.html --> ftp.exslt.org /www.exslt.org/public_html/parse-date index.html
103.10.23 13:58 B C:\jakarta-tomcat-3.2.4\webapps\cocoon\exslt\date\functions\parse-date\out.html --> ftp.exslt.org /www.exslt.org/public_html/parse-date out.html
103.10.23 13:58 B C:\jakarta-tomcat-3.2.4\webapps\cocoon\exslt\date\functions\parse-date\refresh.bat --> ftp.exslt.org /www.exslt.org/public_html/parse-date refresh.bat
103.10.23 13:58 B C:\jakarta-tomcat-3.2.4\webapps\cocoon\exslt\date\functions\parse-date\test.xsl --> ftp.exslt.org /www.exslt.org/public_html/parse-date test.xsl
103.10.23 13:58 B C:\jakarta-tomcat-3.2.4\webapps\cocoon\exslt\date\functions\parse-date\update.bat --> ftp.exslt.org /www.exslt.org/public_html/parse-date update.bat
103.10.23 13:58 B C:\jakarta-tomcat-3.2.4\webapps\cocoon\exslt\date\functions\parse-date\WS_FTP.LOG --> ftp.exslt.org /www.exslt.org/public_html/parse-date WS_FTP.LOG
103.10.23 14:56 B C:\jakarta-tomcat-3.2.4\webapps\cocoon\exslt\date\functions\parse-date\base.css --> ftp.exslt.org /www.exslt.org/public_html/date/functions/parse-date base.css
103.10.23 14:56 B C:\jakarta-tomcat-3.2.4\webapps\cocoon\exslt\date\functions\parse-date\date.js --> ftp.exslt.org /www.exslt.org/public_html/date/functions/parse-date date.js
103.10.23 14:56 B C:\jakarta-tomcat-3.2.4\webapps\cocoon\exslt\date\functions\parse-date\date.js.html --> ftp.exslt.org /www.exslt.org/public_html/date/functions/parse-date date.js.html
103.10.23 14:56 B C:\jakarta-tomcat-3.2.4\webapps\cocoon\exslt\date\functions\parse-date\date.msxsl.xsl --> ftp.exslt.org /www.exslt.org/public_html/date/functions/parse-date date.msxsl.xsl
103.10.23 14:56 B C:\jakarta-tomcat-3.2.4\webapps\cocoon\exslt\date\functions\parse-date\date.msxsl.xsl.html --> ftp.exslt.org /www.exslt.org/public_html/date/functions/parse-date date.msxsl.xsl.html
103.10.23 14:56 B C:\jakarta-tomcat-3.2.4\webapps\cocoon\exslt\date\functions\parse-date\date.parse-date.1.html --> ftp.exslt.org /www.exslt.org/public_html/date/functions/parse-date date.parse-date.1.html
103.10.23 14:56 B C:\jakarta-tomcat-3.2.4\webapps\cocoon\exslt\date\functions\parse-date\date.parse-date.1.xml --> ftp.exslt.org /www.exslt.org/public_html/date/functions/parse-date date.parse-date.1.xml
103.10.23 14:56 B C:\jakarta-tomcat-3.2.4\webapps\cocoon\exslt\date\functions\parse-date\date.parse-date.2.html --> ftp.exslt.org /www.exslt.org/public_html/date/functions/parse-date date.parse-date.2.html
103.10.23 14:56 B C:\jakarta-tomcat-3.2.4\webapps\cocoon\exslt\date\functions\parse-date\date.parse-date.funcion.xsl --> ftp.exslt.org /www.exslt.org/public_html/date/functions/parse-date date.parse-date.funcion.xsl
103.10.23 14:56 B C:\jakarta-tomcat-3.2.4\webapps\cocoon\exslt\date\functions\parse-date\date.parse-date.html --> ftp.exslt.org /www.exslt.org/public_html/date/functions/parse-date date.parse-date.html
103.10.23 14:56 B C:\jakarta-tomcat-3.2.4\webapps\cocoon\exslt\date\functions\parse-date\date.parse-date.package.txt --> ftp.exslt.org /www.exslt.org/public_html/date/functions/parse-date date.parse-date.package.txt
103.10.23 14:57 B C:\jakarta-tomcat-3.2.4\webapps\cocoon\exslt\date\functions\parse-date\date.parse-date.template.xsl --> ftp.exslt.org /www.exslt.org/public_html/date/functions/parse-date date.parse-date.template.xsl
103.10.23 14:57 B C:\jakarta-tomcat-3.2.4\webapps\cocoon\exslt\date\functions\parse-date\date.parse-date.use-cases.txt --> ftp.exslt.org /www.exslt.org/public_html/date/functions/parse-date date.parse-date.use-cases.txt
103.10.23 14:57 B C:\jakarta-tomcat-3.2.4\webapps\cocoon\exslt\date\functions\parse-date\date.parse-date.use-cases.zip --> ftp.exslt.org /www.exslt.org/public_html/date/functions/parse-date date.parse-date.use-cases.zip
103.10.23 14:57 B C:\jakarta-tomcat-3.2.4\webapps\cocoon\exslt\date\functions\parse-date\date.parse-date.xml --> ftp.exslt.org /www.exslt.org/public_html/date/functions/parse-date date.parse-date.xml
103.10.23 14:57 B C:\jakarta-tomcat-3.2.4\webapps\cocoon\exslt\date\functions\parse-date\date.parse-date.xsl --> ftp.exslt.org /www.exslt.org/public_html/date/functions/parse-date date.parse-date.xsl
103.10.23 14:57 B C:\jakarta-tomcat-3.2.4\webapps\cocoon\exslt\date\functions\parse-date\date.parse-date.zip --> ftp.exslt.org /www.exslt.org/public_html/date/functions/parse-date date.parse-date.zip
103.10.23 14:57 B C:\jakarta-tomcat-3.2.4\webapps\cocoon\exslt\date\functions\parse-date\index.html --> ftp.exslt.org /www.exslt.org/public_html/date/functions/parse-date index.html
103.10.23 14:57 B C:\jakarta-tomcat-3.2.4\webapps\cocoon\exslt\date\functions\parse-date\out.html --> ftp.exslt.org /www.exslt.org/public_html/date/functions/parse-date out.html
103.10.23 14:57 B C:\jakarta-tomcat-3.2.4\webapps\cocoon\exslt\date\functions\parse-date\refresh.bat --> ftp.exslt.org /www.exslt.org/public_html/date/functions/parse-date refresh.bat
103.10.23 14:57 B C:\jakarta-tomcat-3.2.4\webapps\cocoon\exslt\date\functions\parse-date\test.xsl --> ftp.exslt.org /www.exslt.org/public_html/date/functions/parse-date test.xsl
103.10.23 14:57 B C:\jakarta-tomcat-3.2.4\webapps\cocoon\exslt\date\functions\parse-date\update.bat --> ftp.exslt.org /www.exslt.org/public_html/date/functions/parse-date update.bat
