102.08.21 17:32 B C:\jakarta-tomcat-3.2.4\webapps\cocoon\exslt\math\functions\random\base.css --> ftp.exslt.org /www.exslt.org/public_html/math/functions/random base.css
102.08.21 17:32 B C:\jakarta-tomcat-3.2.4\webapps\cocoon\exslt\math\functions\random\index.html --> ftp.exslt.org /www.exslt.org/public_html/math/functions/random index.html
102.08.21 17:32 B C:\jakarta-tomcat-3.2.4\webapps\cocoon\exslt\math\functions\random\math.random.1.html --> ftp.exslt.org /www.exslt.org/public_html/math/functions/random math.random.1.html
102.08.21 17:32 B C:\jakarta-tomcat-3.2.4\webapps\cocoon\exslt\math\functions\random\math.random.html --> ftp.exslt.org /www.exslt.org/public_html/math/functions/random math.random.html
102.08.21 17:32 B C:\jakarta-tomcat-3.2.4\webapps\cocoon\exslt\math\functions\random\math.random.js --> ftp.exslt.org /www.exslt.org/public_html/math/functions/random math.random.js
102.08.21 17:32 B C:\jakarta-tomcat-3.2.4\webapps\cocoon\exslt\math\functions\random\math.random.js.html --> ftp.exslt.org /www.exslt.org/public_html/math/functions/random math.random.js.html
102.08.21 17:32 B C:\jakarta-tomcat-3.2.4\webapps\cocoon\exslt\math\functions\random\math.random.msxsl.xsl --> ftp.exslt.org /www.exslt.org/public_html/math/functions/random math.random.msxsl.xsl
102.08.21 17:32 B C:\jakarta-tomcat-3.2.4\webapps\cocoon\exslt\math\functions\random\math.random.msxsl.xsl.html --> ftp.exslt.org /www.exslt.org/public_html/math/functions/random math.random.msxsl.xsl.html
102.08.21 17:32 B C:\jakarta-tomcat-3.2.4\webapps\cocoon\exslt\math\functions\random\math.random.package.txt --> ftp.exslt.org /www.exslt.org/public_html/math/functions/random math.random.package.txt
102.08.21 17:32 B C:\jakarta-tomcat-3.2.4\webapps\cocoon\exslt\math\functions\random\math.random.use-cases.txt --> ftp.exslt.org /www.exslt.org/public_html/math/functions/random math.random.use-cases.txt
102.08.21 17:32 B C:\jakarta-tomcat-3.2.4\webapps\cocoon\exslt\math\functions\random\math.random.use-cases.zip --> ftp.exslt.org /www.exslt.org/public_html/math/functions/random math.random.use-cases.zip
102.08.21 17:32 B C:\jakarta-tomcat-3.2.4\webapps\cocoon\exslt\math\functions\random\math.random.xml --> ftp.exslt.org /www.exslt.org/public_html/math/functions/random math.random.xml
102.08.21 17:32 B C:\jakarta-tomcat-3.2.4\webapps\cocoon\exslt\math\functions\random\math.random.xsl --> ftp.exslt.org /www.exslt.org/public_html/math/functions/random math.random.xsl
102.08.21 17:32 B C:\jakarta-tomcat-3.2.4\webapps\cocoon\exslt\math\functions\random\math.random.zip --> ftp.exslt.org /www.exslt.org/public_html/math/functions/random math.random.zip
102.08.21 17:32 B C:\jakarta-tomcat-3.2.4\webapps\cocoon\exslt\math\functions\random\refresh.bat --> ftp.exslt.org /www.exslt.org/public_html/math/functions/random refresh.bat
102.08.21 17:32 B C:\jakarta-tomcat-3.2.4\webapps\cocoon\exslt\math\functions\random\update.bat --> ftp.exslt.org /www.exslt.org/public_html/math/functions/random update.bat
102.11.19 13:22 B C:\jakarta-tomcat-3.2.4\webapps\cocoon\exslt\math\functions\random\base.css --> ftp.exslt.org /www.exslt.org/public_html/math/functions/random base.css
102.11.19 13:22 B C:\jakarta-tomcat-3.2.4\webapps\cocoon\exslt\math\functions\random\index.html --> ftp.exslt.org /www.exslt.org/public_html/math/functions/random index.html
102.11.19 13:22 B C:\jakarta-tomcat-3.2.4\webapps\cocoon\exslt\math\functions\random\math.random.1.html --> ftp.exslt.org /www.exslt.org/public_html/math/functions/random math.random.1.html
102.11.19 13:22 B C:\jakarta-tomcat-3.2.4\webapps\cocoon\exslt\math\functions\random\math.random.html --> ftp.exslt.org /www.exslt.org/public_html/math/functions/random math.random.html
102.11.19 13:22 B C:\jakarta-tomcat-3.2.4\webapps\cocoon\exslt\math\functions\random\math.random.js --> ftp.exslt.org /www.exslt.org/public_html/math/functions/random math.random.js
102.11.19 13:22 B C:\jakarta-tomcat-3.2.4\webapps\cocoon\exslt\math\functions\random\math.random.js.html --> ftp.exslt.org /www.exslt.org/public_html/math/functions/random math.random.js.html
102.11.19 13:22 B C:\jakarta-tomcat-3.2.4\webapps\cocoon\exslt\math\functions\random\math.random.msxsl.xsl --> ftp.exslt.org /www.exslt.org/public_html/math/functions/random math.random.msxsl.xsl
102.11.19 13:22 B C:\jakarta-tomcat-3.2.4\webapps\cocoon\exslt\math\functions\random\math.random.msxsl.xsl.html --> ftp.exslt.org /www.exslt.org/public_html/math/functions/random math.random.msxsl.xsl.html
102.11.19 13:22 B C:\jakarta-tomcat-3.2.4\webapps\cocoon\exslt\math\functions\random\math.random.package.txt --> ftp.exslt.org /www.exslt.org/public_html/math/functions/random math.random.package.txt
102.11.19 13:22 B C:\jakarta-tomcat-3.2.4\webapps\cocoon\exslt\math\functions\random\math.random.use-cases.txt --> ftp.exslt.org /www.exslt.org/public_html/math/functions/random math.random.use-cases.txt
102.11.19 13:22 B C:\jakarta-tomcat-3.2.4\webapps\cocoon\exslt\math\functions\random\math.random.use-cases.zip --> ftp.exslt.org /www.exslt.org/public_html/math/functions/random math.random.use-cases.zip
102.11.19 13:22 B C:\jakarta-tomcat-3.2.4\webapps\cocoon\exslt\math\functions\random\math.random.xml --> ftp.exslt.org /www.exslt.org/public_html/math/functions/random math.random.xml
102.11.19 13:22 B C:\jakarta-tomcat-3.2.4\webapps\cocoon\exslt\math\functions\random\math.random.xsl --> ftp.exslt.org /www.exslt.org/public_html/math/functions/random math.random.xsl
102.11.19 13:22 B C:\jakarta-tomcat-3.2.4\webapps\cocoon\exslt\math\functions\random\math.random.zip --> ftp.exslt.org /www.exslt.org/public_html/math/functions/random math.random.zip
102.11.19 13:22 B C:\jakarta-tomcat-3.2.4\webapps\cocoon\exslt\math\functions\random\refresh.bat --> ftp.exslt.org /www.exslt.org/public_html/math/functions/random refresh.bat
102.11.19 13:22 B C:\jakarta-tomcat-3.2.4\webapps\cocoon\exslt\math\functions\random\update.bat --> ftp.exslt.org /www.exslt.org/public_html/math/functions/random update.bat
102.11.19 13:22 B C:\jakarta-tomcat-3.2.4\webapps\cocoon\exslt\math\functions\random\WS_FTP.LOG --> ftp.exslt.org /www.exslt.org/public_html/math/functions/random WS_FTP.LOG
102.11.19 13:27 B C:\jakarta-tomcat-3.2.4\webapps\cocoon\exslt\math\functions\random\base.css --> ftp.exslt.org /www.exslt.org/public_html/math/functions/random base.css
102.11.19 13:27 B C:\jakarta-tomcat-3.2.4\webapps\cocoon\exslt\math\functions\random\index.html --> ftp.exslt.org /www.exslt.org/public_html/math/functions/random index.html
102.11.19 13:27 B C:\jakarta-tomcat-3.2.4\webapps\cocoon\exslt\math\functions\random\math.random.1.html --> ftp.exslt.org /www.exslt.org/public_html/math/functions/random math.random.1.html
102.11.19 13:27 B C:\jakarta-tomcat-3.2.4\webapps\cocoon\exslt\math\functions\random\math.random.html --> ftp.exslt.org /www.exslt.org/public_html/math/functions/random math.random.html
102.11.19 13:27 B C:\jakarta-tomcat-3.2.4\webapps\cocoon\exslt\math\functions\random\math.random.js --> ftp.exslt.org /www.exslt.org/public_html/math/functions/random math.random.js
102.11.19 13:27 B C:\jakarta-tomcat-3.2.4\webapps\cocoon\exslt\math\functions\random\math.random.js.html --> ftp.exslt.org /www.exslt.org/public_html/math/functions/random math.random.js.html
102.11.19 13:27 B C:\jakarta-tomcat-3.2.4\webapps\cocoon\exslt\math\functions\random\math.random.msxsl.xsl --> ftp.exslt.org /www.exslt.org/public_html/math/functions/random math.random.msxsl.xsl
102.11.19 13:27 B C:\jakarta-tomcat-3.2.4\webapps\cocoon\exslt\math\functions\random\math.random.msxsl.xsl.html --> ftp.exslt.org /www.exslt.org/public_html/math/functions/random math.random.msxsl.xsl.html
102.11.19 13:27 B C:\jakarta-tomcat-3.2.4\webapps\cocoon\exslt\math\functions\random\math.random.package.txt --> ftp.exslt.org /www.exslt.org/public_html/math/functions/random math.random.package.txt
102.11.19 13:27 B C:\jakarta-tomcat-3.2.4\webapps\cocoon\exslt\math\functions\random\math.random.use-cases.txt --> ftp.exslt.org /www.exslt.org/public_html/math/functions/random math.random.use-cases.txt
102.11.19 13:27 B C:\jakarta-tomcat-3.2.4\webapps\cocoon\exslt\math\functions\random\math.random.use-cases.zip --> ftp.exslt.org /www.exslt.org/public_html/math/functions/random math.random.use-cases.zip
102.11.19 13:27 B C:\jakarta-tomcat-3.2.4\webapps\cocoon\exslt\math\functions\random\math.random.xml --> ftp.exslt.org /www.exslt.org/public_html/math/functions/random math.random.xml
102.11.19 13:27 B C:\jakarta-tomcat-3.2.4\webapps\cocoon\exslt\math\functions\random\math.random.xsl --> ftp.exslt.org /www.exslt.org/public_html/math/functions/random math.random.xsl
102.11.19 13:27 B C:\jakarta-tomcat-3.2.4\webapps\cocoon\exslt\math\functions\random\math.random.zip --> ftp.exslt.org /www.exslt.org/public_html/math/functions/random math.random.zip
102.11.19 13:27 B C:\jakarta-tomcat-3.2.4\webapps\cocoon\exslt\math\functions\random\refresh.bat --> ftp.exslt.org /www.exslt.org/public_html/math/functions/random refresh.bat
102.11.19 13:27 B C:\jakarta-tomcat-3.2.4\webapps\cocoon\exslt\math\functions\random\update.bat --> ftp.exslt.org /www.exslt.org/public_html/math/functions/random update.bat
102.12.02 12:32 B C:\jakarta-tomcat-3.2.4\webapps\cocoon\exslt\public_html\math\functions\random\WS_FTP.LOG <-- ftp.exslt.org /www.exslt.org/public_html/math/functions/random WS_FTP.LOG
102.12.03 11:12 B C:\jakarta-tomcat-3.2.4\webapps\cocoon\exslt\math\functions\random\base.css --> ftp.exslt.org /www.exslt.org/public_html/math/functions/random base.css
102.12.03 11:12 B C:\jakarta-tomcat-3.2.4\webapps\cocoon\exslt\math\functions\random\index.html --> ftp.exslt.org /www.exslt.org/public_html/math/functions/random index.html
102.12.03 11:12 B C:\jakarta-tomcat-3.2.4\webapps\cocoon\exslt\math\functions\random\math.random.1.html --> ftp.exslt.org /www.exslt.org/public_html/math/functions/random math.random.1.html
102.12.03 11:12 B C:\jakarta-tomcat-3.2.4\webapps\cocoon\exslt\math\functions\random\math.random.1.xml --> ftp.exslt.org /www.exslt.org/public_html/math/functions/random math.random.1.xml
102.12.03 11:12 B C:\jakarta-tomcat-3.2.4\webapps\cocoon\exslt\math\functions\random\math.random.1.xsl --> ftp.exslt.org /www.exslt.org/public_html/math/functions/random math.random.1.xsl
102.12.03 11:12 B C:\jakarta-tomcat-3.2.4\webapps\cocoon\exslt\math\functions\random\math.random.html --> ftp.exslt.org /www.exslt.org/public_html/math/functions/random math.random.html
102.12.03 11:12 B C:\jakarta-tomcat-3.2.4\webapps\cocoon\exslt\math\functions\random\math.random.js --> ftp.exslt.org /www.exslt.org/public_html/math/functions/random math.random.js
102.12.03 11:12 B C:\jakarta-tomcat-3.2.4\webapps\cocoon\exslt\math\functions\random\math.random.js.html --> ftp.exslt.org /www.exslt.org/public_html/math/functions/random math.random.js.html
102.12.03 11:12 B C:\jakarta-tomcat-3.2.4\webapps\cocoon\exslt\math\functions\random\math.random.msxsl.xsl --> ftp.exslt.org /www.exslt.org/public_html/math/functions/random math.random.msxsl.xsl
102.12.03 11:12 B C:\jakarta-tomcat-3.2.4\webapps\cocoon\exslt\math\functions\random\math.random.msxsl.xsl.html --> ftp.exslt.org /www.exslt.org/public_html/math/functions/random math.random.msxsl.xsl.html
102.12.03 11:12 B C:\jakarta-tomcat-3.2.4\webapps\cocoon\exslt\math\functions\random\math.random.package.txt --> ftp.exslt.org /www.exslt.org/public_html/math/functions/random math.random.package.txt
102.12.03 11:12 B C:\jakarta-tomcat-3.2.4\webapps\cocoon\exslt\math\functions\random\math.random.use-cases.txt --> ftp.exslt.org /www.exslt.org/public_html/math/functions/random math.random.use-cases.txt
102.12.03 11:12 B C:\jakarta-tomcat-3.2.4\webapps\cocoon\exslt\math\functions\random\math.random.use-cases.zip --> ftp.exslt.org /www.exslt.org/public_html/math/functions/random math.random.use-cases.zip
102.12.03 11:12 B C:\jakarta-tomcat-3.2.4\webapps\cocoon\exslt\math\functions\random\math.random.xml --> ftp.exslt.org /www.exslt.org/public_html/math/functions/random math.random.xml
102.12.03 11:12 B C:\jakarta-tomcat-3.2.4\webapps\cocoon\exslt\math\functions\random\math.random.xsl --> ftp.exslt.org /www.exslt.org/public_html/math/functions/random math.random.xsl
102.12.03 11:12 B C:\jakarta-tomcat-3.2.4\webapps\cocoon\exslt\math\functions\random\math.random.zip --> ftp.exslt.org /www.exslt.org/public_html/math/functions/random math.random.zip
102.12.03 11:12 B C:\jakarta-tomcat-3.2.4\webapps\cocoon\exslt\math\functions\random\refresh.bat --> ftp.exslt.org /www.exslt.org/public_html/math/functions/random refresh.bat
102.12.03 11:12 B C:\jakarta-tomcat-3.2.4\webapps\cocoon\exslt\math\functions\random\update.bat --> ftp.exslt.org /www.exslt.org/public_html/math/functions/random update.bat
102.12.03 11:12 B C:\jakarta-tomcat-3.2.4\webapps\cocoon\exslt\math\functions\random\WS_FTP.LOG --> ftp.exslt.org /www.exslt.org/public_html/math/functions/random WS_FTP.LOG
102.12.11 11:06 B C:\jakarta-tomcat-3.2.4\webapps\cocoon\exslt\math\functions\random\base.css --> ftp.exslt.org /www.exslt.org/public_html/math/functions/random base.css
102.12.11 11:06 B C:\jakarta-tomcat-3.2.4\webapps\cocoon\exslt\math\functions\random\index.html --> ftp.exslt.org /www.exslt.org/public_html/math/functions/random index.html
102.12.11 11:06 B C:\jakarta-tomcat-3.2.4\webapps\cocoon\exslt\math\functions\random\math.random.1.html --> ftp.exslt.org /www.exslt.org/public_html/math/functions/random math.random.1.html
102.12.11 11:06 B C:\jakarta-tomcat-3.2.4\webapps\cocoon\exslt\math\functions\random\math.random.1.xml --> ftp.exslt.org /www.exslt.org/public_html/math/functions/random math.random.1.xml
102.12.11 11:06 B C:\jakarta-tomcat-3.2.4\webapps\cocoon\exslt\math\functions\random\math.random.1.xsl --> ftp.exslt.org /www.exslt.org/public_html/math/functions/random math.random.1.xsl
102.12.11 11:06 B C:\jakarta-tomcat-3.2.4\webapps\cocoon\exslt\math\functions\random\math.random.html --> ftp.exslt.org /www.exslt.org/public_html/math/functions/random math.random.html
102.12.11 11:06 B C:\jakarta-tomcat-3.2.4\webapps\cocoon\exslt\math\functions\random\math.random.js --> ftp.exslt.org /www.exslt.org/public_html/math/functions/random math.random.js
102.12.11 11:06 B C:\jakarta-tomcat-3.2.4\webapps\cocoon\exslt\math\functions\random\math.random.js.html --> ftp.exslt.org /www.exslt.org/public_html/math/functions/random math.random.js.html
102.12.11 11:06 B C:\jakarta-tomcat-3.2.4\webapps\cocoon\exslt\math\functions\random\math.random.msxsl.xsl --> ftp.exslt.org /www.exslt.org/public_html/math/functions/random math.random.msxsl.xsl
102.12.11 11:06 B C:\jakarta-tomcat-3.2.4\webapps\cocoon\exslt\math\functions\random\math.random.msxsl.xsl.html --> ftp.exslt.org /www.exslt.org/public_html/math/functions/random math.random.msxsl.xsl.html
102.12.11 11:06 B C:\jakarta-tomcat-3.2.4\webapps\cocoon\exslt\math\functions\random\math.random.package.txt --> ftp.exslt.org /www.exslt.org/public_html/math/functions/random math.random.package.txt
102.12.11 11:06 B C:\jakarta-tomcat-3.2.4\webapps\cocoon\exslt\math\functions\random\math.random.use-cases.txt --> ftp.exslt.org /www.exslt.org/public_html/math/functions/random math.random.use-cases.txt
102.12.11 11:06 B C:\jakarta-tomcat-3.2.4\webapps\cocoon\exslt\math\functions\random\math.random.use-cases.zip --> ftp.exslt.org /www.exslt.org/public_html/math/functions/random math.random.use-cases.zip
102.12.11 11:06 B C:\jakarta-tomcat-3.2.4\webapps\cocoon\exslt\math\functions\random\math.random.xml --> ftp.exslt.org /www.exslt.org/public_html/math/functions/random math.random.xml
102.12.11 11:06 B C:\jakarta-tomcat-3.2.4\webapps\cocoon\exslt\math\functions\random\math.random.xsl --> ftp.exslt.org /www.exslt.org/public_html/math/functions/random math.random.xsl
102.12.11 11:06 B C:\jakarta-tomcat-3.2.4\webapps\cocoon\exslt\math\functions\random\math.random.zip --> ftp.exslt.org /www.exslt.org/public_html/math/functions/random math.random.zip
102.12.11 11:06 B C:\jakarta-tomcat-3.2.4\webapps\cocoon\exslt\math\functions\random\refresh.bat --> ftp.exslt.org /www.exslt.org/public_html/math/functions/random refresh.bat
102.12.11 11:06 B C:\jakarta-tomcat-3.2.4\webapps\cocoon\exslt\math\functions\random\update.bat --> ftp.exslt.org /www.exslt.org/public_html/math/functions/random update.bat
103.03.03 16:49 B C:\jakarta-tomcat-3.2.4\webapps\cocoon\exslt\math\functions\random\WS_FTP.LOG <-- ftp.exslt.org /www.exslt.org/public_html/math/functions/random WS_FTP.LOG
103.03.03 17:12 B C:\jakarta-tomcat-3.2.4\webapps\cocoon\exslt\math\functions\random\base.css --> ftp.exslt.org /www.exslt.org/public_html/math/functions/random base.css
103.03.03 17:12 B C:\jakarta-tomcat-3.2.4\webapps\cocoon\exslt\math\functions\random\index.html --> ftp.exslt.org /www.exslt.org/public_html/math/functions/random index.html
103.03.03 17:12 B C:\jakarta-tomcat-3.2.4\webapps\cocoon\exslt\math\functions\random\math.random.1.html --> ftp.exslt.org /www.exslt.org/public_html/math/functions/random math.random.1.html
103.03.03 17:12 B C:\jakarta-tomcat-3.2.4\webapps\cocoon\exslt\math\functions\random\math.random.1.xml --> ftp.exslt.org /www.exslt.org/public_html/math/functions/random math.random.1.xml
103.03.03 17:12 B C:\jakarta-tomcat-3.2.4\webapps\cocoon\exslt\math\functions\random\math.random.1.xsl --> ftp.exslt.org /www.exslt.org/public_html/math/functions/random math.random.1.xsl
103.03.03 17:12 B C:\jakarta-tomcat-3.2.4\webapps\cocoon\exslt\math\functions\random\math.random.html --> ftp.exslt.org /www.exslt.org/public_html/math/functions/random math.random.html
103.03.03 17:12 B C:\jakarta-tomcat-3.2.4\webapps\cocoon\exslt\math\functions\random\math.random.js --> ftp.exslt.org /www.exslt.org/public_html/math/functions/random math.random.js
103.03.03 17:12 B C:\jakarta-tomcat-3.2.4\webapps\cocoon\exslt\math\functions\random\math.random.js.html --> ftp.exslt.org /www.exslt.org/public_html/math/functions/random math.random.js.html
103.03.03 17:12 B C:\jakarta-tomcat-3.2.4\webapps\cocoon\exslt\math\functions\random\math.random.msxsl.xsl --> ftp.exslt.org /www.exslt.org/public_html/math/functions/random math.random.msxsl.xsl
103.03.03 17:12 B C:\jakarta-tomcat-3.2.4\webapps\cocoon\exslt\math\functions\random\math.random.msxsl.xsl.html --> ftp.exslt.org /www.exslt.org/public_html/math/functions/random math.random.msxsl.xsl.html
103.03.03 17:12 B C:\jakarta-tomcat-3.2.4\webapps\cocoon\exslt\math\functions\random\math.random.package.txt --> ftp.exslt.org /www.exslt.org/public_html/math/functions/random math.random.package.txt
103.03.03 17:12 B C:\jakarta-tomcat-3.2.4\webapps\cocoon\exslt\math\functions\random\math.random.use-cases.txt --> ftp.exslt.org /www.exslt.org/public_html/math/functions/random math.random.use-cases.txt
103.03.03 17:12 B C:\jakarta-tomcat-3.2.4\webapps\cocoon\exslt\math\functions\random\math.random.use-cases.zip --> ftp.exslt.org /www.exslt.org/public_html/math/functions/random math.random.use-cases.zip
103.03.03 17:12 B C:\jakarta-tomcat-3.2.4\webapps\cocoon\exslt\math\functions\random\math.random.xml --> ftp.exslt.org /www.exslt.org/public_html/math/functions/random math.random.xml
103.03.03 17:12 B C:\jakarta-tomcat-3.2.4\webapps\cocoon\exslt\math\functions\random\math.random.xsl --> ftp.exslt.org /www.exslt.org/public_html/math/functions/random math.random.xsl
103.03.03 17:12 B C:\jakarta-tomcat-3.2.4\webapps\cocoon\exslt\math\functions\random\math.random.zip --> ftp.exslt.org /www.exslt.org/public_html/math/functions/random math.random.zip
103.03.03 17:12 B C:\jakarta-tomcat-3.2.4\webapps\cocoon\exslt\math\functions\random\refresh.bat --> ftp.exslt.org /www.exslt.org/public_html/math/functions/random refresh.bat
103.03.03 17:12 B C:\jakarta-tomcat-3.2.4\webapps\cocoon\exslt\math\functions\random\update.bat --> ftp.exslt.org /www.exslt.org/public_html/math/functions/random update.bat
103.09.29 15:47 B C:\jakarta-tomcat-3.2.4\webapps\cocoon\exslt\math\functions\random\WS_FTP.LOG <-- ftp.exslt.org /www.exslt.org/public_html/math/functions/random WS_FTP.LOG
103.10.21 13:09 B C:\jakarta-tomcat-3.2.4\webapps\cocoon\exslt\math\functions\random\base.css --> marian.cs.nott.ac.uk /stud/pg/cds/exslt/math/functions/random base.css
103.10.21 13:09 B C:\jakarta-tomcat-3.2.4\webapps\cocoon\exslt\math\functions\random\index.html --> marian.cs.nott.ac.uk /stud/pg/cds/exslt/math/functions/random index.html
103.10.21 13:09 B C:\jakarta-tomcat-3.2.4\webapps\cocoon\exslt\math\functions\random\math.random.1.html --> marian.cs.nott.ac.uk /stud/pg/cds/exslt/math/functions/random math.random.1.html
103.10.21 13:09 B C:\jakarta-tomcat-3.2.4\webapps\cocoon\exslt\math\functions\random\math.random.1.xml --> marian.cs.nott.ac.uk /stud/pg/cds/exslt/math/functions/random math.random.1.xml
103.10.21 13:09 B C:\jakarta-tomcat-3.2.4\webapps\cocoon\exslt\math\functions\random\math.random.1.xsl --> marian.cs.nott.ac.uk /stud/pg/cds/exslt/math/functions/random math.random.1.xsl
103.10.21 13:09 B C:\jakarta-tomcat-3.2.4\webapps\cocoon\exslt\math\functions\random\math.random.html --> marian.cs.nott.ac.uk /stud/pg/cds/exslt/math/functions/random math.random.html
103.10.21 13:09 B C:\jakarta-tomcat-3.2.4\webapps\cocoon\exslt\math\functions\random\math.random.js --> marian.cs.nott.ac.uk /stud/pg/cds/exslt/math/functions/random math.random.js
103.10.21 13:09 B C:\jakarta-tomcat-3.2.4\webapps\cocoon\exslt\math\functions\random\math.random.js.html --> marian.cs.nott.ac.uk /stud/pg/cds/exslt/math/functions/random math.random.js.html
103.10.21 13:09 B C:\jakarta-tomcat-3.2.4\webapps\cocoon\exslt\math\functions\random\math.random.msxsl.xsl --> marian.cs.nott.ac.uk /stud/pg/cds/exslt/math/functions/random math.random.msxsl.xsl
103.10.21 13:09 B C:\jakarta-tomcat-3.2.4\webapps\cocoon\exslt\math\functions\random\math.random.msxsl.xsl.html --> marian.cs.nott.ac.uk /stud/pg/cds/exslt/math/functions/random math.random.msxsl.xsl.html
103.10.21 13:09 B C:\jakarta-tomcat-3.2.4\webapps\cocoon\exslt\math\functions\random\math.random.package.txt --> marian.cs.nott.ac.uk /stud/pg/cds/exslt/math/functions/random math.random.package.txt
103.10.21 13:09 B C:\jakarta-tomcat-3.2.4\webapps\cocoon\exslt\math\functions\random\math.random.use-cases.txt --> marian.cs.nott.ac.uk /stud/pg/cds/exslt/math/functions/random math.random.use-cases.txt
103.10.21 13:09 B C:\jakarta-tomcat-3.2.4\webapps\cocoon\exslt\math\functions\random\math.random.use-cases.zip --> marian.cs.nott.ac.uk /stud/pg/cds/exslt/math/functions/random math.random.use-cases.zip
103.10.21 13:09 B C:\jakarta-tomcat-3.2.4\webapps\cocoon\exslt\math\functions\random\math.random.xml --> marian.cs.nott.ac.uk /stud/pg/cds/exslt/math/functions/random math.random.xml
103.10.21 13:09 B C:\jakarta-tomcat-3.2.4\webapps\cocoon\exslt\math\functions\random\math.random.xsl --> marian.cs.nott.ac.uk /stud/pg/cds/exslt/math/functions/random math.random.xsl
103.10.21 13:09 B C:\jakarta-tomcat-3.2.4\webapps\cocoon\exslt\math\functions\random\math.random.zip --> marian.cs.nott.ac.uk /stud/pg/cds/exslt/math/functions/random math.random.zip
103.10.21 13:09 B C:\jakarta-tomcat-3.2.4\webapps\cocoon\exslt\math\functions\random\refresh.bat --> marian.cs.nott.ac.uk /stud/pg/cds/exslt/math/functions/random refresh.bat
103.10.21 13:09 B C:\jakarta-tomcat-3.2.4\webapps\cocoon\exslt\math\functions\random\update.bat --> marian.cs.nott.ac.uk /stud/pg/cds/exslt/math/functions/random update.bat
103.10.21 13:09 B C:\jakarta-tomcat-3.2.4\webapps\cocoon\exslt\math\functions\random\WS_FTP.LOG --> marian.cs.nott.ac.uk /stud/pg/cds/exslt/math/functions/random WS_FTP.LOG
103.10.23 16:45 B C:\jakarta-tomcat-3.2.4\webapps\cocoon\exslt\math\functions\random\base.css --> ftp.exslt.org /www.exslt.org/public_html/math/functions/random base.css
103.10.23 16:45 B C:\jakarta-tomcat-3.2.4\webapps\cocoon\exslt\math\functions\random\index.html --> ftp.exslt.org /www.exslt.org/public_html/math/functions/random index.html
103.10.23 16:45 B C:\jakarta-tomcat-3.2.4\webapps\cocoon\exslt\math\functions\random\math.random.1.html --> ftp.exslt.org /www.exslt.org/public_html/math/functions/random math.random.1.html
103.10.23 16:45 B C:\jakarta-tomcat-3.2.4\webapps\cocoon\exslt\math\functions\random\math.random.1.xml --> ftp.exslt.org /www.exslt.org/public_html/math/functions/random math.random.1.xml
103.10.23 16:45 B C:\jakarta-tomcat-3.2.4\webapps\cocoon\exslt\math\functions\random\math.random.1.xsl --> ftp.exslt.org /www.exslt.org/public_html/math/functions/random math.random.1.xsl
103.10.23 16:45 B C:\jakarta-tomcat-3.2.4\webapps\cocoon\exslt\math\functions\random\math.random.html --> ftp.exslt.org /www.exslt.org/public_html/math/functions/random math.random.html
103.10.23 16:45 B C:\jakarta-tomcat-3.2.4\webapps\cocoon\exslt\math\functions\random\math.random.js --> ftp.exslt.org /www.exslt.org/public_html/math/functions/random math.random.js
103.10.23 16:45 B C:\jakarta-tomcat-3.2.4\webapps\cocoon\exslt\math\functions\random\math.random.js.html --> ftp.exslt.org /www.exslt.org/public_html/math/functions/random math.random.js.html
103.10.23 16:45 B C:\jakarta-tomcat-3.2.4\webapps\cocoon\exslt\math\functions\random\math.random.msxsl.xsl --> ftp.exslt.org /www.exslt.org/public_html/math/functions/random math.random.msxsl.xsl
103.10.23 16:45 B C:\jakarta-tomcat-3.2.4\webapps\cocoon\exslt\math\functions\random\math.random.msxsl.xsl.html --> ftp.exslt.org /www.exslt.org/public_html/math/functions/random math.random.msxsl.xsl.html
103.10.23 16:45 B C:\jakarta-tomcat-3.2.4\webapps\cocoon\exslt\math\functions\random\math.random.package.txt --> ftp.exslt.org /www.exslt.org/public_html/math/functions/random math.random.package.txt
103.10.23 16:45 B C:\jakarta-tomcat-3.2.4\webapps\cocoon\exslt\math\functions\random\math.random.use-cases.txt --> ftp.exslt.org /www.exslt.org/public_html/math/functions/random math.random.use-cases.txt
103.10.23 16:46 B C:\jakarta-tomcat-3.2.4\webapps\cocoon\exslt\math\functions\random\math.random.use-cases.zip --> ftp.exslt.org /www.exslt.org/public_html/math/functions/random math.random.use-cases.zip
103.10.23 16:46 B C:\jakarta-tomcat-3.2.4\webapps\cocoon\exslt\math\functions\random\math.random.xml --> ftp.exslt.org /www.exslt.org/public_html/math/functions/random math.random.xml
103.10.23 16:46 B C:\jakarta-tomcat-3.2.4\webapps\cocoon\exslt\math\functions\random\math.random.xsl --> ftp.exslt.org /www.exslt.org/public_html/math/functions/random math.random.xsl
103.10.23 16:46 B C:\jakarta-tomcat-3.2.4\webapps\cocoon\exslt\math\functions\random\math.random.zip --> ftp.exslt.org /www.exslt.org/public_html/math/functions/random math.random.zip
103.10.23 16:46 B C:\jakarta-tomcat-3.2.4\webapps\cocoon\exslt\math\functions\random\refresh.bat --> ftp.exslt.org /www.exslt.org/public_html/math/functions/random refresh.bat
103.10.23 16:46 B C:\jakarta-tomcat-3.2.4\webapps\cocoon\exslt\math\functions\random\update.bat --> ftp.exslt.org /www.exslt.org/public_html/math/functions/random update.bat
