102.08.21 17:33 B C:\jakarta-tomcat-3.2.4\webapps\cocoon\exslt\math\functions\tan\base.css --> ftp.exslt.org /www.exslt.org/public_html/math/functions/tan base.css
102.08.21 17:33 B C:\jakarta-tomcat-3.2.4\webapps\cocoon\exslt\math\functions\tan\index.html --> ftp.exslt.org /www.exslt.org/public_html/math/functions/tan index.html
102.08.21 17:33 B C:\jakarta-tomcat-3.2.4\webapps\cocoon\exslt\math\functions\tan\math.tan.1.html --> ftp.exslt.org /www.exslt.org/public_html/math/functions/tan math.tan.1.html
102.08.21 17:33 B C:\jakarta-tomcat-3.2.4\webapps\cocoon\exslt\math\functions\tan\math.tan.html --> ftp.exslt.org /www.exslt.org/public_html/math/functions/tan math.tan.html
102.08.21 17:33 B C:\jakarta-tomcat-3.2.4\webapps\cocoon\exslt\math\functions\tan\math.tan.js --> ftp.exslt.org /www.exslt.org/public_html/math/functions/tan math.tan.js
102.08.21 17:33 B C:\jakarta-tomcat-3.2.4\webapps\cocoon\exslt\math\functions\tan\math.tan.js.html --> ftp.exslt.org /www.exslt.org/public_html/math/functions/tan math.tan.js.html
102.08.21 17:33 B C:\jakarta-tomcat-3.2.4\webapps\cocoon\exslt\math\functions\tan\math.tan.msxsl.xsl --> ftp.exslt.org /www.exslt.org/public_html/math/functions/tan math.tan.msxsl.xsl
102.08.21 17:33 B C:\jakarta-tomcat-3.2.4\webapps\cocoon\exslt\math\functions\tan\math.tan.msxsl.xsl.html --> ftp.exslt.org /www.exslt.org/public_html/math/functions/tan math.tan.msxsl.xsl.html
102.08.21 17:33 B C:\jakarta-tomcat-3.2.4\webapps\cocoon\exslt\math\functions\tan\math.tan.package.txt --> ftp.exslt.org /www.exslt.org/public_html/math/functions/tan math.tan.package.txt
102.08.21 17:33 B C:\jakarta-tomcat-3.2.4\webapps\cocoon\exslt\math\functions\tan\math.tan.use-cases.txt --> ftp.exslt.org /www.exslt.org/public_html/math/functions/tan math.tan.use-cases.txt
102.08.21 17:33 B C:\jakarta-tomcat-3.2.4\webapps\cocoon\exslt\math\functions\tan\math.tan.use-cases.zip --> ftp.exslt.org /www.exslt.org/public_html/math/functions/tan math.tan.use-cases.zip
102.08.21 17:33 B C:\jakarta-tomcat-3.2.4\webapps\cocoon\exslt\math\functions\tan\math.tan.xml --> ftp.exslt.org /www.exslt.org/public_html/math/functions/tan math.tan.xml
102.08.21 17:33 B C:\jakarta-tomcat-3.2.4\webapps\cocoon\exslt\math\functions\tan\math.tan.xsl --> ftp.exslt.org /www.exslt.org/public_html/math/functions/tan math.tan.xsl
102.08.21 17:33 B C:\jakarta-tomcat-3.2.4\webapps\cocoon\exslt\math\functions\tan\math.tan.zip --> ftp.exslt.org /www.exslt.org/public_html/math/functions/tan math.tan.zip
102.08.21 17:33 B C:\jakarta-tomcat-3.2.4\webapps\cocoon\exslt\math\functions\tan\refresh.bat --> ftp.exslt.org /www.exslt.org/public_html/math/functions/tan refresh.bat
102.08.21 17:33 B C:\jakarta-tomcat-3.2.4\webapps\cocoon\exslt\math\functions\tan\update.bat --> ftp.exslt.org /www.exslt.org/public_html/math/functions/tan update.bat
102.11.19 13:27 B C:\jakarta-tomcat-3.2.4\webapps\cocoon\exslt\math\functions\tan\base.css --> ftp.exslt.org /www.exslt.org/public_html/math/functions/tan base.css
102.11.19 13:27 B C:\jakarta-tomcat-3.2.4\webapps\cocoon\exslt\math\functions\tan\index.html --> ftp.exslt.org /www.exslt.org/public_html/math/functions/tan index.html
102.11.19 13:27 B C:\jakarta-tomcat-3.2.4\webapps\cocoon\exslt\math\functions\tan\math.tan.1.html --> ftp.exslt.org /www.exslt.org/public_html/math/functions/tan math.tan.1.html
102.11.19 13:27 B C:\jakarta-tomcat-3.2.4\webapps\cocoon\exslt\math\functions\tan\math.tan.html --> ftp.exslt.org /www.exslt.org/public_html/math/functions/tan math.tan.html
102.11.19 13:27 B C:\jakarta-tomcat-3.2.4\webapps\cocoon\exslt\math\functions\tan\math.tan.js --> ftp.exslt.org /www.exslt.org/public_html/math/functions/tan math.tan.js
102.11.19 13:27 B C:\jakarta-tomcat-3.2.4\webapps\cocoon\exslt\math\functions\tan\math.tan.js.html --> ftp.exslt.org /www.exslt.org/public_html/math/functions/tan math.tan.js.html
102.11.19 13:27 B C:\jakarta-tomcat-3.2.4\webapps\cocoon\exslt\math\functions\tan\math.tan.msxsl.xsl --> ftp.exslt.org /www.exslt.org/public_html/math/functions/tan math.tan.msxsl.xsl
102.11.19 13:27 B C:\jakarta-tomcat-3.2.4\webapps\cocoon\exslt\math\functions\tan\math.tan.msxsl.xsl.html --> ftp.exslt.org /www.exslt.org/public_html/math/functions/tan math.tan.msxsl.xsl.html
102.11.19 13:27 B C:\jakarta-tomcat-3.2.4\webapps\cocoon\exslt\math\functions\tan\math.tan.package.txt --> ftp.exslt.org /www.exslt.org/public_html/math/functions/tan math.tan.package.txt
102.11.19 13:27 B C:\jakarta-tomcat-3.2.4\webapps\cocoon\exslt\math\functions\tan\math.tan.use-cases.txt --> ftp.exslt.org /www.exslt.org/public_html/math/functions/tan math.tan.use-cases.txt
102.11.19 13:27 B C:\jakarta-tomcat-3.2.4\webapps\cocoon\exslt\math\functions\tan\math.tan.use-cases.zip --> ftp.exslt.org /www.exslt.org/public_html/math/functions/tan math.tan.use-cases.zip
102.11.19 13:27 B C:\jakarta-tomcat-3.2.4\webapps\cocoon\exslt\math\functions\tan\math.tan.xml --> ftp.exslt.org /www.exslt.org/public_html/math/functions/tan math.tan.xml
102.11.19 13:27 B C:\jakarta-tomcat-3.2.4\webapps\cocoon\exslt\math\functions\tan\math.tan.xsl --> ftp.exslt.org /www.exslt.org/public_html/math/functions/tan math.tan.xsl
102.11.19 13:27 B C:\jakarta-tomcat-3.2.4\webapps\cocoon\exslt\math\functions\tan\math.tan.zip --> ftp.exslt.org /www.exslt.org/public_html/math/functions/tan math.tan.zip
102.11.19 13:27 B C:\jakarta-tomcat-3.2.4\webapps\cocoon\exslt\math\functions\tan\refresh.bat --> ftp.exslt.org /www.exslt.org/public_html/math/functions/tan refresh.bat
102.11.19 13:27 B C:\jakarta-tomcat-3.2.4\webapps\cocoon\exslt\math\functions\tan\update.bat --> ftp.exslt.org /www.exslt.org/public_html/math/functions/tan update.bat
102.12.02 12:32 B C:\jakarta-tomcat-3.2.4\webapps\cocoon\exslt\public_html\math\functions\tan\WS_FTP.LOG <-- ftp.exslt.org /www.exslt.org/public_html/math/functions/tan WS_FTP.LOG
102.12.03 11:12 B C:\jakarta-tomcat-3.2.4\webapps\cocoon\exslt\math\functions\tan\base.css --> ftp.exslt.org /www.exslt.org/public_html/math/functions/tan base.css
102.12.03 11:12 B C:\jakarta-tomcat-3.2.4\webapps\cocoon\exslt\math\functions\tan\index.html --> ftp.exslt.org /www.exslt.org/public_html/math/functions/tan index.html
102.12.03 11:12 B C:\jakarta-tomcat-3.2.4\webapps\cocoon\exslt\math\functions\tan\math.tan.1.html --> ftp.exslt.org /www.exslt.org/public_html/math/functions/tan math.tan.1.html
102.12.03 11:12 B C:\jakarta-tomcat-3.2.4\webapps\cocoon\exslt\math\functions\tan\math.tan.1.xml --> ftp.exslt.org /www.exslt.org/public_html/math/functions/tan math.tan.1.xml
102.12.03 11:12 B C:\jakarta-tomcat-3.2.4\webapps\cocoon\exslt\math\functions\tan\math.tan.1.xsl --> ftp.exslt.org /www.exslt.org/public_html/math/functions/tan math.tan.1.xsl
102.12.03 11:12 B C:\jakarta-tomcat-3.2.4\webapps\cocoon\exslt\math\functions\tan\math.tan.html --> ftp.exslt.org /www.exslt.org/public_html/math/functions/tan math.tan.html
102.12.03 11:12 B C:\jakarta-tomcat-3.2.4\webapps\cocoon\exslt\math\functions\tan\math.tan.js --> ftp.exslt.org /www.exslt.org/public_html/math/functions/tan math.tan.js
102.12.03 11:12 B C:\jakarta-tomcat-3.2.4\webapps\cocoon\exslt\math\functions\tan\math.tan.js.html --> ftp.exslt.org /www.exslt.org/public_html/math/functions/tan math.tan.js.html
102.12.03 11:12 B C:\jakarta-tomcat-3.2.4\webapps\cocoon\exslt\math\functions\tan\math.tan.msxsl.xsl --> ftp.exslt.org /www.exslt.org/public_html/math/functions/tan math.tan.msxsl.xsl
102.12.03 11:12 B C:\jakarta-tomcat-3.2.4\webapps\cocoon\exslt\math\functions\tan\math.tan.msxsl.xsl.html --> ftp.exslt.org /www.exslt.org/public_html/math/functions/tan math.tan.msxsl.xsl.html
102.12.03 11:12 B C:\jakarta-tomcat-3.2.4\webapps\cocoon\exslt\math\functions\tan\math.tan.package.txt --> ftp.exslt.org /www.exslt.org/public_html/math/functions/tan math.tan.package.txt
102.12.03 11:12 B C:\jakarta-tomcat-3.2.4\webapps\cocoon\exslt\math\functions\tan\math.tan.use-cases.txt --> ftp.exslt.org /www.exslt.org/public_html/math/functions/tan math.tan.use-cases.txt
102.12.03 11:12 B C:\jakarta-tomcat-3.2.4\webapps\cocoon\exslt\math\functions\tan\math.tan.use-cases.zip --> ftp.exslt.org /www.exslt.org/public_html/math/functions/tan math.tan.use-cases.zip
102.12.03 11:12 B C:\jakarta-tomcat-3.2.4\webapps\cocoon\exslt\math\functions\tan\math.tan.xml --> ftp.exslt.org /www.exslt.org/public_html/math/functions/tan math.tan.xml
102.12.03 11:12 B C:\jakarta-tomcat-3.2.4\webapps\cocoon\exslt\math\functions\tan\math.tan.xsl --> ftp.exslt.org /www.exslt.org/public_html/math/functions/tan math.tan.xsl
102.12.03 11:12 B C:\jakarta-tomcat-3.2.4\webapps\cocoon\exslt\math\functions\tan\math.tan.zip --> ftp.exslt.org /www.exslt.org/public_html/math/functions/tan math.tan.zip
102.12.03 11:12 B C:\jakarta-tomcat-3.2.4\webapps\cocoon\exslt\math\functions\tan\refresh.bat --> ftp.exslt.org /www.exslt.org/public_html/math/functions/tan refresh.bat
102.12.03 11:12 B C:\jakarta-tomcat-3.2.4\webapps\cocoon\exslt\math\functions\tan\update.bat --> ftp.exslt.org /www.exslt.org/public_html/math/functions/tan update.bat
102.12.03 11:12 B C:\jakarta-tomcat-3.2.4\webapps\cocoon\exslt\math\functions\tan\WS_FTP.LOG --> ftp.exslt.org /www.exslt.org/public_html/math/functions/tan WS_FTP.LOG
102.12.11 11:06 B C:\jakarta-tomcat-3.2.4\webapps\cocoon\exslt\math\functions\tan\base.css --> ftp.exslt.org /www.exslt.org/public_html/math/functions/tan base.css
102.12.11 11:06 B C:\jakarta-tomcat-3.2.4\webapps\cocoon\exslt\math\functions\tan\index.html --> ftp.exslt.org /www.exslt.org/public_html/math/functions/tan index.html
102.12.11 11:06 B C:\jakarta-tomcat-3.2.4\webapps\cocoon\exslt\math\functions\tan\math.tan.1.html --> ftp.exslt.org /www.exslt.org/public_html/math/functions/tan math.tan.1.html
102.12.11 11:06 B C:\jakarta-tomcat-3.2.4\webapps\cocoon\exslt\math\functions\tan\math.tan.1.xml --> ftp.exslt.org /www.exslt.org/public_html/math/functions/tan math.tan.1.xml
102.12.11 11:06 B C:\jakarta-tomcat-3.2.4\webapps\cocoon\exslt\math\functions\tan\math.tan.1.xsl --> ftp.exslt.org /www.exslt.org/public_html/math/functions/tan math.tan.1.xsl
102.12.11 11:06 B C:\jakarta-tomcat-3.2.4\webapps\cocoon\exslt\math\functions\tan\math.tan.html --> ftp.exslt.org /www.exslt.org/public_html/math/functions/tan math.tan.html
102.12.11 11:06 B C:\jakarta-tomcat-3.2.4\webapps\cocoon\exslt\math\functions\tan\math.tan.js --> ftp.exslt.org /www.exslt.org/public_html/math/functions/tan math.tan.js
102.12.11 11:06 B C:\jakarta-tomcat-3.2.4\webapps\cocoon\exslt\math\functions\tan\math.tan.js.html --> ftp.exslt.org /www.exslt.org/public_html/math/functions/tan math.tan.js.html
102.12.11 11:06 B C:\jakarta-tomcat-3.2.4\webapps\cocoon\exslt\math\functions\tan\math.tan.msxsl.xsl --> ftp.exslt.org /www.exslt.org/public_html/math/functions/tan math.tan.msxsl.xsl
102.12.11 11:06 B C:\jakarta-tomcat-3.2.4\webapps\cocoon\exslt\math\functions\tan\math.tan.msxsl.xsl.html --> ftp.exslt.org /www.exslt.org/public_html/math/functions/tan math.tan.msxsl.xsl.html
102.12.11 11:06 B C:\jakarta-tomcat-3.2.4\webapps\cocoon\exslt\math\functions\tan\math.tan.package.txt --> ftp.exslt.org /www.exslt.org/public_html/math/functions/tan math.tan.package.txt
102.12.11 11:06 B C:\jakarta-tomcat-3.2.4\webapps\cocoon\exslt\math\functions\tan\math.tan.use-cases.txt --> ftp.exslt.org /www.exslt.org/public_html/math/functions/tan math.tan.use-cases.txt
102.12.11 11:06 B C:\jakarta-tomcat-3.2.4\webapps\cocoon\exslt\math\functions\tan\math.tan.use-cases.zip --> ftp.exslt.org /www.exslt.org/public_html/math/functions/tan math.tan.use-cases.zip
102.12.11 11:06 B C:\jakarta-tomcat-3.2.4\webapps\cocoon\exslt\math\functions\tan\math.tan.xml --> ftp.exslt.org /www.exslt.org/public_html/math/functions/tan math.tan.xml
102.12.11 11:06 B C:\jakarta-tomcat-3.2.4\webapps\cocoon\exslt\math\functions\tan\math.tan.xsl --> ftp.exslt.org /www.exslt.org/public_html/math/functions/tan math.tan.xsl
102.12.11 11:06 B C:\jakarta-tomcat-3.2.4\webapps\cocoon\exslt\math\functions\tan\math.tan.zip --> ftp.exslt.org /www.exslt.org/public_html/math/functions/tan math.tan.zip
102.12.11 11:06 B C:\jakarta-tomcat-3.2.4\webapps\cocoon\exslt\math\functions\tan\refresh.bat --> ftp.exslt.org /www.exslt.org/public_html/math/functions/tan refresh.bat
102.12.11 11:06 B C:\jakarta-tomcat-3.2.4\webapps\cocoon\exslt\math\functions\tan\update.bat --> ftp.exslt.org /www.exslt.org/public_html/math/functions/tan update.bat
103.03.03 16:49 B C:\jakarta-tomcat-3.2.4\webapps\cocoon\exslt\math\functions\tan\WS_FTP.LOG <-- ftp.exslt.org /www.exslt.org/public_html/math/functions/tan WS_FTP.LOG
103.03.03 17:12 B C:\jakarta-tomcat-3.2.4\webapps\cocoon\exslt\math\functions\tan\base.css --> ftp.exslt.org /www.exslt.org/public_html/math/functions/tan base.css
103.03.03 17:12 B C:\jakarta-tomcat-3.2.4\webapps\cocoon\exslt\math\functions\tan\index.html --> ftp.exslt.org /www.exslt.org/public_html/math/functions/tan index.html
103.03.03 17:12 B C:\jakarta-tomcat-3.2.4\webapps\cocoon\exslt\math\functions\tan\math.tan.1.html --> ftp.exslt.org /www.exslt.org/public_html/math/functions/tan math.tan.1.html
103.03.03 17:12 B C:\jakarta-tomcat-3.2.4\webapps\cocoon\exslt\math\functions\tan\math.tan.1.xml --> ftp.exslt.org /www.exslt.org/public_html/math/functions/tan math.tan.1.xml
103.03.03 17:12 B C:\jakarta-tomcat-3.2.4\webapps\cocoon\exslt\math\functions\tan\math.tan.1.xsl --> ftp.exslt.org /www.exslt.org/public_html/math/functions/tan math.tan.1.xsl
103.03.03 17:12 B C:\jakarta-tomcat-3.2.4\webapps\cocoon\exslt\math\functions\tan\math.tan.html --> ftp.exslt.org /www.exslt.org/public_html/math/functions/tan math.tan.html
103.03.03 17:12 B C:\jakarta-tomcat-3.2.4\webapps\cocoon\exslt\math\functions\tan\math.tan.js --> ftp.exslt.org /www.exslt.org/public_html/math/functions/tan math.tan.js
103.03.03 17:12 B C:\jakarta-tomcat-3.2.4\webapps\cocoon\exslt\math\functions\tan\math.tan.js.html --> ftp.exslt.org /www.exslt.org/public_html/math/functions/tan math.tan.js.html
103.03.03 17:12 B C:\jakarta-tomcat-3.2.4\webapps\cocoon\exslt\math\functions\tan\math.tan.msxsl.xsl --> ftp.exslt.org /www.exslt.org/public_html/math/functions/tan math.tan.msxsl.xsl
103.03.03 17:12 B C:\jakarta-tomcat-3.2.4\webapps\cocoon\exslt\math\functions\tan\math.tan.msxsl.xsl.html --> ftp.exslt.org /www.exslt.org/public_html/math/functions/tan math.tan.msxsl.xsl.html
103.03.03 17:12 B C:\jakarta-tomcat-3.2.4\webapps\cocoon\exslt\math\functions\tan\math.tan.package.txt --> ftp.exslt.org /www.exslt.org/public_html/math/functions/tan math.tan.package.txt
103.03.03 17:12 B C:\jakarta-tomcat-3.2.4\webapps\cocoon\exslt\math\functions\tan\math.tan.use-cases.txt --> ftp.exslt.org /www.exslt.org/public_html/math/functions/tan math.tan.use-cases.txt
103.03.03 17:12 B C:\jakarta-tomcat-3.2.4\webapps\cocoon\exslt\math\functions\tan\math.tan.use-cases.zip --> ftp.exslt.org /www.exslt.org/public_html/math/functions/tan math.tan.use-cases.zip
103.03.03 17:12 B C:\jakarta-tomcat-3.2.4\webapps\cocoon\exslt\math\functions\tan\math.tan.xml --> ftp.exslt.org /www.exslt.org/public_html/math/functions/tan math.tan.xml
103.03.03 17:12 B C:\jakarta-tomcat-3.2.4\webapps\cocoon\exslt\math\functions\tan\math.tan.xsl --> ftp.exslt.org /www.exslt.org/public_html/math/functions/tan math.tan.xsl
103.03.03 17:12 B C:\jakarta-tomcat-3.2.4\webapps\cocoon\exslt\math\functions\tan\math.tan.zip --> ftp.exslt.org /www.exslt.org/public_html/math/functions/tan math.tan.zip
103.03.03 17:12 B C:\jakarta-tomcat-3.2.4\webapps\cocoon\exslt\math\functions\tan\refresh.bat --> ftp.exslt.org /www.exslt.org/public_html/math/functions/tan refresh.bat
103.03.03 17:12 B C:\jakarta-tomcat-3.2.4\webapps\cocoon\exslt\math\functions\tan\update.bat --> ftp.exslt.org /www.exslt.org/public_html/math/functions/tan update.bat
103.09.29 15:48 B C:\jakarta-tomcat-3.2.4\webapps\cocoon\exslt\math\functions\tan\WS_FTP.LOG <-- ftp.exslt.org /www.exslt.org/public_html/math/functions/tan WS_FTP.LOG
103.10.21 13:09 B C:\jakarta-tomcat-3.2.4\webapps\cocoon\exslt\math\functions\tan\base.css --> marian.cs.nott.ac.uk /stud/pg/cds/exslt/math/functions/tan base.css
103.10.21 13:09 B C:\jakarta-tomcat-3.2.4\webapps\cocoon\exslt\math\functions\tan\index.html --> marian.cs.nott.ac.uk /stud/pg/cds/exslt/math/functions/tan index.html
103.10.21 13:09 B C:\jakarta-tomcat-3.2.4\webapps\cocoon\exslt\math\functions\tan\math.tan.1.html --> marian.cs.nott.ac.uk /stud/pg/cds/exslt/math/functions/tan math.tan.1.html
103.10.21 13:09 B C:\jakarta-tomcat-3.2.4\webapps\cocoon\exslt\math\functions\tan\math.tan.1.xml --> marian.cs.nott.ac.uk /stud/pg/cds/exslt/math/functions/tan math.tan.1.xml
103.10.21 13:09 B C:\jakarta-tomcat-3.2.4\webapps\cocoon\exslt\math\functions\tan\math.tan.1.xsl --> marian.cs.nott.ac.uk /stud/pg/cds/exslt/math/functions/tan math.tan.1.xsl
103.10.21 13:09 B C:\jakarta-tomcat-3.2.4\webapps\cocoon\exslt\math\functions\tan\math.tan.html --> marian.cs.nott.ac.uk /stud/pg/cds/exslt/math/functions/tan math.tan.html
103.10.21 13:09 B C:\jakarta-tomcat-3.2.4\webapps\cocoon\exslt\math\functions\tan\math.tan.js --> marian.cs.nott.ac.uk /stud/pg/cds/exslt/math/functions/tan math.tan.js
103.10.21 13:09 B C:\jakarta-tomcat-3.2.4\webapps\cocoon\exslt\math\functions\tan\math.tan.js.html --> marian.cs.nott.ac.uk /stud/pg/cds/exslt/math/functions/tan math.tan.js.html
103.10.21 13:09 B C:\jakarta-tomcat-3.2.4\webapps\cocoon\exslt\math\functions\tan\math.tan.msxsl.xsl --> marian.cs.nott.ac.uk /stud/pg/cds/exslt/math/functions/tan math.tan.msxsl.xsl
103.10.21 13:09 B C:\jakarta-tomcat-3.2.4\webapps\cocoon\exslt\math\functions\tan\math.tan.msxsl.xsl.html --> marian.cs.nott.ac.uk /stud/pg/cds/exslt/math/functions/tan math.tan.msxsl.xsl.html
103.10.21 13:09 B C:\jakarta-tomcat-3.2.4\webapps\cocoon\exslt\math\functions\tan\math.tan.package.txt --> marian.cs.nott.ac.uk /stud/pg/cds/exslt/math/functions/tan math.tan.package.txt
103.10.21 13:09 B C:\jakarta-tomcat-3.2.4\webapps\cocoon\exslt\math\functions\tan\math.tan.use-cases.txt --> marian.cs.nott.ac.uk /stud/pg/cds/exslt/math/functions/tan math.tan.use-cases.txt
103.10.21 13:09 B C:\jakarta-tomcat-3.2.4\webapps\cocoon\exslt\math\functions\tan\math.tan.use-cases.zip --> marian.cs.nott.ac.uk /stud/pg/cds/exslt/math/functions/tan math.tan.use-cases.zip
103.10.21 13:09 B C:\jakarta-tomcat-3.2.4\webapps\cocoon\exslt\math\functions\tan\math.tan.xml --> marian.cs.nott.ac.uk /stud/pg/cds/exslt/math/functions/tan math.tan.xml
103.10.21 13:09 B C:\jakarta-tomcat-3.2.4\webapps\cocoon\exslt\math\functions\tan\math.tan.xsl --> marian.cs.nott.ac.uk /stud/pg/cds/exslt/math/functions/tan math.tan.xsl
103.10.21 13:09 B C:\jakarta-tomcat-3.2.4\webapps\cocoon\exslt\math\functions\tan\math.tan.zip --> marian.cs.nott.ac.uk /stud/pg/cds/exslt/math/functions/tan math.tan.zip
103.10.21 13:09 B C:\jakarta-tomcat-3.2.4\webapps\cocoon\exslt\math\functions\tan\refresh.bat --> marian.cs.nott.ac.uk /stud/pg/cds/exslt/math/functions/tan refresh.bat
103.10.21 13:09 B C:\jakarta-tomcat-3.2.4\webapps\cocoon\exslt\math\functions\tan\update.bat --> marian.cs.nott.ac.uk /stud/pg/cds/exslt/math/functions/tan update.bat
103.10.21 13:09 B C:\jakarta-tomcat-3.2.4\webapps\cocoon\exslt\math\functions\tan\WS_FTP.LOG --> marian.cs.nott.ac.uk /stud/pg/cds/exslt/math/functions/tan WS_FTP.LOG
103.10.23 16:48 B C:\jakarta-tomcat-3.2.4\webapps\cocoon\exslt\math\functions\tan\base.css --> ftp.exslt.org /www.exslt.org/public_html/math/functions/tan base.css
103.10.23 16:48 B C:\jakarta-tomcat-3.2.4\webapps\cocoon\exslt\math\functions\tan\index.html --> ftp.exslt.org /www.exslt.org/public_html/math/functions/tan index.html
103.10.23 16:48 B C:\jakarta-tomcat-3.2.4\webapps\cocoon\exslt\math\functions\tan\math.tan.1.html --> ftp.exslt.org /www.exslt.org/public_html/math/functions/tan math.tan.1.html
103.10.23 16:48 B C:\jakarta-tomcat-3.2.4\webapps\cocoon\exslt\math\functions\tan\math.tan.1.xml --> ftp.exslt.org /www.exslt.org/public_html/math/functions/tan math.tan.1.xml
103.10.23 16:48 B C:\jakarta-tomcat-3.2.4\webapps\cocoon\exslt\math\functions\tan\math.tan.1.xsl --> ftp.exslt.org /www.exslt.org/public_html/math/functions/tan math.tan.1.xsl
103.10.23 16:48 B C:\jakarta-tomcat-3.2.4\webapps\cocoon\exslt\math\functions\tan\math.tan.html --> ftp.exslt.org /www.exslt.org/public_html/math/functions/tan math.tan.html
103.10.23 16:48 B C:\jakarta-tomcat-3.2.4\webapps\cocoon\exslt\math\functions\tan\math.tan.js --> ftp.exslt.org /www.exslt.org/public_html/math/functions/tan math.tan.js
103.10.23 16:48 B C:\jakarta-tomcat-3.2.4\webapps\cocoon\exslt\math\functions\tan\math.tan.js.html --> ftp.exslt.org /www.exslt.org/public_html/math/functions/tan math.tan.js.html
103.10.23 16:48 B C:\jakarta-tomcat-3.2.4\webapps\cocoon\exslt\math\functions\tan\math.tan.msxsl.xsl --> ftp.exslt.org /www.exslt.org/public_html/math/functions/tan math.tan.msxsl.xsl
103.10.23 16:48 B C:\jakarta-tomcat-3.2.4\webapps\cocoon\exslt\math\functions\tan\math.tan.msxsl.xsl.html --> ftp.exslt.org /www.exslt.org/public_html/math/functions/tan math.tan.msxsl.xsl.html
103.10.23 16:48 B C:\jakarta-tomcat-3.2.4\webapps\cocoon\exslt\math\functions\tan\math.tan.package.txt --> ftp.exslt.org /www.exslt.org/public_html/math/functions/tan math.tan.package.txt
103.10.23 16:48 B C:\jakarta-tomcat-3.2.4\webapps\cocoon\exslt\math\functions\tan\math.tan.use-cases.txt --> ftp.exslt.org /www.exslt.org/public_html/math/functions/tan math.tan.use-cases.txt
103.10.23 16:48 B C:\jakarta-tomcat-3.2.4\webapps\cocoon\exslt\math\functions\tan\math.tan.use-cases.zip --> ftp.exslt.org /www.exslt.org/public_html/math/functions/tan math.tan.use-cases.zip
103.10.23 16:49 B C:\jakarta-tomcat-3.2.4\webapps\cocoon\exslt\math\functions\tan\math.tan.xml --> ftp.exslt.org /www.exslt.org/public_html/math/functions/tan math.tan.xml
103.10.23 16:49 B C:\jakarta-tomcat-3.2.4\webapps\cocoon\exslt\math\functions\tan\math.tan.xsl --> ftp.exslt.org /www.exslt.org/public_html/math/functions/tan math.tan.xsl
103.10.23 16:49 B C:\jakarta-tomcat-3.2.4\webapps\cocoon\exslt\math\functions\tan\math.tan.zip --> ftp.exslt.org /www.exslt.org/public_html/math/functions/tan math.tan.zip
103.10.23 16:49 B C:\jakarta-tomcat-3.2.4\webapps\cocoon\exslt\math\functions\tan\refresh.bat --> ftp.exslt.org /www.exslt.org/public_html/math/functions/tan refresh.bat
103.10.23 16:49 B C:\jakarta-tomcat-3.2.4\webapps\cocoon\exslt\math\functions\tan\update.bat --> ftp.exslt.org /www.exslt.org/public_html/math/functions/tan update.bat
