102.08.21 17:31 B C:\jakarta-tomcat-3.2.4\webapps\cocoon\exslt\dyn\functions\max\base.css --> ftp.exslt.org /www.exslt.org/public_html/dyn/functions/max base.css
102.08.21 17:31 B C:\jakarta-tomcat-3.2.4\webapps\cocoon\exslt\dyn\functions\max\dyn.max.1.html --> ftp.exslt.org /www.exslt.org/public_html/dyn/functions/max dyn.max.1.html
102.08.21 17:31 B C:\jakarta-tomcat-3.2.4\webapps\cocoon\exslt\dyn\functions\max\dyn.max.html --> ftp.exslt.org /www.exslt.org/public_html/dyn/functions/max dyn.max.html
102.08.21 17:31 B C:\jakarta-tomcat-3.2.4\webapps\cocoon\exslt\dyn\functions\max\dyn.max.package.txt --> ftp.exslt.org /www.exslt.org/public_html/dyn/functions/max dyn.max.package.txt
102.08.21 17:31 B C:\jakarta-tomcat-3.2.4\webapps\cocoon\exslt\dyn\functions\max\dyn.max.use-cases.txt --> ftp.exslt.org /www.exslt.org/public_html/dyn/functions/max dyn.max.use-cases.txt
102.08.21 17:31 B C:\jakarta-tomcat-3.2.4\webapps\cocoon\exslt\dyn\functions\max\dyn.max.use-cases.zip --> ftp.exslt.org /www.exslt.org/public_html/dyn/functions/max dyn.max.use-cases.zip
102.08.21 17:31 B C:\jakarta-tomcat-3.2.4\webapps\cocoon\exslt\dyn\functions\max\dyn.max.xml --> ftp.exslt.org /www.exslt.org/public_html/dyn/functions/max dyn.max.xml
102.08.21 17:31 B C:\jakarta-tomcat-3.2.4\webapps\cocoon\exslt\dyn\functions\max\dyn.max.zip --> ftp.exslt.org /www.exslt.org/public_html/dyn/functions/max dyn.max.zip
102.08.21 17:31 B C:\jakarta-tomcat-3.2.4\webapps\cocoon\exslt\dyn\functions\max\index.html --> ftp.exslt.org /www.exslt.org/public_html/dyn/functions/max index.html
102.08.21 17:31 B C:\jakarta-tomcat-3.2.4\webapps\cocoon\exslt\dyn\functions\max\refresh.bat --> ftp.exslt.org /www.exslt.org/public_html/dyn/functions/max refresh.bat
102.08.21 17:31 B C:\jakarta-tomcat-3.2.4\webapps\cocoon\exslt\dyn\functions\max\update.bat --> ftp.exslt.org /www.exslt.org/public_html/dyn/functions/max update.bat
102.11.19 13:15 B C:\jakarta-tomcat-3.2.4\webapps\cocoon\exslt\dyn\functions\max\base.css --> ftp.exslt.org /www.exslt.org/public_html/dyn/functions/max base.css
102.11.19 13:15 B C:\jakarta-tomcat-3.2.4\webapps\cocoon\exslt\dyn\functions\max\dyn.max.1.html --> ftp.exslt.org /www.exslt.org/public_html/dyn/functions/max dyn.max.1.html
102.11.19 13:15 B C:\jakarta-tomcat-3.2.4\webapps\cocoon\exslt\dyn\functions\max\dyn.max.html --> ftp.exslt.org /www.exslt.org/public_html/dyn/functions/max dyn.max.html
102.11.19 13:15 B C:\jakarta-tomcat-3.2.4\webapps\cocoon\exslt\dyn\functions\max\dyn.max.package.txt --> ftp.exslt.org /www.exslt.org/public_html/dyn/functions/max dyn.max.package.txt
102.11.19 13:15 B C:\jakarta-tomcat-3.2.4\webapps\cocoon\exslt\dyn\functions\max\dyn.max.use-cases.txt --> ftp.exslt.org /www.exslt.org/public_html/dyn/functions/max dyn.max.use-cases.txt
102.11.19 13:15 B C:\jakarta-tomcat-3.2.4\webapps\cocoon\exslt\dyn\functions\max\dyn.max.use-cases.zip --> ftp.exslt.org /www.exslt.org/public_html/dyn/functions/max dyn.max.use-cases.zip
102.11.19 13:15 B C:\jakarta-tomcat-3.2.4\webapps\cocoon\exslt\dyn\functions\max\dyn.max.xml --> ftp.exslt.org /www.exslt.org/public_html/dyn/functions/max dyn.max.xml
102.11.19 13:15 B C:\jakarta-tomcat-3.2.4\webapps\cocoon\exslt\dyn\functions\max\dyn.max.zip --> ftp.exslt.org /www.exslt.org/public_html/dyn/functions/max dyn.max.zip
102.11.19 13:15 B C:\jakarta-tomcat-3.2.4\webapps\cocoon\exslt\dyn\functions\max\index.html --> ftp.exslt.org /www.exslt.org/public_html/dyn/functions/max index.html
102.11.19 13:15 B C:\jakarta-tomcat-3.2.4\webapps\cocoon\exslt\dyn\functions\max\refresh.bat --> ftp.exslt.org /www.exslt.org/public_html/dyn/functions/max refresh.bat
102.11.19 13:15 B C:\jakarta-tomcat-3.2.4\webapps\cocoon\exslt\dyn\functions\max\update.bat --> ftp.exslt.org /www.exslt.org/public_html/dyn/functions/max update.bat
102.11.19 13:15 B C:\jakarta-tomcat-3.2.4\webapps\cocoon\exslt\dyn\functions\max\WS_FTP.LOG --> ftp.exslt.org /www.exslt.org/public_html/dyn/functions/max WS_FTP.LOG
102.11.19 13:21 B C:\jakarta-tomcat-3.2.4\webapps\cocoon\exslt\dyn\functions\max\base.css --> ftp.exslt.org /www.exslt.org/public_html/dyn/functions/max base.css
102.11.19 13:21 B C:\jakarta-tomcat-3.2.4\webapps\cocoon\exslt\dyn\functions\max\dyn.max.1.html --> ftp.exslt.org /www.exslt.org/public_html/dyn/functions/max dyn.max.1.html
102.11.19 13:21 B C:\jakarta-tomcat-3.2.4\webapps\cocoon\exslt\dyn\functions\max\dyn.max.html --> ftp.exslt.org /www.exslt.org/public_html/dyn/functions/max dyn.max.html
102.11.19 13:21 B C:\jakarta-tomcat-3.2.4\webapps\cocoon\exslt\dyn\functions\max\dyn.max.package.txt --> ftp.exslt.org /www.exslt.org/public_html/dyn/functions/max dyn.max.package.txt
102.11.19 13:21 B C:\jakarta-tomcat-3.2.4\webapps\cocoon\exslt\dyn\functions\max\dyn.max.use-cases.txt --> ftp.exslt.org /www.exslt.org/public_html/dyn/functions/max dyn.max.use-cases.txt
102.11.19 13:21 B C:\jakarta-tomcat-3.2.4\webapps\cocoon\exslt\dyn\functions\max\dyn.max.use-cases.zip --> ftp.exslt.org /www.exslt.org/public_html/dyn/functions/max dyn.max.use-cases.zip
102.11.19 13:21 B C:\jakarta-tomcat-3.2.4\webapps\cocoon\exslt\dyn\functions\max\dyn.max.xml --> ftp.exslt.org /www.exslt.org/public_html/dyn/functions/max dyn.max.xml
102.11.19 13:21 B C:\jakarta-tomcat-3.2.4\webapps\cocoon\exslt\dyn\functions\max\dyn.max.zip --> ftp.exslt.org /www.exslt.org/public_html/dyn/functions/max dyn.max.zip
102.11.19 13:21 B C:\jakarta-tomcat-3.2.4\webapps\cocoon\exslt\dyn\functions\max\index.html --> ftp.exslt.org /www.exslt.org/public_html/dyn/functions/max index.html
102.11.19 13:21 B C:\jakarta-tomcat-3.2.4\webapps\cocoon\exslt\dyn\functions\max\refresh.bat --> ftp.exslt.org /www.exslt.org/public_html/dyn/functions/max refresh.bat
102.11.19 13:21 B C:\jakarta-tomcat-3.2.4\webapps\cocoon\exslt\dyn\functions\max\update.bat --> ftp.exslt.org /www.exslt.org/public_html/dyn/functions/max update.bat
102.12.02 12:22 B C:\jakarta-tomcat-3.2.4\webapps\cocoon\exslt\public_html\dyn\functions\max\WS_FTP.LOG <-- ftp.exslt.org /www.exslt.org/public_html/dyn/functions/max WS_FTP.LOG
102.12.03 11:10 B C:\jakarta-tomcat-3.2.4\webapps\cocoon\exslt\dyn\functions\max\base.css --> ftp.exslt.org /www.exslt.org/public_html/dyn/functions/max base.css
102.12.03 11:10 B C:\jakarta-tomcat-3.2.4\webapps\cocoon\exslt\dyn\functions\max\dyn.max.1.html --> ftp.exslt.org /www.exslt.org/public_html/dyn/functions/max dyn.max.1.html
102.12.03 11:10 B C:\jakarta-tomcat-3.2.4\webapps\cocoon\exslt\dyn\functions\max\dyn.max.html --> ftp.exslt.org /www.exslt.org/public_html/dyn/functions/max dyn.max.html
102.12.03 11:10 B C:\jakarta-tomcat-3.2.4\webapps\cocoon\exslt\dyn\functions\max\dyn.max.package.txt --> ftp.exslt.org /www.exslt.org/public_html/dyn/functions/max dyn.max.package.txt
102.12.03 11:10 B C:\jakarta-tomcat-3.2.4\webapps\cocoon\exslt\dyn\functions\max\dyn.max.use-cases.txt --> ftp.exslt.org /www.exslt.org/public_html/dyn/functions/max dyn.max.use-cases.txt
102.12.03 11:10 B C:\jakarta-tomcat-3.2.4\webapps\cocoon\exslt\dyn\functions\max\dyn.max.use-cases.zip --> ftp.exslt.org /www.exslt.org/public_html/dyn/functions/max dyn.max.use-cases.zip
102.12.03 11:10 B C:\jakarta-tomcat-3.2.4\webapps\cocoon\exslt\dyn\functions\max\dyn.max.xml --> ftp.exslt.org /www.exslt.org/public_html/dyn/functions/max dyn.max.xml
102.12.03 11:10 B C:\jakarta-tomcat-3.2.4\webapps\cocoon\exslt\dyn\functions\max\dyn.max.zip --> ftp.exslt.org /www.exslt.org/public_html/dyn/functions/max dyn.max.zip
102.12.03 11:10 B C:\jakarta-tomcat-3.2.4\webapps\cocoon\exslt\dyn\functions\max\index.html --> ftp.exslt.org /www.exslt.org/public_html/dyn/functions/max index.html
102.12.03 11:10 B C:\jakarta-tomcat-3.2.4\webapps\cocoon\exslt\dyn\functions\max\refresh.bat --> ftp.exslt.org /www.exslt.org/public_html/dyn/functions/max refresh.bat
102.12.03 11:10 B C:\jakarta-tomcat-3.2.4\webapps\cocoon\exslt\dyn\functions\max\update.bat --> ftp.exslt.org /www.exslt.org/public_html/dyn/functions/max update.bat
102.12.03 11:10 B C:\jakarta-tomcat-3.2.4\webapps\cocoon\exslt\dyn\functions\max\WS_FTP.LOG --> ftp.exslt.org /www.exslt.org/public_html/dyn/functions/max WS_FTP.LOG
102.12.11 11:04 B C:\jakarta-tomcat-3.2.4\webapps\cocoon\exslt\dyn\functions\max\base.css --> ftp.exslt.org /www.exslt.org/public_html/dyn/functions/max base.css
102.12.11 11:04 B C:\jakarta-tomcat-3.2.4\webapps\cocoon\exslt\dyn\functions\max\dyn.max.1.html --> ftp.exslt.org /www.exslt.org/public_html/dyn/functions/max dyn.max.1.html
102.12.11 11:04 B C:\jakarta-tomcat-3.2.4\webapps\cocoon\exslt\dyn\functions\max\dyn.max.html --> ftp.exslt.org /www.exslt.org/public_html/dyn/functions/max dyn.max.html
102.12.11 11:04 B C:\jakarta-tomcat-3.2.4\webapps\cocoon\exslt\dyn\functions\max\dyn.max.package.txt --> ftp.exslt.org /www.exslt.org/public_html/dyn/functions/max dyn.max.package.txt
102.12.11 11:04 B C:\jakarta-tomcat-3.2.4\webapps\cocoon\exslt\dyn\functions\max\dyn.max.use-cases.txt --> ftp.exslt.org /www.exslt.org/public_html/dyn/functions/max dyn.max.use-cases.txt
102.12.11 11:04 B C:\jakarta-tomcat-3.2.4\webapps\cocoon\exslt\dyn\functions\max\dyn.max.use-cases.zip --> ftp.exslt.org /www.exslt.org/public_html/dyn/functions/max dyn.max.use-cases.zip
102.12.11 11:04 B C:\jakarta-tomcat-3.2.4\webapps\cocoon\exslt\dyn\functions\max\dyn.max.xml --> ftp.exslt.org /www.exslt.org/public_html/dyn/functions/max dyn.max.xml
102.12.11 11:04 B C:\jakarta-tomcat-3.2.4\webapps\cocoon\exslt\dyn\functions\max\dyn.max.zip --> ftp.exslt.org /www.exslt.org/public_html/dyn/functions/max dyn.max.zip
102.12.11 11:04 B C:\jakarta-tomcat-3.2.4\webapps\cocoon\exslt\dyn\functions\max\index.html --> ftp.exslt.org /www.exslt.org/public_html/dyn/functions/max index.html
102.12.11 11:04 B C:\jakarta-tomcat-3.2.4\webapps\cocoon\exslt\dyn\functions\max\refresh.bat --> ftp.exslt.org /www.exslt.org/public_html/dyn/functions/max refresh.bat
102.12.11 11:04 B C:\jakarta-tomcat-3.2.4\webapps\cocoon\exslt\dyn\functions\max\update.bat --> ftp.exslt.org /www.exslt.org/public_html/dyn/functions/max update.bat
103.09.29 15:27 B C:\jakarta-tomcat-3.2.4\webapps\cocoon\exslt\dyn\functions\max\WS_FTP.LOG <-- ftp.exslt.org /www.exslt.org/public_html/dyn/functions/max WS_FTP.LOG
103.10.21 13:06 B C:\jakarta-tomcat-3.2.4\webapps\cocoon\exslt\dyn\functions\max\base.css --> marian.cs.nott.ac.uk /stud/pg/cds/exslt/dyn/functions/max base.css
103.10.21 13:06 B C:\jakarta-tomcat-3.2.4\webapps\cocoon\exslt\dyn\functions\max\dyn.max.1.html --> marian.cs.nott.ac.uk /stud/pg/cds/exslt/dyn/functions/max dyn.max.1.html
103.10.21 13:06 B C:\jakarta-tomcat-3.2.4\webapps\cocoon\exslt\dyn\functions\max\dyn.max.html --> marian.cs.nott.ac.uk /stud/pg/cds/exslt/dyn/functions/max dyn.max.html
103.10.21 13:06 B C:\jakarta-tomcat-3.2.4\webapps\cocoon\exslt\dyn\functions\max\dyn.max.package.txt --> marian.cs.nott.ac.uk /stud/pg/cds/exslt/dyn/functions/max dyn.max.package.txt
103.10.21 13:06 B C:\jakarta-tomcat-3.2.4\webapps\cocoon\exslt\dyn\functions\max\dyn.max.use-cases.txt --> marian.cs.nott.ac.uk /stud/pg/cds/exslt/dyn/functions/max dyn.max.use-cases.txt
103.10.21 13:06 B C:\jakarta-tomcat-3.2.4\webapps\cocoon\exslt\dyn\functions\max\dyn.max.use-cases.zip --> marian.cs.nott.ac.uk /stud/pg/cds/exslt/dyn/functions/max dyn.max.use-cases.zip
103.10.21 13:06 B C:\jakarta-tomcat-3.2.4\webapps\cocoon\exslt\dyn\functions\max\dyn.max.xml --> marian.cs.nott.ac.uk /stud/pg/cds/exslt/dyn/functions/max dyn.max.xml
103.10.21 13:06 B C:\jakarta-tomcat-3.2.4\webapps\cocoon\exslt\dyn\functions\max\dyn.max.zip --> marian.cs.nott.ac.uk /stud/pg/cds/exslt/dyn/functions/max dyn.max.zip
103.10.21 13:06 B C:\jakarta-tomcat-3.2.4\webapps\cocoon\exslt\dyn\functions\max\index.html --> marian.cs.nott.ac.uk /stud/pg/cds/exslt/dyn/functions/max index.html
103.10.21 13:06 B C:\jakarta-tomcat-3.2.4\webapps\cocoon\exslt\dyn\functions\max\refresh.bat --> marian.cs.nott.ac.uk /stud/pg/cds/exslt/dyn/functions/max refresh.bat
103.10.21 13:06 B C:\jakarta-tomcat-3.2.4\webapps\cocoon\exslt\dyn\functions\max\update.bat --> marian.cs.nott.ac.uk /stud/pg/cds/exslt/dyn/functions/max update.bat
103.10.21 13:06 B C:\jakarta-tomcat-3.2.4\webapps\cocoon\exslt\dyn\functions\max\WS_FTP.LOG --> marian.cs.nott.ac.uk /stud/pg/cds/exslt/dyn/functions/max WS_FTP.LOG
103.10.23 15:39 B C:\jakarta-tomcat-3.2.4\webapps\cocoon\exslt\dyn\functions\max\base.css --> ftp.exslt.org /www.exslt.org/public_html/dyn/functions/max base.css
103.10.23 15:39 B C:\jakarta-tomcat-3.2.4\webapps\cocoon\exslt\dyn\functions\max\dyn.max.1.html --> ftp.exslt.org /www.exslt.org/public_html/dyn/functions/max dyn.max.1.html
103.10.23 15:39 B C:\jakarta-tomcat-3.2.4\webapps\cocoon\exslt\dyn\functions\max\dyn.max.html --> ftp.exslt.org /www.exslt.org/public_html/dyn/functions/max dyn.max.html
103.10.23 15:39 B C:\jakarta-tomcat-3.2.4\webapps\cocoon\exslt\dyn\functions\max\dyn.max.package.txt --> ftp.exslt.org /www.exslt.org/public_html/dyn/functions/max dyn.max.package.txt
103.10.23 15:39 B C:\jakarta-tomcat-3.2.4\webapps\cocoon\exslt\dyn\functions\max\dyn.max.use-cases.txt --> ftp.exslt.org /www.exslt.org/public_html/dyn/functions/max dyn.max.use-cases.txt
103.10.23 15:39 B C:\jakarta-tomcat-3.2.4\webapps\cocoon\exslt\dyn\functions\max\dyn.max.use-cases.zip --> ftp.exslt.org /www.exslt.org/public_html/dyn/functions/max dyn.max.use-cases.zip
103.10.23 15:39 B C:\jakarta-tomcat-3.2.4\webapps\cocoon\exslt\dyn\functions\max\dyn.max.xml --> ftp.exslt.org /www.exslt.org/public_html/dyn/functions/max dyn.max.xml
103.10.23 15:39 B C:\jakarta-tomcat-3.2.4\webapps\cocoon\exslt\dyn\functions\max\dyn.max.zip --> ftp.exslt.org /www.exslt.org/public_html/dyn/functions/max dyn.max.zip
103.10.23 15:39 B C:\jakarta-tomcat-3.2.4\webapps\cocoon\exslt\dyn\functions\max\index.html --> ftp.exslt.org /www.exslt.org/public_html/dyn/functions/max index.html
103.10.23 15:39 B C:\jakarta-tomcat-3.2.4\webapps\cocoon\exslt\dyn\functions\max\refresh.bat --> ftp.exslt.org /www.exslt.org/public_html/dyn/functions/max refresh.bat
103.10.23 15:39 B C:\jakarta-tomcat-3.2.4\webapps\cocoon\exslt\dyn\functions\max\update.bat --> ftp.exslt.org /www.exslt.org/public_html/dyn/functions/max update.bat
