102.08.21 17:33 B C:\jakarta-tomcat-3.2.4\webapps\cocoon\exslt\str\functions\split\base.css --> ftp.exslt.org /www.exslt.org/public_html/str/functions/split base.css
102.08.21 17:33 B C:\jakarta-tomcat-3.2.4\webapps\cocoon\exslt\str\functions\split\index.html --> ftp.exslt.org /www.exslt.org/public_html/str/functions/split index.html
102.08.21 17:33 B C:\jakarta-tomcat-3.2.4\webapps\cocoon\exslt\str\functions\split\refresh.bat --> ftp.exslt.org /www.exslt.org/public_html/str/functions/split refresh.bat
102.08.21 17:33 B C:\jakarta-tomcat-3.2.4\webapps\cocoon\exslt\str\functions\split\str.split.1.html --> ftp.exslt.org /www.exslt.org/public_html/str/functions/split str.split.1.html
102.08.21 17:33 B C:\jakarta-tomcat-3.2.4\webapps\cocoon\exslt\str\functions\split\str.split.function.xsl --> ftp.exslt.org /www.exslt.org/public_html/str/functions/split str.split.function.xsl
102.08.21 17:33 B C:\jakarta-tomcat-3.2.4\webapps\cocoon\exslt\str\functions\split\str.split.function.xsl.html --> ftp.exslt.org /www.exslt.org/public_html/str/functions/split str.split.function.xsl.html
102.08.21 17:33 B C:\jakarta-tomcat-3.2.4\webapps\cocoon\exslt\str\functions\split\str.split.html --> ftp.exslt.org /www.exslt.org/public_html/str/functions/split str.split.html
102.08.21 17:33 B C:\jakarta-tomcat-3.2.4\webapps\cocoon\exslt\str\functions\split\str.split.package.txt --> ftp.exslt.org /www.exslt.org/public_html/str/functions/split str.split.package.txt
102.08.21 17:33 B C:\jakarta-tomcat-3.2.4\webapps\cocoon\exslt\str\functions\split\str.split.template.xsl --> ftp.exslt.org /www.exslt.org/public_html/str/functions/split str.split.template.xsl
102.08.21 17:33 B C:\jakarta-tomcat-3.2.4\webapps\cocoon\exslt\str\functions\split\str.split.template.xsl.html --> ftp.exslt.org /www.exslt.org/public_html/str/functions/split str.split.template.xsl.html
102.08.21 17:33 B C:\jakarta-tomcat-3.2.4\webapps\cocoon\exslt\str\functions\split\str.split.use-cases.txt --> ftp.exslt.org /www.exslt.org/public_html/str/functions/split str.split.use-cases.txt
102.08.21 17:33 B C:\jakarta-tomcat-3.2.4\webapps\cocoon\exslt\str\functions\split\str.split.use-cases.zip --> ftp.exslt.org /www.exslt.org/public_html/str/functions/split str.split.use-cases.zip
102.08.21 17:33 B C:\jakarta-tomcat-3.2.4\webapps\cocoon\exslt\str\functions\split\str.split.xml --> ftp.exslt.org /www.exslt.org/public_html/str/functions/split str.split.xml
102.08.21 17:33 B C:\jakarta-tomcat-3.2.4\webapps\cocoon\exslt\str\functions\split\str.split.xsl --> ftp.exslt.org /www.exslt.org/public_html/str/functions/split str.split.xsl
102.08.21 17:33 B C:\jakarta-tomcat-3.2.4\webapps\cocoon\exslt\str\functions\split\str.split.zip --> ftp.exslt.org /www.exslt.org/public_html/str/functions/split str.split.zip
102.08.21 17:33 B C:\jakarta-tomcat-3.2.4\webapps\cocoon\exslt\str\functions\split\update.bat --> ftp.exslt.org /www.exslt.org/public_html/str/functions/split update.bat
102.11.19 14:12 B C:\jakarta-tomcat-3.2.4\webapps\cocoon\exslt\str\functions\split\base.css --> ftp.exslt.org /www.exslt.org/public_html/str/functions/split base.css
102.11.19 14:12 B C:\jakarta-tomcat-3.2.4\webapps\cocoon\exslt\str\functions\split\index.html --> ftp.exslt.org /www.exslt.org/public_html/str/functions/split index.html
102.11.19 14:12 B C:\jakarta-tomcat-3.2.4\webapps\cocoon\exslt\str\functions\split\refresh.bat --> ftp.exslt.org /www.exslt.org/public_html/str/functions/split refresh.bat
102.11.19 14:12 B C:\jakarta-tomcat-3.2.4\webapps\cocoon\exslt\str\functions\split\str.split.1.html --> ftp.exslt.org /www.exslt.org/public_html/str/functions/split str.split.1.html
102.11.19 14:12 B C:\jakarta-tomcat-3.2.4\webapps\cocoon\exslt\str\functions\split\str.split.function.xsl --> ftp.exslt.org /www.exslt.org/public_html/str/functions/split str.split.function.xsl
102.11.19 14:12 B C:\jakarta-tomcat-3.2.4\webapps\cocoon\exslt\str\functions\split\str.split.function.xsl.html --> ftp.exslt.org /www.exslt.org/public_html/str/functions/split str.split.function.xsl.html
102.11.19 14:12 B C:\jakarta-tomcat-3.2.4\webapps\cocoon\exslt\str\functions\split\str.split.html --> ftp.exslt.org /www.exslt.org/public_html/str/functions/split str.split.html
102.11.19 14:12 B C:\jakarta-tomcat-3.2.4\webapps\cocoon\exslt\str\functions\split\str.split.package.txt --> ftp.exslt.org /www.exslt.org/public_html/str/functions/split str.split.package.txt
102.11.19 14:12 B C:\jakarta-tomcat-3.2.4\webapps\cocoon\exslt\str\functions\split\str.split.template.xsl --> ftp.exslt.org /www.exslt.org/public_html/str/functions/split str.split.template.xsl
102.11.19 14:12 B C:\jakarta-tomcat-3.2.4\webapps\cocoon\exslt\str\functions\split\str.split.template.xsl.html --> ftp.exslt.org /www.exslt.org/public_html/str/functions/split str.split.template.xsl.html
102.11.19 14:12 B C:\jakarta-tomcat-3.2.4\webapps\cocoon\exslt\str\functions\split\str.split.use-cases.txt --> ftp.exslt.org /www.exslt.org/public_html/str/functions/split str.split.use-cases.txt
102.11.19 14:12 B C:\jakarta-tomcat-3.2.4\webapps\cocoon\exslt\str\functions\split\str.split.use-cases.zip --> ftp.exslt.org /www.exslt.org/public_html/str/functions/split str.split.use-cases.zip
102.11.19 14:12 B C:\jakarta-tomcat-3.2.4\webapps\cocoon\exslt\str\functions\split\str.split.xml --> ftp.exslt.org /www.exslt.org/public_html/str/functions/split str.split.xml
102.11.19 14:12 B C:\jakarta-tomcat-3.2.4\webapps\cocoon\exslt\str\functions\split\str.split.xsl --> ftp.exslt.org /www.exslt.org/public_html/str/functions/split str.split.xsl
102.11.19 14:12 B C:\jakarta-tomcat-3.2.4\webapps\cocoon\exslt\str\functions\split\str.split.zip --> ftp.exslt.org /www.exslt.org/public_html/str/functions/split str.split.zip
102.11.19 14:12 B C:\jakarta-tomcat-3.2.4\webapps\cocoon\exslt\str\functions\split\update.bat --> ftp.exslt.org /www.exslt.org/public_html/str/functions/split update.bat
102.12.02 12:34 B C:\jakarta-tomcat-3.2.4\webapps\cocoon\exslt\public_html\str\functions\split\WS_FTP.LOG <-- ftp.exslt.org /www.exslt.org/public_html/str/functions/split WS_FTP.LOG
102.12.03 11:15 B C:\jakarta-tomcat-3.2.4\webapps\cocoon\exslt\str\functions\split\base.css --> ftp.exslt.org /www.exslt.org/public_html/str/functions/split base.css
102.12.03 11:15 B C:\jakarta-tomcat-3.2.4\webapps\cocoon\exslt\str\functions\split\index.html --> ftp.exslt.org /www.exslt.org/public_html/str/functions/split index.html
102.12.03 11:15 B C:\jakarta-tomcat-3.2.4\webapps\cocoon\exslt\str\functions\split\refresh.bat --> ftp.exslt.org /www.exslt.org/public_html/str/functions/split refresh.bat
102.12.03 11:15 B C:\jakarta-tomcat-3.2.4\webapps\cocoon\exslt\str\functions\split\str.split.1.html --> ftp.exslt.org /www.exslt.org/public_html/str/functions/split str.split.1.html
102.12.03 11:15 B C:\jakarta-tomcat-3.2.4\webapps\cocoon\exslt\str\functions\split\str.split.function.xsl --> ftp.exslt.org /www.exslt.org/public_html/str/functions/split str.split.function.xsl
102.12.03 11:15 B C:\jakarta-tomcat-3.2.4\webapps\cocoon\exslt\str\functions\split\str.split.function.xsl.html --> ftp.exslt.org /www.exslt.org/public_html/str/functions/split str.split.function.xsl.html
102.12.03 11:15 B C:\jakarta-tomcat-3.2.4\webapps\cocoon\exslt\str\functions\split\str.split.html --> ftp.exslt.org /www.exslt.org/public_html/str/functions/split str.split.html
102.12.03 11:15 B C:\jakarta-tomcat-3.2.4\webapps\cocoon\exslt\str\functions\split\str.split.package.txt --> ftp.exslt.org /www.exslt.org/public_html/str/functions/split str.split.package.txt
102.12.03 11:15 B C:\jakarta-tomcat-3.2.4\webapps\cocoon\exslt\str\functions\split\str.split.template.xsl --> ftp.exslt.org /www.exslt.org/public_html/str/functions/split str.split.template.xsl
102.12.03 11:15 B C:\jakarta-tomcat-3.2.4\webapps\cocoon\exslt\str\functions\split\str.split.template.xsl.html --> ftp.exslt.org /www.exslt.org/public_html/str/functions/split str.split.template.xsl.html
102.12.03 11:15 B C:\jakarta-tomcat-3.2.4\webapps\cocoon\exslt\str\functions\split\str.split.use-cases.txt --> ftp.exslt.org /www.exslt.org/public_html/str/functions/split str.split.use-cases.txt
102.12.03 11:15 B C:\jakarta-tomcat-3.2.4\webapps\cocoon\exslt\str\functions\split\str.split.use-cases.zip --> ftp.exslt.org /www.exslt.org/public_html/str/functions/split str.split.use-cases.zip
102.12.03 11:15 B C:\jakarta-tomcat-3.2.4\webapps\cocoon\exslt\str\functions\split\str.split.xml --> ftp.exslt.org /www.exslt.org/public_html/str/functions/split str.split.xml
102.12.03 11:15 B C:\jakarta-tomcat-3.2.4\webapps\cocoon\exslt\str\functions\split\str.split.xsl --> ftp.exslt.org /www.exslt.org/public_html/str/functions/split str.split.xsl
102.12.03 11:15 B C:\jakarta-tomcat-3.2.4\webapps\cocoon\exslt\str\functions\split\str.split.zip --> ftp.exslt.org /www.exslt.org/public_html/str/functions/split str.split.zip
102.12.03 11:15 B C:\jakarta-tomcat-3.2.4\webapps\cocoon\exslt\str\functions\split\update.bat --> ftp.exslt.org /www.exslt.org/public_html/str/functions/split update.bat
103.09.29 16:33 B C:\jakarta-tomcat-3.2.4\webapps\cocoon\exslt\str\functions\split\WS_FTP.LOG <-- ftp.exslt.org /www.exslt.org/public_html/str/functions/split WS_FTP.LOG
103.10.21 13:12 B C:\jakarta-tomcat-3.2.4\webapps\cocoon\exslt\str\functions\split\base.css --> marian.cs.nott.ac.uk /stud/pg/cds/exslt/str/functions/split base.css
103.10.21 13:12 B C:\jakarta-tomcat-3.2.4\webapps\cocoon\exslt\str\functions\split\index.html --> marian.cs.nott.ac.uk /stud/pg/cds/exslt/str/functions/split index.html
103.10.21 13:12 B C:\jakarta-tomcat-3.2.4\webapps\cocoon\exslt\str\functions\split\refresh.bat --> marian.cs.nott.ac.uk /stud/pg/cds/exslt/str/functions/split refresh.bat
103.10.21 13:12 B C:\jakarta-tomcat-3.2.4\webapps\cocoon\exslt\str\functions\split\str.split.1.html --> marian.cs.nott.ac.uk /stud/pg/cds/exslt/str/functions/split str.split.1.html
103.10.21 13:12 B C:\jakarta-tomcat-3.2.4\webapps\cocoon\exslt\str\functions\split\str.split.function.xsl --> marian.cs.nott.ac.uk /stud/pg/cds/exslt/str/functions/split str.split.function.xsl
103.10.21 13:12 B C:\jakarta-tomcat-3.2.4\webapps\cocoon\exslt\str\functions\split\str.split.function.xsl.html --> marian.cs.nott.ac.uk /stud/pg/cds/exslt/str/functions/split str.split.function.xsl.html
103.10.21 13:12 B C:\jakarta-tomcat-3.2.4\webapps\cocoon\exslt\str\functions\split\str.split.html --> marian.cs.nott.ac.uk /stud/pg/cds/exslt/str/functions/split str.split.html
103.10.21 13:12 B C:\jakarta-tomcat-3.2.4\webapps\cocoon\exslt\str\functions\split\str.split.package.txt --> marian.cs.nott.ac.uk /stud/pg/cds/exslt/str/functions/split str.split.package.txt
103.10.21 13:12 B C:\jakarta-tomcat-3.2.4\webapps\cocoon\exslt\str\functions\split\str.split.template.xsl --> marian.cs.nott.ac.uk /stud/pg/cds/exslt/str/functions/split str.split.template.xsl
103.10.21 13:12 B C:\jakarta-tomcat-3.2.4\webapps\cocoon\exslt\str\functions\split\str.split.template.xsl.html --> marian.cs.nott.ac.uk /stud/pg/cds/exslt/str/functions/split str.split.template.xsl.html
103.10.21 13:12 B C:\jakarta-tomcat-3.2.4\webapps\cocoon\exslt\str\functions\split\str.split.use-cases.txt --> marian.cs.nott.ac.uk /stud/pg/cds/exslt/str/functions/split str.split.use-cases.txt
103.10.21 13:12 B C:\jakarta-tomcat-3.2.4\webapps\cocoon\exslt\str\functions\split\str.split.use-cases.zip --> marian.cs.nott.ac.uk /stud/pg/cds/exslt/str/functions/split str.split.use-cases.zip
103.10.21 13:12 B C:\jakarta-tomcat-3.2.4\webapps\cocoon\exslt\str\functions\split\str.split.xml --> marian.cs.nott.ac.uk /stud/pg/cds/exslt/str/functions/split str.split.xml
103.10.21 13:12 B C:\jakarta-tomcat-3.2.4\webapps\cocoon\exslt\str\functions\split\str.split.xsl --> marian.cs.nott.ac.uk /stud/pg/cds/exslt/str/functions/split str.split.xsl
103.10.21 13:12 B C:\jakarta-tomcat-3.2.4\webapps\cocoon\exslt\str\functions\split\str.split.zip --> marian.cs.nott.ac.uk /stud/pg/cds/exslt/str/functions/split str.split.zip
103.10.21 13:12 B C:\jakarta-tomcat-3.2.4\webapps\cocoon\exslt\str\functions\split\update.bat --> marian.cs.nott.ac.uk /stud/pg/cds/exslt/str/functions/split update.bat
103.10.21 13:12 B C:\jakarta-tomcat-3.2.4\webapps\cocoon\exslt\str\functions\split\WS_FTP.LOG --> marian.cs.nott.ac.uk /stud/pg/cds/exslt/str/functions/split WS_FTP.LOG
103.10.24 11:16 B C:\jakarta-tomcat-3.2.4\webapps\cocoon\exslt\str\functions\split\base.css --> ftp.exslt.org /www.exslt.org/public_html/str/functions/split base.css
103.10.24 11:16 B C:\jakarta-tomcat-3.2.4\webapps\cocoon\exslt\str\functions\split\index.html --> ftp.exslt.org /www.exslt.org/public_html/str/functions/split index.html
103.10.24 11:16 B C:\jakarta-tomcat-3.2.4\webapps\cocoon\exslt\str\functions\split\refresh.bat --> ftp.exslt.org /www.exslt.org/public_html/str/functions/split refresh.bat
103.10.24 11:16 B C:\jakarta-tomcat-3.2.4\webapps\cocoon\exslt\str\functions\split\str.split.1.html --> ftp.exslt.org /www.exslt.org/public_html/str/functions/split str.split.1.html
103.10.24 11:16 B C:\jakarta-tomcat-3.2.4\webapps\cocoon\exslt\str\functions\split\str.split.function.xsl --> ftp.exslt.org /www.exslt.org/public_html/str/functions/split str.split.function.xsl
103.10.24 11:16 B C:\jakarta-tomcat-3.2.4\webapps\cocoon\exslt\str\functions\split\str.split.function.xsl.html --> ftp.exslt.org /www.exslt.org/public_html/str/functions/split str.split.function.xsl.html
103.10.24 11:16 B C:\jakarta-tomcat-3.2.4\webapps\cocoon\exslt\str\functions\split\str.split.html --> ftp.exslt.org /www.exslt.org/public_html/str/functions/split str.split.html
103.10.24 11:16 B C:\jakarta-tomcat-3.2.4\webapps\cocoon\exslt\str\functions\split\str.split.package.txt --> ftp.exslt.org /www.exslt.org/public_html/str/functions/split str.split.package.txt
103.10.24 11:16 B C:\jakarta-tomcat-3.2.4\webapps\cocoon\exslt\str\functions\split\str.split.template.xsl --> ftp.exslt.org /www.exslt.org/public_html/str/functions/split str.split.template.xsl
103.10.24 11:16 B C:\jakarta-tomcat-3.2.4\webapps\cocoon\exslt\str\functions\split\str.split.template.xsl.html --> ftp.exslt.org /www.exslt.org/public_html/str/functions/split str.split.template.xsl.html
103.10.24 11:17 B C:\jakarta-tomcat-3.2.4\webapps\cocoon\exslt\str\functions\split\str.split.use-cases.txt --> ftp.exslt.org /www.exslt.org/public_html/str/functions/split str.split.use-cases.txt
103.10.24 11:17 B C:\jakarta-tomcat-3.2.4\webapps\cocoon\exslt\str\functions\split\str.split.use-cases.zip --> ftp.exslt.org /www.exslt.org/public_html/str/functions/split str.split.use-cases.zip
103.10.24 11:17 B C:\jakarta-tomcat-3.2.4\webapps\cocoon\exslt\str\functions\split\str.split.xml --> ftp.exslt.org /www.exslt.org/public_html/str/functions/split str.split.xml
103.10.24 11:17 B C:\jakarta-tomcat-3.2.4\webapps\cocoon\exslt\str\functions\split\str.split.xsl --> ftp.exslt.org /www.exslt.org/public_html/str/functions/split str.split.xsl
103.10.24 11:17 B C:\jakarta-tomcat-3.2.4\webapps\cocoon\exslt\str\functions\split\str.split.zip --> ftp.exslt.org /www.exslt.org/public_html/str/functions/split str.split.zip
103.10.24 11:17 B C:\jakarta-tomcat-3.2.4\webapps\cocoon\exslt\str\functions\split\update.bat --> ftp.exslt.org /www.exslt.org/public_html/str/functions/split update.bat
