102.08.21 17:32 B C:\jakarta-tomcat-3.2.4\webapps\cocoon\exslt\math\functions\exp\base.css --> ftp.exslt.org /www.exslt.org/public_html/math/functions/exp base.css
102.08.21 17:32 B C:\jakarta-tomcat-3.2.4\webapps\cocoon\exslt\math\functions\exp\index.html --> ftp.exslt.org /www.exslt.org/public_html/math/functions/exp index.html
102.08.21 17:32 B C:\jakarta-tomcat-3.2.4\webapps\cocoon\exslt\math\functions\exp\math.exp.1.html --> ftp.exslt.org /www.exslt.org/public_html/math/functions/exp math.exp.1.html
102.08.21 17:32 B C:\jakarta-tomcat-3.2.4\webapps\cocoon\exslt\math\functions\exp\math.exp.html --> ftp.exslt.org /www.exslt.org/public_html/math/functions/exp math.exp.html
102.08.21 17:32 B C:\jakarta-tomcat-3.2.4\webapps\cocoon\exslt\math\functions\exp\math.exp.js --> ftp.exslt.org /www.exslt.org/public_html/math/functions/exp math.exp.js
102.08.21 17:32 B C:\jakarta-tomcat-3.2.4\webapps\cocoon\exslt\math\functions\exp\math.exp.js.html --> ftp.exslt.org /www.exslt.org/public_html/math/functions/exp math.exp.js.html
102.08.21 17:32 B C:\jakarta-tomcat-3.2.4\webapps\cocoon\exslt\math\functions\exp\math.exp.msxsl.xsl --> ftp.exslt.org /www.exslt.org/public_html/math/functions/exp math.exp.msxsl.xsl
102.08.21 17:32 B C:\jakarta-tomcat-3.2.4\webapps\cocoon\exslt\math\functions\exp\math.exp.msxsl.xsl.html --> ftp.exslt.org /www.exslt.org/public_html/math/functions/exp math.exp.msxsl.xsl.html
102.08.21 17:32 B C:\jakarta-tomcat-3.2.4\webapps\cocoon\exslt\math\functions\exp\math.exp.package.txt --> ftp.exslt.org /www.exslt.org/public_html/math/functions/exp math.exp.package.txt
102.08.21 17:32 B C:\jakarta-tomcat-3.2.4\webapps\cocoon\exslt\math\functions\exp\math.exp.use-cases.txt --> ftp.exslt.org /www.exslt.org/public_html/math/functions/exp math.exp.use-cases.txt
102.08.21 17:32 B C:\jakarta-tomcat-3.2.4\webapps\cocoon\exslt\math\functions\exp\math.exp.use-cases.zip --> ftp.exslt.org /www.exslt.org/public_html/math/functions/exp math.exp.use-cases.zip
102.08.21 17:32 B C:\jakarta-tomcat-3.2.4\webapps\cocoon\exslt\math\functions\exp\math.exp.xml --> ftp.exslt.org /www.exslt.org/public_html/math/functions/exp math.exp.xml
102.08.21 17:32 B C:\jakarta-tomcat-3.2.4\webapps\cocoon\exslt\math\functions\exp\math.exp.xsl --> ftp.exslt.org /www.exslt.org/public_html/math/functions/exp math.exp.xsl
102.08.21 17:32 B C:\jakarta-tomcat-3.2.4\webapps\cocoon\exslt\math\functions\exp\math.exp.zip --> ftp.exslt.org /www.exslt.org/public_html/math/functions/exp math.exp.zip
102.08.21 17:32 B C:\jakarta-tomcat-3.2.4\webapps\cocoon\exslt\math\functions\exp\refresh.bat --> ftp.exslt.org /www.exslt.org/public_html/math/functions/exp refresh.bat
102.08.21 17:32 B C:\jakarta-tomcat-3.2.4\webapps\cocoon\exslt\math\functions\exp\update.bat --> ftp.exslt.org /www.exslt.org/public_html/math/functions/exp update.bat
102.11.19 13:22 B C:\jakarta-tomcat-3.2.4\webapps\cocoon\exslt\math\functions\exp\base.css --> ftp.exslt.org /www.exslt.org/public_html/math/functions/exp base.css
102.11.19 13:22 B C:\jakarta-tomcat-3.2.4\webapps\cocoon\exslt\math\functions\exp\index.html --> ftp.exslt.org /www.exslt.org/public_html/math/functions/exp index.html
102.11.19 13:22 B C:\jakarta-tomcat-3.2.4\webapps\cocoon\exslt\math\functions\exp\math.exp.1.html --> ftp.exslt.org /www.exslt.org/public_html/math/functions/exp math.exp.1.html
102.11.19 13:22 B C:\jakarta-tomcat-3.2.4\webapps\cocoon\exslt\math\functions\exp\math.exp.html --> ftp.exslt.org /www.exslt.org/public_html/math/functions/exp math.exp.html
102.11.19 13:22 B C:\jakarta-tomcat-3.2.4\webapps\cocoon\exslt\math\functions\exp\math.exp.js --> ftp.exslt.org /www.exslt.org/public_html/math/functions/exp math.exp.js
102.11.19 13:22 B C:\jakarta-tomcat-3.2.4\webapps\cocoon\exslt\math\functions\exp\math.exp.js.html --> ftp.exslt.org /www.exslt.org/public_html/math/functions/exp math.exp.js.html
102.11.19 13:22 B C:\jakarta-tomcat-3.2.4\webapps\cocoon\exslt\math\functions\exp\math.exp.msxsl.xsl --> ftp.exslt.org /www.exslt.org/public_html/math/functions/exp math.exp.msxsl.xsl
102.11.19 13:22 B C:\jakarta-tomcat-3.2.4\webapps\cocoon\exslt\math\functions\exp\math.exp.msxsl.xsl.html --> ftp.exslt.org /www.exslt.org/public_html/math/functions/exp math.exp.msxsl.xsl.html
102.11.19 13:22 B C:\jakarta-tomcat-3.2.4\webapps\cocoon\exslt\math\functions\exp\math.exp.package.txt --> ftp.exslt.org /www.exslt.org/public_html/math/functions/exp math.exp.package.txt
102.11.19 13:22 B C:\jakarta-tomcat-3.2.4\webapps\cocoon\exslt\math\functions\exp\math.exp.use-cases.txt --> ftp.exslt.org /www.exslt.org/public_html/math/functions/exp math.exp.use-cases.txt
102.11.19 13:22 B C:\jakarta-tomcat-3.2.4\webapps\cocoon\exslt\math\functions\exp\math.exp.use-cases.zip --> ftp.exslt.org /www.exslt.org/public_html/math/functions/exp math.exp.use-cases.zip
102.11.19 13:22 B C:\jakarta-tomcat-3.2.4\webapps\cocoon\exslt\math\functions\exp\math.exp.xml --> ftp.exslt.org /www.exslt.org/public_html/math/functions/exp math.exp.xml
102.11.19 13:22 B C:\jakarta-tomcat-3.2.4\webapps\cocoon\exslt\math\functions\exp\math.exp.xsl --> ftp.exslt.org /www.exslt.org/public_html/math/functions/exp math.exp.xsl
102.11.19 13:22 B C:\jakarta-tomcat-3.2.4\webapps\cocoon\exslt\math\functions\exp\math.exp.zip --> ftp.exslt.org /www.exslt.org/public_html/math/functions/exp math.exp.zip
102.11.19 13:22 B C:\jakarta-tomcat-3.2.4\webapps\cocoon\exslt\math\functions\exp\refresh.bat --> ftp.exslt.org /www.exslt.org/public_html/math/functions/exp refresh.bat
102.11.19 13:22 B C:\jakarta-tomcat-3.2.4\webapps\cocoon\exslt\math\functions\exp\update.bat --> ftp.exslt.org /www.exslt.org/public_html/math/functions/exp update.bat
102.11.19 13:22 B C:\jakarta-tomcat-3.2.4\webapps\cocoon\exslt\math\functions\exp\WS_FTP.LOG --> ftp.exslt.org /www.exslt.org/public_html/math/functions/exp WS_FTP.LOG
102.11.19 13:27 B C:\jakarta-tomcat-3.2.4\webapps\cocoon\exslt\math\functions\exp\base.css --> ftp.exslt.org /www.exslt.org/public_html/math/functions/exp base.css
102.11.19 13:27 B C:\jakarta-tomcat-3.2.4\webapps\cocoon\exslt\math\functions\exp\index.html --> ftp.exslt.org /www.exslt.org/public_html/math/functions/exp index.html
102.11.19 13:27 B C:\jakarta-tomcat-3.2.4\webapps\cocoon\exslt\math\functions\exp\math.exp.1.html --> ftp.exslt.org /www.exslt.org/public_html/math/functions/exp math.exp.1.html
102.11.19 13:27 B C:\jakarta-tomcat-3.2.4\webapps\cocoon\exslt\math\functions\exp\math.exp.html --> ftp.exslt.org /www.exslt.org/public_html/math/functions/exp math.exp.html
102.11.19 13:27 B C:\jakarta-tomcat-3.2.4\webapps\cocoon\exslt\math\functions\exp\math.exp.js --> ftp.exslt.org /www.exslt.org/public_html/math/functions/exp math.exp.js
102.11.19 13:27 B C:\jakarta-tomcat-3.2.4\webapps\cocoon\exslt\math\functions\exp\math.exp.js.html --> ftp.exslt.org /www.exslt.org/public_html/math/functions/exp math.exp.js.html
102.11.19 13:27 B C:\jakarta-tomcat-3.2.4\webapps\cocoon\exslt\math\functions\exp\math.exp.msxsl.xsl --> ftp.exslt.org /www.exslt.org/public_html/math/functions/exp math.exp.msxsl.xsl
102.11.19 13:27 B C:\jakarta-tomcat-3.2.4\webapps\cocoon\exslt\math\functions\exp\math.exp.msxsl.xsl.html --> ftp.exslt.org /www.exslt.org/public_html/math/functions/exp math.exp.msxsl.xsl.html
102.11.19 13:27 B C:\jakarta-tomcat-3.2.4\webapps\cocoon\exslt\math\functions\exp\math.exp.package.txt --> ftp.exslt.org /www.exslt.org/public_html/math/functions/exp math.exp.package.txt
102.11.19 13:27 B C:\jakarta-tomcat-3.2.4\webapps\cocoon\exslt\math\functions\exp\math.exp.use-cases.txt --> ftp.exslt.org /www.exslt.org/public_html/math/functions/exp math.exp.use-cases.txt
102.11.19 13:27 B C:\jakarta-tomcat-3.2.4\webapps\cocoon\exslt\math\functions\exp\math.exp.use-cases.zip --> ftp.exslt.org /www.exslt.org/public_html/math/functions/exp math.exp.use-cases.zip
102.11.19 13:27 B C:\jakarta-tomcat-3.2.4\webapps\cocoon\exslt\math\functions\exp\math.exp.xml --> ftp.exslt.org /www.exslt.org/public_html/math/functions/exp math.exp.xml
102.11.19 13:27 B C:\jakarta-tomcat-3.2.4\webapps\cocoon\exslt\math\functions\exp\math.exp.xsl --> ftp.exslt.org /www.exslt.org/public_html/math/functions/exp math.exp.xsl
102.11.19 13:27 B C:\jakarta-tomcat-3.2.4\webapps\cocoon\exslt\math\functions\exp\math.exp.zip --> ftp.exslt.org /www.exslt.org/public_html/math/functions/exp math.exp.zip
102.11.19 13:27 B C:\jakarta-tomcat-3.2.4\webapps\cocoon\exslt\math\functions\exp\refresh.bat --> ftp.exslt.org /www.exslt.org/public_html/math/functions/exp refresh.bat
102.11.19 13:27 B C:\jakarta-tomcat-3.2.4\webapps\cocoon\exslt\math\functions\exp\update.bat --> ftp.exslt.org /www.exslt.org/public_html/math/functions/exp update.bat
102.12.02 12:32 B C:\jakarta-tomcat-3.2.4\webapps\cocoon\exslt\public_html\math\functions\exp\WS_FTP.LOG <-- ftp.exslt.org /www.exslt.org/public_html/math/functions/exp WS_FTP.LOG
102.12.03 11:11 B C:\jakarta-tomcat-3.2.4\webapps\cocoon\exslt\math\functions\exp\base.css --> ftp.exslt.org /www.exslt.org/public_html/math/functions/exp base.css
102.12.03 11:11 B C:\jakarta-tomcat-3.2.4\webapps\cocoon\exslt\math\functions\exp\index.html --> ftp.exslt.org /www.exslt.org/public_html/math/functions/exp index.html
102.12.03 11:11 B C:\jakarta-tomcat-3.2.4\webapps\cocoon\exslt\math\functions\exp\math.exp.1.html --> ftp.exslt.org /www.exslt.org/public_html/math/functions/exp math.exp.1.html
102.12.03 11:11 B C:\jakarta-tomcat-3.2.4\webapps\cocoon\exslt\math\functions\exp\math.exp.1.xml --> ftp.exslt.org /www.exslt.org/public_html/math/functions/exp math.exp.1.xml
102.12.03 11:11 B C:\jakarta-tomcat-3.2.4\webapps\cocoon\exslt\math\functions\exp\math.exp.1.xsl --> ftp.exslt.org /www.exslt.org/public_html/math/functions/exp math.exp.1.xsl
102.12.03 11:11 B C:\jakarta-tomcat-3.2.4\webapps\cocoon\exslt\math\functions\exp\math.exp.html --> ftp.exslt.org /www.exslt.org/public_html/math/functions/exp math.exp.html
102.12.03 11:11 B C:\jakarta-tomcat-3.2.4\webapps\cocoon\exslt\math\functions\exp\math.exp.js --> ftp.exslt.org /www.exslt.org/public_html/math/functions/exp math.exp.js
102.12.03 11:11 B C:\jakarta-tomcat-3.2.4\webapps\cocoon\exslt\math\functions\exp\math.exp.js.html --> ftp.exslt.org /www.exslt.org/public_html/math/functions/exp math.exp.js.html
102.12.03 11:11 B C:\jakarta-tomcat-3.2.4\webapps\cocoon\exslt\math\functions\exp\math.exp.msxsl.xsl --> ftp.exslt.org /www.exslt.org/public_html/math/functions/exp math.exp.msxsl.xsl
102.12.03 11:11 B C:\jakarta-tomcat-3.2.4\webapps\cocoon\exslt\math\functions\exp\math.exp.msxsl.xsl.html --> ftp.exslt.org /www.exslt.org/public_html/math/functions/exp math.exp.msxsl.xsl.html
102.12.03 11:11 B C:\jakarta-tomcat-3.2.4\webapps\cocoon\exslt\math\functions\exp\math.exp.package.txt --> ftp.exslt.org /www.exslt.org/public_html/math/functions/exp math.exp.package.txt
102.12.03 11:11 B C:\jakarta-tomcat-3.2.4\webapps\cocoon\exslt\math\functions\exp\math.exp.use-cases.txt --> ftp.exslt.org /www.exslt.org/public_html/math/functions/exp math.exp.use-cases.txt
102.12.03 11:11 B C:\jakarta-tomcat-3.2.4\webapps\cocoon\exslt\math\functions\exp\math.exp.use-cases.zip --> ftp.exslt.org /www.exslt.org/public_html/math/functions/exp math.exp.use-cases.zip
102.12.03 11:11 B C:\jakarta-tomcat-3.2.4\webapps\cocoon\exslt\math\functions\exp\math.exp.xml --> ftp.exslt.org /www.exslt.org/public_html/math/functions/exp math.exp.xml
102.12.03 11:11 B C:\jakarta-tomcat-3.2.4\webapps\cocoon\exslt\math\functions\exp\math.exp.xsl --> ftp.exslt.org /www.exslt.org/public_html/math/functions/exp math.exp.xsl
102.12.03 11:11 B C:\jakarta-tomcat-3.2.4\webapps\cocoon\exslt\math\functions\exp\math.exp.zip --> ftp.exslt.org /www.exslt.org/public_html/math/functions/exp math.exp.zip
102.12.03 11:11 B C:\jakarta-tomcat-3.2.4\webapps\cocoon\exslt\math\functions\exp\refresh.bat --> ftp.exslt.org /www.exslt.org/public_html/math/functions/exp refresh.bat
102.12.03 11:11 B C:\jakarta-tomcat-3.2.4\webapps\cocoon\exslt\math\functions\exp\update.bat --> ftp.exslt.org /www.exslt.org/public_html/math/functions/exp update.bat
102.12.03 11:11 B C:\jakarta-tomcat-3.2.4\webapps\cocoon\exslt\math\functions\exp\WS_FTP.LOG --> ftp.exslt.org /www.exslt.org/public_html/math/functions/exp WS_FTP.LOG
102.12.11 11:05 B C:\jakarta-tomcat-3.2.4\webapps\cocoon\exslt\math\functions\exp\base.css --> ftp.exslt.org /www.exslt.org/public_html/math/functions/exp base.css
102.12.11 11:05 B C:\jakarta-tomcat-3.2.4\webapps\cocoon\exslt\math\functions\exp\index.html --> ftp.exslt.org /www.exslt.org/public_html/math/functions/exp index.html
102.12.11 11:05 B C:\jakarta-tomcat-3.2.4\webapps\cocoon\exslt\math\functions\exp\math.exp.1.html --> ftp.exslt.org /www.exslt.org/public_html/math/functions/exp math.exp.1.html
102.12.11 11:05 B C:\jakarta-tomcat-3.2.4\webapps\cocoon\exslt\math\functions\exp\math.exp.1.xml --> ftp.exslt.org /www.exslt.org/public_html/math/functions/exp math.exp.1.xml
102.12.11 11:05 B C:\jakarta-tomcat-3.2.4\webapps\cocoon\exslt\math\functions\exp\math.exp.1.xsl --> ftp.exslt.org /www.exslt.org/public_html/math/functions/exp math.exp.1.xsl
102.12.11 11:05 B C:\jakarta-tomcat-3.2.4\webapps\cocoon\exslt\math\functions\exp\math.exp.html --> ftp.exslt.org /www.exslt.org/public_html/math/functions/exp math.exp.html
102.12.11 11:05 B C:\jakarta-tomcat-3.2.4\webapps\cocoon\exslt\math\functions\exp\math.exp.js --> ftp.exslt.org /www.exslt.org/public_html/math/functions/exp math.exp.js
102.12.11 11:05 B C:\jakarta-tomcat-3.2.4\webapps\cocoon\exslt\math\functions\exp\math.exp.js.html --> ftp.exslt.org /www.exslt.org/public_html/math/functions/exp math.exp.js.html
102.12.11 11:05 B C:\jakarta-tomcat-3.2.4\webapps\cocoon\exslt\math\functions\exp\math.exp.msxsl.xsl --> ftp.exslt.org /www.exslt.org/public_html/math/functions/exp math.exp.msxsl.xsl
102.12.11 11:05 B C:\jakarta-tomcat-3.2.4\webapps\cocoon\exslt\math\functions\exp\math.exp.msxsl.xsl.html --> ftp.exslt.org /www.exslt.org/public_html/math/functions/exp math.exp.msxsl.xsl.html
102.12.11 11:05 B C:\jakarta-tomcat-3.2.4\webapps\cocoon\exslt\math\functions\exp\math.exp.package.txt --> ftp.exslt.org /www.exslt.org/public_html/math/functions/exp math.exp.package.txt
102.12.11 11:05 B C:\jakarta-tomcat-3.2.4\webapps\cocoon\exslt\math\functions\exp\math.exp.use-cases.txt --> ftp.exslt.org /www.exslt.org/public_html/math/functions/exp math.exp.use-cases.txt
102.12.11 11:05 B C:\jakarta-tomcat-3.2.4\webapps\cocoon\exslt\math\functions\exp\math.exp.use-cases.zip --> ftp.exslt.org /www.exslt.org/public_html/math/functions/exp math.exp.use-cases.zip
102.12.11 11:05 B C:\jakarta-tomcat-3.2.4\webapps\cocoon\exslt\math\functions\exp\math.exp.xml --> ftp.exslt.org /www.exslt.org/public_html/math/functions/exp math.exp.xml
102.12.11 11:05 B C:\jakarta-tomcat-3.2.4\webapps\cocoon\exslt\math\functions\exp\math.exp.xsl --> ftp.exslt.org /www.exslt.org/public_html/math/functions/exp math.exp.xsl
102.12.11 11:05 B C:\jakarta-tomcat-3.2.4\webapps\cocoon\exslt\math\functions\exp\math.exp.zip --> ftp.exslt.org /www.exslt.org/public_html/math/functions/exp math.exp.zip
102.12.11 11:05 B C:\jakarta-tomcat-3.2.4\webapps\cocoon\exslt\math\functions\exp\refresh.bat --> ftp.exslt.org /www.exslt.org/public_html/math/functions/exp refresh.bat
102.12.11 11:05 B C:\jakarta-tomcat-3.2.4\webapps\cocoon\exslt\math\functions\exp\update.bat --> ftp.exslt.org /www.exslt.org/public_html/math/functions/exp update.bat
103.03.03 16:49 B C:\jakarta-tomcat-3.2.4\webapps\cocoon\exslt\math\functions\exp\WS_FTP.LOG <-- ftp.exslt.org /www.exslt.org/public_html/math/functions/exp WS_FTP.LOG
103.03.03 17:12 B C:\jakarta-tomcat-3.2.4\webapps\cocoon\exslt\math\functions\exp\base.css --> ftp.exslt.org /www.exslt.org/public_html/math/functions/exp base.css
103.03.03 17:12 B C:\jakarta-tomcat-3.2.4\webapps\cocoon\exslt\math\functions\exp\index.html --> ftp.exslt.org /www.exslt.org/public_html/math/functions/exp index.html
103.03.03 17:12 B C:\jakarta-tomcat-3.2.4\webapps\cocoon\exslt\math\functions\exp\math.exp.1.html --> ftp.exslt.org /www.exslt.org/public_html/math/functions/exp math.exp.1.html
103.03.03 17:12 B C:\jakarta-tomcat-3.2.4\webapps\cocoon\exslt\math\functions\exp\math.exp.1.xml --> ftp.exslt.org /www.exslt.org/public_html/math/functions/exp math.exp.1.xml
103.03.03 17:12 B C:\jakarta-tomcat-3.2.4\webapps\cocoon\exslt\math\functions\exp\math.exp.1.xsl --> ftp.exslt.org /www.exslt.org/public_html/math/functions/exp math.exp.1.xsl
103.03.03 17:12 B C:\jakarta-tomcat-3.2.4\webapps\cocoon\exslt\math\functions\exp\math.exp.html --> ftp.exslt.org /www.exslt.org/public_html/math/functions/exp math.exp.html
103.03.03 17:12 B C:\jakarta-tomcat-3.2.4\webapps\cocoon\exslt\math\functions\exp\math.exp.js --> ftp.exslt.org /www.exslt.org/public_html/math/functions/exp math.exp.js
103.03.03 17:12 B C:\jakarta-tomcat-3.2.4\webapps\cocoon\exslt\math\functions\exp\math.exp.js.html --> ftp.exslt.org /www.exslt.org/public_html/math/functions/exp math.exp.js.html
103.03.03 17:12 B C:\jakarta-tomcat-3.2.4\webapps\cocoon\exslt\math\functions\exp\math.exp.msxsl.xsl --> ftp.exslt.org /www.exslt.org/public_html/math/functions/exp math.exp.msxsl.xsl
103.03.03 17:12 B C:\jakarta-tomcat-3.2.4\webapps\cocoon\exslt\math\functions\exp\math.exp.msxsl.xsl.html --> ftp.exslt.org /www.exslt.org/public_html/math/functions/exp math.exp.msxsl.xsl.html
103.03.03 17:12 B C:\jakarta-tomcat-3.2.4\webapps\cocoon\exslt\math\functions\exp\math.exp.package.txt --> ftp.exslt.org /www.exslt.org/public_html/math/functions/exp math.exp.package.txt
103.03.03 17:12 B C:\jakarta-tomcat-3.2.4\webapps\cocoon\exslt\math\functions\exp\math.exp.use-cases.txt --> ftp.exslt.org /www.exslt.org/public_html/math/functions/exp math.exp.use-cases.txt
103.03.03 17:12 B C:\jakarta-tomcat-3.2.4\webapps\cocoon\exslt\math\functions\exp\math.exp.use-cases.zip --> ftp.exslt.org /www.exslt.org/public_html/math/functions/exp math.exp.use-cases.zip
103.03.03 17:12 B C:\jakarta-tomcat-3.2.4\webapps\cocoon\exslt\math\functions\exp\math.exp.xml --> ftp.exslt.org /www.exslt.org/public_html/math/functions/exp math.exp.xml
103.03.03 17:12 B C:\jakarta-tomcat-3.2.4\webapps\cocoon\exslt\math\functions\exp\math.exp.xsl --> ftp.exslt.org /www.exslt.org/public_html/math/functions/exp math.exp.xsl
103.03.03 17:12 B C:\jakarta-tomcat-3.2.4\webapps\cocoon\exslt\math\functions\exp\math.exp.zip --> ftp.exslt.org /www.exslt.org/public_html/math/functions/exp math.exp.zip
103.03.03 17:12 B C:\jakarta-tomcat-3.2.4\webapps\cocoon\exslt\math\functions\exp\refresh.bat --> ftp.exslt.org /www.exslt.org/public_html/math/functions/exp refresh.bat
103.03.03 17:12 B C:\jakarta-tomcat-3.2.4\webapps\cocoon\exslt\math\functions\exp\update.bat --> ftp.exslt.org /www.exslt.org/public_html/math/functions/exp update.bat
