102.08.21 17:33 B C:\jakarta-tomcat-3.2.4\webapps\cocoon\exslt\set\functions\has-same-node\base.css --> ftp.exslt.org /www.exslt.org/public_html/set/functions/has-same-node base.css
102.08.21 17:33 B C:\jakarta-tomcat-3.2.4\webapps\cocoon\exslt\set\functions\has-same-node\index.html --> ftp.exslt.org /www.exslt.org/public_html/set/functions/has-same-node index.html
102.08.21 17:33 B C:\jakarta-tomcat-3.2.4\webapps\cocoon\exslt\set\functions\has-same-node\refresh.bat --> ftp.exslt.org /www.exslt.org/public_html/set/functions/has-same-node refresh.bat
102.08.21 17:33 B C:\jakarta-tomcat-3.2.4\webapps\cocoon\exslt\set\functions\has-same-node\set.has-same-node.1.html --> ftp.exslt.org /www.exslt.org/public_html/set/functions/has-same-node set.has-same-node.1.html
102.08.21 17:33 B C:\jakarta-tomcat-3.2.4\webapps\cocoon\exslt\set\functions\has-same-node\set.has-same-node.1.xsl --> ftp.exslt.org /www.exslt.org/public_html/set/functions/has-same-node set.has-same-node.1.xsl
102.08.21 17:33 B C:\jakarta-tomcat-3.2.4\webapps\cocoon\exslt\set\functions\has-same-node\set.has-same-node.data.1.xml --> ftp.exslt.org /www.exslt.org/public_html/set/functions/has-same-node set.has-same-node.data.1.xml
102.08.21 17:33 B C:\jakarta-tomcat-3.2.4\webapps\cocoon\exslt\set\functions\has-same-node\set.has-same-node.function.xsl --> ftp.exslt.org /www.exslt.org/public_html/set/functions/has-same-node set.has-same-node.function.xsl
102.08.21 17:33 B C:\jakarta-tomcat-3.2.4\webapps\cocoon\exslt\set\functions\has-same-node\set.has-same-node.function.xsl.html --> ftp.exslt.org /www.exslt.org/public_html/set/functions/has-same-node set.has-same-node.function.xsl.html
102.08.21 17:33 B C:\jakarta-tomcat-3.2.4\webapps\cocoon\exslt\set\functions\has-same-node\set.has-same-node.html --> ftp.exslt.org /www.exslt.org/public_html/set/functions/has-same-node set.has-same-node.html
102.08.21 17:33 B C:\jakarta-tomcat-3.2.4\webapps\cocoon\exslt\set\functions\has-same-node\set.has-same-node.package.txt --> ftp.exslt.org /www.exslt.org/public_html/set/functions/has-same-node set.has-same-node.package.txt
102.08.21 17:33 B C:\jakarta-tomcat-3.2.4\webapps\cocoon\exslt\set\functions\has-same-node\set.has-same-node.result.1.xml --> ftp.exslt.org /www.exslt.org/public_html/set/functions/has-same-node set.has-same-node.result.1.xml
102.08.21 17:33 B C:\jakarta-tomcat-3.2.4\webapps\cocoon\exslt\set\functions\has-same-node\set.has-same-node.template.xsl --> ftp.exslt.org /www.exslt.org/public_html/set/functions/has-same-node set.has-same-node.template.xsl
102.08.21 17:33 B C:\jakarta-tomcat-3.2.4\webapps\cocoon\exslt\set\functions\has-same-node\set.has-same-node.template.xsl.html --> ftp.exslt.org /www.exslt.org/public_html/set/functions/has-same-node set.has-same-node.template.xsl.html
102.08.21 17:33 B C:\jakarta-tomcat-3.2.4\webapps\cocoon\exslt\set\functions\has-same-node\set.has-same-node.use-case.1.html --> ftp.exslt.org /www.exslt.org/public_html/set/functions/has-same-node set.has-same-node.use-case.1.html
102.08.21 17:33 B C:\jakarta-tomcat-3.2.4\webapps\cocoon\exslt\set\functions\has-same-node\set.has-same-node.use-cases.txt --> ftp.exslt.org /www.exslt.org/public_html/set/functions/has-same-node set.has-same-node.use-cases.txt
102.08.21 17:33 B C:\jakarta-tomcat-3.2.4\webapps\cocoon\exslt\set\functions\has-same-node\set.has-same-node.use-cases.zip --> ftp.exslt.org /www.exslt.org/public_html/set/functions/has-same-node set.has-same-node.use-cases.zip
102.08.21 17:33 B C:\jakarta-tomcat-3.2.4\webapps\cocoon\exslt\set\functions\has-same-node\set.has-same-node.xml --> ftp.exslt.org /www.exslt.org/public_html/set/functions/has-same-node set.has-same-node.xml
102.08.21 17:33 B C:\jakarta-tomcat-3.2.4\webapps\cocoon\exslt\set\functions\has-same-node\set.has-same-node.xsl --> ftp.exslt.org /www.exslt.org/public_html/set/functions/has-same-node set.has-same-node.xsl
102.08.21 17:33 B C:\jakarta-tomcat-3.2.4\webapps\cocoon\exslt\set\functions\has-same-node\set.has-same-node.zip --> ftp.exslt.org /www.exslt.org/public_html/set/functions/has-same-node set.has-same-node.zip
102.08.21 17:33 B C:\jakarta-tomcat-3.2.4\webapps\cocoon\exslt\set\functions\has-same-node\update.bat --> ftp.exslt.org /www.exslt.org/public_html/set/functions/has-same-node update.bat
102.11.19 14:11 B C:\jakarta-tomcat-3.2.4\webapps\cocoon\exslt\set\functions\has-same-node\base.css --> ftp.exslt.org /www.exslt.org/public_html/set/functions/has-same-node base.css
102.11.19 14:11 B C:\jakarta-tomcat-3.2.4\webapps\cocoon\exslt\set\functions\has-same-node\index.html --> ftp.exslt.org /www.exslt.org/public_html/set/functions/has-same-node index.html
102.11.19 14:11 B C:\jakarta-tomcat-3.2.4\webapps\cocoon\exslt\set\functions\has-same-node\refresh.bat --> ftp.exslt.org /www.exslt.org/public_html/set/functions/has-same-node refresh.bat
102.11.19 14:11 B C:\jakarta-tomcat-3.2.4\webapps\cocoon\exslt\set\functions\has-same-node\set.has-same-node.1.html --> ftp.exslt.org /www.exslt.org/public_html/set/functions/has-same-node set.has-same-node.1.html
102.11.19 14:11 B C:\jakarta-tomcat-3.2.4\webapps\cocoon\exslt\set\functions\has-same-node\set.has-same-node.1.xsl --> ftp.exslt.org /www.exslt.org/public_html/set/functions/has-same-node set.has-same-node.1.xsl
102.11.19 14:11 B C:\jakarta-tomcat-3.2.4\webapps\cocoon\exslt\set\functions\has-same-node\set.has-same-node.data.1.xml --> ftp.exslt.org /www.exslt.org/public_html/set/functions/has-same-node set.has-same-node.data.1.xml
102.11.19 14:11 B C:\jakarta-tomcat-3.2.4\webapps\cocoon\exslt\set\functions\has-same-node\set.has-same-node.function.xsl --> ftp.exslt.org /www.exslt.org/public_html/set/functions/has-same-node set.has-same-node.function.xsl
102.11.19 14:11 B C:\jakarta-tomcat-3.2.4\webapps\cocoon\exslt\set\functions\has-same-node\set.has-same-node.function.xsl.html --> ftp.exslt.org /www.exslt.org/public_html/set/functions/has-same-node set.has-same-node.function.xsl.html
102.11.19 14:11 B C:\jakarta-tomcat-3.2.4\webapps\cocoon\exslt\set\functions\has-same-node\set.has-same-node.html --> ftp.exslt.org /www.exslt.org/public_html/set/functions/has-same-node set.has-same-node.html
102.11.19 14:11 B C:\jakarta-tomcat-3.2.4\webapps\cocoon\exslt\set\functions\has-same-node\set.has-same-node.package.txt --> ftp.exslt.org /www.exslt.org/public_html/set/functions/has-same-node set.has-same-node.package.txt
102.11.19 14:11 B C:\jakarta-tomcat-3.2.4\webapps\cocoon\exslt\set\functions\has-same-node\set.has-same-node.result.1.xml --> ftp.exslt.org /www.exslt.org/public_html/set/functions/has-same-node set.has-same-node.result.1.xml
102.11.19 14:11 B C:\jakarta-tomcat-3.2.4\webapps\cocoon\exslt\set\functions\has-same-node\set.has-same-node.template.xsl --> ftp.exslt.org /www.exslt.org/public_html/set/functions/has-same-node set.has-same-node.template.xsl
102.11.19 14:11 B C:\jakarta-tomcat-3.2.4\webapps\cocoon\exslt\set\functions\has-same-node\set.has-same-node.template.xsl.html --> ftp.exslt.org /www.exslt.org/public_html/set/functions/has-same-node set.has-same-node.template.xsl.html
102.11.19 14:11 B C:\jakarta-tomcat-3.2.4\webapps\cocoon\exslt\set\functions\has-same-node\set.has-same-node.use-case.1.html --> ftp.exslt.org /www.exslt.org/public_html/set/functions/has-same-node set.has-same-node.use-case.1.html
102.11.19 14:12 B C:\jakarta-tomcat-3.2.4\webapps\cocoon\exslt\set\functions\has-same-node\set.has-same-node.use-cases.txt --> ftp.exslt.org /www.exslt.org/public_html/set/functions/has-same-node set.has-same-node.use-cases.txt
102.11.19 14:12 B C:\jakarta-tomcat-3.2.4\webapps\cocoon\exslt\set\functions\has-same-node\set.has-same-node.use-cases.zip --> ftp.exslt.org /www.exslt.org/public_html/set/functions/has-same-node set.has-same-node.use-cases.zip
102.11.19 14:12 B C:\jakarta-tomcat-3.2.4\webapps\cocoon\exslt\set\functions\has-same-node\set.has-same-node.xml --> ftp.exslt.org /www.exslt.org/public_html/set/functions/has-same-node set.has-same-node.xml
102.11.19 14:12 B C:\jakarta-tomcat-3.2.4\webapps\cocoon\exslt\set\functions\has-same-node\set.has-same-node.xsl --> ftp.exslt.org /www.exslt.org/public_html/set/functions/has-same-node set.has-same-node.xsl
102.11.19 14:12 B C:\jakarta-tomcat-3.2.4\webapps\cocoon\exslt\set\functions\has-same-node\set.has-same-node.zip --> ftp.exslt.org /www.exslt.org/public_html/set/functions/has-same-node set.has-same-node.zip
102.11.19 14:12 B C:\jakarta-tomcat-3.2.4\webapps\cocoon\exslt\set\functions\has-same-node\update.bat --> ftp.exslt.org /www.exslt.org/public_html/set/functions/has-same-node update.bat
102.12.02 12:33 B C:\jakarta-tomcat-3.2.4\webapps\cocoon\exslt\public_html\set\functions\has-same-node\WS_FTP.LOG <-- ftp.exslt.org /www.exslt.org/public_html/set/functions/has-same-node WS_FTP.LOG
102.12.03 11:12 B C:\jakarta-tomcat-3.2.4\webapps\cocoon\exslt\set\functions\has-same-node\base.css --> ftp.exslt.org /www.exslt.org/public_html/set/functions/has-same-node base.css
102.12.03 11:12 B C:\jakarta-tomcat-3.2.4\webapps\cocoon\exslt\set\functions\has-same-node\index.html --> ftp.exslt.org /www.exslt.org/public_html/set/functions/has-same-node index.html
102.12.03 11:12 B C:\jakarta-tomcat-3.2.4\webapps\cocoon\exslt\set\functions\has-same-node\refresh.bat --> ftp.exslt.org /www.exslt.org/public_html/set/functions/has-same-node refresh.bat
102.12.03 11:12 B C:\jakarta-tomcat-3.2.4\webapps\cocoon\exslt\set\functions\has-same-node\set.has-same-node.1.html --> ftp.exslt.org /www.exslt.org/public_html/set/functions/has-same-node set.has-same-node.1.html
102.12.03 11:12 B C:\jakarta-tomcat-3.2.4\webapps\cocoon\exslt\set\functions\has-same-node\set.has-same-node.1.xsl --> ftp.exslt.org /www.exslt.org/public_html/set/functions/has-same-node set.has-same-node.1.xsl
102.12.03 11:12 B C:\jakarta-tomcat-3.2.4\webapps\cocoon\exslt\set\functions\has-same-node\set.has-same-node.data.1.xml --> ftp.exslt.org /www.exslt.org/public_html/set/functions/has-same-node set.has-same-node.data.1.xml
102.12.03 11:12 B C:\jakarta-tomcat-3.2.4\webapps\cocoon\exslt\set\functions\has-same-node\set.has-same-node.function.xsl --> ftp.exslt.org /www.exslt.org/public_html/set/functions/has-same-node set.has-same-node.function.xsl
102.12.03 11:12 B C:\jakarta-tomcat-3.2.4\webapps\cocoon\exslt\set\functions\has-same-node\set.has-same-node.function.xsl.html --> ftp.exslt.org /www.exslt.org/public_html/set/functions/has-same-node set.has-same-node.function.xsl.html
102.12.03 11:12 B C:\jakarta-tomcat-3.2.4\webapps\cocoon\exslt\set\functions\has-same-node\set.has-same-node.html --> ftp.exslt.org /www.exslt.org/public_html/set/functions/has-same-node set.has-same-node.html
102.12.03 11:12 B C:\jakarta-tomcat-3.2.4\webapps\cocoon\exslt\set\functions\has-same-node\set.has-same-node.package.txt --> ftp.exslt.org /www.exslt.org/public_html/set/functions/has-same-node set.has-same-node.package.txt
102.12.03 11:12 B C:\jakarta-tomcat-3.2.4\webapps\cocoon\exslt\set\functions\has-same-node\set.has-same-node.result.1.xml --> ftp.exslt.org /www.exslt.org/public_html/set/functions/has-same-node set.has-same-node.result.1.xml
102.12.03 11:12 B C:\jakarta-tomcat-3.2.4\webapps\cocoon\exslt\set\functions\has-same-node\set.has-same-node.template.xsl --> ftp.exslt.org /www.exslt.org/public_html/set/functions/has-same-node set.has-same-node.template.xsl
102.12.03 11:12 B C:\jakarta-tomcat-3.2.4\webapps\cocoon\exslt\set\functions\has-same-node\set.has-same-node.template.xsl.html --> ftp.exslt.org /www.exslt.org/public_html/set/functions/has-same-node set.has-same-node.template.xsl.html
102.12.03 11:12 B C:\jakarta-tomcat-3.2.4\webapps\cocoon\exslt\set\functions\has-same-node\set.has-same-node.use-case.1.html --> ftp.exslt.org /www.exslt.org/public_html/set/functions/has-same-node set.has-same-node.use-case.1.html
102.12.03 11:12 B C:\jakarta-tomcat-3.2.4\webapps\cocoon\exslt\set\functions\has-same-node\set.has-same-node.use-cases.txt --> ftp.exslt.org /www.exslt.org/public_html/set/functions/has-same-node set.has-same-node.use-cases.txt
102.12.03 11:12 B C:\jakarta-tomcat-3.2.4\webapps\cocoon\exslt\set\functions\has-same-node\set.has-same-node.use-cases.zip --> ftp.exslt.org /www.exslt.org/public_html/set/functions/has-same-node set.has-same-node.use-cases.zip
102.12.03 11:12 B C:\jakarta-tomcat-3.2.4\webapps\cocoon\exslt\set\functions\has-same-node\set.has-same-node.xml --> ftp.exslt.org /www.exslt.org/public_html/set/functions/has-same-node set.has-same-node.xml
102.12.03 11:12 B C:\jakarta-tomcat-3.2.4\webapps\cocoon\exslt\set\functions\has-same-node\set.has-same-node.xsl --> ftp.exslt.org /www.exslt.org/public_html/set/functions/has-same-node set.has-same-node.xsl
102.12.03 11:12 B C:\jakarta-tomcat-3.2.4\webapps\cocoon\exslt\set\functions\has-same-node\set.has-same-node.zip --> ftp.exslt.org /www.exslt.org/public_html/set/functions/has-same-node set.has-same-node.zip
102.12.03 11:12 B C:\jakarta-tomcat-3.2.4\webapps\cocoon\exslt\set\functions\has-same-node\update.bat --> ftp.exslt.org /www.exslt.org/public_html/set/functions/has-same-node update.bat
102.12.03 11:12 B C:\jakarta-tomcat-3.2.4\webapps\cocoon\exslt\set\functions\has-same-node\WS_FTP.LOG --> ftp.exslt.org /www.exslt.org/public_html/set/functions/has-same-node WS_FTP.LOG
102.12.03 11:15 B C:\jakarta-tomcat-3.2.4\webapps\cocoon\exslt\set\functions\has-same-node\base.css --> ftp.exslt.org /www.exslt.org/public_html/set/functions/has-same-node base.css
102.12.03 11:15 B C:\jakarta-tomcat-3.2.4\webapps\cocoon\exslt\set\functions\has-same-node\index.html --> ftp.exslt.org /www.exslt.org/public_html/set/functions/has-same-node index.html
102.12.03 11:15 B C:\jakarta-tomcat-3.2.4\webapps\cocoon\exslt\set\functions\has-same-node\refresh.bat --> ftp.exslt.org /www.exslt.org/public_html/set/functions/has-same-node refresh.bat
102.12.03 11:15 B C:\jakarta-tomcat-3.2.4\webapps\cocoon\exslt\set\functions\has-same-node\set.has-same-node.1.html --> ftp.exslt.org /www.exslt.org/public_html/set/functions/has-same-node set.has-same-node.1.html
102.12.03 11:15 B C:\jakarta-tomcat-3.2.4\webapps\cocoon\exslt\set\functions\has-same-node\set.has-same-node.1.xsl --> ftp.exslt.org /www.exslt.org/public_html/set/functions/has-same-node set.has-same-node.1.xsl
102.12.03 11:15 B C:\jakarta-tomcat-3.2.4\webapps\cocoon\exslt\set\functions\has-same-node\set.has-same-node.data.1.xml --> ftp.exslt.org /www.exslt.org/public_html/set/functions/has-same-node set.has-same-node.data.1.xml
102.12.03 11:15 B C:\jakarta-tomcat-3.2.4\webapps\cocoon\exslt\set\functions\has-same-node\set.has-same-node.function.xsl --> ftp.exslt.org /www.exslt.org/public_html/set/functions/has-same-node set.has-same-node.function.xsl
102.12.03 11:15 B C:\jakarta-tomcat-3.2.4\webapps\cocoon\exslt\set\functions\has-same-node\set.has-same-node.function.xsl.html --> ftp.exslt.org /www.exslt.org/public_html/set/functions/has-same-node set.has-same-node.function.xsl.html
102.12.03 11:15 B C:\jakarta-tomcat-3.2.4\webapps\cocoon\exslt\set\functions\has-same-node\set.has-same-node.html --> ftp.exslt.org /www.exslt.org/public_html/set/functions/has-same-node set.has-same-node.html
102.12.03 11:15 B C:\jakarta-tomcat-3.2.4\webapps\cocoon\exslt\set\functions\has-same-node\set.has-same-node.package.txt --> ftp.exslt.org /www.exslt.org/public_html/set/functions/has-same-node set.has-same-node.package.txt
102.12.03 11:15 B C:\jakarta-tomcat-3.2.4\webapps\cocoon\exslt\set\functions\has-same-node\set.has-same-node.result.1.xml --> ftp.exslt.org /www.exslt.org/public_html/set/functions/has-same-node set.has-same-node.result.1.xml
102.12.03 11:15 B C:\jakarta-tomcat-3.2.4\webapps\cocoon\exslt\set\functions\has-same-node\set.has-same-node.template.xsl --> ftp.exslt.org /www.exslt.org/public_html/set/functions/has-same-node set.has-same-node.template.xsl
102.12.03 11:15 B C:\jakarta-tomcat-3.2.4\webapps\cocoon\exslt\set\functions\has-same-node\set.has-same-node.template.xsl.html --> ftp.exslt.org /www.exslt.org/public_html/set/functions/has-same-node set.has-same-node.template.xsl.html
102.12.03 11:15 B C:\jakarta-tomcat-3.2.4\webapps\cocoon\exslt\set\functions\has-same-node\set.has-same-node.use-case.1.html --> ftp.exslt.org /www.exslt.org/public_html/set/functions/has-same-node set.has-same-node.use-case.1.html
102.12.03 11:15 B C:\jakarta-tomcat-3.2.4\webapps\cocoon\exslt\set\functions\has-same-node\set.has-same-node.use-cases.txt --> ftp.exslt.org /www.exslt.org/public_html/set/functions/has-same-node set.has-same-node.use-cases.txt
102.12.03 11:15 B C:\jakarta-tomcat-3.2.4\webapps\cocoon\exslt\set\functions\has-same-node\set.has-same-node.use-cases.zip --> ftp.exslt.org /www.exslt.org/public_html/set/functions/has-same-node set.has-same-node.use-cases.zip
102.12.03 11:15 B C:\jakarta-tomcat-3.2.4\webapps\cocoon\exslt\set\functions\has-same-node\set.has-same-node.xml --> ftp.exslt.org /www.exslt.org/public_html/set/functions/has-same-node set.has-same-node.xml
102.12.03 11:15 B C:\jakarta-tomcat-3.2.4\webapps\cocoon\exslt\set\functions\has-same-node\set.has-same-node.xsl --> ftp.exslt.org /www.exslt.org/public_html/set/functions/has-same-node set.has-same-node.xsl
102.12.03 11:15 B C:\jakarta-tomcat-3.2.4\webapps\cocoon\exslt\set\functions\has-same-node\set.has-same-node.zip --> ftp.exslt.org /www.exslt.org/public_html/set/functions/has-same-node set.has-same-node.zip
102.12.03 11:15 B C:\jakarta-tomcat-3.2.4\webapps\cocoon\exslt\set\functions\has-same-node\update.bat --> ftp.exslt.org /www.exslt.org/public_html/set/functions/has-same-node update.bat
102.12.03 11:15 B C:\jakarta-tomcat-3.2.4\webapps\cocoon\exslt\set\functions\has-same-node\WS_FTP.LOG --> ftp.exslt.org /www.exslt.org/public_html/set/functions/has-same-node WS_FTP.LOG
102.12.11 11:07 B C:\jakarta-tomcat-3.2.4\webapps\cocoon\exslt\set\functions\has-same-node\base.css --> ftp.exslt.org /www.exslt.org/public_html/set/functions/has-same-node base.css
102.12.11 11:07 B C:\jakarta-tomcat-3.2.4\webapps\cocoon\exslt\set\functions\has-same-node\index.html --> ftp.exslt.org /www.exslt.org/public_html/set/functions/has-same-node index.html
102.12.11 11:07 B C:\jakarta-tomcat-3.2.4\webapps\cocoon\exslt\set\functions\has-same-node\refresh.bat --> ftp.exslt.org /www.exslt.org/public_html/set/functions/has-same-node refresh.bat
102.12.11 11:07 B C:\jakarta-tomcat-3.2.4\webapps\cocoon\exslt\set\functions\has-same-node\set.has-same-node.1.html --> ftp.exslt.org /www.exslt.org/public_html/set/functions/has-same-node set.has-same-node.1.html
102.12.11 11:07 B C:\jakarta-tomcat-3.2.4\webapps\cocoon\exslt\set\functions\has-same-node\set.has-same-node.1.xsl --> ftp.exslt.org /www.exslt.org/public_html/set/functions/has-same-node set.has-same-node.1.xsl
102.12.11 11:07 B C:\jakarta-tomcat-3.2.4\webapps\cocoon\exslt\set\functions\has-same-node\set.has-same-node.data.1.xml --> ftp.exslt.org /www.exslt.org/public_html/set/functions/has-same-node set.has-same-node.data.1.xml
102.12.11 11:07 B C:\jakarta-tomcat-3.2.4\webapps\cocoon\exslt\set\functions\has-same-node\set.has-same-node.function.xsl --> ftp.exslt.org /www.exslt.org/public_html/set/functions/has-same-node set.has-same-node.function.xsl
102.12.11 11:07 B C:\jakarta-tomcat-3.2.4\webapps\cocoon\exslt\set\functions\has-same-node\set.has-same-node.function.xsl.html --> ftp.exslt.org /www.exslt.org/public_html/set/functions/has-same-node set.has-same-node.function.xsl.html
102.12.11 11:07 B C:\jakarta-tomcat-3.2.4\webapps\cocoon\exslt\set\functions\has-same-node\set.has-same-node.html --> ftp.exslt.org /www.exslt.org/public_html/set/functions/has-same-node set.has-same-node.html
102.12.11 11:07 B C:\jakarta-tomcat-3.2.4\webapps\cocoon\exslt\set\functions\has-same-node\set.has-same-node.package.txt --> ftp.exslt.org /www.exslt.org/public_html/set/functions/has-same-node set.has-same-node.package.txt
102.12.11 11:07 B C:\jakarta-tomcat-3.2.4\webapps\cocoon\exslt\set\functions\has-same-node\set.has-same-node.result.1.xml --> ftp.exslt.org /www.exslt.org/public_html/set/functions/has-same-node set.has-same-node.result.1.xml
102.12.11 11:07 B C:\jakarta-tomcat-3.2.4\webapps\cocoon\exslt\set\functions\has-same-node\set.has-same-node.template.xsl --> ftp.exslt.org /www.exslt.org/public_html/set/functions/has-same-node set.has-same-node.template.xsl
102.12.11 11:07 B C:\jakarta-tomcat-3.2.4\webapps\cocoon\exslt\set\functions\has-same-node\set.has-same-node.template.xsl.html --> ftp.exslt.org /www.exslt.org/public_html/set/functions/has-same-node set.has-same-node.template.xsl.html
102.12.11 11:07 B C:\jakarta-tomcat-3.2.4\webapps\cocoon\exslt\set\functions\has-same-node\set.has-same-node.use-case.1.html --> ftp.exslt.org /www.exslt.org/public_html/set/functions/has-same-node set.has-same-node.use-case.1.html
102.12.11 11:07 B C:\jakarta-tomcat-3.2.4\webapps\cocoon\exslt\set\functions\has-same-node\set.has-same-node.use-cases.txt --> ftp.exslt.org /www.exslt.org/public_html/set/functions/has-same-node set.has-same-node.use-cases.txt
102.12.11 11:07 B C:\jakarta-tomcat-3.2.4\webapps\cocoon\exslt\set\functions\has-same-node\set.has-same-node.use-cases.zip --> ftp.exslt.org /www.exslt.org/public_html/set/functions/has-same-node set.has-same-node.use-cases.zip
102.12.11 11:07 B C:\jakarta-tomcat-3.2.4\webapps\cocoon\exslt\set\functions\has-same-node\set.has-same-node.xml --> ftp.exslt.org /www.exslt.org/public_html/set/functions/has-same-node set.has-same-node.xml
102.12.11 11:07 B C:\jakarta-tomcat-3.2.4\webapps\cocoon\exslt\set\functions\has-same-node\set.has-same-node.xsl --> ftp.exslt.org /www.exslt.org/public_html/set/functions/has-same-node set.has-same-node.xsl
102.12.11 11:07 B C:\jakarta-tomcat-3.2.4\webapps\cocoon\exslt\set\functions\has-same-node\set.has-same-node.zip --> ftp.exslt.org /www.exslt.org/public_html/set/functions/has-same-node set.has-same-node.zip
102.12.11 11:07 B C:\jakarta-tomcat-3.2.4\webapps\cocoon\exslt\set\functions\has-same-node\update.bat --> ftp.exslt.org /www.exslt.org/public_html/set/functions/has-same-node update.bat
102.12.11 11:07 B C:\jakarta-tomcat-3.2.4\webapps\cocoon\exslt\set\functions\has-same-node\WS_FTP.LOG --> ftp.exslt.org /www.exslt.org/public_html/set/functions/has-same-node WS_FTP.LOG
102.12.11 11:11 B C:\jakarta-tomcat-3.2.4\webapps\cocoon\exslt\set\functions\has-same-node\base.css --> ftp.exslt.org /www.exslt.org/public_html/set/functions/has-same-node base.css
102.12.11 11:11 B C:\jakarta-tomcat-3.2.4\webapps\cocoon\exslt\set\functions\has-same-node\index.html --> ftp.exslt.org /www.exslt.org/public_html/set/functions/has-same-node index.html
102.12.11 11:11 B C:\jakarta-tomcat-3.2.4\webapps\cocoon\exslt\set\functions\has-same-node\refresh.bat --> ftp.exslt.org /www.exslt.org/public_html/set/functions/has-same-node refresh.bat
102.12.11 11:11 B C:\jakarta-tomcat-3.2.4\webapps\cocoon\exslt\set\functions\has-same-node\set.has-same-node.1.html --> ftp.exslt.org /www.exslt.org/public_html/set/functions/has-same-node set.has-same-node.1.html
102.12.11 11:11 B C:\jakarta-tomcat-3.2.4\webapps\cocoon\exslt\set\functions\has-same-node\set.has-same-node.1.xsl --> ftp.exslt.org /www.exslt.org/public_html/set/functions/has-same-node set.has-same-node.1.xsl
102.12.11 11:11 B C:\jakarta-tomcat-3.2.4\webapps\cocoon\exslt\set\functions\has-same-node\set.has-same-node.data.1.xml --> ftp.exslt.org /www.exslt.org/public_html/set/functions/has-same-node set.has-same-node.data.1.xml
102.12.11 11:11 B C:\jakarta-tomcat-3.2.4\webapps\cocoon\exslt\set\functions\has-same-node\set.has-same-node.function.xsl --> ftp.exslt.org /www.exslt.org/public_html/set/functions/has-same-node set.has-same-node.function.xsl
102.12.11 11:11 B C:\jakarta-tomcat-3.2.4\webapps\cocoon\exslt\set\functions\has-same-node\set.has-same-node.function.xsl.html --> ftp.exslt.org /www.exslt.org/public_html/set/functions/has-same-node set.has-same-node.function.xsl.html
102.12.11 11:11 B C:\jakarta-tomcat-3.2.4\webapps\cocoon\exslt\set\functions\has-same-node\set.has-same-node.html --> ftp.exslt.org /www.exslt.org/public_html/set/functions/has-same-node set.has-same-node.html
102.12.11 11:11 B C:\jakarta-tomcat-3.2.4\webapps\cocoon\exslt\set\functions\has-same-node\set.has-same-node.package.txt --> ftp.exslt.org /www.exslt.org/public_html/set/functions/has-same-node set.has-same-node.package.txt
102.12.11 11:11 B C:\jakarta-tomcat-3.2.4\webapps\cocoon\exslt\set\functions\has-same-node\set.has-same-node.result.1.xml --> ftp.exslt.org /www.exslt.org/public_html/set/functions/has-same-node set.has-same-node.result.1.xml
102.12.11 11:11 B C:\jakarta-tomcat-3.2.4\webapps\cocoon\exslt\set\functions\has-same-node\set.has-same-node.template.xsl --> ftp.exslt.org /www.exslt.org/public_html/set/functions/has-same-node set.has-same-node.template.xsl
102.12.11 11:11 B C:\jakarta-tomcat-3.2.4\webapps\cocoon\exslt\set\functions\has-same-node\set.has-same-node.template.xsl.html --> ftp.exslt.org /www.exslt.org/public_html/set/functions/has-same-node set.has-same-node.template.xsl.html
102.12.11 11:11 B C:\jakarta-tomcat-3.2.4\webapps\cocoon\exslt\set\functions\has-same-node\set.has-same-node.use-case.1.html --> ftp.exslt.org /www.exslt.org/public_html/set/functions/has-same-node set.has-same-node.use-case.1.html
102.12.11 11:11 B C:\jakarta-tomcat-3.2.4\webapps\cocoon\exslt\set\functions\has-same-node\set.has-same-node.use-cases.txt --> ftp.exslt.org /www.exslt.org/public_html/set/functions/has-same-node set.has-same-node.use-cases.txt
102.12.11 11:11 B C:\jakarta-tomcat-3.2.4\webapps\cocoon\exslt\set\functions\has-same-node\set.has-same-node.use-cases.zip --> ftp.exslt.org /www.exslt.org/public_html/set/functions/has-same-node set.has-same-node.use-cases.zip
102.12.11 11:11 B C:\jakarta-tomcat-3.2.4\webapps\cocoon\exslt\set\functions\has-same-node\set.has-same-node.xml --> ftp.exslt.org /www.exslt.org/public_html/set/functions/has-same-node set.has-same-node.xml
102.12.11 11:11 B C:\jakarta-tomcat-3.2.4\webapps\cocoon\exslt\set\functions\has-same-node\set.has-same-node.xsl --> ftp.exslt.org /www.exslt.org/public_html/set/functions/has-same-node set.has-same-node.xsl
102.12.11 11:11 B C:\jakarta-tomcat-3.2.4\webapps\cocoon\exslt\set\functions\has-same-node\set.has-same-node.zip --> ftp.exslt.org /www.exslt.org/public_html/set/functions/has-same-node set.has-same-node.zip
102.12.11 11:11 B C:\jakarta-tomcat-3.2.4\webapps\cocoon\exslt\set\functions\has-same-node\update.bat --> ftp.exslt.org /www.exslt.org/public_html/set/functions/has-same-node update.bat
103.09.29 15:58 B C:\jakarta-tomcat-3.2.4\webapps\cocoon\exslt\set\functions\has-same-node\WS_FTP.LOG <-- ftp.exslt.org /www.exslt.org/public_html/set/functions/has-same-node WS_FTP.LOG
103.10.21 13:11 B C:\jakarta-tomcat-3.2.4\webapps\cocoon\exslt\set\functions\has-same-node\base.css --> marian.cs.nott.ac.uk /stud/pg/cds/exslt/set/functions/has-same-node base.css
103.10.21 13:11 B C:\jakarta-tomcat-3.2.4\webapps\cocoon\exslt\set\functions\has-same-node\index.html --> marian.cs.nott.ac.uk /stud/pg/cds/exslt/set/functions/has-same-node index.html
103.10.21 13:11 B C:\jakarta-tomcat-3.2.4\webapps\cocoon\exslt\set\functions\has-same-node\refresh.bat --> marian.cs.nott.ac.uk /stud/pg/cds/exslt/set/functions/has-same-node refresh.bat
103.10.21 13:11 B C:\jakarta-tomcat-3.2.4\webapps\cocoon\exslt\set\functions\has-same-node\set.has-same-node.1.html --> marian.cs.nott.ac.uk /stud/pg/cds/exslt/set/functions/has-same-node set.has-same-node.1.html
103.10.21 13:11 B C:\jakarta-tomcat-3.2.4\webapps\cocoon\exslt\set\functions\has-same-node\set.has-same-node.1.xsl --> marian.cs.nott.ac.uk /stud/pg/cds/exslt/set/functions/has-same-node set.has-same-node.1.xsl
103.10.21 13:11 B C:\jakarta-tomcat-3.2.4\webapps\cocoon\exslt\set\functions\has-same-node\set.has-same-node.data.1.xml --> marian.cs.nott.ac.uk /stud/pg/cds/exslt/set/functions/has-same-node set.has-same-node.data.1.xml
103.10.21 13:11 B C:\jakarta-tomcat-3.2.4\webapps\cocoon\exslt\set\functions\has-same-node\set.has-same-node.function.xsl --> marian.cs.nott.ac.uk /stud/pg/cds/exslt/set/functions/has-same-node set.has-same-node.function.xsl
103.10.21 13:11 B C:\jakarta-tomcat-3.2.4\webapps\cocoon\exslt\set\functions\has-same-node\set.has-same-node.function.xsl.html --> marian.cs.nott.ac.uk /stud/pg/cds/exslt/set/functions/has-same-node set.has-same-node.function.xsl.html
103.10.21 13:11 B C:\jakarta-tomcat-3.2.4\webapps\cocoon\exslt\set\functions\has-same-node\set.has-same-node.html --> marian.cs.nott.ac.uk /stud/pg/cds/exslt/set/functions/has-same-node set.has-same-node.html
103.10.21 13:11 B C:\jakarta-tomcat-3.2.4\webapps\cocoon\exslt\set\functions\has-same-node\set.has-same-node.package.txt --> marian.cs.nott.ac.uk /stud/pg/cds/exslt/set/functions/has-same-node set.has-same-node.package.txt
103.10.21 13:11 B C:\jakarta-tomcat-3.2.4\webapps\cocoon\exslt\set\functions\has-same-node\set.has-same-node.result.1.xml --> marian.cs.nott.ac.uk /stud/pg/cds/exslt/set/functions/has-same-node set.has-same-node.result.1.xml
103.10.21 13:11 B C:\jakarta-tomcat-3.2.4\webapps\cocoon\exslt\set\functions\has-same-node\set.has-same-node.template.xsl --> marian.cs.nott.ac.uk /stud/pg/cds/exslt/set/functions/has-same-node set.has-same-node.template.xsl
103.10.21 13:11 B C:\jakarta-tomcat-3.2.4\webapps\cocoon\exslt\set\functions\has-same-node\set.has-same-node.template.xsl.html --> marian.cs.nott.ac.uk /stud/pg/cds/exslt/set/functions/has-same-node set.has-same-node.template.xsl.html
103.10.21 13:11 B C:\jakarta-tomcat-3.2.4\webapps\cocoon\exslt\set\functions\has-same-node\set.has-same-node.use-case.1.html --> marian.cs.nott.ac.uk /stud/pg/cds/exslt/set/functions/has-same-node set.has-same-node.use-case.1.html
103.10.21 13:11 B C:\jakarta-tomcat-3.2.4\webapps\cocoon\exslt\set\functions\has-same-node\set.has-same-node.use-cases.txt --> marian.cs.nott.ac.uk /stud/pg/cds/exslt/set/functions/has-same-node set.has-same-node.use-cases.txt
103.10.21 13:11 B C:\jakarta-tomcat-3.2.4\webapps\cocoon\exslt\set\functions\has-same-node\set.has-same-node.use-cases.zip --> marian.cs.nott.ac.uk /stud/pg/cds/exslt/set/functions/has-same-node set.has-same-node.use-cases.zip
103.10.21 13:11 B C:\jakarta-tomcat-3.2.4\webapps\cocoon\exslt\set\functions\has-same-node\set.has-same-node.xml --> marian.cs.nott.ac.uk /stud/pg/cds/exslt/set/functions/has-same-node set.has-same-node.xml
103.10.21 13:11 B C:\jakarta-tomcat-3.2.4\webapps\cocoon\exslt\set\functions\has-same-node\set.has-same-node.xsl --> marian.cs.nott.ac.uk /stud/pg/cds/exslt/set/functions/has-same-node set.has-same-node.xsl
103.10.21 13:11 B C:\jakarta-tomcat-3.2.4\webapps\cocoon\exslt\set\functions\has-same-node\set.has-same-node.zip --> marian.cs.nott.ac.uk /stud/pg/cds/exslt/set/functions/has-same-node set.has-same-node.zip
103.10.21 13:11 B C:\jakarta-tomcat-3.2.4\webapps\cocoon\exslt\set\functions\has-same-node\update.bat --> marian.cs.nott.ac.uk /stud/pg/cds/exslt/set/functions/has-same-node update.bat
103.10.21 13:11 B C:\jakarta-tomcat-3.2.4\webapps\cocoon\exslt\set\functions\has-same-node\WS_FTP.LOG --> marian.cs.nott.ac.uk /stud/pg/cds/exslt/set/functions/has-same-node WS_FTP.LOG
103.10.24 10:18 B C:\jakarta-tomcat-3.2.4\webapps\cocoon\exslt\set\functions\has-same-node\base.css --> ftp.exslt.org /www.exslt.org/public_html/set/functions/has-same-node base.css
103.10.24 10:18 B C:\jakarta-tomcat-3.2.4\webapps\cocoon\exslt\set\functions\has-same-node\index.html --> ftp.exslt.org /www.exslt.org/public_html/set/functions/has-same-node index.html
103.10.24 10:18 B C:\jakarta-tomcat-3.2.4\webapps\cocoon\exslt\set\functions\has-same-node\refresh.bat --> ftp.exslt.org /www.exslt.org/public_html/set/functions/has-same-node refresh.bat
103.10.24 10:19 B C:\jakarta-tomcat-3.2.4\webapps\cocoon\exslt\set\functions\has-same-node\set.has-same-node.1.html --> ftp.exslt.org /www.exslt.org/public_html/set/functions/has-same-node set.has-same-node.1.html
103.10.24 10:19 B C:\jakarta-tomcat-3.2.4\webapps\cocoon\exslt\set\functions\has-same-node\set.has-same-node.1.xsl --> ftp.exslt.org /www.exslt.org/public_html/set/functions/has-same-node set.has-same-node.1.xsl
103.10.24 10:19 B C:\jakarta-tomcat-3.2.4\webapps\cocoon\exslt\set\functions\has-same-node\set.has-same-node.data.1.xml --> ftp.exslt.org /www.exslt.org/public_html/set/functions/has-same-node set.has-same-node.data.1.xml
103.10.24 10:19 B C:\jakarta-tomcat-3.2.4\webapps\cocoon\exslt\set\functions\has-same-node\set.has-same-node.function.xsl --> ftp.exslt.org /www.exslt.org/public_html/set/functions/has-same-node set.has-same-node.function.xsl
103.10.24 10:19 B C:\jakarta-tomcat-3.2.4\webapps\cocoon\exslt\set\functions\has-same-node\set.has-same-node.function.xsl.html --> ftp.exslt.org /www.exslt.org/public_html/set/functions/has-same-node set.has-same-node.function.xsl.html
103.10.24 10:19 B C:\jakarta-tomcat-3.2.4\webapps\cocoon\exslt\set\functions\has-same-node\set.has-same-node.html --> ftp.exslt.org /www.exslt.org/public_html/set/functions/has-same-node set.has-same-node.html
103.10.24 10:19 B C:\jakarta-tomcat-3.2.4\webapps\cocoon\exslt\set\functions\has-same-node\set.has-same-node.package.txt --> ftp.exslt.org /www.exslt.org/public_html/set/functions/has-same-node set.has-same-node.package.txt
103.10.24 10:19 B C:\jakarta-tomcat-3.2.4\webapps\cocoon\exslt\set\functions\has-same-node\set.has-same-node.result.1.xml --> ftp.exslt.org /www.exslt.org/public_html/set/functions/has-same-node set.has-same-node.result.1.xml
103.10.24 10:19 B C:\jakarta-tomcat-3.2.4\webapps\cocoon\exslt\set\functions\has-same-node\set.has-same-node.template.xsl --> ftp.exslt.org /www.exslt.org/public_html/set/functions/has-same-node set.has-same-node.template.xsl
103.10.24 10:19 B C:\jakarta-tomcat-3.2.4\webapps\cocoon\exslt\set\functions\has-same-node\set.has-same-node.template.xsl.html --> ftp.exslt.org /www.exslt.org/public_html/set/functions/has-same-node set.has-same-node.template.xsl.html
103.10.24 10:19 B C:\jakarta-tomcat-3.2.4\webapps\cocoon\exslt\set\functions\has-same-node\set.has-same-node.use-case.1.html --> ftp.exslt.org /www.exslt.org/public_html/set/functions/has-same-node set.has-same-node.use-case.1.html
103.10.24 10:19 B C:\jakarta-tomcat-3.2.4\webapps\cocoon\exslt\set\functions\has-same-node\set.has-same-node.use-cases.txt --> ftp.exslt.org /www.exslt.org/public_html/set/functions/has-same-node set.has-same-node.use-cases.txt
103.10.24 10:19 B C:\jakarta-tomcat-3.2.4\webapps\cocoon\exslt\set\functions\has-same-node\set.has-same-node.use-cases.zip --> ftp.exslt.org /www.exslt.org/public_html/set/functions/has-same-node set.has-same-node.use-cases.zip
103.10.24 10:19 B C:\jakarta-tomcat-3.2.4\webapps\cocoon\exslt\set\functions\has-same-node\set.has-same-node.xml --> ftp.exslt.org /www.exslt.org/public_html/set/functions/has-same-node set.has-same-node.xml
103.10.24 10:19 B C:\jakarta-tomcat-3.2.4\webapps\cocoon\exslt\set\functions\has-same-node\set.has-same-node.xsl --> ftp.exslt.org /www.exslt.org/public_html/set/functions/has-same-node set.has-same-node.xsl
103.10.24 10:20 B C:\jakarta-tomcat-3.2.4\webapps\cocoon\exslt\set\functions\has-same-node\set.has-same-node.zip --> ftp.exslt.org /www.exslt.org/public_html/set/functions/has-same-node set.has-same-node.zip
103.10.24 10:20 B C:\jakarta-tomcat-3.2.4\webapps\cocoon\exslt\set\functions\has-same-node\update.bat --> ftp.exslt.org /www.exslt.org/public_html/set/functions/has-same-node update.bat
103.10.24 10:20 B C:\jakarta-tomcat-3.2.4\webapps\cocoon\exslt\set\functions\has-same-node\WS_FTP.LOG --> ftp.exslt.org /www.exslt.org/public_html/set/functions/has-same-node WS_FTP.LOG
103.10.24 10:55 B C:\jakarta-tomcat-3.2.4\webapps\cocoon\exslt\set\functions\has-same-node\base.css --> ftp.exslt.org /www.exslt.org/public_html/set/functions/has-same-node base.css
103.10.24 10:55 B C:\jakarta-tomcat-3.2.4\webapps\cocoon\exslt\set\functions\has-same-node\index.html --> ftp.exslt.org /www.exslt.org/public_html/set/functions/has-same-node index.html
103.10.24 10:55 B C:\jakarta-tomcat-3.2.4\webapps\cocoon\exslt\set\functions\has-same-node\refresh.bat --> ftp.exslt.org /www.exslt.org/public_html/set/functions/has-same-node refresh.bat
103.10.24 10:55 B C:\jakarta-tomcat-3.2.4\webapps\cocoon\exslt\set\functions\has-same-node\set.has-same-node.1.html --> ftp.exslt.org /www.exslt.org/public_html/set/functions/has-same-node set.has-same-node.1.html
103.10.24 10:55 B C:\jakarta-tomcat-3.2.4\webapps\cocoon\exslt\set\functions\has-same-node\set.has-same-node.1.xsl --> ftp.exslt.org /www.exslt.org/public_html/set/functions/has-same-node set.has-same-node.1.xsl
103.10.24 10:55 B C:\jakarta-tomcat-3.2.4\webapps\cocoon\exslt\set\functions\has-same-node\set.has-same-node.data.1.xml --> ftp.exslt.org /www.exslt.org/public_html/set/functions/has-same-node set.has-same-node.data.1.xml
103.10.24 10:55 B C:\jakarta-tomcat-3.2.4\webapps\cocoon\exslt\set\functions\has-same-node\set.has-same-node.function.xsl --> ftp.exslt.org /www.exslt.org/public_html/set/functions/has-same-node set.has-same-node.function.xsl
103.10.24 10:55 B C:\jakarta-tomcat-3.2.4\webapps\cocoon\exslt\set\functions\has-same-node\set.has-same-node.function.xsl.html --> ftp.exslt.org /www.exslt.org/public_html/set/functions/has-same-node set.has-same-node.function.xsl.html
103.10.24 10:55 B C:\jakarta-tomcat-3.2.4\webapps\cocoon\exslt\set\functions\has-same-node\set.has-same-node.html --> ftp.exslt.org /www.exslt.org/public_html/set/functions/has-same-node set.has-same-node.html
103.10.24 10:55 B C:\jakarta-tomcat-3.2.4\webapps\cocoon\exslt\set\functions\has-same-node\set.has-same-node.package.txt --> ftp.exslt.org /www.exslt.org/public_html/set/functions/has-same-node set.has-same-node.package.txt
103.10.24 10:55 B C:\jakarta-tomcat-3.2.4\webapps\cocoon\exslt\set\functions\has-same-node\set.has-same-node.result.1.xml --> ftp.exslt.org /www.exslt.org/public_html/set/functions/has-same-node set.has-same-node.result.1.xml
103.10.24 10:55 B C:\jakarta-tomcat-3.2.4\webapps\cocoon\exslt\set\functions\has-same-node\set.has-same-node.template.xsl --> ftp.exslt.org /www.exslt.org/public_html/set/functions/has-same-node set.has-same-node.template.xsl
103.10.24 10:55 B C:\jakarta-tomcat-3.2.4\webapps\cocoon\exslt\set\functions\has-same-node\set.has-same-node.template.xsl.html --> ftp.exslt.org /www.exslt.org/public_html/set/functions/has-same-node set.has-same-node.template.xsl.html
103.10.24 10:55 B C:\jakarta-tomcat-3.2.4\webapps\cocoon\exslt\set\functions\has-same-node\set.has-same-node.use-case.1.html --> ftp.exslt.org /www.exslt.org/public_html/set/functions/has-same-node set.has-same-node.use-case.1.html
103.10.24 10:55 B C:\jakarta-tomcat-3.2.4\webapps\cocoon\exslt\set\functions\has-same-node\set.has-same-node.use-cases.txt --> ftp.exslt.org /www.exslt.org/public_html/set/functions/has-same-node set.has-same-node.use-cases.txt
103.10.24 10:55 B C:\jakarta-tomcat-3.2.4\webapps\cocoon\exslt\set\functions\has-same-node\set.has-same-node.use-cases.zip --> ftp.exslt.org /www.exslt.org/public_html/set/functions/has-same-node set.has-same-node.use-cases.zip
103.10.24 10:55 B C:\jakarta-tomcat-3.2.4\webapps\cocoon\exslt\set\functions\has-same-node\set.has-same-node.xml --> ftp.exslt.org /www.exslt.org/public_html/set/functions/has-same-node set.has-same-node.xml
103.10.24 10:55 B C:\jakarta-tomcat-3.2.4\webapps\cocoon\exslt\set\functions\has-same-node\set.has-same-node.xsl --> ftp.exslt.org /www.exslt.org/public_html/set/functions/has-same-node set.has-same-node.xsl
103.10.24 10:55 B C:\jakarta-tomcat-3.2.4\webapps\cocoon\exslt\set\functions\has-same-node\set.has-same-node.zip --> ftp.exslt.org /www.exslt.org/public_html/set/functions/has-same-node set.has-same-node.zip
103.10.24 10:55 B C:\jakarta-tomcat-3.2.4\webapps\cocoon\exslt\set\functions\has-same-node\update.bat --> ftp.exslt.org /www.exslt.org/public_html/set/functions/has-same-node update.bat
