102.08.21 17:33 B C:\jakarta-tomcat-3.2.4\webapps\cocoon\exslt\submissions\math\math\functions\constant\go.bat --> ftp.exslt.org /www.exslt.org/public_html/submissions/math/math/functions/constant go.bat
102.11.19 14:12 B C:\jakarta-tomcat-3.2.4\webapps\cocoon\exslt\submissions\math\math\functions\constant\go.bat --> ftp.exslt.org /www.exslt.org/public_html/submissions/math/math/functions/constant go.bat
102.12.02 12:34 B C:\jakarta-tomcat-3.2.4\webapps\cocoon\exslt\public_html\submissions\math\math\functions\constant\WS_FTP.LOG <-- ftp.exslt.org /www.exslt.org/public_html/submissions/math/math/functions/constant WS_FTP.LOG
102.12.03 11:16 B C:\jakarta-tomcat-3.2.4\webapps\cocoon\exslt\submissions\math\math\functions\constant\constant.zip --> ftp.exslt.org /www.exslt.org/public_html/submissions/math/math/functions/constant constant.zip
102.12.03 11:16 B C:\jakarta-tomcat-3.2.4\webapps\cocoon\exslt\submissions\math\math\functions\constant\exslt-submission.dtd --> ftp.exslt.org /www.exslt.org/public_html/submissions/math/math/functions/constant exslt-submission.dtd
102.12.03 11:16 B C:\jakarta-tomcat-3.2.4\webapps\cocoon\exslt\submissions\math\math\functions\constant\function-submission.dtd --> ftp.exslt.org /www.exslt.org/public_html/submissions/math/math/functions/constant function-submission.dtd
102.12.03 11:16 B C:\jakarta-tomcat-3.2.4\webapps\cocoon\exslt\submissions\math\math\functions\constant\go.bat --> ftp.exslt.org /www.exslt.org/public_html/submissions/math/math/functions/constant go.bat
102.12.03 11:16 B C:\jakarta-tomcat-3.2.4\webapps\cocoon\exslt\submissions\math\math\functions\constant\implementation-submission.dtd --> ftp.exslt.org /www.exslt.org/public_html/submissions/math/math/functions/constant implementation-submission.dtd
102.12.03 11:16 B C:\jakarta-tomcat-3.2.4\webapps\cocoon\exslt\submissions\math\math\functions\constant\math.constant.1.xml --> ftp.exslt.org /www.exslt.org/public_html/submissions/math/math/functions/constant math.constant.1.xml
102.12.03 11:16 B C:\jakarta-tomcat-3.2.4\webapps\cocoon\exslt\submissions\math\math\functions\constant\math.constant.1.xsl --> ftp.exslt.org /www.exslt.org/public_html/submissions/math/math/functions/constant math.constant.1.xsl
102.12.03 11:16 B C:\jakarta-tomcat-3.2.4\webapps\cocoon\exslt\submissions\math\math\functions\constant\math.constant.function.submission.xml --> ftp.exslt.org /www.exslt.org/public_html/submissions/math/math/functions/constant math.constant.function.submission.xml
102.12.03 11:16 B C:\jakarta-tomcat-3.2.4\webapps\cocoon\exslt\submissions\math\math\functions\constant\math.constant.function.xsl --> ftp.exslt.org /www.exslt.org/public_html/submissions/math/math/functions/constant math.constant.function.xsl
102.12.03 11:16 B C:\jakarta-tomcat-3.2.4\webapps\cocoon\exslt\submissions\math\math\functions\constant\math.constant.javascript.submission.xml --> ftp.exslt.org /www.exslt.org/public_html/submissions/math/math/functions/constant math.constant.javascript.submission.xml
102.12.03 11:16 B C:\jakarta-tomcat-3.2.4\webapps\cocoon\exslt\submissions\math\math\functions\constant\math.constant.js --> ftp.exslt.org /www.exslt.org/public_html/submissions/math/math/functions/constant math.constant.js
102.12.03 11:16 B C:\jakarta-tomcat-3.2.4\webapps\cocoon\exslt\submissions\math\math\functions\constant\math.constant.submission.xml --> ftp.exslt.org /www.exslt.org/public_html/submissions/math/math/functions/constant math.constant.submission.xml
102.12.03 11:16 B C:\jakarta-tomcat-3.2.4\webapps\cocoon\exslt\submissions\math\math\functions\constant\math.constant.template.submission.xml --> ftp.exslt.org /www.exslt.org/public_html/submissions/math/math/functions/constant math.constant.template.submission.xml
102.12.03 11:16 B C:\jakarta-tomcat-3.2.4\webapps\cocoon\exslt\submissions\math\math\functions\constant\math.constant.template.xsl --> ftp.exslt.org /www.exslt.org/public_html/submissions/math/math/functions/constant math.constant.template.xsl
102.12.03 11:16 B C:\jakarta-tomcat-3.2.4\webapps\cocoon\exslt\submissions\math\math\functions\constant\math.constant.xsl --> ftp.exslt.org /www.exslt.org/public_html/submissions/math/math/functions/constant math.constant.xsl
102.12.03 11:16 B C:\jakarta-tomcat-3.2.4\webapps\cocoon\exslt\submissions\math\math\functions\constant\WS_FTP.LOG --> ftp.exslt.org /www.exslt.org/public_html/submissions/math/math/functions/constant WS_FTP.LOG
102.12.11 11:14 B C:\jakarta-tomcat-3.2.4\webapps\cocoon\exslt\submissions\math\math\functions\constant\constant.zip --> ftp.exslt.org /www.exslt.org/public_html/submissions/math/math/functions/constant constant.zip
102.12.11 11:14 B C:\jakarta-tomcat-3.2.4\webapps\cocoon\exslt\submissions\math\math\functions\constant\exslt-submission.dtd --> ftp.exslt.org /www.exslt.org/public_html/submissions/math/math/functions/constant exslt-submission.dtd
102.12.11 11:14 B C:\jakarta-tomcat-3.2.4\webapps\cocoon\exslt\submissions\math\math\functions\constant\function-submission.dtd --> ftp.exslt.org /www.exslt.org/public_html/submissions/math/math/functions/constant function-submission.dtd
102.12.11 11:14 B C:\jakarta-tomcat-3.2.4\webapps\cocoon\exslt\submissions\math\math\functions\constant\go.bat --> ftp.exslt.org /www.exslt.org/public_html/submissions/math/math/functions/constant go.bat
102.12.11 11:14 B C:\jakarta-tomcat-3.2.4\webapps\cocoon\exslt\submissions\math\math\functions\constant\implementation-submission.dtd --> ftp.exslt.org /www.exslt.org/public_html/submissions/math/math/functions/constant implementation-submission.dtd
102.12.11 11:14 B C:\jakarta-tomcat-3.2.4\webapps\cocoon\exslt\submissions\math\math\functions\constant\math.constant.1.xml --> ftp.exslt.org /www.exslt.org/public_html/submissions/math/math/functions/constant math.constant.1.xml
102.12.11 11:14 B C:\jakarta-tomcat-3.2.4\webapps\cocoon\exslt\submissions\math\math\functions\constant\math.constant.1.xsl --> ftp.exslt.org /www.exslt.org/public_html/submissions/math/math/functions/constant math.constant.1.xsl
102.12.11 11:14 B C:\jakarta-tomcat-3.2.4\webapps\cocoon\exslt\submissions\math\math\functions\constant\math.constant.function.submission.xml --> ftp.exslt.org /www.exslt.org/public_html/submissions/math/math/functions/constant math.constant.function.submission.xml
102.12.11 11:14 B C:\jakarta-tomcat-3.2.4\webapps\cocoon\exslt\submissions\math\math\functions\constant\math.constant.function.xsl --> ftp.exslt.org /www.exslt.org/public_html/submissions/math/math/functions/constant math.constant.function.xsl
102.12.11 11:14 B C:\jakarta-tomcat-3.2.4\webapps\cocoon\exslt\submissions\math\math\functions\constant\math.constant.javascript.submission.xml --> ftp.exslt.org /www.exslt.org/public_html/submissions/math/math/functions/constant math.constant.javascript.submission.xml
102.12.11 11:14 B C:\jakarta-tomcat-3.2.4\webapps\cocoon\exslt\submissions\math\math\functions\constant\math.constant.js --> ftp.exslt.org /www.exslt.org/public_html/submissions/math/math/functions/constant math.constant.js
102.12.11 11:14 B C:\jakarta-tomcat-3.2.4\webapps\cocoon\exslt\submissions\math\math\functions\constant\math.constant.submission.xml --> ftp.exslt.org /www.exslt.org/public_html/submissions/math/math/functions/constant math.constant.submission.xml
102.12.11 11:14 B C:\jakarta-tomcat-3.2.4\webapps\cocoon\exslt\submissions\math\math\functions\constant\math.constant.template.submission.xml --> ftp.exslt.org /www.exslt.org/public_html/submissions/math/math/functions/constant math.constant.template.submission.xml
102.12.11 11:14 B C:\jakarta-tomcat-3.2.4\webapps\cocoon\exslt\submissions\math\math\functions\constant\math.constant.template.xsl --> ftp.exslt.org /www.exslt.org/public_html/submissions/math/math/functions/constant math.constant.template.xsl
102.12.11 11:14 B C:\jakarta-tomcat-3.2.4\webapps\cocoon\exslt\submissions\math\math\functions\constant\math.constant.xsl --> ftp.exslt.org /www.exslt.org/public_html/submissions/math/math/functions/constant math.constant.xsl
