102.08.21 17:33 B C:\jakarta-tomcat-3.2.4\webapps\cocoon\exslt\style\estyle\element.xsl --> ftp.exslt.org /www.exslt.org/public_html/style/estyle element.xsl
102.11.19 14:12 B C:\jakarta-tomcat-3.2.4\webapps\cocoon\exslt\style\estyle\element.xsl --> ftp.exslt.org /www.exslt.org/public_html/style/estyle element.xsl
102.12.02 12:34 B C:\jakarta-tomcat-3.2.4\webapps\cocoon\exslt\public_html\style\estyle\WS_FTP.LOG <-- ftp.exslt.org /www.exslt.org/public_html/style/estyle WS_FTP.LOG
102.12.03 11:15 B C:\jakarta-tomcat-3.2.4\webapps\cocoon\exslt\style\estyle\base.css --> ftp.exslt.org /www.exslt.org/public_html/style/estyle base.css
102.12.03 11:15 B C:\jakarta-tomcat-3.2.4\webapps\cocoon\exslt\style\estyle\element.xsl --> ftp.exslt.org /www.exslt.org/public_html/style/estyle element.xsl
102.12.03 11:15 B C:\jakarta-tomcat-3.2.4\webapps\cocoon\exslt\style\estyle\extension.package.xsl --> ftp.exslt.org /www.exslt.org/public_html/style/estyle extension.package.xsl
102.12.03 11:15 B C:\jakarta-tomcat-3.2.4\webapps\cocoon\exslt\style\estyle\extension.use-cases.xsl --> ftp.exslt.org /www.exslt.org/public_html/style/estyle extension.use-cases.xsl
102.12.03 11:15 B C:\jakarta-tomcat-3.2.4\webapps\cocoon\exslt\style\estyle\extension.xsl --> ftp.exslt.org /www.exslt.org/public_html/style/estyle extension.xsl
102.12.03 11:15 B C:\jakarta-tomcat-3.2.4\webapps\cocoon\exslt\style\estyle\function.stylesheet.xsl --> ftp.exslt.org /www.exslt.org/public_html/style/estyle function.stylesheet.xsl
102.12.03 11:15 B C:\jakarta-tomcat-3.2.4\webapps\cocoon\exslt\style\estyle\function.xsl --> ftp.exslt.org /www.exslt.org/public_html/style/estyle function.xsl
102.12.03 11:15 B C:\jakarta-tomcat-3.2.4\webapps\cocoon\exslt\style\estyle\home.xsl --> ftp.exslt.org /www.exslt.org/public_html/style/estyle home.xsl
102.12.03 11:15 B C:\jakarta-tomcat-3.2.4\webapps\cocoon\exslt\style\estyle\module.package.xsl --> ftp.exslt.org /www.exslt.org/public_html/style/estyle module.package.xsl
102.12.03 11:15 B C:\jakarta-tomcat-3.2.4\webapps\cocoon\exslt\style\estyle\module.stylesheet.xsl --> ftp.exslt.org /www.exslt.org/public_html/style/estyle module.stylesheet.xsl
102.12.03 11:15 B C:\jakarta-tomcat-3.2.4\webapps\cocoon\exslt\style\estyle\module.xsl --> ftp.exslt.org /www.exslt.org/public_html/style/estyle module.xsl
102.12.03 11:15 B C:\jakarta-tomcat-3.2.4\webapps\cocoon\exslt\style\estyle\package.xsl --> ftp.exslt.org /www.exslt.org/public_html/style/estyle package.xsl
102.12.03 11:15 B C:\jakarta-tomcat-3.2.4\webapps\cocoon\exslt\style\estyle\style.zip --> ftp.exslt.org /www.exslt.org/public_html/style/estyle style.zip
102.12.03 11:15 B C:\jakarta-tomcat-3.2.4\webapps\cocoon\exslt\style\estyle\submissions.xsl --> ftp.exslt.org /www.exslt.org/public_html/style/estyle submissions.xsl
102.12.03 11:15 B C:\jakarta-tomcat-3.2.4\webapps\cocoon\exslt\style\estyle\utils.xsl --> ftp.exslt.org /www.exslt.org/public_html/style/estyle utils.xsl
102.12.03 11:15 B C:\jakarta-tomcat-3.2.4\webapps\cocoon\exslt\style\estyle\WS_FTP.LOG --> ftp.exslt.org /www.exslt.org/public_html/style/estyle WS_FTP.LOG
102.12.11 11:13 B C:\jakarta-tomcat-3.2.4\webapps\cocoon\exslt\style\estyle\base.css --> ftp.exslt.org /www.exslt.org/public_html/style/estyle base.css
102.12.11 11:13 B C:\jakarta-tomcat-3.2.4\webapps\cocoon\exslt\style\estyle\element.xsl --> ftp.exslt.org /www.exslt.org/public_html/style/estyle element.xsl
102.12.11 11:13 B C:\jakarta-tomcat-3.2.4\webapps\cocoon\exslt\style\estyle\extension.package.xsl --> ftp.exslt.org /www.exslt.org/public_html/style/estyle extension.package.xsl
102.12.11 11:13 B C:\jakarta-tomcat-3.2.4\webapps\cocoon\exslt\style\estyle\extension.use-cases.xsl --> ftp.exslt.org /www.exslt.org/public_html/style/estyle extension.use-cases.xsl
102.12.11 11:13 B C:\jakarta-tomcat-3.2.4\webapps\cocoon\exslt\style\estyle\extension.xsl --> ftp.exslt.org /www.exslt.org/public_html/style/estyle extension.xsl
102.12.11 11:13 B C:\jakarta-tomcat-3.2.4\webapps\cocoon\exslt\style\estyle\function.stylesheet.xsl --> ftp.exslt.org /www.exslt.org/public_html/style/estyle function.stylesheet.xsl
102.12.11 11:13 B C:\jakarta-tomcat-3.2.4\webapps\cocoon\exslt\style\estyle\function.xsl --> ftp.exslt.org /www.exslt.org/public_html/style/estyle function.xsl
102.12.11 11:13 B C:\jakarta-tomcat-3.2.4\webapps\cocoon\exslt\style\estyle\home.xsl --> ftp.exslt.org /www.exslt.org/public_html/style/estyle home.xsl
102.12.11 11:13 B C:\jakarta-tomcat-3.2.4\webapps\cocoon\exslt\style\estyle\module.package.xsl --> ftp.exslt.org /www.exslt.org/public_html/style/estyle module.package.xsl
102.12.11 11:13 B C:\jakarta-tomcat-3.2.4\webapps\cocoon\exslt\style\estyle\module.stylesheet.xsl --> ftp.exslt.org /www.exslt.org/public_html/style/estyle module.stylesheet.xsl
102.12.11 11:13 B C:\jakarta-tomcat-3.2.4\webapps\cocoon\exslt\style\estyle\module.xsl --> ftp.exslt.org /www.exslt.org/public_html/style/estyle module.xsl
102.12.11 11:13 B C:\jakarta-tomcat-3.2.4\webapps\cocoon\exslt\style\estyle\package.xsl --> ftp.exslt.org /www.exslt.org/public_html/style/estyle package.xsl
102.12.11 11:13 B C:\jakarta-tomcat-3.2.4\webapps\cocoon\exslt\style\estyle\style.zip --> ftp.exslt.org /www.exslt.org/public_html/style/estyle style.zip
102.12.11 11:13 B C:\jakarta-tomcat-3.2.4\webapps\cocoon\exslt\style\estyle\submissions.xsl --> ftp.exslt.org /www.exslt.org/public_html/style/estyle submissions.xsl
102.12.11 11:13 B C:\jakarta-tomcat-3.2.4\webapps\cocoon\exslt\style\estyle\utils.xsl --> ftp.exslt.org /www.exslt.org/public_html/style/estyle utils.xsl
103.09.29 16:35 B C:\jakarta-tomcat-3.2.4\webapps\cocoon\exslt\style\estyle\WS_FTP.LOG <-- ftp.exslt.org /www.exslt.org/public_html/style/estyle WS_FTP.LOG
103.10.21 13:12 B C:\jakarta-tomcat-3.2.4\webapps\cocoon\exslt\style\estyle\base.css --> marian.cs.nott.ac.uk /stud/pg/cds/exslt/style/estyle base.css
103.10.21 13:12 B C:\jakarta-tomcat-3.2.4\webapps\cocoon\exslt\style\estyle\element.xsl --> marian.cs.nott.ac.uk /stud/pg/cds/exslt/style/estyle element.xsl
103.10.21 13:12 B C:\jakarta-tomcat-3.2.4\webapps\cocoon\exslt\style\estyle\extension.package.xsl --> marian.cs.nott.ac.uk /stud/pg/cds/exslt/style/estyle extension.package.xsl
103.10.21 13:12 B C:\jakarta-tomcat-3.2.4\webapps\cocoon\exslt\style\estyle\extension.use-cases.xsl --> marian.cs.nott.ac.uk /stud/pg/cds/exslt/style/estyle extension.use-cases.xsl
103.10.21 13:12 B C:\jakarta-tomcat-3.2.4\webapps\cocoon\exslt\style\estyle\extension.xsl --> marian.cs.nott.ac.uk /stud/pg/cds/exslt/style/estyle extension.xsl
103.10.21 13:12 B C:\jakarta-tomcat-3.2.4\webapps\cocoon\exslt\style\estyle\function.stylesheet.xsl --> marian.cs.nott.ac.uk /stud/pg/cds/exslt/style/estyle function.stylesheet.xsl
103.10.21 13:12 B C:\jakarta-tomcat-3.2.4\webapps\cocoon\exslt\style\estyle\function.xsl --> marian.cs.nott.ac.uk /stud/pg/cds/exslt/style/estyle function.xsl
103.10.21 13:12 B C:\jakarta-tomcat-3.2.4\webapps\cocoon\exslt\style\estyle\home.xsl --> marian.cs.nott.ac.uk /stud/pg/cds/exslt/style/estyle home.xsl
103.10.21 13:12 B C:\jakarta-tomcat-3.2.4\webapps\cocoon\exslt\style\estyle\module.package.xsl --> marian.cs.nott.ac.uk /stud/pg/cds/exslt/style/estyle module.package.xsl
103.10.21 13:12 B C:\jakarta-tomcat-3.2.4\webapps\cocoon\exslt\style\estyle\module.stylesheet.xsl --> marian.cs.nott.ac.uk /stud/pg/cds/exslt/style/estyle module.stylesheet.xsl
103.10.21 13:12 B C:\jakarta-tomcat-3.2.4\webapps\cocoon\exslt\style\estyle\module.xsl --> marian.cs.nott.ac.uk /stud/pg/cds/exslt/style/estyle module.xsl
103.10.21 13:12 B C:\jakarta-tomcat-3.2.4\webapps\cocoon\exslt\style\estyle\package.xsl --> marian.cs.nott.ac.uk /stud/pg/cds/exslt/style/estyle package.xsl
103.10.21 13:12 B C:\jakarta-tomcat-3.2.4\webapps\cocoon\exslt\style\estyle\style.zip --> marian.cs.nott.ac.uk /stud/pg/cds/exslt/style/estyle style.zip
103.10.21 13:12 B C:\jakarta-tomcat-3.2.4\webapps\cocoon\exslt\style\estyle\submissions.xsl --> marian.cs.nott.ac.uk /stud/pg/cds/exslt/style/estyle submissions.xsl
103.10.21 13:12 B C:\jakarta-tomcat-3.2.4\webapps\cocoon\exslt\style\estyle\utils.xsl --> marian.cs.nott.ac.uk /stud/pg/cds/exslt/style/estyle utils.xsl
103.10.21 13:12 B C:\jakarta-tomcat-3.2.4\webapps\cocoon\exslt\style\estyle\WS_FTP.LOG --> marian.cs.nott.ac.uk /stud/pg/cds/exslt/style/estyle WS_FTP.LOG
103.10.24 11:29 B C:\jakarta-tomcat-3.2.4\webapps\cocoon\exslt\style\estyle\base.css --> ftp.exslt.org /www.exslt.org/public_html/style/estyle base.css
103.10.24 11:29 B C:\jakarta-tomcat-3.2.4\webapps\cocoon\exslt\style\estyle\element.xsl --> ftp.exslt.org /www.exslt.org/public_html/style/estyle element.xsl
103.10.24 11:29 B C:\jakarta-tomcat-3.2.4\webapps\cocoon\exslt\style\estyle\extension.package.xsl --> ftp.exslt.org /www.exslt.org/public_html/style/estyle extension.package.xsl
103.10.24 11:29 B C:\jakarta-tomcat-3.2.4\webapps\cocoon\exslt\style\estyle\extension.use-cases.xsl --> ftp.exslt.org /www.exslt.org/public_html/style/estyle extension.use-cases.xsl
103.10.24 11:29 B C:\jakarta-tomcat-3.2.4\webapps\cocoon\exslt\style\estyle\extension.xsl --> ftp.exslt.org /www.exslt.org/public_html/style/estyle extension.xsl
103.10.24 11:29 B C:\jakarta-tomcat-3.2.4\webapps\cocoon\exslt\style\estyle\function.stylesheet.xsl --> ftp.exslt.org /www.exslt.org/public_html/style/estyle function.stylesheet.xsl
103.10.24 11:29 B C:\jakarta-tomcat-3.2.4\webapps\cocoon\exslt\style\estyle\function.xsl --> ftp.exslt.org /www.exslt.org/public_html/style/estyle function.xsl
103.10.24 11:29 B C:\jakarta-tomcat-3.2.4\webapps\cocoon\exslt\style\estyle\home.xsl --> ftp.exslt.org /www.exslt.org/public_html/style/estyle home.xsl
103.10.24 11:29 B C:\jakarta-tomcat-3.2.4\webapps\cocoon\exslt\style\estyle\module.package.xsl --> ftp.exslt.org /www.exslt.org/public_html/style/estyle module.package.xsl
103.10.24 11:29 B C:\jakarta-tomcat-3.2.4\webapps\cocoon\exslt\style\estyle\module.stylesheet.xsl --> ftp.exslt.org /www.exslt.org/public_html/style/estyle module.stylesheet.xsl
103.10.24 11:29 B C:\jakarta-tomcat-3.2.4\webapps\cocoon\exslt\style\estyle\module.xsl --> ftp.exslt.org /www.exslt.org/public_html/style/estyle module.xsl
103.10.24 11:29 B C:\jakarta-tomcat-3.2.4\webapps\cocoon\exslt\style\estyle\package.xsl --> ftp.exslt.org /www.exslt.org/public_html/style/estyle package.xsl
103.10.24 11:30 B C:\jakarta-tomcat-3.2.4\webapps\cocoon\exslt\style\estyle\style.zip --> ftp.exslt.org /www.exslt.org/public_html/style/estyle style.zip
103.10.24 11:30 B C:\jakarta-tomcat-3.2.4\webapps\cocoon\exslt\style\estyle\submissions.xsl --> ftp.exslt.org /www.exslt.org/public_html/style/estyle submissions.xsl
103.10.24 11:30 B C:\jakarta-tomcat-3.2.4\webapps\cocoon\exslt\style\estyle\utils.xsl --> ftp.exslt.org /www.exslt.org/public_html/style/estyle utils.xsl
