102.08.21 17:24 B C:\jakarta-tomcat-3.2.4\webapps\cocoon\exslt\date\functions\add-duration\base.css --> ftp.exslt.org /www.exslt.org/public_html/date/functions/add-duration base.css
102.08.21 17:24 B C:\jakarta-tomcat-3.2.4\webapps\cocoon\exslt\date\functions\add-duration\date.add-duration.2.html --> ftp.exslt.org /www.exslt.org/public_html/date/functions/add-duration date.add-duration.2.html
102.08.21 17:24 B C:\jakarta-tomcat-3.2.4\webapps\cocoon\exslt\date\functions\add-duration\date.add-duration.function.xsl --> ftp.exslt.org /www.exslt.org/public_html/date/functions/add-duration date.add-duration.function.xsl
102.08.21 17:24 B C:\jakarta-tomcat-3.2.4\webapps\cocoon\exslt\date\functions\add-duration\date.add-duration.function.xsl.html --> ftp.exslt.org /www.exslt.org/public_html/date/functions/add-duration date.add-duration.function.xsl.html
102.08.21 17:24 B C:\jakarta-tomcat-3.2.4\webapps\cocoon\exslt\date\functions\add-duration\date.add-duration.html --> ftp.exslt.org /www.exslt.org/public_html/date/functions/add-duration date.add-duration.html
102.08.21 17:24 B C:\jakarta-tomcat-3.2.4\webapps\cocoon\exslt\date\functions\add-duration\date.add-duration.package.txt --> ftp.exslt.org /www.exslt.org/public_html/date/functions/add-duration date.add-duration.package.txt
102.08.21 17:24 B C:\jakarta-tomcat-3.2.4\webapps\cocoon\exslt\date\functions\add-duration\date.add-duration.template.xsl --> ftp.exslt.org /www.exslt.org/public_html/date/functions/add-duration date.add-duration.template.xsl
102.08.21 17:24 B C:\jakarta-tomcat-3.2.4\webapps\cocoon\exslt\date\functions\add-duration\date.add-duration.template.xsl.html --> ftp.exslt.org /www.exslt.org/public_html/date/functions/add-duration date.add-duration.template.xsl.html
102.08.21 17:24 B C:\jakarta-tomcat-3.2.4\webapps\cocoon\exslt\date\functions\add-duration\date.add-duration.use-cases.txt --> ftp.exslt.org /www.exslt.org/public_html/date/functions/add-duration date.add-duration.use-cases.txt
102.08.21 17:24 B C:\jakarta-tomcat-3.2.4\webapps\cocoon\exslt\date\functions\add-duration\date.add-duration.use-cases.zip --> ftp.exslt.org /www.exslt.org/public_html/date/functions/add-duration date.add-duration.use-cases.zip
102.08.21 17:24 B C:\jakarta-tomcat-3.2.4\webapps\cocoon\exslt\date\functions\add-duration\date.add-duration.xml --> ftp.exslt.org /www.exslt.org/public_html/date/functions/add-duration date.add-duration.xml
102.08.21 17:24 B C:\jakarta-tomcat-3.2.4\webapps\cocoon\exslt\date\functions\add-duration\date.add-duration.xsl --> ftp.exslt.org /www.exslt.org/public_html/date/functions/add-duration date.add-duration.xsl
102.08.21 17:24 B C:\jakarta-tomcat-3.2.4\webapps\cocoon\exslt\date\functions\add-duration\date.add-duration.zip --> ftp.exslt.org /www.exslt.org/public_html/date/functions/add-duration date.add-duration.zip
102.08.21 17:24 B C:\jakarta-tomcat-3.2.4\webapps\cocoon\exslt\date\functions\add-duration\date.js --> ftp.exslt.org /www.exslt.org/public_html/date/functions/add-duration date.js
102.08.21 17:24 B C:\jakarta-tomcat-3.2.4\webapps\cocoon\exslt\date\functions\add-duration\date.js.html --> ftp.exslt.org /www.exslt.org/public_html/date/functions/add-duration date.js.html
102.08.21 17:24 B C:\jakarta-tomcat-3.2.4\webapps\cocoon\exslt\date\functions\add-duration\date.msxsl.xsl --> ftp.exslt.org /www.exslt.org/public_html/date/functions/add-duration date.msxsl.xsl
102.08.21 17:24 B C:\jakarta-tomcat-3.2.4\webapps\cocoon\exslt\date\functions\add-duration\date.msxsl.xsl.html --> ftp.exslt.org /www.exslt.org/public_html/date/functions/add-duration date.msxsl.xsl.html
102.08.21 17:24 B C:\jakarta-tomcat-3.2.4\webapps\cocoon\exslt\date\functions\add-duration\index.html --> ftp.exslt.org /www.exslt.org/public_html/date/functions/add-duration index.html
102.08.21 17:24 B C:\jakarta-tomcat-3.2.4\webapps\cocoon\exslt\date\functions\add-duration\refresh.bat --> ftp.exslt.org /www.exslt.org/public_html/date/functions/add-duration refresh.bat
102.08.21 17:24 B C:\jakarta-tomcat-3.2.4\webapps\cocoon\exslt\date\functions\add-duration\update.bat --> ftp.exslt.org /www.exslt.org/public_html/date/functions/add-duration update.bat
102.08.21 17:30 B C:\jakarta-tomcat-3.2.4\webapps\cocoon\exslt\date\functions\add-duration\base.css --> ftp.exslt.org /www.exslt.org/public_html/date/functions/add-duration base.css
102.08.21 17:30 B C:\jakarta-tomcat-3.2.4\webapps\cocoon\exslt\date\functions\add-duration\date.add-duration.2.html --> ftp.exslt.org /www.exslt.org/public_html/date/functions/add-duration date.add-duration.2.html
102.08.21 17:30 B C:\jakarta-tomcat-3.2.4\webapps\cocoon\exslt\date\functions\add-duration\date.add-duration.function.xsl --> ftp.exslt.org /www.exslt.org/public_html/date/functions/add-duration date.add-duration.function.xsl
102.08.21 17:30 B C:\jakarta-tomcat-3.2.4\webapps\cocoon\exslt\date\functions\add-duration\date.add-duration.function.xsl.html --> ftp.exslt.org /www.exslt.org/public_html/date/functions/add-duration date.add-duration.function.xsl.html
102.08.21 17:30 B C:\jakarta-tomcat-3.2.4\webapps\cocoon\exslt\date\functions\add-duration\date.add-duration.html --> ftp.exslt.org /www.exslt.org/public_html/date/functions/add-duration date.add-duration.html
102.08.21 17:30 B C:\jakarta-tomcat-3.2.4\webapps\cocoon\exslt\date\functions\add-duration\date.add-duration.package.txt --> ftp.exslt.org /www.exslt.org/public_html/date/functions/add-duration date.add-duration.package.txt
102.08.21 17:30 B C:\jakarta-tomcat-3.2.4\webapps\cocoon\exslt\date\functions\add-duration\date.add-duration.template.xsl --> ftp.exslt.org /www.exslt.org/public_html/date/functions/add-duration date.add-duration.template.xsl
102.08.21 17:30 B C:\jakarta-tomcat-3.2.4\webapps\cocoon\exslt\date\functions\add-duration\date.add-duration.template.xsl.html --> ftp.exslt.org /www.exslt.org/public_html/date/functions/add-duration date.add-duration.template.xsl.html
102.08.21 17:30 B C:\jakarta-tomcat-3.2.4\webapps\cocoon\exslt\date\functions\add-duration\date.add-duration.use-cases.txt --> ftp.exslt.org /www.exslt.org/public_html/date/functions/add-duration date.add-duration.use-cases.txt
102.08.21 17:30 B C:\jakarta-tomcat-3.2.4\webapps\cocoon\exslt\date\functions\add-duration\date.add-duration.use-cases.zip --> ftp.exslt.org /www.exslt.org/public_html/date/functions/add-duration date.add-duration.use-cases.zip
102.08.21 17:30 B C:\jakarta-tomcat-3.2.4\webapps\cocoon\exslt\date\functions\add-duration\date.add-duration.xml --> ftp.exslt.org /www.exslt.org/public_html/date/functions/add-duration date.add-duration.xml
102.08.21 17:30 B C:\jakarta-tomcat-3.2.4\webapps\cocoon\exslt\date\functions\add-duration\date.add-duration.xsl --> ftp.exslt.org /www.exslt.org/public_html/date/functions/add-duration date.add-duration.xsl
102.08.21 17:30 B C:\jakarta-tomcat-3.2.4\webapps\cocoon\exslt\date\functions\add-duration\date.add-duration.zip --> ftp.exslt.org /www.exslt.org/public_html/date/functions/add-duration date.add-duration.zip
102.08.21 17:30 B C:\jakarta-tomcat-3.2.4\webapps\cocoon\exslt\date\functions\add-duration\date.js --> ftp.exslt.org /www.exslt.org/public_html/date/functions/add-duration date.js
102.08.21 17:30 B C:\jakarta-tomcat-3.2.4\webapps\cocoon\exslt\date\functions\add-duration\date.js.html --> ftp.exslt.org /www.exslt.org/public_html/date/functions/add-duration date.js.html
102.08.21 17:30 B C:\jakarta-tomcat-3.2.4\webapps\cocoon\exslt\date\functions\add-duration\date.msxsl.xsl --> ftp.exslt.org /www.exslt.org/public_html/date/functions/add-duration date.msxsl.xsl
102.08.21 17:30 B C:\jakarta-tomcat-3.2.4\webapps\cocoon\exslt\date\functions\add-duration\date.msxsl.xsl.html --> ftp.exslt.org /www.exslt.org/public_html/date/functions/add-duration date.msxsl.xsl.html
102.08.21 17:30 B C:\jakarta-tomcat-3.2.4\webapps\cocoon\exslt\date\functions\add-duration\index.html --> ftp.exslt.org /www.exslt.org/public_html/date/functions/add-duration index.html
102.08.21 17:30 B C:\jakarta-tomcat-3.2.4\webapps\cocoon\exslt\date\functions\add-duration\refresh.bat --> ftp.exslt.org /www.exslt.org/public_html/date/functions/add-duration refresh.bat
102.08.21 17:30 B C:\jakarta-tomcat-3.2.4\webapps\cocoon\exslt\date\functions\add-duration\update.bat --> ftp.exslt.org /www.exslt.org/public_html/date/functions/add-duration update.bat
102.08.21 17:30 B C:\jakarta-tomcat-3.2.4\webapps\cocoon\exslt\date\functions\add-duration\WS_FTP.LOG --> ftp.exslt.org /www.exslt.org/public_html/date/functions/add-duration WS_FTP.LOG
102.11.19 13:14 B C:\jakarta-tomcat-3.2.4\webapps\cocoon\exslt\date\functions\add-duration\base.css --> ftp.exslt.org /www.exslt.org/public_html/date/functions/add-duration base.css
102.11.19 13:14 B C:\jakarta-tomcat-3.2.4\webapps\cocoon\exslt\date\functions\add-duration\date.add-duration.2.html --> ftp.exslt.org /www.exslt.org/public_html/date/functions/add-duration date.add-duration.2.html
102.11.19 13:14 B C:\jakarta-tomcat-3.2.4\webapps\cocoon\exslt\date\functions\add-duration\date.add-duration.function.xsl --> ftp.exslt.org /www.exslt.org/public_html/date/functions/add-duration date.add-duration.function.xsl
102.11.19 13:14 B C:\jakarta-tomcat-3.2.4\webapps\cocoon\exslt\date\functions\add-duration\date.add-duration.function.xsl.html --> ftp.exslt.org /www.exslt.org/public_html/date/functions/add-duration date.add-duration.function.xsl.html
102.11.19 13:14 B C:\jakarta-tomcat-3.2.4\webapps\cocoon\exslt\date\functions\add-duration\date.add-duration.html --> ftp.exslt.org /www.exslt.org/public_html/date/functions/add-duration date.add-duration.html
102.11.19 13:14 B C:\jakarta-tomcat-3.2.4\webapps\cocoon\exslt\date\functions\add-duration\date.add-duration.package.txt --> ftp.exslt.org /www.exslt.org/public_html/date/functions/add-duration date.add-duration.package.txt
102.11.19 13:14 B C:\jakarta-tomcat-3.2.4\webapps\cocoon\exslt\date\functions\add-duration\date.add-duration.template.xsl --> ftp.exslt.org /www.exslt.org/public_html/date/functions/add-duration date.add-duration.template.xsl
102.11.19 13:14 B C:\jakarta-tomcat-3.2.4\webapps\cocoon\exslt\date\functions\add-duration\date.add-duration.template.xsl.html --> ftp.exslt.org /www.exslt.org/public_html/date/functions/add-duration date.add-duration.template.xsl.html
102.11.19 13:14 B C:\jakarta-tomcat-3.2.4\webapps\cocoon\exslt\date\functions\add-duration\date.add-duration.use-cases.txt --> ftp.exslt.org /www.exslt.org/public_html/date/functions/add-duration date.add-duration.use-cases.txt
102.11.19 13:14 B C:\jakarta-tomcat-3.2.4\webapps\cocoon\exslt\date\functions\add-duration\date.add-duration.use-cases.zip --> ftp.exslt.org /www.exslt.org/public_html/date/functions/add-duration date.add-duration.use-cases.zip
102.11.19 13:14 B C:\jakarta-tomcat-3.2.4\webapps\cocoon\exslt\date\functions\add-duration\date.add-duration.xml --> ftp.exslt.org /www.exslt.org/public_html/date/functions/add-duration date.add-duration.xml
102.11.19 13:14 B C:\jakarta-tomcat-3.2.4\webapps\cocoon\exslt\date\functions\add-duration\date.add-duration.xsl --> ftp.exslt.org /www.exslt.org/public_html/date/functions/add-duration date.add-duration.xsl
102.11.19 13:14 B C:\jakarta-tomcat-3.2.4\webapps\cocoon\exslt\date\functions\add-duration\date.add-duration.zip --> ftp.exslt.org /www.exslt.org/public_html/date/functions/add-duration date.add-duration.zip
102.11.19 13:14 B C:\jakarta-tomcat-3.2.4\webapps\cocoon\exslt\date\functions\add-duration\date.js --> ftp.exslt.org /www.exslt.org/public_html/date/functions/add-duration date.js
102.11.19 13:14 B C:\jakarta-tomcat-3.2.4\webapps\cocoon\exslt\date\functions\add-duration\date.js.html --> ftp.exslt.org /www.exslt.org/public_html/date/functions/add-duration date.js.html
102.11.19 13:14 B C:\jakarta-tomcat-3.2.4\webapps\cocoon\exslt\date\functions\add-duration\date.msxsl.xsl --> ftp.exslt.org /www.exslt.org/public_html/date/functions/add-duration date.msxsl.xsl
102.11.19 13:14 B C:\jakarta-tomcat-3.2.4\webapps\cocoon\exslt\date\functions\add-duration\date.msxsl.xsl.html --> ftp.exslt.org /www.exslt.org/public_html/date/functions/add-duration date.msxsl.xsl.html
102.11.19 13:14 B C:\jakarta-tomcat-3.2.4\webapps\cocoon\exslt\date\functions\add-duration\index.html --> ftp.exslt.org /www.exslt.org/public_html/date/functions/add-duration index.html
102.11.19 13:14 B C:\jakarta-tomcat-3.2.4\webapps\cocoon\exslt\date\functions\add-duration\refresh.bat --> ftp.exslt.org /www.exslt.org/public_html/date/functions/add-duration refresh.bat
102.11.19 13:14 B C:\jakarta-tomcat-3.2.4\webapps\cocoon\exslt\date\functions\add-duration\update.bat --> ftp.exslt.org /www.exslt.org/public_html/date/functions/add-duration update.bat
102.11.19 13:14 B C:\jakarta-tomcat-3.2.4\webapps\cocoon\exslt\date\functions\add-duration\WS_FTP.LOG --> ftp.exslt.org /www.exslt.org/public_html/date/functions/add-duration WS_FTP.LOG
102.11.19 13:20 B C:\jakarta-tomcat-3.2.4\webapps\cocoon\exslt\date\functions\add-duration\base.css --> ftp.exslt.org /www.exslt.org/public_html/date/functions/add-duration base.css
102.11.19 13:20 B C:\jakarta-tomcat-3.2.4\webapps\cocoon\exslt\date\functions\add-duration\date.add-duration.2.html --> ftp.exslt.org /www.exslt.org/public_html/date/functions/add-duration date.add-duration.2.html
102.11.19 13:20 B C:\jakarta-tomcat-3.2.4\webapps\cocoon\exslt\date\functions\add-duration\date.add-duration.function.xsl --> ftp.exslt.org /www.exslt.org/public_html/date/functions/add-duration date.add-duration.function.xsl
102.11.19 13:20 B C:\jakarta-tomcat-3.2.4\webapps\cocoon\exslt\date\functions\add-duration\date.add-duration.function.xsl.html --> ftp.exslt.org /www.exslt.org/public_html/date/functions/add-duration date.add-duration.function.xsl.html
102.11.19 13:20 B C:\jakarta-tomcat-3.2.4\webapps\cocoon\exslt\date\functions\add-duration\date.add-duration.html --> ftp.exslt.org /www.exslt.org/public_html/date/functions/add-duration date.add-duration.html
102.11.19 13:20 B C:\jakarta-tomcat-3.2.4\webapps\cocoon\exslt\date\functions\add-duration\date.add-duration.package.txt --> ftp.exslt.org /www.exslt.org/public_html/date/functions/add-duration date.add-duration.package.txt
102.11.19 13:20 B C:\jakarta-tomcat-3.2.4\webapps\cocoon\exslt\date\functions\add-duration\date.add-duration.template.xsl --> ftp.exslt.org /www.exslt.org/public_html/date/functions/add-duration date.add-duration.template.xsl
102.11.19 13:20 B C:\jakarta-tomcat-3.2.4\webapps\cocoon\exslt\date\functions\add-duration\date.add-duration.template.xsl.html --> ftp.exslt.org /www.exslt.org/public_html/date/functions/add-duration date.add-duration.template.xsl.html
102.11.19 13:20 B C:\jakarta-tomcat-3.2.4\webapps\cocoon\exslt\date\functions\add-duration\date.add-duration.use-cases.txt --> ftp.exslt.org /www.exslt.org/public_html/date/functions/add-duration date.add-duration.use-cases.txt
102.11.19 13:20 B C:\jakarta-tomcat-3.2.4\webapps\cocoon\exslt\date\functions\add-duration\date.add-duration.use-cases.zip --> ftp.exslt.org /www.exslt.org/public_html/date/functions/add-duration date.add-duration.use-cases.zip
102.11.19 13:20 B C:\jakarta-tomcat-3.2.4\webapps\cocoon\exslt\date\functions\add-duration\date.add-duration.xml --> ftp.exslt.org /www.exslt.org/public_html/date/functions/add-duration date.add-duration.xml
102.11.19 13:20 B C:\jakarta-tomcat-3.2.4\webapps\cocoon\exslt\date\functions\add-duration\date.add-duration.xsl --> ftp.exslt.org /www.exslt.org/public_html/date/functions/add-duration date.add-duration.xsl
102.11.19 13:20 B C:\jakarta-tomcat-3.2.4\webapps\cocoon\exslt\date\functions\add-duration\date.add-duration.zip --> ftp.exslt.org /www.exslt.org/public_html/date/functions/add-duration date.add-duration.zip
102.11.19 13:20 B C:\jakarta-tomcat-3.2.4\webapps\cocoon\exslt\date\functions\add-duration\date.js --> ftp.exslt.org /www.exslt.org/public_html/date/functions/add-duration date.js
102.11.19 13:20 B C:\jakarta-tomcat-3.2.4\webapps\cocoon\exslt\date\functions\add-duration\date.js.html --> ftp.exslt.org /www.exslt.org/public_html/date/functions/add-duration date.js.html
102.11.19 13:20 B C:\jakarta-tomcat-3.2.4\webapps\cocoon\exslt\date\functions\add-duration\date.msxsl.xsl --> ftp.exslt.org /www.exslt.org/public_html/date/functions/add-duration date.msxsl.xsl
102.11.19 13:20 B C:\jakarta-tomcat-3.2.4\webapps\cocoon\exslt\date\functions\add-duration\date.msxsl.xsl.html --> ftp.exslt.org /www.exslt.org/public_html/date/functions/add-duration date.msxsl.xsl.html
102.11.19 13:20 B C:\jakarta-tomcat-3.2.4\webapps\cocoon\exslt\date\functions\add-duration\index.html --> ftp.exslt.org /www.exslt.org/public_html/date/functions/add-duration index.html
102.11.19 13:20 B C:\jakarta-tomcat-3.2.4\webapps\cocoon\exslt\date\functions\add-duration\refresh.bat --> ftp.exslt.org /www.exslt.org/public_html/date/functions/add-duration refresh.bat
102.11.19 13:20 B C:\jakarta-tomcat-3.2.4\webapps\cocoon\exslt\date\functions\add-duration\update.bat --> ftp.exslt.org /www.exslt.org/public_html/date/functions/add-duration update.bat
102.12.02 12:21 B C:\jakarta-tomcat-3.2.4\webapps\cocoon\exslt\public_html\date\functions\add-duration\WS_FTP.LOG <-- ftp.exslt.org /www.exslt.org/public_html/date/functions/add-duration WS_FTP.LOG
102.12.03 11:04 B C:\jakarta-tomcat-3.2.4\webapps\cocoon\exslt\date\functions\add-duration\base.css --> ftp.exslt.org /www.exslt.org/public_html/date/functions/add-duration base.css
102.12.03 11:04 B C:\jakarta-tomcat-3.2.4\webapps\cocoon\exslt\date\functions\add-duration\date.add-duration.1.html --> ftp.exslt.org /www.exslt.org/public_html/date/functions/add-duration date.add-duration.1.html
102.12.03 11:04 B C:\jakarta-tomcat-3.2.4\webapps\cocoon\exslt\date\functions\add-duration\date.add-duration.1.xml --> ftp.exslt.org /www.exslt.org/public_html/date/functions/add-duration date.add-duration.1.xml
102.12.03 11:04 B C:\jakarta-tomcat-3.2.4\webapps\cocoon\exslt\date\functions\add-duration\date.add-duration.2.html --> ftp.exslt.org /www.exslt.org/public_html/date/functions/add-duration date.add-duration.2.html
102.12.03 11:04 B C:\jakarta-tomcat-3.2.4\webapps\cocoon\exslt\date\functions\add-duration\date.add-duration.function.xsl --> ftp.exslt.org /www.exslt.org/public_html/date/functions/add-duration date.add-duration.function.xsl
102.12.03 11:04 B C:\jakarta-tomcat-3.2.4\webapps\cocoon\exslt\date\functions\add-duration\date.add-duration.function.xsl.html --> ftp.exslt.org /www.exslt.org/public_html/date/functions/add-duration date.add-duration.function.xsl.html
102.12.03 11:04 B C:\jakarta-tomcat-3.2.4\webapps\cocoon\exslt\date\functions\add-duration\date.add-duration.html --> ftp.exslt.org /www.exslt.org/public_html/date/functions/add-duration date.add-duration.html
102.12.03 11:04 B C:\jakarta-tomcat-3.2.4\webapps\cocoon\exslt\date\functions\add-duration\date.add-duration.package.txt --> ftp.exslt.org /www.exslt.org/public_html/date/functions/add-duration date.add-duration.package.txt
102.12.03 11:04 B C:\jakarta-tomcat-3.2.4\webapps\cocoon\exslt\date\functions\add-duration\date.add-duration.template.xsl --> ftp.exslt.org /www.exslt.org/public_html/date/functions/add-duration date.add-duration.template.xsl
102.12.03 11:04 B C:\jakarta-tomcat-3.2.4\webapps\cocoon\exslt\date\functions\add-duration\date.add-duration.template.xsl.html --> ftp.exslt.org /www.exslt.org/public_html/date/functions/add-duration date.add-duration.template.xsl.html
102.12.03 11:04 B C:\jakarta-tomcat-3.2.4\webapps\cocoon\exslt\date\functions\add-duration\date.add-duration.use-cases.txt --> ftp.exslt.org /www.exslt.org/public_html/date/functions/add-duration date.add-duration.use-cases.txt
102.12.03 11:04 B C:\jakarta-tomcat-3.2.4\webapps\cocoon\exslt\date\functions\add-duration\date.add-duration.use-cases.zip --> ftp.exslt.org /www.exslt.org/public_html/date/functions/add-duration date.add-duration.use-cases.zip
102.12.03 11:04 B C:\jakarta-tomcat-3.2.4\webapps\cocoon\exslt\date\functions\add-duration\date.add-duration.xml --> ftp.exslt.org /www.exslt.org/public_html/date/functions/add-duration date.add-duration.xml
102.12.03 11:04 B C:\jakarta-tomcat-3.2.4\webapps\cocoon\exslt\date\functions\add-duration\date.add-duration.xsl --> ftp.exslt.org /www.exslt.org/public_html/date/functions/add-duration date.add-duration.xsl
102.12.03 11:04 B C:\jakarta-tomcat-3.2.4\webapps\cocoon\exslt\date\functions\add-duration\date.add-duration.zip --> ftp.exslt.org /www.exslt.org/public_html/date/functions/add-duration date.add-duration.zip
102.12.03 11:04 B C:\jakarta-tomcat-3.2.4\webapps\cocoon\exslt\date\functions\add-duration\date.js --> ftp.exslt.org /www.exslt.org/public_html/date/functions/add-duration date.js
102.12.03 11:04 B C:\jakarta-tomcat-3.2.4\webapps\cocoon\exslt\date\functions\add-duration\date.js.html --> ftp.exslt.org /www.exslt.org/public_html/date/functions/add-duration date.js.html
102.12.03 11:04 B C:\jakarta-tomcat-3.2.4\webapps\cocoon\exslt\date\functions\add-duration\date.msxsl.xsl --> ftp.exslt.org /www.exslt.org/public_html/date/functions/add-duration date.msxsl.xsl
102.12.03 11:04 B C:\jakarta-tomcat-3.2.4\webapps\cocoon\exslt\date\functions\add-duration\date.msxsl.xsl.html --> ftp.exslt.org /www.exslt.org/public_html/date/functions/add-duration date.msxsl.xsl.html
102.12.03 11:04 B C:\jakarta-tomcat-3.2.4\webapps\cocoon\exslt\date\functions\add-duration\date.out.xml --> ftp.exslt.org /www.exslt.org/public_html/date/functions/add-duration date.out.xml
102.12.03 11:04 B C:\jakarta-tomcat-3.2.4\webapps\cocoon\exslt\date\functions\add-duration\index.html --> ftp.exslt.org /www.exslt.org/public_html/date/functions/add-duration index.html
102.12.03 11:04 B C:\jakarta-tomcat-3.2.4\webapps\cocoon\exslt\date\functions\add-duration\out.html --> ftp.exslt.org /www.exslt.org/public_html/date/functions/add-duration out.html
102.12.03 11:04 B C:\jakarta-tomcat-3.2.4\webapps\cocoon\exslt\date\functions\add-duration\refresh.bat --> ftp.exslt.org /www.exslt.org/public_html/date/functions/add-duration refresh.bat
102.12.03 11:04 B C:\jakarta-tomcat-3.2.4\webapps\cocoon\exslt\date\functions\add-duration\update.bat --> ftp.exslt.org /www.exslt.org/public_html/date/functions/add-duration update.bat
102.12.03 11:04 B C:\jakarta-tomcat-3.2.4\webapps\cocoon\exslt\date\functions\add-duration\WS_FTP.LOG --> ftp.exslt.org /www.exslt.org/public_html/date/functions/add-duration WS_FTP.LOG
102.12.03 11:09 B C:\jakarta-tomcat-3.2.4\webapps\cocoon\exslt\date\functions\add-duration\base.css --> ftp.exslt.org /www.exslt.org/public_html/date/functions/add-duration base.css
102.12.03 11:09 B C:\jakarta-tomcat-3.2.4\webapps\cocoon\exslt\date\functions\add-duration\date.add-duration.1.html --> ftp.exslt.org /www.exslt.org/public_html/date/functions/add-duration date.add-duration.1.html
102.12.03 11:09 B C:\jakarta-tomcat-3.2.4\webapps\cocoon\exslt\date\functions\add-duration\date.add-duration.1.xml --> ftp.exslt.org /www.exslt.org/public_html/date/functions/add-duration date.add-duration.1.xml
102.12.03 11:09 B C:\jakarta-tomcat-3.2.4\webapps\cocoon\exslt\date\functions\add-duration\date.add-duration.2.html --> ftp.exslt.org /www.exslt.org/public_html/date/functions/add-duration date.add-duration.2.html
102.12.03 11:09 B C:\jakarta-tomcat-3.2.4\webapps\cocoon\exslt\date\functions\add-duration\date.add-duration.function.xsl --> ftp.exslt.org /www.exslt.org/public_html/date/functions/add-duration date.add-duration.function.xsl
102.12.03 11:09 B C:\jakarta-tomcat-3.2.4\webapps\cocoon\exslt\date\functions\add-duration\date.add-duration.function.xsl.html --> ftp.exslt.org /www.exslt.org/public_html/date/functions/add-duration date.add-duration.function.xsl.html
102.12.03 11:09 B C:\jakarta-tomcat-3.2.4\webapps\cocoon\exslt\date\functions\add-duration\date.add-duration.html --> ftp.exslt.org /www.exslt.org/public_html/date/functions/add-duration date.add-duration.html
102.12.03 11:09 B C:\jakarta-tomcat-3.2.4\webapps\cocoon\exslt\date\functions\add-duration\date.add-duration.package.txt --> ftp.exslt.org /www.exslt.org/public_html/date/functions/add-duration date.add-duration.package.txt
102.12.03 11:09 B C:\jakarta-tomcat-3.2.4\webapps\cocoon\exslt\date\functions\add-duration\date.add-duration.template.xsl --> ftp.exslt.org /www.exslt.org/public_html/date/functions/add-duration date.add-duration.template.xsl
102.12.03 11:09 B C:\jakarta-tomcat-3.2.4\webapps\cocoon\exslt\date\functions\add-duration\date.add-duration.template.xsl.html --> ftp.exslt.org /www.exslt.org/public_html/date/functions/add-duration date.add-duration.template.xsl.html
102.12.03 11:09 B C:\jakarta-tomcat-3.2.4\webapps\cocoon\exslt\date\functions\add-duration\date.add-duration.use-cases.txt --> ftp.exslt.org /www.exslt.org/public_html/date/functions/add-duration date.add-duration.use-cases.txt
102.12.03 11:09 B C:\jakarta-tomcat-3.2.4\webapps\cocoon\exslt\date\functions\add-duration\date.add-duration.use-cases.zip --> ftp.exslt.org /www.exslt.org/public_html/date/functions/add-duration date.add-duration.use-cases.zip
102.12.03 11:09 B C:\jakarta-tomcat-3.2.4\webapps\cocoon\exslt\date\functions\add-duration\date.add-duration.xml --> ftp.exslt.org /www.exslt.org/public_html/date/functions/add-duration date.add-duration.xml
102.12.03 11:09 B C:\jakarta-tomcat-3.2.4\webapps\cocoon\exslt\date\functions\add-duration\date.add-duration.xsl --> ftp.exslt.org /www.exslt.org/public_html/date/functions/add-duration date.add-duration.xsl
102.12.03 11:09 B C:\jakarta-tomcat-3.2.4\webapps\cocoon\exslt\date\functions\add-duration\date.add-duration.zip --> ftp.exslt.org /www.exslt.org/public_html/date/functions/add-duration date.add-duration.zip
102.12.03 11:09 B C:\jakarta-tomcat-3.2.4\webapps\cocoon\exslt\date\functions\add-duration\date.js --> ftp.exslt.org /www.exslt.org/public_html/date/functions/add-duration date.js
102.12.03 11:09 B C:\jakarta-tomcat-3.2.4\webapps\cocoon\exslt\date\functions\add-duration\date.js.html --> ftp.exslt.org /www.exslt.org/public_html/date/functions/add-duration date.js.html
102.12.03 11:09 B C:\jakarta-tomcat-3.2.4\webapps\cocoon\exslt\date\functions\add-duration\date.msxsl.xsl --> ftp.exslt.org /www.exslt.org/public_html/date/functions/add-duration date.msxsl.xsl
102.12.03 11:09 B C:\jakarta-tomcat-3.2.4\webapps\cocoon\exslt\date\functions\add-duration\date.msxsl.xsl.html --> ftp.exslt.org /www.exslt.org/public_html/date/functions/add-duration date.msxsl.xsl.html
102.12.03 11:09 B C:\jakarta-tomcat-3.2.4\webapps\cocoon\exslt\date\functions\add-duration\date.out.xml --> ftp.exslt.org /www.exslt.org/public_html/date/functions/add-duration date.out.xml
102.12.03 11:09 B C:\jakarta-tomcat-3.2.4\webapps\cocoon\exslt\date\functions\add-duration\index.html --> ftp.exslt.org /www.exslt.org/public_html/date/functions/add-duration index.html
102.12.03 11:09 B C:\jakarta-tomcat-3.2.4\webapps\cocoon\exslt\date\functions\add-duration\out.html --> ftp.exslt.org /www.exslt.org/public_html/date/functions/add-duration out.html
102.12.03 11:09 B C:\jakarta-tomcat-3.2.4\webapps\cocoon\exslt\date\functions\add-duration\refresh.bat --> ftp.exslt.org /www.exslt.org/public_html/date/functions/add-duration refresh.bat
102.12.03 11:09 B C:\jakarta-tomcat-3.2.4\webapps\cocoon\exslt\date\functions\add-duration\update.bat --> ftp.exslt.org /www.exslt.org/public_html/date/functions/add-duration update.bat
102.12.03 11:09 B C:\jakarta-tomcat-3.2.4\webapps\cocoon\exslt\date\functions\add-duration\WS_FTP.LOG --> ftp.exslt.org /www.exslt.org/public_html/date/functions/add-duration WS_FTP.LOG
102.12.11 10:53 B C:\jakarta-tomcat-3.2.4\webapps\cocoon\exslt\date\functions\add-duration\base.css --> ftp.exslt.org /www.exslt.org/public_html/date/functions/add-duration base.css
102.12.11 10:53 B C:\jakarta-tomcat-3.2.4\webapps\cocoon\exslt\date\functions\add-duration\date.add-duration.1.html --> ftp.exslt.org /www.exslt.org/public_html/date/functions/add-duration date.add-duration.1.html
102.12.11 10:53 B C:\jakarta-tomcat-3.2.4\webapps\cocoon\exslt\date\functions\add-duration\date.add-duration.1.xml --> ftp.exslt.org /www.exslt.org/public_html/date/functions/add-duration date.add-duration.1.xml
102.12.11 10:53 B C:\jakarta-tomcat-3.2.4\webapps\cocoon\exslt\date\functions\add-duration\date.add-duration.2.html --> ftp.exslt.org /www.exslt.org/public_html/date/functions/add-duration date.add-duration.2.html
102.12.11 10:53 B C:\jakarta-tomcat-3.2.4\webapps\cocoon\exslt\date\functions\add-duration\date.add-duration.function.xsl --> ftp.exslt.org /www.exslt.org/public_html/date/functions/add-duration date.add-duration.function.xsl
102.12.11 10:53 B C:\jakarta-tomcat-3.2.4\webapps\cocoon\exslt\date\functions\add-duration\date.add-duration.function.xsl.html --> ftp.exslt.org /www.exslt.org/public_html/date/functions/add-duration date.add-duration.function.xsl.html
102.12.11 10:53 B C:\jakarta-tomcat-3.2.4\webapps\cocoon\exslt\date\functions\add-duration\date.add-duration.html --> ftp.exslt.org /www.exslt.org/public_html/date/functions/add-duration date.add-duration.html
102.12.11 10:53 B C:\jakarta-tomcat-3.2.4\webapps\cocoon\exslt\date\functions\add-duration\date.add-duration.package.txt --> ftp.exslt.org /www.exslt.org/public_html/date/functions/add-duration date.add-duration.package.txt
102.12.11 10:53 B C:\jakarta-tomcat-3.2.4\webapps\cocoon\exslt\date\functions\add-duration\date.add-duration.template.xsl --> ftp.exslt.org /www.exslt.org/public_html/date/functions/add-duration date.add-duration.template.xsl
102.12.11 10:53 B C:\jakarta-tomcat-3.2.4\webapps\cocoon\exslt\date\functions\add-duration\date.add-duration.template.xsl.html --> ftp.exslt.org /www.exslt.org/public_html/date/functions/add-duration date.add-duration.template.xsl.html
102.12.11 10:53 B C:\jakarta-tomcat-3.2.4\webapps\cocoon\exslt\date\functions\add-duration\date.add-duration.use-cases.txt --> ftp.exslt.org /www.exslt.org/public_html/date/functions/add-duration date.add-duration.use-cases.txt
102.12.11 10:53 B C:\jakarta-tomcat-3.2.4\webapps\cocoon\exslt\date\functions\add-duration\date.add-duration.use-cases.zip --> ftp.exslt.org /www.exslt.org/public_html/date/functions/add-duration date.add-duration.use-cases.zip
102.12.11 10:53 B C:\jakarta-tomcat-3.2.4\webapps\cocoon\exslt\date\functions\add-duration\date.add-duration.xml --> ftp.exslt.org /www.exslt.org/public_html/date/functions/add-duration date.add-duration.xml
102.12.11 10:53 B C:\jakarta-tomcat-3.2.4\webapps\cocoon\exslt\date\functions\add-duration\date.add-duration.xsl --> ftp.exslt.org /www.exslt.org/public_html/date/functions/add-duration date.add-duration.xsl
102.12.11 10:53 B C:\jakarta-tomcat-3.2.4\webapps\cocoon\exslt\date\functions\add-duration\date.add-duration.zip --> ftp.exslt.org /www.exslt.org/public_html/date/functions/add-duration date.add-duration.zip
102.12.11 10:53 B C:\jakarta-tomcat-3.2.4\webapps\cocoon\exslt\date\functions\add-duration\date.js --> ftp.exslt.org /www.exslt.org/public_html/date/functions/add-duration date.js
102.12.11 10:53 B C:\jakarta-tomcat-3.2.4\webapps\cocoon\exslt\date\functions\add-duration\date.js.html --> ftp.exslt.org /www.exslt.org/public_html/date/functions/add-duration date.js.html
102.12.11 10:53 B C:\jakarta-tomcat-3.2.4\webapps\cocoon\exslt\date\functions\add-duration\date.msxsl.xsl --> ftp.exslt.org /www.exslt.org/public_html/date/functions/add-duration date.msxsl.xsl
102.12.11 10:53 B C:\jakarta-tomcat-3.2.4\webapps\cocoon\exslt\date\functions\add-duration\date.msxsl.xsl.html --> ftp.exslt.org /www.exslt.org/public_html/date/functions/add-duration date.msxsl.xsl.html
102.12.11 10:53 B C:\jakarta-tomcat-3.2.4\webapps\cocoon\exslt\date\functions\add-duration\date.out.xml --> ftp.exslt.org /www.exslt.org/public_html/date/functions/add-duration date.out.xml
102.12.11 10:53 B C:\jakarta-tomcat-3.2.4\webapps\cocoon\exslt\date\functions\add-duration\index.html --> ftp.exslt.org /www.exslt.org/public_html/date/functions/add-duration index.html
102.12.11 10:53 B C:\jakarta-tomcat-3.2.4\webapps\cocoon\exslt\date\functions\add-duration\out.html --> ftp.exslt.org /www.exslt.org/public_html/date/functions/add-duration out.html
102.12.11 10:53 B C:\jakarta-tomcat-3.2.4\webapps\cocoon\exslt\date\functions\add-duration\refresh.bat --> ftp.exslt.org /www.exslt.org/public_html/date/functions/add-duration refresh.bat
102.12.11 10:53 B C:\jakarta-tomcat-3.2.4\webapps\cocoon\exslt\date\functions\add-duration\update.bat --> ftp.exslt.org /www.exslt.org/public_html/date/functions/add-duration update.bat
102.12.11 10:53 B C:\jakarta-tomcat-3.2.4\webapps\cocoon\exslt\date\functions\add-duration\WS_FTP.LOG --> ftp.exslt.org /www.exslt.org/public_html/date/functions/add-duration WS_FTP.LOG
102.12.11 11:01 B C:\jakarta-tomcat-3.2.4\webapps\cocoon\exslt\date\functions\add-duration\base.css --> ftp.exslt.org /www.exslt.org/public_html/date/functions/add-duration base.css
102.12.11 11:01 B C:\jakarta-tomcat-3.2.4\webapps\cocoon\exslt\date\functions\add-duration\date.add-duration.1.html --> ftp.exslt.org /www.exslt.org/public_html/date/functions/add-duration date.add-duration.1.html
102.12.11 11:01 B C:\jakarta-tomcat-3.2.4\webapps\cocoon\exslt\date\functions\add-duration\date.add-duration.1.xml --> ftp.exslt.org /www.exslt.org/public_html/date/functions/add-duration date.add-duration.1.xml
102.12.11 11:01 B C:\jakarta-tomcat-3.2.4\webapps\cocoon\exslt\date\functions\add-duration\date.add-duration.2.html --> ftp.exslt.org /www.exslt.org/public_html/date/functions/add-duration date.add-duration.2.html
102.12.11 11:01 B C:\jakarta-tomcat-3.2.4\webapps\cocoon\exslt\date\functions\add-duration\date.add-duration.function.xsl --> ftp.exslt.org /www.exslt.org/public_html/date/functions/add-duration date.add-duration.function.xsl
102.12.11 11:01 B C:\jakarta-tomcat-3.2.4\webapps\cocoon\exslt\date\functions\add-duration\date.add-duration.function.xsl.html --> ftp.exslt.org /www.exslt.org/public_html/date/functions/add-duration date.add-duration.function.xsl.html
102.12.11 11:01 B C:\jakarta-tomcat-3.2.4\webapps\cocoon\exslt\date\functions\add-duration\date.add-duration.html --> ftp.exslt.org /www.exslt.org/public_html/date/functions/add-duration date.add-duration.html
102.12.11 11:01 B C:\jakarta-tomcat-3.2.4\webapps\cocoon\exslt\date\functions\add-duration\date.add-duration.package.txt --> ftp.exslt.org /www.exslt.org/public_html/date/functions/add-duration date.add-duration.package.txt
102.12.11 11:01 B C:\jakarta-tomcat-3.2.4\webapps\cocoon\exslt\date\functions\add-duration\date.add-duration.template.xsl --> ftp.exslt.org /www.exslt.org/public_html/date/functions/add-duration date.add-duration.template.xsl
102.12.11 11:01 B C:\jakarta-tomcat-3.2.4\webapps\cocoon\exslt\date\functions\add-duration\date.add-duration.template.xsl.html --> ftp.exslt.org /www.exslt.org/public_html/date/functions/add-duration date.add-duration.template.xsl.html
102.12.11 11:01 B C:\jakarta-tomcat-3.2.4\webapps\cocoon\exslt\date\functions\add-duration\date.add-duration.use-cases.txt --> ftp.exslt.org /www.exslt.org/public_html/date/functions/add-duration date.add-duration.use-cases.txt
102.12.11 11:01 B C:\jakarta-tomcat-3.2.4\webapps\cocoon\exslt\date\functions\add-duration\date.add-duration.use-cases.zip --> ftp.exslt.org /www.exslt.org/public_html/date/functions/add-duration date.add-duration.use-cases.zip
102.12.11 11:01 B C:\jakarta-tomcat-3.2.4\webapps\cocoon\exslt\date\functions\add-duration\date.add-duration.xml --> ftp.exslt.org /www.exslt.org/public_html/date/functions/add-duration date.add-duration.xml
102.12.11 11:01 B C:\jakarta-tomcat-3.2.4\webapps\cocoon\exslt\date\functions\add-duration\date.add-duration.xsl --> ftp.exslt.org /www.exslt.org/public_html/date/functions/add-duration date.add-duration.xsl
102.12.11 11:01 B C:\jakarta-tomcat-3.2.4\webapps\cocoon\exslt\date\functions\add-duration\date.add-duration.zip --> ftp.exslt.org /www.exslt.org/public_html/date/functions/add-duration date.add-duration.zip
102.12.11 11:01 B C:\jakarta-tomcat-3.2.4\webapps\cocoon\exslt\date\functions\add-duration\date.js --> ftp.exslt.org /www.exslt.org/public_html/date/functions/add-duration date.js
102.12.11 11:01 B C:\jakarta-tomcat-3.2.4\webapps\cocoon\exslt\date\functions\add-duration\date.js.html --> ftp.exslt.org /www.exslt.org/public_html/date/functions/add-duration date.js.html
102.12.11 11:01 B C:\jakarta-tomcat-3.2.4\webapps\cocoon\exslt\date\functions\add-duration\date.msxsl.xsl --> ftp.exslt.org /www.exslt.org/public_html/date/functions/add-duration date.msxsl.xsl
102.12.11 11:01 B C:\jakarta-tomcat-3.2.4\webapps\cocoon\exslt\date\functions\add-duration\date.msxsl.xsl.html --> ftp.exslt.org /www.exslt.org/public_html/date/functions/add-duration date.msxsl.xsl.html
102.12.11 11:01 B C:\jakarta-tomcat-3.2.4\webapps\cocoon\exslt\date\functions\add-duration\date.out.xml --> ftp.exslt.org /www.exslt.org/public_html/date/functions/add-duration date.out.xml
102.12.11 11:01 B C:\jakarta-tomcat-3.2.4\webapps\cocoon\exslt\date\functions\add-duration\index.html --> ftp.exslt.org /www.exslt.org/public_html/date/functions/add-duration index.html
102.12.11 11:01 B C:\jakarta-tomcat-3.2.4\webapps\cocoon\exslt\date\functions\add-duration\out.html --> ftp.exslt.org /www.exslt.org/public_html/date/functions/add-duration out.html
102.12.11 11:01 B C:\jakarta-tomcat-3.2.4\webapps\cocoon\exslt\date\functions\add-duration\refresh.bat --> ftp.exslt.org /www.exslt.org/public_html/date/functions/add-duration refresh.bat
102.12.11 11:01 B C:\jakarta-tomcat-3.2.4\webapps\cocoon\exslt\date\functions\add-duration\update.bat --> ftp.exslt.org /www.exslt.org/public_html/date/functions/add-duration update.bat
102.12.11 11:01 B C:\jakarta-tomcat-3.2.4\webapps\cocoon\exslt\date\functions\add-duration\WS_FTP.LOG --> ftp.exslt.org /www.exslt.org/public_html/date/functions/add-duration WS_FTP.LOG
102.12.11 11:03 B C:\jakarta-tomcat-3.2.4\webapps\cocoon\exslt\date\functions\add-duration\base.css --> ftp.exslt.org /www.exslt.org/public_html/date/functions/add-duration base.css
102.12.11 11:03 B C:\jakarta-tomcat-3.2.4\webapps\cocoon\exslt\date\functions\add-duration\date.add-duration.1.html --> ftp.exslt.org /www.exslt.org/public_html/date/functions/add-duration date.add-duration.1.html
102.12.11 11:03 B C:\jakarta-tomcat-3.2.4\webapps\cocoon\exslt\date\functions\add-duration\date.add-duration.1.xml --> ftp.exslt.org /www.exslt.org/public_html/date/functions/add-duration date.add-duration.1.xml
102.12.11 11:03 B C:\jakarta-tomcat-3.2.4\webapps\cocoon\exslt\date\functions\add-duration\date.add-duration.2.html --> ftp.exslt.org /www.exslt.org/public_html/date/functions/add-duration date.add-duration.2.html
102.12.11 11:03 B C:\jakarta-tomcat-3.2.4\webapps\cocoon\exslt\date\functions\add-duration\date.add-duration.function.xsl --> ftp.exslt.org /www.exslt.org/public_html/date/functions/add-duration date.add-duration.function.xsl
102.12.11 11:03 B C:\jakarta-tomcat-3.2.4\webapps\cocoon\exslt\date\functions\add-duration\date.add-duration.function.xsl.html --> ftp.exslt.org /www.exslt.org/public_html/date/functions/add-duration date.add-duration.function.xsl.html
102.12.11 11:03 B C:\jakarta-tomcat-3.2.4\webapps\cocoon\exslt\date\functions\add-duration\date.add-duration.html --> ftp.exslt.org /www.exslt.org/public_html/date/functions/add-duration date.add-duration.html
102.12.11 11:03 B C:\jakarta-tomcat-3.2.4\webapps\cocoon\exslt\date\functions\add-duration\date.add-duration.package.txt --> ftp.exslt.org /www.exslt.org/public_html/date/functions/add-duration date.add-duration.package.txt
102.12.11 11:03 B C:\jakarta-tomcat-3.2.4\webapps\cocoon\exslt\date\functions\add-duration\date.add-duration.template.xsl --> ftp.exslt.org /www.exslt.org/public_html/date/functions/add-duration date.add-duration.template.xsl
102.12.11 11:03 B C:\jakarta-tomcat-3.2.4\webapps\cocoon\exslt\date\functions\add-duration\date.add-duration.template.xsl.html --> ftp.exslt.org /www.exslt.org/public_html/date/functions/add-duration date.add-duration.template.xsl.html
102.12.11 11:03 B C:\jakarta-tomcat-3.2.4\webapps\cocoon\exslt\date\functions\add-duration\date.add-duration.use-cases.txt --> ftp.exslt.org /www.exslt.org/public_html/date/functions/add-duration date.add-duration.use-cases.txt
102.12.11 11:03 B C:\jakarta-tomcat-3.2.4\webapps\cocoon\exslt\date\functions\add-duration\date.add-duration.use-cases.zip --> ftp.exslt.org /www.exslt.org/public_html/date/functions/add-duration date.add-duration.use-cases.zip
102.12.11 11:03 B C:\jakarta-tomcat-3.2.4\webapps\cocoon\exslt\date\functions\add-duration\date.add-duration.xml --> ftp.exslt.org /www.exslt.org/public_html/date/functions/add-duration date.add-duration.xml
102.12.11 11:03 B C:\jakarta-tomcat-3.2.4\webapps\cocoon\exslt\date\functions\add-duration\date.add-duration.xsl --> ftp.exslt.org /www.exslt.org/public_html/date/functions/add-duration date.add-duration.xsl
102.12.11 11:03 B C:\jakarta-tomcat-3.2.4\webapps\cocoon\exslt\date\functions\add-duration\date.add-duration.zip --> ftp.exslt.org /www.exslt.org/public_html/date/functions/add-duration date.add-duration.zip
102.12.11 11:03 B C:\jakarta-tomcat-3.2.4\webapps\cocoon\exslt\date\functions\add-duration\date.js --> ftp.exslt.org /www.exslt.org/public_html/date/functions/add-duration date.js
102.12.11 11:03 B C:\jakarta-tomcat-3.2.4\webapps\cocoon\exslt\date\functions\add-duration\date.js.html --> ftp.exslt.org /www.exslt.org/public_html/date/functions/add-duration date.js.html
102.12.11 11:03 B C:\jakarta-tomcat-3.2.4\webapps\cocoon\exslt\date\functions\add-duration\date.msxsl.xsl --> ftp.exslt.org /www.exslt.org/public_html/date/functions/add-duration date.msxsl.xsl
102.12.11 11:03 B C:\jakarta-tomcat-3.2.4\webapps\cocoon\exslt\date\functions\add-duration\date.msxsl.xsl.html --> ftp.exslt.org /www.exslt.org/public_html/date/functions/add-duration date.msxsl.xsl.html
102.12.11 11:03 B C:\jakarta-tomcat-3.2.4\webapps\cocoon\exslt\date\functions\add-duration\date.out.xml --> ftp.exslt.org /www.exslt.org/public_html/date/functions/add-duration date.out.xml
102.12.11 11:03 B C:\jakarta-tomcat-3.2.4\webapps\cocoon\exslt\date\functions\add-duration\index.html --> ftp.exslt.org /www.exslt.org/public_html/date/functions/add-duration index.html
102.12.11 11:03 B C:\jakarta-tomcat-3.2.4\webapps\cocoon\exslt\date\functions\add-duration\out.html --> ftp.exslt.org /www.exslt.org/public_html/date/functions/add-duration out.html
102.12.11 11:03 B C:\jakarta-tomcat-3.2.4\webapps\cocoon\exslt\date\functions\add-duration\refresh.bat --> ftp.exslt.org /www.exslt.org/public_html/date/functions/add-duration refresh.bat
102.12.11 11:03 B C:\jakarta-tomcat-3.2.4\webapps\cocoon\exslt\date\functions\add-duration\update.bat --> ftp.exslt.org /www.exslt.org/public_html/date/functions/add-duration update.bat
103.09.29 14:54 B C:\jakarta-tomcat-3.2.4\webapps\cocoon\exslt\date\functions\add-duration\WS_FTP.LOG <-- ftp.exslt.org /www.exslt.org/public_html/date/functions/add-duration WS_FTP.LOG
103.10.21 12:20 B C:\jakarta-tomcat-3.2.4\webapps\cocoon\exslt\date\functions\add-duration\base.css --> ftp.exslt.org /www.exslt.org/public_html/date/functions/add-duration base.css
103.10.21 12:20 B C:\jakarta-tomcat-3.2.4\webapps\cocoon\exslt\date\functions\add-duration\date.add-duration.1.html --> ftp.exslt.org /www.exslt.org/public_html/date/functions/add-duration date.add-duration.1.html
103.10.21 12:20 B C:\jakarta-tomcat-3.2.4\webapps\cocoon\exslt\date\functions\add-duration\date.add-duration.1.xml --> ftp.exslt.org /www.exslt.org/public_html/date/functions/add-duration date.add-duration.1.xml
103.10.21 12:20 B C:\jakarta-tomcat-3.2.4\webapps\cocoon\exslt\date\functions\add-duration\date.add-duration.2.html --> ftp.exslt.org /www.exslt.org/public_html/date/functions/add-duration date.add-duration.2.html
103.10.21 12:21 B C:\jakarta-tomcat-3.2.4\webapps\cocoon\exslt\date\functions\add-duration\date.add-duration.function.xsl --> ftp.exslt.org /www.exslt.org/public_html/date/functions/add-duration date.add-duration.function.xsl
103.10.21 12:21 B C:\jakarta-tomcat-3.2.4\webapps\cocoon\exslt\date\functions\add-duration\date.add-duration.function.xsl.html --> ftp.exslt.org /www.exslt.org/public_html/date/functions/add-duration date.add-duration.function.xsl.html
103.10.21 12:21 B C:\jakarta-tomcat-3.2.4\webapps\cocoon\exslt\date\functions\add-duration\date.add-duration.html --> ftp.exslt.org /www.exslt.org/public_html/date/functions/add-duration date.add-duration.html
103.10.21 12:21 B C:\jakarta-tomcat-3.2.4\webapps\cocoon\exslt\date\functions\add-duration\date.add-duration.package.txt --> ftp.exslt.org /www.exslt.org/public_html/date/functions/add-duration date.add-duration.package.txt
103.10.21 12:21 B C:\jakarta-tomcat-3.2.4\webapps\cocoon\exslt\date\functions\add-duration\date.add-duration.template.xsl --> ftp.exslt.org /www.exslt.org/public_html/date/functions/add-duration date.add-duration.template.xsl
103.10.21 12:22 B C:\jakarta-tomcat-3.2.4\webapps\cocoon\exslt\date\functions\add-duration\date.add-duration.template.xsl.html --> ftp.exslt.org /www.exslt.org/public_html/date/functions/add-duration date.add-duration.template.xsl.html
103.10.21 12:22 B C:\jakarta-tomcat-3.2.4\webapps\cocoon\exslt\date\functions\add-duration\date.add-duration.use-cases.txt --> ftp.exslt.org /www.exslt.org/public_html/date/functions/add-duration date.add-duration.use-cases.txt
103.10.21 12:22 B C:\jakarta-tomcat-3.2.4\webapps\cocoon\exslt\date\functions\add-duration\date.add-duration.use-cases.zip --> ftp.exslt.org /www.exslt.org/public_html/date/functions/add-duration date.add-duration.use-cases.zip
103.10.21 12:22 B C:\jakarta-tomcat-3.2.4\webapps\cocoon\exslt\date\functions\add-duration\date.add-duration.xml --> ftp.exslt.org /www.exslt.org/public_html/date/functions/add-duration date.add-duration.xml
103.10.21 12:22 B C:\jakarta-tomcat-3.2.4\webapps\cocoon\exslt\date\functions\add-duration\date.add-duration.xsl --> ftp.exslt.org /www.exslt.org/public_html/date/functions/add-duration date.add-duration.xsl
103.10.21 12:23 B C:\jakarta-tomcat-3.2.4\webapps\cocoon\exslt\date\functions\add-duration\date.add-duration.zip --> ftp.exslt.org /www.exslt.org/public_html/date/functions/add-duration date.add-duration.zip
103.10.21 12:23 B C:\jakarta-tomcat-3.2.4\webapps\cocoon\exslt\date\functions\add-duration\date.js --> ftp.exslt.org /www.exslt.org/public_html/date/functions/add-duration date.js
103.10.21 12:23 B C:\jakarta-tomcat-3.2.4\webapps\cocoon\exslt\date\functions\add-duration\date.js.html --> ftp.exslt.org /www.exslt.org/public_html/date/functions/add-duration date.js.html
103.10.21 12:24 B C:\jakarta-tomcat-3.2.4\webapps\cocoon\exslt\date\functions\add-duration\date.msxsl.xsl --> ftp.exslt.org /www.exslt.org/public_html/date/functions/add-duration date.msxsl.xsl
103.10.21 12:24 B C:\jakarta-tomcat-3.2.4\webapps\cocoon\exslt\date\functions\add-duration\date.msxsl.xsl.html --> ftp.exslt.org /www.exslt.org/public_html/date/functions/add-duration date.msxsl.xsl.html
103.10.21 12:24 B C:\jakarta-tomcat-3.2.4\webapps\cocoon\exslt\date\functions\add-duration\date.out.xml --> ftp.exslt.org /www.exslt.org/public_html/date/functions/add-duration date.out.xml
103.10.21 12:24 B C:\jakarta-tomcat-3.2.4\webapps\cocoon\exslt\date\functions\add-duration\index.html --> ftp.exslt.org /www.exslt.org/public_html/date/functions/add-duration index.html
103.10.21 12:24 B C:\jakarta-tomcat-3.2.4\webapps\cocoon\exslt\date\functions\add-duration\out.html --> ftp.exslt.org /www.exslt.org/public_html/date/functions/add-duration out.html
103.10.21 12:24 B C:\jakarta-tomcat-3.2.4\webapps\cocoon\exslt\date\functions\add-duration\refresh.bat --> ftp.exslt.org /www.exslt.org/public_html/date/functions/add-duration refresh.bat
103.10.21 12:24 B C:\jakarta-tomcat-3.2.4\webapps\cocoon\exslt\date\functions\add-duration\update.bat --> ftp.exslt.org /www.exslt.org/public_html/date/functions/add-duration update.bat
