102.08.21 17:32 B C:\jakarta-tomcat-3.2.4\webapps\cocoon\exslt\math\functions\constant\base.css --> ftp.exslt.org /www.exslt.org/public_html/math/functions/constant base.css
102.08.21 17:32 B C:\jakarta-tomcat-3.2.4\webapps\cocoon\exslt\math\functions\constant\index.html --> ftp.exslt.org /www.exslt.org/public_html/math/functions/constant index.html
102.08.21 17:32 B C:\jakarta-tomcat-3.2.4\webapps\cocoon\exslt\math\functions\constant\math.constant.1.html --> ftp.exslt.org /www.exslt.org/public_html/math/functions/constant math.constant.1.html
102.08.21 17:32 B C:\jakarta-tomcat-3.2.4\webapps\cocoon\exslt\math\functions\constant\math.constant.function.xsl --> ftp.exslt.org /www.exslt.org/public_html/math/functions/constant math.constant.function.xsl
102.08.21 17:32 B C:\jakarta-tomcat-3.2.4\webapps\cocoon\exslt\math\functions\constant\math.constant.function.xsl.html --> ftp.exslt.org /www.exslt.org/public_html/math/functions/constant math.constant.function.xsl.html
102.08.21 17:32 B C:\jakarta-tomcat-3.2.4\webapps\cocoon\exslt\math\functions\constant\math.constant.html --> ftp.exslt.org /www.exslt.org/public_html/math/functions/constant math.constant.html
102.08.21 17:32 B C:\jakarta-tomcat-3.2.4\webapps\cocoon\exslt\math\functions\constant\math.constant.js --> ftp.exslt.org /www.exslt.org/public_html/math/functions/constant math.constant.js
102.08.21 17:32 B C:\jakarta-tomcat-3.2.4\webapps\cocoon\exslt\math\functions\constant\math.constant.js.html --> ftp.exslt.org /www.exslt.org/public_html/math/functions/constant math.constant.js.html
102.08.21 17:32 B C:\jakarta-tomcat-3.2.4\webapps\cocoon\exslt\math\functions\constant\math.constant.package.txt --> ftp.exslt.org /www.exslt.org/public_html/math/functions/constant math.constant.package.txt
102.08.21 17:32 B C:\jakarta-tomcat-3.2.4\webapps\cocoon\exslt\math\functions\constant\math.constant.template.xsl --> ftp.exslt.org /www.exslt.org/public_html/math/functions/constant math.constant.template.xsl
102.08.21 17:32 B C:\jakarta-tomcat-3.2.4\webapps\cocoon\exslt\math\functions\constant\math.constant.template.xsl.html --> ftp.exslt.org /www.exslt.org/public_html/math/functions/constant math.constant.template.xsl.html
102.08.21 17:32 B C:\jakarta-tomcat-3.2.4\webapps\cocoon\exslt\math\functions\constant\math.constant.use-cases.txt --> ftp.exslt.org /www.exslt.org/public_html/math/functions/constant math.constant.use-cases.txt
102.08.21 17:32 B C:\jakarta-tomcat-3.2.4\webapps\cocoon\exslt\math\functions\constant\math.constant.use-cases.zip --> ftp.exslt.org /www.exslt.org/public_html/math/functions/constant math.constant.use-cases.zip
102.08.21 17:32 B C:\jakarta-tomcat-3.2.4\webapps\cocoon\exslt\math\functions\constant\math.constant.xml --> ftp.exslt.org /www.exslt.org/public_html/math/functions/constant math.constant.xml
102.08.21 17:32 B C:\jakarta-tomcat-3.2.4\webapps\cocoon\exslt\math\functions\constant\math.constant.xsl --> ftp.exslt.org /www.exslt.org/public_html/math/functions/constant math.constant.xsl
102.08.21 17:32 B C:\jakarta-tomcat-3.2.4\webapps\cocoon\exslt\math\functions\constant\math.constant.zip --> ftp.exslt.org /www.exslt.org/public_html/math/functions/constant math.constant.zip
102.08.21 17:32 B C:\jakarta-tomcat-3.2.4\webapps\cocoon\exslt\math\functions\constant\refresh.bat --> ftp.exslt.org /www.exslt.org/public_html/math/functions/constant refresh.bat
102.08.21 17:32 B C:\jakarta-tomcat-3.2.4\webapps\cocoon\exslt\math\functions\constant\update.bat --> ftp.exslt.org /www.exslt.org/public_html/math/functions/constant update.bat
102.11.19 13:22 B C:\jakarta-tomcat-3.2.4\webapps\cocoon\exslt\math\functions\constant\base.css --> ftp.exslt.org /www.exslt.org/public_html/math/functions/constant base.css
102.11.19 13:22 B C:\jakarta-tomcat-3.2.4\webapps\cocoon\exslt\math\functions\constant\index.html --> ftp.exslt.org /www.exslt.org/public_html/math/functions/constant index.html
102.11.19 13:22 B C:\jakarta-tomcat-3.2.4\webapps\cocoon\exslt\math\functions\constant\math.constant.1.html --> ftp.exslt.org /www.exslt.org/public_html/math/functions/constant math.constant.1.html
102.11.19 13:22 B C:\jakarta-tomcat-3.2.4\webapps\cocoon\exslt\math\functions\constant\math.constant.function.xsl --> ftp.exslt.org /www.exslt.org/public_html/math/functions/constant math.constant.function.xsl
102.11.19 13:22 B C:\jakarta-tomcat-3.2.4\webapps\cocoon\exslt\math\functions\constant\math.constant.function.xsl.html --> ftp.exslt.org /www.exslt.org/public_html/math/functions/constant math.constant.function.xsl.html
102.11.19 13:22 B C:\jakarta-tomcat-3.2.4\webapps\cocoon\exslt\math\functions\constant\math.constant.html --> ftp.exslt.org /www.exslt.org/public_html/math/functions/constant math.constant.html
102.11.19 13:22 B C:\jakarta-tomcat-3.2.4\webapps\cocoon\exslt\math\functions\constant\math.constant.js --> ftp.exslt.org /www.exslt.org/public_html/math/functions/constant math.constant.js
102.11.19 13:22 B C:\jakarta-tomcat-3.2.4\webapps\cocoon\exslt\math\functions\constant\math.constant.js.html --> ftp.exslt.org /www.exslt.org/public_html/math/functions/constant math.constant.js.html
102.11.19 13:22 B C:\jakarta-tomcat-3.2.4\webapps\cocoon\exslt\math\functions\constant\math.constant.package.txt --> ftp.exslt.org /www.exslt.org/public_html/math/functions/constant math.constant.package.txt
102.11.19 13:22 B C:\jakarta-tomcat-3.2.4\webapps\cocoon\exslt\math\functions\constant\math.constant.template.xsl --> ftp.exslt.org /www.exslt.org/public_html/math/functions/constant math.constant.template.xsl
102.11.19 13:22 B C:\jakarta-tomcat-3.2.4\webapps\cocoon\exslt\math\functions\constant\math.constant.template.xsl.html --> ftp.exslt.org /www.exslt.org/public_html/math/functions/constant math.constant.template.xsl.html
102.11.19 13:22 B C:\jakarta-tomcat-3.2.4\webapps\cocoon\exslt\math\functions\constant\math.constant.use-cases.txt --> ftp.exslt.org /www.exslt.org/public_html/math/functions/constant math.constant.use-cases.txt
102.11.19 13:22 B C:\jakarta-tomcat-3.2.4\webapps\cocoon\exslt\math\functions\constant\math.constant.use-cases.zip --> ftp.exslt.org /www.exslt.org/public_html/math/functions/constant math.constant.use-cases.zip
102.11.19 13:22 B C:\jakarta-tomcat-3.2.4\webapps\cocoon\exslt\math\functions\constant\math.constant.xml --> ftp.exslt.org /www.exslt.org/public_html/math/functions/constant math.constant.xml
102.11.19 13:22 B C:\jakarta-tomcat-3.2.4\webapps\cocoon\exslt\math\functions\constant\math.constant.xsl --> ftp.exslt.org /www.exslt.org/public_html/math/functions/constant math.constant.xsl
102.11.19 13:22 B C:\jakarta-tomcat-3.2.4\webapps\cocoon\exslt\math\functions\constant\math.constant.zip --> ftp.exslt.org /www.exslt.org/public_html/math/functions/constant math.constant.zip
102.11.19 13:22 B C:\jakarta-tomcat-3.2.4\webapps\cocoon\exslt\math\functions\constant\refresh.bat --> ftp.exslt.org /www.exslt.org/public_html/math/functions/constant refresh.bat
102.11.19 13:22 B C:\jakarta-tomcat-3.2.4\webapps\cocoon\exslt\math\functions\constant\update.bat --> ftp.exslt.org /www.exslt.org/public_html/math/functions/constant update.bat
102.11.19 13:22 B C:\jakarta-tomcat-3.2.4\webapps\cocoon\exslt\math\functions\constant\WS_FTP.LOG --> ftp.exslt.org /www.exslt.org/public_html/math/functions/constant WS_FTP.LOG
102.11.19 13:27 B C:\jakarta-tomcat-3.2.4\webapps\cocoon\exslt\math\functions\constant\base.css --> ftp.exslt.org /www.exslt.org/public_html/math/functions/constant base.css
102.11.19 13:27 B C:\jakarta-tomcat-3.2.4\webapps\cocoon\exslt\math\functions\constant\index.html --> ftp.exslt.org /www.exslt.org/public_html/math/functions/constant index.html
102.11.19 13:27 B C:\jakarta-tomcat-3.2.4\webapps\cocoon\exslt\math\functions\constant\math.constant.1.html --> ftp.exslt.org /www.exslt.org/public_html/math/functions/constant math.constant.1.html
102.11.19 13:27 B C:\jakarta-tomcat-3.2.4\webapps\cocoon\exslt\math\functions\constant\math.constant.function.xsl --> ftp.exslt.org /www.exslt.org/public_html/math/functions/constant math.constant.function.xsl
102.11.19 13:27 B C:\jakarta-tomcat-3.2.4\webapps\cocoon\exslt\math\functions\constant\math.constant.function.xsl.html --> ftp.exslt.org /www.exslt.org/public_html/math/functions/constant math.constant.function.xsl.html
102.11.19 13:27 B C:\jakarta-tomcat-3.2.4\webapps\cocoon\exslt\math\functions\constant\math.constant.html --> ftp.exslt.org /www.exslt.org/public_html/math/functions/constant math.constant.html
102.11.19 13:27 B C:\jakarta-tomcat-3.2.4\webapps\cocoon\exslt\math\functions\constant\math.constant.js --> ftp.exslt.org /www.exslt.org/public_html/math/functions/constant math.constant.js
102.11.19 13:27 B C:\jakarta-tomcat-3.2.4\webapps\cocoon\exslt\math\functions\constant\math.constant.js.html --> ftp.exslt.org /www.exslt.org/public_html/math/functions/constant math.constant.js.html
102.11.19 13:27 B C:\jakarta-tomcat-3.2.4\webapps\cocoon\exslt\math\functions\constant\math.constant.package.txt --> ftp.exslt.org /www.exslt.org/public_html/math/functions/constant math.constant.package.txt
102.11.19 13:27 B C:\jakarta-tomcat-3.2.4\webapps\cocoon\exslt\math\functions\constant\math.constant.template.xsl --> ftp.exslt.org /www.exslt.org/public_html/math/functions/constant math.constant.template.xsl
102.11.19 13:27 B C:\jakarta-tomcat-3.2.4\webapps\cocoon\exslt\math\functions\constant\math.constant.template.xsl.html --> ftp.exslt.org /www.exslt.org/public_html/math/functions/constant math.constant.template.xsl.html
102.11.19 13:27 B C:\jakarta-tomcat-3.2.4\webapps\cocoon\exslt\math\functions\constant\math.constant.use-cases.txt --> ftp.exslt.org /www.exslt.org/public_html/math/functions/constant math.constant.use-cases.txt
102.11.19 13:27 B C:\jakarta-tomcat-3.2.4\webapps\cocoon\exslt\math\functions\constant\math.constant.use-cases.zip --> ftp.exslt.org /www.exslt.org/public_html/math/functions/constant math.constant.use-cases.zip
102.11.19 13:27 B C:\jakarta-tomcat-3.2.4\webapps\cocoon\exslt\math\functions\constant\math.constant.xml --> ftp.exslt.org /www.exslt.org/public_html/math/functions/constant math.constant.xml
102.11.19 13:27 B C:\jakarta-tomcat-3.2.4\webapps\cocoon\exslt\math\functions\constant\math.constant.xsl --> ftp.exslt.org /www.exslt.org/public_html/math/functions/constant math.constant.xsl
102.11.19 13:27 B C:\jakarta-tomcat-3.2.4\webapps\cocoon\exslt\math\functions\constant\math.constant.zip --> ftp.exslt.org /www.exslt.org/public_html/math/functions/constant math.constant.zip
102.11.19 13:27 B C:\jakarta-tomcat-3.2.4\webapps\cocoon\exslt\math\functions\constant\refresh.bat --> ftp.exslt.org /www.exslt.org/public_html/math/functions/constant refresh.bat
102.11.19 13:27 B C:\jakarta-tomcat-3.2.4\webapps\cocoon\exslt\math\functions\constant\update.bat --> ftp.exslt.org /www.exslt.org/public_html/math/functions/constant update.bat
102.12.02 12:32 B C:\jakarta-tomcat-3.2.4\webapps\cocoon\exslt\public_html\math\functions\constant\WS_FTP.LOG <-- ftp.exslt.org /www.exslt.org/public_html/math/functions/constant WS_FTP.LOG
102.12.03 11:11 B C:\jakarta-tomcat-3.2.4\webapps\cocoon\exslt\math\functions\constant\base.css --> ftp.exslt.org /www.exslt.org/public_html/math/functions/constant base.css
102.12.03 11:11 B C:\jakarta-tomcat-3.2.4\webapps\cocoon\exslt\math\functions\constant\index.html --> ftp.exslt.org /www.exslt.org/public_html/math/functions/constant index.html
102.12.03 11:11 B C:\jakarta-tomcat-3.2.4\webapps\cocoon\exslt\math\functions\constant\math.constant.1.html --> ftp.exslt.org /www.exslt.org/public_html/math/functions/constant math.constant.1.html
102.12.03 11:11 B C:\jakarta-tomcat-3.2.4\webapps\cocoon\exslt\math\functions\constant\math.constant.1.xml --> ftp.exslt.org /www.exslt.org/public_html/math/functions/constant math.constant.1.xml
102.12.03 11:11 B C:\jakarta-tomcat-3.2.4\webapps\cocoon\exslt\math\functions\constant\math.constant.1.xsl --> ftp.exslt.org /www.exslt.org/public_html/math/functions/constant math.constant.1.xsl
102.12.03 11:11 B C:\jakarta-tomcat-3.2.4\webapps\cocoon\exslt\math\functions\constant\math.constant.function.xsl --> ftp.exslt.org /www.exslt.org/public_html/math/functions/constant math.constant.function.xsl
102.12.03 11:11 B C:\jakarta-tomcat-3.2.4\webapps\cocoon\exslt\math\functions\constant\math.constant.function.xsl.html --> ftp.exslt.org /www.exslt.org/public_html/math/functions/constant math.constant.function.xsl.html
102.12.03 11:11 B C:\jakarta-tomcat-3.2.4\webapps\cocoon\exslt\math\functions\constant\math.constant.html --> ftp.exslt.org /www.exslt.org/public_html/math/functions/constant math.constant.html
102.12.03 11:11 B C:\jakarta-tomcat-3.2.4\webapps\cocoon\exslt\math\functions\constant\math.constant.js --> ftp.exslt.org /www.exslt.org/public_html/math/functions/constant math.constant.js
102.12.03 11:11 B C:\jakarta-tomcat-3.2.4\webapps\cocoon\exslt\math\functions\constant\math.constant.js.html --> ftp.exslt.org /www.exslt.org/public_html/math/functions/constant math.constant.js.html
102.12.03 11:11 B C:\jakarta-tomcat-3.2.4\webapps\cocoon\exslt\math\functions\constant\math.constant.package.txt --> ftp.exslt.org /www.exslt.org/public_html/math/functions/constant math.constant.package.txt
102.12.03 11:11 B C:\jakarta-tomcat-3.2.4\webapps\cocoon\exslt\math\functions\constant\math.constant.submission.xml --> ftp.exslt.org /www.exslt.org/public_html/math/functions/constant math.constant.submission.xml
102.12.03 11:11 B C:\jakarta-tomcat-3.2.4\webapps\cocoon\exslt\math\functions\constant\math.constant.template.xsl --> ftp.exslt.org /www.exslt.org/public_html/math/functions/constant math.constant.template.xsl
102.12.03 11:11 B C:\jakarta-tomcat-3.2.4\webapps\cocoon\exslt\math\functions\constant\math.constant.template.xsl.html --> ftp.exslt.org /www.exslt.org/public_html/math/functions/constant math.constant.template.xsl.html
102.12.03 11:11 B C:\jakarta-tomcat-3.2.4\webapps\cocoon\exslt\math\functions\constant\math.constant.use-cases.txt --> ftp.exslt.org /www.exslt.org/public_html/math/functions/constant math.constant.use-cases.txt
102.12.03 11:11 B C:\jakarta-tomcat-3.2.4\webapps\cocoon\exslt\math\functions\constant\math.constant.use-cases.zip --> ftp.exslt.org /www.exslt.org/public_html/math/functions/constant math.constant.use-cases.zip
102.12.03 11:11 B C:\jakarta-tomcat-3.2.4\webapps\cocoon\exslt\math\functions\constant\math.constant.xml --> ftp.exslt.org /www.exslt.org/public_html/math/functions/constant math.constant.xml
102.12.03 11:11 B C:\jakarta-tomcat-3.2.4\webapps\cocoon\exslt\math\functions\constant\math.constant.xsl --> ftp.exslt.org /www.exslt.org/public_html/math/functions/constant math.constant.xsl
102.12.03 11:11 B C:\jakarta-tomcat-3.2.4\webapps\cocoon\exslt\math\functions\constant\math.constant.zip --> ftp.exslt.org /www.exslt.org/public_html/math/functions/constant math.constant.zip
102.12.03 11:11 B C:\jakarta-tomcat-3.2.4\webapps\cocoon\exslt\math\functions\constant\refresh.bat --> ftp.exslt.org /www.exslt.org/public_html/math/functions/constant refresh.bat
102.12.03 11:11 B C:\jakarta-tomcat-3.2.4\webapps\cocoon\exslt\math\functions\constant\update.bat --> ftp.exslt.org /www.exslt.org/public_html/math/functions/constant update.bat
102.12.03 11:11 B C:\jakarta-tomcat-3.2.4\webapps\cocoon\exslt\math\functions\constant\WS_FTP.LOG --> ftp.exslt.org /www.exslt.org/public_html/math/functions/constant WS_FTP.LOG
102.12.11 11:05 B C:\jakarta-tomcat-3.2.4\webapps\cocoon\exslt\math\functions\constant\base.css --> ftp.exslt.org /www.exslt.org/public_html/math/functions/constant base.css
102.12.11 11:05 B C:\jakarta-tomcat-3.2.4\webapps\cocoon\exslt\math\functions\constant\index.html --> ftp.exslt.org /www.exslt.org/public_html/math/functions/constant index.html
102.12.11 11:05 B C:\jakarta-tomcat-3.2.4\webapps\cocoon\exslt\math\functions\constant\math.constant.1.html --> ftp.exslt.org /www.exslt.org/public_html/math/functions/constant math.constant.1.html
102.12.11 11:05 B C:\jakarta-tomcat-3.2.4\webapps\cocoon\exslt\math\functions\constant\math.constant.1.xml --> ftp.exslt.org /www.exslt.org/public_html/math/functions/constant math.constant.1.xml
102.12.11 11:05 B C:\jakarta-tomcat-3.2.4\webapps\cocoon\exslt\math\functions\constant\math.constant.1.xsl --> ftp.exslt.org /www.exslt.org/public_html/math/functions/constant math.constant.1.xsl
102.12.11 11:05 B C:\jakarta-tomcat-3.2.4\webapps\cocoon\exslt\math\functions\constant\math.constant.function.xsl --> ftp.exslt.org /www.exslt.org/public_html/math/functions/constant math.constant.function.xsl
102.12.11 11:05 B C:\jakarta-tomcat-3.2.4\webapps\cocoon\exslt\math\functions\constant\math.constant.function.xsl.html --> ftp.exslt.org /www.exslt.org/public_html/math/functions/constant math.constant.function.xsl.html
102.12.11 11:05 B C:\jakarta-tomcat-3.2.4\webapps\cocoon\exslt\math\functions\constant\math.constant.html --> ftp.exslt.org /www.exslt.org/public_html/math/functions/constant math.constant.html
102.12.11 11:05 B C:\jakarta-tomcat-3.2.4\webapps\cocoon\exslt\math\functions\constant\math.constant.js --> ftp.exslt.org /www.exslt.org/public_html/math/functions/constant math.constant.js
102.12.11 11:05 B C:\jakarta-tomcat-3.2.4\webapps\cocoon\exslt\math\functions\constant\math.constant.js.html --> ftp.exslt.org /www.exslt.org/public_html/math/functions/constant math.constant.js.html
102.12.11 11:05 B C:\jakarta-tomcat-3.2.4\webapps\cocoon\exslt\math\functions\constant\math.constant.package.txt --> ftp.exslt.org /www.exslt.org/public_html/math/functions/constant math.constant.package.txt
102.12.11 11:05 B C:\jakarta-tomcat-3.2.4\webapps\cocoon\exslt\math\functions\constant\math.constant.submission.xml --> ftp.exslt.org /www.exslt.org/public_html/math/functions/constant math.constant.submission.xml
102.12.11 11:05 B C:\jakarta-tomcat-3.2.4\webapps\cocoon\exslt\math\functions\constant\math.constant.template.xsl --> ftp.exslt.org /www.exslt.org/public_html/math/functions/constant math.constant.template.xsl
102.12.11 11:05 B C:\jakarta-tomcat-3.2.4\webapps\cocoon\exslt\math\functions\constant\math.constant.template.xsl.html --> ftp.exslt.org /www.exslt.org/public_html/math/functions/constant math.constant.template.xsl.html
102.12.11 11:05 B C:\jakarta-tomcat-3.2.4\webapps\cocoon\exslt\math\functions\constant\math.constant.use-cases.txt --> ftp.exslt.org /www.exslt.org/public_html/math/functions/constant math.constant.use-cases.txt
102.12.11 11:05 B C:\jakarta-tomcat-3.2.4\webapps\cocoon\exslt\math\functions\constant\math.constant.use-cases.zip --> ftp.exslt.org /www.exslt.org/public_html/math/functions/constant math.constant.use-cases.zip
102.12.11 11:05 B C:\jakarta-tomcat-3.2.4\webapps\cocoon\exslt\math\functions\constant\math.constant.xml --> ftp.exslt.org /www.exslt.org/public_html/math/functions/constant math.constant.xml
102.12.11 11:05 B C:\jakarta-tomcat-3.2.4\webapps\cocoon\exslt\math\functions\constant\math.constant.xsl --> ftp.exslt.org /www.exslt.org/public_html/math/functions/constant math.constant.xsl
102.12.11 11:05 B C:\jakarta-tomcat-3.2.4\webapps\cocoon\exslt\math\functions\constant\math.constant.zip --> ftp.exslt.org /www.exslt.org/public_html/math/functions/constant math.constant.zip
102.12.11 11:05 B C:\jakarta-tomcat-3.2.4\webapps\cocoon\exslt\math\functions\constant\refresh.bat --> ftp.exslt.org /www.exslt.org/public_html/math/functions/constant refresh.bat
102.12.11 11:05 B C:\jakarta-tomcat-3.2.4\webapps\cocoon\exslt\math\functions\constant\update.bat --> ftp.exslt.org /www.exslt.org/public_html/math/functions/constant update.bat
103.03.03 16:49 B C:\jakarta-tomcat-3.2.4\webapps\cocoon\exslt\math\functions\constant\WS_FTP.LOG <-- ftp.exslt.org /www.exslt.org/public_html/math/functions/constant WS_FTP.LOG
103.03.03 17:12 B C:\jakarta-tomcat-3.2.4\webapps\cocoon\exslt\math\functions\constant\base.css --> ftp.exslt.org /www.exslt.org/public_html/math/functions/constant base.css
103.03.03 17:12 B C:\jakarta-tomcat-3.2.4\webapps\cocoon\exslt\math\functions\constant\index.html --> ftp.exslt.org /www.exslt.org/public_html/math/functions/constant index.html
103.03.03 17:12 B C:\jakarta-tomcat-3.2.4\webapps\cocoon\exslt\math\functions\constant\math.constant.1.html --> ftp.exslt.org /www.exslt.org/public_html/math/functions/constant math.constant.1.html
103.03.03 17:12 B C:\jakarta-tomcat-3.2.4\webapps\cocoon\exslt\math\functions\constant\math.constant.1.xml --> ftp.exslt.org /www.exslt.org/public_html/math/functions/constant math.constant.1.xml
103.03.03 17:12 B C:\jakarta-tomcat-3.2.4\webapps\cocoon\exslt\math\functions\constant\math.constant.1.xsl --> ftp.exslt.org /www.exslt.org/public_html/math/functions/constant math.constant.1.xsl
103.03.03 17:12 B C:\jakarta-tomcat-3.2.4\webapps\cocoon\exslt\math\functions\constant\math.constant.function.xsl --> ftp.exslt.org /www.exslt.org/public_html/math/functions/constant math.constant.function.xsl
103.03.03 17:12 B C:\jakarta-tomcat-3.2.4\webapps\cocoon\exslt\math\functions\constant\math.constant.function.xsl.html --> ftp.exslt.org /www.exslt.org/public_html/math/functions/constant math.constant.function.xsl.html
103.03.03 17:12 B C:\jakarta-tomcat-3.2.4\webapps\cocoon\exslt\math\functions\constant\math.constant.html --> ftp.exslt.org /www.exslt.org/public_html/math/functions/constant math.constant.html
103.03.03 17:12 B C:\jakarta-tomcat-3.2.4\webapps\cocoon\exslt\math\functions\constant\math.constant.js --> ftp.exslt.org /www.exslt.org/public_html/math/functions/constant math.constant.js
103.03.03 17:12 B C:\jakarta-tomcat-3.2.4\webapps\cocoon\exslt\math\functions\constant\math.constant.js.html --> ftp.exslt.org /www.exslt.org/public_html/math/functions/constant math.constant.js.html
103.03.03 17:12 B C:\jakarta-tomcat-3.2.4\webapps\cocoon\exslt\math\functions\constant\math.constant.package.txt --> ftp.exslt.org /www.exslt.org/public_html/math/functions/constant math.constant.package.txt
103.03.03 17:12 B C:\jakarta-tomcat-3.2.4\webapps\cocoon\exslt\math\functions\constant\math.constant.submission.xml --> ftp.exslt.org /www.exslt.org/public_html/math/functions/constant math.constant.submission.xml
103.03.03 17:12 B C:\jakarta-tomcat-3.2.4\webapps\cocoon\exslt\math\functions\constant\math.constant.template.xsl --> ftp.exslt.org /www.exslt.org/public_html/math/functions/constant math.constant.template.xsl
103.03.03 17:12 B C:\jakarta-tomcat-3.2.4\webapps\cocoon\exslt\math\functions\constant\math.constant.template.xsl.html --> ftp.exslt.org /www.exslt.org/public_html/math/functions/constant math.constant.template.xsl.html
103.03.03 17:12 B C:\jakarta-tomcat-3.2.4\webapps\cocoon\exslt\math\functions\constant\math.constant.use-cases.txt --> ftp.exslt.org /www.exslt.org/public_html/math/functions/constant math.constant.use-cases.txt
103.03.03 17:12 B C:\jakarta-tomcat-3.2.4\webapps\cocoon\exslt\math\functions\constant\math.constant.use-cases.zip --> ftp.exslt.org /www.exslt.org/public_html/math/functions/constant math.constant.use-cases.zip
103.03.03 17:12 B C:\jakarta-tomcat-3.2.4\webapps\cocoon\exslt\math\functions\constant\math.constant.xml --> ftp.exslt.org /www.exslt.org/public_html/math/functions/constant math.constant.xml
103.03.03 17:12 B C:\jakarta-tomcat-3.2.4\webapps\cocoon\exslt\math\functions\constant\math.constant.xsl --> ftp.exslt.org /www.exslt.org/public_html/math/functions/constant math.constant.xsl
103.03.03 17:12 B C:\jakarta-tomcat-3.2.4\webapps\cocoon\exslt\math\functions\constant\math.constant.zip --> ftp.exslt.org /www.exslt.org/public_html/math/functions/constant math.constant.zip
103.03.03 17:12 B C:\jakarta-tomcat-3.2.4\webapps\cocoon\exslt\math\functions\constant\refresh.bat --> ftp.exslt.org /www.exslt.org/public_html/math/functions/constant refresh.bat
103.03.03 17:12 B C:\jakarta-tomcat-3.2.4\webapps\cocoon\exslt\math\functions\constant\update.bat --> ftp.exslt.org /www.exslt.org/public_html/math/functions/constant update.bat
103.09.29 15:41 B C:\jakarta-tomcat-3.2.4\webapps\cocoon\exslt\math\functions\constant\WS_FTP.LOG <-- ftp.exslt.org /www.exslt.org/public_html/math/functions/constant WS_FTP.LOG
103.10.21 13:08 B C:\jakarta-tomcat-3.2.4\webapps\cocoon\exslt\math\functions\constant\base.css --> marian.cs.nott.ac.uk /stud/pg/cds/exslt/math/functions/constant base.css
103.10.21 13:08 B C:\jakarta-tomcat-3.2.4\webapps\cocoon\exslt\math\functions\constant\index.html --> marian.cs.nott.ac.uk /stud/pg/cds/exslt/math/functions/constant index.html
103.10.21 13:08 B C:\jakarta-tomcat-3.2.4\webapps\cocoon\exslt\math\functions\constant\math.constant.1.html --> marian.cs.nott.ac.uk /stud/pg/cds/exslt/math/functions/constant math.constant.1.html
103.10.21 13:08 B C:\jakarta-tomcat-3.2.4\webapps\cocoon\exslt\math\functions\constant\math.constant.1.xml --> marian.cs.nott.ac.uk /stud/pg/cds/exslt/math/functions/constant math.constant.1.xml
103.10.21 13:08 B C:\jakarta-tomcat-3.2.4\webapps\cocoon\exslt\math\functions\constant\math.constant.1.xsl --> marian.cs.nott.ac.uk /stud/pg/cds/exslt/math/functions/constant math.constant.1.xsl
103.10.21 13:08 B C:\jakarta-tomcat-3.2.4\webapps\cocoon\exslt\math\functions\constant\math.constant.function.xsl --> marian.cs.nott.ac.uk /stud/pg/cds/exslt/math/functions/constant math.constant.function.xsl
103.10.21 13:08 B C:\jakarta-tomcat-3.2.4\webapps\cocoon\exslt\math\functions\constant\math.constant.function.xsl.html --> marian.cs.nott.ac.uk /stud/pg/cds/exslt/math/functions/constant math.constant.function.xsl.html
103.10.21 13:08 B C:\jakarta-tomcat-3.2.4\webapps\cocoon\exslt\math\functions\constant\math.constant.html --> marian.cs.nott.ac.uk /stud/pg/cds/exslt/math/functions/constant math.constant.html
103.10.21 13:08 B C:\jakarta-tomcat-3.2.4\webapps\cocoon\exslt\math\functions\constant\math.constant.js --> marian.cs.nott.ac.uk /stud/pg/cds/exslt/math/functions/constant math.constant.js
103.10.21 13:08 B C:\jakarta-tomcat-3.2.4\webapps\cocoon\exslt\math\functions\constant\math.constant.js.html --> marian.cs.nott.ac.uk /stud/pg/cds/exslt/math/functions/constant math.constant.js.html
103.10.21 13:08 B C:\jakarta-tomcat-3.2.4\webapps\cocoon\exslt\math\functions\constant\math.constant.package.txt --> marian.cs.nott.ac.uk /stud/pg/cds/exslt/math/functions/constant math.constant.package.txt
103.10.21 13:08 B C:\jakarta-tomcat-3.2.4\webapps\cocoon\exslt\math\functions\constant\math.constant.submission.xml --> marian.cs.nott.ac.uk /stud/pg/cds/exslt/math/functions/constant math.constant.submission.xml
103.10.21 13:08 B C:\jakarta-tomcat-3.2.4\webapps\cocoon\exslt\math\functions\constant\math.constant.template.xsl --> marian.cs.nott.ac.uk /stud/pg/cds/exslt/math/functions/constant math.constant.template.xsl
103.10.21 13:08 B C:\jakarta-tomcat-3.2.4\webapps\cocoon\exslt\math\functions\constant\math.constant.template.xsl.html --> marian.cs.nott.ac.uk /stud/pg/cds/exslt/math/functions/constant math.constant.template.xsl.html
103.10.21 13:08 B C:\jakarta-tomcat-3.2.4\webapps\cocoon\exslt\math\functions\constant\math.constant.use-cases.txt --> marian.cs.nott.ac.uk /stud/pg/cds/exslt/math/functions/constant math.constant.use-cases.txt
103.10.21 13:08 B C:\jakarta-tomcat-3.2.4\webapps\cocoon\exslt\math\functions\constant\math.constant.use-cases.zip --> marian.cs.nott.ac.uk /stud/pg/cds/exslt/math/functions/constant math.constant.use-cases.zip
103.10.21 13:08 B C:\jakarta-tomcat-3.2.4\webapps\cocoon\exslt\math\functions\constant\math.constant.xml --> marian.cs.nott.ac.uk /stud/pg/cds/exslt/math/functions/constant math.constant.xml
103.10.21 13:08 B C:\jakarta-tomcat-3.2.4\webapps\cocoon\exslt\math\functions\constant\math.constant.xsl --> marian.cs.nott.ac.uk /stud/pg/cds/exslt/math/functions/constant math.constant.xsl
103.10.21 13:08 B C:\jakarta-tomcat-3.2.4\webapps\cocoon\exslt\math\functions\constant\math.constant.zip --> marian.cs.nott.ac.uk /stud/pg/cds/exslt/math/functions/constant math.constant.zip
103.10.21 13:08 B C:\jakarta-tomcat-3.2.4\webapps\cocoon\exslt\math\functions\constant\refresh.bat --> marian.cs.nott.ac.uk /stud/pg/cds/exslt/math/functions/constant refresh.bat
103.10.21 13:08 B C:\jakarta-tomcat-3.2.4\webapps\cocoon\exslt\math\functions\constant\update.bat --> marian.cs.nott.ac.uk /stud/pg/cds/exslt/math/functions/constant update.bat
103.10.21 13:08 B C:\jakarta-tomcat-3.2.4\webapps\cocoon\exslt\math\functions\constant\WS_FTP.LOG --> marian.cs.nott.ac.uk /stud/pg/cds/exslt/math/functions/constant WS_FTP.LOG
103.10.23 16:30 B C:\jakarta-tomcat-3.2.4\webapps\cocoon\exslt\math\functions\constant\base.css --> ftp.exslt.org /www.exslt.org/public_html/math/functions/constant base.css
103.10.23 16:30 B C:\jakarta-tomcat-3.2.4\webapps\cocoon\exslt\math\functions\constant\index.html --> ftp.exslt.org /www.exslt.org/public_html/math/functions/constant index.html
103.10.23 16:30 B C:\jakarta-tomcat-3.2.4\webapps\cocoon\exslt\math\functions\constant\math.constant.1.html --> ftp.exslt.org /www.exslt.org/public_html/math/functions/constant math.constant.1.html
103.10.23 16:30 B C:\jakarta-tomcat-3.2.4\webapps\cocoon\exslt\math\functions\constant\math.constant.1.xml --> ftp.exslt.org /www.exslt.org/public_html/math/functions/constant math.constant.1.xml
103.10.23 16:30 B C:\jakarta-tomcat-3.2.4\webapps\cocoon\exslt\math\functions\constant\math.constant.1.xsl --> ftp.exslt.org /www.exslt.org/public_html/math/functions/constant math.constant.1.xsl
103.10.23 16:30 B C:\jakarta-tomcat-3.2.4\webapps\cocoon\exslt\math\functions\constant\math.constant.function.xsl --> ftp.exslt.org /www.exslt.org/public_html/math/functions/constant math.constant.function.xsl
103.10.23 16:30 B C:\jakarta-tomcat-3.2.4\webapps\cocoon\exslt\math\functions\constant\math.constant.function.xsl.html --> ftp.exslt.org /www.exslt.org/public_html/math/functions/constant math.constant.function.xsl.html
103.10.23 16:30 B C:\jakarta-tomcat-3.2.4\webapps\cocoon\exslt\math\functions\constant\math.constant.html --> ftp.exslt.org /www.exslt.org/public_html/math/functions/constant math.constant.html
103.10.23 16:30 B C:\jakarta-tomcat-3.2.4\webapps\cocoon\exslt\math\functions\constant\math.constant.js --> ftp.exslt.org /www.exslt.org/public_html/math/functions/constant math.constant.js
103.10.23 16:30 B C:\jakarta-tomcat-3.2.4\webapps\cocoon\exslt\math\functions\constant\math.constant.js.html --> ftp.exslt.org /www.exslt.org/public_html/math/functions/constant math.constant.js.html
103.10.23 16:30 B C:\jakarta-tomcat-3.2.4\webapps\cocoon\exslt\math\functions\constant\math.constant.package.txt --> ftp.exslt.org /www.exslt.org/public_html/math/functions/constant math.constant.package.txt
103.10.23 16:30 B C:\jakarta-tomcat-3.2.4\webapps\cocoon\exslt\math\functions\constant\math.constant.submission.xml --> ftp.exslt.org /www.exslt.org/public_html/math/functions/constant math.constant.submission.xml
103.10.23 16:30 B C:\jakarta-tomcat-3.2.4\webapps\cocoon\exslt\math\functions\constant\math.constant.template.xsl --> ftp.exslt.org /www.exslt.org/public_html/math/functions/constant math.constant.template.xsl
103.10.23 16:30 B C:\jakarta-tomcat-3.2.4\webapps\cocoon\exslt\math\functions\constant\math.constant.template.xsl.html --> ftp.exslt.org /www.exslt.org/public_html/math/functions/constant math.constant.template.xsl.html
103.10.23 16:30 B C:\jakarta-tomcat-3.2.4\webapps\cocoon\exslt\math\functions\constant\math.constant.use-cases.txt --> ftp.exslt.org /www.exslt.org/public_html/math/functions/constant math.constant.use-cases.txt
103.10.23 16:30 B C:\jakarta-tomcat-3.2.4\webapps\cocoon\exslt\math\functions\constant\math.constant.use-cases.zip --> ftp.exslt.org /www.exslt.org/public_html/math/functions/constant math.constant.use-cases.zip
103.10.23 16:30 B C:\jakarta-tomcat-3.2.4\webapps\cocoon\exslt\math\functions\constant\math.constant.xml --> ftp.exslt.org /www.exslt.org/public_html/math/functions/constant math.constant.xml
103.10.23 16:31 B C:\jakarta-tomcat-3.2.4\webapps\cocoon\exslt\math\functions\constant\math.constant.xsl --> ftp.exslt.org /www.exslt.org/public_html/math/functions/constant math.constant.xsl
103.10.23 16:31 B C:\jakarta-tomcat-3.2.4\webapps\cocoon\exslt\math\functions\constant\math.constant.zip --> ftp.exslt.org /www.exslt.org/public_html/math/functions/constant math.constant.zip
103.10.23 16:31 B C:\jakarta-tomcat-3.2.4\webapps\cocoon\exslt\math\functions\constant\refresh.bat --> ftp.exslt.org /www.exslt.org/public_html/math/functions/constant refresh.bat
103.10.23 16:31 B C:\jakarta-tomcat-3.2.4\webapps\cocoon\exslt\math\functions\constant\update.bat --> ftp.exslt.org /www.exslt.org/public_html/math/functions/constant update.bat
