102.08.21 17:33 B C:\jakarta-tomcat-3.2.4\webapps\cocoon\exslt\regexp\functions\match\base.css --> ftp.exslt.org /www.exslt.org/public_html/regexp/functions/match base.css
102.08.21 17:33 B C:\jakarta-tomcat-3.2.4\webapps\cocoon\exslt\regexp\functions\match\index.html --> ftp.exslt.org /www.exslt.org/public_html/regexp/functions/match index.html
102.08.21 17:33 B C:\jakarta-tomcat-3.2.4\webapps\cocoon\exslt\regexp\functions\match\refresh.bat --> ftp.exslt.org /www.exslt.org/public_html/regexp/functions/match refresh.bat
102.08.21 17:33 B C:\jakarta-tomcat-3.2.4\webapps\cocoon\exslt\regexp\functions\match\regexp.match.1.html --> ftp.exslt.org /www.exslt.org/public_html/regexp/functions/match regexp.match.1.html
102.08.21 17:33 B C:\jakarta-tomcat-3.2.4\webapps\cocoon\exslt\regexp\functions\match\regexp.match.1.xsl --> ftp.exslt.org /www.exslt.org/public_html/regexp/functions/match regexp.match.1.xsl
102.08.21 17:33 B C:\jakarta-tomcat-3.2.4\webapps\cocoon\exslt\regexp\functions\match\regexp.match.data.1.xml --> ftp.exslt.org /www.exslt.org/public_html/regexp/functions/match regexp.match.data.1.xml
102.08.21 17:33 B C:\jakarta-tomcat-3.2.4\webapps\cocoon\exslt\regexp\functions\match\regexp.match.html --> ftp.exslt.org /www.exslt.org/public_html/regexp/functions/match regexp.match.html
102.08.21 17:33 B C:\jakarta-tomcat-3.2.4\webapps\cocoon\exslt\regexp\functions\match\regexp.match.js --> ftp.exslt.org /www.exslt.org/public_html/regexp/functions/match regexp.match.js
102.08.21 17:33 B C:\jakarta-tomcat-3.2.4\webapps\cocoon\exslt\regexp\functions\match\regexp.match.js.html --> ftp.exslt.org /www.exslt.org/public_html/regexp/functions/match regexp.match.js.html
102.08.21 17:33 B C:\jakarta-tomcat-3.2.4\webapps\cocoon\exslt\regexp\functions\match\regexp.match.msxsl.xsl --> ftp.exslt.org /www.exslt.org/public_html/regexp/functions/match regexp.match.msxsl.xsl
102.08.21 17:33 B C:\jakarta-tomcat-3.2.4\webapps\cocoon\exslt\regexp\functions\match\regexp.match.msxsl.xsl.html --> ftp.exslt.org /www.exslt.org/public_html/regexp/functions/match regexp.match.msxsl.xsl.html
102.08.21 17:33 B C:\jakarta-tomcat-3.2.4\webapps\cocoon\exslt\regexp\functions\match\regexp.match.package.txt --> ftp.exslt.org /www.exslt.org/public_html/regexp/functions/match regexp.match.package.txt
102.08.21 17:33 B C:\jakarta-tomcat-3.2.4\webapps\cocoon\exslt\regexp\functions\match\regexp.match.result.1.xml --> ftp.exslt.org /www.exslt.org/public_html/regexp/functions/match regexp.match.result.1.xml
102.08.21 17:33 B C:\jakarta-tomcat-3.2.4\webapps\cocoon\exslt\regexp\functions\match\regexp.match.use-case.1.html --> ftp.exslt.org /www.exslt.org/public_html/regexp/functions/match regexp.match.use-case.1.html
102.08.21 17:33 B C:\jakarta-tomcat-3.2.4\webapps\cocoon\exslt\regexp\functions\match\regexp.match.use-cases.txt --> ftp.exslt.org /www.exslt.org/public_html/regexp/functions/match regexp.match.use-cases.txt
102.08.21 17:33 B C:\jakarta-tomcat-3.2.4\webapps\cocoon\exslt\regexp\functions\match\regexp.match.use-cases.zip --> ftp.exslt.org /www.exslt.org/public_html/regexp/functions/match regexp.match.use-cases.zip
102.08.21 17:33 B C:\jakarta-tomcat-3.2.4\webapps\cocoon\exslt\regexp\functions\match\regexp.match.xml --> ftp.exslt.org /www.exslt.org/public_html/regexp/functions/match regexp.match.xml
102.08.21 17:33 B C:\jakarta-tomcat-3.2.4\webapps\cocoon\exslt\regexp\functions\match\regexp.match.xsl --> ftp.exslt.org /www.exslt.org/public_html/regexp/functions/match regexp.match.xsl
102.08.21 17:33 B C:\jakarta-tomcat-3.2.4\webapps\cocoon\exslt\regexp\functions\match\regexp.match.zip --> ftp.exslt.org /www.exslt.org/public_html/regexp/functions/match regexp.match.zip
102.08.21 17:33 B C:\jakarta-tomcat-3.2.4\webapps\cocoon\exslt\regexp\functions\match\update.bat --> ftp.exslt.org /www.exslt.org/public_html/regexp/functions/match update.bat
102.11.19 13:28 B C:\jakarta-tomcat-3.2.4\webapps\cocoon\exslt\regexp\functions\match\base.css --> ftp.exslt.org /www.exslt.org/public_html/regexp/functions/match base.css
102.11.19 13:28 B C:\jakarta-tomcat-3.2.4\webapps\cocoon\exslt\regexp\functions\match\index.html --> ftp.exslt.org /www.exslt.org/public_html/regexp/functions/match index.html
102.11.19 13:28 B C:\jakarta-tomcat-3.2.4\webapps\cocoon\exslt\regexp\functions\match\refresh.bat --> ftp.exslt.org /www.exslt.org/public_html/regexp/functions/match refresh.bat
102.11.19 13:28 B C:\jakarta-tomcat-3.2.4\webapps\cocoon\exslt\regexp\functions\match\regexp.match.1.html --> ftp.exslt.org /www.exslt.org/public_html/regexp/functions/match regexp.match.1.html
102.11.19 13:28 B C:\jakarta-tomcat-3.2.4\webapps\cocoon\exslt\regexp\functions\match\regexp.match.1.xsl --> ftp.exslt.org /www.exslt.org/public_html/regexp/functions/match regexp.match.1.xsl
102.11.19 13:28 B C:\jakarta-tomcat-3.2.4\webapps\cocoon\exslt\regexp\functions\match\regexp.match.data.1.xml --> ftp.exslt.org /www.exslt.org/public_html/regexp/functions/match regexp.match.data.1.xml
102.11.19 13:28 B C:\jakarta-tomcat-3.2.4\webapps\cocoon\exslt\regexp\functions\match\regexp.match.html --> ftp.exslt.org /www.exslt.org/public_html/regexp/functions/match regexp.match.html
102.11.19 13:28 B C:\jakarta-tomcat-3.2.4\webapps\cocoon\exslt\regexp\functions\match\regexp.match.js --> ftp.exslt.org /www.exslt.org/public_html/regexp/functions/match regexp.match.js
102.11.19 13:28 B C:\jakarta-tomcat-3.2.4\webapps\cocoon\exslt\regexp\functions\match\regexp.match.js.html --> ftp.exslt.org /www.exslt.org/public_html/regexp/functions/match regexp.match.js.html
102.11.19 13:28 B C:\jakarta-tomcat-3.2.4\webapps\cocoon\exslt\regexp\functions\match\regexp.match.msxsl.xsl --> ftp.exslt.org /www.exslt.org/public_html/regexp/functions/match regexp.match.msxsl.xsl
102.11.19 13:28 B C:\jakarta-tomcat-3.2.4\webapps\cocoon\exslt\regexp\functions\match\regexp.match.msxsl.xsl.html --> ftp.exslt.org /www.exslt.org/public_html/regexp/functions/match regexp.match.msxsl.xsl.html
102.11.19 13:28 B C:\jakarta-tomcat-3.2.4\webapps\cocoon\exslt\regexp\functions\match\regexp.match.package.txt --> ftp.exslt.org /www.exslt.org/public_html/regexp/functions/match regexp.match.package.txt
102.11.19 13:28 B C:\jakarta-tomcat-3.2.4\webapps\cocoon\exslt\regexp\functions\match\regexp.match.result.1.xml --> ftp.exslt.org /www.exslt.org/public_html/regexp/functions/match regexp.match.result.1.xml
102.11.19 13:28 B C:\jakarta-tomcat-3.2.4\webapps\cocoon\exslt\regexp\functions\match\regexp.match.use-case.1.html --> ftp.exslt.org /www.exslt.org/public_html/regexp/functions/match regexp.match.use-case.1.html
102.11.19 13:28 B C:\jakarta-tomcat-3.2.4\webapps\cocoon\exslt\regexp\functions\match\regexp.match.use-cases.txt --> ftp.exslt.org /www.exslt.org/public_html/regexp/functions/match regexp.match.use-cases.txt
102.11.19 13:28 B C:\jakarta-tomcat-3.2.4\webapps\cocoon\exslt\regexp\functions\match\regexp.match.use-cases.zip --> ftp.exslt.org /www.exslt.org/public_html/regexp/functions/match regexp.match.use-cases.zip
102.11.19 13:28 B C:\jakarta-tomcat-3.2.4\webapps\cocoon\exslt\regexp\functions\match\regexp.match.xml --> ftp.exslt.org /www.exslt.org/public_html/regexp/functions/match regexp.match.xml
102.11.19 13:28 B C:\jakarta-tomcat-3.2.4\webapps\cocoon\exslt\regexp\functions\match\regexp.match.xsl --> ftp.exslt.org /www.exslt.org/public_html/regexp/functions/match regexp.match.xsl
102.11.19 13:28 B C:\jakarta-tomcat-3.2.4\webapps\cocoon\exslt\regexp\functions\match\regexp.match.zip --> ftp.exslt.org /www.exslt.org/public_html/regexp/functions/match regexp.match.zip
102.11.19 13:28 B C:\jakarta-tomcat-3.2.4\webapps\cocoon\exslt\regexp\functions\match\update.bat --> ftp.exslt.org /www.exslt.org/public_html/regexp/functions/match update.bat
102.11.19 13:28 B C:\jakarta-tomcat-3.2.4\webapps\cocoon\exslt\regexp\functions\match\WS_FTP.LOG --> ftp.exslt.org /www.exslt.org/public_html/regexp/functions/match WS_FTP.LOG
102.11.19 14:11 B C:\jakarta-tomcat-3.2.4\webapps\cocoon\exslt\regexp\functions\match\base.css --> ftp.exslt.org /www.exslt.org/public_html/regexp/functions/match base.css
102.11.19 14:11 B C:\jakarta-tomcat-3.2.4\webapps\cocoon\exslt\regexp\functions\match\index.html --> ftp.exslt.org /www.exslt.org/public_html/regexp/functions/match index.html
102.11.19 14:11 B C:\jakarta-tomcat-3.2.4\webapps\cocoon\exslt\regexp\functions\match\refresh.bat --> ftp.exslt.org /www.exslt.org/public_html/regexp/functions/match refresh.bat
102.11.19 14:11 B C:\jakarta-tomcat-3.2.4\webapps\cocoon\exslt\regexp\functions\match\regexp.match.1.html --> ftp.exslt.org /www.exslt.org/public_html/regexp/functions/match regexp.match.1.html
102.11.19 14:11 B C:\jakarta-tomcat-3.2.4\webapps\cocoon\exslt\regexp\functions\match\regexp.match.1.xsl --> ftp.exslt.org /www.exslt.org/public_html/regexp/functions/match regexp.match.1.xsl
102.11.19 14:11 B C:\jakarta-tomcat-3.2.4\webapps\cocoon\exslt\regexp\functions\match\regexp.match.data.1.xml --> ftp.exslt.org /www.exslt.org/public_html/regexp/functions/match regexp.match.data.1.xml
102.11.19 14:11 B C:\jakarta-tomcat-3.2.4\webapps\cocoon\exslt\regexp\functions\match\regexp.match.html --> ftp.exslt.org /www.exslt.org/public_html/regexp/functions/match regexp.match.html
102.11.19 14:11 B C:\jakarta-tomcat-3.2.4\webapps\cocoon\exslt\regexp\functions\match\regexp.match.js --> ftp.exslt.org /www.exslt.org/public_html/regexp/functions/match regexp.match.js
102.11.19 14:11 B C:\jakarta-tomcat-3.2.4\webapps\cocoon\exslt\regexp\functions\match\regexp.match.js.html --> ftp.exslt.org /www.exslt.org/public_html/regexp/functions/match regexp.match.js.html
102.11.19 14:11 B C:\jakarta-tomcat-3.2.4\webapps\cocoon\exslt\regexp\functions\match\regexp.match.msxsl.xsl --> ftp.exslt.org /www.exslt.org/public_html/regexp/functions/match regexp.match.msxsl.xsl
102.11.19 14:11 B C:\jakarta-tomcat-3.2.4\webapps\cocoon\exslt\regexp\functions\match\regexp.match.msxsl.xsl.html --> ftp.exslt.org /www.exslt.org/public_html/regexp/functions/match regexp.match.msxsl.xsl.html
102.11.19 14:11 B C:\jakarta-tomcat-3.2.4\webapps\cocoon\exslt\regexp\functions\match\regexp.match.package.txt --> ftp.exslt.org /www.exslt.org/public_html/regexp/functions/match regexp.match.package.txt
102.11.19 14:11 B C:\jakarta-tomcat-3.2.4\webapps\cocoon\exslt\regexp\functions\match\regexp.match.result.1.xml --> ftp.exslt.org /www.exslt.org/public_html/regexp/functions/match regexp.match.result.1.xml
102.11.19 14:11 B C:\jakarta-tomcat-3.2.4\webapps\cocoon\exslt\regexp\functions\match\regexp.match.use-case.1.html --> ftp.exslt.org /www.exslt.org/public_html/regexp/functions/match regexp.match.use-case.1.html
102.11.19 14:11 B C:\jakarta-tomcat-3.2.4\webapps\cocoon\exslt\regexp\functions\match\regexp.match.use-cases.txt --> ftp.exslt.org /www.exslt.org/public_html/regexp/functions/match regexp.match.use-cases.txt
102.11.19 14:11 B C:\jakarta-tomcat-3.2.4\webapps\cocoon\exslt\regexp\functions\match\regexp.match.use-cases.zip --> ftp.exslt.org /www.exslt.org/public_html/regexp/functions/match regexp.match.use-cases.zip
102.11.19 14:11 B C:\jakarta-tomcat-3.2.4\webapps\cocoon\exslt\regexp\functions\match\regexp.match.xml --> ftp.exslt.org /www.exslt.org/public_html/regexp/functions/match regexp.match.xml
102.11.19 14:11 B C:\jakarta-tomcat-3.2.4\webapps\cocoon\exslt\regexp\functions\match\regexp.match.xsl --> ftp.exslt.org /www.exslt.org/public_html/regexp/functions/match regexp.match.xsl
102.11.19 14:11 B C:\jakarta-tomcat-3.2.4\webapps\cocoon\exslt\regexp\functions\match\regexp.match.zip --> ftp.exslt.org /www.exslt.org/public_html/regexp/functions/match regexp.match.zip
102.11.19 14:11 B C:\jakarta-tomcat-3.2.4\webapps\cocoon\exslt\regexp\functions\match\update.bat --> ftp.exslt.org /www.exslt.org/public_html/regexp/functions/match update.bat
102.12.02 12:33 B C:\jakarta-tomcat-3.2.4\webapps\cocoon\exslt\public_html\regexp\functions\match\WS_FTP.LOG <-- ftp.exslt.org /www.exslt.org/public_html/regexp/functions/match WS_FTP.LOG
102.12.03 11:12 B C:\jakarta-tomcat-3.2.4\webapps\cocoon\exslt\regexp\functions\match\base.css --> ftp.exslt.org /www.exslt.org/public_html/regexp/functions/match base.css
102.12.03 11:12 B C:\jakarta-tomcat-3.2.4\webapps\cocoon\exslt\regexp\functions\match\index.html --> ftp.exslt.org /www.exslt.org/public_html/regexp/functions/match index.html
102.12.03 11:12 B C:\jakarta-tomcat-3.2.4\webapps\cocoon\exslt\regexp\functions\match\refresh.bat --> ftp.exslt.org /www.exslt.org/public_html/regexp/functions/match refresh.bat
102.12.03 11:12 B C:\jakarta-tomcat-3.2.4\webapps\cocoon\exslt\regexp\functions\match\regexp.match.1.html --> ftp.exslt.org /www.exslt.org/public_html/regexp/functions/match regexp.match.1.html
102.12.03 11:12 B C:\jakarta-tomcat-3.2.4\webapps\cocoon\exslt\regexp\functions\match\regexp.match.1.xsl --> ftp.exslt.org /www.exslt.org/public_html/regexp/functions/match regexp.match.1.xsl
102.12.03 11:12 B C:\jakarta-tomcat-3.2.4\webapps\cocoon\exslt\regexp\functions\match\regexp.match.data.1.xml --> ftp.exslt.org /www.exslt.org/public_html/regexp/functions/match regexp.match.data.1.xml
102.12.03 11:12 B C:\jakarta-tomcat-3.2.4\webapps\cocoon\exslt\regexp\functions\match\regexp.match.html --> ftp.exslt.org /www.exslt.org/public_html/regexp/functions/match regexp.match.html
102.12.03 11:12 B C:\jakarta-tomcat-3.2.4\webapps\cocoon\exslt\regexp\functions\match\regexp.match.js --> ftp.exslt.org /www.exslt.org/public_html/regexp/functions/match regexp.match.js
102.12.03 11:12 B C:\jakarta-tomcat-3.2.4\webapps\cocoon\exslt\regexp\functions\match\regexp.match.js.html --> ftp.exslt.org /www.exslt.org/public_html/regexp/functions/match regexp.match.js.html
102.12.03 11:12 B C:\jakarta-tomcat-3.2.4\webapps\cocoon\exslt\regexp\functions\match\regexp.match.msxsl.xsl --> ftp.exslt.org /www.exslt.org/public_html/regexp/functions/match regexp.match.msxsl.xsl
102.12.03 11:12 B C:\jakarta-tomcat-3.2.4\webapps\cocoon\exslt\regexp\functions\match\regexp.match.msxsl.xsl.html --> ftp.exslt.org /www.exslt.org/public_html/regexp/functions/match regexp.match.msxsl.xsl.html
102.12.03 11:12 B C:\jakarta-tomcat-3.2.4\webapps\cocoon\exslt\regexp\functions\match\regexp.match.package.txt --> ftp.exslt.org /www.exslt.org/public_html/regexp/functions/match regexp.match.package.txt
102.12.03 11:12 B C:\jakarta-tomcat-3.2.4\webapps\cocoon\exslt\regexp\functions\match\regexp.match.result.1.xml --> ftp.exslt.org /www.exslt.org/public_html/regexp/functions/match regexp.match.result.1.xml
102.12.03 11:12 B C:\jakarta-tomcat-3.2.4\webapps\cocoon\exslt\regexp\functions\match\regexp.match.use-case.1.html --> ftp.exslt.org /www.exslt.org/public_html/regexp/functions/match regexp.match.use-case.1.html
102.12.03 11:12 B C:\jakarta-tomcat-3.2.4\webapps\cocoon\exslt\regexp\functions\match\regexp.match.use-cases.txt --> ftp.exslt.org /www.exslt.org/public_html/regexp/functions/match regexp.match.use-cases.txt
102.12.03 11:12 B C:\jakarta-tomcat-3.2.4\webapps\cocoon\exslt\regexp\functions\match\regexp.match.use-cases.zip --> ftp.exslt.org /www.exslt.org/public_html/regexp/functions/match regexp.match.use-cases.zip
102.12.03 11:12 B C:\jakarta-tomcat-3.2.4\webapps\cocoon\exslt\regexp\functions\match\regexp.match.xml --> ftp.exslt.org /www.exslt.org/public_html/regexp/functions/match regexp.match.xml
102.12.03 11:12 B C:\jakarta-tomcat-3.2.4\webapps\cocoon\exslt\regexp\functions\match\regexp.match.xsl --> ftp.exslt.org /www.exslt.org/public_html/regexp/functions/match regexp.match.xsl
102.12.03 11:12 B C:\jakarta-tomcat-3.2.4\webapps\cocoon\exslt\regexp\functions\match\regexp.match.zip --> ftp.exslt.org /www.exslt.org/public_html/regexp/functions/match regexp.match.zip
102.12.03 11:12 B C:\jakarta-tomcat-3.2.4\webapps\cocoon\exslt\regexp\functions\match\update.bat --> ftp.exslt.org /www.exslt.org/public_html/regexp/functions/match update.bat
102.12.03 11:12 B C:\jakarta-tomcat-3.2.4\webapps\cocoon\exslt\regexp\functions\match\WS_FTP.LOG --> ftp.exslt.org /www.exslt.org/public_html/regexp/functions/match WS_FTP.LOG
102.12.11 11:07 B C:\jakarta-tomcat-3.2.4\webapps\cocoon\exslt\regexp\functions\match\base.css --> ftp.exslt.org /www.exslt.org/public_html/regexp/functions/match base.css
102.12.11 11:07 B C:\jakarta-tomcat-3.2.4\webapps\cocoon\exslt\regexp\functions\match\index.html --> ftp.exslt.org /www.exslt.org/public_html/regexp/functions/match index.html
102.12.11 11:07 B C:\jakarta-tomcat-3.2.4\webapps\cocoon\exslt\regexp\functions\match\refresh.bat --> ftp.exslt.org /www.exslt.org/public_html/regexp/functions/match refresh.bat
102.12.11 11:07 B C:\jakarta-tomcat-3.2.4\webapps\cocoon\exslt\regexp\functions\match\regexp.match.1.html --> ftp.exslt.org /www.exslt.org/public_html/regexp/functions/match regexp.match.1.html
102.12.11 11:07 B C:\jakarta-tomcat-3.2.4\webapps\cocoon\exslt\regexp\functions\match\regexp.match.1.xsl --> ftp.exslt.org /www.exslt.org/public_html/regexp/functions/match regexp.match.1.xsl
102.12.11 11:07 B C:\jakarta-tomcat-3.2.4\webapps\cocoon\exslt\regexp\functions\match\regexp.match.data.1.xml --> ftp.exslt.org /www.exslt.org/public_html/regexp/functions/match regexp.match.data.1.xml
102.12.11 11:07 B C:\jakarta-tomcat-3.2.4\webapps\cocoon\exslt\regexp\functions\match\regexp.match.html --> ftp.exslt.org /www.exslt.org/public_html/regexp/functions/match regexp.match.html
102.12.11 11:07 B C:\jakarta-tomcat-3.2.4\webapps\cocoon\exslt\regexp\functions\match\regexp.match.js --> ftp.exslt.org /www.exslt.org/public_html/regexp/functions/match regexp.match.js
102.12.11 11:07 B C:\jakarta-tomcat-3.2.4\webapps\cocoon\exslt\regexp\functions\match\regexp.match.js.html --> ftp.exslt.org /www.exslt.org/public_html/regexp/functions/match regexp.match.js.html
102.12.11 11:07 B C:\jakarta-tomcat-3.2.4\webapps\cocoon\exslt\regexp\functions\match\regexp.match.msxsl.xsl --> ftp.exslt.org /www.exslt.org/public_html/regexp/functions/match regexp.match.msxsl.xsl
102.12.11 11:07 B C:\jakarta-tomcat-3.2.4\webapps\cocoon\exslt\regexp\functions\match\regexp.match.msxsl.xsl.html --> ftp.exslt.org /www.exslt.org/public_html/regexp/functions/match regexp.match.msxsl.xsl.html
102.12.11 11:07 B C:\jakarta-tomcat-3.2.4\webapps\cocoon\exslt\regexp\functions\match\regexp.match.package.txt --> ftp.exslt.org /www.exslt.org/public_html/regexp/functions/match regexp.match.package.txt
102.12.11 11:07 B C:\jakarta-tomcat-3.2.4\webapps\cocoon\exslt\regexp\functions\match\regexp.match.result.1.xml --> ftp.exslt.org /www.exslt.org/public_html/regexp/functions/match regexp.match.result.1.xml
102.12.11 11:07 B C:\jakarta-tomcat-3.2.4\webapps\cocoon\exslt\regexp\functions\match\regexp.match.use-case.1.html --> ftp.exslt.org /www.exslt.org/public_html/regexp/functions/match regexp.match.use-case.1.html
102.12.11 11:07 B C:\jakarta-tomcat-3.2.4\webapps\cocoon\exslt\regexp\functions\match\regexp.match.use-cases.txt --> ftp.exslt.org /www.exslt.org/public_html/regexp/functions/match regexp.match.use-cases.txt
102.12.11 11:07 B C:\jakarta-tomcat-3.2.4\webapps\cocoon\exslt\regexp\functions\match\regexp.match.use-cases.zip --> ftp.exslt.org /www.exslt.org/public_html/regexp/functions/match regexp.match.use-cases.zip
102.12.11 11:07 B C:\jakarta-tomcat-3.2.4\webapps\cocoon\exslt\regexp\functions\match\regexp.match.xml --> ftp.exslt.org /www.exslt.org/public_html/regexp/functions/match regexp.match.xml
102.12.11 11:07 B C:\jakarta-tomcat-3.2.4\webapps\cocoon\exslt\regexp\functions\match\regexp.match.xsl --> ftp.exslt.org /www.exslt.org/public_html/regexp/functions/match regexp.match.xsl
102.12.11 11:07 B C:\jakarta-tomcat-3.2.4\webapps\cocoon\exslt\regexp\functions\match\regexp.match.zip --> ftp.exslt.org /www.exslt.org/public_html/regexp/functions/match regexp.match.zip
102.12.11 11:07 B C:\jakarta-tomcat-3.2.4\webapps\cocoon\exslt\regexp\functions\match\update.bat --> ftp.exslt.org /www.exslt.org/public_html/regexp/functions/match update.bat
102.12.11 11:07 B C:\jakarta-tomcat-3.2.4\webapps\cocoon\exslt\regexp\functions\match\WS_FTP.LOG --> ftp.exslt.org /www.exslt.org/public_html/regexp/functions/match WS_FTP.LOG
102.12.11 11:11 B C:\jakarta-tomcat-3.2.4\webapps\cocoon\exslt\regexp\functions\match\base.css --> ftp.exslt.org /www.exslt.org/public_html/regexp/functions/match base.css
102.12.11 11:11 B C:\jakarta-tomcat-3.2.4\webapps\cocoon\exslt\regexp\functions\match\index.html --> ftp.exslt.org /www.exslt.org/public_html/regexp/functions/match index.html
102.12.11 11:11 B C:\jakarta-tomcat-3.2.4\webapps\cocoon\exslt\regexp\functions\match\refresh.bat --> ftp.exslt.org /www.exslt.org/public_html/regexp/functions/match refresh.bat
102.12.11 11:11 B C:\jakarta-tomcat-3.2.4\webapps\cocoon\exslt\regexp\functions\match\regexp.match.1.html --> ftp.exslt.org /www.exslt.org/public_html/regexp/functions/match regexp.match.1.html
102.12.11 11:11 B C:\jakarta-tomcat-3.2.4\webapps\cocoon\exslt\regexp\functions\match\regexp.match.1.xsl --> ftp.exslt.org /www.exslt.org/public_html/regexp/functions/match regexp.match.1.xsl
102.12.11 11:11 B C:\jakarta-tomcat-3.2.4\webapps\cocoon\exslt\regexp\functions\match\regexp.match.data.1.xml --> ftp.exslt.org /www.exslt.org/public_html/regexp/functions/match regexp.match.data.1.xml
102.12.11 11:11 B C:\jakarta-tomcat-3.2.4\webapps\cocoon\exslt\regexp\functions\match\regexp.match.html --> ftp.exslt.org /www.exslt.org/public_html/regexp/functions/match regexp.match.html
102.12.11 11:11 B C:\jakarta-tomcat-3.2.4\webapps\cocoon\exslt\regexp\functions\match\regexp.match.js --> ftp.exslt.org /www.exslt.org/public_html/regexp/functions/match regexp.match.js
102.12.11 11:11 B C:\jakarta-tomcat-3.2.4\webapps\cocoon\exslt\regexp\functions\match\regexp.match.js.html --> ftp.exslt.org /www.exslt.org/public_html/regexp/functions/match regexp.match.js.html
102.12.11 11:11 B C:\jakarta-tomcat-3.2.4\webapps\cocoon\exslt\regexp\functions\match\regexp.match.msxsl.xsl --> ftp.exslt.org /www.exslt.org/public_html/regexp/functions/match regexp.match.msxsl.xsl
102.12.11 11:11 B C:\jakarta-tomcat-3.2.4\webapps\cocoon\exslt\regexp\functions\match\regexp.match.msxsl.xsl.html --> ftp.exslt.org /www.exslt.org/public_html/regexp/functions/match regexp.match.msxsl.xsl.html
102.12.11 11:11 B C:\jakarta-tomcat-3.2.4\webapps\cocoon\exslt\regexp\functions\match\regexp.match.package.txt --> ftp.exslt.org /www.exslt.org/public_html/regexp/functions/match regexp.match.package.txt
102.12.11 11:11 B C:\jakarta-tomcat-3.2.4\webapps\cocoon\exslt\regexp\functions\match\regexp.match.result.1.xml --> ftp.exslt.org /www.exslt.org/public_html/regexp/functions/match regexp.match.result.1.xml
102.12.11 11:11 B C:\jakarta-tomcat-3.2.4\webapps\cocoon\exslt\regexp\functions\match\regexp.match.use-case.1.html --> ftp.exslt.org /www.exslt.org/public_html/regexp/functions/match regexp.match.use-case.1.html
102.12.11 11:11 B C:\jakarta-tomcat-3.2.4\webapps\cocoon\exslt\regexp\functions\match\regexp.match.use-cases.txt --> ftp.exslt.org /www.exslt.org/public_html/regexp/functions/match regexp.match.use-cases.txt
102.12.11 11:11 B C:\jakarta-tomcat-3.2.4\webapps\cocoon\exslt\regexp\functions\match\regexp.match.use-cases.zip --> ftp.exslt.org /www.exslt.org/public_html/regexp/functions/match regexp.match.use-cases.zip
102.12.11 11:11 B C:\jakarta-tomcat-3.2.4\webapps\cocoon\exslt\regexp\functions\match\regexp.match.xml --> ftp.exslt.org /www.exslt.org/public_html/regexp/functions/match regexp.match.xml
102.12.11 11:11 B C:\jakarta-tomcat-3.2.4\webapps\cocoon\exslt\regexp\functions\match\regexp.match.xsl --> ftp.exslt.org /www.exslt.org/public_html/regexp/functions/match regexp.match.xsl
102.12.11 11:11 B C:\jakarta-tomcat-3.2.4\webapps\cocoon\exslt\regexp\functions\match\regexp.match.zip --> ftp.exslt.org /www.exslt.org/public_html/regexp/functions/match regexp.match.zip
102.12.11 11:11 B C:\jakarta-tomcat-3.2.4\webapps\cocoon\exslt\regexp\functions\match\update.bat --> ftp.exslt.org /www.exslt.org/public_html/regexp/functions/match update.bat
103.09.29 15:53 B C:\jakarta-tomcat-3.2.4\webapps\cocoon\exslt\regexp\functions\match\WS_FTP.LOG <-- ftp.exslt.org /www.exslt.org/public_html/regexp/functions/match WS_FTP.LOG
103.10.21 13:10 B C:\jakarta-tomcat-3.2.4\webapps\cocoon\exslt\regexp\functions\match\base.css --> marian.cs.nott.ac.uk /stud/pg/cds/exslt/regexp/functions/match base.css
103.10.21 13:10 B C:\jakarta-tomcat-3.2.4\webapps\cocoon\exslt\regexp\functions\match\index.html --> marian.cs.nott.ac.uk /stud/pg/cds/exslt/regexp/functions/match index.html
103.10.21 13:10 B C:\jakarta-tomcat-3.2.4\webapps\cocoon\exslt\regexp\functions\match\refresh.bat --> marian.cs.nott.ac.uk /stud/pg/cds/exslt/regexp/functions/match refresh.bat
103.10.21 13:10 B C:\jakarta-tomcat-3.2.4\webapps\cocoon\exslt\regexp\functions\match\regexp.match.1.html --> marian.cs.nott.ac.uk /stud/pg/cds/exslt/regexp/functions/match regexp.match.1.html
103.10.21 13:10 B C:\jakarta-tomcat-3.2.4\webapps\cocoon\exslt\regexp\functions\match\regexp.match.1.xsl --> marian.cs.nott.ac.uk /stud/pg/cds/exslt/regexp/functions/match regexp.match.1.xsl
103.10.21 13:10 B C:\jakarta-tomcat-3.2.4\webapps\cocoon\exslt\regexp\functions\match\regexp.match.data.1.xml --> marian.cs.nott.ac.uk /stud/pg/cds/exslt/regexp/functions/match regexp.match.data.1.xml
103.10.21 13:10 B C:\jakarta-tomcat-3.2.4\webapps\cocoon\exslt\regexp\functions\match\regexp.match.html --> marian.cs.nott.ac.uk /stud/pg/cds/exslt/regexp/functions/match regexp.match.html
103.10.21 13:10 B C:\jakarta-tomcat-3.2.4\webapps\cocoon\exslt\regexp\functions\match\regexp.match.js --> marian.cs.nott.ac.uk /stud/pg/cds/exslt/regexp/functions/match regexp.match.js
103.10.21 13:10 B C:\jakarta-tomcat-3.2.4\webapps\cocoon\exslt\regexp\functions\match\regexp.match.js.html --> marian.cs.nott.ac.uk /stud/pg/cds/exslt/regexp/functions/match regexp.match.js.html
103.10.21 13:10 B C:\jakarta-tomcat-3.2.4\webapps\cocoon\exslt\regexp\functions\match\regexp.match.msxsl.xsl --> marian.cs.nott.ac.uk /stud/pg/cds/exslt/regexp/functions/match regexp.match.msxsl.xsl
103.10.21 13:10 B C:\jakarta-tomcat-3.2.4\webapps\cocoon\exslt\regexp\functions\match\regexp.match.msxsl.xsl.html --> marian.cs.nott.ac.uk /stud/pg/cds/exslt/regexp/functions/match regexp.match.msxsl.xsl.html
103.10.21 13:10 B C:\jakarta-tomcat-3.2.4\webapps\cocoon\exslt\regexp\functions\match\regexp.match.package.txt --> marian.cs.nott.ac.uk /stud/pg/cds/exslt/regexp/functions/match regexp.match.package.txt
103.10.21 13:10 B C:\jakarta-tomcat-3.2.4\webapps\cocoon\exslt\regexp\functions\match\regexp.match.result.1.xml --> marian.cs.nott.ac.uk /stud/pg/cds/exslt/regexp/functions/match regexp.match.result.1.xml
103.10.21 13:10 B C:\jakarta-tomcat-3.2.4\webapps\cocoon\exslt\regexp\functions\match\regexp.match.use-case.1.html --> marian.cs.nott.ac.uk /stud/pg/cds/exslt/regexp/functions/match regexp.match.use-case.1.html
103.10.21 13:10 B C:\jakarta-tomcat-3.2.4\webapps\cocoon\exslt\regexp\functions\match\regexp.match.use-cases.txt --> marian.cs.nott.ac.uk /stud/pg/cds/exslt/regexp/functions/match regexp.match.use-cases.txt
103.10.21 13:10 B C:\jakarta-tomcat-3.2.4\webapps\cocoon\exslt\regexp\functions\match\regexp.match.use-cases.zip --> marian.cs.nott.ac.uk /stud/pg/cds/exslt/regexp/functions/match regexp.match.use-cases.zip
103.10.21 13:10 B C:\jakarta-tomcat-3.2.4\webapps\cocoon\exslt\regexp\functions\match\regexp.match.xml --> marian.cs.nott.ac.uk /stud/pg/cds/exslt/regexp/functions/match regexp.match.xml
103.10.21 13:10 B C:\jakarta-tomcat-3.2.4\webapps\cocoon\exslt\regexp\functions\match\regexp.match.xsl --> marian.cs.nott.ac.uk /stud/pg/cds/exslt/regexp/functions/match regexp.match.xsl
103.10.21 13:10 B C:\jakarta-tomcat-3.2.4\webapps\cocoon\exslt\regexp\functions\match\regexp.match.zip --> marian.cs.nott.ac.uk /stud/pg/cds/exslt/regexp/functions/match regexp.match.zip
103.10.21 13:10 B C:\jakarta-tomcat-3.2.4\webapps\cocoon\exslt\regexp\functions\match\update.bat --> marian.cs.nott.ac.uk /stud/pg/cds/exslt/regexp/functions/match update.bat
103.10.21 13:10 B C:\jakarta-tomcat-3.2.4\webapps\cocoon\exslt\regexp\functions\match\WS_FTP.LOG --> marian.cs.nott.ac.uk /stud/pg/cds/exslt/regexp/functions/match WS_FTP.LOG
103.10.24 10:09 B C:\jakarta-tomcat-3.2.4\webapps\cocoon\exslt\regexp\functions\match\base.css --> ftp.exslt.org /www.exslt.org/public_html/regexp/functions/match base.css
103.10.24 10:09 B C:\jakarta-tomcat-3.2.4\webapps\cocoon\exslt\regexp\functions\match\index.html --> ftp.exslt.org /www.exslt.org/public_html/regexp/functions/match index.html
103.10.24 10:09 B C:\jakarta-tomcat-3.2.4\webapps\cocoon\exslt\regexp\functions\match\refresh.bat --> ftp.exslt.org /www.exslt.org/public_html/regexp/functions/match refresh.bat
103.10.24 10:09 B C:\jakarta-tomcat-3.2.4\webapps\cocoon\exslt\regexp\functions\match\regexp.match.1.html --> ftp.exslt.org /www.exslt.org/public_html/regexp/functions/match regexp.match.1.html
103.10.24 10:09 B C:\jakarta-tomcat-3.2.4\webapps\cocoon\exslt\regexp\functions\match\regexp.match.1.xsl --> ftp.exslt.org /www.exslt.org/public_html/regexp/functions/match regexp.match.1.xsl
103.10.24 10:09 B C:\jakarta-tomcat-3.2.4\webapps\cocoon\exslt\regexp\functions\match\regexp.match.data.1.xml --> ftp.exslt.org /www.exslt.org/public_html/regexp/functions/match regexp.match.data.1.xml
103.10.24 10:09 B C:\jakarta-tomcat-3.2.4\webapps\cocoon\exslt\regexp\functions\match\regexp.match.html --> ftp.exslt.org /www.exslt.org/public_html/regexp/functions/match regexp.match.html
103.10.24 10:09 B C:\jakarta-tomcat-3.2.4\webapps\cocoon\exslt\regexp\functions\match\regexp.match.js --> ftp.exslt.org /www.exslt.org/public_html/regexp/functions/match regexp.match.js
103.10.24 10:09 B C:\jakarta-tomcat-3.2.4\webapps\cocoon\exslt\regexp\functions\match\regexp.match.js.html --> ftp.exslt.org /www.exslt.org/public_html/regexp/functions/match regexp.match.js.html
103.10.24 10:09 B C:\jakarta-tomcat-3.2.4\webapps\cocoon\exslt\regexp\functions\match\regexp.match.msxsl.xsl --> ftp.exslt.org /www.exslt.org/public_html/regexp/functions/match regexp.match.msxsl.xsl
103.10.24 10:09 B C:\jakarta-tomcat-3.2.4\webapps\cocoon\exslt\regexp\functions\match\regexp.match.msxsl.xsl.html --> ftp.exslt.org /www.exslt.org/public_html/regexp/functions/match regexp.match.msxsl.xsl.html
103.10.24 10:09 B C:\jakarta-tomcat-3.2.4\webapps\cocoon\exslt\regexp\functions\match\regexp.match.package.txt --> ftp.exslt.org /www.exslt.org/public_html/regexp/functions/match regexp.match.package.txt
103.10.24 10:09 B C:\jakarta-tomcat-3.2.4\webapps\cocoon\exslt\regexp\functions\match\regexp.match.result.1.xml --> ftp.exslt.org /www.exslt.org/public_html/regexp/functions/match regexp.match.result.1.xml
103.10.24 10:09 B C:\jakarta-tomcat-3.2.4\webapps\cocoon\exslt\regexp\functions\match\regexp.match.use-case.1.html --> ftp.exslt.org /www.exslt.org/public_html/regexp/functions/match regexp.match.use-case.1.html
103.10.24 10:09 B C:\jakarta-tomcat-3.2.4\webapps\cocoon\exslt\regexp\functions\match\regexp.match.use-cases.txt --> ftp.exslt.org /www.exslt.org/public_html/regexp/functions/match regexp.match.use-cases.txt
103.10.24 10:09 B C:\jakarta-tomcat-3.2.4\webapps\cocoon\exslt\regexp\functions\match\regexp.match.use-cases.zip --> ftp.exslt.org /www.exslt.org/public_html/regexp/functions/match regexp.match.use-cases.zip
103.10.24 10:09 B C:\jakarta-tomcat-3.2.4\webapps\cocoon\exslt\regexp\functions\match\regexp.match.xml --> ftp.exslt.org /www.exslt.org/public_html/regexp/functions/match regexp.match.xml
103.10.24 10:09 B C:\jakarta-tomcat-3.2.4\webapps\cocoon\exslt\regexp\functions\match\regexp.match.xsl --> ftp.exslt.org /www.exslt.org/public_html/regexp/functions/match regexp.match.xsl
103.10.24 10:09 B C:\jakarta-tomcat-3.2.4\webapps\cocoon\exslt\regexp\functions\match\regexp.match.zip --> ftp.exslt.org /www.exslt.org/public_html/regexp/functions/match regexp.match.zip
103.10.24 10:09 B C:\jakarta-tomcat-3.2.4\webapps\cocoon\exslt\regexp\functions\match\update.bat --> ftp.exslt.org /www.exslt.org/public_html/regexp/functions/match update.bat
