102.08.21 17:31 B C:\jakarta-tomcat-3.2.4\webapps\cocoon\exslt\dyn\functions\closure\base.css --> ftp.exslt.org /www.exslt.org/public_html/dyn/functions/closure base.css
102.08.21 17:31 B C:\jakarta-tomcat-3.2.4\webapps\cocoon\exslt\dyn\functions\closure\dyn.closure.1.html --> ftp.exslt.org /www.exslt.org/public_html/dyn/functions/closure dyn.closure.1.html
102.08.21 17:31 B C:\jakarta-tomcat-3.2.4\webapps\cocoon\exslt\dyn\functions\closure\dyn.closure.html --> ftp.exslt.org /www.exslt.org/public_html/dyn/functions/closure dyn.closure.html
102.08.21 17:31 B C:\jakarta-tomcat-3.2.4\webapps\cocoon\exslt\dyn\functions\closure\dyn.closure.package.txt --> ftp.exslt.org /www.exslt.org/public_html/dyn/functions/closure dyn.closure.package.txt
102.08.21 17:31 B C:\jakarta-tomcat-3.2.4\webapps\cocoon\exslt\dyn\functions\closure\dyn.closure.use-cases.txt --> ftp.exslt.org /www.exslt.org/public_html/dyn/functions/closure dyn.closure.use-cases.txt
102.08.21 17:31 B C:\jakarta-tomcat-3.2.4\webapps\cocoon\exslt\dyn\functions\closure\dyn.closure.use-cases.zip --> ftp.exslt.org /www.exslt.org/public_html/dyn/functions/closure dyn.closure.use-cases.zip
102.08.21 17:31 B C:\jakarta-tomcat-3.2.4\webapps\cocoon\exslt\dyn\functions\closure\dyn.closure.xml --> ftp.exslt.org /www.exslt.org/public_html/dyn/functions/closure dyn.closure.xml
102.08.21 17:31 B C:\jakarta-tomcat-3.2.4\webapps\cocoon\exslt\dyn\functions\closure\dyn.closure.zip --> ftp.exslt.org /www.exslt.org/public_html/dyn/functions/closure dyn.closure.zip
102.08.21 17:31 B C:\jakarta-tomcat-3.2.4\webapps\cocoon\exslt\dyn\functions\closure\index.html --> ftp.exslt.org /www.exslt.org/public_html/dyn/functions/closure index.html
102.08.21 17:31 B C:\jakarta-tomcat-3.2.4\webapps\cocoon\exslt\dyn\functions\closure\refresh.bat --> ftp.exslt.org /www.exslt.org/public_html/dyn/functions/closure refresh.bat
102.08.21 17:31 B C:\jakarta-tomcat-3.2.4\webapps\cocoon\exslt\dyn\functions\closure\update.bat --> ftp.exslt.org /www.exslt.org/public_html/dyn/functions/closure update.bat
102.11.19 13:15 B C:\jakarta-tomcat-3.2.4\webapps\cocoon\exslt\dyn\functions\closure\base.css --> ftp.exslt.org /www.exslt.org/public_html/dyn/functions/closure base.css
102.11.19 13:15 B C:\jakarta-tomcat-3.2.4\webapps\cocoon\exslt\dyn\functions\closure\dyn.closure.1.html --> ftp.exslt.org /www.exslt.org/public_html/dyn/functions/closure dyn.closure.1.html
102.11.19 13:15 B C:\jakarta-tomcat-3.2.4\webapps\cocoon\exslt\dyn\functions\closure\dyn.closure.html --> ftp.exslt.org /www.exslt.org/public_html/dyn/functions/closure dyn.closure.html
102.11.19 13:15 B C:\jakarta-tomcat-3.2.4\webapps\cocoon\exslt\dyn\functions\closure\dyn.closure.package.txt --> ftp.exslt.org /www.exslt.org/public_html/dyn/functions/closure dyn.closure.package.txt
102.11.19 13:15 B C:\jakarta-tomcat-3.2.4\webapps\cocoon\exslt\dyn\functions\closure\dyn.closure.use-cases.txt --> ftp.exslt.org /www.exslt.org/public_html/dyn/functions/closure dyn.closure.use-cases.txt
102.11.19 13:15 B C:\jakarta-tomcat-3.2.4\webapps\cocoon\exslt\dyn\functions\closure\dyn.closure.use-cases.zip --> ftp.exslt.org /www.exslt.org/public_html/dyn/functions/closure dyn.closure.use-cases.zip
102.11.19 13:15 B C:\jakarta-tomcat-3.2.4\webapps\cocoon\exslt\dyn\functions\closure\dyn.closure.xml --> ftp.exslt.org /www.exslt.org/public_html/dyn/functions/closure dyn.closure.xml
102.11.19 13:15 B C:\jakarta-tomcat-3.2.4\webapps\cocoon\exslt\dyn\functions\closure\dyn.closure.zip --> ftp.exslt.org /www.exslt.org/public_html/dyn/functions/closure dyn.closure.zip
102.11.19 13:15 B C:\jakarta-tomcat-3.2.4\webapps\cocoon\exslt\dyn\functions\closure\index.html --> ftp.exslt.org /www.exslt.org/public_html/dyn/functions/closure index.html
102.11.19 13:15 B C:\jakarta-tomcat-3.2.4\webapps\cocoon\exslt\dyn\functions\closure\refresh.bat --> ftp.exslt.org /www.exslt.org/public_html/dyn/functions/closure refresh.bat
102.11.19 13:15 B C:\jakarta-tomcat-3.2.4\webapps\cocoon\exslt\dyn\functions\closure\update.bat --> ftp.exslt.org /www.exslt.org/public_html/dyn/functions/closure update.bat
102.11.19 13:15 B C:\jakarta-tomcat-3.2.4\webapps\cocoon\exslt\dyn\functions\closure\WS_FTP.LOG --> ftp.exslt.org /www.exslt.org/public_html/dyn/functions/closure WS_FTP.LOG
102.11.19 13:21 B C:\jakarta-tomcat-3.2.4\webapps\cocoon\exslt\dyn\functions\closure\base.css --> ftp.exslt.org /www.exslt.org/public_html/dyn/functions/closure base.css
102.11.19 13:21 B C:\jakarta-tomcat-3.2.4\webapps\cocoon\exslt\dyn\functions\closure\dyn.closure.1.html --> ftp.exslt.org /www.exslt.org/public_html/dyn/functions/closure dyn.closure.1.html
102.11.19 13:21 B C:\jakarta-tomcat-3.2.4\webapps\cocoon\exslt\dyn\functions\closure\dyn.closure.html --> ftp.exslt.org /www.exslt.org/public_html/dyn/functions/closure dyn.closure.html
102.11.19 13:21 B C:\jakarta-tomcat-3.2.4\webapps\cocoon\exslt\dyn\functions\closure\dyn.closure.package.txt --> ftp.exslt.org /www.exslt.org/public_html/dyn/functions/closure dyn.closure.package.txt
102.11.19 13:21 B C:\jakarta-tomcat-3.2.4\webapps\cocoon\exslt\dyn\functions\closure\dyn.closure.use-cases.txt --> ftp.exslt.org /www.exslt.org/public_html/dyn/functions/closure dyn.closure.use-cases.txt
102.11.19 13:21 B C:\jakarta-tomcat-3.2.4\webapps\cocoon\exslt\dyn\functions\closure\dyn.closure.use-cases.zip --> ftp.exslt.org /www.exslt.org/public_html/dyn/functions/closure dyn.closure.use-cases.zip
102.11.19 13:21 B C:\jakarta-tomcat-3.2.4\webapps\cocoon\exslt\dyn\functions\closure\dyn.closure.xml --> ftp.exslt.org /www.exslt.org/public_html/dyn/functions/closure dyn.closure.xml
102.11.19 13:21 B C:\jakarta-tomcat-3.2.4\webapps\cocoon\exslt\dyn\functions\closure\dyn.closure.zip --> ftp.exslt.org /www.exslt.org/public_html/dyn/functions/closure dyn.closure.zip
102.11.19 13:21 B C:\jakarta-tomcat-3.2.4\webapps\cocoon\exslt\dyn\functions\closure\index.html --> ftp.exslt.org /www.exslt.org/public_html/dyn/functions/closure index.html
102.11.19 13:21 B C:\jakarta-tomcat-3.2.4\webapps\cocoon\exslt\dyn\functions\closure\refresh.bat --> ftp.exslt.org /www.exslt.org/public_html/dyn/functions/closure refresh.bat
102.11.19 13:21 B C:\jakarta-tomcat-3.2.4\webapps\cocoon\exslt\dyn\functions\closure\update.bat --> ftp.exslt.org /www.exslt.org/public_html/dyn/functions/closure update.bat
102.12.02 12:22 B C:\jakarta-tomcat-3.2.4\webapps\cocoon\exslt\public_html\dyn\functions\closure\WS_FTP.LOG <-- ftp.exslt.org /www.exslt.org/public_html/dyn/functions/closure WS_FTP.LOG
102.12.03 11:10 B C:\jakarta-tomcat-3.2.4\webapps\cocoon\exslt\dyn\functions\closure\base.css --> ftp.exslt.org /www.exslt.org/public_html/dyn/functions/closure base.css
102.12.03 11:10 B C:\jakarta-tomcat-3.2.4\webapps\cocoon\exslt\dyn\functions\closure\dyn.closure.1.html --> ftp.exslt.org /www.exslt.org/public_html/dyn/functions/closure dyn.closure.1.html
102.12.03 11:10 B C:\jakarta-tomcat-3.2.4\webapps\cocoon\exslt\dyn\functions\closure\dyn.closure.html --> ftp.exslt.org /www.exslt.org/public_html/dyn/functions/closure dyn.closure.html
102.12.03 11:10 B C:\jakarta-tomcat-3.2.4\webapps\cocoon\exslt\dyn\functions\closure\dyn.closure.package.txt --> ftp.exslt.org /www.exslt.org/public_html/dyn/functions/closure dyn.closure.package.txt
102.12.03 11:10 B C:\jakarta-tomcat-3.2.4\webapps\cocoon\exslt\dyn\functions\closure\dyn.closure.use-cases.txt --> ftp.exslt.org /www.exslt.org/public_html/dyn/functions/closure dyn.closure.use-cases.txt
102.12.03 11:10 B C:\jakarta-tomcat-3.2.4\webapps\cocoon\exslt\dyn\functions\closure\dyn.closure.use-cases.zip --> ftp.exslt.org /www.exslt.org/public_html/dyn/functions/closure dyn.closure.use-cases.zip
102.12.03 11:10 B C:\jakarta-tomcat-3.2.4\webapps\cocoon\exslt\dyn\functions\closure\dyn.closure.xml --> ftp.exslt.org /www.exslt.org/public_html/dyn/functions/closure dyn.closure.xml
102.12.03 11:10 B C:\jakarta-tomcat-3.2.4\webapps\cocoon\exslt\dyn\functions\closure\dyn.closure.zip --> ftp.exslt.org /www.exslt.org/public_html/dyn/functions/closure dyn.closure.zip
102.12.03 11:10 B C:\jakarta-tomcat-3.2.4\webapps\cocoon\exslt\dyn\functions\closure\index.html --> ftp.exslt.org /www.exslt.org/public_html/dyn/functions/closure index.html
102.12.03 11:10 B C:\jakarta-tomcat-3.2.4\webapps\cocoon\exslt\dyn\functions\closure\refresh.bat --> ftp.exslt.org /www.exslt.org/public_html/dyn/functions/closure refresh.bat
102.12.03 11:10 B C:\jakarta-tomcat-3.2.4\webapps\cocoon\exslt\dyn\functions\closure\update.bat --> ftp.exslt.org /www.exslt.org/public_html/dyn/functions/closure update.bat
102.12.03 11:10 B C:\jakarta-tomcat-3.2.4\webapps\cocoon\exslt\dyn\functions\closure\WS_FTP.LOG --> ftp.exslt.org /www.exslt.org/public_html/dyn/functions/closure WS_FTP.LOG
102.12.11 11:04 B C:\jakarta-tomcat-3.2.4\webapps\cocoon\exslt\dyn\functions\closure\base.css --> ftp.exslt.org /www.exslt.org/public_html/dyn/functions/closure base.css
102.12.11 11:04 B C:\jakarta-tomcat-3.2.4\webapps\cocoon\exslt\dyn\functions\closure\dyn.closure.1.html --> ftp.exslt.org /www.exslt.org/public_html/dyn/functions/closure dyn.closure.1.html
102.12.11 11:04 B C:\jakarta-tomcat-3.2.4\webapps\cocoon\exslt\dyn\functions\closure\dyn.closure.html --> ftp.exslt.org /www.exslt.org/public_html/dyn/functions/closure dyn.closure.html
102.12.11 11:04 B C:\jakarta-tomcat-3.2.4\webapps\cocoon\exslt\dyn\functions\closure\dyn.closure.package.txt --> ftp.exslt.org /www.exslt.org/public_html/dyn/functions/closure dyn.closure.package.txt
102.12.11 11:04 B C:\jakarta-tomcat-3.2.4\webapps\cocoon\exslt\dyn\functions\closure\dyn.closure.use-cases.txt --> ftp.exslt.org /www.exslt.org/public_html/dyn/functions/closure dyn.closure.use-cases.txt
102.12.11 11:04 B C:\jakarta-tomcat-3.2.4\webapps\cocoon\exslt\dyn\functions\closure\dyn.closure.use-cases.zip --> ftp.exslt.org /www.exslt.org/public_html/dyn/functions/closure dyn.closure.use-cases.zip
102.12.11 11:04 B C:\jakarta-tomcat-3.2.4\webapps\cocoon\exslt\dyn\functions\closure\dyn.closure.xml --> ftp.exslt.org /www.exslt.org/public_html/dyn/functions/closure dyn.closure.xml
102.12.11 11:04 B C:\jakarta-tomcat-3.2.4\webapps\cocoon\exslt\dyn\functions\closure\dyn.closure.zip --> ftp.exslt.org /www.exslt.org/public_html/dyn/functions/closure dyn.closure.zip
102.12.11 11:04 B C:\jakarta-tomcat-3.2.4\webapps\cocoon\exslt\dyn\functions\closure\index.html --> ftp.exslt.org /www.exslt.org/public_html/dyn/functions/closure index.html
102.12.11 11:04 B C:\jakarta-tomcat-3.2.4\webapps\cocoon\exslt\dyn\functions\closure\refresh.bat --> ftp.exslt.org /www.exslt.org/public_html/dyn/functions/closure refresh.bat
102.12.11 11:04 B C:\jakarta-tomcat-3.2.4\webapps\cocoon\exslt\dyn\functions\closure\update.bat --> ftp.exslt.org /www.exslt.org/public_html/dyn/functions/closure update.bat
103.09.29 15:26 B C:\jakarta-tomcat-3.2.4\webapps\cocoon\exslt\dyn\functions\closure\WS_FTP.LOG <-- ftp.exslt.org /www.exslt.org/public_html/dyn/functions/closure WS_FTP.LOG
103.10.21 13:06 B C:\jakarta-tomcat-3.2.4\webapps\cocoon\exslt\dyn\functions\closure\base.css --> marian.cs.nott.ac.uk /stud/pg/cds/exslt/dyn/functions/closure base.css
103.10.21 13:06 B C:\jakarta-tomcat-3.2.4\webapps\cocoon\exslt\dyn\functions\closure\dyn.closure.1.html --> marian.cs.nott.ac.uk /stud/pg/cds/exslt/dyn/functions/closure dyn.closure.1.html
103.10.21 13:06 B C:\jakarta-tomcat-3.2.4\webapps\cocoon\exslt\dyn\functions\closure\dyn.closure.html --> marian.cs.nott.ac.uk /stud/pg/cds/exslt/dyn/functions/closure dyn.closure.html
103.10.21 13:06 B C:\jakarta-tomcat-3.2.4\webapps\cocoon\exslt\dyn\functions\closure\dyn.closure.package.txt --> marian.cs.nott.ac.uk /stud/pg/cds/exslt/dyn/functions/closure dyn.closure.package.txt
103.10.21 13:06 B C:\jakarta-tomcat-3.2.4\webapps\cocoon\exslt\dyn\functions\closure\dyn.closure.use-cases.txt --> marian.cs.nott.ac.uk /stud/pg/cds/exslt/dyn/functions/closure dyn.closure.use-cases.txt
103.10.21 13:06 B C:\jakarta-tomcat-3.2.4\webapps\cocoon\exslt\dyn\functions\closure\dyn.closure.use-cases.zip --> marian.cs.nott.ac.uk /stud/pg/cds/exslt/dyn/functions/closure dyn.closure.use-cases.zip
103.10.21 13:06 B C:\jakarta-tomcat-3.2.4\webapps\cocoon\exslt\dyn\functions\closure\dyn.closure.xml --> marian.cs.nott.ac.uk /stud/pg/cds/exslt/dyn/functions/closure dyn.closure.xml
103.10.21 13:06 B C:\jakarta-tomcat-3.2.4\webapps\cocoon\exslt\dyn\functions\closure\dyn.closure.zip --> marian.cs.nott.ac.uk /stud/pg/cds/exslt/dyn/functions/closure dyn.closure.zip
103.10.21 13:06 B C:\jakarta-tomcat-3.2.4\webapps\cocoon\exslt\dyn\functions\closure\index.html --> marian.cs.nott.ac.uk /stud/pg/cds/exslt/dyn/functions/closure index.html
103.10.21 13:06 B C:\jakarta-tomcat-3.2.4\webapps\cocoon\exslt\dyn\functions\closure\refresh.bat --> marian.cs.nott.ac.uk /stud/pg/cds/exslt/dyn/functions/closure refresh.bat
103.10.21 13:06 B C:\jakarta-tomcat-3.2.4\webapps\cocoon\exslt\dyn\functions\closure\update.bat --> marian.cs.nott.ac.uk /stud/pg/cds/exslt/dyn/functions/closure update.bat
103.10.21 13:06 B C:\jakarta-tomcat-3.2.4\webapps\cocoon\exslt\dyn\functions\closure\WS_FTP.LOG --> marian.cs.nott.ac.uk /stud/pg/cds/exslt/dyn/functions/closure WS_FTP.LOG
103.10.23 15:37 B C:\jakarta-tomcat-3.2.4\webapps\cocoon\exslt\dyn\functions\closure\base.css --> ftp.exslt.org /www.exslt.org/public_html/dyn/functions/closure base.css
103.10.23 15:37 B C:\jakarta-tomcat-3.2.4\webapps\cocoon\exslt\dyn\functions\closure\dyn.closure.1.html --> ftp.exslt.org /www.exslt.org/public_html/dyn/functions/closure dyn.closure.1.html
103.10.23 15:37 B C:\jakarta-tomcat-3.2.4\webapps\cocoon\exslt\dyn\functions\closure\dyn.closure.html --> ftp.exslt.org /www.exslt.org/public_html/dyn/functions/closure dyn.closure.html
103.10.23 15:37 B C:\jakarta-tomcat-3.2.4\webapps\cocoon\exslt\dyn\functions\closure\dyn.closure.package.txt --> ftp.exslt.org /www.exslt.org/public_html/dyn/functions/closure dyn.closure.package.txt
103.10.23 15:37 B C:\jakarta-tomcat-3.2.4\webapps\cocoon\exslt\dyn\functions\closure\dyn.closure.use-cases.txt --> ftp.exslt.org /www.exslt.org/public_html/dyn/functions/closure dyn.closure.use-cases.txt
103.10.23 15:37 B C:\jakarta-tomcat-3.2.4\webapps\cocoon\exslt\dyn\functions\closure\dyn.closure.use-cases.zip --> ftp.exslt.org /www.exslt.org/public_html/dyn/functions/closure dyn.closure.use-cases.zip
103.10.23 15:37 B C:\jakarta-tomcat-3.2.4\webapps\cocoon\exslt\dyn\functions\closure\dyn.closure.xml --> ftp.exslt.org /www.exslt.org/public_html/dyn/functions/closure dyn.closure.xml
103.10.23 15:38 B C:\jakarta-tomcat-3.2.4\webapps\cocoon\exslt\dyn\functions\closure\dyn.closure.zip --> ftp.exslt.org /www.exslt.org/public_html/dyn/functions/closure dyn.closure.zip
103.10.23 15:38 B C:\jakarta-tomcat-3.2.4\webapps\cocoon\exslt\dyn\functions\closure\index.html --> ftp.exslt.org /www.exslt.org/public_html/dyn/functions/closure index.html
103.10.23 15:38 B C:\jakarta-tomcat-3.2.4\webapps\cocoon\exslt\dyn\functions\closure\refresh.bat --> ftp.exslt.org /www.exslt.org/public_html/dyn/functions/closure refresh.bat
103.10.23 15:38 B C:\jakarta-tomcat-3.2.4\webapps\cocoon\exslt\dyn\functions\closure\update.bat --> ftp.exslt.org /www.exslt.org/public_html/dyn/functions/closure update.bat
