102.08.21 17:33 B C:\jakarta-tomcat-3.2.4\webapps\cocoon\exslt\str\functions\concat\base.css --> ftp.exslt.org /www.exslt.org/public_html/str/functions/concat base.css
102.08.21 17:33 B C:\jakarta-tomcat-3.2.4\webapps\cocoon\exslt\str\functions\concat\index.html --> ftp.exslt.org /www.exslt.org/public_html/str/functions/concat index.html
102.08.21 17:33 B C:\jakarta-tomcat-3.2.4\webapps\cocoon\exslt\str\functions\concat\refresh.bat --> ftp.exslt.org /www.exslt.org/public_html/str/functions/concat refresh.bat
102.08.21 17:33 B C:\jakarta-tomcat-3.2.4\webapps\cocoon\exslt\str\functions\concat\str.concat.1.html --> ftp.exslt.org /www.exslt.org/public_html/str/functions/concat str.concat.1.html
102.08.21 17:33 B C:\jakarta-tomcat-3.2.4\webapps\cocoon\exslt\str\functions\concat\str.concat.1.xsl --> ftp.exslt.org /www.exslt.org/public_html/str/functions/concat str.concat.1.xsl
102.08.21 17:33 B C:\jakarta-tomcat-3.2.4\webapps\cocoon\exslt\str\functions\concat\str.concat.data.1.xml --> ftp.exslt.org /www.exslt.org/public_html/str/functions/concat str.concat.data.1.xml
102.08.21 17:33 B C:\jakarta-tomcat-3.2.4\webapps\cocoon\exslt\str\functions\concat\str.concat.html --> ftp.exslt.org /www.exslt.org/public_html/str/functions/concat str.concat.html
102.08.21 17:33 B C:\jakarta-tomcat-3.2.4\webapps\cocoon\exslt\str\functions\concat\str.concat.js --> ftp.exslt.org /www.exslt.org/public_html/str/functions/concat str.concat.js
102.08.21 17:33 B C:\jakarta-tomcat-3.2.4\webapps\cocoon\exslt\str\functions\concat\str.concat.js.html --> ftp.exslt.org /www.exslt.org/public_html/str/functions/concat str.concat.js.html
102.08.21 17:33 B C:\jakarta-tomcat-3.2.4\webapps\cocoon\exslt\str\functions\concat\str.concat.msxsl.xsl --> ftp.exslt.org /www.exslt.org/public_html/str/functions/concat str.concat.msxsl.xsl
102.08.21 17:33 B C:\jakarta-tomcat-3.2.4\webapps\cocoon\exslt\str\functions\concat\str.concat.msxsl.xsl.html --> ftp.exslt.org /www.exslt.org/public_html/str/functions/concat str.concat.msxsl.xsl.html
102.08.21 17:33 B C:\jakarta-tomcat-3.2.4\webapps\cocoon\exslt\str\functions\concat\str.concat.package.txt --> ftp.exslt.org /www.exslt.org/public_html/str/functions/concat str.concat.package.txt
102.08.21 17:33 B C:\jakarta-tomcat-3.2.4\webapps\cocoon\exslt\str\functions\concat\str.concat.use-case.1.html --> ftp.exslt.org /www.exslt.org/public_html/str/functions/concat str.concat.use-case.1.html
102.08.21 17:33 B C:\jakarta-tomcat-3.2.4\webapps\cocoon\exslt\str\functions\concat\str.concat.use-cases.txt --> ftp.exslt.org /www.exslt.org/public_html/str/functions/concat str.concat.use-cases.txt
102.08.21 17:33 B C:\jakarta-tomcat-3.2.4\webapps\cocoon\exslt\str\functions\concat\str.concat.use-cases.zip --> ftp.exslt.org /www.exslt.org/public_html/str/functions/concat str.concat.use-cases.zip
102.08.21 17:33 B C:\jakarta-tomcat-3.2.4\webapps\cocoon\exslt\str\functions\concat\str.concat.xml --> ftp.exslt.org /www.exslt.org/public_html/str/functions/concat str.concat.xml
102.08.21 17:33 B C:\jakarta-tomcat-3.2.4\webapps\cocoon\exslt\str\functions\concat\str.concat.xsl --> ftp.exslt.org /www.exslt.org/public_html/str/functions/concat str.concat.xsl
102.08.21 17:33 B C:\jakarta-tomcat-3.2.4\webapps\cocoon\exslt\str\functions\concat\str.concat.zip --> ftp.exslt.org /www.exslt.org/public_html/str/functions/concat str.concat.zip
102.08.21 17:33 B C:\jakarta-tomcat-3.2.4\webapps\cocoon\exslt\str\functions\concat\update.bat --> ftp.exslt.org /www.exslt.org/public_html/str/functions/concat update.bat
102.11.19 14:12 B C:\jakarta-tomcat-3.2.4\webapps\cocoon\exslt\str\functions\concat\base.css --> ftp.exslt.org /www.exslt.org/public_html/str/functions/concat base.css
102.11.19 14:12 B C:\jakarta-tomcat-3.2.4\webapps\cocoon\exslt\str\functions\concat\index.html --> ftp.exslt.org /www.exslt.org/public_html/str/functions/concat index.html
102.11.19 14:12 B C:\jakarta-tomcat-3.2.4\webapps\cocoon\exslt\str\functions\concat\refresh.bat --> ftp.exslt.org /www.exslt.org/public_html/str/functions/concat refresh.bat
102.11.19 14:12 B C:\jakarta-tomcat-3.2.4\webapps\cocoon\exslt\str\functions\concat\str.concat.1.html --> ftp.exslt.org /www.exslt.org/public_html/str/functions/concat str.concat.1.html
102.11.19 14:12 B C:\jakarta-tomcat-3.2.4\webapps\cocoon\exslt\str\functions\concat\str.concat.1.xsl --> ftp.exslt.org /www.exslt.org/public_html/str/functions/concat str.concat.1.xsl
102.11.19 14:12 B C:\jakarta-tomcat-3.2.4\webapps\cocoon\exslt\str\functions\concat\str.concat.data.1.xml --> ftp.exslt.org /www.exslt.org/public_html/str/functions/concat str.concat.data.1.xml
102.11.19 14:12 B C:\jakarta-tomcat-3.2.4\webapps\cocoon\exslt\str\functions\concat\str.concat.html --> ftp.exslt.org /www.exslt.org/public_html/str/functions/concat str.concat.html
102.11.19 14:12 B C:\jakarta-tomcat-3.2.4\webapps\cocoon\exslt\str\functions\concat\str.concat.js --> ftp.exslt.org /www.exslt.org/public_html/str/functions/concat str.concat.js
102.11.19 14:12 B C:\jakarta-tomcat-3.2.4\webapps\cocoon\exslt\str\functions\concat\str.concat.js.html --> ftp.exslt.org /www.exslt.org/public_html/str/functions/concat str.concat.js.html
102.11.19 14:12 B C:\jakarta-tomcat-3.2.4\webapps\cocoon\exslt\str\functions\concat\str.concat.msxsl.xsl --> ftp.exslt.org /www.exslt.org/public_html/str/functions/concat str.concat.msxsl.xsl
102.11.19 14:12 B C:\jakarta-tomcat-3.2.4\webapps\cocoon\exslt\str\functions\concat\str.concat.msxsl.xsl.html --> ftp.exslt.org /www.exslt.org/public_html/str/functions/concat str.concat.msxsl.xsl.html
102.11.19 14:12 B C:\jakarta-tomcat-3.2.4\webapps\cocoon\exslt\str\functions\concat\str.concat.package.txt --> ftp.exslt.org /www.exslt.org/public_html/str/functions/concat str.concat.package.txt
102.11.19 14:12 B C:\jakarta-tomcat-3.2.4\webapps\cocoon\exslt\str\functions\concat\str.concat.use-case.1.html --> ftp.exslt.org /www.exslt.org/public_html/str/functions/concat str.concat.use-case.1.html
102.11.19 14:12 B C:\jakarta-tomcat-3.2.4\webapps\cocoon\exslt\str\functions\concat\str.concat.use-cases.txt --> ftp.exslt.org /www.exslt.org/public_html/str/functions/concat str.concat.use-cases.txt
102.11.19 14:12 B C:\jakarta-tomcat-3.2.4\webapps\cocoon\exslt\str\functions\concat\str.concat.use-cases.zip --> ftp.exslt.org /www.exslt.org/public_html/str/functions/concat str.concat.use-cases.zip
102.11.19 14:12 B C:\jakarta-tomcat-3.2.4\webapps\cocoon\exslt\str\functions\concat\str.concat.xml --> ftp.exslt.org /www.exslt.org/public_html/str/functions/concat str.concat.xml
102.11.19 14:12 B C:\jakarta-tomcat-3.2.4\webapps\cocoon\exslt\str\functions\concat\str.concat.xsl --> ftp.exslt.org /www.exslt.org/public_html/str/functions/concat str.concat.xsl
102.11.19 14:12 B C:\jakarta-tomcat-3.2.4\webapps\cocoon\exslt\str\functions\concat\str.concat.zip --> ftp.exslt.org /www.exslt.org/public_html/str/functions/concat str.concat.zip
102.11.19 14:12 B C:\jakarta-tomcat-3.2.4\webapps\cocoon\exslt\str\functions\concat\update.bat --> ftp.exslt.org /www.exslt.org/public_html/str/functions/concat update.bat
102.12.02 12:33 B C:\jakarta-tomcat-3.2.4\webapps\cocoon\exslt\public_html\str\functions\concat\WS_FTP.LOG <-- ftp.exslt.org /www.exslt.org/public_html/str/functions/concat WS_FTP.LOG
102.12.03 11:15 B C:\jakarta-tomcat-3.2.4\webapps\cocoon\exslt\str\functions\concat\base.css --> ftp.exslt.org /www.exslt.org/public_html/str/functions/concat base.css
102.12.03 11:15 B C:\jakarta-tomcat-3.2.4\webapps\cocoon\exslt\str\functions\concat\index.html --> ftp.exslt.org /www.exslt.org/public_html/str/functions/concat index.html
102.12.03 11:15 B C:\jakarta-tomcat-3.2.4\webapps\cocoon\exslt\str\functions\concat\refresh.bat --> ftp.exslt.org /www.exslt.org/public_html/str/functions/concat refresh.bat
102.12.03 11:15 B C:\jakarta-tomcat-3.2.4\webapps\cocoon\exslt\str\functions\concat\str.concat.1.html --> ftp.exslt.org /www.exslt.org/public_html/str/functions/concat str.concat.1.html
102.12.03 11:15 B C:\jakarta-tomcat-3.2.4\webapps\cocoon\exslt\str\functions\concat\str.concat.1.xsl --> ftp.exslt.org /www.exslt.org/public_html/str/functions/concat str.concat.1.xsl
102.12.03 11:15 B C:\jakarta-tomcat-3.2.4\webapps\cocoon\exslt\str\functions\concat\str.concat.data.1.xml --> ftp.exslt.org /www.exslt.org/public_html/str/functions/concat str.concat.data.1.xml
102.12.03 11:15 B C:\jakarta-tomcat-3.2.4\webapps\cocoon\exslt\str\functions\concat\str.concat.html --> ftp.exslt.org /www.exslt.org/public_html/str/functions/concat str.concat.html
102.12.03 11:15 B C:\jakarta-tomcat-3.2.4\webapps\cocoon\exslt\str\functions\concat\str.concat.js --> ftp.exslt.org /www.exslt.org/public_html/str/functions/concat str.concat.js
102.12.03 11:15 B C:\jakarta-tomcat-3.2.4\webapps\cocoon\exslt\str\functions\concat\str.concat.js.html --> ftp.exslt.org /www.exslt.org/public_html/str/functions/concat str.concat.js.html
102.12.03 11:15 B C:\jakarta-tomcat-3.2.4\webapps\cocoon\exslt\str\functions\concat\str.concat.msxsl.xsl --> ftp.exslt.org /www.exslt.org/public_html/str/functions/concat str.concat.msxsl.xsl
102.12.03 11:15 B C:\jakarta-tomcat-3.2.4\webapps\cocoon\exslt\str\functions\concat\str.concat.msxsl.xsl.html --> ftp.exslt.org /www.exslt.org/public_html/str/functions/concat str.concat.msxsl.xsl.html
102.12.03 11:15 B C:\jakarta-tomcat-3.2.4\webapps\cocoon\exslt\str\functions\concat\str.concat.package.txt --> ftp.exslt.org /www.exslt.org/public_html/str/functions/concat str.concat.package.txt
102.12.03 11:15 B C:\jakarta-tomcat-3.2.4\webapps\cocoon\exslt\str\functions\concat\str.concat.use-case.1.html --> ftp.exslt.org /www.exslt.org/public_html/str/functions/concat str.concat.use-case.1.html
102.12.03 11:15 B C:\jakarta-tomcat-3.2.4\webapps\cocoon\exslt\str\functions\concat\str.concat.use-cases.txt --> ftp.exslt.org /www.exslt.org/public_html/str/functions/concat str.concat.use-cases.txt
102.12.03 11:15 B C:\jakarta-tomcat-3.2.4\webapps\cocoon\exslt\str\functions\concat\str.concat.use-cases.zip --> ftp.exslt.org /www.exslt.org/public_html/str/functions/concat str.concat.use-cases.zip
102.12.03 11:15 B C:\jakarta-tomcat-3.2.4\webapps\cocoon\exslt\str\functions\concat\str.concat.xml --> ftp.exslt.org /www.exslt.org/public_html/str/functions/concat str.concat.xml
102.12.03 11:15 B C:\jakarta-tomcat-3.2.4\webapps\cocoon\exslt\str\functions\concat\str.concat.xsl --> ftp.exslt.org /www.exslt.org/public_html/str/functions/concat str.concat.xsl
102.12.03 11:15 B C:\jakarta-tomcat-3.2.4\webapps\cocoon\exslt\str\functions\concat\str.concat.zip --> ftp.exslt.org /www.exslt.org/public_html/str/functions/concat str.concat.zip
102.12.03 11:15 B C:\jakarta-tomcat-3.2.4\webapps\cocoon\exslt\str\functions\concat\update.bat --> ftp.exslt.org /www.exslt.org/public_html/str/functions/concat update.bat
103.09.29 16:01 B C:\jakarta-tomcat-3.2.4\webapps\cocoon\exslt\str\functions\concat\WS_FTP.LOG <-- ftp.exslt.org /www.exslt.org/public_html/str/functions/concat WS_FTP.LOG
103.10.21 13:11 B C:\jakarta-tomcat-3.2.4\webapps\cocoon\exslt\str\functions\concat\base.css --> marian.cs.nott.ac.uk /stud/pg/cds/exslt/str/functions/concat base.css
103.10.21 13:11 B C:\jakarta-tomcat-3.2.4\webapps\cocoon\exslt\str\functions\concat\index.html --> marian.cs.nott.ac.uk /stud/pg/cds/exslt/str/functions/concat index.html
103.10.21 13:11 B C:\jakarta-tomcat-3.2.4\webapps\cocoon\exslt\str\functions\concat\refresh.bat --> marian.cs.nott.ac.uk /stud/pg/cds/exslt/str/functions/concat refresh.bat
103.10.21 13:11 B C:\jakarta-tomcat-3.2.4\webapps\cocoon\exslt\str\functions\concat\str.concat.1.html --> marian.cs.nott.ac.uk /stud/pg/cds/exslt/str/functions/concat str.concat.1.html
103.10.21 13:11 B C:\jakarta-tomcat-3.2.4\webapps\cocoon\exslt\str\functions\concat\str.concat.1.xsl --> marian.cs.nott.ac.uk /stud/pg/cds/exslt/str/functions/concat str.concat.1.xsl
103.10.21 13:11 B C:\jakarta-tomcat-3.2.4\webapps\cocoon\exslt\str\functions\concat\str.concat.data.1.xml --> marian.cs.nott.ac.uk /stud/pg/cds/exslt/str/functions/concat str.concat.data.1.xml
103.10.21 13:11 B C:\jakarta-tomcat-3.2.4\webapps\cocoon\exslt\str\functions\concat\str.concat.html --> marian.cs.nott.ac.uk /stud/pg/cds/exslt/str/functions/concat str.concat.html
103.10.21 13:11 B C:\jakarta-tomcat-3.2.4\webapps\cocoon\exslt\str\functions\concat\str.concat.js --> marian.cs.nott.ac.uk /stud/pg/cds/exslt/str/functions/concat str.concat.js
103.10.21 13:11 B C:\jakarta-tomcat-3.2.4\webapps\cocoon\exslt\str\functions\concat\str.concat.js.html --> marian.cs.nott.ac.uk /stud/pg/cds/exslt/str/functions/concat str.concat.js.html
103.10.21 13:11 B C:\jakarta-tomcat-3.2.4\webapps\cocoon\exslt\str\functions\concat\str.concat.msxsl.xsl --> marian.cs.nott.ac.uk /stud/pg/cds/exslt/str/functions/concat str.concat.msxsl.xsl
103.10.21 13:11 B C:\jakarta-tomcat-3.2.4\webapps\cocoon\exslt\str\functions\concat\str.concat.msxsl.xsl.html --> marian.cs.nott.ac.uk /stud/pg/cds/exslt/str/functions/concat str.concat.msxsl.xsl.html
103.10.21 13:11 B C:\jakarta-tomcat-3.2.4\webapps\cocoon\exslt\str\functions\concat\str.concat.package.txt --> marian.cs.nott.ac.uk /stud/pg/cds/exslt/str/functions/concat str.concat.package.txt
103.10.21 13:11 B C:\jakarta-tomcat-3.2.4\webapps\cocoon\exslt\str\functions\concat\str.concat.use-case.1.html --> marian.cs.nott.ac.uk /stud/pg/cds/exslt/str/functions/concat str.concat.use-case.1.html
103.10.21 13:11 B C:\jakarta-tomcat-3.2.4\webapps\cocoon\exslt\str\functions\concat\str.concat.use-cases.txt --> marian.cs.nott.ac.uk /stud/pg/cds/exslt/str/functions/concat str.concat.use-cases.txt
103.10.21 13:11 B C:\jakarta-tomcat-3.2.4\webapps\cocoon\exslt\str\functions\concat\str.concat.use-cases.zip --> marian.cs.nott.ac.uk /stud/pg/cds/exslt/str/functions/concat str.concat.use-cases.zip
103.10.21 13:11 B C:\jakarta-tomcat-3.2.4\webapps\cocoon\exslt\str\functions\concat\str.concat.xml --> marian.cs.nott.ac.uk /stud/pg/cds/exslt/str/functions/concat str.concat.xml
103.10.21 13:11 B C:\jakarta-tomcat-3.2.4\webapps\cocoon\exslt\str\functions\concat\str.concat.xsl --> marian.cs.nott.ac.uk /stud/pg/cds/exslt/str/functions/concat str.concat.xsl
103.10.21 13:11 B C:\jakarta-tomcat-3.2.4\webapps\cocoon\exslt\str\functions\concat\str.concat.zip --> marian.cs.nott.ac.uk /stud/pg/cds/exslt/str/functions/concat str.concat.zip
103.10.21 13:11 B C:\jakarta-tomcat-3.2.4\webapps\cocoon\exslt\str\functions\concat\update.bat --> marian.cs.nott.ac.uk /stud/pg/cds/exslt/str/functions/concat update.bat
103.10.21 13:11 B C:\jakarta-tomcat-3.2.4\webapps\cocoon\exslt\str\functions\concat\WS_FTP.LOG --> marian.cs.nott.ac.uk /stud/pg/cds/exslt/str/functions/concat WS_FTP.LOG
103.10.24 11:09 B C:\jakarta-tomcat-3.2.4\webapps\cocoon\exslt\str\functions\concat\base.css --> ftp.exslt.org /www.exslt.org/public_html/str/functions/concat base.css
103.10.24 11:09 B C:\jakarta-tomcat-3.2.4\webapps\cocoon\exslt\str\functions\concat\index.html --> ftp.exslt.org /www.exslt.org/public_html/str/functions/concat index.html
103.10.24 11:09 B C:\jakarta-tomcat-3.2.4\webapps\cocoon\exslt\str\functions\concat\refresh.bat --> ftp.exslt.org /www.exslt.org/public_html/str/functions/concat refresh.bat
103.10.24 11:09 B C:\jakarta-tomcat-3.2.4\webapps\cocoon\exslt\str\functions\concat\str.concat.1.html --> ftp.exslt.org /www.exslt.org/public_html/str/functions/concat str.concat.1.html
103.10.24 11:09 B C:\jakarta-tomcat-3.2.4\webapps\cocoon\exslt\str\functions\concat\str.concat.1.xsl --> ftp.exslt.org /www.exslt.org/public_html/str/functions/concat str.concat.1.xsl
103.10.24 11:09 B C:\jakarta-tomcat-3.2.4\webapps\cocoon\exslt\str\functions\concat\str.concat.data.1.xml --> ftp.exslt.org /www.exslt.org/public_html/str/functions/concat str.concat.data.1.xml
103.10.24 11:09 B C:\jakarta-tomcat-3.2.4\webapps\cocoon\exslt\str\functions\concat\str.concat.html --> ftp.exslt.org /www.exslt.org/public_html/str/functions/concat str.concat.html
103.10.24 11:09 B C:\jakarta-tomcat-3.2.4\webapps\cocoon\exslt\str\functions\concat\str.concat.js --> ftp.exslt.org /www.exslt.org/public_html/str/functions/concat str.concat.js
103.10.24 11:09 B C:\jakarta-tomcat-3.2.4\webapps\cocoon\exslt\str\functions\concat\str.concat.js.html --> ftp.exslt.org /www.exslt.org/public_html/str/functions/concat str.concat.js.html
103.10.24 11:09 B C:\jakarta-tomcat-3.2.4\webapps\cocoon\exslt\str\functions\concat\str.concat.msxsl.xsl --> ftp.exslt.org /www.exslt.org/public_html/str/functions/concat str.concat.msxsl.xsl
103.10.24 11:09 B C:\jakarta-tomcat-3.2.4\webapps\cocoon\exslt\str\functions\concat\str.concat.msxsl.xsl.html --> ftp.exslt.org /www.exslt.org/public_html/str/functions/concat str.concat.msxsl.xsl.html
103.10.24 11:09 B C:\jakarta-tomcat-3.2.4\webapps\cocoon\exslt\str\functions\concat\str.concat.package.txt --> ftp.exslt.org /www.exslt.org/public_html/str/functions/concat str.concat.package.txt
103.10.24 11:09 B C:\jakarta-tomcat-3.2.4\webapps\cocoon\exslt\str\functions\concat\str.concat.use-case.1.html --> ftp.exslt.org /www.exslt.org/public_html/str/functions/concat str.concat.use-case.1.html
103.10.24 11:09 B C:\jakarta-tomcat-3.2.4\webapps\cocoon\exslt\str\functions\concat\str.concat.use-cases.txt --> ftp.exslt.org /www.exslt.org/public_html/str/functions/concat str.concat.use-cases.txt
103.10.24 11:09 B C:\jakarta-tomcat-3.2.4\webapps\cocoon\exslt\str\functions\concat\str.concat.use-cases.zip --> ftp.exslt.org /www.exslt.org/public_html/str/functions/concat str.concat.use-cases.zip
103.10.24 11:09 B C:\jakarta-tomcat-3.2.4\webapps\cocoon\exslt\str\functions\concat\str.concat.xml --> ftp.exslt.org /www.exslt.org/public_html/str/functions/concat str.concat.xml
103.10.24 11:09 B C:\jakarta-tomcat-3.2.4\webapps\cocoon\exslt\str\functions\concat\str.concat.xsl --> ftp.exslt.org /www.exslt.org/public_html/str/functions/concat str.concat.xsl
103.10.24 11:10 B C:\jakarta-tomcat-3.2.4\webapps\cocoon\exslt\str\functions\concat\str.concat.zip --> ftp.exslt.org /www.exslt.org/public_html/str/functions/concat str.concat.zip
103.10.24 11:10 B C:\jakarta-tomcat-3.2.4\webapps\cocoon\exslt\str\functions\concat\update.bat --> ftp.exslt.org /www.exslt.org/public_html/str/functions/concat update.bat
