102.08.21 17:25 B C:\jakarta-tomcat-3.2.4\webapps\cocoon\exslt\date\functions\time\base.css --> ftp.exslt.org /www.exslt.org/public_html/date/functions/time base.css
102.08.21 17:25 B C:\jakarta-tomcat-3.2.4\webapps\cocoon\exslt\date\functions\time\date.js --> ftp.exslt.org /www.exslt.org/public_html/date/functions/time date.js
102.08.21 17:25 B C:\jakarta-tomcat-3.2.4\webapps\cocoon\exslt\date\functions\time\date.js.html --> ftp.exslt.org /www.exslt.org/public_html/date/functions/time date.js.html
102.08.21 17:25 B C:\jakarta-tomcat-3.2.4\webapps\cocoon\exslt\date\functions\time\date.msxsl.xsl --> ftp.exslt.org /www.exslt.org/public_html/date/functions/time date.msxsl.xsl
102.08.21 17:25 B C:\jakarta-tomcat-3.2.4\webapps\cocoon\exslt\date\functions\time\date.msxsl.xsl.html --> ftp.exslt.org /www.exslt.org/public_html/date/functions/time date.msxsl.xsl.html
102.08.21 17:25 B C:\jakarta-tomcat-3.2.4\webapps\cocoon\exslt\date\functions\time\date.time.2.html --> ftp.exslt.org /www.exslt.org/public_html/date/functions/time date.time.2.html
102.08.21 17:25 B C:\jakarta-tomcat-3.2.4\webapps\cocoon\exslt\date\functions\time\date.time.function.xsl --> ftp.exslt.org /www.exslt.org/public_html/date/functions/time date.time.function.xsl
102.08.21 17:25 B C:\jakarta-tomcat-3.2.4\webapps\cocoon\exslt\date\functions\time\date.time.function.xsl.html --> ftp.exslt.org /www.exslt.org/public_html/date/functions/time date.time.function.xsl.html
102.08.21 17:25 B C:\jakarta-tomcat-3.2.4\webapps\cocoon\exslt\date\functions\time\date.time.html --> ftp.exslt.org /www.exslt.org/public_html/date/functions/time date.time.html
102.08.21 17:25 B C:\jakarta-tomcat-3.2.4\webapps\cocoon\exslt\date\functions\time\date.time.package.txt --> ftp.exslt.org /www.exslt.org/public_html/date/functions/time date.time.package.txt
102.08.21 17:25 B C:\jakarta-tomcat-3.2.4\webapps\cocoon\exslt\date\functions\time\date.time.template.xsl --> ftp.exslt.org /www.exslt.org/public_html/date/functions/time date.time.template.xsl
102.08.21 17:25 B C:\jakarta-tomcat-3.2.4\webapps\cocoon\exslt\date\functions\time\date.time.template.xsl.html --> ftp.exslt.org /www.exslt.org/public_html/date/functions/time date.time.template.xsl.html
102.08.21 17:25 B C:\jakarta-tomcat-3.2.4\webapps\cocoon\exslt\date\functions\time\date.time.use-cases.txt --> ftp.exslt.org /www.exslt.org/public_html/date/functions/time date.time.use-cases.txt
102.08.21 17:25 B C:\jakarta-tomcat-3.2.4\webapps\cocoon\exslt\date\functions\time\date.time.use-cases.zip --> ftp.exslt.org /www.exslt.org/public_html/date/functions/time date.time.use-cases.zip
102.08.21 17:25 B C:\jakarta-tomcat-3.2.4\webapps\cocoon\exslt\date\functions\time\date.time.xml --> ftp.exslt.org /www.exslt.org/public_html/date/functions/time date.time.xml
102.08.21 17:25 B C:\jakarta-tomcat-3.2.4\webapps\cocoon\exslt\date\functions\time\date.time.xsl --> ftp.exslt.org /www.exslt.org/public_html/date/functions/time date.time.xsl
102.08.21 17:25 B C:\jakarta-tomcat-3.2.4\webapps\cocoon\exslt\date\functions\time\date.time.zip --> ftp.exslt.org /www.exslt.org/public_html/date/functions/time date.time.zip
102.08.21 17:25 B C:\jakarta-tomcat-3.2.4\webapps\cocoon\exslt\date\functions\time\index.html --> ftp.exslt.org /www.exslt.org/public_html/date/functions/time index.html
102.08.21 17:25 B C:\jakarta-tomcat-3.2.4\webapps\cocoon\exslt\date\functions\time\refresh.bat --> ftp.exslt.org /www.exslt.org/public_html/date/functions/time refresh.bat
102.08.21 17:25 B C:\jakarta-tomcat-3.2.4\webapps\cocoon\exslt\date\functions\time\update.bat --> ftp.exslt.org /www.exslt.org/public_html/date/functions/time update.bat
102.08.21 17:31 B C:\jakarta-tomcat-3.2.4\webapps\cocoon\exslt\date\functions\time\base.css --> ftp.exslt.org /www.exslt.org/public_html/date/functions/time base.css
102.08.21 17:31 B C:\jakarta-tomcat-3.2.4\webapps\cocoon\exslt\date\functions\time\date.js --> ftp.exslt.org /www.exslt.org/public_html/date/functions/time date.js
102.08.21 17:31 B C:\jakarta-tomcat-3.2.4\webapps\cocoon\exslt\date\functions\time\date.js.html --> ftp.exslt.org /www.exslt.org/public_html/date/functions/time date.js.html
102.08.21 17:31 B C:\jakarta-tomcat-3.2.4\webapps\cocoon\exslt\date\functions\time\date.msxsl.xsl --> ftp.exslt.org /www.exslt.org/public_html/date/functions/time date.msxsl.xsl
102.08.21 17:31 B C:\jakarta-tomcat-3.2.4\webapps\cocoon\exslt\date\functions\time\date.msxsl.xsl.html --> ftp.exslt.org /www.exslt.org/public_html/date/functions/time date.msxsl.xsl.html
102.08.21 17:31 B C:\jakarta-tomcat-3.2.4\webapps\cocoon\exslt\date\functions\time\date.time.2.html --> ftp.exslt.org /www.exslt.org/public_html/date/functions/time date.time.2.html
102.08.21 17:31 B C:\jakarta-tomcat-3.2.4\webapps\cocoon\exslt\date\functions\time\date.time.function.xsl --> ftp.exslt.org /www.exslt.org/public_html/date/functions/time date.time.function.xsl
102.08.21 17:31 B C:\jakarta-tomcat-3.2.4\webapps\cocoon\exslt\date\functions\time\date.time.function.xsl.html --> ftp.exslt.org /www.exslt.org/public_html/date/functions/time date.time.function.xsl.html
102.08.21 17:31 B C:\jakarta-tomcat-3.2.4\webapps\cocoon\exslt\date\functions\time\date.time.html --> ftp.exslt.org /www.exslt.org/public_html/date/functions/time date.time.html
102.08.21 17:31 B C:\jakarta-tomcat-3.2.4\webapps\cocoon\exslt\date\functions\time\date.time.package.txt --> ftp.exslt.org /www.exslt.org/public_html/date/functions/time date.time.package.txt
102.08.21 17:31 B C:\jakarta-tomcat-3.2.4\webapps\cocoon\exslt\date\functions\time\date.time.template.xsl --> ftp.exslt.org /www.exslt.org/public_html/date/functions/time date.time.template.xsl
102.08.21 17:31 B C:\jakarta-tomcat-3.2.4\webapps\cocoon\exslt\date\functions\time\date.time.template.xsl.html --> ftp.exslt.org /www.exslt.org/public_html/date/functions/time date.time.template.xsl.html
102.08.21 17:31 B C:\jakarta-tomcat-3.2.4\webapps\cocoon\exslt\date\functions\time\date.time.use-cases.txt --> ftp.exslt.org /www.exslt.org/public_html/date/functions/time date.time.use-cases.txt
102.08.21 17:31 B C:\jakarta-tomcat-3.2.4\webapps\cocoon\exslt\date\functions\time\date.time.use-cases.zip --> ftp.exslt.org /www.exslt.org/public_html/date/functions/time date.time.use-cases.zip
102.08.21 17:31 B C:\jakarta-tomcat-3.2.4\webapps\cocoon\exslt\date\functions\time\date.time.xml --> ftp.exslt.org /www.exslt.org/public_html/date/functions/time date.time.xml
102.08.21 17:31 B C:\jakarta-tomcat-3.2.4\webapps\cocoon\exslt\date\functions\time\date.time.xsl --> ftp.exslt.org /www.exslt.org/public_html/date/functions/time date.time.xsl
102.08.21 17:31 B C:\jakarta-tomcat-3.2.4\webapps\cocoon\exslt\date\functions\time\date.time.zip --> ftp.exslt.org /www.exslt.org/public_html/date/functions/time date.time.zip
102.08.21 17:31 B C:\jakarta-tomcat-3.2.4\webapps\cocoon\exslt\date\functions\time\index.html --> ftp.exslt.org /www.exslt.org/public_html/date/functions/time index.html
102.08.21 17:31 B C:\jakarta-tomcat-3.2.4\webapps\cocoon\exslt\date\functions\time\refresh.bat --> ftp.exslt.org /www.exslt.org/public_html/date/functions/time refresh.bat
102.08.21 17:31 B C:\jakarta-tomcat-3.2.4\webapps\cocoon\exslt\date\functions\time\update.bat --> ftp.exslt.org /www.exslt.org/public_html/date/functions/time update.bat
102.08.21 17:31 B C:\jakarta-tomcat-3.2.4\webapps\cocoon\exslt\date\functions\time\WS_FTP.LOG --> ftp.exslt.org /www.exslt.org/public_html/date/functions/time WS_FTP.LOG
102.11.19 13:15 B C:\jakarta-tomcat-3.2.4\webapps\cocoon\exslt\date\functions\time\base.css --> ftp.exslt.org /www.exslt.org/public_html/date/functions/time base.css
102.11.19 13:15 B C:\jakarta-tomcat-3.2.4\webapps\cocoon\exslt\date\functions\time\date.js --> ftp.exslt.org /www.exslt.org/public_html/date/functions/time date.js
102.11.19 13:15 B C:\jakarta-tomcat-3.2.4\webapps\cocoon\exslt\date\functions\time\date.js.html --> ftp.exslt.org /www.exslt.org/public_html/date/functions/time date.js.html
102.11.19 13:15 B C:\jakarta-tomcat-3.2.4\webapps\cocoon\exslt\date\functions\time\date.msxsl.xsl --> ftp.exslt.org /www.exslt.org/public_html/date/functions/time date.msxsl.xsl
102.11.19 13:15 B C:\jakarta-tomcat-3.2.4\webapps\cocoon\exslt\date\functions\time\date.msxsl.xsl.html --> ftp.exslt.org /www.exslt.org/public_html/date/functions/time date.msxsl.xsl.html
102.11.19 13:15 B C:\jakarta-tomcat-3.2.4\webapps\cocoon\exslt\date\functions\time\date.time.2.html --> ftp.exslt.org /www.exslt.org/public_html/date/functions/time date.time.2.html
102.11.19 13:15 B C:\jakarta-tomcat-3.2.4\webapps\cocoon\exslt\date\functions\time\date.time.function.xsl --> ftp.exslt.org /www.exslt.org/public_html/date/functions/time date.time.function.xsl
102.11.19 13:15 B C:\jakarta-tomcat-3.2.4\webapps\cocoon\exslt\date\functions\time\date.time.function.xsl.html --> ftp.exslt.org /www.exslt.org/public_html/date/functions/time date.time.function.xsl.html
102.11.19 13:15 B C:\jakarta-tomcat-3.2.4\webapps\cocoon\exslt\date\functions\time\date.time.html --> ftp.exslt.org /www.exslt.org/public_html/date/functions/time date.time.html
102.11.19 13:15 B C:\jakarta-tomcat-3.2.4\webapps\cocoon\exslt\date\functions\time\date.time.package.txt --> ftp.exslt.org /www.exslt.org/public_html/date/functions/time date.time.package.txt
102.11.19 13:15 B C:\jakarta-tomcat-3.2.4\webapps\cocoon\exslt\date\functions\time\date.time.template.xsl --> ftp.exslt.org /www.exslt.org/public_html/date/functions/time date.time.template.xsl
102.11.19 13:15 B C:\jakarta-tomcat-3.2.4\webapps\cocoon\exslt\date\functions\time\date.time.template.xsl.html --> ftp.exslt.org /www.exslt.org/public_html/date/functions/time date.time.template.xsl.html
102.11.19 13:15 B C:\jakarta-tomcat-3.2.4\webapps\cocoon\exslt\date\functions\time\date.time.use-cases.txt --> ftp.exslt.org /www.exslt.org/public_html/date/functions/time date.time.use-cases.txt
102.11.19 13:15 B C:\jakarta-tomcat-3.2.4\webapps\cocoon\exslt\date\functions\time\date.time.use-cases.zip --> ftp.exslt.org /www.exslt.org/public_html/date/functions/time date.time.use-cases.zip
102.11.19 13:15 B C:\jakarta-tomcat-3.2.4\webapps\cocoon\exslt\date\functions\time\date.time.xml --> ftp.exslt.org /www.exslt.org/public_html/date/functions/time date.time.xml
102.11.19 13:15 B C:\jakarta-tomcat-3.2.4\webapps\cocoon\exslt\date\functions\time\date.time.xsl --> ftp.exslt.org /www.exslt.org/public_html/date/functions/time date.time.xsl
102.11.19 13:15 B C:\jakarta-tomcat-3.2.4\webapps\cocoon\exslt\date\functions\time\date.time.zip --> ftp.exslt.org /www.exslt.org/public_html/date/functions/time date.time.zip
102.11.19 13:15 B C:\jakarta-tomcat-3.2.4\webapps\cocoon\exslt\date\functions\time\index.html --> ftp.exslt.org /www.exslt.org/public_html/date/functions/time index.html
102.11.19 13:15 B C:\jakarta-tomcat-3.2.4\webapps\cocoon\exslt\date\functions\time\refresh.bat --> ftp.exslt.org /www.exslt.org/public_html/date/functions/time refresh.bat
102.11.19 13:15 B C:\jakarta-tomcat-3.2.4\webapps\cocoon\exslt\date\functions\time\update.bat --> ftp.exslt.org /www.exslt.org/public_html/date/functions/time update.bat
102.11.19 13:15 B C:\jakarta-tomcat-3.2.4\webapps\cocoon\exslt\date\functions\time\WS_FTP.LOG --> ftp.exslt.org /www.exslt.org/public_html/date/functions/time WS_FTP.LOG
102.11.19 13:21 B C:\jakarta-tomcat-3.2.4\webapps\cocoon\exslt\date\functions\time\base.css --> ftp.exslt.org /www.exslt.org/public_html/date/functions/time base.css
102.11.19 13:21 B C:\jakarta-tomcat-3.2.4\webapps\cocoon\exslt\date\functions\time\date.js --> ftp.exslt.org /www.exslt.org/public_html/date/functions/time date.js
102.11.19 13:21 B C:\jakarta-tomcat-3.2.4\webapps\cocoon\exslt\date\functions\time\date.js.html --> ftp.exslt.org /www.exslt.org/public_html/date/functions/time date.js.html
102.11.19 13:21 B C:\jakarta-tomcat-3.2.4\webapps\cocoon\exslt\date\functions\time\date.msxsl.xsl --> ftp.exslt.org /www.exslt.org/public_html/date/functions/time date.msxsl.xsl
102.11.19 13:21 B C:\jakarta-tomcat-3.2.4\webapps\cocoon\exslt\date\functions\time\date.msxsl.xsl.html --> ftp.exslt.org /www.exslt.org/public_html/date/functions/time date.msxsl.xsl.html
102.11.19 13:21 B C:\jakarta-tomcat-3.2.4\webapps\cocoon\exslt\date\functions\time\date.time.2.html --> ftp.exslt.org /www.exslt.org/public_html/date/functions/time date.time.2.html
102.11.19 13:21 B C:\jakarta-tomcat-3.2.4\webapps\cocoon\exslt\date\functions\time\date.time.function.xsl --> ftp.exslt.org /www.exslt.org/public_html/date/functions/time date.time.function.xsl
102.11.19 13:21 B C:\jakarta-tomcat-3.2.4\webapps\cocoon\exslt\date\functions\time\date.time.function.xsl.html --> ftp.exslt.org /www.exslt.org/public_html/date/functions/time date.time.function.xsl.html
102.11.19 13:21 B C:\jakarta-tomcat-3.2.4\webapps\cocoon\exslt\date\functions\time\date.time.html --> ftp.exslt.org /www.exslt.org/public_html/date/functions/time date.time.html
102.11.19 13:21 B C:\jakarta-tomcat-3.2.4\webapps\cocoon\exslt\date\functions\time\date.time.package.txt --> ftp.exslt.org /www.exslt.org/public_html/date/functions/time date.time.package.txt
102.11.19 13:21 B C:\jakarta-tomcat-3.2.4\webapps\cocoon\exslt\date\functions\time\date.time.template.xsl --> ftp.exslt.org /www.exslt.org/public_html/date/functions/time date.time.template.xsl
102.11.19 13:21 B C:\jakarta-tomcat-3.2.4\webapps\cocoon\exslt\date\functions\time\date.time.template.xsl.html --> ftp.exslt.org /www.exslt.org/public_html/date/functions/time date.time.template.xsl.html
102.11.19 13:21 B C:\jakarta-tomcat-3.2.4\webapps\cocoon\exslt\date\functions\time\date.time.use-cases.txt --> ftp.exslt.org /www.exslt.org/public_html/date/functions/time date.time.use-cases.txt
102.11.19 13:21 B C:\jakarta-tomcat-3.2.4\webapps\cocoon\exslt\date\functions\time\date.time.use-cases.zip --> ftp.exslt.org /www.exslt.org/public_html/date/functions/time date.time.use-cases.zip
102.11.19 13:21 B C:\jakarta-tomcat-3.2.4\webapps\cocoon\exslt\date\functions\time\date.time.xml --> ftp.exslt.org /www.exslt.org/public_html/date/functions/time date.time.xml
102.11.19 13:21 B C:\jakarta-tomcat-3.2.4\webapps\cocoon\exslt\date\functions\time\date.time.xsl --> ftp.exslt.org /www.exslt.org/public_html/date/functions/time date.time.xsl
102.11.19 13:21 B C:\jakarta-tomcat-3.2.4\webapps\cocoon\exslt\date\functions\time\date.time.zip --> ftp.exslt.org /www.exslt.org/public_html/date/functions/time date.time.zip
102.11.19 13:21 B C:\jakarta-tomcat-3.2.4\webapps\cocoon\exslt\date\functions\time\index.html --> ftp.exslt.org /www.exslt.org/public_html/date/functions/time index.html
102.11.19 13:21 B C:\jakarta-tomcat-3.2.4\webapps\cocoon\exslt\date\functions\time\refresh.bat --> ftp.exslt.org /www.exslt.org/public_html/date/functions/time refresh.bat
102.11.19 13:21 B C:\jakarta-tomcat-3.2.4\webapps\cocoon\exslt\date\functions\time\update.bat --> ftp.exslt.org /www.exslt.org/public_html/date/functions/time update.bat
102.12.02 12:22 B C:\jakarta-tomcat-3.2.4\webapps\cocoon\exslt\public_html\date\functions\time\WS_FTP.LOG <-- ftp.exslt.org /www.exslt.org/public_html/date/functions/time WS_FTP.LOG
102.12.03 11:10 B C:\jakarta-tomcat-3.2.4\webapps\cocoon\exslt\date\functions\time\base.css --> ftp.exslt.org /www.exslt.org/public_html/date/functions/time base.css
102.12.03 11:10 B C:\jakarta-tomcat-3.2.4\webapps\cocoon\exslt\date\functions\time\date.js --> ftp.exslt.org /www.exslt.org/public_html/date/functions/time date.js
102.12.03 11:10 B C:\jakarta-tomcat-3.2.4\webapps\cocoon\exslt\date\functions\time\date.js.html --> ftp.exslt.org /www.exslt.org/public_html/date/functions/time date.js.html
102.12.03 11:10 B C:\jakarta-tomcat-3.2.4\webapps\cocoon\exslt\date\functions\time\date.msxsl.xsl --> ftp.exslt.org /www.exslt.org/public_html/date/functions/time date.msxsl.xsl
102.12.03 11:10 B C:\jakarta-tomcat-3.2.4\webapps\cocoon\exslt\date\functions\time\date.msxsl.xsl.html --> ftp.exslt.org /www.exslt.org/public_html/date/functions/time date.msxsl.xsl.html
102.12.03 11:10 B C:\jakarta-tomcat-3.2.4\webapps\cocoon\exslt\date\functions\time\date.time.1.html --> ftp.exslt.org /www.exslt.org/public_html/date/functions/time date.time.1.html
102.12.03 11:10 B C:\jakarta-tomcat-3.2.4\webapps\cocoon\exslt\date\functions\time\date.time.1.xml --> ftp.exslt.org /www.exslt.org/public_html/date/functions/time date.time.1.xml
102.12.03 11:10 B C:\jakarta-tomcat-3.2.4\webapps\cocoon\exslt\date\functions\time\date.time.2.html --> ftp.exslt.org /www.exslt.org/public_html/date/functions/time date.time.2.html
102.12.03 11:10 B C:\jakarta-tomcat-3.2.4\webapps\cocoon\exslt\date\functions\time\date.time.function.xsl --> ftp.exslt.org /www.exslt.org/public_html/date/functions/time date.time.function.xsl
102.12.03 11:10 B C:\jakarta-tomcat-3.2.4\webapps\cocoon\exslt\date\functions\time\date.time.function.xsl.html --> ftp.exslt.org /www.exslt.org/public_html/date/functions/time date.time.function.xsl.html
102.12.03 11:10 B C:\jakarta-tomcat-3.2.4\webapps\cocoon\exslt\date\functions\time\date.time.html --> ftp.exslt.org /www.exslt.org/public_html/date/functions/time date.time.html
102.12.03 11:10 B C:\jakarta-tomcat-3.2.4\webapps\cocoon\exslt\date\functions\time\date.time.package.txt --> ftp.exslt.org /www.exslt.org/public_html/date/functions/time date.time.package.txt
102.12.03 11:10 B C:\jakarta-tomcat-3.2.4\webapps\cocoon\exslt\date\functions\time\date.time.template.xsl --> ftp.exslt.org /www.exslt.org/public_html/date/functions/time date.time.template.xsl
102.12.03 11:10 B C:\jakarta-tomcat-3.2.4\webapps\cocoon\exslt\date\functions\time\date.time.template.xsl.html --> ftp.exslt.org /www.exslt.org/public_html/date/functions/time date.time.template.xsl.html
102.12.03 11:10 B C:\jakarta-tomcat-3.2.4\webapps\cocoon\exslt\date\functions\time\date.time.use-cases.txt --> ftp.exslt.org /www.exslt.org/public_html/date/functions/time date.time.use-cases.txt
102.12.03 11:10 B C:\jakarta-tomcat-3.2.4\webapps\cocoon\exslt\date\functions\time\date.time.use-cases.zip --> ftp.exslt.org /www.exslt.org/public_html/date/functions/time date.time.use-cases.zip
102.12.03 11:10 B C:\jakarta-tomcat-3.2.4\webapps\cocoon\exslt\date\functions\time\date.time.xml --> ftp.exslt.org /www.exslt.org/public_html/date/functions/time date.time.xml
102.12.03 11:10 B C:\jakarta-tomcat-3.2.4\webapps\cocoon\exslt\date\functions\time\date.time.xsl --> ftp.exslt.org /www.exslt.org/public_html/date/functions/time date.time.xsl
102.12.03 11:10 B C:\jakarta-tomcat-3.2.4\webapps\cocoon\exslt\date\functions\time\date.time.zip --> ftp.exslt.org /www.exslt.org/public_html/date/functions/time date.time.zip
102.12.03 11:10 B C:\jakarta-tomcat-3.2.4\webapps\cocoon\exslt\date\functions\time\index.html --> ftp.exslt.org /www.exslt.org/public_html/date/functions/time index.html
102.12.03 11:10 B C:\jakarta-tomcat-3.2.4\webapps\cocoon\exslt\date\functions\time\out.html --> ftp.exslt.org /www.exslt.org/public_html/date/functions/time out.html
102.12.03 11:10 B C:\jakarta-tomcat-3.2.4\webapps\cocoon\exslt\date\functions\time\refresh.bat --> ftp.exslt.org /www.exslt.org/public_html/date/functions/time refresh.bat
102.12.03 11:10 B C:\jakarta-tomcat-3.2.4\webapps\cocoon\exslt\date\functions\time\update.bat --> ftp.exslt.org /www.exslt.org/public_html/date/functions/time update.bat
102.12.03 11:10 B C:\jakarta-tomcat-3.2.4\webapps\cocoon\exslt\date\functions\time\WS_FTP.LOG --> ftp.exslt.org /www.exslt.org/public_html/date/functions/time WS_FTP.LOG
102.12.11 11:04 B C:\jakarta-tomcat-3.2.4\webapps\cocoon\exslt\date\functions\time\base.css --> ftp.exslt.org /www.exslt.org/public_html/date/functions/time base.css
102.12.11 11:04 B C:\jakarta-tomcat-3.2.4\webapps\cocoon\exslt\date\functions\time\date.js --> ftp.exslt.org /www.exslt.org/public_html/date/functions/time date.js
102.12.11 11:04 B C:\jakarta-tomcat-3.2.4\webapps\cocoon\exslt\date\functions\time\date.js.html --> ftp.exslt.org /www.exslt.org/public_html/date/functions/time date.js.html
102.12.11 11:04 B C:\jakarta-tomcat-3.2.4\webapps\cocoon\exslt\date\functions\time\date.msxsl.xsl --> ftp.exslt.org /www.exslt.org/public_html/date/functions/time date.msxsl.xsl
102.12.11 11:04 B C:\jakarta-tomcat-3.2.4\webapps\cocoon\exslt\date\functions\time\date.msxsl.xsl.html --> ftp.exslt.org /www.exslt.org/public_html/date/functions/time date.msxsl.xsl.html
102.12.11 11:04 B C:\jakarta-tomcat-3.2.4\webapps\cocoon\exslt\date\functions\time\date.time.1.html --> ftp.exslt.org /www.exslt.org/public_html/date/functions/time date.time.1.html
102.12.11 11:04 B C:\jakarta-tomcat-3.2.4\webapps\cocoon\exslt\date\functions\time\date.time.1.xml --> ftp.exslt.org /www.exslt.org/public_html/date/functions/time date.time.1.xml
102.12.11 11:04 B C:\jakarta-tomcat-3.2.4\webapps\cocoon\exslt\date\functions\time\date.time.2.html --> ftp.exslt.org /www.exslt.org/public_html/date/functions/time date.time.2.html
102.12.11 11:04 B C:\jakarta-tomcat-3.2.4\webapps\cocoon\exslt\date\functions\time\date.time.function.xsl --> ftp.exslt.org /www.exslt.org/public_html/date/functions/time date.time.function.xsl
102.12.11 11:04 B C:\jakarta-tomcat-3.2.4\webapps\cocoon\exslt\date\functions\time\date.time.function.xsl.html --> ftp.exslt.org /www.exslt.org/public_html/date/functions/time date.time.function.xsl.html
102.12.11 11:04 B C:\jakarta-tomcat-3.2.4\webapps\cocoon\exslt\date\functions\time\date.time.html --> ftp.exslt.org /www.exslt.org/public_html/date/functions/time date.time.html
102.12.11 11:04 B C:\jakarta-tomcat-3.2.4\webapps\cocoon\exslt\date\functions\time\date.time.package.txt --> ftp.exslt.org /www.exslt.org/public_html/date/functions/time date.time.package.txt
102.12.11 11:04 B C:\jakarta-tomcat-3.2.4\webapps\cocoon\exslt\date\functions\time\date.time.template.xsl --> ftp.exslt.org /www.exslt.org/public_html/date/functions/time date.time.template.xsl
102.12.11 11:04 B C:\jakarta-tomcat-3.2.4\webapps\cocoon\exslt\date\functions\time\date.time.template.xsl.html --> ftp.exslt.org /www.exslt.org/public_html/date/functions/time date.time.template.xsl.html
102.12.11 11:04 B C:\jakarta-tomcat-3.2.4\webapps\cocoon\exslt\date\functions\time\date.time.use-cases.txt --> ftp.exslt.org /www.exslt.org/public_html/date/functions/time date.time.use-cases.txt
102.12.11 11:04 B C:\jakarta-tomcat-3.2.4\webapps\cocoon\exslt\date\functions\time\date.time.use-cases.zip --> ftp.exslt.org /www.exslt.org/public_html/date/functions/time date.time.use-cases.zip
102.12.11 11:04 B C:\jakarta-tomcat-3.2.4\webapps\cocoon\exslt\date\functions\time\date.time.xml --> ftp.exslt.org /www.exslt.org/public_html/date/functions/time date.time.xml
102.12.11 11:04 B C:\jakarta-tomcat-3.2.4\webapps\cocoon\exslt\date\functions\time\date.time.xsl --> ftp.exslt.org /www.exslt.org/public_html/date/functions/time date.time.xsl
102.12.11 11:04 B C:\jakarta-tomcat-3.2.4\webapps\cocoon\exslt\date\functions\time\date.time.zip --> ftp.exslt.org /www.exslt.org/public_html/date/functions/time date.time.zip
102.12.11 11:04 B C:\jakarta-tomcat-3.2.4\webapps\cocoon\exslt\date\functions\time\index.html --> ftp.exslt.org /www.exslt.org/public_html/date/functions/time index.html
102.12.11 11:04 B C:\jakarta-tomcat-3.2.4\webapps\cocoon\exslt\date\functions\time\out.html --> ftp.exslt.org /www.exslt.org/public_html/date/functions/time out.html
102.12.11 11:04 B C:\jakarta-tomcat-3.2.4\webapps\cocoon\exslt\date\functions\time\refresh.bat --> ftp.exslt.org /www.exslt.org/public_html/date/functions/time refresh.bat
102.12.11 11:04 B C:\jakarta-tomcat-3.2.4\webapps\cocoon\exslt\date\functions\time\update.bat --> ftp.exslt.org /www.exslt.org/public_html/date/functions/time update.bat
103.09.29 15:19 B C:\jakarta-tomcat-3.2.4\webapps\cocoon\exslt\date\functions\time\WS_FTP.LOG <-- ftp.exslt.org /www.exslt.org/public_html/date/functions/time WS_FTP.LOG
103.10.21 13:06 B C:\jakarta-tomcat-3.2.4\webapps\cocoon\exslt\date\functions\time\base.css --> marian.cs.nott.ac.uk /stud/pg/cds/exslt/date/functions/time base.css
103.10.21 13:06 B C:\jakarta-tomcat-3.2.4\webapps\cocoon\exslt\date\functions\time\date.js --> marian.cs.nott.ac.uk /stud/pg/cds/exslt/date/functions/time date.js
103.10.21 13:06 B C:\jakarta-tomcat-3.2.4\webapps\cocoon\exslt\date\functions\time\date.js.html --> marian.cs.nott.ac.uk /stud/pg/cds/exslt/date/functions/time date.js.html
103.10.21 13:06 B C:\jakarta-tomcat-3.2.4\webapps\cocoon\exslt\date\functions\time\date.msxsl.xsl --> marian.cs.nott.ac.uk /stud/pg/cds/exslt/date/functions/time date.msxsl.xsl
103.10.21 13:06 B C:\jakarta-tomcat-3.2.4\webapps\cocoon\exslt\date\functions\time\date.msxsl.xsl.html --> marian.cs.nott.ac.uk /stud/pg/cds/exslt/date/functions/time date.msxsl.xsl.html
103.10.21 13:06 B C:\jakarta-tomcat-3.2.4\webapps\cocoon\exslt\date\functions\time\date.time.1.html --> marian.cs.nott.ac.uk /stud/pg/cds/exslt/date/functions/time date.time.1.html
103.10.21 13:06 B C:\jakarta-tomcat-3.2.4\webapps\cocoon\exslt\date\functions\time\date.time.1.xml --> marian.cs.nott.ac.uk /stud/pg/cds/exslt/date/functions/time date.time.1.xml
103.10.21 13:06 B C:\jakarta-tomcat-3.2.4\webapps\cocoon\exslt\date\functions\time\date.time.2.html --> marian.cs.nott.ac.uk /stud/pg/cds/exslt/date/functions/time date.time.2.html
103.10.21 13:06 B C:\jakarta-tomcat-3.2.4\webapps\cocoon\exslt\date\functions\time\date.time.function.xsl --> marian.cs.nott.ac.uk /stud/pg/cds/exslt/date/functions/time date.time.function.xsl
103.10.21 13:06 B C:\jakarta-tomcat-3.2.4\webapps\cocoon\exslt\date\functions\time\date.time.function.xsl.html --> marian.cs.nott.ac.uk /stud/pg/cds/exslt/date/functions/time date.time.function.xsl.html
103.10.21 13:06 B C:\jakarta-tomcat-3.2.4\webapps\cocoon\exslt\date\functions\time\date.time.html --> marian.cs.nott.ac.uk /stud/pg/cds/exslt/date/functions/time date.time.html
103.10.21 13:06 B C:\jakarta-tomcat-3.2.4\webapps\cocoon\exslt\date\functions\time\date.time.package.txt --> marian.cs.nott.ac.uk /stud/pg/cds/exslt/date/functions/time date.time.package.txt
103.10.21 13:06 B C:\jakarta-tomcat-3.2.4\webapps\cocoon\exslt\date\functions\time\date.time.template.xsl --> marian.cs.nott.ac.uk /stud/pg/cds/exslt/date/functions/time date.time.template.xsl
103.10.21 13:06 B C:\jakarta-tomcat-3.2.4\webapps\cocoon\exslt\date\functions\time\date.time.template.xsl.html --> marian.cs.nott.ac.uk /stud/pg/cds/exslt/date/functions/time date.time.template.xsl.html
103.10.21 13:06 B C:\jakarta-tomcat-3.2.4\webapps\cocoon\exslt\date\functions\time\date.time.use-cases.txt --> marian.cs.nott.ac.uk /stud/pg/cds/exslt/date/functions/time date.time.use-cases.txt
103.10.21 13:06 B C:\jakarta-tomcat-3.2.4\webapps\cocoon\exslt\date\functions\time\date.time.use-cases.zip --> marian.cs.nott.ac.uk /stud/pg/cds/exslt/date/functions/time date.time.use-cases.zip
103.10.21 13:06 B C:\jakarta-tomcat-3.2.4\webapps\cocoon\exslt\date\functions\time\date.time.xml --> marian.cs.nott.ac.uk /stud/pg/cds/exslt/date/functions/time date.time.xml
103.10.21 13:06 B C:\jakarta-tomcat-3.2.4\webapps\cocoon\exslt\date\functions\time\date.time.xsl --> marian.cs.nott.ac.uk /stud/pg/cds/exslt/date/functions/time date.time.xsl
103.10.21 13:06 B C:\jakarta-tomcat-3.2.4\webapps\cocoon\exslt\date\functions\time\date.time.zip --> marian.cs.nott.ac.uk /stud/pg/cds/exslt/date/functions/time date.time.zip
103.10.21 13:06 B C:\jakarta-tomcat-3.2.4\webapps\cocoon\exslt\date\functions\time\index.html --> marian.cs.nott.ac.uk /stud/pg/cds/exslt/date/functions/time index.html
103.10.21 13:06 B C:\jakarta-tomcat-3.2.4\webapps\cocoon\exslt\date\functions\time\out.html --> marian.cs.nott.ac.uk /stud/pg/cds/exslt/date/functions/time out.html
103.10.21 13:06 B C:\jakarta-tomcat-3.2.4\webapps\cocoon\exslt\date\functions\time\refresh.bat --> marian.cs.nott.ac.uk /stud/pg/cds/exslt/date/functions/time refresh.bat
103.10.21 13:06 B C:\jakarta-tomcat-3.2.4\webapps\cocoon\exslt\date\functions\time\update.bat --> marian.cs.nott.ac.uk /stud/pg/cds/exslt/date/functions/time update.bat
103.10.21 13:06 B C:\jakarta-tomcat-3.2.4\webapps\cocoon\exslt\date\functions\time\WS_FTP.LOG --> marian.cs.nott.ac.uk /stud/pg/cds/exslt/date/functions/time WS_FTP.LOG
103.10.23 15:25 B C:\jakarta-tomcat-3.2.4\webapps\cocoon\exslt\date\functions\time\base.css --> ftp.exslt.org /www.exslt.org/public_html/date/functions/time base.css
103.10.23 15:25 B C:\jakarta-tomcat-3.2.4\webapps\cocoon\exslt\date\functions\time\date.js --> ftp.exslt.org /www.exslt.org/public_html/date/functions/time date.js
103.10.23 15:25 B C:\jakarta-tomcat-3.2.4\webapps\cocoon\exslt\date\functions\time\date.js.html --> ftp.exslt.org /www.exslt.org/public_html/date/functions/time date.js.html
103.10.23 15:25 B C:\jakarta-tomcat-3.2.4\webapps\cocoon\exslt\date\functions\time\date.msxsl.xsl --> ftp.exslt.org /www.exslt.org/public_html/date/functions/time date.msxsl.xsl
103.10.23 15:25 B C:\jakarta-tomcat-3.2.4\webapps\cocoon\exslt\date\functions\time\date.msxsl.xsl.html --> ftp.exslt.org /www.exslt.org/public_html/date/functions/time date.msxsl.xsl.html
103.10.23 15:25 B C:\jakarta-tomcat-3.2.4\webapps\cocoon\exslt\date\functions\time\date.time.1.html --> ftp.exslt.org /www.exslt.org/public_html/date/functions/time date.time.1.html
103.10.23 15:26 B C:\jakarta-tomcat-3.2.4\webapps\cocoon\exslt\date\functions\time\date.time.1.xml --> ftp.exslt.org /www.exslt.org/public_html/date/functions/time date.time.1.xml
103.10.23 15:26 B C:\jakarta-tomcat-3.2.4\webapps\cocoon\exslt\date\functions\time\date.time.2.html --> ftp.exslt.org /www.exslt.org/public_html/date/functions/time date.time.2.html
103.10.23 15:26 B C:\jakarta-tomcat-3.2.4\webapps\cocoon\exslt\date\functions\time\date.time.function.xsl --> ftp.exslt.org /www.exslt.org/public_html/date/functions/time date.time.function.xsl
103.10.23 15:26 B C:\jakarta-tomcat-3.2.4\webapps\cocoon\exslt\date\functions\time\date.time.function.xsl.html --> ftp.exslt.org /www.exslt.org/public_html/date/functions/time date.time.function.xsl.html
103.10.23 15:26 B C:\jakarta-tomcat-3.2.4\webapps\cocoon\exslt\date\functions\time\date.time.html --> ftp.exslt.org /www.exslt.org/public_html/date/functions/time date.time.html
103.10.23 15:26 B C:\jakarta-tomcat-3.2.4\webapps\cocoon\exslt\date\functions\time\date.time.package.txt --> ftp.exslt.org /www.exslt.org/public_html/date/functions/time date.time.package.txt
103.10.23 15:26 B C:\jakarta-tomcat-3.2.4\webapps\cocoon\exslt\date\functions\time\date.time.template.xsl --> ftp.exslt.org /www.exslt.org/public_html/date/functions/time date.time.template.xsl
103.10.23 15:26 B C:\jakarta-tomcat-3.2.4\webapps\cocoon\exslt\date\functions\time\date.time.template.xsl.html --> ftp.exslt.org /www.exslt.org/public_html/date/functions/time date.time.template.xsl.html
103.10.23 15:26 B C:\jakarta-tomcat-3.2.4\webapps\cocoon\exslt\date\functions\time\date.time.use-cases.txt --> ftp.exslt.org /www.exslt.org/public_html/date/functions/time date.time.use-cases.txt
103.10.23 15:26 B C:\jakarta-tomcat-3.2.4\webapps\cocoon\exslt\date\functions\time\date.time.use-cases.zip --> ftp.exslt.org /www.exslt.org/public_html/date/functions/time date.time.use-cases.zip
103.10.23 15:26 B C:\jakarta-tomcat-3.2.4\webapps\cocoon\exslt\date\functions\time\date.time.xml --> ftp.exslt.org /www.exslt.org/public_html/date/functions/time date.time.xml
103.10.23 15:26 B C:\jakarta-tomcat-3.2.4\webapps\cocoon\exslt\date\functions\time\date.time.xsl --> ftp.exslt.org /www.exslt.org/public_html/date/functions/time date.time.xsl
103.10.23 15:26 B C:\jakarta-tomcat-3.2.4\webapps\cocoon\exslt\date\functions\time\date.time.zip --> ftp.exslt.org /www.exslt.org/public_html/date/functions/time date.time.zip
103.10.23 15:26 B C:\jakarta-tomcat-3.2.4\webapps\cocoon\exslt\date\functions\time\index.html --> ftp.exslt.org /www.exslt.org/public_html/date/functions/time index.html
103.10.23 15:26 B C:\jakarta-tomcat-3.2.4\webapps\cocoon\exslt\date\functions\time\out.html --> ftp.exslt.org /www.exslt.org/public_html/date/functions/time out.html
103.10.23 15:26 B C:\jakarta-tomcat-3.2.4\webapps\cocoon\exslt\date\functions\time\refresh.bat --> ftp.exslt.org /www.exslt.org/public_html/date/functions/time refresh.bat
103.10.23 15:26 B C:\jakarta-tomcat-3.2.4\webapps\cocoon\exslt\date\functions\time\update.bat --> ftp.exslt.org /www.exslt.org/public_html/date/functions/time update.bat
