102.08.21 17:25 B C:\jakarta-tomcat-3.2.4\webapps\cocoon\exslt\date\functions\second-in-minute\base.css --> ftp.exslt.org /www.exslt.org/public_html/date/functions/second-in-minute base.css
102.08.21 17:25 B C:\jakarta-tomcat-3.2.4\webapps\cocoon\exslt\date\functions\second-in-minute\date.js --> ftp.exslt.org /www.exslt.org/public_html/date/functions/second-in-minute date.js
102.08.21 17:25 B C:\jakarta-tomcat-3.2.4\webapps\cocoon\exslt\date\functions\second-in-minute\date.js.html --> ftp.exslt.org /www.exslt.org/public_html/date/functions/second-in-minute date.js.html
102.08.21 17:25 B C:\jakarta-tomcat-3.2.4\webapps\cocoon\exslt\date\functions\second-in-minute\date.msxsl.xsl --> ftp.exslt.org /www.exslt.org/public_html/date/functions/second-in-minute date.msxsl.xsl
102.08.21 17:25 B C:\jakarta-tomcat-3.2.4\webapps\cocoon\exslt\date\functions\second-in-minute\date.msxsl.xsl.html --> ftp.exslt.org /www.exslt.org/public_html/date/functions/second-in-minute date.msxsl.xsl.html
102.08.21 17:25 B C:\jakarta-tomcat-3.2.4\webapps\cocoon\exslt\date\functions\second-in-minute\date.second-in-minute.2.html --> ftp.exslt.org /www.exslt.org/public_html/date/functions/second-in-minute date.second-in-minute.2.html
102.08.21 17:25 B C:\jakarta-tomcat-3.2.4\webapps\cocoon\exslt\date\functions\second-in-minute\date.second-in-minute.function.xsl --> ftp.exslt.org /www.exslt.org/public_html/date/functions/second-in-minute date.second-in-minute.function.xsl
102.08.21 17:25 B C:\jakarta-tomcat-3.2.4\webapps\cocoon\exslt\date\functions\second-in-minute\date.second-in-minute.function.xsl.html --> ftp.exslt.org /www.exslt.org/public_html/date/functions/second-in-minute date.second-in-minute.function.xsl.html
102.08.21 17:25 B C:\jakarta-tomcat-3.2.4\webapps\cocoon\exslt\date\functions\second-in-minute\date.second-in-minute.html --> ftp.exslt.org /www.exslt.org/public_html/date/functions/second-in-minute date.second-in-minute.html
102.08.21 17:25 B C:\jakarta-tomcat-3.2.4\webapps\cocoon\exslt\date\functions\second-in-minute\date.second-in-minute.package.txt --> ftp.exslt.org /www.exslt.org/public_html/date/functions/second-in-minute date.second-in-minute.package.txt
102.08.21 17:25 B C:\jakarta-tomcat-3.2.4\webapps\cocoon\exslt\date\functions\second-in-minute\date.second-in-minute.template.xsl --> ftp.exslt.org /www.exslt.org/public_html/date/functions/second-in-minute date.second-in-minute.template.xsl
102.08.21 17:25 B C:\jakarta-tomcat-3.2.4\webapps\cocoon\exslt\date\functions\second-in-minute\date.second-in-minute.template.xsl.html --> ftp.exslt.org /www.exslt.org/public_html/date/functions/second-in-minute date.second-in-minute.template.xsl.html
102.08.21 17:25 B C:\jakarta-tomcat-3.2.4\webapps\cocoon\exslt\date\functions\second-in-minute\date.second-in-minute.use-cases.txt --> ftp.exslt.org /www.exslt.org/public_html/date/functions/second-in-minute date.second-in-minute.use-cases.txt
102.08.21 17:25 B C:\jakarta-tomcat-3.2.4\webapps\cocoon\exslt\date\functions\second-in-minute\date.second-in-minute.use-cases.zip --> ftp.exslt.org /www.exslt.org/public_html/date/functions/second-in-minute date.second-in-minute.use-cases.zip
102.08.21 17:25 B C:\jakarta-tomcat-3.2.4\webapps\cocoon\exslt\date\functions\second-in-minute\date.second-in-minute.xml --> ftp.exslt.org /www.exslt.org/public_html/date/functions/second-in-minute date.second-in-minute.xml
102.08.21 17:25 B C:\jakarta-tomcat-3.2.4\webapps\cocoon\exslt\date\functions\second-in-minute\date.second-in-minute.xsl --> ftp.exslt.org /www.exslt.org/public_html/date/functions/second-in-minute date.second-in-minute.xsl
102.08.21 17:25 B C:\jakarta-tomcat-3.2.4\webapps\cocoon\exslt\date\functions\second-in-minute\date.second-in-minute.zip --> ftp.exslt.org /www.exslt.org/public_html/date/functions/second-in-minute date.second-in-minute.zip
102.08.21 17:25 B C:\jakarta-tomcat-3.2.4\webapps\cocoon\exslt\date\functions\second-in-minute\index.html --> ftp.exslt.org /www.exslt.org/public_html/date/functions/second-in-minute index.html
102.08.21 17:25 B C:\jakarta-tomcat-3.2.4\webapps\cocoon\exslt\date\functions\second-in-minute\refresh.bat --> ftp.exslt.org /www.exslt.org/public_html/date/functions/second-in-minute refresh.bat
102.08.21 17:25 B C:\jakarta-tomcat-3.2.4\webapps\cocoon\exslt\date\functions\second-in-minute\update.bat --> ftp.exslt.org /www.exslt.org/public_html/date/functions/second-in-minute update.bat
102.08.21 17:31 B C:\jakarta-tomcat-3.2.4\webapps\cocoon\exslt\date\functions\second-in-minute\base.css --> ftp.exslt.org /www.exslt.org/public_html/date/functions/second-in-minute base.css
102.08.21 17:31 B C:\jakarta-tomcat-3.2.4\webapps\cocoon\exslt\date\functions\second-in-minute\date.js --> ftp.exslt.org /www.exslt.org/public_html/date/functions/second-in-minute date.js
102.08.21 17:31 B C:\jakarta-tomcat-3.2.4\webapps\cocoon\exslt\date\functions\second-in-minute\date.js.html --> ftp.exslt.org /www.exslt.org/public_html/date/functions/second-in-minute date.js.html
102.08.21 17:31 B C:\jakarta-tomcat-3.2.4\webapps\cocoon\exslt\date\functions\second-in-minute\date.msxsl.xsl --> ftp.exslt.org /www.exslt.org/public_html/date/functions/second-in-minute date.msxsl.xsl
102.08.21 17:31 B C:\jakarta-tomcat-3.2.4\webapps\cocoon\exslt\date\functions\second-in-minute\date.msxsl.xsl.html --> ftp.exslt.org /www.exslt.org/public_html/date/functions/second-in-minute date.msxsl.xsl.html
102.08.21 17:31 B C:\jakarta-tomcat-3.2.4\webapps\cocoon\exslt\date\functions\second-in-minute\date.second-in-minute.2.html --> ftp.exslt.org /www.exslt.org/public_html/date/functions/second-in-minute date.second-in-minute.2.html
102.08.21 17:31 B C:\jakarta-tomcat-3.2.4\webapps\cocoon\exslt\date\functions\second-in-minute\date.second-in-minute.function.xsl --> ftp.exslt.org /www.exslt.org/public_html/date/functions/second-in-minute date.second-in-minute.function.xsl
102.08.21 17:31 B C:\jakarta-tomcat-3.2.4\webapps\cocoon\exslt\date\functions\second-in-minute\date.second-in-minute.function.xsl.html --> ftp.exslt.org /www.exslt.org/public_html/date/functions/second-in-minute date.second-in-minute.function.xsl.html
102.08.21 17:31 B C:\jakarta-tomcat-3.2.4\webapps\cocoon\exslt\date\functions\second-in-minute\date.second-in-minute.html --> ftp.exslt.org /www.exslt.org/public_html/date/functions/second-in-minute date.second-in-minute.html
102.08.21 17:31 B C:\jakarta-tomcat-3.2.4\webapps\cocoon\exslt\date\functions\second-in-minute\date.second-in-minute.package.txt --> ftp.exslt.org /www.exslt.org/public_html/date/functions/second-in-minute date.second-in-minute.package.txt
102.08.21 17:31 B C:\jakarta-tomcat-3.2.4\webapps\cocoon\exslt\date\functions\second-in-minute\date.second-in-minute.template.xsl --> ftp.exslt.org /www.exslt.org/public_html/date/functions/second-in-minute date.second-in-minute.template.xsl
102.08.21 17:31 B C:\jakarta-tomcat-3.2.4\webapps\cocoon\exslt\date\functions\second-in-minute\date.second-in-minute.template.xsl.html --> ftp.exslt.org /www.exslt.org/public_html/date/functions/second-in-minute date.second-in-minute.template.xsl.html
102.08.21 17:31 B C:\jakarta-tomcat-3.2.4\webapps\cocoon\exslt\date\functions\second-in-minute\date.second-in-minute.use-cases.txt --> ftp.exslt.org /www.exslt.org/public_html/date/functions/second-in-minute date.second-in-minute.use-cases.txt
102.08.21 17:31 B C:\jakarta-tomcat-3.2.4\webapps\cocoon\exslt\date\functions\second-in-minute\date.second-in-minute.use-cases.zip --> ftp.exslt.org /www.exslt.org/public_html/date/functions/second-in-minute date.second-in-minute.use-cases.zip
102.08.21 17:31 B C:\jakarta-tomcat-3.2.4\webapps\cocoon\exslt\date\functions\second-in-minute\date.second-in-minute.xml --> ftp.exslt.org /www.exslt.org/public_html/date/functions/second-in-minute date.second-in-minute.xml
102.08.21 17:31 B C:\jakarta-tomcat-3.2.4\webapps\cocoon\exslt\date\functions\second-in-minute\date.second-in-minute.xsl --> ftp.exslt.org /www.exslt.org/public_html/date/functions/second-in-minute date.second-in-minute.xsl
102.08.21 17:31 B C:\jakarta-tomcat-3.2.4\webapps\cocoon\exslt\date\functions\second-in-minute\date.second-in-minute.zip --> ftp.exslt.org /www.exslt.org/public_html/date/functions/second-in-minute date.second-in-minute.zip
102.08.21 17:31 B C:\jakarta-tomcat-3.2.4\webapps\cocoon\exslt\date\functions\second-in-minute\index.html --> ftp.exslt.org /www.exslt.org/public_html/date/functions/second-in-minute index.html
102.08.21 17:31 B C:\jakarta-tomcat-3.2.4\webapps\cocoon\exslt\date\functions\second-in-minute\refresh.bat --> ftp.exslt.org /www.exslt.org/public_html/date/functions/second-in-minute refresh.bat
102.08.21 17:31 B C:\jakarta-tomcat-3.2.4\webapps\cocoon\exslt\date\functions\second-in-minute\update.bat --> ftp.exslt.org /www.exslt.org/public_html/date/functions/second-in-minute update.bat
102.08.21 17:31 B C:\jakarta-tomcat-3.2.4\webapps\cocoon\exslt\date\functions\second-in-minute\WS_FTP.LOG --> ftp.exslt.org /www.exslt.org/public_html/date/functions/second-in-minute WS_FTP.LOG
102.11.19 13:15 B C:\jakarta-tomcat-3.2.4\webapps\cocoon\exslt\date\functions\second-in-minute\base.css --> ftp.exslt.org /www.exslt.org/public_html/date/functions/second-in-minute base.css
102.11.19 13:15 B C:\jakarta-tomcat-3.2.4\webapps\cocoon\exslt\date\functions\second-in-minute\date.js --> ftp.exslt.org /www.exslt.org/public_html/date/functions/second-in-minute date.js
102.11.19 13:15 B C:\jakarta-tomcat-3.2.4\webapps\cocoon\exslt\date\functions\second-in-minute\date.js.html --> ftp.exslt.org /www.exslt.org/public_html/date/functions/second-in-minute date.js.html
102.11.19 13:15 B C:\jakarta-tomcat-3.2.4\webapps\cocoon\exslt\date\functions\second-in-minute\date.msxsl.xsl --> ftp.exslt.org /www.exslt.org/public_html/date/functions/second-in-minute date.msxsl.xsl
102.11.19 13:15 B C:\jakarta-tomcat-3.2.4\webapps\cocoon\exslt\date\functions\second-in-minute\date.msxsl.xsl.html --> ftp.exslt.org /www.exslt.org/public_html/date/functions/second-in-minute date.msxsl.xsl.html
102.11.19 13:15 B C:\jakarta-tomcat-3.2.4\webapps\cocoon\exslt\date\functions\second-in-minute\date.second-in-minute.2.html --> ftp.exslt.org /www.exslt.org/public_html/date/functions/second-in-minute date.second-in-minute.2.html
102.11.19 13:15 B C:\jakarta-tomcat-3.2.4\webapps\cocoon\exslt\date\functions\second-in-minute\date.second-in-minute.function.xsl --> ftp.exslt.org /www.exslt.org/public_html/date/functions/second-in-minute date.second-in-minute.function.xsl
102.11.19 13:15 B C:\jakarta-tomcat-3.2.4\webapps\cocoon\exslt\date\functions\second-in-minute\date.second-in-minute.function.xsl.html --> ftp.exslt.org /www.exslt.org/public_html/date/functions/second-in-minute date.second-in-minute.function.xsl.html
102.11.19 13:15 B C:\jakarta-tomcat-3.2.4\webapps\cocoon\exslt\date\functions\second-in-minute\date.second-in-minute.html --> ftp.exslt.org /www.exslt.org/public_html/date/functions/second-in-minute date.second-in-minute.html
102.11.19 13:15 B C:\jakarta-tomcat-3.2.4\webapps\cocoon\exslt\date\functions\second-in-minute\date.second-in-minute.package.txt --> ftp.exslt.org /www.exslt.org/public_html/date/functions/second-in-minute date.second-in-minute.package.txt
102.11.19 13:15 B C:\jakarta-tomcat-3.2.4\webapps\cocoon\exslt\date\functions\second-in-minute\date.second-in-minute.template.xsl --> ftp.exslt.org /www.exslt.org/public_html/date/functions/second-in-minute date.second-in-minute.template.xsl
102.11.19 13:15 B C:\jakarta-tomcat-3.2.4\webapps\cocoon\exslt\date\functions\second-in-minute\date.second-in-minute.template.xsl.html --> ftp.exslt.org /www.exslt.org/public_html/date/functions/second-in-minute date.second-in-minute.template.xsl.html
102.11.19 13:15 B C:\jakarta-tomcat-3.2.4\webapps\cocoon\exslt\date\functions\second-in-minute\date.second-in-minute.use-cases.txt --> ftp.exslt.org /www.exslt.org/public_html/date/functions/second-in-minute date.second-in-minute.use-cases.txt
102.11.19 13:15 B C:\jakarta-tomcat-3.2.4\webapps\cocoon\exslt\date\functions\second-in-minute\date.second-in-minute.use-cases.zip --> ftp.exslt.org /www.exslt.org/public_html/date/functions/second-in-minute date.second-in-minute.use-cases.zip
102.11.19 13:15 B C:\jakarta-tomcat-3.2.4\webapps\cocoon\exslt\date\functions\second-in-minute\date.second-in-minute.xml --> ftp.exslt.org /www.exslt.org/public_html/date/functions/second-in-minute date.second-in-minute.xml
102.11.19 13:15 B C:\jakarta-tomcat-3.2.4\webapps\cocoon\exslt\date\functions\second-in-minute\date.second-in-minute.xsl --> ftp.exslt.org /www.exslt.org/public_html/date/functions/second-in-minute date.second-in-minute.xsl
102.11.19 13:15 B C:\jakarta-tomcat-3.2.4\webapps\cocoon\exslt\date\functions\second-in-minute\date.second-in-minute.zip --> ftp.exslt.org /www.exslt.org/public_html/date/functions/second-in-minute date.second-in-minute.zip
102.11.19 13:15 B C:\jakarta-tomcat-3.2.4\webapps\cocoon\exslt\date\functions\second-in-minute\index.html --> ftp.exslt.org /www.exslt.org/public_html/date/functions/second-in-minute index.html
102.11.19 13:15 B C:\jakarta-tomcat-3.2.4\webapps\cocoon\exslt\date\functions\second-in-minute\refresh.bat --> ftp.exslt.org /www.exslt.org/public_html/date/functions/second-in-minute refresh.bat
102.11.19 13:15 B C:\jakarta-tomcat-3.2.4\webapps\cocoon\exslt\date\functions\second-in-minute\update.bat --> ftp.exslt.org /www.exslt.org/public_html/date/functions/second-in-minute update.bat
102.11.19 13:15 B C:\jakarta-tomcat-3.2.4\webapps\cocoon\exslt\date\functions\second-in-minute\WS_FTP.LOG --> ftp.exslt.org /www.exslt.org/public_html/date/functions/second-in-minute WS_FTP.LOG
102.11.19 13:21 B C:\jakarta-tomcat-3.2.4\webapps\cocoon\exslt\date\functions\second-in-minute\base.css --> ftp.exslt.org /www.exslt.org/public_html/date/functions/second-in-minute base.css
102.11.19 13:21 B C:\jakarta-tomcat-3.2.4\webapps\cocoon\exslt\date\functions\second-in-minute\date.js --> ftp.exslt.org /www.exslt.org/public_html/date/functions/second-in-minute date.js
102.11.19 13:21 B C:\jakarta-tomcat-3.2.4\webapps\cocoon\exslt\date\functions\second-in-minute\date.js.html --> ftp.exslt.org /www.exslt.org/public_html/date/functions/second-in-minute date.js.html
102.11.19 13:21 B C:\jakarta-tomcat-3.2.4\webapps\cocoon\exslt\date\functions\second-in-minute\date.msxsl.xsl --> ftp.exslt.org /www.exslt.org/public_html/date/functions/second-in-minute date.msxsl.xsl
102.11.19 13:21 B C:\jakarta-tomcat-3.2.4\webapps\cocoon\exslt\date\functions\second-in-minute\date.msxsl.xsl.html --> ftp.exslt.org /www.exslt.org/public_html/date/functions/second-in-minute date.msxsl.xsl.html
102.11.19 13:21 B C:\jakarta-tomcat-3.2.4\webapps\cocoon\exslt\date\functions\second-in-minute\date.second-in-minute.2.html --> ftp.exslt.org /www.exslt.org/public_html/date/functions/second-in-minute date.second-in-minute.2.html
102.11.19 13:21 B C:\jakarta-tomcat-3.2.4\webapps\cocoon\exslt\date\functions\second-in-minute\date.second-in-minute.function.xsl --> ftp.exslt.org /www.exslt.org/public_html/date/functions/second-in-minute date.second-in-minute.function.xsl
102.11.19 13:21 B C:\jakarta-tomcat-3.2.4\webapps\cocoon\exslt\date\functions\second-in-minute\date.second-in-minute.function.xsl.html --> ftp.exslt.org /www.exslt.org/public_html/date/functions/second-in-minute date.second-in-minute.function.xsl.html
102.11.19 13:21 B C:\jakarta-tomcat-3.2.4\webapps\cocoon\exslt\date\functions\second-in-minute\date.second-in-minute.html --> ftp.exslt.org /www.exslt.org/public_html/date/functions/second-in-minute date.second-in-minute.html
102.11.19 13:21 B C:\jakarta-tomcat-3.2.4\webapps\cocoon\exslt\date\functions\second-in-minute\date.second-in-minute.package.txt --> ftp.exslt.org /www.exslt.org/public_html/date/functions/second-in-minute date.second-in-minute.package.txt
102.11.19 13:21 B C:\jakarta-tomcat-3.2.4\webapps\cocoon\exslt\date\functions\second-in-minute\date.second-in-minute.template.xsl --> ftp.exslt.org /www.exslt.org/public_html/date/functions/second-in-minute date.second-in-minute.template.xsl
102.11.19 13:21 B C:\jakarta-tomcat-3.2.4\webapps\cocoon\exslt\date\functions\second-in-minute\date.second-in-minute.template.xsl.html --> ftp.exslt.org /www.exslt.org/public_html/date/functions/second-in-minute date.second-in-minute.template.xsl.html
102.11.19 13:21 B C:\jakarta-tomcat-3.2.4\webapps\cocoon\exslt\date\functions\second-in-minute\date.second-in-minute.use-cases.txt --> ftp.exslt.org /www.exslt.org/public_html/date/functions/second-in-minute date.second-in-minute.use-cases.txt
102.11.19 13:21 B C:\jakarta-tomcat-3.2.4\webapps\cocoon\exslt\date\functions\second-in-minute\date.second-in-minute.use-cases.zip --> ftp.exslt.org /www.exslt.org/public_html/date/functions/second-in-minute date.second-in-minute.use-cases.zip
102.11.19 13:21 B C:\jakarta-tomcat-3.2.4\webapps\cocoon\exslt\date\functions\second-in-minute\date.second-in-minute.xml --> ftp.exslt.org /www.exslt.org/public_html/date/functions/second-in-minute date.second-in-minute.xml
102.11.19 13:21 B C:\jakarta-tomcat-3.2.4\webapps\cocoon\exslt\date\functions\second-in-minute\date.second-in-minute.xsl --> ftp.exslt.org /www.exslt.org/public_html/date/functions/second-in-minute date.second-in-minute.xsl
102.11.19 13:21 B C:\jakarta-tomcat-3.2.4\webapps\cocoon\exslt\date\functions\second-in-minute\date.second-in-minute.zip --> ftp.exslt.org /www.exslt.org/public_html/date/functions/second-in-minute date.second-in-minute.zip
102.11.19 13:21 B C:\jakarta-tomcat-3.2.4\webapps\cocoon\exslt\date\functions\second-in-minute\index.html --> ftp.exslt.org /www.exslt.org/public_html/date/functions/second-in-minute index.html
102.11.19 13:21 B C:\jakarta-tomcat-3.2.4\webapps\cocoon\exslt\date\functions\second-in-minute\refresh.bat --> ftp.exslt.org /www.exslt.org/public_html/date/functions/second-in-minute refresh.bat
102.11.19 13:21 B C:\jakarta-tomcat-3.2.4\webapps\cocoon\exslt\date\functions\second-in-minute\update.bat --> ftp.exslt.org /www.exslt.org/public_html/date/functions/second-in-minute update.bat
102.12.02 12:22 B C:\jakarta-tomcat-3.2.4\webapps\cocoon\exslt\public_html\date\functions\second-in-minute\WS_FTP.LOG <-- ftp.exslt.org /www.exslt.org/public_html/date/functions/second-in-minute WS_FTP.LOG
102.12.03 11:10 B C:\jakarta-tomcat-3.2.4\webapps\cocoon\exslt\date\functions\second-in-minute\base.css --> ftp.exslt.org /www.exslt.org/public_html/date/functions/second-in-minute base.css
102.12.03 11:10 B C:\jakarta-tomcat-3.2.4\webapps\cocoon\exslt\date\functions\second-in-minute\date.js --> ftp.exslt.org /www.exslt.org/public_html/date/functions/second-in-minute date.js
102.12.03 11:10 B C:\jakarta-tomcat-3.2.4\webapps\cocoon\exslt\date\functions\second-in-minute\date.js.html --> ftp.exslt.org /www.exslt.org/public_html/date/functions/second-in-minute date.js.html
102.12.03 11:10 B C:\jakarta-tomcat-3.2.4\webapps\cocoon\exslt\date\functions\second-in-minute\date.msxsl.xsl --> ftp.exslt.org /www.exslt.org/public_html/date/functions/second-in-minute date.msxsl.xsl
102.12.03 11:10 B C:\jakarta-tomcat-3.2.4\webapps\cocoon\exslt\date\functions\second-in-minute\date.msxsl.xsl.html --> ftp.exslt.org /www.exslt.org/public_html/date/functions/second-in-minute date.msxsl.xsl.html
102.12.03 11:10 B C:\jakarta-tomcat-3.2.4\webapps\cocoon\exslt\date\functions\second-in-minute\date.second-in-minute.1.html --> ftp.exslt.org /www.exslt.org/public_html/date/functions/second-in-minute date.second-in-minute.1.html
102.12.03 11:10 B C:\jakarta-tomcat-3.2.4\webapps\cocoon\exslt\date\functions\second-in-minute\date.second-in-minute.1.xml --> ftp.exslt.org /www.exslt.org/public_html/date/functions/second-in-minute date.second-in-minute.1.xml
102.12.03 11:10 B C:\jakarta-tomcat-3.2.4\webapps\cocoon\exslt\date\functions\second-in-minute\date.second-in-minute.2.html --> ftp.exslt.org /www.exslt.org/public_html/date/functions/second-in-minute date.second-in-minute.2.html
102.12.03 11:10 B C:\jakarta-tomcat-3.2.4\webapps\cocoon\exslt\date\functions\second-in-minute\date.second-in-minute.function.xsl --> ftp.exslt.org /www.exslt.org/public_html/date/functions/second-in-minute date.second-in-minute.function.xsl
102.12.03 11:10 B C:\jakarta-tomcat-3.2.4\webapps\cocoon\exslt\date\functions\second-in-minute\date.second-in-minute.function.xsl.html --> ftp.exslt.org /www.exslt.org/public_html/date/functions/second-in-minute date.second-in-minute.function.xsl.html
102.12.03 11:10 B C:\jakarta-tomcat-3.2.4\webapps\cocoon\exslt\date\functions\second-in-minute\date.second-in-minute.html --> ftp.exslt.org /www.exslt.org/public_html/date/functions/second-in-minute date.second-in-minute.html
102.12.03 11:10 B C:\jakarta-tomcat-3.2.4\webapps\cocoon\exslt\date\functions\second-in-minute\date.second-in-minute.package.txt --> ftp.exslt.org /www.exslt.org/public_html/date/functions/second-in-minute date.second-in-minute.package.txt
102.12.03 11:10 B C:\jakarta-tomcat-3.2.4\webapps\cocoon\exslt\date\functions\second-in-minute\date.second-in-minute.template.xsl --> ftp.exslt.org /www.exslt.org/public_html/date/functions/second-in-minute date.second-in-minute.template.xsl
102.12.03 11:10 B C:\jakarta-tomcat-3.2.4\webapps\cocoon\exslt\date\functions\second-in-minute\date.second-in-minute.template.xsl.html --> ftp.exslt.org /www.exslt.org/public_html/date/functions/second-in-minute date.second-in-minute.template.xsl.html
102.12.03 11:10 B C:\jakarta-tomcat-3.2.4\webapps\cocoon\exslt\date\functions\second-in-minute\date.second-in-minute.use-cases.txt --> ftp.exslt.org /www.exslt.org/public_html/date/functions/second-in-minute date.second-in-minute.use-cases.txt
102.12.03 11:10 B C:\jakarta-tomcat-3.2.4\webapps\cocoon\exslt\date\functions\second-in-minute\date.second-in-minute.use-cases.zip --> ftp.exslt.org /www.exslt.org/public_html/date/functions/second-in-minute date.second-in-minute.use-cases.zip
102.12.03 11:10 B C:\jakarta-tomcat-3.2.4\webapps\cocoon\exslt\date\functions\second-in-minute\date.second-in-minute.xml --> ftp.exslt.org /www.exslt.org/public_html/date/functions/second-in-minute date.second-in-minute.xml
102.12.03 11:10 B C:\jakarta-tomcat-3.2.4\webapps\cocoon\exslt\date\functions\second-in-minute\date.second-in-minute.xsl --> ftp.exslt.org /www.exslt.org/public_html/date/functions/second-in-minute date.second-in-minute.xsl
102.12.03 11:10 B C:\jakarta-tomcat-3.2.4\webapps\cocoon\exslt\date\functions\second-in-minute\date.second-in-minute.zip --> ftp.exslt.org /www.exslt.org/public_html/date/functions/second-in-minute date.second-in-minute.zip
102.12.03 11:10 B C:\jakarta-tomcat-3.2.4\webapps\cocoon\exslt\date\functions\second-in-minute\index.html --> ftp.exslt.org /www.exslt.org/public_html/date/functions/second-in-minute index.html
102.12.03 11:10 B C:\jakarta-tomcat-3.2.4\webapps\cocoon\exslt\date\functions\second-in-minute\out.html --> ftp.exslt.org /www.exslt.org/public_html/date/functions/second-in-minute out.html
102.12.03 11:10 B C:\jakarta-tomcat-3.2.4\webapps\cocoon\exslt\date\functions\second-in-minute\refresh.bat --> ftp.exslt.org /www.exslt.org/public_html/date/functions/second-in-minute refresh.bat
102.12.03 11:10 B C:\jakarta-tomcat-3.2.4\webapps\cocoon\exslt\date\functions\second-in-minute\update.bat --> ftp.exslt.org /www.exslt.org/public_html/date/functions/second-in-minute update.bat
102.12.03 11:10 B C:\jakarta-tomcat-3.2.4\webapps\cocoon\exslt\date\functions\second-in-minute\WS_FTP.LOG --> ftp.exslt.org /www.exslt.org/public_html/date/functions/second-in-minute WS_FTP.LOG
102.12.11 11:04 B C:\jakarta-tomcat-3.2.4\webapps\cocoon\exslt\date\functions\second-in-minute\base.css --> ftp.exslt.org /www.exslt.org/public_html/date/functions/second-in-minute base.css
102.12.11 11:04 B C:\jakarta-tomcat-3.2.4\webapps\cocoon\exslt\date\functions\second-in-minute\date.js --> ftp.exslt.org /www.exslt.org/public_html/date/functions/second-in-minute date.js
102.12.11 11:04 B C:\jakarta-tomcat-3.2.4\webapps\cocoon\exslt\date\functions\second-in-minute\date.js.html --> ftp.exslt.org /www.exslt.org/public_html/date/functions/second-in-minute date.js.html
102.12.11 11:04 B C:\jakarta-tomcat-3.2.4\webapps\cocoon\exslt\date\functions\second-in-minute\date.msxsl.xsl --> ftp.exslt.org /www.exslt.org/public_html/date/functions/second-in-minute date.msxsl.xsl
102.12.11 11:04 B C:\jakarta-tomcat-3.2.4\webapps\cocoon\exslt\date\functions\second-in-minute\date.msxsl.xsl.html --> ftp.exslt.org /www.exslt.org/public_html/date/functions/second-in-minute date.msxsl.xsl.html
102.12.11 11:04 B C:\jakarta-tomcat-3.2.4\webapps\cocoon\exslt\date\functions\second-in-minute\date.second-in-minute.1.html --> ftp.exslt.org /www.exslt.org/public_html/date/functions/second-in-minute date.second-in-minute.1.html
102.12.11 11:04 B C:\jakarta-tomcat-3.2.4\webapps\cocoon\exslt\date\functions\second-in-minute\date.second-in-minute.1.xml --> ftp.exslt.org /www.exslt.org/public_html/date/functions/second-in-minute date.second-in-minute.1.xml
102.12.11 11:04 B C:\jakarta-tomcat-3.2.4\webapps\cocoon\exslt\date\functions\second-in-minute\date.second-in-minute.2.html --> ftp.exslt.org /www.exslt.org/public_html/date/functions/second-in-minute date.second-in-minute.2.html
102.12.11 11:04 B C:\jakarta-tomcat-3.2.4\webapps\cocoon\exslt\date\functions\second-in-minute\date.second-in-minute.function.xsl --> ftp.exslt.org /www.exslt.org/public_html/date/functions/second-in-minute date.second-in-minute.function.xsl
102.12.11 11:04 B C:\jakarta-tomcat-3.2.4\webapps\cocoon\exslt\date\functions\second-in-minute\date.second-in-minute.function.xsl.html --> ftp.exslt.org /www.exslt.org/public_html/date/functions/second-in-minute date.second-in-minute.function.xsl.html
102.12.11 11:04 B C:\jakarta-tomcat-3.2.4\webapps\cocoon\exslt\date\functions\second-in-minute\date.second-in-minute.html --> ftp.exslt.org /www.exslt.org/public_html/date/functions/second-in-minute date.second-in-minute.html
102.12.11 11:04 B C:\jakarta-tomcat-3.2.4\webapps\cocoon\exslt\date\functions\second-in-minute\date.second-in-minute.package.txt --> ftp.exslt.org /www.exslt.org/public_html/date/functions/second-in-minute date.second-in-minute.package.txt
102.12.11 11:04 B C:\jakarta-tomcat-3.2.4\webapps\cocoon\exslt\date\functions\second-in-minute\date.second-in-minute.template.xsl --> ftp.exslt.org /www.exslt.org/public_html/date/functions/second-in-minute date.second-in-minute.template.xsl
102.12.11 11:04 B C:\jakarta-tomcat-3.2.4\webapps\cocoon\exslt\date\functions\second-in-minute\date.second-in-minute.template.xsl.html --> ftp.exslt.org /www.exslt.org/public_html/date/functions/second-in-minute date.second-in-minute.template.xsl.html
102.12.11 11:04 B C:\jakarta-tomcat-3.2.4\webapps\cocoon\exslt\date\functions\second-in-minute\date.second-in-minute.use-cases.txt --> ftp.exslt.org /www.exslt.org/public_html/date/functions/second-in-minute date.second-in-minute.use-cases.txt
102.12.11 11:04 B C:\jakarta-tomcat-3.2.4\webapps\cocoon\exslt\date\functions\second-in-minute\date.second-in-minute.use-cases.zip --> ftp.exslt.org /www.exslt.org/public_html/date/functions/second-in-minute date.second-in-minute.use-cases.zip
102.12.11 11:04 B C:\jakarta-tomcat-3.2.4\webapps\cocoon\exslt\date\functions\second-in-minute\date.second-in-minute.xml --> ftp.exslt.org /www.exslt.org/public_html/date/functions/second-in-minute date.second-in-minute.xml
102.12.11 11:04 B C:\jakarta-tomcat-3.2.4\webapps\cocoon\exslt\date\functions\second-in-minute\date.second-in-minute.xsl --> ftp.exslt.org /www.exslt.org/public_html/date/functions/second-in-minute date.second-in-minute.xsl
102.12.11 11:04 B C:\jakarta-tomcat-3.2.4\webapps\cocoon\exslt\date\functions\second-in-minute\date.second-in-minute.zip --> ftp.exslt.org /www.exslt.org/public_html/date/functions/second-in-minute date.second-in-minute.zip
102.12.11 11:04 B C:\jakarta-tomcat-3.2.4\webapps\cocoon\exslt\date\functions\second-in-minute\index.html --> ftp.exslt.org /www.exslt.org/public_html/date/functions/second-in-minute index.html
102.12.11 11:04 B C:\jakarta-tomcat-3.2.4\webapps\cocoon\exslt\date\functions\second-in-minute\out.html --> ftp.exslt.org /www.exslt.org/public_html/date/functions/second-in-minute out.html
102.12.11 11:04 B C:\jakarta-tomcat-3.2.4\webapps\cocoon\exslt\date\functions\second-in-minute\refresh.bat --> ftp.exslt.org /www.exslt.org/public_html/date/functions/second-in-minute refresh.bat
102.12.11 11:04 B C:\jakarta-tomcat-3.2.4\webapps\cocoon\exslt\date\functions\second-in-minute\update.bat --> ftp.exslt.org /www.exslt.org/public_html/date/functions/second-in-minute update.bat
103.09.29 15:17 B C:\jakarta-tomcat-3.2.4\webapps\cocoon\exslt\date\functions\second-in-minute\WS_FTP.LOG <-- ftp.exslt.org /www.exslt.org/public_html/date/functions/second-in-minute WS_FTP.LOG
103.10.21 13:05 B C:\jakarta-tomcat-3.2.4\webapps\cocoon\exslt\date\functions\second-in-minute\base.css --> marian.cs.nott.ac.uk /stud/pg/cds/exslt/date/functions/second-in-minute base.css
103.10.21 13:05 B C:\jakarta-tomcat-3.2.4\webapps\cocoon\exslt\date\functions\second-in-minute\date.js --> marian.cs.nott.ac.uk /stud/pg/cds/exslt/date/functions/second-in-minute date.js
103.10.21 13:05 B C:\jakarta-tomcat-3.2.4\webapps\cocoon\exslt\date\functions\second-in-minute\date.js.html --> marian.cs.nott.ac.uk /stud/pg/cds/exslt/date/functions/second-in-minute date.js.html
103.10.21 13:05 B C:\jakarta-tomcat-3.2.4\webapps\cocoon\exslt\date\functions\second-in-minute\date.msxsl.xsl --> marian.cs.nott.ac.uk /stud/pg/cds/exslt/date/functions/second-in-minute date.msxsl.xsl
103.10.21 13:05 B C:\jakarta-tomcat-3.2.4\webapps\cocoon\exslt\date\functions\second-in-minute\date.msxsl.xsl.html --> marian.cs.nott.ac.uk /stud/pg/cds/exslt/date/functions/second-in-minute date.msxsl.xsl.html
103.10.21 13:05 B C:\jakarta-tomcat-3.2.4\webapps\cocoon\exslt\date\functions\second-in-minute\date.second-in-minute.1.html --> marian.cs.nott.ac.uk /stud/pg/cds/exslt/date/functions/second-in-minute date.second-in-minute.1.html
103.10.21 13:05 B C:\jakarta-tomcat-3.2.4\webapps\cocoon\exslt\date\functions\second-in-minute\date.second-in-minute.1.xml --> marian.cs.nott.ac.uk /stud/pg/cds/exslt/date/functions/second-in-minute date.second-in-minute.1.xml
103.10.21 13:05 B C:\jakarta-tomcat-3.2.4\webapps\cocoon\exslt\date\functions\second-in-minute\date.second-in-minute.2.html --> marian.cs.nott.ac.uk /stud/pg/cds/exslt/date/functions/second-in-minute date.second-in-minute.2.html
103.10.21 13:05 B C:\jakarta-tomcat-3.2.4\webapps\cocoon\exslt\date\functions\second-in-minute\date.second-in-minute.function.xsl --> marian.cs.nott.ac.uk /stud/pg/cds/exslt/date/functions/second-in-minute date.second-in-minute.function.xsl
103.10.21 13:05 B C:\jakarta-tomcat-3.2.4\webapps\cocoon\exslt\date\functions\second-in-minute\date.second-in-minute.function.xsl.html --> marian.cs.nott.ac.uk /stud/pg/cds/exslt/date/functions/second-in-minute date.second-in-minute.function.xsl.html
103.10.21 13:05 B C:\jakarta-tomcat-3.2.4\webapps\cocoon\exslt\date\functions\second-in-minute\date.second-in-minute.html --> marian.cs.nott.ac.uk /stud/pg/cds/exslt/date/functions/second-in-minute date.second-in-minute.html
103.10.21 13:05 B C:\jakarta-tomcat-3.2.4\webapps\cocoon\exslt\date\functions\second-in-minute\date.second-in-minute.package.txt --> marian.cs.nott.ac.uk /stud/pg/cds/exslt/date/functions/second-in-minute date.second-in-minute.package.txt
103.10.21 13:05 B C:\jakarta-tomcat-3.2.4\webapps\cocoon\exslt\date\functions\second-in-minute\date.second-in-minute.template.xsl --> marian.cs.nott.ac.uk /stud/pg/cds/exslt/date/functions/second-in-minute date.second-in-minute.template.xsl
103.10.21 13:05 B C:\jakarta-tomcat-3.2.4\webapps\cocoon\exslt\date\functions\second-in-minute\date.second-in-minute.template.xsl.html --> marian.cs.nott.ac.uk /stud/pg/cds/exslt/date/functions/second-in-minute date.second-in-minute.template.xsl.html
103.10.21 13:05 B C:\jakarta-tomcat-3.2.4\webapps\cocoon\exslt\date\functions\second-in-minute\date.second-in-minute.use-cases.txt --> marian.cs.nott.ac.uk /stud/pg/cds/exslt/date/functions/second-in-minute date.second-in-minute.use-cases.txt
103.10.21 13:05 B C:\jakarta-tomcat-3.2.4\webapps\cocoon\exslt\date\functions\second-in-minute\date.second-in-minute.use-cases.zip --> marian.cs.nott.ac.uk /stud/pg/cds/exslt/date/functions/second-in-minute date.second-in-minute.use-cases.zip
103.10.21 13:05 B C:\jakarta-tomcat-3.2.4\webapps\cocoon\exslt\date\functions\second-in-minute\date.second-in-minute.xml --> marian.cs.nott.ac.uk /stud/pg/cds/exslt/date/functions/second-in-minute date.second-in-minute.xml
103.10.21 13:05 B C:\jakarta-tomcat-3.2.4\webapps\cocoon\exslt\date\functions\second-in-minute\date.second-in-minute.xsl --> marian.cs.nott.ac.uk /stud/pg/cds/exslt/date/functions/second-in-minute date.second-in-minute.xsl
103.10.21 13:05 B C:\jakarta-tomcat-3.2.4\webapps\cocoon\exslt\date\functions\second-in-minute\date.second-in-minute.zip --> marian.cs.nott.ac.uk /stud/pg/cds/exslt/date/functions/second-in-minute date.second-in-minute.zip
103.10.21 13:05 B C:\jakarta-tomcat-3.2.4\webapps\cocoon\exslt\date\functions\second-in-minute\index.html --> marian.cs.nott.ac.uk /stud/pg/cds/exslt/date/functions/second-in-minute index.html
103.10.21 13:05 B C:\jakarta-tomcat-3.2.4\webapps\cocoon\exslt\date\functions\second-in-minute\out.html --> marian.cs.nott.ac.uk /stud/pg/cds/exslt/date/functions/second-in-minute out.html
103.10.21 13:06 B C:\jakarta-tomcat-3.2.4\webapps\cocoon\exslt\date\functions\second-in-minute\refresh.bat --> marian.cs.nott.ac.uk /stud/pg/cds/exslt/date/functions/second-in-minute refresh.bat
103.10.21 13:06 B C:\jakarta-tomcat-3.2.4\webapps\cocoon\exslt\date\functions\second-in-minute\update.bat --> marian.cs.nott.ac.uk /stud/pg/cds/exslt/date/functions/second-in-minute update.bat
103.10.21 13:06 B C:\jakarta-tomcat-3.2.4\webapps\cocoon\exslt\date\functions\second-in-minute\WS_FTP.LOG --> marian.cs.nott.ac.uk /stud/pg/cds/exslt/date/functions/second-in-minute WS_FTP.LOG
103.10.23 13:58 B C:\jakarta-tomcat-3.2.4\webapps\cocoon\exslt\date\functions\second-in-minute\base.css --> ftp.exslt.org /www.exslt.org/public_html/second-in-minute base.css
103.10.23 13:58 B C:\jakarta-tomcat-3.2.4\webapps\cocoon\exslt\date\functions\second-in-minute\date.js --> ftp.exslt.org /www.exslt.org/public_html/second-in-minute date.js
103.10.23 13:58 B C:\jakarta-tomcat-3.2.4\webapps\cocoon\exslt\date\functions\second-in-minute\date.js.html --> ftp.exslt.org /www.exslt.org/public_html/second-in-minute date.js.html
103.10.23 13:58 B C:\jakarta-tomcat-3.2.4\webapps\cocoon\exslt\date\functions\second-in-minute\date.msxsl.xsl --> ftp.exslt.org /www.exslt.org/public_html/second-in-minute date.msxsl.xsl
103.10.23 13:58 B C:\jakarta-tomcat-3.2.4\webapps\cocoon\exslt\date\functions\second-in-minute\date.msxsl.xsl.html --> ftp.exslt.org /www.exslt.org/public_html/second-in-minute date.msxsl.xsl.html
103.10.23 13:58 B C:\jakarta-tomcat-3.2.4\webapps\cocoon\exslt\date\functions\second-in-minute\date.second-in-minute.1.html --> ftp.exslt.org /www.exslt.org/public_html/second-in-minute date.second-in-minute.1.html
103.10.23 13:58 B C:\jakarta-tomcat-3.2.4\webapps\cocoon\exslt\date\functions\second-in-minute\date.second-in-minute.1.xml --> ftp.exslt.org /www.exslt.org/public_html/second-in-minute date.second-in-minute.1.xml
103.10.23 13:59 B C:\jakarta-tomcat-3.2.4\webapps\cocoon\exslt\date\functions\second-in-minute\date.second-in-minute.2.html --> ftp.exslt.org /www.exslt.org/public_html/second-in-minute date.second-in-minute.2.html
103.10.23 13:59 B C:\jakarta-tomcat-3.2.4\webapps\cocoon\exslt\date\functions\second-in-minute\date.second-in-minute.function.xsl --> ftp.exslt.org /www.exslt.org/public_html/second-in-minute date.second-in-minute.function.xsl
103.10.23 13:59 B C:\jakarta-tomcat-3.2.4\webapps\cocoon\exslt\date\functions\second-in-minute\date.second-in-minute.function.xsl.html --> ftp.exslt.org /www.exslt.org/public_html/second-in-minute date.second-in-minute.function.xsl.html
103.10.23 13:59 B C:\jakarta-tomcat-3.2.4\webapps\cocoon\exslt\date\functions\second-in-minute\date.second-in-minute.html --> ftp.exslt.org /www.exslt.org/public_html/second-in-minute date.second-in-minute.html
103.10.23 13:59 B C:\jakarta-tomcat-3.2.4\webapps\cocoon\exslt\date\functions\second-in-minute\date.second-in-minute.package.txt --> ftp.exslt.org /www.exslt.org/public_html/second-in-minute date.second-in-minute.package.txt
103.10.23 13:59 B C:\jakarta-tomcat-3.2.4\webapps\cocoon\exslt\date\functions\second-in-minute\date.second-in-minute.template.xsl --> ftp.exslt.org /www.exslt.org/public_html/second-in-minute date.second-in-minute.template.xsl
103.10.23 13:59 B C:\jakarta-tomcat-3.2.4\webapps\cocoon\exslt\date\functions\second-in-minute\date.second-in-minute.template.xsl.html --> ftp.exslt.org /www.exslt.org/public_html/second-in-minute date.second-in-minute.template.xsl.html
103.10.23 13:59 B C:\jakarta-tomcat-3.2.4\webapps\cocoon\exslt\date\functions\second-in-minute\date.second-in-minute.use-cases.txt --> ftp.exslt.org /www.exslt.org/public_html/second-in-minute date.second-in-minute.use-cases.txt
103.10.23 13:59 B C:\jakarta-tomcat-3.2.4\webapps\cocoon\exslt\date\functions\second-in-minute\date.second-in-minute.use-cases.zip --> ftp.exslt.org /www.exslt.org/public_html/second-in-minute date.second-in-minute.use-cases.zip
103.10.23 13:59 B C:\jakarta-tomcat-3.2.4\webapps\cocoon\exslt\date\functions\second-in-minute\date.second-in-minute.xml --> ftp.exslt.org /www.exslt.org/public_html/second-in-minute date.second-in-minute.xml
103.10.23 13:59 B C:\jakarta-tomcat-3.2.4\webapps\cocoon\exslt\date\functions\second-in-minute\date.second-in-minute.xsl --> ftp.exslt.org /www.exslt.org/public_html/second-in-minute date.second-in-minute.xsl
103.10.23 13:59 B C:\jakarta-tomcat-3.2.4\webapps\cocoon\exslt\date\functions\second-in-minute\date.second-in-minute.zip --> ftp.exslt.org /www.exslt.org/public_html/second-in-minute date.second-in-minute.zip
103.10.23 13:59 B C:\jakarta-tomcat-3.2.4\webapps\cocoon\exslt\date\functions\second-in-minute\index.html --> ftp.exslt.org /www.exslt.org/public_html/second-in-minute index.html
103.10.23 13:59 B C:\jakarta-tomcat-3.2.4\webapps\cocoon\exslt\date\functions\second-in-minute\out.html --> ftp.exslt.org /www.exslt.org/public_html/second-in-minute out.html
103.10.23 13:59 B C:\jakarta-tomcat-3.2.4\webapps\cocoon\exslt\date\functions\second-in-minute\refresh.bat --> ftp.exslt.org /www.exslt.org/public_html/second-in-minute refresh.bat
103.10.23 13:59 B C:\jakarta-tomcat-3.2.4\webapps\cocoon\exslt\date\functions\second-in-minute\update.bat --> ftp.exslt.org /www.exslt.org/public_html/second-in-minute update.bat
103.10.23 13:59 B C:\jakarta-tomcat-3.2.4\webapps\cocoon\exslt\date\functions\second-in-minute\WS_FTP.LOG --> ftp.exslt.org /www.exslt.org/public_html/second-in-minute WS_FTP.LOG
103.10.23 14:58 B C:\jakarta-tomcat-3.2.4\webapps\cocoon\exslt\date\functions\second-in-minute\base.css --> ftp.exslt.org /www.exslt.org/public_html/date/functions/second-in-minute base.css
103.10.23 14:58 B C:\jakarta-tomcat-3.2.4\webapps\cocoon\exslt\date\functions\second-in-minute\date.js --> ftp.exslt.org /www.exslt.org/public_html/date/functions/second-in-minute date.js
103.10.23 14:58 B C:\jakarta-tomcat-3.2.4\webapps\cocoon\exslt\date\functions\second-in-minute\date.js.html --> ftp.exslt.org /www.exslt.org/public_html/date/functions/second-in-minute date.js.html
103.10.23 14:58 B C:\jakarta-tomcat-3.2.4\webapps\cocoon\exslt\date\functions\second-in-minute\date.msxsl.xsl --> ftp.exslt.org /www.exslt.org/public_html/date/functions/second-in-minute date.msxsl.xsl
103.10.23 14:58 B C:\jakarta-tomcat-3.2.4\webapps\cocoon\exslt\date\functions\second-in-minute\date.msxsl.xsl.html --> ftp.exslt.org /www.exslt.org/public_html/date/functions/second-in-minute date.msxsl.xsl.html
103.10.23 14:58 B C:\jakarta-tomcat-3.2.4\webapps\cocoon\exslt\date\functions\second-in-minute\date.second-in-minute.1.html --> ftp.exslt.org /www.exslt.org/public_html/date/functions/second-in-minute date.second-in-minute.1.html
103.10.23 14:58 B C:\jakarta-tomcat-3.2.4\webapps\cocoon\exslt\date\functions\second-in-minute\date.second-in-minute.1.xml --> ftp.exslt.org /www.exslt.org/public_html/date/functions/second-in-minute date.second-in-minute.1.xml
103.10.23 14:58 B C:\jakarta-tomcat-3.2.4\webapps\cocoon\exslt\date\functions\second-in-minute\date.second-in-minute.2.html --> ftp.exslt.org /www.exslt.org/public_html/date/functions/second-in-minute date.second-in-minute.2.html
103.10.23 14:58 B C:\jakarta-tomcat-3.2.4\webapps\cocoon\exslt\date\functions\second-in-minute\date.second-in-minute.function.xsl --> ftp.exslt.org /www.exslt.org/public_html/date/functions/second-in-minute date.second-in-minute.function.xsl
103.10.23 14:58 B C:\jakarta-tomcat-3.2.4\webapps\cocoon\exslt\date\functions\second-in-minute\date.second-in-minute.function.xsl.html --> ftp.exslt.org /www.exslt.org/public_html/date/functions/second-in-minute date.second-in-minute.function.xsl.html
103.10.23 14:58 B C:\jakarta-tomcat-3.2.4\webapps\cocoon\exslt\date\functions\second-in-minute\date.second-in-minute.html --> ftp.exslt.org /www.exslt.org/public_html/date/functions/second-in-minute date.second-in-minute.html
103.10.23 14:58 B C:\jakarta-tomcat-3.2.4\webapps\cocoon\exslt\date\functions\second-in-minute\date.second-in-minute.package.txt --> ftp.exslt.org /www.exslt.org/public_html/date/functions/second-in-minute date.second-in-minute.package.txt
103.10.23 14:58 B C:\jakarta-tomcat-3.2.4\webapps\cocoon\exslt\date\functions\second-in-minute\date.second-in-minute.template.xsl --> ftp.exslt.org /www.exslt.org/public_html/date/functions/second-in-minute date.second-in-minute.template.xsl
103.10.23 14:58 B C:\jakarta-tomcat-3.2.4\webapps\cocoon\exslt\date\functions\second-in-minute\date.second-in-minute.template.xsl.html --> ftp.exslt.org /www.exslt.org/public_html/date/functions/second-in-minute date.second-in-minute.template.xsl.html
103.10.23 14:58 B C:\jakarta-tomcat-3.2.4\webapps\cocoon\exslt\date\functions\second-in-minute\date.second-in-minute.use-cases.txt --> ftp.exslt.org /www.exslt.org/public_html/date/functions/second-in-minute date.second-in-minute.use-cases.txt
103.10.23 14:58 B C:\jakarta-tomcat-3.2.4\webapps\cocoon\exslt\date\functions\second-in-minute\date.second-in-minute.use-cases.zip --> ftp.exslt.org /www.exslt.org/public_html/date/functions/second-in-minute date.second-in-minute.use-cases.zip
103.10.23 14:58 B C:\jakarta-tomcat-3.2.4\webapps\cocoon\exslt\date\functions\second-in-minute\date.second-in-minute.xml --> ftp.exslt.org /www.exslt.org/public_html/date/functions/second-in-minute date.second-in-minute.xml
103.10.23 14:58 B C:\jakarta-tomcat-3.2.4\webapps\cocoon\exslt\date\functions\second-in-minute\date.second-in-minute.xsl --> ftp.exslt.org /www.exslt.org/public_html/date/functions/second-in-minute date.second-in-minute.xsl
103.10.23 14:58 B C:\jakarta-tomcat-3.2.4\webapps\cocoon\exslt\date\functions\second-in-minute\date.second-in-minute.zip --> ftp.exslt.org /www.exslt.org/public_html/date/functions/second-in-minute date.second-in-minute.zip
103.10.23 14:58 B C:\jakarta-tomcat-3.2.4\webapps\cocoon\exslt\date\functions\second-in-minute\index.html --> ftp.exslt.org /www.exslt.org/public_html/date/functions/second-in-minute index.html
103.10.23 14:58 B C:\jakarta-tomcat-3.2.4\webapps\cocoon\exslt\date\functions\second-in-minute\out.html --> ftp.exslt.org /www.exslt.org/public_html/date/functions/second-in-minute out.html
103.10.23 14:58 B C:\jakarta-tomcat-3.2.4\webapps\cocoon\exslt\date\functions\second-in-minute\refresh.bat --> ftp.exslt.org /www.exslt.org/public_html/date/functions/second-in-minute refresh.bat
103.10.23 14:58 B C:\jakarta-tomcat-3.2.4\webapps\cocoon\exslt\date\functions\second-in-minute\update.bat --> ftp.exslt.org /www.exslt.org/public_html/date/functions/second-in-minute update.bat
