102.08.21 17:25 B C:\jakarta-tomcat-3.2.4\webapps\cocoon\exslt\date\functions\difference\base.css --> ftp.exslt.org /www.exslt.org/public_html/date/functions/difference base.css
102.08.21 17:25 B C:\jakarta-tomcat-3.2.4\webapps\cocoon\exslt\date\functions\difference\date.difference.1.html --> ftp.exslt.org /www.exslt.org/public_html/date/functions/difference date.difference.1.html
102.08.21 17:25 B C:\jakarta-tomcat-3.2.4\webapps\cocoon\exslt\date\functions\difference\date.difference.function.xsl --> ftp.exslt.org /www.exslt.org/public_html/date/functions/difference date.difference.function.xsl
102.08.21 17:25 B C:\jakarta-tomcat-3.2.4\webapps\cocoon\exslt\date\functions\difference\date.difference.function.xsl.html --> ftp.exslt.org /www.exslt.org/public_html/date/functions/difference date.difference.function.xsl.html
102.08.21 17:25 B C:\jakarta-tomcat-3.2.4\webapps\cocoon\exslt\date\functions\difference\date.difference.html --> ftp.exslt.org /www.exslt.org/public_html/date/functions/difference date.difference.html
102.08.21 17:25 B C:\jakarta-tomcat-3.2.4\webapps\cocoon\exslt\date\functions\difference\date.difference.package.txt --> ftp.exslt.org /www.exslt.org/public_html/date/functions/difference date.difference.package.txt
102.08.21 17:25 B C:\jakarta-tomcat-3.2.4\webapps\cocoon\exslt\date\functions\difference\date.difference.template.xsl --> ftp.exslt.org /www.exslt.org/public_html/date/functions/difference date.difference.template.xsl
102.08.21 17:25 B C:\jakarta-tomcat-3.2.4\webapps\cocoon\exslt\date\functions\difference\date.difference.template.xsl.html --> ftp.exslt.org /www.exslt.org/public_html/date/functions/difference date.difference.template.xsl.html
102.08.21 17:25 B C:\jakarta-tomcat-3.2.4\webapps\cocoon\exslt\date\functions\difference\date.difference.use-cases.txt --> ftp.exslt.org /www.exslt.org/public_html/date/functions/difference date.difference.use-cases.txt
102.08.21 17:25 B C:\jakarta-tomcat-3.2.4\webapps\cocoon\exslt\date\functions\difference\date.difference.use-cases.zip --> ftp.exslt.org /www.exslt.org/public_html/date/functions/difference date.difference.use-cases.zip
102.08.21 17:25 B C:\jakarta-tomcat-3.2.4\webapps\cocoon\exslt\date\functions\difference\date.difference.xml --> ftp.exslt.org /www.exslt.org/public_html/date/functions/difference date.difference.xml
102.08.21 17:25 B C:\jakarta-tomcat-3.2.4\webapps\cocoon\exslt\date\functions\difference\date.difference.xsl --> ftp.exslt.org /www.exslt.org/public_html/date/functions/difference date.difference.xsl
102.08.21 17:25 B C:\jakarta-tomcat-3.2.4\webapps\cocoon\exslt\date\functions\difference\date.difference.zip --> ftp.exslt.org /www.exslt.org/public_html/date/functions/difference date.difference.zip
102.08.21 17:25 B C:\jakarta-tomcat-3.2.4\webapps\cocoon\exslt\date\functions\difference\date.js --> ftp.exslt.org /www.exslt.org/public_html/date/functions/difference date.js
102.08.21 17:25 B C:\jakarta-tomcat-3.2.4\webapps\cocoon\exslt\date\functions\difference\date.js.html --> ftp.exslt.org /www.exslt.org/public_html/date/functions/difference date.js.html
102.08.21 17:25 B C:\jakarta-tomcat-3.2.4\webapps\cocoon\exslt\date\functions\difference\date.msxsl.xsl --> ftp.exslt.org /www.exslt.org/public_html/date/functions/difference date.msxsl.xsl
102.08.21 17:25 B C:\jakarta-tomcat-3.2.4\webapps\cocoon\exslt\date\functions\difference\date.msxsl.xsl.html --> ftp.exslt.org /www.exslt.org/public_html/date/functions/difference date.msxsl.xsl.html
102.08.21 17:25 B C:\jakarta-tomcat-3.2.4\webapps\cocoon\exslt\date\functions\difference\index.html --> ftp.exslt.org /www.exslt.org/public_html/date/functions/difference index.html
102.08.21 17:25 B C:\jakarta-tomcat-3.2.4\webapps\cocoon\exslt\date\functions\difference\refresh.bat --> ftp.exslt.org /www.exslt.org/public_html/date/functions/difference refresh.bat
102.08.21 17:25 B C:\jakarta-tomcat-3.2.4\webapps\cocoon\exslt\date\functions\difference\update.bat --> ftp.exslt.org /www.exslt.org/public_html/date/functions/difference update.bat
102.08.21 17:31 B C:\jakarta-tomcat-3.2.4\webapps\cocoon\exslt\date\functions\difference\base.css --> ftp.exslt.org /www.exslt.org/public_html/date/functions/difference base.css
102.08.21 17:31 B C:\jakarta-tomcat-3.2.4\webapps\cocoon\exslt\date\functions\difference\date.difference.1.html --> ftp.exslt.org /www.exslt.org/public_html/date/functions/difference date.difference.1.html
102.08.21 17:31 B C:\jakarta-tomcat-3.2.4\webapps\cocoon\exslt\date\functions\difference\date.difference.function.xsl --> ftp.exslt.org /www.exslt.org/public_html/date/functions/difference date.difference.function.xsl
102.08.21 17:31 B C:\jakarta-tomcat-3.2.4\webapps\cocoon\exslt\date\functions\difference\date.difference.function.xsl.html --> ftp.exslt.org /www.exslt.org/public_html/date/functions/difference date.difference.function.xsl.html
102.08.21 17:31 B C:\jakarta-tomcat-3.2.4\webapps\cocoon\exslt\date\functions\difference\date.difference.html --> ftp.exslt.org /www.exslt.org/public_html/date/functions/difference date.difference.html
102.08.21 17:31 B C:\jakarta-tomcat-3.2.4\webapps\cocoon\exslt\date\functions\difference\date.difference.package.txt --> ftp.exslt.org /www.exslt.org/public_html/date/functions/difference date.difference.package.txt
102.08.21 17:31 B C:\jakarta-tomcat-3.2.4\webapps\cocoon\exslt\date\functions\difference\date.difference.template.xsl --> ftp.exslt.org /www.exslt.org/public_html/date/functions/difference date.difference.template.xsl
102.08.21 17:31 B C:\jakarta-tomcat-3.2.4\webapps\cocoon\exslt\date\functions\difference\date.difference.template.xsl.html --> ftp.exslt.org /www.exslt.org/public_html/date/functions/difference date.difference.template.xsl.html
102.08.21 17:31 B C:\jakarta-tomcat-3.2.4\webapps\cocoon\exslt\date\functions\difference\date.difference.use-cases.txt --> ftp.exslt.org /www.exslt.org/public_html/date/functions/difference date.difference.use-cases.txt
102.08.21 17:31 B C:\jakarta-tomcat-3.2.4\webapps\cocoon\exslt\date\functions\difference\date.difference.use-cases.zip --> ftp.exslt.org /www.exslt.org/public_html/date/functions/difference date.difference.use-cases.zip
102.08.21 17:31 B C:\jakarta-tomcat-3.2.4\webapps\cocoon\exslt\date\functions\difference\date.difference.xml --> ftp.exslt.org /www.exslt.org/public_html/date/functions/difference date.difference.xml
102.08.21 17:31 B C:\jakarta-tomcat-3.2.4\webapps\cocoon\exslt\date\functions\difference\date.difference.xsl --> ftp.exslt.org /www.exslt.org/public_html/date/functions/difference date.difference.xsl
102.08.21 17:31 B C:\jakarta-tomcat-3.2.4\webapps\cocoon\exslt\date\functions\difference\date.difference.zip --> ftp.exslt.org /www.exslt.org/public_html/date/functions/difference date.difference.zip
102.08.21 17:31 B C:\jakarta-tomcat-3.2.4\webapps\cocoon\exslt\date\functions\difference\date.js --> ftp.exslt.org /www.exslt.org/public_html/date/functions/difference date.js
102.08.21 17:31 B C:\jakarta-tomcat-3.2.4\webapps\cocoon\exslt\date\functions\difference\date.js.html --> ftp.exslt.org /www.exslt.org/public_html/date/functions/difference date.js.html
102.08.21 17:31 B C:\jakarta-tomcat-3.2.4\webapps\cocoon\exslt\date\functions\difference\date.msxsl.xsl --> ftp.exslt.org /www.exslt.org/public_html/date/functions/difference date.msxsl.xsl
102.08.21 17:31 B C:\jakarta-tomcat-3.2.4\webapps\cocoon\exslt\date\functions\difference\date.msxsl.xsl.html --> ftp.exslt.org /www.exslt.org/public_html/date/functions/difference date.msxsl.xsl.html
102.08.21 17:31 B C:\jakarta-tomcat-3.2.4\webapps\cocoon\exslt\date\functions\difference\index.html --> ftp.exslt.org /www.exslt.org/public_html/date/functions/difference index.html
102.08.21 17:31 B C:\jakarta-tomcat-3.2.4\webapps\cocoon\exslt\date\functions\difference\refresh.bat --> ftp.exslt.org /www.exslt.org/public_html/date/functions/difference refresh.bat
102.08.21 17:31 B C:\jakarta-tomcat-3.2.4\webapps\cocoon\exslt\date\functions\difference\update.bat --> ftp.exslt.org /www.exslt.org/public_html/date/functions/difference update.bat
102.08.21 17:31 B C:\jakarta-tomcat-3.2.4\webapps\cocoon\exslt\date\functions\difference\WS_FTP.LOG --> ftp.exslt.org /www.exslt.org/public_html/date/functions/difference WS_FTP.LOG
102.11.19 13:14 B C:\jakarta-tomcat-3.2.4\webapps\cocoon\exslt\date\functions\difference\base.css --> ftp.exslt.org /www.exslt.org/public_html/date/functions/difference base.css
102.11.19 13:14 B C:\jakarta-tomcat-3.2.4\webapps\cocoon\exslt\date\functions\difference\date.difference.1.html --> ftp.exslt.org /www.exslt.org/public_html/date/functions/difference date.difference.1.html
102.11.19 13:14 B C:\jakarta-tomcat-3.2.4\webapps\cocoon\exslt\date\functions\difference\date.difference.function.xsl --> ftp.exslt.org /www.exslt.org/public_html/date/functions/difference date.difference.function.xsl
102.11.19 13:14 B C:\jakarta-tomcat-3.2.4\webapps\cocoon\exslt\date\functions\difference\date.difference.function.xsl.html --> ftp.exslt.org /www.exslt.org/public_html/date/functions/difference date.difference.function.xsl.html
102.11.19 13:14 B C:\jakarta-tomcat-3.2.4\webapps\cocoon\exslt\date\functions\difference\date.difference.html --> ftp.exslt.org /www.exslt.org/public_html/date/functions/difference date.difference.html
102.11.19 13:14 B C:\jakarta-tomcat-3.2.4\webapps\cocoon\exslt\date\functions\difference\date.difference.package.txt --> ftp.exslt.org /www.exslt.org/public_html/date/functions/difference date.difference.package.txt
102.11.19 13:14 B C:\jakarta-tomcat-3.2.4\webapps\cocoon\exslt\date\functions\difference\date.difference.template.xsl --> ftp.exslt.org /www.exslt.org/public_html/date/functions/difference date.difference.template.xsl
102.11.19 13:14 B C:\jakarta-tomcat-3.2.4\webapps\cocoon\exslt\date\functions\difference\date.difference.template.xsl.html --> ftp.exslt.org /www.exslt.org/public_html/date/functions/difference date.difference.template.xsl.html
102.11.19 13:14 B C:\jakarta-tomcat-3.2.4\webapps\cocoon\exslt\date\functions\difference\date.difference.use-cases.txt --> ftp.exslt.org /www.exslt.org/public_html/date/functions/difference date.difference.use-cases.txt
102.11.19 13:14 B C:\jakarta-tomcat-3.2.4\webapps\cocoon\exslt\date\functions\difference\date.difference.use-cases.zip --> ftp.exslt.org /www.exslt.org/public_html/date/functions/difference date.difference.use-cases.zip
102.11.19 13:14 B C:\jakarta-tomcat-3.2.4\webapps\cocoon\exslt\date\functions\difference\date.difference.xml --> ftp.exslt.org /www.exslt.org/public_html/date/functions/difference date.difference.xml
102.11.19 13:14 B C:\jakarta-tomcat-3.2.4\webapps\cocoon\exslt\date\functions\difference\date.difference.xsl --> ftp.exslt.org /www.exslt.org/public_html/date/functions/difference date.difference.xsl
102.11.19 13:14 B C:\jakarta-tomcat-3.2.4\webapps\cocoon\exslt\date\functions\difference\date.difference.zip --> ftp.exslt.org /www.exslt.org/public_html/date/functions/difference date.difference.zip
102.11.19 13:14 B C:\jakarta-tomcat-3.2.4\webapps\cocoon\exslt\date\functions\difference\date.js --> ftp.exslt.org /www.exslt.org/public_html/date/functions/difference date.js
102.11.19 13:14 B C:\jakarta-tomcat-3.2.4\webapps\cocoon\exslt\date\functions\difference\date.js.html --> ftp.exslt.org /www.exslt.org/public_html/date/functions/difference date.js.html
102.11.19 13:14 B C:\jakarta-tomcat-3.2.4\webapps\cocoon\exslt\date\functions\difference\date.msxsl.xsl --> ftp.exslt.org /www.exslt.org/public_html/date/functions/difference date.msxsl.xsl
102.11.19 13:14 B C:\jakarta-tomcat-3.2.4\webapps\cocoon\exslt\date\functions\difference\date.msxsl.xsl.html --> ftp.exslt.org /www.exslt.org/public_html/date/functions/difference date.msxsl.xsl.html
102.11.19 13:14 B C:\jakarta-tomcat-3.2.4\webapps\cocoon\exslt\date\functions\difference\index.html --> ftp.exslt.org /www.exslt.org/public_html/date/functions/difference index.html
102.11.19 13:14 B C:\jakarta-tomcat-3.2.4\webapps\cocoon\exslt\date\functions\difference\refresh.bat --> ftp.exslt.org /www.exslt.org/public_html/date/functions/difference refresh.bat
102.11.19 13:14 B C:\jakarta-tomcat-3.2.4\webapps\cocoon\exslt\date\functions\difference\update.bat --> ftp.exslt.org /www.exslt.org/public_html/date/functions/difference update.bat
102.11.19 13:14 B C:\jakarta-tomcat-3.2.4\webapps\cocoon\exslt\date\functions\difference\WS_FTP.LOG --> ftp.exslt.org /www.exslt.org/public_html/date/functions/difference WS_FTP.LOG
102.11.19 13:21 B C:\jakarta-tomcat-3.2.4\webapps\cocoon\exslt\date\functions\difference\base.css --> ftp.exslt.org /www.exslt.org/public_html/date/functions/difference base.css
102.11.19 13:21 B C:\jakarta-tomcat-3.2.4\webapps\cocoon\exslt\date\functions\difference\date.difference.1.html --> ftp.exslt.org /www.exslt.org/public_html/date/functions/difference date.difference.1.html
102.11.19 13:21 B C:\jakarta-tomcat-3.2.4\webapps\cocoon\exslt\date\functions\difference\date.difference.function.xsl --> ftp.exslt.org /www.exslt.org/public_html/date/functions/difference date.difference.function.xsl
102.11.19 13:21 B C:\jakarta-tomcat-3.2.4\webapps\cocoon\exslt\date\functions\difference\date.difference.function.xsl.html --> ftp.exslt.org /www.exslt.org/public_html/date/functions/difference date.difference.function.xsl.html
102.11.19 13:21 B C:\jakarta-tomcat-3.2.4\webapps\cocoon\exslt\date\functions\difference\date.difference.html --> ftp.exslt.org /www.exslt.org/public_html/date/functions/difference date.difference.html
102.11.19 13:21 B C:\jakarta-tomcat-3.2.4\webapps\cocoon\exslt\date\functions\difference\date.difference.package.txt --> ftp.exslt.org /www.exslt.org/public_html/date/functions/difference date.difference.package.txt
102.11.19 13:21 B C:\jakarta-tomcat-3.2.4\webapps\cocoon\exslt\date\functions\difference\date.difference.template.xsl --> ftp.exslt.org /www.exslt.org/public_html/date/functions/difference date.difference.template.xsl
102.11.19 13:21 B C:\jakarta-tomcat-3.2.4\webapps\cocoon\exslt\date\functions\difference\date.difference.template.xsl.html --> ftp.exslt.org /www.exslt.org/public_html/date/functions/difference date.difference.template.xsl.html
102.11.19 13:21 B C:\jakarta-tomcat-3.2.4\webapps\cocoon\exslt\date\functions\difference\date.difference.use-cases.txt --> ftp.exslt.org /www.exslt.org/public_html/date/functions/difference date.difference.use-cases.txt
102.11.19 13:21 B C:\jakarta-tomcat-3.2.4\webapps\cocoon\exslt\date\functions\difference\date.difference.use-cases.zip --> ftp.exslt.org /www.exslt.org/public_html/date/functions/difference date.difference.use-cases.zip
102.11.19 13:21 B C:\jakarta-tomcat-3.2.4\webapps\cocoon\exslt\date\functions\difference\date.difference.xml --> ftp.exslt.org /www.exslt.org/public_html/date/functions/difference date.difference.xml
102.11.19 13:21 B C:\jakarta-tomcat-3.2.4\webapps\cocoon\exslt\date\functions\difference\date.difference.xsl --> ftp.exslt.org /www.exslt.org/public_html/date/functions/difference date.difference.xsl
102.11.19 13:21 B C:\jakarta-tomcat-3.2.4\webapps\cocoon\exslt\date\functions\difference\date.difference.zip --> ftp.exslt.org /www.exslt.org/public_html/date/functions/difference date.difference.zip
102.11.19 13:21 B C:\jakarta-tomcat-3.2.4\webapps\cocoon\exslt\date\functions\difference\date.js --> ftp.exslt.org /www.exslt.org/public_html/date/functions/difference date.js
102.11.19 13:21 B C:\jakarta-tomcat-3.2.4\webapps\cocoon\exslt\date\functions\difference\date.js.html --> ftp.exslt.org /www.exslt.org/public_html/date/functions/difference date.js.html
102.11.19 13:21 B C:\jakarta-tomcat-3.2.4\webapps\cocoon\exslt\date\functions\difference\date.msxsl.xsl --> ftp.exslt.org /www.exslt.org/public_html/date/functions/difference date.msxsl.xsl
102.11.19 13:21 B C:\jakarta-tomcat-3.2.4\webapps\cocoon\exslt\date\functions\difference\date.msxsl.xsl.html --> ftp.exslt.org /www.exslt.org/public_html/date/functions/difference date.msxsl.xsl.html
102.11.19 13:21 B C:\jakarta-tomcat-3.2.4\webapps\cocoon\exslt\date\functions\difference\index.html --> ftp.exslt.org /www.exslt.org/public_html/date/functions/difference index.html
102.11.19 13:21 B C:\jakarta-tomcat-3.2.4\webapps\cocoon\exslt\date\functions\difference\refresh.bat --> ftp.exslt.org /www.exslt.org/public_html/date/functions/difference refresh.bat
102.11.19 13:21 B C:\jakarta-tomcat-3.2.4\webapps\cocoon\exslt\date\functions\difference\update.bat --> ftp.exslt.org /www.exslt.org/public_html/date/functions/difference update.bat
102.12.02 12:21 B C:\jakarta-tomcat-3.2.4\webapps\cocoon\exslt\public_html\date\functions\difference\WS_FTP.LOG <-- ftp.exslt.org /www.exslt.org/public_html/date/functions/difference WS_FTP.LOG
102.12.03 11:09 B C:\jakarta-tomcat-3.2.4\webapps\cocoon\exslt\date\functions\difference\base.css --> ftp.exslt.org /www.exslt.org/public_html/date/functions/difference base.css
102.12.03 11:09 B C:\jakarta-tomcat-3.2.4\webapps\cocoon\exslt\date\functions\difference\date.difference.1.html --> ftp.exslt.org /www.exslt.org/public_html/date/functions/difference date.difference.1.html
102.12.03 11:09 B C:\jakarta-tomcat-3.2.4\webapps\cocoon\exslt\date\functions\difference\date.difference.function.xsl --> ftp.exslt.org /www.exslt.org/public_html/date/functions/difference date.difference.function.xsl
102.12.03 11:09 B C:\jakarta-tomcat-3.2.4\webapps\cocoon\exslt\date\functions\difference\date.difference.function.xsl.html --> ftp.exslt.org /www.exslt.org/public_html/date/functions/difference date.difference.function.xsl.html
102.12.03 11:09 B C:\jakarta-tomcat-3.2.4\webapps\cocoon\exslt\date\functions\difference\date.difference.html --> ftp.exslt.org /www.exslt.org/public_html/date/functions/difference date.difference.html
102.12.03 11:09 B C:\jakarta-tomcat-3.2.4\webapps\cocoon\exslt\date\functions\difference\date.difference.package.txt --> ftp.exslt.org /www.exslt.org/public_html/date/functions/difference date.difference.package.txt
102.12.03 11:09 B C:\jakarta-tomcat-3.2.4\webapps\cocoon\exslt\date\functions\difference\date.difference.template.xsl --> ftp.exslt.org /www.exslt.org/public_html/date/functions/difference date.difference.template.xsl
102.12.03 11:09 B C:\jakarta-tomcat-3.2.4\webapps\cocoon\exslt\date\functions\difference\date.difference.template.xsl.html --> ftp.exslt.org /www.exslt.org/public_html/date/functions/difference date.difference.template.xsl.html
102.12.03 11:09 B C:\jakarta-tomcat-3.2.4\webapps\cocoon\exslt\date\functions\difference\date.difference.use-cases.txt --> ftp.exslt.org /www.exslt.org/public_html/date/functions/difference date.difference.use-cases.txt
102.12.03 11:09 B C:\jakarta-tomcat-3.2.4\webapps\cocoon\exslt\date\functions\difference\date.difference.use-cases.zip --> ftp.exslt.org /www.exslt.org/public_html/date/functions/difference date.difference.use-cases.zip
102.12.03 11:09 B C:\jakarta-tomcat-3.2.4\webapps\cocoon\exslt\date\functions\difference\date.difference.xml --> ftp.exslt.org /www.exslt.org/public_html/date/functions/difference date.difference.xml
102.12.03 11:09 B C:\jakarta-tomcat-3.2.4\webapps\cocoon\exslt\date\functions\difference\date.difference.xsl --> ftp.exslt.org /www.exslt.org/public_html/date/functions/difference date.difference.xsl
102.12.03 11:09 B C:\jakarta-tomcat-3.2.4\webapps\cocoon\exslt\date\functions\difference\date.difference.zip --> ftp.exslt.org /www.exslt.org/public_html/date/functions/difference date.difference.zip
102.12.03 11:09 B C:\jakarta-tomcat-3.2.4\webapps\cocoon\exslt\date\functions\difference\date.js --> ftp.exslt.org /www.exslt.org/public_html/date/functions/difference date.js
102.12.03 11:09 B C:\jakarta-tomcat-3.2.4\webapps\cocoon\exslt\date\functions\difference\date.js.html --> ftp.exslt.org /www.exslt.org/public_html/date/functions/difference date.js.html
102.12.03 11:09 B C:\jakarta-tomcat-3.2.4\webapps\cocoon\exslt\date\functions\difference\date.msxsl.xsl --> ftp.exslt.org /www.exslt.org/public_html/date/functions/difference date.msxsl.xsl
102.12.03 11:09 B C:\jakarta-tomcat-3.2.4\webapps\cocoon\exslt\date\functions\difference\date.msxsl.xsl.html --> ftp.exslt.org /www.exslt.org/public_html/date/functions/difference date.msxsl.xsl.html
102.12.03 11:09 B C:\jakarta-tomcat-3.2.4\webapps\cocoon\exslt\date\functions\difference\index.html --> ftp.exslt.org /www.exslt.org/public_html/date/functions/difference index.html
102.12.03 11:09 B C:\jakarta-tomcat-3.2.4\webapps\cocoon\exslt\date\functions\difference\out.html --> ftp.exslt.org /www.exslt.org/public_html/date/functions/difference out.html
102.12.03 11:09 B C:\jakarta-tomcat-3.2.4\webapps\cocoon\exslt\date\functions\difference\refresh.bat --> ftp.exslt.org /www.exslt.org/public_html/date/functions/difference refresh.bat
102.12.03 11:09 B C:\jakarta-tomcat-3.2.4\webapps\cocoon\exslt\date\functions\difference\update.bat --> ftp.exslt.org /www.exslt.org/public_html/date/functions/difference update.bat
102.12.03 11:09 B C:\jakarta-tomcat-3.2.4\webapps\cocoon\exslt\date\functions\difference\WS_FTP.LOG --> ftp.exslt.org /www.exslt.org/public_html/date/functions/difference WS_FTP.LOG
102.12.11 11:01 B C:\jakarta-tomcat-3.2.4\webapps\cocoon\exslt\date\functions\difference\base.css --> ftp.exslt.org /www.exslt.org/public_html/date/functions/difference base.css
102.12.11 11:01 B C:\jakarta-tomcat-3.2.4\webapps\cocoon\exslt\date\functions\difference\date.difference.1.html --> ftp.exslt.org /www.exslt.org/public_html/date/functions/difference date.difference.1.html
102.12.11 11:01 B C:\jakarta-tomcat-3.2.4\webapps\cocoon\exslt\date\functions\difference\date.difference.function.xsl --> ftp.exslt.org /www.exslt.org/public_html/date/functions/difference date.difference.function.xsl
102.12.11 11:01 B C:\jakarta-tomcat-3.2.4\webapps\cocoon\exslt\date\functions\difference\date.difference.function.xsl.html --> ftp.exslt.org /www.exslt.org/public_html/date/functions/difference date.difference.function.xsl.html
102.12.11 11:01 B C:\jakarta-tomcat-3.2.4\webapps\cocoon\exslt\date\functions\difference\date.difference.html --> ftp.exslt.org /www.exslt.org/public_html/date/functions/difference date.difference.html
102.12.11 11:01 B C:\jakarta-tomcat-3.2.4\webapps\cocoon\exslt\date\functions\difference\date.difference.package.txt --> ftp.exslt.org /www.exslt.org/public_html/date/functions/difference date.difference.package.txt
102.12.11 11:01 B C:\jakarta-tomcat-3.2.4\webapps\cocoon\exslt\date\functions\difference\date.difference.template.xsl --> ftp.exslt.org /www.exslt.org/public_html/date/functions/difference date.difference.template.xsl
102.12.11 11:01 B C:\jakarta-tomcat-3.2.4\webapps\cocoon\exslt\date\functions\difference\date.difference.template.xsl.html --> ftp.exslt.org /www.exslt.org/public_html/date/functions/difference date.difference.template.xsl.html
102.12.11 11:01 B C:\jakarta-tomcat-3.2.4\webapps\cocoon\exslt\date\functions\difference\date.difference.use-cases.txt --> ftp.exslt.org /www.exslt.org/public_html/date/functions/difference date.difference.use-cases.txt
102.12.11 11:01 B C:\jakarta-tomcat-3.2.4\webapps\cocoon\exslt\date\functions\difference\date.difference.use-cases.zip --> ftp.exslt.org /www.exslt.org/public_html/date/functions/difference date.difference.use-cases.zip
102.12.11 11:01 B C:\jakarta-tomcat-3.2.4\webapps\cocoon\exslt\date\functions\difference\date.difference.xml --> ftp.exslt.org /www.exslt.org/public_html/date/functions/difference date.difference.xml
102.12.11 11:01 B C:\jakarta-tomcat-3.2.4\webapps\cocoon\exslt\date\functions\difference\date.difference.xsl --> ftp.exslt.org /www.exslt.org/public_html/date/functions/difference date.difference.xsl
102.12.11 11:01 B C:\jakarta-tomcat-3.2.4\webapps\cocoon\exslt\date\functions\difference\date.difference.zip --> ftp.exslt.org /www.exslt.org/public_html/date/functions/difference date.difference.zip
102.12.11 11:01 B C:\jakarta-tomcat-3.2.4\webapps\cocoon\exslt\date\functions\difference\date.js --> ftp.exslt.org /www.exslt.org/public_html/date/functions/difference date.js
102.12.11 11:01 B C:\jakarta-tomcat-3.2.4\webapps\cocoon\exslt\date\functions\difference\date.js.html --> ftp.exslt.org /www.exslt.org/public_html/date/functions/difference date.js.html
102.12.11 11:01 B C:\jakarta-tomcat-3.2.4\webapps\cocoon\exslt\date\functions\difference\date.msxsl.xsl --> ftp.exslt.org /www.exslt.org/public_html/date/functions/difference date.msxsl.xsl
102.12.11 11:01 B C:\jakarta-tomcat-3.2.4\webapps\cocoon\exslt\date\functions\difference\date.msxsl.xsl.html --> ftp.exslt.org /www.exslt.org/public_html/date/functions/difference date.msxsl.xsl.html
102.12.11 11:01 B C:\jakarta-tomcat-3.2.4\webapps\cocoon\exslt\date\functions\difference\index.html --> ftp.exslt.org /www.exslt.org/public_html/date/functions/difference index.html
102.12.11 11:01 B C:\jakarta-tomcat-3.2.4\webapps\cocoon\exslt\date\functions\difference\out.html --> ftp.exslt.org /www.exslt.org/public_html/date/functions/difference out.html
102.12.11 11:01 B C:\jakarta-tomcat-3.2.4\webapps\cocoon\exslt\date\functions\difference\refresh.bat --> ftp.exslt.org /www.exslt.org/public_html/date/functions/difference refresh.bat
102.12.11 11:01 B C:\jakarta-tomcat-3.2.4\webapps\cocoon\exslt\date\functions\difference\update.bat --> ftp.exslt.org /www.exslt.org/public_html/date/functions/difference update.bat
102.12.11 11:01 B C:\jakarta-tomcat-3.2.4\webapps\cocoon\exslt\date\functions\difference\WS_FTP.LOG --> ftp.exslt.org /www.exslt.org/public_html/date/functions/difference WS_FTP.LOG
102.12.11 11:03 B C:\jakarta-tomcat-3.2.4\webapps\cocoon\exslt\date\functions\difference\base.css --> ftp.exslt.org /www.exslt.org/public_html/date/functions/difference base.css
102.12.11 11:03 B C:\jakarta-tomcat-3.2.4\webapps\cocoon\exslt\date\functions\difference\date.difference.1.html --> ftp.exslt.org /www.exslt.org/public_html/date/functions/difference date.difference.1.html
102.12.11 11:03 B C:\jakarta-tomcat-3.2.4\webapps\cocoon\exslt\date\functions\difference\date.difference.function.xsl --> ftp.exslt.org /www.exslt.org/public_html/date/functions/difference date.difference.function.xsl
102.12.11 11:03 B C:\jakarta-tomcat-3.2.4\webapps\cocoon\exslt\date\functions\difference\date.difference.function.xsl.html --> ftp.exslt.org /www.exslt.org/public_html/date/functions/difference date.difference.function.xsl.html
102.12.11 11:03 B C:\jakarta-tomcat-3.2.4\webapps\cocoon\exslt\date\functions\difference\date.difference.html --> ftp.exslt.org /www.exslt.org/public_html/date/functions/difference date.difference.html
102.12.11 11:03 B C:\jakarta-tomcat-3.2.4\webapps\cocoon\exslt\date\functions\difference\date.difference.package.txt --> ftp.exslt.org /www.exslt.org/public_html/date/functions/difference date.difference.package.txt
102.12.11 11:03 B C:\jakarta-tomcat-3.2.4\webapps\cocoon\exslt\date\functions\difference\date.difference.template.xsl --> ftp.exslt.org /www.exslt.org/public_html/date/functions/difference date.difference.template.xsl
102.12.11 11:03 B C:\jakarta-tomcat-3.2.4\webapps\cocoon\exslt\date\functions\difference\date.difference.template.xsl.html --> ftp.exslt.org /www.exslt.org/public_html/date/functions/difference date.difference.template.xsl.html
102.12.11 11:03 B C:\jakarta-tomcat-3.2.4\webapps\cocoon\exslt\date\functions\difference\date.difference.use-cases.txt --> ftp.exslt.org /www.exslt.org/public_html/date/functions/difference date.difference.use-cases.txt
102.12.11 11:03 B C:\jakarta-tomcat-3.2.4\webapps\cocoon\exslt\date\functions\difference\date.difference.use-cases.zip --> ftp.exslt.org /www.exslt.org/public_html/date/functions/difference date.difference.use-cases.zip
102.12.11 11:03 B C:\jakarta-tomcat-3.2.4\webapps\cocoon\exslt\date\functions\difference\date.difference.xml --> ftp.exslt.org /www.exslt.org/public_html/date/functions/difference date.difference.xml
102.12.11 11:03 B C:\jakarta-tomcat-3.2.4\webapps\cocoon\exslt\date\functions\difference\date.difference.xsl --> ftp.exslt.org /www.exslt.org/public_html/date/functions/difference date.difference.xsl
102.12.11 11:03 B C:\jakarta-tomcat-3.2.4\webapps\cocoon\exslt\date\functions\difference\date.difference.zip --> ftp.exslt.org /www.exslt.org/public_html/date/functions/difference date.difference.zip
102.12.11 11:03 B C:\jakarta-tomcat-3.2.4\webapps\cocoon\exslt\date\functions\difference\date.js --> ftp.exslt.org /www.exslt.org/public_html/date/functions/difference date.js
102.12.11 11:03 B C:\jakarta-tomcat-3.2.4\webapps\cocoon\exslt\date\functions\difference\date.js.html --> ftp.exslt.org /www.exslt.org/public_html/date/functions/difference date.js.html
102.12.11 11:03 B C:\jakarta-tomcat-3.2.4\webapps\cocoon\exslt\date\functions\difference\date.msxsl.xsl --> ftp.exslt.org /www.exslt.org/public_html/date/functions/difference date.msxsl.xsl
102.12.11 11:03 B C:\jakarta-tomcat-3.2.4\webapps\cocoon\exslt\date\functions\difference\date.msxsl.xsl.html --> ftp.exslt.org /www.exslt.org/public_html/date/functions/difference date.msxsl.xsl.html
102.12.11 11:03 B C:\jakarta-tomcat-3.2.4\webapps\cocoon\exslt\date\functions\difference\index.html --> ftp.exslt.org /www.exslt.org/public_html/date/functions/difference index.html
102.12.11 11:03 B C:\jakarta-tomcat-3.2.4\webapps\cocoon\exslt\date\functions\difference\out.html --> ftp.exslt.org /www.exslt.org/public_html/date/functions/difference out.html
102.12.11 11:03 B C:\jakarta-tomcat-3.2.4\webapps\cocoon\exslt\date\functions\difference\refresh.bat --> ftp.exslt.org /www.exslt.org/public_html/date/functions/difference refresh.bat
102.12.11 11:03 B C:\jakarta-tomcat-3.2.4\webapps\cocoon\exslt\date\functions\difference\update.bat --> ftp.exslt.org /www.exslt.org/public_html/date/functions/difference update.bat
103.09.29 15:02 B C:\jakarta-tomcat-3.2.4\webapps\cocoon\exslt\date\functions\difference\WS_FTP.LOG <-- ftp.exslt.org /www.exslt.org/public_html/date/functions/difference WS_FTP.LOG
103.10.21 13:04 B C:\jakarta-tomcat-3.2.4\webapps\cocoon\exslt\date\functions\difference\base.css --> marian.cs.nott.ac.uk /stud/pg/cds/exslt/date/functions/difference base.css
103.10.21 13:04 B C:\jakarta-tomcat-3.2.4\webapps\cocoon\exslt\date\functions\difference\date.difference.1.html --> marian.cs.nott.ac.uk /stud/pg/cds/exslt/date/functions/difference date.difference.1.html
103.10.21 13:04 B C:\jakarta-tomcat-3.2.4\webapps\cocoon\exslt\date\functions\difference\date.difference.function.xsl --> marian.cs.nott.ac.uk /stud/pg/cds/exslt/date/functions/difference date.difference.function.xsl
103.10.21 13:04 B C:\jakarta-tomcat-3.2.4\webapps\cocoon\exslt\date\functions\difference\date.difference.function.xsl.html --> marian.cs.nott.ac.uk /stud/pg/cds/exslt/date/functions/difference date.difference.function.xsl.html
103.10.21 13:04 B C:\jakarta-tomcat-3.2.4\webapps\cocoon\exslt\date\functions\difference\date.difference.html --> marian.cs.nott.ac.uk /stud/pg/cds/exslt/date/functions/difference date.difference.html
103.10.21 13:04 B C:\jakarta-tomcat-3.2.4\webapps\cocoon\exslt\date\functions\difference\date.difference.package.txt --> marian.cs.nott.ac.uk /stud/pg/cds/exslt/date/functions/difference date.difference.package.txt
103.10.21 13:04 B C:\jakarta-tomcat-3.2.4\webapps\cocoon\exslt\date\functions\difference\date.difference.template.xsl --> marian.cs.nott.ac.uk /stud/pg/cds/exslt/date/functions/difference date.difference.template.xsl
103.10.21 13:04 B C:\jakarta-tomcat-3.2.4\webapps\cocoon\exslt\date\functions\difference\date.difference.template.xsl.html --> marian.cs.nott.ac.uk /stud/pg/cds/exslt/date/functions/difference date.difference.template.xsl.html
103.10.21 13:04 B C:\jakarta-tomcat-3.2.4\webapps\cocoon\exslt\date\functions\difference\date.difference.use-cases.txt --> marian.cs.nott.ac.uk /stud/pg/cds/exslt/date/functions/difference date.difference.use-cases.txt
103.10.21 13:04 B C:\jakarta-tomcat-3.2.4\webapps\cocoon\exslt\date\functions\difference\date.difference.use-cases.zip --> marian.cs.nott.ac.uk /stud/pg/cds/exslt/date/functions/difference date.difference.use-cases.zip
103.10.21 13:04 B C:\jakarta-tomcat-3.2.4\webapps\cocoon\exslt\date\functions\difference\date.difference.xml --> marian.cs.nott.ac.uk /stud/pg/cds/exslt/date/functions/difference date.difference.xml
103.10.21 13:04 B C:\jakarta-tomcat-3.2.4\webapps\cocoon\exslt\date\functions\difference\date.difference.xsl --> marian.cs.nott.ac.uk /stud/pg/cds/exslt/date/functions/difference date.difference.xsl
103.10.21 13:05 B C:\jakarta-tomcat-3.2.4\webapps\cocoon\exslt\date\functions\difference\date.difference.zip --> marian.cs.nott.ac.uk /stud/pg/cds/exslt/date/functions/difference date.difference.zip
103.10.21 13:05 B C:\jakarta-tomcat-3.2.4\webapps\cocoon\exslt\date\functions\difference\date.js --> marian.cs.nott.ac.uk /stud/pg/cds/exslt/date/functions/difference date.js
103.10.21 13:05 B C:\jakarta-tomcat-3.2.4\webapps\cocoon\exslt\date\functions\difference\date.js.html --> marian.cs.nott.ac.uk /stud/pg/cds/exslt/date/functions/difference date.js.html
103.10.21 13:05 B C:\jakarta-tomcat-3.2.4\webapps\cocoon\exslt\date\functions\difference\date.msxsl.xsl --> marian.cs.nott.ac.uk /stud/pg/cds/exslt/date/functions/difference date.msxsl.xsl
103.10.21 13:05 B C:\jakarta-tomcat-3.2.4\webapps\cocoon\exslt\date\functions\difference\date.msxsl.xsl.html --> marian.cs.nott.ac.uk /stud/pg/cds/exslt/date/functions/difference date.msxsl.xsl.html
103.10.21 13:05 B C:\jakarta-tomcat-3.2.4\webapps\cocoon\exslt\date\functions\difference\index.html --> marian.cs.nott.ac.uk /stud/pg/cds/exslt/date/functions/difference index.html
103.10.21 13:05 B C:\jakarta-tomcat-3.2.4\webapps\cocoon\exslt\date\functions\difference\out.html --> marian.cs.nott.ac.uk /stud/pg/cds/exslt/date/functions/difference out.html
103.10.21 13:05 B C:\jakarta-tomcat-3.2.4\webapps\cocoon\exslt\date\functions\difference\refresh.bat --> marian.cs.nott.ac.uk /stud/pg/cds/exslt/date/functions/difference refresh.bat
103.10.21 13:05 B C:\jakarta-tomcat-3.2.4\webapps\cocoon\exslt\date\functions\difference\update.bat --> marian.cs.nott.ac.uk /stud/pg/cds/exslt/date/functions/difference update.bat
103.10.21 13:05 B C:\jakarta-tomcat-3.2.4\webapps\cocoon\exslt\date\functions\difference\WS_FTP.LOG --> marian.cs.nott.ac.uk /stud/pg/cds/exslt/date/functions/difference WS_FTP.LOG
103.10.21 15:55 B C:\jakarta-tomcat-3.2.4\webapps\cocoon\exslt\date\functions\difference\base.css --> ftp.exslt.org /www.exslt.org/public_html/date/functions/difference base.css
103.10.21 15:55 B C:\jakarta-tomcat-3.2.4\webapps\cocoon\exslt\date\functions\difference\date.difference.1.html --> ftp.exslt.org /www.exslt.org/public_html/date/functions/difference date.difference.1.html
103.10.21 15:55 B C:\jakarta-tomcat-3.2.4\webapps\cocoon\exslt\date\functions\difference\date.difference.function.xsl --> ftp.exslt.org /www.exslt.org/public_html/date/functions/difference date.difference.function.xsl
103.10.21 15:56 B C:\jakarta-tomcat-3.2.4\webapps\cocoon\exslt\date\functions\difference\date.difference.function.xsl.html --> ftp.exslt.org /www.exslt.org/public_html/date/functions/difference date.difference.function.xsl.html
103.10.23 13:07 B C:\jakarta-tomcat-3.2.4\webapps\cocoon\exslt\date\functions\difference\base.css --> ftp.exslt.org /www.exslt.org/public_html/date/functions/difference base.css
103.10.23 13:07 B C:\jakarta-tomcat-3.2.4\webapps\cocoon\exslt\date\functions\difference\date.difference.1.html --> ftp.exslt.org /www.exslt.org/public_html/date/functions/difference date.difference.1.html
103.10.23 13:07 B C:\jakarta-tomcat-3.2.4\webapps\cocoon\exslt\date\functions\difference\date.difference.function.xsl --> ftp.exslt.org /www.exslt.org/public_html/date/functions/difference date.difference.function.xsl
103.10.23 13:07 B C:\jakarta-tomcat-3.2.4\webapps\cocoon\exslt\date\functions\difference\date.difference.function.xsl.html --> ftp.exslt.org /www.exslt.org/public_html/date/functions/difference date.difference.function.xsl.html
103.10.23 13:07 B C:\jakarta-tomcat-3.2.4\webapps\cocoon\exslt\date\functions\difference\date.difference.html --> ftp.exslt.org /www.exslt.org/public_html/date/functions/difference date.difference.html
103.10.23 13:07 B C:\jakarta-tomcat-3.2.4\webapps\cocoon\exslt\date\functions\difference\date.difference.package.txt --> ftp.exslt.org /www.exslt.org/public_html/date/functions/difference date.difference.package.txt
103.10.23 13:08 B C:\jakarta-tomcat-3.2.4\webapps\cocoon\exslt\date\functions\difference\date.difference.template.xsl --> ftp.exslt.org /www.exslt.org/public_html/date/functions/difference date.difference.template.xsl
103.10.23 13:08 B C:\jakarta-tomcat-3.2.4\webapps\cocoon\exslt\date\functions\difference\date.difference.template.xsl.html --> ftp.exslt.org /www.exslt.org/public_html/date/functions/difference date.difference.template.xsl.html
103.10.23 13:08 B C:\jakarta-tomcat-3.2.4\webapps\cocoon\exslt\date\functions\difference\date.difference.use-cases.txt --> ftp.exslt.org /www.exslt.org/public_html/date/functions/difference date.difference.use-cases.txt
103.10.23 13:08 B C:\jakarta-tomcat-3.2.4\webapps\cocoon\exslt\date\functions\difference\date.difference.use-cases.zip --> ftp.exslt.org /www.exslt.org/public_html/date/functions/difference date.difference.use-cases.zip
103.10.23 13:08 B C:\jakarta-tomcat-3.2.4\webapps\cocoon\exslt\date\functions\difference\date.difference.xml --> ftp.exslt.org /www.exslt.org/public_html/date/functions/difference date.difference.xml
103.10.23 13:08 B C:\jakarta-tomcat-3.2.4\webapps\cocoon\exslt\date\functions\difference\date.difference.xsl --> ftp.exslt.org /www.exslt.org/public_html/date/functions/difference date.difference.xsl
103.10.23 13:08 B C:\jakarta-tomcat-3.2.4\webapps\cocoon\exslt\date\functions\difference\date.difference.zip --> ftp.exslt.org /www.exslt.org/public_html/date/functions/difference date.difference.zip
103.10.23 13:08 B C:\jakarta-tomcat-3.2.4\webapps\cocoon\exslt\date\functions\difference\date.js --> ftp.exslt.org /www.exslt.org/public_html/date/functions/difference date.js
103.10.23 13:08 B C:\jakarta-tomcat-3.2.4\webapps\cocoon\exslt\date\functions\difference\date.js.html --> ftp.exslt.org /www.exslt.org/public_html/date/functions/difference date.js.html
103.10.23 13:08 B C:\jakarta-tomcat-3.2.4\webapps\cocoon\exslt\date\functions\difference\date.msxsl.xsl --> ftp.exslt.org /www.exslt.org/public_html/date/functions/difference date.msxsl.xsl
103.10.23 13:08 B C:\jakarta-tomcat-3.2.4\webapps\cocoon\exslt\date\functions\difference\date.msxsl.xsl.html --> ftp.exslt.org /www.exslt.org/public_html/date/functions/difference date.msxsl.xsl.html
103.10.23 13:08 B C:\jakarta-tomcat-3.2.4\webapps\cocoon\exslt\date\functions\difference\index.html --> ftp.exslt.org /www.exslt.org/public_html/date/functions/difference index.html
103.10.23 13:08 B C:\jakarta-tomcat-3.2.4\webapps\cocoon\exslt\date\functions\difference\out.html --> ftp.exslt.org /www.exslt.org/public_html/date/functions/difference out.html
103.10.23 13:08 B C:\jakarta-tomcat-3.2.4\webapps\cocoon\exslt\date\functions\difference\refresh.bat --> ftp.exslt.org /www.exslt.org/public_html/date/functions/difference refresh.bat
103.10.23 13:08 B C:\jakarta-tomcat-3.2.4\webapps\cocoon\exslt\date\functions\difference\update.bat --> ftp.exslt.org /www.exslt.org/public_html/date/functions/difference update.bat
